<?xml version="1.0" encoding="UTF-8" ?>
<testsuites name="vitest tests" tests="25" failures="12" errors="0" time="7.261986087">
    <testsuite name="src/intelligent-fs/intelligent-filesystem.test.ts" timestamp="2025-08-11T14:46:02.323Z" hostname="63accec1df8b" tests="25" failures="12" errors="0" skipped="0" time="7.261986087">
        <testcase classname="src/intelligent-fs/intelligent-filesystem.test.ts" name="IntelligentFileSystem 統合テスト &gt; 基本的なファイル操作 &gt; TypeScriptファイルを読み取り、シンボル情報を抽出できる" time="0.439184834">
            <system-out>
IntelligentFileSystem initialized { projectPath: [32m&apos;/tmp/intelligent-fs-test-1754923554524&apos;[39m }

多言語対応シンボルインデックス初期化完了: /tmp/intelligent-fs-test-1754923554524/.agents/symbol-index.db

TypeScript LSP Client initialized successfully

IntelligentFileSystem fully initialized [90mundefined[39m

Database schema setup completed with all tables and indexes

Memory integration manager initialized: /tmp/intelligent-fs-test-1754923554524/memory.db/memory.db

Intelligent file read completed {
  filePath: [32m&apos;/tmp/intelligent-fs-test-1754923554524/test.ts&apos;[39m,
  duration: [33m273[39m,
  symbolsFound: [33m3[39m,
  cached: [33mfalse[39m
}

            </system-out>
        </testcase>
        <testcase classname="src/intelligent-fs/intelligent-filesystem.test.ts" name="IntelligentFileSystem 統合テスト &gt; 基本的なファイル操作 &gt; Pythonファイルを読み取り、シンボル情報を抽出できる" time="0.443287917">
            <system-out>
IntelligentFileSystem initialized { projectPath: [32m&apos;/tmp/intelligent-fs-test-1754923554963&apos;[39m }

多言語対応シンボルインデックス初期化完了: /tmp/intelligent-fs-test-1754923554963/.agents/symbol-index.db

TypeScript LSP Client initialized successfully

IntelligentFileSystem fully initialized [90mundefined[39m

Database schema setup completed with all tables and indexes

Memory integration manager initialized: /tmp/intelligent-fs-test-1754923554963/memory.db/memory.db

Intelligent file read completed {
  filePath: [32m&apos;/tmp/intelligent-fs-test-1754923554963/test.py&apos;[39m,
  duration: [33m269[39m,
  symbolsFound: [33m1[39m,
  cached: [33mfalse[39m
}

            </system-out>
            <failure message="expected undefined to be defined" type="AssertionError">
AssertionError: expected undefined to be defined
 ❯ src/intelligent-fs/intelligent-filesystem.test.ts:127:30
            </failure>
        </testcase>
        <testcase classname="src/intelligent-fs/intelligent-filesystem.test.ts" name="IntelligentFileSystem 統合テスト &gt; 基本的なファイル操作 &gt; Javaファイルを読み取り、シンボル情報を抽出できる" time="0.426387083">
            <system-out>
IntelligentFileSystem initialized { projectPath: [32m&apos;/tmp/intelligent-fs-test-1754923555406&apos;[39m }

多言語対応シンボルインデックス初期化完了: /tmp/intelligent-fs-test-1754923555406/.agents/symbol-index.db

TypeScript LSP Client initialized successfully

IntelligentFileSystem fully initialized [90mundefined[39m

Database schema setup completed with all tables and indexes

Memory integration manager initialized: /tmp/intelligent-fs-test-1754923555406/memory.db/memory.db

Intelligent file read completed {
  filePath: [32m&apos;/tmp/intelligent-fs-test-1754923555406/Test.java&apos;[39m,
  duration: [33m248[39m,
  symbolsFound: [33m2[39m,
  cached: [33mfalse[39m
}

            </system-out>
        </testcase>
        <testcase classname="src/intelligent-fs/intelligent-filesystem.test.ts" name="IntelligentFileSystem 統合テスト &gt; 基本的なファイル操作 &gt; Goファイルを読み取り、シンボル情報を抽出できる" time="0.406345209">
            <system-out>
IntelligentFileSystem initialized { projectPath: [32m&apos;/tmp/intelligent-fs-test-1754923555832&apos;[39m }

多言語対応シンボルインデックス初期化完了: /tmp/intelligent-fs-test-1754923555832/.agents/symbol-index.db

TypeScript LSP Client initialized successfully

IntelligentFileSystem fully initialized [90mundefined[39m

Database schema setup completed with all tables and indexes

Memory integration manager initialized: /tmp/intelligent-fs-test-1754923555832/memory.db/memory.db

Intelligent file read completed {
  filePath: [32m&apos;/tmp/intelligent-fs-test-1754923555832/test.go&apos;[39m,
  duration: [33m241[39m,
  symbolsFound: [33m2[39m,
  cached: [33mfalse[39m
}

            </system-out>
            <failure message="expected undefined to be defined" type="AssertionError">
AssertionError: expected undefined to be defined
 ❯ src/intelligent-fs/intelligent-filesystem.test.ts:199:30
            </failure>
        </testcase>
        <testcase classname="src/intelligent-fs/intelligent-filesystem.test.ts" name="IntelligentFileSystem 統合テスト &gt; 基本的なファイル操作 &gt; Rustファイルを読み取り、シンボル情報を抽出できる" time="0.470433834">
            <system-out>
IntelligentFileSystem initialized { projectPath: [32m&apos;/tmp/intelligent-fs-test-1754923556239&apos;[39m }

多言語対応シンボルインデックス初期化完了: /tmp/intelligent-fs-test-1754923556239/.agents/symbol-index.db

TypeScript LSP Client initialized successfully

IntelligentFileSystem fully initialized [90mundefined[39m

Database schema setup completed with all tables and indexes

Memory integration manager initialized: /tmp/intelligent-fs-test-1754923556239/memory.db/memory.db

Intelligent file read completed {
  filePath: [32m&apos;/tmp/intelligent-fs-test-1754923556239/test.rs&apos;[39m,
  duration: [33m255[39m,
  symbolsFound: [33m0[39m,
  cached: [33mfalse[39m
}

            </system-out>
            <failure message="expected undefined to be defined" type="AssertionError">
AssertionError: expected undefined to be defined
 ❯ src/intelligent-fs/intelligent-filesystem.test.ts:232:28
            </failure>
        </testcase>
        <testcase classname="src/intelligent-fs/intelligent-filesystem.test.ts" name="IntelligentFileSystem 統合テスト &gt; セマンティック編集 &gt; シンボル単位での編集ができる" time="0.423353542">
            <system-out>
IntelligentFileSystem initialized { projectPath: [32m&apos;/tmp/intelligent-fs-test-1754923556709&apos;[39m }

多言語対応シンボルインデックス初期化完了: /tmp/intelligent-fs-test-1754923556709/.agents/symbol-index.db

TypeScript LSP Client initialized successfully

IntelligentFileSystem fully initialized [90mundefined[39m

Database schema setup completed with all tables and indexes

Memory integration manager initialized: /tmp/intelligent-fs-test-1754923556709/memory.db/memory.db

Intelligent file read completed {
  filePath: [32m&apos;/tmp/intelligent-fs-test-1754923556709/edit-test.ts&apos;[39m,
  duration: [33m246[39m,
  symbolsFound: [33m1[39m,
  cached: [33mfalse[39m
}

            </system-out>
            <failure message="expected false to be true // Object.is equality" type="AssertionError">
AssertionError: expected false to be true // Object.is equality

- Expected
+ Received

- true
+ false

 ❯ src/intelligent-fs/intelligent-filesystem.test.ts:264:34
            </failure>
        </testcase>
        <testcase classname="src/intelligent-fs/intelligent-filesystem.test.ts" name="IntelligentFileSystem 統合テスト &gt; セマンティック編集 &gt; 参照の自動更新ができる" time="0.198256166">
            <system-out>
IntelligentFileSystem initialized { projectPath: [32m&apos;/tmp/intelligent-fs-test-1754923557133&apos;[39m }

多言語対応シンボルインデックス初期化完了: /tmp/intelligent-fs-test-1754923557133/.agents/symbol-index.db

TypeScript LSP Client initialized successfully

IntelligentFileSystem fully initialized [90mundefined[39m

Database schema setup completed with all tables and indexes

Memory integration manager initialized: /tmp/intelligent-fs-test-1754923557133/memory.db/memory.db

多言語プロジェクトのインデックスを開始...

2個のソースファイルを発見

インデックス完了: /tmp/intelligent-fs-test-1754923557133/usage.ts (1シンボル, typescript)
インデックス完了: /tmp/intelligent-fs-test-1754923557133/class.ts (2シンボル, typescript)
進捗: 500% (2/2)

多言語インデックス完了: 21ms
2ファイルから3シンボルをインデックス
言語別内訳: {
  typescript: [33m3[39m,
  javascript: [33m0[39m,
  python: [33m0[39m,
  java: [33m0[39m,
  go: [33m0[39m,
  rust: [33m0[39m,
  csharp: [33m0[39m,
  php: [33m0[39m,
  ruby: [33m0[39m,
  swift: [33m0[39m,
  kotlin: [33m0[39m,
  cpp: [33m0[39m,
  c: [33m0[39m
}

Intelligent file read completed {
  filePath: [32m&apos;/tmp/intelligent-fs-test-1754923557133/class.ts&apos;[39m,
  duration: [33m0[39m,
  symbolsFound: [33m2[39m,
  cached: [33mfalse[39m
}

            </system-out>
            <failure message="expected 0 to be greater than 0" type="AssertionError">
AssertionError: expected 0 to be greater than 0
 ❯ src/intelligent-fs/intelligent-filesystem.test.ts:305:52
            </failure>
        </testcase>
        <testcase classname="src/intelligent-fs/intelligent-filesystem.test.ts" name="IntelligentFileSystem 統合テスト &gt; AI最適化エンジン &gt; コード品質を分析できる" time="0.419547417">
            <system-out>
IntelligentFileSystem initialized { projectPath: [32m&apos;/tmp/intelligent-fs-test-1754923557331&apos;[39m }

多言語対応シンボルインデックス初期化完了: /tmp/intelligent-fs-test-1754923557331/.agents/symbol-index.db

TypeScript LSP Client initialized successfully

IntelligentFileSystem fully initialized [90mundefined[39m

Database schema setup completed with all tables and indexes

Memory integration manager initialized: /tmp/intelligent-fs-test-1754923557331/memory.db/memory.db

Intelligent file read completed {
  filePath: [32m&apos;/tmp/intelligent-fs-test-1754923557331/quality-test.ts&apos;[39m,
  duration: [33m251[39m,
  symbolsFound: [33m1[39m,
  cached: [33mfalse[39m
}

            </system-out>
        </testcase>
        <testcase classname="src/intelligent-fs/intelligent-filesystem.test.ts" name="IntelligentFileSystem 統合テスト &gt; AI最適化エンジン &gt; バグを予測できる" time="0.412089709">
            <system-out>
IntelligentFileSystem initialized { projectPath: [32m&apos;/tmp/intelligent-fs-test-1754923557751&apos;[39m }

多言語対応シンボルインデックス初期化完了: /tmp/intelligent-fs-test-1754923557751/.agents/symbol-index.db

TypeScript LSP Client initialized successfully

IntelligentFileSystem fully initialized [90mundefined[39m

Database schema setup completed with all tables and indexes

Memory integration manager initialized: /tmp/intelligent-fs-test-1754923557751/memory.db/memory.db

Intelligent file read completed {
  filePath: [32m&apos;/tmp/intelligent-fs-test-1754923557751/bug-test.ts&apos;[39m,
  duration: [33m246[39m,
  symbolsFound: [33m1[39m,
  cached: [33mfalse[39m
}

            </system-out>
            <failure message="expected undefined to be defined" type="AssertionError">
AssertionError: expected undefined to be defined
 ❯ src/intelligent-fs/intelligent-filesystem.test.ts:422:31
            </failure>
        </testcase>
        <testcase classname="src/intelligent-fs/intelligent-filesystem.test.ts" name="IntelligentFileSystem 統合テスト &gt; AI最適化エンジン &gt; アーキテクチャを分析できる" time="0.466840209">
            <system-out>
IntelligentFileSystem initialized { projectPath: [32m&apos;/tmp/intelligent-fs-test-1754923558163&apos;[39m }

多言語対応シンボルインデックス初期化完了: /tmp/intelligent-fs-test-1754923558163/.agents/symbol-index.db

TypeScript LSP Client initialized successfully

IntelligentFileSystem fully initialized [90mundefined[39m

Database schema setup completed with all tables and indexes

Memory integration manager initialized: /tmp/intelligent-fs-test-1754923558163/memory.db/memory.db

Intelligent file read completed {
  filePath: [32m&apos;/tmp/intelligent-fs-test-1754923558163/factory.ts&apos;[39m,
  duration: [33m277[39m,
  symbolsFound: [33m4[39m,
  cached: [33mfalse[39m
}

Intelligent file read completed {
  filePath: [32m&apos;/tmp/intelligent-fs-test-1754923558163/god-class.ts&apos;[39m,
  duration: [33m11[39m,
  symbolsFound: [33m1[39m,
  cached: [33mfalse[39m
}

Intelligent file read completed {
  filePath: [32m&apos;/tmp/intelligent-fs-test-1754923558163/singleton.ts&apos;[39m,
  duration: [33m5[39m,
  symbolsFound: [33m1[39m,
  cached: [33mfalse[39m
}

Intelligent file read completed {
  filePath: [32m&apos;/tmp/intelligent-fs-test-1754923558163/factory.ts&apos;[39m,
  duration: [33m0[39m,
  symbolsFound: [33m4[39m,
  cached: [33mtrue[39m
}

Intelligent file read completed {
  filePath: [32m&apos;/tmp/intelligent-fs-test-1754923558163/god-class.ts&apos;[39m,
  duration: [33m1[39m,
  symbolsFound: [33m1[39m,
  cached: [33mtrue[39m
}

Intelligent file read completed {
  filePath: [32m&apos;/tmp/intelligent-fs-test-1754923558163/singleton.ts&apos;[39m,
  duration: [33m1[39m,
  symbolsFound: [33m1[39m,
  cached: [33mtrue[39m
}

            </system-out>
        </testcase>
        <testcase classname="src/intelligent-fs/intelligent-filesystem.test.ts" name="IntelligentFileSystem 統合テスト &gt; AI最適化エンジン &gt; コード生成ができる" time="0.191951958">
            <system-out>
IntelligentFileSystem initialized { projectPath: [32m&apos;/tmp/intelligent-fs-test-1754923558630&apos;[39m }

多言語対応シンボルインデックス初期化完了: /tmp/intelligent-fs-test-1754923558630/.agents/symbol-index.db

TypeScript LSP Client initialized successfully

IntelligentFileSystem fully initialized [90mundefined[39m

Database schema setup completed with all tables and indexes

Memory integration manager initialized: /tmp/intelligent-fs-test-1754923558630/memory.db/memory.db

Generating class code {
  type: [32m&apos;class&apos;[39m,
  language: [32m&apos;typescript&apos;[39m,
  name: [32m&apos;UserProfile&apos;[39m,
  description: [32m&apos;ユーザープロファイルコンポーネント&apos;[39m
}

Learning session started: mem_1754923558812_k02kgvbyw (react-component)

            </system-out>
            <failure message="this.calculateAndSaveSessionStatistics is not a function" type="TypeError">
TypeError: this.calculateAndSaveSessionStatistics is not a function
 ❯ MemoryIntegrationManager.endLearningSession src/intelligent-fs/memory-integration.ts:1079:16
 ❯ src/intelligent-fs/intelligent-filesystem.test.ts:533:7
            </failure>
            <failure message="this.calculateAndSaveSessionStatistics is not a function" type="TypeError">
TypeError: this.calculateAndSaveSessionStatistics is not a function
 ❯ MemoryIntegrationManager.endLearningSession src/intelligent-fs/memory-integration.ts:1079:16
 ❯ MemoryIntegrationManager.close src/intelligent-fs/memory-integration.ts:2402:7
 ❯ src/intelligent-fs/intelligent-filesystem.test.ts:47:5
            </failure>
        </testcase>
        <testcase classname="src/intelligent-fs/intelligent-filesystem.test.ts" name="IntelligentFileSystem 統合テスト &gt; AI最適化エンジン &gt; リファクタリング提案ができる" time="0.431407542">
            <system-out>
IntelligentFileSystem initialized { projectPath: [32m&apos;/tmp/intelligent-fs-test-1754923558822&apos;[39m }

多言語対応シンボルインデックス初期化完了: /tmp/intelligent-fs-test-1754923558822/.agents/symbol-index.db

TypeScript LSP Client initialized successfully

IntelligentFileSystem fully initialized [90mundefined[39m

Database schema setup completed with all tables and indexes

Memory integration manager initialized: /tmp/intelligent-fs-test-1754923558822/memory.db/memory.db

Intelligent file read completed {
  filePath: [32m&apos;/tmp/intelligent-fs-test-1754923558822/refactor-test.ts&apos;[39m,
  duration: [33m255[39m,
  symbolsFound: [33m1[39m,
  cached: [33mfalse[39m
}

            </system-out>
            <failure message="expected undefined to be defined" type="AssertionError">
AssertionError: expected undefined to be defined
 ❯ src/intelligent-fs/intelligent-filesystem.test.ts:613:39
            </failure>
        </testcase>
        <testcase classname="src/intelligent-fs/intelligent-filesystem.test.ts" name="IntelligentFileSystem 統合テスト &gt; メモリ統合システム &gt; コードパターンを学習できる" time="0.165406667">
            <system-out>
IntelligentFileSystem initialized { projectPath: [32m&apos;/tmp/intelligent-fs-test-1754923559253&apos;[39m }

多言語対応シンボルインデックス初期化完了: /tmp/intelligent-fs-test-1754923559253/.agents/symbol-index.db

TypeScript LSP Client initialized successfully

IntelligentFileSystem fully initialized [90mundefined[39m

Database schema setup completed with all tables and indexes

Memory integration manager initialized: /tmp/intelligent-fs-test-1754923559253/memory.db/memory.db

            </system-out>
        </testcase>
        <testcase classname="src/intelligent-fs/intelligent-filesystem.test.ts" name="IntelligentFileSystem 統合テスト &gt; メモリ統合システム &gt; エラーパターンを記録し学習できる" time="0.167966292">
            <system-out>
IntelligentFileSystem initialized { projectPath: [32m&apos;/tmp/intelligent-fs-test-1754923559418&apos;[39m }

多言語対応シンボルインデックス初期化完了: /tmp/intelligent-fs-test-1754923559418/.agents/symbol-index.db

TypeScript LSP Client initialized successfully

IntelligentFileSystem fully initialized [90mundefined[39m

Database schema setup completed with all tables and indexes

Memory integration manager initialized: /tmp/intelligent-fs-test-1754923559418/memory.db/memory.db

            </system-out>
            <failure message="Cannot read properties of undefined (reading &apos;includes&apos;)" type="TypeError">
TypeError: Cannot read properties of undefined (reading &apos;includes&apos;)
 ❯ MemoryIntegrationManager.classifyError src/intelligent-fs/memory-integration.ts:2764:22
 ❯ MemoryIntegrationManager.learnFromError src/intelligent-fs/memory-integration.ts:600:28
 ❯ src/intelligent-fs/intelligent-filesystem.test.ts:664:28
            </failure>
        </testcase>
        <testcase classname="src/intelligent-fs/intelligent-filesystem.test.ts" name="IntelligentFileSystem 統合テスト &gt; メモリ統合システム &gt; セッション管理ができる" time="0.188040667">
            <system-out>
IntelligentFileSystem initialized { projectPath: [32m&apos;/tmp/intelligent-fs-test-1754923559586&apos;[39m }

多言語対応シンボルインデックス初期化完了: /tmp/intelligent-fs-test-1754923559586/.agents/symbol-index.db

TypeScript LSP Client initialized successfully

IntelligentFileSystem fully initialized [90mundefined[39m

Database schema setup completed with all tables and indexes

Memory integration manager initialized: /tmp/intelligent-fs-test-1754923559586/memory.db/memory.db

Learning session started: mem_1754923559771_uw7g31y47 (unit-testing)

            </system-out>
            <system-err>
Failed to batch insert actions: [Error: SQLITE_CONSTRAINT: NOT NULL constraint failed: session_actions.action_name] {
  errno: [33m19[39m,
  code: [32m&apos;SQLITE_CONSTRAINT&apos;[39m
}
Failed to insert individual action: TypeError: this.insertSessionAction is not a function
    at MemoryIntegrationManager.flushPendingActions [90m(/agents/packages/core/[39msrc/intelligent-fs/memory-integration.ts:1522:22[90m)[39m
    at MemoryIntegrationManager.endLearningSession [90m(/agents/packages/core/[39msrc/intelligent-fs/memory-integration.ts:1076:5[90m)[39m
    at [90m/agents/packages/core/[39msrc/intelligent-fs/intelligent-filesystem.test.ts:697:7
    at file:///agents/node_modules/[4m@vitest[24m/runner/dist/chunk-hooks.js:752:20
Failed to insert individual action: TypeError: this.insertSessionAction is not a function
    at MemoryIntegrationManager.flushPendingActions [90m(/agents/packages/core/[39msrc/intelligent-fs/memory-integration.ts:1522:22[90m)[39m
    at MemoryIntegrationManager.endLearningSession [90m(/agents/packages/core/[39msrc/intelligent-fs/memory-integration.ts:1076:5[90m)[39m
    at [90m/agents/packages/core/[39msrc/intelligent-fs/intelligent-filesystem.test.ts:697:7
    at file:///agents/node_modules/[4m@vitest[24m/runner/dist/chunk-hooks.js:752:20

            </system-err>
            <failure message="this.calculateAndSaveSessionStatistics is not a function" type="TypeError">
TypeError: this.calculateAndSaveSessionStatistics is not a function
 ❯ MemoryIntegrationManager.endLearningSession src/intelligent-fs/memory-integration.ts:1079:16
 ❯ src/intelligent-fs/intelligent-filesystem.test.ts:697:7
            </failure>
            <failure message="this.calculateAndSaveSessionStatistics is not a function" type="TypeError">
TypeError: this.calculateAndSaveSessionStatistics is not a function
 ❯ MemoryIntegrationManager.endLearningSession src/intelligent-fs/memory-integration.ts:1079:16
 ❯ MemoryIntegrationManager.close src/intelligent-fs/memory-integration.ts:2402:7
 ❯ src/intelligent-fs/intelligent-filesystem.test.ts:47:5
            </failure>
        </testcase>
        <testcase classname="src/intelligent-fs/intelligent-filesystem.test.ts" name="IntelligentFileSystem 統合テスト &gt; メモリ統合システム &gt; 改善提案を生成できる" time="0.162280667">
            <system-out>
IntelligentFileSystem initialized { projectPath: [32m&apos;/tmp/intelligent-fs-test-1754923559774&apos;[39m }

多言語対応シンボルインデックス初期化完了: /tmp/intelligent-fs-test-1754923559774/.agents/symbol-index.db

TypeScript LSP Client initialized successfully

IntelligentFileSystem fully initialized [90mundefined[39m

Database schema setup completed with all tables and indexes

Memory integration manager initialized: /tmp/intelligent-fs-test-1754923559774/memory.db/memory.db

            </system-out>
            <failure message="SQLITE_ERROR: table improvements has no column named type" type="Error">
Error: SQLITE_ERROR: table improvements has no column named type
⎯⎯⎯⎯⎯⎯⎯⎯⎯⎯⎯⎯⎯⎯⎯⎯⎯⎯⎯⎯⎯⎯⎯⎯⎯⎯⎯⎯⎯⎯
Serialized Error: { errno: 1, code: &apos;SQLITE_ERROR&apos; }
            </failure>
        </testcase>
        <testcase classname="src/intelligent-fs/intelligent-filesystem.test.ts" name="IntelligentFileSystem 統合テスト &gt; パフォーマンスとキャッシング &gt; キャッシュが正しく動作する" time="0.411957833">
            <system-out>
IntelligentFileSystem initialized { projectPath: [32m&apos;/tmp/intelligent-fs-test-1754923559937&apos;[39m }

多言語対応シンボルインデックス初期化完了: /tmp/intelligent-fs-test-1754923559937/.agents/symbol-index.db

TypeScript LSP Client initialized successfully

IntelligentFileSystem fully initialized [90mundefined[39m

Database schema setup completed with all tables and indexes

Memory integration manager initialized: /tmp/intelligent-fs-test-1754923559937/memory.db/memory.db

Intelligent file read completed {
  filePath: [32m&apos;/tmp/intelligent-fs-test-1754923559937/cache-test.ts&apos;[39m,
  duration: [33m246[39m,
  symbolsFound: [33m1[39m,
  cached: [33mfalse[39m
}

Intelligent file read completed {
  filePath: [32m&apos;/tmp/intelligent-fs-test-1754923559937/cache-test.ts&apos;[39m,
  duration: [33m0[39m,
  symbolsFound: [33m1[39m,
  cached: [33mtrue[39m
}

            </system-out>
        </testcase>
        <testcase classname="src/intelligent-fs/intelligent-filesystem.test.ts" name="IntelligentFileSystem 統合テスト &gt; パフォーマンスとキャッシング &gt; 大規模プロジェクトのインデックスが作成できる" time="0.571748333">
            <system-out>
IntelligentFileSystem initialized { projectPath: [32m&apos;/tmp/intelligent-fs-test-1754923560349&apos;[39m }

多言語対応シンボルインデックス初期化完了: /tmp/intelligent-fs-test-1754923560349/.agents/symbol-index.db

TypeScript LSP Client initialized successfully

IntelligentFileSystem fully initialized [90mundefined[39m

Database schema setup completed with all tables and indexes

Memory integration manager initialized: /tmp/intelligent-fs-test-1754923560349/memory.db/memory.db

多言語プロジェクトのインデックスを開始...

100個のソースファイルを発見

インデックス完了: /tmp/intelligent-fs-test-1754923560349/file99.ts (2シンボル, typescript)
インデックス完了: /tmp/intelligent-fs-test-1754923560349/file98.ts (2シンボル, typescript)
インデックス完了: /tmp/intelligent-fs-test-1754923560349/file97.ts (2シンボル, typescript)
インデックス完了: /tmp/intelligent-fs-test-1754923560349/file96.ts (2シンボル, typescript)
インデックス完了: /tmp/intelligent-fs-test-1754923560349/file95.ts (2シンボル, typescript)
インデックス完了: /tmp/intelligent-fs-test-1754923560349/file94.ts (2シンボル, typescript)
インデックス完了: /tmp/intelligent-fs-test-1754923560349/file93.ts (2シンボル, typescript)
インデックス完了: /tmp/intelligent-fs-test-1754923560349/file92.ts (2シンボル, typescript)
インデックス完了: /tmp/intelligent-fs-test-1754923560349/file91.ts (2シンボル, typescript)
インデックス完了: /tmp/intelligent-fs-test-1754923560349/file90.ts (2シンボル, typescript)
進捗: 10% (10/100)

インデックス完了: /tmp/intelligent-fs-test-1754923560349/file9.ts (2シンボル, typescript)
インデックス完了: /tmp/intelligent-fs-test-1754923560349/file89.ts (2シンボル, typescript)
インデックス完了: /tmp/intelligent-fs-test-1754923560349/file88.ts (2シンボル, typescript)
インデックス完了: /tmp/intelligent-fs-test-1754923560349/file87.ts (2シンボル, typescript)
インデックス完了: /tmp/intelligent-fs-test-1754923560349/file86.ts (2シンボル, typescript)
インデックス完了: /tmp/intelligent-fs-test-1754923560349/file85.ts (2シンボル, typescript)
インデックス完了: /tmp/intelligent-fs-test-1754923560349/file84.ts (2シンボル, typescript)
インデックス完了: /tmp/intelligent-fs-test-1754923560349/file83.ts (2シンボル, typescript)
インデックス完了: /tmp/intelligent-fs-test-1754923560349/file82.ts (2シンボル, typescript)
インデックス完了: /tmp/intelligent-fs-test-1754923560349/file81.ts (2シンボル, typescript)
進捗: 20% (20/100)

インデックス完了: /tmp/intelligent-fs-test-1754923560349/file80.ts (2シンボル, typescript)
インデックス完了: /tmp/intelligent-fs-test-1754923560349/file8.ts (2シンボル, typescript)
インデックス完了: /tmp/intelligent-fs-test-1754923560349/file79.ts (2シンボル, typescript)
インデックス完了: /tmp/intelligent-fs-test-1754923560349/file78.ts (2シンボル, typescript)
インデックス完了: /tmp/intelligent-fs-test-1754923560349/file77.ts (2シンボル, typescript)
インデックス完了: /tmp/intelligent-fs-test-1754923560349/file76.ts (2シンボル, typescript)
インデックス完了: /tmp/intelligent-fs-test-1754923560349/file75.ts (2シンボル, typescript)
インデックス完了: /tmp/intelligent-fs-test-1754923560349/file74.ts (2シンボル, typescript)
インデックス完了: /tmp/intelligent-fs-test-1754923560349/file73.ts (2シンボル, typescript)
インデックス完了: /tmp/intelligent-fs-test-1754923560349/file72.ts (2シンボル, typescript)
進捗: 30% (30/100)

インデックス完了: /tmp/intelligent-fs-test-1754923560349/file71.ts (2シンボル, typescript)
インデックス完了: /tmp/intelligent-fs-test-1754923560349/file70.ts (2シンボル, typescript)
インデックス完了: /tmp/intelligent-fs-test-1754923560349/file7.ts (2シンボル, typescript)
インデックス完了: /tmp/intelligent-fs-test-1754923560349/file69.ts (2シンボル, typescript)
インデックス完了: /tmp/intelligent-fs-test-1754923560349/file68.ts (2シンボル, typescript)
インデックス完了: /tmp/intelligent-fs-test-1754923560349/file67.ts (2シンボル, typescript)
インデックス完了: /tmp/intelligent-fs-test-1754923560349/file66.ts (2シンボル, typescript)
インデックス完了: /tmp/intelligent-fs-test-1754923560349/file65.ts (2シンボル, typescript)
インデックス完了: /tmp/intelligent-fs-test-1754923560349/file64.ts (2シンボル, typescript)
インデックス完了: /tmp/intelligent-fs-test-1754923560349/file63.ts (2シンボル, typescript)
進捗: 40% (40/100)

インデックス完了: /tmp/intelligent-fs-test-1754923560349/file62.ts (2シンボル, typescript)
インデックス完了: /tmp/intelligent-fs-test-1754923560349/file61.ts (2シンボル, typescript)
インデックス完了: /tmp/intelligent-fs-test-1754923560349/file60.ts (2シンボル, typescript)
インデックス完了: /tmp/intelligent-fs-test-1754923560349/file6.ts (2シンボル, typescript)
インデックス完了: /tmp/intelligent-fs-test-1754923560349/file59.ts (2シンボル, typescript)
インデックス完了: /tmp/intelligent-fs-test-1754923560349/file58.ts (2シンボル, typescript)
インデックス完了: /tmp/intelligent-fs-test-1754923560349/file57.ts (2シンボル, typescript)
インデックス完了: /tmp/intelligent-fs-test-1754923560349/file56.ts (2シンボル, typescript)
インデックス完了: /tmp/intelligent-fs-test-1754923560349/file55.ts (2シンボル, typescript)
インデックス完了: /tmp/intelligent-fs-test-1754923560349/file54.ts (2シンボル, typescript)
進捗: 50% (50/100)

インデックス完了: /tmp/intelligent-fs-test-1754923560349/file53.ts (2シンボル, typescript)
インデックス完了: /tmp/intelligent-fs-test-1754923560349/file52.ts (2シンボル, typescript)
インデックス完了: /tmp/intelligent-fs-test-1754923560349/file51.ts (2シンボル, typescript)
インデックス完了: /tmp/intelligent-fs-test-1754923560349/file50.ts (2シンボル, typescript)
インデックス完了: /tmp/intelligent-fs-test-1754923560349/file5.ts (2シンボル, typescript)
インデックス完了: /tmp/intelligent-fs-test-1754923560349/file49.ts (2シンボル, typescript)
インデックス完了: /tmp/intelligent-fs-test-1754923560349/file48.ts (2シンボル, typescript)
インデックス完了: /tmp/intelligent-fs-test-1754923560349/file47.ts (2シンボル, typescript)
インデックス完了: /tmp/intelligent-fs-test-1754923560349/file46.ts (2シンボル, typescript)
インデックス完了: /tmp/intelligent-fs-test-1754923560349/file45.ts (2シンボル, typescript)
進捗: 60% (60/100)

インデックス完了: /tmp/intelligent-fs-test-1754923560349/file44.ts (2シンボル, typescript)
インデックス完了: /tmp/intelligent-fs-test-1754923560349/file43.ts (2シンボル, typescript)
インデックス完了: /tmp/intelligent-fs-test-1754923560349/file42.ts (2シンボル, typescript)
インデックス完了: /tmp/intelligent-fs-test-1754923560349/file41.ts (2シンボル, typescript)
インデックス完了: /tmp/intelligent-fs-test-1754923560349/file40.ts (2シンボル, typescript)
インデックス完了: /tmp/intelligent-fs-test-1754923560349/file4.ts (2シンボル, typescript)
インデックス完了: /tmp/intelligent-fs-test-1754923560349/file39.ts (2シンボル, typescript)
インデックス完了: /tmp/intelligent-fs-test-1754923560349/file38.ts (2シンボル, typescript)
インデックス完了: /tmp/intelligent-fs-test-1754923560349/file37.ts (2シンボル, typescript)
インデックス完了: /tmp/intelligent-fs-test-1754923560349/file36.ts (2シンボル, typescript)
進捗: 70% (70/100)

インデックス完了: /tmp/intelligent-fs-test-1754923560349/file35.ts (2シンボル, typescript)
インデックス完了: /tmp/intelligent-fs-test-1754923560349/file34.ts (2シンボル, typescript)
インデックス完了: /tmp/intelligent-fs-test-1754923560349/file33.ts (2シンボル, typescript)
インデックス完了: /tmp/intelligent-fs-test-1754923560349/file32.ts (2シンボル, typescript)
インデックス完了: /tmp/intelligent-fs-test-1754923560349/file31.ts (2シンボル, typescript)
インデックス完了: /tmp/intelligent-fs-test-1754923560349/file30.ts (2シンボル, typescript)
インデックス完了: /tmp/intelligent-fs-test-1754923560349/file3.ts (2シンボル, typescript)
インデックス完了: /tmp/intelligent-fs-test-1754923560349/file29.ts (2シンボル, typescript)
インデックス完了: /tmp/intelligent-fs-test-1754923560349/file28.ts (2シンボル, typescript)
インデックス完了: /tmp/intelligent-fs-test-1754923560349/file27.ts (2シンボル, typescript)
進捗: 80% (80/100)

インデックス完了: /tmp/intelligent-fs-test-1754923560349/file26.ts (2シンボル, typescript)
インデックス完了: /tmp/intelligent-fs-test-1754923560349/file25.ts (2シンボル, typescript)
インデックス完了: /tmp/intelligent-fs-test-1754923560349/file24.ts (2シンボル, typescript)
インデックス完了: /tmp/intelligent-fs-test-1754923560349/file23.ts (2シンボル, typescript)
インデックス完了: /tmp/intelligent-fs-test-1754923560349/file22.ts (2シンボル, typescript)
インデックス完了: /tmp/intelligent-fs-test-1754923560349/file21.ts (2シンボル, typescript)
インデックス完了: /tmp/intelligent-fs-test-1754923560349/file20.ts (2シンボル, typescript)
インデックス完了: /tmp/intelligent-fs-test-1754923560349/file2.ts (2シンボル, typescript)
インデックス完了: /tmp/intelligent-fs-test-1754923560349/file19.ts (2シンボル, typescript)
インデックス完了: /tmp/intelligent-fs-test-1754923560349/file18.ts (2シンボル, typescript)
進捗: 90% (90/100)

インデックス完了: /tmp/intelligent-fs-test-1754923560349/file17.ts (2シンボル, typescript)
インデックス完了: /tmp/intelligent-fs-test-1754923560349/file16.ts (2シンボル, typescript)
インデックス完了: /tmp/intelligent-fs-test-1754923560349/file15.ts (2シンボル, typescript)
インデックス完了: /tmp/intelligent-fs-test-1754923560349/file14.ts (2シンボル, typescript)
インデックス完了: /tmp/intelligent-fs-test-1754923560349/file13.ts (2シンボル, typescript)
インデックス完了: /tmp/intelligent-fs-test-1754923560349/file12.ts (2シンボル, typescript)
インデックス完了: /tmp/intelligent-fs-test-1754923560349/file11.ts (2シンボル, typescript)
インデックス完了: /tmp/intelligent-fs-test-1754923560349/file10.ts (2シンボル, typescript)
インデックス完了: /tmp/intelligent-fs-test-1754923560349/file1.ts (2シンボル, typescript)
インデックス完了: /tmp/intelligent-fs-test-1754923560349/file0.ts (2シンボル, typescript)
進捗: 100% (100/100)

多言語インデックス完了: 397ms
100ファイルから200シンボルをインデックス
言語別内訳: {
  typescript: [33m200[39m,
  javascript: [33m0[39m,
  python: [33m0[39m,
  java: [33m0[39m,
  go: [33m0[39m,
  rust: [33m0[39m,
  csharp: [33m0[39m,
  php: [33m0[39m,
  ruby: [33m0[39m,
  swift: [33m0[39m,
  kotlin: [33m0[39m,
  cpp: [33m0[39m,
  c: [33m0[39m
}

            </system-out>
        </testcase>
        <testcase classname="src/intelligent-fs/intelligent-filesystem.test.ts" name="IntelligentFileSystem 統合テスト &gt; エラーハンドリング &gt; 存在しないファイルのエラーを適切に処理する" time="0.155045125">
            <system-out>
IntelligentFileSystem initialized { projectPath: [32m&apos;/tmp/intelligent-fs-test-1754923560920&apos;[39m }

多言語対応シンボルインデックス初期化完了: /tmp/intelligent-fs-test-1754923560920/.agents/symbol-index.db

TypeScript LSP Client initialized successfully

IntelligentFileSystem fully initialized [90mundefined[39m

Database schema setup completed with all tables and indexes

Memory integration manager initialized: /tmp/intelligent-fs-test-1754923560920/memory.db/memory.db

            </system-out>
        </testcase>
        <testcase classname="src/intelligent-fs/intelligent-filesystem.test.ts" name="IntelligentFileSystem 統合テスト &gt; エラーハンドリング &gt; 権限のないパスへのアクセスをブロックする" time="0.161413834">
            <system-out>
IntelligentFileSystem initialized { projectPath: [32m&apos;/tmp/intelligent-fs-test-1754923561076&apos;[39m }

多言語対応シンボルインデックス初期化完了: /tmp/intelligent-fs-test-1754923561076/.agents/symbol-index.db

TypeScript LSP Client initialized successfully

IntelligentFileSystem fully initialized [90mundefined[39m

Database schema setup completed with all tables and indexes

Memory integration manager initialized: /tmp/intelligent-fs-test-1754923561076/memory.db/memory.db

            </system-out>
        </testcase>
        <testcase classname="src/intelligent-fs/intelligent-filesystem.test.ts" name="IntelligentFileSystem 統合テスト &gt; エラーハンドリング &gt; 大きすぎるファイルを拒否する" time="0.174777375">
            <system-out>
IntelligentFileSystem initialized { projectPath: [32m&apos;/tmp/intelligent-fs-test-1754923561237&apos;[39m }

多言語対応シンボルインデックス初期化完了: /tmp/intelligent-fs-test-1754923561237/.agents/symbol-index.db

TypeScript LSP Client initialized successfully

IntelligentFileSystem fully initialized [90mundefined[39m

Database schema setup completed with all tables and indexes

Memory integration manager initialized: /tmp/intelligent-fs-test-1754923561237/memory.db/memory.db

            </system-out>
        </testcase>
        <testcase classname="src/intelligent-fs/intelligent-filesystem.test.ts" name="IntelligentFileSystem 統合テスト &gt; エラーハンドリング &gt; 不正な拡張子のファイルを拒否する" time="0.174186709">
            <system-out>
IntelligentFileSystem initialized { projectPath: [32m&apos;/tmp/intelligent-fs-test-1754923561412&apos;[39m }

多言語対応シンボルインデックス初期化完了: /tmp/intelligent-fs-test-1754923561412/.agents/symbol-index.db

TypeScript LSP Client initialized successfully

IntelligentFileSystem fully initialized [90mundefined[39m

Database schema setup completed with all tables and indexes

Memory integration manager initialized: /tmp/intelligent-fs-test-1754923561412/memory.db/memory.db

            </system-out>
        </testcase>
        <testcase classname="src/intelligent-fs/intelligent-filesystem.test.ts" name="IntelligentFileSystem 統合テスト &gt; 統合シナリオ &gt; 完全なワークフローを実行できる" time="0.198267458">
            <system-out>
IntelligentFileSystem initialized { projectPath: [32m&apos;/tmp/intelligent-fs-test-1754923561586&apos;[39m }

多言語対応シンボルインデックス初期化完了: /tmp/intelligent-fs-test-1754923561586/.agents/symbol-index.db

TypeScript LSP Client initialized successfully

IntelligentFileSystem fully initialized [90mundefined[39m

Database schema setup completed with all tables and indexes

Memory integration manager initialized: /tmp/intelligent-fs-test-1754923561586/memory.db/memory.db

多言語プロジェクトのインデックスを開始...

1個のソースファイルを発見

インデックス完了: /tmp/intelligent-fs-test-1754923561586/src/user.service.ts (6シンボル, typescript)
進捗: 1000% (1/1)

多言語インデックス完了: 21ms
1ファイルから6シンボルをインデックス
言語別内訳: {
  typescript: [33m6[39m,
  javascript: [33m0[39m,
  python: [33m0[39m,
  java: [33m0[39m,
  go: [33m0[39m,
  rust: [33m0[39m,
  csharp: [33m0[39m,
  php: [33m0[39m,
  ruby: [33m0[39m,
  swift: [33m0[39m,
  kotlin: [33m0[39m,
  cpp: [33m0[39m,
  c: [33m0[39m
}

Intelligent file read completed {
  filePath: [32m&apos;/tmp/intelligent-fs-test-1754923561586/src/user.service.ts&apos;[39m,
  duration: [33m0[39m,
  symbolsFound: [33m6[39m,
  cached: [33mfalse[39m
}

            </system-out>
            <failure message="expected false to be true // Object.is equality" type="AssertionError">
AssertionError: expected false to be true // Object.is equality

- Expected
+ Received

- true
+ false

 ❯ src/intelligent-fs/intelligent-filesystem.test.ts:921:67
            </failure>
        </testcase>
        <testcase classname="src/intelligent-fs/intelligent-filesystem.test.ts" name="IntelligentFileSystem 単体テスト &gt; セキュリティチェック &gt; パストラバーサル攻撃を防ぐ" time="0.000276041">
            <system-out>
IntelligentFileSystem initialized { projectPath: [32m&apos;/safe/path&apos;[39m }

            </system-out>
        </testcase>
        <testcase classname="src/intelligent-fs/intelligent-filesystem.test.ts" name="IntelligentFileSystem 単体テスト &gt; ファイルタイプ判定 &gt; 正しくファイルタイプを判定する" time="0.000348458">
            <system-out>
IntelligentFileSystem initialized { projectPath: [32m&apos;/&apos;[39m }

            </system-out>
        </testcase>
    </testsuite>
</testsuites>
