<?xml version="1.0" encoding="UTF-8" ?>
<testsuites name="vitest tests" tests="8" failures="0" errors="0" time="0.238821417">
    <testsuite name="src/code-intelligence/symbol-index.test.ts" timestamp="2025-08-11T13:03:53.254Z" hostname="63accec1df8b" tests="8" failures="0" errors="0" skipped="0" time="0.238821417">
        <testcase classname="src/code-intelligence/symbol-index.test.ts" name="多言語シンボルパーサー &gt; TypeScriptパーサー &gt; TypeScriptクラス、メソッド、インターフェースを正しく解析する" time="0.044689542">
            <system-out>
多言語対応シンボルインデックス初期化完了: /tmp/symbol-test-D49Mc5/test.db

            </system-out>
        </testcase>
        <testcase classname="src/code-intelligence/symbol-index.test.ts" name="多言語シンボルパーサー &gt; JavaScriptパーサー &gt; JavaScriptクラス、関数、変数を正しく解析する" time="0.020584917">
            <system-out>
多言語対応シンボルインデックス初期化完了: /tmp/symbol-test-ChLFoT/test.db

            </system-out>
        </testcase>
        <testcase classname="src/code-intelligence/symbol-index.test.ts" name="多言語シンボルパーサー &gt; Pythonパーサー &gt; Pythonクラス、メソッド、関数を正しく解析する" time="0.026145083">
            <system-out>
多言語対応シンボルインデックス初期化完了: /tmp/symbol-test-Ac92Zr/test.db

            </system-out>
        </testcase>
        <testcase classname="src/code-intelligence/symbol-index.test.ts" name="多言語シンボルパーサー &gt; Javaパーサー &gt; Javaクラス、メソッド、インターフェースを正しく解析する" time="0.034243959">
            <system-out>
多言語対応シンボルインデックス初期化完了: /tmp/symbol-test-kpvRpt/test.db

            </system-out>
        </testcase>
        <testcase classname="src/code-intelligence/symbol-index.test.ts" name="多言語シンボルパーサー &gt; Goパーサー &gt; Go構造体、関数、インターフェースを正しく解析する" time="0.033509042">
            <system-out>
多言語対応シンボルインデックス初期化完了: /tmp/symbol-test-5SzTRa/test.db

            </system-out>
        </testcase>
        <testcase classname="src/code-intelligence/symbol-index.test.ts" name="多言語シンボルパーサー &gt; Rustパーサー &gt; Rust構造体、関数、トレイトを正しく解析する" time="0.029257875">
            <system-out>
多言語対応シンボルインデックス初期化完了: /tmp/symbol-test-A7HaPD/test.db

            </system-out>
        </testcase>
        <testcase classname="src/code-intelligence/symbol-index.test.ts" name="多言語シンボルパーサー &gt; シンボル検索機能 &gt; 名前でシンボルを検索できる" time="0.028149458">
            <system-out>
多言語対応シンボルインデックス初期化完了: /tmp/symbol-test-L4iF6O/test.db

            </system-out>
        </testcase>
        <testcase classname="src/code-intelligence/symbol-index.test.ts" name="多言語シンボルパーサー &gt; シンボル検索機能 &gt; 言語でシンボルを絞り込める" time="0.021385334">
            <system-out>
多言語対応シンボルインデックス初期化完了: /tmp/symbol-test-XOscy1/test.db

            </system-out>
        </testcase>
    </testsuite>
</testsuites>
