<?xml version="1.0" encoding="UTF-8" ?>
<testsuites name="vitest tests" tests="757" failures="51" errors="0" time="25.206282722">
    <testsuite name="src/gemini.test.tsx" timestamp="2025-08-09T16:14:05.616Z" hostname="3f33f7409819" tests="1" failures="0" errors="0" skipped="0" time="0.004250292">
        <testcase classname="src/gemini.test.tsx" name="gemini.tsx main function &gt; should call process.exit(1) if settings have errors" time="0.003475792">
        </testcase>
    </testsuite>
    <testsuite name="src/nonInteractiveCli.test.ts" timestamp="2025-08-09T16:14:05.617Z" hostname="3f33f7409819" tests="6" failures="6" errors="0" skipped="0" time="0.032434209">
        <testcase classname="src/nonInteractiveCli.test.ts" name="runNonInteractive &gt; should process input and write text output" time="0.027432">
            <failure message="Cannot read properties of undefined (reading &apos;file&apos;)" type="TypeError">
TypeError: Cannot read properties of undefined (reading &apos;file&apos;)
 ❯ Module.runNonInteractive src/nonInteractiveCli.ts:71:12
 ❯ src/nonInteractiveCli.test.ts:85:5
            </failure>
        </testcase>
        <testcase classname="src/nonInteractiveCli.test.ts" name="runNonInteractive &gt; should handle a single tool call and respond" time="0.000941375">
            <failure message="Cannot read properties of undefined (reading &apos;file&apos;)" type="TypeError">
TypeError: Cannot read properties of undefined (reading &apos;file&apos;)
 ❯ Module.runNonInteractive src/nonInteractiveCli.ts:71:12
 ❯ src/nonInteractiveCli.test.ts:138:5
            </failure>
        </testcase>
        <testcase classname="src/nonInteractiveCli.test.ts" name="runNonInteractive &gt; should handle error during tool execution" time="0.000784166">
            <failure message="Cannot read properties of undefined (reading &apos;file&apos;)" type="TypeError">
TypeError: Cannot read properties of undefined (reading &apos;file&apos;)
 ❯ Module.runNonInteractive src/nonInteractiveCli.ts:71:12
 ❯ src/nonInteractiveCli.test.ts:198:5
            </failure>
        </testcase>
        <testcase classname="src/nonInteractiveCli.test.ts" name="runNonInteractive &gt; should exit with error if sendMessageStream throws initially" time="0.000557458">
            <failure message="Cannot read properties of undefined (reading &apos;file&apos;)" type="TypeError">
TypeError: Cannot read properties of undefined (reading &apos;file&apos;)
 ❯ Module.runNonInteractive src/nonInteractiveCli.ts:71:12
 ❯ src/nonInteractiveCli.test.ts:222:5
            </failure>
        </testcase>
        <testcase classname="src/nonInteractiveCli.test.ts" name="runNonInteractive &gt; should not exit if a tool is not found, and should send error back to model" time="0.000654375">
            <failure message="Cannot read properties of undefined (reading &apos;file&apos;)" type="TypeError">
TypeError: Cannot read properties of undefined (reading &apos;file&apos;)
 ❯ Module.runNonInteractive src/nonInteractiveCli.ts:71:12
 ❯ src/nonInteractiveCli.test.ts:274:5
            </failure>
        </testcase>
        <testcase classname="src/nonInteractiveCli.test.ts" name="runNonInteractive &gt; should exit when max session turns are exceeded" time="0.00085825">
            <failure message="Cannot read properties of undefined (reading &apos;file&apos;)" type="TypeError">
TypeError: Cannot read properties of undefined (reading &apos;file&apos;)
 ❯ Module.runNonInteractive src/nonInteractiveCli.ts:71:12
 ❯ src/nonInteractiveCli.test.ts:335:5
            </failure>
        </testcase>
    </testsuite>
    <testsuite name="src/config/auth.test.ts" timestamp="2025-08-09T16:14:05.622Z" hostname="3f33f7409819" tests="14" failures="0" errors="0" skipped="0" time="0.00437325">
        <testcase classname="src/config/auth.test.ts" name="validateAuthMethod &gt; should return null for LOGIN_WITH_GOOGLE" time="0.00129625">
        </testcase>
        <testcase classname="src/config/auth.test.ts" name="validateAuthMethod &gt; should return null for CLOUD_SHELL" time="0.000235583">
        </testcase>
        <testcase classname="src/config/auth.test.ts" name="validateAuthMethod &gt; USE_GEMINI &gt; should return null if GEMINI_API_KEY is set" time="0.00017225">
        </testcase>
        <testcase classname="src/config/auth.test.ts" name="validateAuthMethod &gt; USE_GEMINI &gt; should return an error message if GEMINI_API_KEY is not set" time="0.00023">
        </testcase>
        <testcase classname="src/config/auth.test.ts" name="validateAuthMethod &gt; USE_VERTEX_AI &gt; should return null if GOOGLE_CLOUD_PROJECT and GOOGLE_CLOUD_LOCATION are set" time="0.0003105">
        </testcase>
        <testcase classname="src/config/auth.test.ts" name="validateAuthMethod &gt; USE_VERTEX_AI &gt; should return null if GOOGLE_API_KEY is set" time="0.000200958">
        </testcase>
        <testcase classname="src/config/auth.test.ts" name="validateAuthMethod &gt; USE_VERTEX_AI &gt; should return an error message if no required environment variables are set" time="0.000134375">
        </testcase>
        <testcase classname="src/config/auth.test.ts" name="validateAuthMethod &gt; OPENAI_COMPATIBLE &gt; should return null if OPENAI_API_KEY and OPENAI_BASE_URL are set for external API" time="0.000144417">
        </testcase>
        <testcase classname="src/config/auth.test.ts" name="validateAuthMethod &gt; OPENAI_COMPATIBLE &gt; should return null if only base URL is set for local LLM" time="0.000137833">
        </testcase>
        <testcase classname="src/config/auth.test.ts" name="validateAuthMethod &gt; OPENAI_COMPATIBLE &gt; should return null if LOCAL_LLM_BASE_URL is set for local LLM" time="0.000197541">
        </testcase>
        <testcase classname="src/config/auth.test.ts" name="validateAuthMethod &gt; OPENAI_COMPATIBLE &gt; should return null if LOCAL_LLM_BASE_URL is set with host.docker.internal" time="0.000136167">
        </testcase>
        <testcase classname="src/config/auth.test.ts" name="validateAuthMethod &gt; OPENAI_COMPATIBLE &gt; should return an error message if API KEY is not set for external API" time="0.000154167">
        </testcase>
        <testcase classname="src/config/auth.test.ts" name="validateAuthMethod &gt; OPENAI_COMPATIBLE &gt; should return an error message if no base URL is set" time="0.000138459">
        </testcase>
        <testcase classname="src/config/auth.test.ts" name="validateAuthMethod &gt; should return an error message for an invalid auth method" time="0.000128875">
        </testcase>
    </testsuite>
    <testsuite name="src/config/config.integration.test.ts" timestamp="2025-08-09T16:14:05.625Z" hostname="3f33f7409819" tests="11" failures="0" errors="0" skipped="0" time="0.032309875">
        <testcase classname="src/config/config.integration.test.ts" name="Configuration Integration Tests &gt; File Filtering Configuration &gt; should load default file filtering settings" time="0.023476792">
            <system-out>
[Config] getModel() returning initial model: undefined

            </system-out>
        </testcase>
        <testcase classname="src/config/config.integration.test.ts" name="Configuration Integration Tests &gt; File Filtering Configuration &gt; should load custom file filtering settings from configuration" time="0.001049709">
            <system-out>
[Config] getModel() returning initial model: undefined

            </system-out>
        </testcase>
        <testcase classname="src/config/config.integration.test.ts" name="Configuration Integration Tests &gt; File Filtering Configuration &gt; should merge user and workspace file filtering settings" time="0.000788834">
            <system-out>
[Config] getModel() returning initial model: undefined

            </system-out>
        </testcase>
        <testcase classname="src/config/config.integration.test.ts" name="Configuration Integration Tests &gt; Configuration Integration &gt; should handle partial configuration objects gracefully" time="0.000732083">
            <system-out>
[Config] getModel() returning initial model: undefined

            </system-out>
        </testcase>
        <testcase classname="src/config/config.integration.test.ts" name="Configuration Integration Tests &gt; Configuration Integration &gt; should handle empty configuration objects gracefully" time="0.000702542">
            <system-out>
[Config] getModel() returning initial model: undefined

            </system-out>
        </testcase>
        <testcase classname="src/config/config.integration.test.ts" name="Configuration Integration Tests &gt; Configuration Integration &gt; should handle missing configuration sections gracefully" time="0.00064575">
            <system-out>
[Config] getModel() returning initial model: undefined

            </system-out>
        </testcase>
        <testcase classname="src/config/config.integration.test.ts" name="Configuration Integration Tests &gt; Real-world Configuration Scenarios &gt; should handle a security-focused configuration" time="0.00053775">
            <system-out>
[Config] getModel() returning initial model: undefined

            </system-out>
        </testcase>
        <testcase classname="src/config/config.integration.test.ts" name="Configuration Integration Tests &gt; Real-world Configuration Scenarios &gt; should handle a CI/CD environment configuration" time="0.00059975">
            <system-out>
[Config] getModel() returning initial model: undefined

            </system-out>
        </testcase>
        <testcase classname="src/config/config.integration.test.ts" name="Configuration Integration Tests &gt; Checkpointing Configuration &gt; should enable checkpointing when the setting is true" time="0.0010165">
            <system-out>
[Config] getModel() returning initial model: undefined

            </system-out>
        </testcase>
        <testcase classname="src/config/config.integration.test.ts" name="Configuration Integration Tests &gt; Extension Context Files &gt; should have an empty array for extension context files by default" time="0.001186333">
            <system-out>
[Config] getModel() returning initial model: undefined

            </system-out>
        </testcase>
        <testcase classname="src/config/config.integration.test.ts" name="Configuration Integration Tests &gt; Extension Context Files &gt; should correctly store and return extension context file paths" time="0.000727459">
            <system-out>
[Config] getModel() returning initial model: undefined

            </system-out>
        </testcase>
    </testsuite>
    <testsuite name="src/config/config.test.ts" timestamp="2025-08-09T16:14:05.632Z" hostname="3f33f7409819" tests="59" failures="0" errors="0" skipped="0" time="0.549090917">
        <testcase classname="src/config/config.test.ts" name="parseArguments &gt; should throw an error when both --prompt and --prompt-interactive are used together" time="0.026884833">
        </testcase>
        <testcase classname="src/config/config.test.ts" name="parseArguments &gt; should throw an error when using short flags -p and -i together" time="0.006886708">
        </testcase>
        <testcase classname="src/config/config.test.ts" name="parseArguments &gt; should allow --prompt without --prompt-interactive" time="0.009056333">
        </testcase>
        <testcase classname="src/config/config.test.ts" name="parseArguments &gt; should allow --prompt-interactive without --prompt" time="0.002734125">
        </testcase>
        <testcase classname="src/config/config.test.ts" name="parseArguments &gt; should allow -i flag as alias for --prompt-interactive" time="0.003207542">
        </testcase>
        <testcase classname="src/config/config.test.ts" name="loadCliConfig &gt; should set showMemoryUsage to true when --show-memory-usage flag is present" time="0.048673042">
            <system-out>
[Config] getModel() returning initial model: gemini-2.5-pro

            </system-out>
        </testcase>
        <testcase classname="src/config/config.test.ts" name="loadCliConfig &gt; should set showMemoryUsage to false when --memory flag is not present" time="0.006699792">
            <system-out>
[Config] getModel() returning initial model: gemini-2.5-pro

            </system-out>
        </testcase>
        <testcase classname="src/config/config.test.ts" name="loadCliConfig &gt; should set showMemoryUsage to false by default from settings if CLI flag is not present" time="0.017985083">
            <system-out>
[Config] getModel() returning initial model: gemini-2.5-pro

            </system-out>
        </testcase>
        <testcase classname="src/config/config.test.ts" name="loadCliConfig &gt; should prioritize CLI flag over settings for showMemoryUsage (CLI true, settings false)" time="0.0073425">
            <system-out>
[Config] getModel() returning initial model: gemini-2.5-pro

            </system-out>
        </testcase>
        <testcase classname="src/config/config.test.ts" name="loadCliConfig telemetry &gt; should set telemetry to false by default when no flag or setting is present" time="0.013346667">
            <system-out>
[Config] getModel() returning initial model: gemini-2.5-pro

            </system-out>
        </testcase>
        <testcase classname="src/config/config.test.ts" name="loadCliConfig telemetry &gt; should set telemetry to true when --telemetry flag is present" time="0.020088458">
            <system-out>
OpenTelemetry SDK started successfully.
[Config] getModel() returning initial model: gemini-2.5-pro

            </system-out>
            <system-err>
Accessing resource attributes before async attributes settled

            </system-err>
        </testcase>
        <testcase classname="src/config/config.test.ts" name="loadCliConfig telemetry &gt; should set telemetry to false when --no-telemetry flag is present" time="0.006790625">
            <system-out>
[Config] getModel() returning initial model: gemini-2.5-pro

            </system-out>
        </testcase>
        <testcase classname="src/config/config.test.ts" name="loadCliConfig telemetry &gt; should use telemetry value from settings if CLI flag is not present (settings true)" time="0.006122">
            <system-out>
[Config] getModel() returning initial model: gemini-2.5-pro

            </system-out>
        </testcase>
        <testcase classname="src/config/config.test.ts" name="loadCliConfig telemetry &gt; should use telemetry value from settings if CLI flag is not present (settings false)" time="0.004875834">
            <system-out>
[Config] getModel() returning initial model: gemini-2.5-pro

            </system-out>
        </testcase>
        <testcase classname="src/config/config.test.ts" name="loadCliConfig telemetry &gt; should prioritize --telemetry CLI flag (true) over settings (false)" time="0.005413709">
            <system-out>
[Config] getModel() returning initial model: gemini-2.5-pro

            </system-out>
        </testcase>
        <testcase classname="src/config/config.test.ts" name="loadCliConfig telemetry &gt; should prioritize --no-telemetry CLI flag (false) over settings (true)" time="0.0070335">
            <system-out>
[Config] getModel() returning initial model: gemini-2.5-pro

            </system-out>
        </testcase>
        <testcase classname="src/config/config.test.ts" name="loadCliConfig telemetry &gt; should use telemetry OTLP endpoint from settings if CLI flag is not present" time="0.006055917">
            <system-out>
[Config] getModel() returning initial model: gemini-2.5-pro

            </system-out>
        </testcase>
        <testcase classname="src/config/config.test.ts" name="loadCliConfig telemetry &gt; should prioritize --telemetry-otlp-endpoint CLI flag over settings" time="0.0062105">
            <system-out>
[Config] getModel() returning initial model: gemini-2.5-pro

            </system-out>
        </testcase>
        <testcase classname="src/config/config.test.ts" name="loadCliConfig telemetry &gt; should use default endpoint if no OTLP endpoint is provided via CLI or settings" time="0.005057875">
            <system-out>
[Config] getModel() returning initial model: gemini-2.5-pro

            </system-out>
        </testcase>
        <testcase classname="src/config/config.test.ts" name="loadCliConfig telemetry &gt; should use telemetry target from settings if CLI flag is not present" time="0.005806125">
            <system-out>
[Config] getModel() returning initial model: gemini-2.5-pro

            </system-out>
        </testcase>
        <testcase classname="src/config/config.test.ts" name="loadCliConfig telemetry &gt; should prioritize --telemetry-target CLI flag over settings" time="0.005038">
            <system-out>
[Config] getModel() returning initial model: gemini-2.5-pro

            </system-out>
        </testcase>
        <testcase classname="src/config/config.test.ts" name="loadCliConfig telemetry &gt; should use default target if no target is provided via CLI or settings" time="0.007429083">
            <system-out>
[Config] getModel() returning initial model: gemini-2.5-pro

            </system-out>
        </testcase>
        <testcase classname="src/config/config.test.ts" name="loadCliConfig telemetry &gt; should use telemetry log prompts from settings if CLI flag is not present" time="0.011312292">
            <system-out>
[Config] getModel() returning initial model: gemini-2.5-pro

            </system-out>
        </testcase>
        <testcase classname="src/config/config.test.ts" name="loadCliConfig telemetry &gt; should prioritize --telemetry-log-prompts CLI flag (true) over settings (false)" time="0.0071125">
            <system-out>
[Config] getModel() returning initial model: gemini-2.5-pro

            </system-out>
        </testcase>
        <testcase classname="src/config/config.test.ts" name="loadCliConfig telemetry &gt; should prioritize --no-telemetry-log-prompts CLI flag (false) over settings (true)" time="0.006475125">
            <system-out>
[Config] getModel() returning initial model: gemini-2.5-pro

            </system-out>
        </testcase>
        <testcase classname="src/config/config.test.ts" name="loadCliConfig telemetry &gt; should use default log prompts (true) if no value is provided via CLI or settings" time="0.004364125">
            <system-out>
[Config] getModel() returning initial model: gemini-2.5-pro

            </system-out>
        </testcase>
        <testcase classname="src/config/config.test.ts" name="Hierarchical Memory Loading (config.ts) - Placeholder Suite &gt; should pass extension context file paths to loadServerHierarchicalMemory" time="0.008661209">
            <system-out>
[Config] getModel() returning initial model: gemini-2.5-pro

            </system-out>
        </testcase>
        <testcase classname="src/config/config.test.ts" name="mergeMcpServers &gt; should not modify the original settings object" time="0.006557375">
            <system-out>
[Config] getModel() returning initial model: gemini-2.5-pro

            </system-out>
        </testcase>
        <testcase classname="src/config/config.test.ts" name="mergeExcludeTools &gt; should merge excludeTools from settings and extensions" time="0.005238208">
            <system-out>
[Config] getModel() returning initial model: gemini-2.5-pro

            </system-out>
        </testcase>
        <testcase classname="src/config/config.test.ts" name="mergeExcludeTools &gt; should handle overlapping excludeTools between settings and extensions" time="0.006552209">
            <system-out>
[Config] getModel() returning initial model: gemini-2.5-pro

            </system-out>
        </testcase>
        <testcase classname="src/config/config.test.ts" name="mergeExcludeTools &gt; should handle overlapping excludeTools between extensions" time="0.005298542">
            <system-out>
[Config] getModel() returning initial model: gemini-2.5-pro

            </system-out>
        </testcase>
        <testcase classname="src/config/config.test.ts" name="mergeExcludeTools &gt; should return an empty array when no excludeTools are specified" time="0.005305583">
            <system-out>
[Config] getModel() returning initial model: gemini-2.5-pro

            </system-out>
        </testcase>
        <testcase classname="src/config/config.test.ts" name="mergeExcludeTools &gt; should handle settings with excludeTools but no extensions" time="0.00554225">
            <system-out>
[Config] getModel() returning initial model: gemini-2.5-pro

            </system-out>
        </testcase>
        <testcase classname="src/config/config.test.ts" name="mergeExcludeTools &gt; should handle extensions with excludeTools but no settings" time="0.009788458">
            <system-out>
[Config] getModel() returning initial model: gemini-2.5-pro

            </system-out>
        </testcase>
        <testcase classname="src/config/config.test.ts" name="mergeExcludeTools &gt; should not modify the original settings object" time="0.005999625">
            <system-out>
[Config] getModel() returning initial model: gemini-2.5-pro

            </system-out>
        </testcase>
        <testcase classname="src/config/config.test.ts" name="loadCliConfig with allowed-mcp-server-names &gt; should allow all MCP servers if the flag is not provided" time="0.010053416">
            <system-out>
[Config] getModel() returning initial model: gemini-2.5-pro

            </system-out>
        </testcase>
        <testcase classname="src/config/config.test.ts" name="loadCliConfig with allowed-mcp-server-names &gt; should allow only the specified MCP server" time="0.005165">
            <system-out>
[Config] getModel() returning initial model: gemini-2.5-pro

            </system-out>
        </testcase>
        <testcase classname="src/config/config.test.ts" name="loadCliConfig with allowed-mcp-server-names &gt; should allow multiple specified MCP servers" time="0.005462042">
            <system-out>
[Config] getModel() returning initial model: gemini-2.5-pro

            </system-out>
        </testcase>
        <testcase classname="src/config/config.test.ts" name="loadCliConfig with allowed-mcp-server-names &gt; should handle server names that do not exist" time="0.005344041">
            <system-out>
[Config] getModel() returning initial model: gemini-2.5-pro

            </system-out>
        </testcase>
        <testcase classname="src/config/config.test.ts" name="loadCliConfig with allowed-mcp-server-names &gt; should allow no MCP servers if the flag is provided but empty" time="0.0179925">
            <system-out>
[Config] getModel() returning initial model: gemini-2.5-pro

            </system-out>
        </testcase>
        <testcase classname="src/config/config.test.ts" name="loadCliConfig with allowed-mcp-server-names &gt; should read allowMCPServers from settings" time="0.004769583">
            <system-out>
[Config] getModel() returning initial model: gemini-2.5-pro

            </system-out>
        </testcase>
        <testcase classname="src/config/config.test.ts" name="loadCliConfig with allowed-mcp-server-names &gt; should read excludeMCPServers from settings" time="0.004820334">
            <system-out>
[Config] getModel() returning initial model: gemini-2.5-pro

            </system-out>
        </testcase>
        <testcase classname="src/config/config.test.ts" name="loadCliConfig with allowed-mcp-server-names &gt; should override allowMCPServers with excludeMCPServers if overlapping " time="0.01518475">
            <system-out>
[Config] getModel() returning initial model: gemini-2.5-pro

            </system-out>
        </testcase>
        <testcase classname="src/config/config.test.ts" name="loadCliConfig with allowed-mcp-server-names &gt; should prioritize mcp server flag if set " time="0.020872833">
            <system-out>
[Config] getModel() returning initial model: gemini-2.5-pro

            </system-out>
        </testcase>
        <testcase classname="src/config/config.test.ts" name="loadCliConfig extensions &gt; should not filter extensions if --extensions flag is not used" time="0.010970333">
            <system-out>
[Config] getModel() returning initial model: gemini-2.5-pro

            </system-out>
        </testcase>
        <testcase classname="src/config/config.test.ts" name="loadCliConfig extensions &gt; should filter extensions if --extensions flag is used" time="0.013553167">
            <system-out>
Activated extension: ext1 (version: 1.0.0)
Disabled extension: ext2

[Config] getModel() returning initial model: gemini-2.5-pro

            </system-out>
        </testcase>
        <testcase classname="src/config/config.test.ts" name="loadCliConfig ideMode &gt; should be false by default" time="0.008474">
            <system-out>
[Config] getModel() returning initial model: gemini-2.5-pro

            </system-out>
        </testcase>
        <testcase classname="src/config/config.test.ts" name="loadCliConfig ideMode &gt; should be false if --ide-mode is true but TERM_PROGRAM is not vscode" time="0.007972875">
            <system-out>
[Config] getModel() returning initial model: gemini-2.5-pro

            </system-out>
        </testcase>
        <testcase classname="src/config/config.test.ts" name="loadCliConfig ideMode &gt; should be false if settings.ideMode is true but TERM_PROGRAM is not vscode" time="0.007033709">
            <system-out>
[Config] getModel() returning initial model: gemini-2.5-pro

            </system-out>
        </testcase>
        <testcase classname="src/config/config.test.ts" name="loadCliConfig ideMode &gt; should be true when --ide-mode is set and TERM_PROGRAM is vscode" time="0.01479475">
            <system-out>
[Config] getModel() returning initial model: gemini-2.5-pro

            </system-out>
        </testcase>
        <testcase classname="src/config/config.test.ts" name="loadCliConfig ideMode &gt; should be true when settings.ideMode is true and TERM_PROGRAM is vscode" time="0.006067958">
            <system-out>
[Config] getModel() returning initial model: gemini-2.5-pro

            </system-out>
        </testcase>
        <testcase classname="src/config/config.test.ts" name="loadCliConfig ideMode &gt; should prioritize --ide-mode (true) over settings (false) when TERM_PROGRAM is vscode" time="0.00827425">
            <system-out>
[Config] getModel() returning initial model: gemini-2.5-pro

            </system-out>
        </testcase>
        <testcase classname="src/config/config.test.ts" name="loadCliConfig ideMode &gt; should prioritize --no-ide-mode (false) over settings (true) even when TERM_PROGRAM is vscode" time="0.005998792">
            <system-out>
[Config] getModel() returning initial model: gemini-2.5-pro

            </system-out>
        </testcase>
        <testcase classname="src/config/config.test.ts" name="loadCliConfig ideMode &gt; should be false when --ide-mode is true, TERM_PROGRAM is vscode, but SANDBOX is set" time="0.009625334">
            <system-out>
[Config] getModel() returning initial model: gemini-2.5-pro

            </system-out>
        </testcase>
        <testcase classname="src/config/config.test.ts" name="loadCliConfig ideMode &gt; should be false when settings.ideMode is true, TERM_PROGRAM is vscode, but SANDBOX is set" time="0.006716875">
            <system-out>
[Config] getModel() returning initial model: gemini-2.5-pro

            </system-out>
        </testcase>
        <testcase classname="src/config/config.test.ts" name="loadCliConfig ideMode &gt; should add _ide_server when ideMode is true" time="0.011956084">
            <system-out>
[Config] getModel() returning initial model: gemini-2.5-pro

            </system-out>
        </testcase>
        <testcase classname="src/config/config.test.ts" name="loadCliConfig ideMode &gt; should throw an error if ideMode is true and no port is set" time="0.010854125">
        </testcase>
        <testcase classname="src/config/config.test.ts" name="loadCliConfig ideMode &gt; should warn and overwrite if settings contain the reserved _ide_server name and ideMode is active" time="0.010861916">
            <system-out>
[Config] getModel() returning initial model: gemini-2.5-pro

            </system-out>
        </testcase>
        <testcase classname="src/config/config.test.ts" name="loadCliConfig ideMode &gt; should NOT warn if settings contain the reserved _ide_server name and ideMode is NOT active" time="0.006908667">
            <system-out>
[Config] getModel() returning initial model: gemini-2.5-pro

            </system-out>
        </testcase>
    </testsuite>
    <testsuite name="src/config/extension.test.ts" timestamp="2025-08-09T16:14:05.661Z" hostname="3f33f7409819" tests="7" failures="1" errors="0" skipped="0" time="0.019961709">
        <testcase classname="src/config/extension.test.ts" name="loadExtensions &gt; should load context file path when GEMINI.md is present" time="0.014564792">
            <system-out>
Loading extension: ext1 (version: 1.0.0)
Loading extension: ext2 (version: 2.0.0)

            </system-out>
            <failure message="expected [] to deeply equal [ Array(1) ]" type="AssertionError">
AssertionError: expected [] to deeply equal [ Array(1) ]

- Expected
+ Received

- [
-   &quot;/tmp/gemini-cli-test-workspace-IB160M/.gemini/extensions/ext1/GEMINI.md&quot;,
- ]
+ []

 ❯ src/config/extension.test.ts:59:32
            </failure>
        </testcase>
        <testcase classname="src/config/extension.test.ts" name="loadExtensions &gt; should load context file path from the extension config" time="0.002641042">
            <system-out>
Loading extension: ext1 (version: 1.0.0)

            </system-out>
        </testcase>
        <testcase classname="src/config/extension.test.ts" name="filterActiveExtensions &gt; should return all extensions if no enabled extensions are provided" time="0.0002165">
        </testcase>
        <testcase classname="src/config/extension.test.ts" name="filterActiveExtensions &gt; should return only the enabled extensions" time="0.000430625">
            <system-out>
Activated extension: ext1 (version: 1.0.0)
Disabled extension: ext2
Activated extension: ext3 (version: 1.0.0)

            </system-out>
        </testcase>
        <testcase classname="src/config/extension.test.ts" name="filterActiveExtensions &gt; should return no extensions when &quot;none&quot; is provided" time="0.000174375">
            <system-out>
All extensions are disabled.

            </system-out>
        </testcase>
        <testcase classname="src/config/extension.test.ts" name="filterActiveExtensions &gt; should handle case-insensitivity" time="0.000352292">
            <system-out>
Activated extension: ext1 (version: 1.0.0)
Disabled extension: ext2
Disabled extension: ext3

            </system-out>
        </testcase>
        <testcase classname="src/config/extension.test.ts" name="filterActiveExtensions &gt; should log an error for unknown extensions" time="0.000529458">
        </testcase>
    </testsuite>
    <testsuite name="src/config/settings.test.ts" timestamp="2025-08-09T16:14:05.665Z" hostname="3f33f7409819" tests="25" failures="0" errors="0" skipped="0" time="0.020236791">
        <testcase classname="src/config/settings.test.ts" name="Settings Loading and Merging &gt; loadSettings &gt; should load empty settings if no files exist" time="0.002421291">
        </testcase>
        <testcase classname="src/config/settings.test.ts" name="Settings Loading and Merging &gt; loadSettings &gt; should load system settings if only system file exists" time="0.001104541">
        </testcase>
        <testcase classname="src/config/settings.test.ts" name="Settings Loading and Merging &gt; loadSettings &gt; should load user settings if only user file exists" time="0.000450125">
        </testcase>
        <testcase classname="src/config/settings.test.ts" name="Settings Loading and Merging &gt; loadSettings &gt; should load workspace settings if only workspace file exists" time="0.000501084">
        </testcase>
        <testcase classname="src/config/settings.test.ts" name="Settings Loading and Merging &gt; loadSettings &gt; should merge user and workspace settings, with workspace taking precedence" time="0.0011555">
        </testcase>
        <testcase classname="src/config/settings.test.ts" name="Settings Loading and Merging &gt; loadSettings &gt; should merge system, user and workspace settings, with system taking precedence over workspace, and workspace over user" time="0.000931167">
        </testcase>
        <testcase classname="src/config/settings.test.ts" name="Settings Loading and Merging &gt; loadSettings &gt; should handle contextFileName correctly when only in user settings" time="0.000485292">
        </testcase>
        <testcase classname="src/config/settings.test.ts" name="Settings Loading and Merging &gt; loadSettings &gt; should handle contextFileName correctly when only in workspace settings" time="0.000421583">
        </testcase>
        <testcase classname="src/config/settings.test.ts" name="Settings Loading and Merging &gt; loadSettings &gt; should default contextFileName to undefined if not in any settings file" time="0.000542833">
        </testcase>
        <testcase classname="src/config/settings.test.ts" name="Settings Loading and Merging &gt; loadSettings &gt; should load telemetry setting from user settings" time="0.000372458">
        </testcase>
        <testcase classname="src/config/settings.test.ts" name="Settings Loading and Merging &gt; loadSettings &gt; should load telemetry setting from workspace settings" time="0.000231292">
        </testcase>
        <testcase classname="src/config/settings.test.ts" name="Settings Loading and Merging &gt; loadSettings &gt; should prioritize workspace telemetry setting over user setting" time="0.001897084">
        </testcase>
        <testcase classname="src/config/settings.test.ts" name="Settings Loading and Merging &gt; loadSettings &gt; should have telemetry as undefined if not in any settings file" time="0.000315542">
        </testcase>
        <testcase classname="src/config/settings.test.ts" name="Settings Loading and Merging &gt; loadSettings &gt; should handle JSON parsing errors gracefully" time="0.000838958">
        </testcase>
        <testcase classname="src/config/settings.test.ts" name="Settings Loading and Merging &gt; loadSettings &gt; should resolve environment variables in user settings" time="0.000363917">
        </testcase>
        <testcase classname="src/config/settings.test.ts" name="Settings Loading and Merging &gt; loadSettings &gt; should resolve environment variables in workspace settings" time="0.000488583">
        </testcase>
        <testcase classname="src/config/settings.test.ts" name="Settings Loading and Merging &gt; loadSettings &gt; should prioritize user env variables over workspace env variables if keys clash after resolution" time="0.000698541">
        </testcase>
        <testcase classname="src/config/settings.test.ts" name="Settings Loading and Merging &gt; loadSettings &gt; should prioritize workspace env variables over user env variables if keys clash after resolution" time="0.000579375">
        </testcase>
        <testcase classname="src/config/settings.test.ts" name="Settings Loading and Merging &gt; loadSettings &gt; should prioritize system env variables over workspace env variables if keys clash after resolution" time="0.000556459">
        </testcase>
        <testcase classname="src/config/settings.test.ts" name="Settings Loading and Merging &gt; loadSettings &gt; should leave unresolved environment variables as is" time="0.0003105">
        </testcase>
        <testcase classname="src/config/settings.test.ts" name="Settings Loading and Merging &gt; loadSettings &gt; should resolve multiple environment variables in a single string" time="0.000295416">
        </testcase>
        <testcase classname="src/config/settings.test.ts" name="Settings Loading and Merging &gt; loadSettings &gt; should resolve environment variables in arrays" time="0.000326209">
        </testcase>
        <testcase classname="src/config/settings.test.ts" name="Settings Loading and Merging &gt; loadSettings &gt; should correctly pass through null, boolean, and number types, and handle undefined properties" time="0.003022417">
        </testcase>
        <testcase classname="src/config/settings.test.ts" name="Settings Loading and Merging &gt; loadSettings &gt; should resolve multiple concatenated environment variables in a single string value" time="0.000495459">
        </testcase>
        <testcase classname="src/config/settings.test.ts" name="Settings Loading and Merging &gt; LoadedSettings class &gt; setValue should update the correct scope and recompute merged settings" time="0.000539958">
        </testcase>
    </testsuite>
    <testsuite name="src/services/CommandService.test.ts" timestamp="2025-08-09T16:14:05.671Z" hostname="3f33f7409819" tests="6" failures="0" errors="0" skipped="0" time="0.00417575">
        <testcase classname="src/services/CommandService.test.ts" name="CommandService &gt; when using default production loader &gt; should initialize with an empty command tree" time="0.000975708">
        </testcase>
        <testcase classname="src/services/CommandService.test.ts" name="CommandService &gt; when using default production loader &gt; loadCommands &gt; should load the built-in commands into the command tree" time="0.00119">
        </testcase>
        <testcase classname="src/services/CommandService.test.ts" name="CommandService &gt; when using default production loader &gt; loadCommands &gt; should include ide command when ideMode is on" time="0.000225375">
        </testcase>
        <testcase classname="src/services/CommandService.test.ts" name="CommandService &gt; when using default production loader &gt; loadCommands &gt; should overwrite any existing commands when called again" time="0.00011525">
        </testcase>
        <testcase classname="src/services/CommandService.test.ts" name="CommandService &gt; when using default production loader &gt; getCommandTree &gt; should return the current command tree" time="0.000547334">
        </testcase>
        <testcase classname="src/services/CommandService.test.ts" name="CommandService &gt; when initialized with an injected loader function &gt; should use the provided loader instead of the built-in one" time="0.000331792">
        </testcase>
    </testsuite>
    <testsuite name="src/test-utils/mockCommandContext.test.ts" timestamp="2025-08-09T16:14:05.672Z" hostname="3f33f7409819" tests="3" failures="0" errors="0" skipped="0" time="0.002825959">
        <testcase classname="src/test-utils/mockCommandContext.test.ts" name="createMockCommandContext &gt; should return a valid CommandContext object with default mocks" time="0.001452916">
        </testcase>
        <testcase classname="src/test-utils/mockCommandContext.test.ts" name="createMockCommandContext &gt; should apply top-level overrides correctly" time="0.000413458">
        </testcase>
        <testcase classname="src/test-utils/mockCommandContext.test.ts" name="createMockCommandContext &gt; should apply deeply nested overrides correctly" time="0.00024075">
        </testcase>
    </testsuite>
    <testsuite name="src/utils/startupWarnings.test.ts" timestamp="2025-08-09T16:14:05.673Z" hostname="3f33f7409819" tests="4" failures="0" errors="0" skipped="4" time="0">
        <testcase classname="src/utils/startupWarnings.test.ts" name="startupWarnings &gt; should return warnings from the file and delete it" time="0">
            <skipped/>
        </testcase>
        <testcase classname="src/utils/startupWarnings.test.ts" name="startupWarnings &gt; should return an empty array if the file does not exist" time="0">
            <skipped/>
        </testcase>
        <testcase classname="src/utils/startupWarnings.test.ts" name="startupWarnings &gt; should return an error message if reading the file fails" time="0">
            <skipped/>
        </testcase>
        <testcase classname="src/utils/startupWarnings.test.ts" name="startupWarnings &gt; should return a warning if deleting the file fails" time="0">
            <skipped/>
        </testcase>
    </testsuite>
    <testsuite name="src/utils/userStartupWarnings.test.ts" timestamp="2025-08-09T16:14:05.675Z" hostname="3f33f7409819" tests="3" failures="0" errors="0" skipped="0" time="0.002347">
        <testcase classname="src/utils/userStartupWarnings.test.ts" name="getUserStartupWarnings &gt; home directory check &gt; should return a warning when running in home directory" time="0.001312167">
        </testcase>
        <testcase classname="src/utils/userStartupWarnings.test.ts" name="getUserStartupWarnings &gt; home directory check &gt; should not return a warning when running in a project directory" time="0.000142">
        </testcase>
        <testcase classname="src/utils/userStartupWarnings.test.ts" name="getUserStartupWarnings &gt; home directory check &gt; should handle errors when checking directory" time="0.000148334">
        </testcase>
    </testsuite>
    <testsuite name="src/ui/App.test.tsx" timestamp="2025-08-09T16:14:05.676Z" hostname="3f33f7409819" tests="16" failures="0" errors="0" skipped="0" time="0.258447167">
        <testcase classname="src/ui/App.test.tsx" name="App UI &gt; should display default &quot;GEMINI.md&quot; in footer when contextFileName is not set and count is 1" time="0.035677917">
        </testcase>
        <testcase classname="src/ui/App.test.tsx" name="App UI &gt; should display default &quot;GEMINI.md&quot; with plural when contextFileName is not set and count is &gt; 1" time="0.009483875">
        </testcase>
        <testcase classname="src/ui/App.test.tsx" name="App UI &gt; should display custom contextFileName in footer when set and count is 1" time="0.009191416">
        </testcase>
        <testcase classname="src/ui/App.test.tsx" name="App UI &gt; should display a generic message when multiple context files with different names are provided" time="0.011356833">
        </testcase>
        <testcase classname="src/ui/App.test.tsx" name="App UI &gt; should display custom contextFileName with plural when set and count is &gt; 1" time="0.009281083">
        </testcase>
        <testcase classname="src/ui/App.test.tsx" name="App UI &gt; should not display context file message if count is 0, even if contextFileName is set" time="0.008179458">
        </testcase>
        <testcase classname="src/ui/App.test.tsx" name="App UI &gt; should display GEMINI.md and MCP server count when both are present" time="0.010144541">
        </testcase>
        <testcase classname="src/ui/App.test.tsx" name="App UI &gt; should display only MCP server count when GEMINI.md count is 0" time="0.009127125">
        </testcase>
        <testcase classname="src/ui/App.test.tsx" name="App UI &gt; should display Tips component by default" time="0.008310792">
        </testcase>
        <testcase classname="src/ui/App.test.tsx" name="App UI &gt; should not display Tips component when hideTips is true" time="0.037470875">
        </testcase>
        <testcase classname="src/ui/App.test.tsx" name="App UI &gt; should display Header component by default" time="0.009804042">
        </testcase>
        <testcase classname="src/ui/App.test.tsx" name="App UI &gt; should not display Header component when hideBanner is true" time="0.021934708">
        </testcase>
        <testcase classname="src/ui/App.test.tsx" name="App UI &gt; should show tips if system says show, but workspace and user settings say hide" time="0.024033333">
        </testcase>
        <testcase classname="src/ui/App.test.tsx" name="App UI &gt; when no theme is set &gt; should display theme dialog if NO_COLOR is not set" time="0.023759376">
        </testcase>
        <testcase classname="src/ui/App.test.tsx" name="App UI &gt; when no theme is set &gt; should display a message if NO_COLOR is set" time="0.011608292">
        </testcase>
        <testcase classname="src/ui/App.test.tsx" name="App UI &gt; with initial prompt from --prompt-interactive &gt; should submit the initial prompt automatically" time="0.018091">
        </testcase>
    </testsuite>
    <testsuite name="src/ui/contexts/SessionContext.test.tsx" timestamp="2025-08-09T16:14:05.679Z" hostname="3f33f7409819" tests="3" failures="0" errors="0" skipped="0" time="0.02365725">
        <testcase classname="src/ui/contexts/SessionContext.test.tsx" name="SessionStatsContext &gt; should provide the correct initial state" time="0.0107665">
            <system-err>
An update to Root inside a test was not wrapped in act(...).

When testing, code that causes React state updates should be wrapped into act(...):

act(() =&gt; {
  /* fire events that update state */
});
/* assert on the output */

This ensures that you&apos;re testing the behavior the user would see in the browser. Learn more at https://react.dev/link/wrap-tests-with-act
An update to SessionStatsProvider inside a test was not wrapped in act(...).

When testing, code that causes React state updates should be wrapped into act(...):

act(() =&gt; {
  /* fire events that update state */
});
/* assert on the output */

This ensures that you&apos;re testing the behavior the user would see in the browser. Learn more at https://react.dev/link/wrap-tests-with-act

            </system-err>
        </testcase>
        <testcase classname="src/ui/contexts/SessionContext.test.tsx" name="SessionStatsContext &gt; should update metrics when the uiTelemetryService emits an update" time="0.001788084">
            <system-err>
An update to Root inside a test was not wrapped in act(...).

When testing, code that causes React state updates should be wrapped into act(...):

act(() =&gt; {
  /* fire events that update state */
});
/* assert on the output */

This ensures that you&apos;re testing the behavior the user would see in the browser. Learn more at https://react.dev/link/wrap-tests-with-act
An update to SessionStatsProvider inside a test was not wrapped in act(...).

When testing, code that causes React state updates should be wrapped into act(...):

act(() =&gt; {
  /* fire events that update state */
});
/* assert on the output */

This ensures that you&apos;re testing the behavior the user would see in the browser. Learn more at https://react.dev/link/wrap-tests-with-act
`ReactDOMTestUtils.act` is deprecated in favor of `React.act`. Import `act` from `react` instead of `react-dom/test-utils`. See https://react.dev/warnings/react-dom-test-utils for more info.

            </system-err>
        </testcase>
        <testcase classname="src/ui/contexts/SessionContext.test.tsx" name="SessionStatsContext &gt; should throw an error when useSessionStats is used outside of a provider" time="0.010145042">
        </testcase>
    </testsuite>
    <testsuite name="src/ui/commands/aboutCommand.test.ts" timestamp="2025-08-09T16:14:05.681Z" hostname="3f33f7409819" tests="4" failures="0" errors="0" skipped="0" time="0.005268958">
        <testcase classname="src/ui/commands/aboutCommand.test.ts" name="aboutCommand &gt; should have the correct name and description" time="0.001427792">
        </testcase>
        <testcase classname="src/ui/commands/aboutCommand.test.ts" name="aboutCommand &gt; should call addItem with all version info" time="0.001904916">
        </testcase>
        <testcase classname="src/ui/commands/aboutCommand.test.ts" name="aboutCommand &gt; should show the correct sandbox environment variable" time="0.000621292">
        </testcase>
        <testcase classname="src/ui/commands/aboutCommand.test.ts" name="aboutCommand &gt; should show sandbox-exec profile when applicable" time="0.000418292">
        </testcase>
    </testsuite>
    <testsuite name="src/ui/commands/authCommand.test.ts" timestamp="2025-08-09T16:14:05.682Z" hostname="3f33f7409819" tests="2" failures="0" errors="0" skipped="0" time="0.002635208">
        <testcase classname="src/ui/commands/authCommand.test.ts" name="authCommand &gt; should return a dialog action to open the auth dialog" time="0.001745291">
        </testcase>
        <testcase classname="src/ui/commands/authCommand.test.ts" name="authCommand &gt; should have the correct name and description" time="0.000248166">
        </testcase>
    </testsuite>
    <testsuite name="src/ui/commands/bugCommand.test.ts" timestamp="2025-08-09T16:14:05.683Z" hostname="3f33f7409819" tests="2" failures="0" errors="0" skipped="0" time="0.003293625">
        <testcase classname="src/ui/commands/bugCommand.test.ts" name="bugCommand &gt; should generate the default GitHub issue URL" time="0.002202208">
        </testcase>
        <testcase classname="src/ui/commands/bugCommand.test.ts" name="bugCommand &gt; should use a custom URL template from config if provided" time="0.000390125">
        </testcase>
    </testsuite>
    <testsuite name="src/ui/commands/chatCommand.test.ts" timestamp="2025-08-09T16:14:05.683Z" hostname="3f33f7409819" tests="11" failures="0" errors="0" skipped="0" time="0.00804175">
        <testcase classname="src/ui/commands/chatCommand.test.ts" name="chatCommand &gt; should have the correct main command definition" time="0.001803583">
        </testcase>
        <testcase classname="src/ui/commands/chatCommand.test.ts" name="chatCommand &gt; list subcommand &gt; should inform when no checkpoints are found" time="0.000894625">
        </testcase>
        <testcase classname="src/ui/commands/chatCommand.test.ts" name="chatCommand &gt; list subcommand &gt; should list found checkpoints" time="0.000492958">
        </testcase>
        <testcase classname="src/ui/commands/chatCommand.test.ts" name="chatCommand &gt; save subcommand &gt; should return an error if tag is missing" time="0.000493792">
        </testcase>
        <testcase classname="src/ui/commands/chatCommand.test.ts" name="chatCommand &gt; save subcommand &gt; should inform if conversation history is empty" time="0.000335">
        </testcase>
        <testcase classname="src/ui/commands/chatCommand.test.ts" name="chatCommand &gt; save subcommand &gt; should save the conversation" time="0.000821">
        </testcase>
        <testcase classname="src/ui/commands/chatCommand.test.ts" name="chatCommand &gt; resume subcommand &gt; should return an error if tag is missing" time="0.0003865">
        </testcase>
        <testcase classname="src/ui/commands/chatCommand.test.ts" name="chatCommand &gt; resume subcommand &gt; should inform if checkpoint is not found" time="0.000424167">
        </testcase>
        <testcase classname="src/ui/commands/chatCommand.test.ts" name="chatCommand &gt; resume subcommand &gt; should resume a conversation" time="0.000383709">
        </testcase>
        <testcase classname="src/ui/commands/chatCommand.test.ts" name="chatCommand &gt; resume subcommand &gt; completion &gt; should provide completion suggestions" time="0.000662042">
        </testcase>
        <testcase classname="src/ui/commands/chatCommand.test.ts" name="chatCommand &gt; resume subcommand &gt; completion &gt; should suggest filenames sorted by modified time (newest first)" time="0.000548792">
        </testcase>
    </testsuite>
    <testsuite name="src/ui/commands/clearCommand.test.ts" timestamp="2025-08-09T16:14:05.686Z" hostname="3f33f7409819" tests="2" failures="0" errors="0" skipped="0" time="0.003691375">
        <testcase classname="src/ui/commands/clearCommand.test.ts" name="clearCommand &gt; should set debug message, reset chat, and clear UI when config is available" time="0.002488625">
        </testcase>
        <testcase classname="src/ui/commands/clearCommand.test.ts" name="clearCommand &gt; should not attempt to reset chat if config service is not available" time="0.000490167">
        </testcase>
    </testsuite>
    <testsuite name="src/ui/commands/compressCommand.test.ts" timestamp="2025-08-09T16:14:05.687Z" hostname="3f33f7409819" tests="5" failures="0" errors="0" skipped="0" time="0.005455083">
        <testcase classname="src/ui/commands/compressCommand.test.ts" name="compressCommand &gt; should do nothing if a compression is already pending" time="0.002976084">
        </testcase>
        <testcase classname="src/ui/commands/compressCommand.test.ts" name="compressCommand &gt; should set pending item, call tryCompressChat, and add result on success" time="0.000900167">
        </testcase>
        <testcase classname="src/ui/commands/compressCommand.test.ts" name="compressCommand &gt; should add an error message if tryCompressChat returns falsy" time="0.000298292">
        </testcase>
        <testcase classname="src/ui/commands/compressCommand.test.ts" name="compressCommand &gt; should add an error message if tryCompressChat throws" time="0.000335042">
        </testcase>
        <testcase classname="src/ui/commands/compressCommand.test.ts" name="compressCommand &gt; should clear the pending item in a finally block" time="0.000202">
        </testcase>
    </testsuite>
    <testsuite name="src/ui/commands/docsCommand.test.ts" timestamp="2025-08-09T16:14:05.688Z" hostname="3f33f7409819" tests="3" failures="0" errors="0" skipped="0" time="0.003784208">
        <testcase classname="src/ui/commands/docsCommand.test.ts" name="docsCommand &gt; should add an info message and call &apos;open&apos; in a non-sandbox environment" time="0.0024875">
        </testcase>
        <testcase classname="src/ui/commands/docsCommand.test.ts" name="docsCommand &gt; should only add an info message in a sandbox environment" time="0.000369709">
        </testcase>
        <testcase classname="src/ui/commands/docsCommand.test.ts" name="docsCommand &gt; should not open browser for &apos;sandbox-exec&apos;" time="0.000265959">
        </testcase>
    </testsuite>
    <testsuite name="src/ui/commands/editorCommand.test.ts" timestamp="2025-08-09T16:14:05.689Z" hostname="3f33f7409819" tests="2" failures="0" errors="0" skipped="0" time="0.002557584">
        <testcase classname="src/ui/commands/editorCommand.test.ts" name="editorCommand &gt; should return a dialog action to open the editor dialog" time="0.00172725">
        </testcase>
        <testcase classname="src/ui/commands/editorCommand.test.ts" name="editorCommand &gt; should have the correct name and description" time="0.000153833">
        </testcase>
    </testsuite>
    <testsuite name="src/ui/commands/extensionsCommand.test.ts" timestamp="2025-08-09T16:14:05.690Z" hostname="3f33f7409819" tests="2" failures="0" errors="0" skipped="0" time="0.003958208">
        <testcase classname="src/ui/commands/extensionsCommand.test.ts" name="extensionsCommand &gt; should display &quot;No active extensions.&quot; when none are found" time="0.002828291">
        </testcase>
        <testcase classname="src/ui/commands/extensionsCommand.test.ts" name="extensionsCommand &gt; should list active extensions when they are found" time="0.000361625">
        </testcase>
    </testsuite>
    <testsuite name="src/ui/commands/helpCommand.test.ts" timestamp="2025-08-09T16:14:05.690Z" hostname="3f33f7409819" tests="2" failures="0" errors="0" skipped="0" time="0.002934333">
        <testcase classname="src/ui/commands/helpCommand.test.ts" name="helpCommand &gt; should return a dialog action and log a debug message for &apos;/help&apos;" time="0.002119042">
        </testcase>
        <testcase classname="src/ui/commands/helpCommand.test.ts" name="helpCommand &gt; should also be triggered by its alternative name &apos;?&apos;" time="0.000120458">
        </testcase>
    </testsuite>
    <testsuite name="src/ui/commands/ideCommand.test.ts" timestamp="2025-08-09T16:14:05.691Z" hostname="3f33f7409819" tests="1" failures="1" errors="0" skipped="0" time="0">
        <testcase classname="src/ui/commands/ideCommand.test.ts" name="src/ui/commands/ideCommand.test.ts" time="0">
            <failure message="Failed to resolve import &quot;@google/gemini-cli-core&quot; from &quot;src/ui/commands/ideCommand.test.ts&quot;. Does the file exist?" type="Error">
Error: Failed to resolve import &quot;@google/gemini-cli-core&quot; from &quot;src/ui/commands/ideCommand.test.ts&quot;. Does the file exist?
  Plugin: vite:import-analysis
  File: /agents/packages/cli/src/ui/commands/ideCommand.test.ts:14:0
  12 |  const __vi_import_1__ = await import(&quot;child_process&quot;);
  13 |  const __vi_import_2__ = await import(&quot;glob&quot;);
  14 |  const __vi_import_3__ = await import(&quot;@google/gemini-cli-core&quot;);
     |                                       ^
  15 |  /**
  16 |   * @license
 ❯ TransformPluginContext._formatLog ../../node_modules/vite/dist/node/chunks/dep-Bsx9IwL8.js:31446:43
 ❯ TransformPluginContext.error ../../node_modules/vite/dist/node/chunks/dep-Bsx9IwL8.js:31443:14
 ❯ normalizeUrl ../../node_modules/vite/dist/node/chunks/dep-Bsx9IwL8.js:29992:18
 ❯ ../../node_modules/vite/dist/node/chunks/dep-Bsx9IwL8.js:30050:32
 ❯ TransformPluginContext.transform ../../node_modules/vite/dist/node/chunks/dep-Bsx9IwL8.js:30018:4
 ❯ EnvironmentPluginContainer.transform ../../node_modules/vite/dist/node/chunks/dep-Bsx9IwL8.js:31260:14
 ❯ loadAndTransform ../../node_modules/vite/dist/node/chunks/dep-Bsx9IwL8.js:26434:26
            </failure>
        </testcase>
    </testsuite>
    <testsuite name="src/ui/commands/mcpCommand.test.ts" timestamp="2025-08-09T16:14:05.692Z" hostname="3f33f7409819" tests="1" failures="1" errors="0" skipped="0" time="0">
        <testcase classname="src/ui/commands/mcpCommand.test.ts" name="src/ui/commands/mcpCommand.test.ts" time="0">
            <failure message="Failed to resolve import &quot;@google/gemini-cli-core&quot; from &quot;src/ui/commands/mcpCommand.test.ts&quot;. Does the file exist?" type="Error">
Error: Failed to resolve import &quot;@google/gemini-cli-core&quot; from &quot;src/ui/commands/mcpCommand.test.ts&quot;. Does the file exist?
  Plugin: vite:import-analysis
  File: /agents/packages/cli/src/ui/commands/mcpCommand.test.ts:10:0
  12 |  const __vi_import_0__ = await import(&quot;./mcpCommand.js&quot;);
  13 |  const __vi_import_1__ = await import(&quot;../../test-utils/mockCommandContext.js&quot;);
  14 |  const __vi_import_2__ = await import(&quot;@google/gemini-cli-core&quot;);
     |                                       ^
  15 |  const __vi_import_3__ = await import(&quot;open&quot;);
  16 |  const __vi_import_4__ = await import(&quot;@google/genai&quot;);
 ❯ TransformPluginContext._formatLog ../../node_modules/vite/dist/node/chunks/dep-Bsx9IwL8.js:31446:43
 ❯ TransformPluginContext.error ../../node_modules/vite/dist/node/chunks/dep-Bsx9IwL8.js:31443:14
 ❯ normalizeUrl ../../node_modules/vite/dist/node/chunks/dep-Bsx9IwL8.js:29992:18
 ❯ ../../node_modules/vite/dist/node/chunks/dep-Bsx9IwL8.js:30050:32
 ❯ TransformPluginContext.transform ../../node_modules/vite/dist/node/chunks/dep-Bsx9IwL8.js:30018:4
 ❯ EnvironmentPluginContainer.transform ../../node_modules/vite/dist/node/chunks/dep-Bsx9IwL8.js:31260:14
 ❯ loadAndTransform ../../node_modules/vite/dist/node/chunks/dep-Bsx9IwL8.js:26434:26
            </failure>
        </testcase>
    </testsuite>
    <testsuite name="src/ui/commands/memoryCommand.test.ts" timestamp="2025-08-09T16:14:05.693Z" hostname="3f33f7409819" tests="8" failures="0" errors="0" skipped="0" time="0.00603475">
        <testcase classname="src/ui/commands/memoryCommand.test.ts" name="memoryCommand &gt; /memory show &gt; should display a message if memory is empty" time="0.002620209">
        </testcase>
        <testcase classname="src/ui/commands/memoryCommand.test.ts" name="memoryCommand &gt; /memory show &gt; should display the memory content and file count if it exists" time="0.000386875">
        </testcase>
        <testcase classname="src/ui/commands/memoryCommand.test.ts" name="memoryCommand &gt; /memory add &gt; should return an error message if no arguments are provided" time="0.000319375">
        </testcase>
        <testcase classname="src/ui/commands/memoryCommand.test.ts" name="memoryCommand &gt; /memory add &gt; should return a tool action and add an info message when arguments are provided" time="0.000243334">
        </testcase>
        <testcase classname="src/ui/commands/memoryCommand.test.ts" name="memoryCommand &gt; /memory refresh &gt; should display success message when memory is refreshed with content" time="0.000375792">
        </testcase>
        <testcase classname="src/ui/commands/memoryCommand.test.ts" name="memoryCommand &gt; /memory refresh &gt; should display success message when memory is refreshed with no content" time="0.000250416">
        </testcase>
        <testcase classname="src/ui/commands/memoryCommand.test.ts" name="memoryCommand &gt; /memory refresh &gt; should display an error message if refreshing fails" time="0.000491625">
        </testcase>
        <testcase classname="src/ui/commands/memoryCommand.test.ts" name="memoryCommand &gt; /memory refresh &gt; should not throw if config service is unavailable" time="0.000599167">
        </testcase>
    </testsuite>
    <testsuite name="src/ui/commands/privacyCommand.test.ts" timestamp="2025-08-09T16:14:05.695Z" hostname="3f33f7409819" tests="2" failures="0" errors="0" skipped="0" time="0.003167">
        <testcase classname="src/ui/commands/privacyCommand.test.ts" name="privacyCommand &gt; should return a dialog action to open the privacy dialog" time="0.002227208">
        </testcase>
        <testcase classname="src/ui/commands/privacyCommand.test.ts" name="privacyCommand &gt; should have the correct name and description" time="0.00028075">
        </testcase>
    </testsuite>
    <testsuite name="src/ui/commands/quitCommand.test.ts" timestamp="2025-08-09T16:14:05.695Z" hostname="3f33f7409819" tests="1" failures="0" errors="0" skipped="0" time="0.004033208">
        <testcase classname="src/ui/commands/quitCommand.test.ts" name="quitCommand &gt; returns a QuitActionReturn object with the correct messages" time="0.003343917">
        </testcase>
    </testsuite>
    <testsuite name="src/ui/commands/statsCommand.test.ts" timestamp="2025-08-09T16:14:05.696Z" hostname="3f33f7409819" tests="3" failures="0" errors="0" skipped="0" time="0.005276292">
        <testcase classname="src/ui/commands/statsCommand.test.ts" name="statsCommand &gt; should display general session stats when run with no subcommand" time="0.00397425">
        </testcase>
        <testcase classname="src/ui/commands/statsCommand.test.ts" name="statsCommand &gt; should display model stats when using the &quot;model&quot; subcommand" time="0.000332333">
        </testcase>
        <testcase classname="src/ui/commands/statsCommand.test.ts" name="statsCommand &gt; should display tool stats when using the &quot;tools&quot; subcommand" time="0.000260834">
        </testcase>
    </testsuite>
    <testsuite name="src/ui/commands/synapticCommand.test.ts" timestamp="2025-08-09T16:14:05.697Z" hostname="3f33f7409819" tests="17" failures="17" errors="0" skipped="0" time="0.02892725">
        <testcase classname="src/ui/commands/synapticCommand.test.ts" name="synapticCommand &gt; 引数なしでダッシュボードを表示すること" time="0.016674917">
            <failure message="expected undefined to be true // Object.is equality" type="AssertionError">
AssertionError: expected undefined to be true // Object.is equality

- Expected: 
true

+ Received: 
undefined

 ❯ src/ui/commands/synapticCommand.test.ts:45:28
            </failure>
        </testcase>
        <testcase classname="src/ui/commands/synapticCommand.test.ts" name="synapticCommand &gt; helpコマンドでヘルプメッセージを表示すること" time="0.000614583">
            <failure message="expected undefined to be true // Object.is equality" type="AssertionError">
AssertionError: expected undefined to be true // Object.is equality

- Expected: 
true

+ Received: 
undefined

 ❯ src/ui/commands/synapticCommand.test.ts:57:28
            </failure>
        </testcase>
        <testcase classname="src/ui/commands/synapticCommand.test.ts" name="synapticCommand &gt; --helpフラグでヘルプメッセージを表示すること" time="0.000355292">
            <failure message="expected undefined to be true // Object.is equality" type="AssertionError">
AssertionError: expected undefined to be true // Object.is equality

- Expected: 
true

+ Received: 
undefined

 ❯ src/ui/commands/synapticCommand.test.ts:66:28
            </failure>
        </testcase>
        <testcase classname="src/ui/commands/synapticCommand.test.ts" name="synapticCommand &gt; -hフラグでヘルプメッセージを表示すること" time="0.000297292">
            <failure message="expected undefined to be true // Object.is equality" type="AssertionError">
AssertionError: expected undefined to be true // Object.is equality

- Expected: 
true

+ Received: 
undefined

 ❯ src/ui/commands/synapticCommand.test.ts:73:28
            </failure>
        </testcase>
        <testcase classname="src/ui/commands/synapticCommand.test.ts" name="synapticCommand &gt; statusコマンドでシステム状態を表示すること" time="0.000840208">
            <failure message="expected undefined to be true // Object.is equality" type="AssertionError">
AssertionError: expected undefined to be true // Object.is equality

- Expected: 
true

+ Received: 
undefined

 ❯ src/ui/commands/synapticCommand.test.ts:109:28
            </failure>
        </testcase>
        <testcase classname="src/ui/commands/synapticCommand.test.ts" name="synapticCommand &gt; searchコマンドでメモリ検索を実行すること" time="0.000437083">
            <failure message="expected undefined to be true // Object.is equality" type="AssertionError">
AssertionError: expected undefined to be true // Object.is equality

- Expected: 
true

+ Received: 
undefined

 ❯ src/ui/commands/synapticCommand.test.ts:143:28
            </failure>
        </testcase>
        <testcase classname="src/ui/commands/synapticCommand.test.ts" name="synapticCommand &gt; 検索クエリなしでsearchコマンドを実行した場合エラーになること" time="0.000289334">
            <failure message="expected undefined to be false // Object.is equality" type="AssertionError">
AssertionError: expected undefined to be false // Object.is equality

- Expected: 
false

+ Received: 
undefined

 ❯ src/ui/commands/synapticCommand.test.ts:153:28
            </failure>
        </testcase>
        <testcase classname="src/ui/commands/synapticCommand.test.ts" name="synapticCommand &gt; activateコマンドでメモリ活性化を実行すること" time="0.000426">
            <failure message="expected undefined to be true // Object.is equality" type="AssertionError">
AssertionError: expected undefined to be true // Object.is equality

- Expected: 
true

+ Received: 
undefined

 ❯ src/ui/commands/synapticCommand.test.ts:179:28
            </failure>
        </testcase>
        <testcase classname="src/ui/commands/synapticCommand.test.ts" name="synapticCommand &gt; メモリIDなしでactivateコマンドを実行した場合エラーになること" time="0.000422625">
            <failure message="expected undefined to be false // Object.is equality" type="AssertionError">
AssertionError: expected undefined to be false // Object.is equality

- Expected: 
false

+ Received: 
undefined

 ❯ src/ui/commands/synapticCommand.test.ts:188:28
            </failure>
        </testcase>
        <testcase classname="src/ui/commands/synapticCommand.test.ts" name="synapticCommand &gt; 存在しないサブコマンドでエラーになること" time="0.000289708">
            <failure message="expected undefined to be false // Object.is equality" type="AssertionError">
AssertionError: expected undefined to be false // Object.is equality

- Expected: 
false

+ Received: 
undefined

 ❯ src/ui/commands/synapticCommand.test.ts:195:28
            </failure>
        </testcase>
        <testcase classname="src/ui/commands/synapticCommand.test.ts" name="synapticCommand &gt; ダッシュボード表示エラーをハンドリングすること" time="0.000319459">
            <failure message="expected undefined to be false // Object.is equality" type="AssertionError">
AssertionError: expected undefined to be false // Object.is equality

- Expected: 
false

+ Received: 
undefined

 ❯ src/ui/commands/synapticCommand.test.ts:204:28
            </failure>
        </testcase>
        <testcase classname="src/ui/commands/synapticCommand.test.ts" name="synapticCommand &gt; status取得エラーをハンドリングすること" time="0.000444917">
            <failure message="expected undefined to be false // Object.is equality" type="AssertionError">
AssertionError: expected undefined to be false // Object.is equality

- Expected: 
false

+ Received: 
undefined

 ❯ src/ui/commands/synapticCommand.test.ts:221:28
            </failure>
        </testcase>
        <testcase classname="src/ui/commands/synapticCommand.test.ts" name="synapticCommand &gt; 検索エラーをハンドリングすること" time="0.000372417">
            <failure message="expected undefined to be false // Object.is equality" type="AssertionError">
AssertionError: expected undefined to be false // Object.is equality

- Expected: 
false

+ Received: 
undefined

 ❯ src/ui/commands/synapticCommand.test.ts:236:28
            </failure>
        </testcase>
        <testcase classname="src/ui/commands/synapticCommand.test.ts" name="synapticCommand &gt; 活性化エラーをハンドリングすること" time="0.00037475">
            <failure message="expected undefined to be false // Object.is equality" type="AssertionError">
AssertionError: expected undefined to be false // Object.is equality

- Expected: 
false

+ Received: 
undefined

 ❯ src/ui/commands/synapticCommand.test.ts:253:28
            </failure>
        </testcase>
        <testcase classname="src/ui/commands/synapticCommand.test.ts" name="synapticCommand &gt; 検索結果が空の場合の処理" time="0.000344375">
            <failure message="expected undefined to be true // Object.is equality" type="AssertionError">
AssertionError: expected undefined to be true // Object.is equality

- Expected: 
true

+ Received: 
undefined

 ❯ src/ui/commands/synapticCommand.test.ts:268:28
            </failure>
        </testcase>
        <testcase classname="src/ui/commands/synapticCommand.test.ts" name="synapticCommand &gt; 活性化結果が空の場合の処理" time="0.00068125">
            <failure message="expected undefined to be true // Object.is equality" type="AssertionError">
AssertionError: expected undefined to be true // Object.is equality

- Expected: 
true

+ Received: 
undefined

 ❯ src/ui/commands/synapticCommand.test.ts:285:28
            </failure>
        </testcase>
        <testcase classname="src/ui/commands/synapticCommand.test.ts" name="synapticCommand &gt; 複雑な検索クエリを正しく解析すること" time="0.004390375">
            <failure message="expected &quot;spy&quot; to be called with arguments: [ &apos;複雑な検索クエリ&apos;, 10 ][90m

Number of calls: [1m0[22m
[39m" type="AssertionError">
AssertionError: expected &quot;spy&quot; to be called with arguments: [ &apos;複雑な検索クエリ&apos;, 10 ]

Number of calls: 0

 ❯ src/ui/commands/synapticCommand.test.ts:301:34
            </failure>
        </testcase>
    </testsuite>
    <testsuite name="src/ui/commands/themeCommand.test.ts" timestamp="2025-08-09T16:14:05.707Z" hostname="3f33f7409819" tests="2" failures="0" errors="0" skipped="0" time="0.002859292">
        <testcase classname="src/ui/commands/themeCommand.test.ts" name="themeCommand &gt; should return a dialog action to open the theme dialog" time="0.0017915">
        </testcase>
        <testcase classname="src/ui/commands/themeCommand.test.ts" name="themeCommand &gt; should have the correct name and description" time="0.000299125">
        </testcase>
    </testsuite>
    <testsuite name="src/ui/commands/toolsCommand.test.ts" timestamp="2025-08-09T16:14:05.707Z" hostname="3f33f7409819" tests="4" failures="0" errors="0" skipped="0" time="0.004844375">
        <testcase classname="src/ui/commands/toolsCommand.test.ts" name="toolsCommand &gt; should display an error if the tool registry is unavailable" time="0.002923667">
        </testcase>
        <testcase classname="src/ui/commands/toolsCommand.test.ts" name="toolsCommand &gt; should display &quot;No tools available&quot; when none are found" time="0.000635833">
        </testcase>
        <testcase classname="src/ui/commands/toolsCommand.test.ts" name="toolsCommand &gt; should list tools without descriptions by default" time="0.000366292">
        </testcase>
        <testcase classname="src/ui/commands/toolsCommand.test.ts" name="toolsCommand &gt; should list tools with descriptions when &quot;desc&quot; arg is passed" time="0.000214375">
        </testcase>
    </testsuite>
    <testsuite name="src/ui/components/AuthDialog.test.tsx" timestamp="2025-08-09T16:14:05.708Z" hostname="3f33f7409819" tests="10" failures="0" errors="0" skipped="0" time="0.387879833">
        <testcase classname="src/ui/components/AuthDialog.test.tsx" name="AuthDialog &gt; should show an error if the initial auth type is invalid" time="0.021596875">
        </testcase>
        <testcase classname="src/ui/components/AuthDialog.test.tsx" name="AuthDialog &gt; GEMINI_API_KEY environment variable &gt; should detect GEMINI_API_KEY environment variable" time="0.010335958">
        </testcase>
        <testcase classname="src/ui/components/AuthDialog.test.tsx" name="AuthDialog &gt; GEMINI_API_KEY environment variable &gt; should not show the GEMINI_API_KEY message if GEMINI_DEFAULT_AUTH_TYPE is set to something else" time="0.004591625">
        </testcase>
        <testcase classname="src/ui/components/AuthDialog.test.tsx" name="AuthDialog &gt; GEMINI_API_KEY environment variable &gt; should show the GEMINI_API_KEY message if GEMINI_DEFAULT_AUTH_TYPE is set to use api key" time="0.004759334">
        </testcase>
        <testcase classname="src/ui/components/AuthDialog.test.tsx" name="AuthDialog &gt; GEMINI_DEFAULT_AUTH_TYPE environment variable &gt; should select the auth type specified by GEMINI_DEFAULT_AUTH_TYPE" time="0.004582">
        </testcase>
        <testcase classname="src/ui/components/AuthDialog.test.tsx" name="AuthDialog &gt; GEMINI_DEFAULT_AUTH_TYPE environment variable &gt; should fall back to default if GEMINI_DEFAULT_AUTH_TYPE is not set" time="0.004371459">
        </testcase>
        <testcase classname="src/ui/components/AuthDialog.test.tsx" name="AuthDialog &gt; GEMINI_DEFAULT_AUTH_TYPE environment variable &gt; should show an error and fall back to default if GEMINI_DEFAULT_AUTH_TYPE is invalid" time="0.012423375">
        </testcase>
        <testcase classname="src/ui/components/AuthDialog.test.tsx" name="AuthDialog &gt; should prevent exiting when no auth method is selected and show error message" time="0.108701708">
        </testcase>
        <testcase classname="src/ui/components/AuthDialog.test.tsx" name="AuthDialog &gt; should not exit if there is already an error message" time="0.107915584">
        </testcase>
        <testcase classname="src/ui/components/AuthDialog.test.tsx" name="AuthDialog &gt; should allow exiting when auth method is already selected" time="0.107565959">
        </testcase>
    </testsuite>
    <testsuite name="src/ui/components/HistoryItemDisplay.test.tsx" timestamp="2025-08-09T16:14:05.711Z" hostname="3f33f7409819" tests="6" failures="0" errors="0" skipped="0" time="0.052434208">
        <testcase classname="src/ui/components/HistoryItemDisplay.test.tsx" name="&lt;HistoryItemDisplay /&gt; &gt; renders UserMessage for &quot;user&quot; type" time="0.012712791">
        </testcase>
        <testcase classname="src/ui/components/HistoryItemDisplay.test.tsx" name="&lt;HistoryItemDisplay /&gt; &gt; renders StatsDisplay for &quot;stats&quot; type" time="0.004955">
        </testcase>
        <testcase classname="src/ui/components/HistoryItemDisplay.test.tsx" name="&lt;HistoryItemDisplay /&gt; &gt; renders AboutBox for &quot;about&quot; type" time="0.004430625">
        </testcase>
        <testcase classname="src/ui/components/HistoryItemDisplay.test.tsx" name="&lt;HistoryItemDisplay /&gt; &gt; renders ModelStatsDisplay for &quot;model_stats&quot; type" time="0.001743375">
        </testcase>
        <testcase classname="src/ui/components/HistoryItemDisplay.test.tsx" name="&lt;HistoryItemDisplay /&gt; &gt; renders ToolStatsDisplay for &quot;tool_stats&quot; type" time="0.001598125">
        </testcase>
        <testcase classname="src/ui/components/HistoryItemDisplay.test.tsx" name="&lt;HistoryItemDisplay /&gt; &gt; renders SessionSummaryDisplay for &quot;quit&quot; type" time="0.026264459">
        </testcase>
    </testsuite>
    <testsuite name="src/ui/components/InputPrompt.test.tsx" timestamp="2025-08-09T16:14:05.712Z" hostname="3f33f7409819" tests="22" failures="0" errors="0" skipped="0" time="2.458383751">
        <testcase classname="src/ui/components/InputPrompt.test.tsx" name="InputPrompt &gt; should call shellHistory.getPreviousCommand on up arrow in shell mode" time="0.125733125">
        </testcase>
        <testcase classname="src/ui/components/InputPrompt.test.tsx" name="InputPrompt &gt; should call shellHistory.getNextCommand on down arrow in shell mode" time="0.106174792">
        </testcase>
        <testcase classname="src/ui/components/InputPrompt.test.tsx" name="InputPrompt &gt; should set the buffer text when a shell history command is retrieved" time="0.105563333">
        </testcase>
        <testcase classname="src/ui/components/InputPrompt.test.tsx" name="InputPrompt &gt; should call shellHistory.addCommandToHistory on submit in shell mode" time="0.106426667">
        </testcase>
        <testcase classname="src/ui/components/InputPrompt.test.tsx" name="InputPrompt &gt; should NOT call shell history methods when not in shell mode" time="0.208275292">
        </testcase>
        <testcase classname="src/ui/components/InputPrompt.test.tsx" name="InputPrompt &gt; clipboard image paste &gt; should handle Ctrl+V when clipboard has an image" time="0.105686125">
        </testcase>
        <testcase classname="src/ui/components/InputPrompt.test.tsx" name="InputPrompt &gt; clipboard image paste &gt; should not insert anything when clipboard has no image" time="0.105771458">
        </testcase>
        <testcase classname="src/ui/components/InputPrompt.test.tsx" name="InputPrompt &gt; clipboard image paste &gt; should handle image save failure gracefully" time="0.106283959">
        </testcase>
        <testcase classname="src/ui/components/InputPrompt.test.tsx" name="InputPrompt &gt; clipboard image paste &gt; should insert image path at cursor position with proper spacing" time="0.105402584">
        </testcase>
        <testcase classname="src/ui/components/InputPrompt.test.tsx" name="InputPrompt &gt; clipboard image paste &gt; should handle errors during clipboard operations" time="0.106258791">
        </testcase>
        <testcase classname="src/ui/components/InputPrompt.test.tsx" name="InputPrompt &gt; should complete a partial parent command and add a space" time="0.106343">
        </testcase>
        <testcase classname="src/ui/components/InputPrompt.test.tsx" name="InputPrompt &gt; should append a sub-command when the parent command is already complete with a space" time="0.105970167">
        </testcase>
        <testcase classname="src/ui/components/InputPrompt.test.tsx" name="InputPrompt &gt; should handle the &quot;backspace&quot; edge case correctly" time="0.105933625">
        </testcase>
        <testcase classname="src/ui/components/InputPrompt.test.tsx" name="InputPrompt &gt; should complete a partial argument for a command" time="0.106523875">
        </testcase>
        <testcase classname="src/ui/components/InputPrompt.test.tsx" name="InputPrompt &gt; should autocomplete on Enter when suggestions are active, without submitting" time="0.106747751">
        </testcase>
        <testcase classname="src/ui/components/InputPrompt.test.tsx" name="InputPrompt &gt; should complete a command based on its altName" time="0.106119417">
        </testcase>
        <testcase classname="src/ui/components/InputPrompt.test.tsx" name="InputPrompt &gt; should not submit on Enter when the buffer is empty or only contains whitespace" time="0.104480708">
        </testcase>
        <testcase classname="src/ui/components/InputPrompt.test.tsx" name="InputPrompt &gt; should submit directly on Enter when a complete leaf command is typed" time="0.106202541">
        </testcase>
        <testcase classname="src/ui/components/InputPrompt.test.tsx" name="InputPrompt &gt; should autocomplete an @-path on Enter without submitting" time="0.109694125">
        </testcase>
        <testcase classname="src/ui/components/InputPrompt.test.tsx" name="InputPrompt &gt; should add a newline on enter when the line ends with a backslash" time="0.106421208">
        </testcase>
        <testcase classname="src/ui/components/InputPrompt.test.tsx" name="InputPrompt &gt; should clear the buffer on Ctrl+C if it has text" time="0.105623792">
        </testcase>
        <testcase classname="src/ui/components/InputPrompt.test.tsx" name="InputPrompt &gt; should NOT clear the buffer on Ctrl+C if it is empty" time="0.104784333">
        </testcase>
    </testsuite>
    <testsuite name="src/ui/components/LoadingIndicator.test.tsx" timestamp="2025-08-09T16:14:05.717Z" hostname="3f33f7409819" tests="11" failures="0" errors="0" skipped="0" time="0.026943916">
        <testcase classname="src/ui/components/LoadingIndicator.test.tsx" name="&lt;LoadingIndicator /&gt; &gt; should not render when streamingState is Idle" time="0.007971625">
        </testcase>
        <testcase classname="src/ui/components/LoadingIndicator.test.tsx" name="&lt;LoadingIndicator /&gt; &gt; should render spinner, phrase, and time when streamingState is Responding" time="0.004661583">
        </testcase>
        <testcase classname="src/ui/components/LoadingIndicator.test.tsx" name="&lt;LoadingIndicator /&gt; &gt; should render spinner (static), phrase but no time/cancel when streamingState is WaitingForConfirmation" time="0.001789542">
        </testcase>
        <testcase classname="src/ui/components/LoadingIndicator.test.tsx" name="&lt;LoadingIndicator /&gt; &gt; should display the currentLoadingPhrase correctly" time="0.001158291">
        </testcase>
        <testcase classname="src/ui/components/LoadingIndicator.test.tsx" name="&lt;LoadingIndicator /&gt; &gt; should display the elapsedTime correctly when Responding" time="0.001162375">
        </testcase>
        <testcase classname="src/ui/components/LoadingIndicator.test.tsx" name="&lt;LoadingIndicator /&gt; &gt; should display the elapsedTime correctly in human-readable format" time="0.001130416">
        </testcase>
        <testcase classname="src/ui/components/LoadingIndicator.test.tsx" name="&lt;LoadingIndicator /&gt; &gt; should render rightContent when provided" time="0.00103975">
        </testcase>
        <testcase classname="src/ui/components/LoadingIndicator.test.tsx" name="&lt;LoadingIndicator /&gt; &gt; should transition correctly between states using rerender" time="0.003701792">
        </testcase>
        <testcase classname="src/ui/components/LoadingIndicator.test.tsx" name="&lt;LoadingIndicator /&gt; &gt; should display fallback phrase if thought is empty" time="0.000987625">
        </testcase>
        <testcase classname="src/ui/components/LoadingIndicator.test.tsx" name="&lt;LoadingIndicator /&gt; &gt; should display the subject of a thought" time="0.001286625">
        </testcase>
        <testcase classname="src/ui/components/LoadingIndicator.test.tsx" name="&lt;LoadingIndicator /&gt; &gt; should prioritize thought.subject over currentLoadingPhrase" time="0.001222125">
        </testcase>
    </testsuite>
    <testsuite name="src/ui/components/ModelStatsDisplay.test.tsx" timestamp="2025-08-09T16:14:05.720Z" hostname="3f33f7409819" tests="6" failures="0" errors="0" skipped="0" time="0.051143667">
        <testcase classname="src/ui/components/ModelStatsDisplay.test.tsx" name="&lt;ModelStatsDisplay /&gt; &gt; should render &quot;no API calls&quot; message when there are no active models" time="0.013788541">
        </testcase>
        <testcase classname="src/ui/components/ModelStatsDisplay.test.tsx" name="&lt;ModelStatsDisplay /&gt; &gt; should not display conditional rows if no model has data for them" time="0.009407208">
        </testcase>
        <testcase classname="src/ui/components/ModelStatsDisplay.test.tsx" name="&lt;ModelStatsDisplay /&gt; &gt; should display conditional rows if at least one model has data" time="0.007423042">
        </testcase>
        <testcase classname="src/ui/components/ModelStatsDisplay.test.tsx" name="&lt;ModelStatsDisplay /&gt; &gt; should display stats for multiple models correctly" time="0.009329917">
        </testcase>
        <testcase classname="src/ui/components/ModelStatsDisplay.test.tsx" name="&lt;ModelStatsDisplay /&gt; &gt; should handle large values without wrapping or overlapping" time="0.005277417">
        </testcase>
        <testcase classname="src/ui/components/ModelStatsDisplay.test.tsx" name="&lt;ModelStatsDisplay /&gt; &gt; should display a single model correctly" time="0.005101666">
        </testcase>
    </testsuite>
    <testsuite name="src/ui/components/SessionSummaryDisplay.test.tsx" timestamp="2025-08-09T16:14:05.722Z" hostname="3f33f7409819" tests="1" failures="0" errors="0" skipped="0" time="0.052407417">
        <testcase classname="src/ui/components/SessionSummaryDisplay.test.tsx" name="&lt;SessionSummaryDisplay /&gt; &gt; renders the summary display with a title" time="0.051673167">
        </testcase>
    </testsuite>
    <testsuite name="src/ui/components/StatsDisplay.test.tsx" timestamp="2025-08-09T16:14:05.722Z" hostname="3f33f7409819" tests="10" failures="0" errors="0" skipped="0" time="0.096838834">
        <testcase classname="src/ui/components/StatsDisplay.test.tsx" name="&lt;StatsDisplay /&gt; &gt; renders only the Performance section in its zero state" time="0.017014459">
        </testcase>
        <testcase classname="src/ui/components/StatsDisplay.test.tsx" name="&lt;StatsDisplay /&gt; &gt; renders a table with two models correctly" time="0.019872083">
        </testcase>
        <testcase classname="src/ui/components/StatsDisplay.test.tsx" name="&lt;StatsDisplay /&gt; &gt; renders all sections when all data is present" time="0.008466083">
        </testcase>
        <testcase classname="src/ui/components/StatsDisplay.test.tsx" name="&lt;StatsDisplay /&gt; &gt; Conditional Rendering Tests &gt; hides User Agreement when no decisions are made" time="0.004186708">
        </testcase>
        <testcase classname="src/ui/components/StatsDisplay.test.tsx" name="&lt;StatsDisplay /&gt; &gt; Conditional Rendering Tests &gt; hides Efficiency section when cache is not used" time="0.004297209">
        </testcase>
        <testcase classname="src/ui/components/StatsDisplay.test.tsx" name="&lt;StatsDisplay /&gt; &gt; Conditional Color Tests &gt; renders success rate in green for high values" time="0.005579083">
        </testcase>
        <testcase classname="src/ui/components/StatsDisplay.test.tsx" name="&lt;StatsDisplay /&gt; &gt; Conditional Color Tests &gt; renders success rate in yellow for medium values" time="0.003605042">
        </testcase>
        <testcase classname="src/ui/components/StatsDisplay.test.tsx" name="&lt;StatsDisplay /&gt; &gt; Conditional Color Tests &gt; renders success rate in red for low values" time="0.003382375">
        </testcase>
        <testcase classname="src/ui/components/StatsDisplay.test.tsx" name="&lt;StatsDisplay /&gt; &gt; Title Rendering &gt; renders the default title when no title prop is provided" time="0.002702542">
        </testcase>
        <testcase classname="src/ui/components/StatsDisplay.test.tsx" name="&lt;StatsDisplay /&gt; &gt; Title Rendering &gt; renders the custom title when a title prop is provided" time="0.026831083">
        </testcase>
    </testsuite>
    <testsuite name="src/ui/components/SynapticMemoryDashboard.test.tsx" timestamp="2025-08-09T16:14:05.725Z" hostname="3f33f7409819" tests="12" failures="12" errors="0" skipped="0" time="4.257066044">
        <testcase classname="src/ui/components/SynapticMemoryDashboard.test.tsx" name="SynapticMemoryDashboard &gt; 正常にレンダリングされること" time="0.072593625">
            <failure message="Unable to find an element with the text: Synaptic Memory Dashboard. This could be because the text is broken up by multiple elements. In this case, you can provide a function for your text matcher to make your matcher more flexible.

Ignored nodes: comments, script, style
[36m&lt;body&gt;[39m
  [36m&lt;div&gt;[39m
    [36m&lt;ink-box[39m
      [33mstyle[39m=[32m&quot;flex-wrap: nowrap; flex-direction: column; flex-grow: 0; flex-shrink: 1; width: 52px; height: 20px; padding: 1px; overflow-x: visible; overflow-y: visible;&quot;[39m
    [36m&gt;[39m
      [36m&lt;ink-box[39m
        [33mstyle[39m=[32m&quot;flex-wrap: nowrap; flex-direction: row; flex-grow: 0; flex-shrink: 1; margin-bottom: 1px; overflow-x: visible; overflow-y: visible;&quot;[39m
      [36m&gt;[39m
        [36m&lt;ink-text[39m
          [33mstyle[39m=[32m&quot;flex-grow: 0; flex-shrink: 1; flex-direction: row; text-wrap: wrap;&quot;[39m
        [36m&gt;[39m
          [0mシナプス記憶システム ダッシュボード[0m
        [36m&lt;/ink-text&gt;[39m
      [36m&lt;/ink-box&gt;[39m
      [36m&lt;ink-box[39m
        [33mstyle[39m=[32m&quot;flex-wrap: nowrap; flex-direction: row; flex-grow: 0; flex-shrink: 1; margin-bottom: 1px; overflow-x: visible; overflow-y: visible;&quot;[39m
      [36m&gt;[39m
        [36m&lt;ink-box[39m
          [33mstyle[39m=[32m&quot;flex-wrap: nowrap; flex-direction: row; flex-grow: 0; flex-shrink: 1; margin-right: 2px; overflow-x: visible; overflow-y: visible;&quot;[39m
        [36m&gt;[39m
          [36m&lt;ink-text[39m
            [33mstyle[39m=[32m&quot;flex-grow: 0; flex-shrink: 1; flex-direction: row; text-wrap: wrap;&quot;[39m
          [36m&gt;[39m
            [0m[[0m
            [0m1[0m
            [0m] [0m
            [0m記憶一覧[0m
          [36m&lt;/ink-text&gt;[39m
        [36m&lt;/ink-box&gt;[39m
        [36m&lt;ink-box[39m
          [33mstyle[39m=[32m&quot;flex-wrap: nowrap; flex-direction: row; flex-grow: 0; flex-shrink: 1; margin-right: 2px; overflow-x: visible; overflow-y: visible;&quot;[39m
        [36m&gt;[39m
          [36m&lt;ink-text[39m
            [33mstyle[39m=[32m&quot;flex-grow: 0; flex-shrink: 1; flex-direction: row; text-wrap: wrap;&quot;[39m
          [36m&gt;[39m
            [0m[[0m
            [0m2[0m
            [0m] [0m
            [0mシナプス結合[0m
          [36m&lt;/ink-text&gt;[39m
        [36m&lt;/ink-box&gt;[39m
        [36m&lt;ink-box[39m
          [33mstyle[39m=[32m&quot;flex-wrap: nowrap; flex-direction: row; flex-grow: 0; flex-shrink: 1; margin-right: 2px; overflow-x: visible; overflow-y: visible;&quot;[39m
        [36m&gt;[39m
          [36m&lt;ink-text[39m
            [33mstyle[39m=[32m&quot;flex-grow: 0; flex-shrink: 1; flex-direction: row; text-wrap: wrap;&quot;[39m
          [36m&gt;[39m
            [0m[[0m
            [0m3[0m
            [0m] [0m
            [0mネットワーク診断[0m
          [36m&lt;/ink-text&gt;[39m
        [36m&lt;/ink-box&gt;[39m
        [36m&lt;ink-box[39m
          [33mstyle[39m=[32m&quot;flex-wrap: nowrap; flex-direction: row; flex-grow: 0; flex-shrink: 1; margin-right: 2px; overflow-x: visible; overflow-y: visible;&quot;[39m
        [36m&gt;[39m
          [36m&lt;ink-text[39m
            [33mstyle[39m=[32m&quot;flex-grow: 0; flex-shrink: 1; flex-direction: row; text-wrap: wrap;&quot;[39m
          [36m&gt;[39m
            [0m[[0m
            [0m4[0m
            [0m] [0m
            [0m設定[0m
          [36m&lt;/ink-text&gt;[39m
        [36m&lt;/ink-box&gt;[39m
      [36m&lt;/ink-box&gt;[39m
      [36m&lt;ink-box[39m
        [33mstyle[39m=[32m&quot;flex-wrap: nowrap; flex-direction: row; flex-grow: 1; flex-shrink: 1; overflow: hidden; overflow-x: hidden; overflow-y: hidden;&quot;[39m
      [36m&gt;[39m
        [36m&lt;ink-box[39m
          [33mstyle[39m=[32m&quot;flex-wrap: nowrap; flex-direction: column; flex-grow: 1; flex-shrink: 1; overflow-x: visible; overflow-y: visible;&quot;[39m
        [36m&gt;[39m
          [36m&lt;ink-box[39m
            [33mstyle[39m=[32m&quot;flex-wrap: nowrap; flex-direction: row; flex-grow: 0; flex-shrink: 1; margin-bottom: 1px; overflow-x: visible; overflow-y: visible;&quot;[39m
          [36m&gt;[39m
            [36m&lt;ink-text[39m
              [33mstyle[39m=[32m&quot;flex-grow: 0; flex-shrink: 1; flex-direction: row; text-wrap: wrap;&quot;[39m
            [36m&gt;[39m
              [0m記憶一覧 ([0m
              [0m3[0m
              [0m件)[0m
            [36m&lt;/ink-text&gt;[39m
          [36m&lt;/ink-box&gt;[39m
          [36m&lt;ink-box[39m
            [33mstyle[39m=[32m&quot;flex-wrap: nowrap; flex-direction: column; flex-grow: 0; flex-shrink: 0; width: 48px; overflow-x: visible; overflow-y: visible;&quot;[39m
          [36m&gt;[39m
            [36m&lt;ink-box[39m
              [33mstyle[39m=[32m&quot;flex-wrap: nowrap; flex-direction: row; flex-grow: 0; flex-shrink: 1; overflow-x: visible; overflow-y: visible;&quot;[39m
            [36m&gt;[39m
              [36m&lt;ink-text[39m
                [33mstyle[39m=[32m&quot;flex-grow: 0; flex-shrink: 1; flex-direction: row; text-wrap: wrap;&quot;[39m
              [36m&gt;[39m
                [0m► [0m
              [36m&lt;/ink-text&gt;[39m
              [36m&lt;ink-text[39m
                [33mstyle[39m=[32m&quot;flex-grow: 0; flex-shrink: 1; flex-direction: row; text-wrap: wrap;&quot;[39m
              [36m&gt;[39m
                [0m[[0m
              [36m&lt;/ink-text&gt;[39m
              [36m&lt;ink-text[39m
                [33mstyle[39m=[32m&quot;flex-grow: 0; flex-shrink: 1; flex-direction: row; text-wrap: wrap;&quot;[39m
              [36m&gt;[39m
                [0mmem-001[0m
              [36m&lt;/ink-text&gt;[39m
              [36m&lt;ink-text[39m
                [33mstyle[39m=[32m&quot;flex-grow: 0; flex-shrink: 1; flex-direction: row; text-wrap: wrap;&quot;[39m
              [36m&gt;[39m
                [0m] [0m
              [36m&lt;/ink-text&gt;[39m
              [36m&lt;ink-text[39m
                [33mstyle[39m=[32m&quot;flex-grow: 0; flex-shrink: 1; flex-direction: row; text-wrap: wrap;&quot;[39m
              [36m&gt;[39m
                [0mGPT-5プロンプトガイドの分析結果[0m
              [36m&lt;/ink-text&gt;[39m
            [36m&lt;/ink-box&gt;[39m
            [36m&lt;ink-box[39m
              [33mstyle[39m=[32m&quot;flex-wrap: nowrap; flex-direction: row; flex-grow: 0; flex-shrink: 1; overflow-x: visible; overflow-y: visible;&quot;[39m
            [36m&gt;[39m
              [36m&lt;ink-text[39m
                [33mstyle[39m=[32m&quot;flex-grow: 0; flex-shrink: 1; flex-direction: row; text-wrap: wrap;&quot;[39m
              [36m&gt;[39m
                [0m  [0m
              [36m&lt;/ink-text&gt;[39m
              [36m&lt;ink-text[39m
                [33mstyle[39m=[32m&quot;flex-grow: 0; flex-shrink: 1; flex-direction: row; text-wrap: wrap;&quot;[39m
              [36m&gt;[39m
                [0m[[0m
              [36m&lt;/ink-text&gt;[39m
              [36m&lt;ink-text[39m
                [33mstyle[39m=[32m&quot;flex-grow: 0; flex-shrink: 1; flex-direction: row; text-wrap: wrap;&quot;[39m
              [36m&gt;[39m
                [0mmem-002[0m
              [36m&lt;/ink-text&gt;[39m
              [36m&lt;ink-text[39m
                [33mstyle[39m=[32m&quot;flex-grow: 0; flex-shrink: 1; flex-direction: row; text-wrap: wrap;&quot;[39m
              [36m&gt;[39m
                [0m] [0m
              [36m&lt;/ink-text&gt;[39m
              [36m&lt;ink-text[39m
                [33mstyle[39m=[32m&quot;flex-grow: 0; flex-shrink: 1; flex-direction: row; text-wrap: wrap;&quot;[39m
              [36m&gt;[39m
                [0mシナプス記憶システムのPhase 2実装完了[0m
              [36m&lt;/ink-text&gt;[39m
            [36m&lt;/ink-box&gt;[39m
            [36m&lt;ink-box[39m
              [33mstyle[39m=[32m&quot;flex-wrap: nowrap; flex-direction: row; flex-grow: 0; flex-shrink: 1; overflow-x: visible; overflow-y: visible;&quot;[39m
            [36m&gt;[39m
              [36m&lt;ink-text[39m
                [33mstyle[39m=[32m&quot;flex-grow: 0; flex-shrink: 1; flex-direction: row; text-wrap: wrap;&quot;[39m
              [36m&gt;[39m
                [0m  [0m
              [36m&lt;/ink-text&gt;[39m
              [36m&lt;ink-text[39m
                [33mstyle[39m=[32m&quot;flex-grow: 0; flex-shrink: 1; flex-direction: row; text-wrap: wrap;&quot;[39m
              [36m&gt;[39m
                [0m[[0m
              [36m&lt;/ink-text&gt;[39m
              [36m&lt;ink-text[39m
                [33mstyle[39m=[32m&quot;flex-grow: 0; flex-shrink: 1; flex-direction: row; text-wrap: wrap;&quot;[39m
              [36m&gt;[39m
                [0mmem-003[0m
              [36m&lt;/ink-text&gt;[39m
              [36m&lt;ink-text[39m
                [33mstyle[39m=[32m&quot;flex-grow: 0; flex-shrink: 1; flex-direction: row; text-wrap: wrap;&quot;[39m
              [36m&gt;[39m
                [0m] [0m
              [36m&lt;/ink-text&gt;[39m
              [36m&lt;ink-text[39m
                [33mstyle[39m=[32m&quot;flex-grow: 0; flex-shrink: 1; flex-direction: row; text-wrap: wrap;&quot;[39m
              [36m&gt;[39m
                [0mRESTful API設計とエンドポイント定義[0m
              [36m&lt;/ink-text&gt;[39m
            [36m&lt;/ink-box&gt;[39m
          [36m&lt;/ink-box&gt;[39m
          [36m&lt;ink-box[39m
            [33mstyle[39m=[32m&quot;flex-wrap: nowrap; flex-direction: row; flex-grow: 0; flex-shrink: 1; margin-top: 1px; border-color: rgb(108, 112, 134); padding: 1px; overflow-x: visible; overflow-y: visible;&quot;[39m
          [36m&gt;[39m
            [36m&lt;ink-box[39m
              [33mstyle[39m=[32m&quot;flex-wrap: nowrap; flex-direction: column; flex-grow: 0; flex-shrink: 1; overflow-x: visible; overflow-y: visible;&quot;[39m
            [36m&gt;[39m
              [36m&lt;ink-text[39m
                [33mstyle[39m=[32m&quot;flex-grow: 0; flex-shrink: 1; flex-direction: row; text-wrap: wrap;&quot;[39m
              [36m&gt;[39m
                [0m詳細:[0m
              [36m&lt;/ink-text&gt;[39m
              [36m&lt;ink-text[39m
                [33mstyle[39m=[32m&quot;flex-grow: 0; flex-shrink: 1; flex-direction: row; text-wrap: wrap;&quot;[39m
              [36m&gt;[39m
                [0mID: [0m
                [0mmem-001[0m
              [36m&lt;/ink-text&gt;[39m
              [36m&lt;ink-text[39m
                [33mstyle[39m=[32m&quot;flex-grow: 0; flex-shrink: 1; flex-direction: row; text-wrap: wrap;&quot;[39m
              [36m&gt;[39m
                [0mアクセス数: [0m
                [0m15[0m
              [36m&lt;/ink-text&gt;[39m
              [36m&lt;ink-text[39m
                [33mstyle[39m=[32m&quot;flex-grow: 0; flex-shrink: 1; flex-direction: row; text-wrap: wrap;&quot;[39m
              [36m&gt;[39m
                [0m成功率: [0m
                [0m92.0[0m
                [0m%[0m
              [36m&lt;/ink-text&gt;[39m
              [36m&lt;ink-text[39m
                [33mstyle[39m=[32m&quot;flex-grow: 0; flex-shrink: 1; flex-direction: row; text-wrap: wrap;&quot;[39m
              [36m&gt;[39m
                [0mタグ: [0m
                [0mgpt5, prompting, analysis[0m
              [36m&lt;/ink-text&gt;[39m
            [36m&lt;/ink-box&gt;[39m
          [36m&lt;/ink-box&gt;[39m
        [36m&lt;/ink-box&gt;[39m
      [36m&lt;/ink-box&gt;[39m
      [36m&lt;ink-box[39m
        [33mstyle[39m=[32m&quot;flex-wrap: nowrap; flex-direction: row; flex-grow: 0; flex-shrink: 1; margin-top: 1px; border-color: rgb(108, 112, 134); padding: 1px; overflow-x: visible; overflow-y: visible;&quot;[39m
      [36m&gt;[39m
        [36m&lt;ink-text[39m
          [33mstyle[39m=[32m&quot;flex-grow: 0; flex-shrink: 1; flex-direction: row; text-wrap: wrap;&quot;[39m
        [36m&gt;[39m
          [0mTab: タブ切替 | ↑↓: 記憶選択 | q: 終了[0m
        [36m&lt;/ink-text&gt;[39m
      [36m&lt;/ink-box&gt;[39m
    [36m&lt;/ink-box&gt;[39m
  [36m&lt;/div&gt;[39m
[36m&lt;/body&gt;[39m" type="TestingLibraryElementError">
TestingLibraryElementError: Unable to find an element with the text: Synaptic Memory Dashboard. This could be because the text is broken up by multiple elements. In this case, you can provide a function for your text matcher to make your matcher more flexible.

Ignored nodes: comments, script, style
&lt;body&gt;
  &lt;div&gt;
    &lt;ink-box
      style=&quot;flex-wrap: nowrap; flex-direction: column; flex-grow: 0; flex-shrink: 1; width: 52px; height: 20px; padding: 1px; overflow-x: visible; overflow-y: visible;&quot;
    &gt;
      &lt;ink-box
        style=&quot;flex-wrap: nowrap; flex-direction: row; flex-grow: 0; flex-shrink: 1; margin-bottom: 1px; overflow-x: visible; overflow-y: visible;&quot;
      &gt;
        &lt;ink-text
          style=&quot;flex-grow: 0; flex-shrink: 1; flex-direction: row; text-wrap: wrap;&quot;
        &gt;
          シナプス記憶システム ダッシュボード
        &lt;/ink-text&gt;
      &lt;/ink-box&gt;
      &lt;ink-box
        style=&quot;flex-wrap: nowrap; flex-direction: row; flex-grow: 0; flex-shrink: 1; margin-bottom: 1px; overflow-x: visible; overflow-y: visible;&quot;
      &gt;
        &lt;ink-box
          style=&quot;flex-wrap: nowrap; flex-direction: row; flex-grow: 0; flex-shrink: 1; margin-right: 2px; overflow-x: visible; overflow-y: visible;&quot;
        &gt;
          &lt;ink-text
            style=&quot;flex-grow: 0; flex-shrink: 1; flex-direction: row; text-wrap: wrap;&quot;
          &gt;
            [
            1
            ] 
            記憶一覧
          &lt;/ink-text&gt;
        &lt;/ink-box&gt;
        &lt;ink-box
          style=&quot;flex-wrap: nowrap; flex-direction: row; flex-grow: 0; flex-shrink: 1; margin-right: 2px; overflow-x: visible; overflow-y: visible;&quot;
        &gt;
          &lt;ink-text
            style=&quot;flex-grow: 0; flex-shrink: 1; flex-direction: row; text-wrap: wrap;&quot;
          &gt;
            [
            2
            ] 
            シナプス結合
          &lt;/ink-text&gt;
        &lt;/ink-box&gt;
        &lt;ink-box
          style=&quot;flex-wrap: nowrap; flex-direction: row; flex-grow: 0; flex-shrink: 1; margin-right: 2px; overflow-x: visible; overflow-y: visible;&quot;
        &gt;
          &lt;ink-text
            style=&quot;flex-grow: 0; flex-shrink: 1; flex-direction: row; text-wrap: wrap;&quot;
          &gt;
            [
            3
            ] 
            ネットワーク診断
          &lt;/ink-text&gt;
        &lt;/ink-box&gt;
        &lt;ink-box
          style=&quot;flex-wrap: nowrap; flex-direction: row; flex-grow: 0; flex-shrink: 1; margin-right: 2px; overflow-x: visible; overflow-y: visible;&quot;
        &gt;
          &lt;ink-text
            style=&quot;flex-grow: 0; flex-shrink: 1; flex-direction: row; text-wrap: wrap;&quot;
          &gt;
            [
            4
            ] 
            設定
          &lt;/ink-text&gt;
        &lt;/ink-box&gt;
      &lt;/ink-box&gt;
      &lt;ink-box
        style=&quot;flex-wrap: nowrap; flex-direction: row; flex-grow: 1; flex-shrink: 1; overflow: hidden; overflow-x: hidden; overflow-y: hidden;&quot;
      &gt;
        &lt;ink-box
          style=&quot;flex-wrap: nowrap; flex-direction: column; flex-grow: 1; flex-shrink: 1; overflow-x: visible; overflow-y: visible;&quot;
        &gt;
          &lt;ink-box
            style=&quot;flex-wrap: nowrap; flex-direction: row; flex-grow: 0; flex-shrink: 1; margin-bottom: 1px; overflow-x: visible; overflow-y: visible;&quot;
          &gt;
            &lt;ink-text
              style=&quot;flex-grow: 0; flex-shrink: 1; flex-direction: row; text-wrap: wrap;&quot;
            &gt;
              記憶一覧 (
              3
              件)
            &lt;/ink-text&gt;
          &lt;/ink-box&gt;
          &lt;ink-box
            style=&quot;flex-wrap: nowrap; flex-direction: column; flex-grow: 0; flex-shrink: 0; width: 48px; overflow-x: visible; overflow-y: visible;&quot;
          &gt;
            &lt;ink-box
              style=&quot;flex-wrap: nowrap; flex-direction: row; flex-grow: 0; flex-shrink: 1; overflow-x: visible; overflow-y: visible;&quot;
            &gt;
              &lt;ink-text
                style=&quot;flex-grow: 0; flex-shrink: 1; flex-direction: row; text-wrap: wrap;&quot;
              &gt;
                ► 
              &lt;/ink-text&gt;
              &lt;ink-text
                style=&quot;flex-grow: 0; flex-shrink: 1; flex-direction: row; text-wrap: wrap;&quot;
              &gt;
                [
              &lt;/ink-text&gt;
              &lt;ink-text
                style=&quot;flex-grow: 0; flex-shrink: 1; flex-direction: row; text-wrap: wrap;&quot;
              &gt;
                mem-001
              &lt;/ink-text&gt;
              &lt;ink-text
                style=&quot;flex-grow: 0; flex-shrink: 1; flex-direction: row; text-wrap: wrap;&quot;
              &gt;
                ] 
              &lt;/ink-text&gt;
              &lt;ink-text
                style=&quot;flex-grow: 0; flex-shrink: 1; flex-direction: row; text-wrap: wrap;&quot;
              &gt;
                GPT-5プロンプトガイドの分析結果
              &lt;/ink-text&gt;
            &lt;/ink-box&gt;
            &lt;ink-box
              style=&quot;flex-wrap: nowrap; flex-direction: row; flex-grow: 0; flex-shrink: 1; overflow-x: visible; overflow-y: visible;&quot;
            &gt;
              &lt;ink-text
                style=&quot;flex-grow: 0; flex-shrink: 1; flex-direction: row; text-wrap: wrap;&quot;
              &gt;
                  
              &lt;/ink-text&gt;
              &lt;ink-text
                style=&quot;flex-grow: 0; flex-shrink: 1; flex-direction: row; text-wrap: wrap;&quot;
              &gt;
                [
              &lt;/ink-text&gt;
              &lt;ink-text
                style=&quot;flex-grow: 0; flex-shrink: 1; flex-direction: row; text-wrap: wrap;&quot;
              &gt;
                mem-002
              &lt;/ink-text&gt;
              &lt;ink-text
                style=&quot;flex-grow: 0; flex-shrink: 1; flex-direction: row; text-wrap: wrap;&quot;
              &gt;
                ] 
              &lt;/ink-text&gt;
              &lt;ink-text
                style=&quot;flex-grow: 0; flex-shrink: 1; flex-direction: row; text-wrap: wrap;&quot;
              &gt;
                シナプス記憶システムのPhase 2実装完了
              &lt;/ink-text&gt;
            &lt;/ink-box&gt;
            &lt;ink-box
              style=&quot;flex-wrap: nowrap; flex-direction: row; flex-grow: 0; flex-shrink: 1; overflow-x: visible; overflow-y: visible;&quot;
            &gt;
              &lt;ink-text
                style=&quot;flex-grow: 0; flex-shrink: 1; flex-direction: row; text-wrap: wrap;&quot;
              &gt;
                  
              &lt;/ink-text&gt;
              &lt;ink-text
                style=&quot;flex-grow: 0; flex-shrink: 1; flex-direction: row; text-wrap: wrap;&quot;
              &gt;
                [
              &lt;/ink-text&gt;
              &lt;ink-text
                style=&quot;flex-grow: 0; flex-shrink: 1; flex-direction: row; text-wrap: wrap;&quot;
              &gt;
                mem-003
              &lt;/ink-text&gt;
              &lt;ink-text
                style=&quot;flex-grow: 0; flex-shrink: 1; flex-direction: row; text-wrap: wrap;&quot;
              &gt;
                ] 
              &lt;/ink-text&gt;
              &lt;ink-text
                style=&quot;flex-grow: 0; flex-shrink: 1; flex-direction: row; text-wrap: wrap;&quot;
              &gt;
                RESTful API設計とエンドポイント定義
              &lt;/ink-text&gt;
            &lt;/ink-box&gt;
          &lt;/ink-box&gt;
          &lt;ink-box
            style=&quot;flex-wrap: nowrap; flex-direction: row; flex-grow: 0; flex-shrink: 1; margin-top: 1px; border-color: rgb(108, 112, 134); padding: 1px; overflow-x: visible; overflow-y: visible;&quot;
          &gt;
            &lt;ink-box
              style=&quot;flex-wrap: nowrap; flex-direction: column; flex-grow: 0; flex-shrink: 1; overflow-x: visible; overflow-y: visible;&quot;
            &gt;
              &lt;ink-text
                style=&quot;flex-grow: 0; flex-shrink: 1; flex-direction: row; text-wrap: wrap;&quot;
              &gt;
                詳細:
              &lt;/ink-text&gt;
              &lt;ink-text
                style=&quot;flex-grow: 0; flex-shrink: 1; flex-direction: row; text-wrap: wrap;&quot;
              &gt;
                ID: 
                mem-001
              &lt;/ink-text&gt;
              &lt;ink-text
                style=&quot;flex-grow: 0; flex-shrink: 1; flex-direction: row; text-wrap: wrap;&quot;
              &gt;
                アクセス数: 
                15
              &lt;/ink-text&gt;
              &lt;ink-text
                style=&quot;flex-grow: 0; flex-shrink: 1; flex-direction: row; text-wrap: wrap;&quot;
              &gt;
                成功率: 
                92.0
                %
              &lt;/ink-text&gt;
              &lt;ink-text
                style=&quot;flex-grow: 0; flex-shrink: 1; flex-direction: row; text-wrap: wrap;&quot;
              &gt;
                タグ: 
                gpt5, prompting, analysis
              &lt;/ink-text&gt;
            &lt;/ink-box&gt;
          &lt;/ink-box&gt;
        &lt;/ink-box&gt;
      &lt;/ink-box&gt;
      &lt;ink-box
        style=&quot;flex-wrap: nowrap; flex-direction: row; flex-grow: 0; flex-shrink: 1; margin-top: 1px; border-color: rgb(108, 112, 134); padding: 1px; overflow-x: visible; overflow-y: visible;&quot;
      &gt;
        &lt;ink-text
          style=&quot;flex-grow: 0; flex-shrink: 1; flex-direction: row; text-wrap: wrap;&quot;
        &gt;
          Tab: タブ切替 | ↑↓: 記憶選択 | q: 終了
        &lt;/ink-text&gt;
      &lt;/ink-box&gt;
    &lt;/ink-box&gt;
  &lt;/div&gt;
&lt;/body&gt;
 ❯ Object.getElementError node_modules/@testing-library/dom/dist/config.js:37:19
 ❯ node_modules/@testing-library/dom/dist/query-helpers.js:76:38
 ❯ node_modules/@testing-library/dom/dist/query-helpers.js:52:17
 ❯ node_modules/@testing-library/dom/dist/query-helpers.js:95:19
 ❯ src/ui/components/SynapticMemoryDashboard.test.tsx:89:19
            </failure>
        </testcase>
        <testcase classname="src/ui/components/SynapticMemoryDashboard.test.tsx" name="SynapticMemoryDashboard &gt; Memoriesタブでメモリ一覧が表示されること" time="0.015071416">
            <failure message="Unable to find an element with the text: Total: 2. This could be because the text is broken up by multiple elements. In this case, you can provide a function for your text matcher to make your matcher more flexible.

Ignored nodes: comments, script, style
[36m&lt;body&gt;[39m
  [36m&lt;div&gt;[39m
    [36m&lt;ink-box[39m
      [33mstyle[39m=[32m&quot;flex-wrap: nowrap; flex-direction: column; flex-grow: 0; flex-shrink: 1; width: 52px; height: 20px; padding: 1px; overflow-x: visible; overflow-y: visible;&quot;[39m
    [36m&gt;[39m
      [36m&lt;ink-box[39m
        [33mstyle[39m=[32m&quot;flex-wrap: nowrap; flex-direction: row; flex-grow: 0; flex-shrink: 1; margin-bottom: 1px; overflow-x: visible; overflow-y: visible;&quot;[39m
      [36m&gt;[39m
        [36m&lt;ink-text[39m
          [33mstyle[39m=[32m&quot;flex-grow: 0; flex-shrink: 1; flex-direction: row; text-wrap: wrap;&quot;[39m
        [36m&gt;[39m
          [0mシナプス記憶システム ダッシュボード[0m
        [36m&lt;/ink-text&gt;[39m
      [36m&lt;/ink-box&gt;[39m
      [36m&lt;ink-box[39m
        [33mstyle[39m=[32m&quot;flex-wrap: nowrap; flex-direction: row; flex-grow: 0; flex-shrink: 1; margin-bottom: 1px; overflow-x: visible; overflow-y: visible;&quot;[39m
      [36m&gt;[39m
        [36m&lt;ink-box[39m
          [33mstyle[39m=[32m&quot;flex-wrap: nowrap; flex-direction: row; flex-grow: 0; flex-shrink: 1; margin-right: 2px; overflow-x: visible; overflow-y: visible;&quot;[39m
        [36m&gt;[39m
          [36m&lt;ink-text[39m
            [33mstyle[39m=[32m&quot;flex-grow: 0; flex-shrink: 1; flex-direction: row; text-wrap: wrap;&quot;[39m
          [36m&gt;[39m
            [0m[[0m
            [0m1[0m
            [0m] [0m
            [0m記憶一覧[0m
          [36m&lt;/ink-text&gt;[39m
        [36m&lt;/ink-box&gt;[39m
        [36m&lt;ink-box[39m
          [33mstyle[39m=[32m&quot;flex-wrap: nowrap; flex-direction: row; flex-grow: 0; flex-shrink: 1; margin-right: 2px; overflow-x: visible; overflow-y: visible;&quot;[39m
        [36m&gt;[39m
          [36m&lt;ink-text[39m
            [33mstyle[39m=[32m&quot;flex-grow: 0; flex-shrink: 1; flex-direction: row; text-wrap: wrap;&quot;[39m
          [36m&gt;[39m
            [0m[[0m
            [0m2[0m
            [0m] [0m
            [0mシナプス結合[0m
          [36m&lt;/ink-text&gt;[39m
        [36m&lt;/ink-box&gt;[39m
        [36m&lt;ink-box[39m
          [33mstyle[39m=[32m&quot;flex-wrap: nowrap; flex-direction: row; flex-grow: 0; flex-shrink: 1; margin-right: 2px; overflow-x: visible; overflow-y: visible;&quot;[39m
        [36m&gt;[39m
          [36m&lt;ink-text[39m
            [33mstyle[39m=[32m&quot;flex-grow: 0; flex-shrink: 1; flex-direction: row; text-wrap: wrap;&quot;[39m
          [36m&gt;[39m
            [0m[[0m
            [0m3[0m
            [0m] [0m
            [0mネットワーク診断[0m
          [36m&lt;/ink-text&gt;[39m
        [36m&lt;/ink-box&gt;[39m
        [36m&lt;ink-box[39m
          [33mstyle[39m=[32m&quot;flex-wrap: nowrap; flex-direction: row; flex-grow: 0; flex-shrink: 1; margin-right: 2px; overflow-x: visible; overflow-y: visible;&quot;[39m
        [36m&gt;[39m
          [36m&lt;ink-text[39m
            [33mstyle[39m=[32m&quot;flex-grow: 0; flex-shrink: 1; flex-direction: row; text-wrap: wrap;&quot;[39m
          [36m&gt;[39m
            [0m[[0m
            [0m4[0m
            [0m] [0m
            [0m設定[0m
          [36m&lt;/ink-text&gt;[39m
        [36m&lt;/ink-box&gt;[39m
      [36m&lt;/ink-box&gt;[39m
      [36m&lt;ink-box[39m
        [33mstyle[39m=[32m&quot;flex-wrap: nowrap; flex-direction: row; flex-grow: 1; flex-shrink: 1; overflow: hidden; overflow-x: hidden; overflow-y: hidden;&quot;[39m
      [36m&gt;[39m
        [36m&lt;ink-box[39m
          [33mstyle[39m=[32m&quot;flex-wrap: nowrap; flex-direction: column; flex-grow: 1; flex-shrink: 1; overflow-x: visible; overflow-y: visible;&quot;[39m
        [36m&gt;[39m
          [36m&lt;ink-box[39m
            [33mstyle[39m=[32m&quot;flex-wrap: nowrap; flex-direction: row; flex-grow: 0; flex-shrink: 1; margin-bottom: 1px; overflow-x: visible; overflow-y: visible;&quot;[39m
          [36m&gt;[39m
            [36m&lt;ink-text[39m
              [33mstyle[39m=[32m&quot;flex-grow: 0; flex-shrink: 1; flex-direction: row; text-wrap: wrap;&quot;[39m
            [36m&gt;[39m
              [0m記憶一覧 ([0m
              [0m3[0m
              [0m件)[0m
            [36m&lt;/ink-text&gt;[39m
          [36m&lt;/ink-box&gt;[39m
          [36m&lt;ink-box[39m
            [33mstyle[39m=[32m&quot;flex-wrap: nowrap; flex-direction: column; flex-grow: 0; flex-shrink: 0; width: 48px; overflow-x: visible; overflow-y: visible;&quot;[39m
          [36m&gt;[39m
            [36m&lt;ink-box[39m
              [33mstyle[39m=[32m&quot;flex-wrap: nowrap; flex-direction: row; flex-grow: 0; flex-shrink: 1; overflow-x: visible; overflow-y: visible;&quot;[39m
            [36m&gt;[39m
              [36m&lt;ink-text[39m
                [33mstyle[39m=[32m&quot;flex-grow: 0; flex-shrink: 1; flex-direction: row; text-wrap: wrap;&quot;[39m
              [36m&gt;[39m
                [0m► [0m
              [36m&lt;/ink-text&gt;[39m
              [36m&lt;ink-text[39m
                [33mstyle[39m=[32m&quot;flex-grow: 0; flex-shrink: 1; flex-direction: row; text-wrap: wrap;&quot;[39m
              [36m&gt;[39m
                [0m[[0m
              [36m&lt;/ink-text&gt;[39m
              [36m&lt;ink-text[39m
                [33mstyle[39m=[32m&quot;flex-grow: 0; flex-shrink: 1; flex-direction: row; text-wrap: wrap;&quot;[39m
              [36m&gt;[39m
                [0mmem-001[0m
              [36m&lt;/ink-text&gt;[39m
              [36m&lt;ink-text[39m
                [33mstyle[39m=[32m&quot;flex-grow: 0; flex-shrink: 1; flex-direction: row; text-wrap: wrap;&quot;[39m
              [36m&gt;[39m
                [0m] [0m
              [36m&lt;/ink-text&gt;[39m
              [36m&lt;ink-text[39m
                [33mstyle[39m=[32m&quot;flex-grow: 0; flex-shrink: 1; flex-direction: row; text-wrap: wrap;&quot;[39m
              [36m&gt;[39m
                [0mGPT-5プロンプトガイドの分析結果[0m
              [36m&lt;/ink-text&gt;[39m
            [36m&lt;/ink-box&gt;[39m
            [36m&lt;ink-box[39m
              [33mstyle[39m=[32m&quot;flex-wrap: nowrap; flex-direction: row; flex-grow: 0; flex-shrink: 1; overflow-x: visible; overflow-y: visible;&quot;[39m
            [36m&gt;[39m
              [36m&lt;ink-text[39m
                [33mstyle[39m=[32m&quot;flex-grow: 0; flex-shrink: 1; flex-direction: row; text-wrap: wrap;&quot;[39m
              [36m&gt;[39m
                [0m  [0m
              [36m&lt;/ink-text&gt;[39m
              [36m&lt;ink-text[39m
                [33mstyle[39m=[32m&quot;flex-grow: 0; flex-shrink: 1; flex-direction: row; text-wrap: wrap;&quot;[39m
              [36m&gt;[39m
                [0m[[0m
              [36m&lt;/ink-text&gt;[39m
              [36m&lt;ink-text[39m
                [33mstyle[39m=[32m&quot;flex-grow: 0; flex-shrink: 1; flex-direction: row; text-wrap: wrap;&quot;[39m
              [36m&gt;[39m
                [0mmem-002[0m
              [36m&lt;/ink-text&gt;[39m
              [36m&lt;ink-text[39m
                [33mstyle[39m=[32m&quot;flex-grow: 0; flex-shrink: 1; flex-direction: row; text-wrap: wrap;&quot;[39m
              [36m&gt;[39m
                [0m] [0m
              [36m&lt;/ink-text&gt;[39m
              [36m&lt;ink-text[39m
                [33mstyle[39m=[32m&quot;flex-grow: 0; flex-shrink: 1; flex-direction: row; text-wrap: wrap;&quot;[39m
              [36m&gt;[39m
                [0mシナプス記憶システムのPhase 2実装完了[0m
              [36m&lt;/ink-text&gt;[39m
            [36m&lt;/ink-box&gt;[39m
            [36m&lt;ink-box[39m
              [33mstyle[39m=[32m&quot;flex-wrap: nowrap; flex-direction: row; flex-grow: 0; flex-shrink: 1; overflow-x: visible; overflow-y: visible;&quot;[39m
            [36m&gt;[39m
              [36m&lt;ink-text[39m
                [33mstyle[39m=[32m&quot;flex-grow: 0; flex-shrink: 1; flex-direction: row; text-wrap: wrap;&quot;[39m
              [36m&gt;[39m
                [0m  [0m
              [36m&lt;/ink-text&gt;[39m
              [36m&lt;ink-text[39m
                [33mstyle[39m=[32m&quot;flex-grow: 0; flex-shrink: 1; flex-direction: row; text-wrap: wrap;&quot;[39m
              [36m&gt;[39m
                [0m[[0m
              [36m&lt;/ink-text&gt;[39m
              [36m&lt;ink-text[39m
                [33mstyle[39m=[32m&quot;flex-grow: 0; flex-shrink: 1; flex-direction: row; text-wrap: wrap;&quot;[39m
              [36m&gt;[39m
                [0mmem-003[0m
              [36m&lt;/ink-text&gt;[39m
              [36m&lt;ink-text[39m
                [33mstyle[39m=[32m&quot;flex-grow: 0; flex-shrink: 1; flex-direction: row; text-wrap: wrap;&quot;[39m
              [36m&gt;[39m
                [0m] [0m
              [36m&lt;/ink-text&gt;[39m
              [36m&lt;ink-text[39m
                [33mstyle[39m=[32m&quot;flex-grow: 0; flex-shrink: 1; flex-direction: row; text-wrap: wrap;&quot;[39m
              [36m&gt;[39m
                [0mRESTful API設計とエンドポイント定義[0m
              [36m&lt;/ink-text&gt;[39m
            [36m&lt;/ink-box&gt;[39m
          [36m&lt;/ink-box&gt;[39m
          [36m&lt;ink-box[39m
            [33mstyle[39m=[32m&quot;flex-wrap: nowrap; flex-direction: row; flex-grow: 0; flex-shrink: 1; margin-top: 1px; border-color: rgb(108, 112, 134); padding: 1px; overflow-x: visible; overflow-y: visible;&quot;[39m
          [36m&gt;[39m
            [36m&lt;ink-box[39m
              [33mstyle[39m=[32m&quot;flex-wrap: nowrap; flex-direction: column; flex-grow: 0; flex-shrink: 1; overflow-x: visible; overflow-y: visible;&quot;[39m
            [36m&gt;[39m
              [36m&lt;ink-text[39m
                [33mstyle[39m=[32m&quot;flex-grow: 0; flex-shrink: 1; flex-direction: row; text-wrap: wrap;&quot;[39m
              [36m&gt;[39m
                [0m詳細:[0m
              [36m&lt;/ink-text&gt;[39m
              [36m&lt;ink-text[39m
                [33mstyle[39m=[32m&quot;flex-grow: 0; flex-shrink: 1; flex-direction: row; text-wrap: wrap;&quot;[39m
              [36m&gt;[39m
                [0mID: [0m
                [0mmem-001[0m
              [36m&lt;/ink-text&gt;[39m
              [36m&lt;ink-text[39m
                [33mstyle[39m=[32m&quot;flex-grow: 0; flex-shrink: 1; flex-direction: row; text-wrap: wrap;&quot;[39m
              [36m&gt;[39m
                [0mアクセス数: [0m
                [0m15[0m
              [36m&lt;/ink-text&gt;[39m
              [36m&lt;ink-text[39m
                [33mstyle[39m=[32m&quot;flex-grow: 0; flex-shrink: 1; flex-direction: row; text-wrap: wrap;&quot;[39m
              [36m&gt;[39m
                [0m成功率: [0m
                [0m92.0[0m
                [0m%[0m
              [36m&lt;/ink-text&gt;[39m
              [36m&lt;ink-text[39m
                [33mstyle[39m=[32m&quot;flex-grow: 0; flex-shrink: 1; flex-direction: row; text-wrap: wrap;&quot;[39m
              [36m&gt;[39m
                [0mタグ: [0m
                [0mgpt5, prompting, analysis[0m
              [36m&lt;/ink-text&gt;[39m
            [36m&lt;/ink-box&gt;[39m
          [36m&lt;/ink-box&gt;[39m
        [36m&lt;/ink-box&gt;[39m
      [36m&lt;/ink-box&gt;[39m
      [36m&lt;ink-box[39m
        [33mstyle[39m=[32m&quot;flex-wrap: nowrap; flex-direction: row; flex-grow: 0; flex-shrink: 1; margin-top: 1px; border-color: rgb(108, 112, 134); padding: 1px; overflow-x: visible; overflow-y: visible;&quot;[39m
      [36m&gt;[39m
        [36m&lt;ink-text[39m
          [33mstyle[39m=[32m&quot;flex-grow: 0; flex-shrink: 1; flex-direction: row; text-wrap: wrap;&quot;[39m
        [36m&gt;[39m
          [0mTab: タブ切替 | ↑↓: 記憶選択 | q: 終了[0m
        [36m&lt;/ink-text&gt;[39m
      [36m&lt;/ink-box&gt;[39m
    [36m&lt;/ink-box&gt;[39m
  [36m&lt;/div&gt;[39m
[36m&lt;/body&gt;[39m" type="TestingLibraryElementError">
TestingLibraryElementError: Unable to find an element with the text: Total: 2. This could be because the text is broken up by multiple elements. In this case, you can provide a function for your text matcher to make your matcher more flexible.

Ignored nodes: comments, script, style
&lt;body&gt;
  &lt;div&gt;
    &lt;ink-box
      style=&quot;flex-wrap: nowrap; flex-direction: column; flex-grow: 0; flex-shrink: 1; width: 52px; height: 20px; padding: 1px; overflow-x: visible; overflow-y: visible;&quot;
    &gt;
      &lt;ink-box
        style=&quot;flex-wrap: nowrap; flex-direction: row; flex-grow: 0; flex-shrink: 1; margin-bottom: 1px; overflow-x: visible; overflow-y: visible;&quot;
      &gt;
        &lt;ink-text
          style=&quot;flex-grow: 0; flex-shrink: 1; flex-direction: row; text-wrap: wrap;&quot;
        &gt;
          シナプス記憶システム ダッシュボード
        &lt;/ink-text&gt;
      &lt;/ink-box&gt;
      &lt;ink-box
        style=&quot;flex-wrap: nowrap; flex-direction: row; flex-grow: 0; flex-shrink: 1; margin-bottom: 1px; overflow-x: visible; overflow-y: visible;&quot;
      &gt;
        &lt;ink-box
          style=&quot;flex-wrap: nowrap; flex-direction: row; flex-grow: 0; flex-shrink: 1; margin-right: 2px; overflow-x: visible; overflow-y: visible;&quot;
        &gt;
          &lt;ink-text
            style=&quot;flex-grow: 0; flex-shrink: 1; flex-direction: row; text-wrap: wrap;&quot;
          &gt;
            [
            1
            ] 
            記憶一覧
          &lt;/ink-text&gt;
        &lt;/ink-box&gt;
        &lt;ink-box
          style=&quot;flex-wrap: nowrap; flex-direction: row; flex-grow: 0; flex-shrink: 1; margin-right: 2px; overflow-x: visible; overflow-y: visible;&quot;
        &gt;
          &lt;ink-text
            style=&quot;flex-grow: 0; flex-shrink: 1; flex-direction: row; text-wrap: wrap;&quot;
          &gt;
            [
            2
            ] 
            シナプス結合
          &lt;/ink-text&gt;
        &lt;/ink-box&gt;
        &lt;ink-box
          style=&quot;flex-wrap: nowrap; flex-direction: row; flex-grow: 0; flex-shrink: 1; margin-right: 2px; overflow-x: visible; overflow-y: visible;&quot;
        &gt;
          &lt;ink-text
            style=&quot;flex-grow: 0; flex-shrink: 1; flex-direction: row; text-wrap: wrap;&quot;
          &gt;
            [
            3
            ] 
            ネットワーク診断
          &lt;/ink-text&gt;
        &lt;/ink-box&gt;
        &lt;ink-box
          style=&quot;flex-wrap: nowrap; flex-direction: row; flex-grow: 0; flex-shrink: 1; margin-right: 2px; overflow-x: visible; overflow-y: visible;&quot;
        &gt;
          &lt;ink-text
            style=&quot;flex-grow: 0; flex-shrink: 1; flex-direction: row; text-wrap: wrap;&quot;
          &gt;
            [
            4
            ] 
            設定
          &lt;/ink-text&gt;
        &lt;/ink-box&gt;
      &lt;/ink-box&gt;
      &lt;ink-box
        style=&quot;flex-wrap: nowrap; flex-direction: row; flex-grow: 1; flex-shrink: 1; overflow: hidden; overflow-x: hidden; overflow-y: hidden;&quot;
      &gt;
        &lt;ink-box
          style=&quot;flex-wrap: nowrap; flex-direction: column; flex-grow: 1; flex-shrink: 1; overflow-x: visible; overflow-y: visible;&quot;
        &gt;
          &lt;ink-box
            style=&quot;flex-wrap: nowrap; flex-direction: row; flex-grow: 0; flex-shrink: 1; margin-bottom: 1px; overflow-x: visible; overflow-y: visible;&quot;
          &gt;
            &lt;ink-text
              style=&quot;flex-grow: 0; flex-shrink: 1; flex-direction: row; text-wrap: wrap;&quot;
            &gt;
              記憶一覧 (
              3
              件)
            &lt;/ink-text&gt;
          &lt;/ink-box&gt;
          &lt;ink-box
            style=&quot;flex-wrap: nowrap; flex-direction: column; flex-grow: 0; flex-shrink: 0; width: 48px; overflow-x: visible; overflow-y: visible;&quot;
          &gt;
            &lt;ink-box
              style=&quot;flex-wrap: nowrap; flex-direction: row; flex-grow: 0; flex-shrink: 1; overflow-x: visible; overflow-y: visible;&quot;
            &gt;
              &lt;ink-text
                style=&quot;flex-grow: 0; flex-shrink: 1; flex-direction: row; text-wrap: wrap;&quot;
              &gt;
                ► 
              &lt;/ink-text&gt;
              &lt;ink-text
                style=&quot;flex-grow: 0; flex-shrink: 1; flex-direction: row; text-wrap: wrap;&quot;
              &gt;
                [
              &lt;/ink-text&gt;
              &lt;ink-text
                style=&quot;flex-grow: 0; flex-shrink: 1; flex-direction: row; text-wrap: wrap;&quot;
              &gt;
                mem-001
              &lt;/ink-text&gt;
              &lt;ink-text
                style=&quot;flex-grow: 0; flex-shrink: 1; flex-direction: row; text-wrap: wrap;&quot;
              &gt;
                ] 
              &lt;/ink-text&gt;
              &lt;ink-text
                style=&quot;flex-grow: 0; flex-shrink: 1; flex-direction: row; text-wrap: wrap;&quot;
              &gt;
                GPT-5プロンプトガイドの分析結果
              &lt;/ink-text&gt;
            &lt;/ink-box&gt;
            &lt;ink-box
              style=&quot;flex-wrap: nowrap; flex-direction: row; flex-grow: 0; flex-shrink: 1; overflow-x: visible; overflow-y: visible;&quot;
            &gt;
              &lt;ink-text
                style=&quot;flex-grow: 0; flex-shrink: 1; flex-direction: row; text-wrap: wrap;&quot;
              &gt;
                  
              &lt;/ink-text&gt;
              &lt;ink-text
                style=&quot;flex-grow: 0; flex-shrink: 1; flex-direction: row; text-wrap: wrap;&quot;
              &gt;
                [
              &lt;/ink-text&gt;
              &lt;ink-text
                style=&quot;flex-grow: 0; flex-shrink: 1; flex-direction: row; text-wrap: wrap;&quot;
              &gt;
                mem-002
              &lt;/ink-text&gt;
              &lt;ink-text
                style=&quot;flex-grow: 0; flex-shrink: 1; flex-direction: row; text-wrap: wrap;&quot;
              &gt;
                ] 
              &lt;/ink-text&gt;
              &lt;ink-text
                style=&quot;flex-grow: 0; flex-shrink: 1; flex-direction: row; text-wrap: wrap;&quot;
              &gt;
                シナプス記憶システムのPhase 2実装完了
              &lt;/ink-text&gt;
            &lt;/ink-box&gt;
            &lt;ink-box
              style=&quot;flex-wrap: nowrap; flex-direction: row; flex-grow: 0; flex-shrink: 1; overflow-x: visible; overflow-y: visible;&quot;
            &gt;
              &lt;ink-text
                style=&quot;flex-grow: 0; flex-shrink: 1; flex-direction: row; text-wrap: wrap;&quot;
              &gt;
                  
              &lt;/ink-text&gt;
              &lt;ink-text
                style=&quot;flex-grow: 0; flex-shrink: 1; flex-direction: row; text-wrap: wrap;&quot;
              &gt;
                [
              &lt;/ink-text&gt;
              &lt;ink-text
                style=&quot;flex-grow: 0; flex-shrink: 1; flex-direction: row; text-wrap: wrap;&quot;
              &gt;
                mem-003
              &lt;/ink-text&gt;
              &lt;ink-text
                style=&quot;flex-grow: 0; flex-shrink: 1; flex-direction: row; text-wrap: wrap;&quot;
              &gt;
                ] 
              &lt;/ink-text&gt;
              &lt;ink-text
                style=&quot;flex-grow: 0; flex-shrink: 1; flex-direction: row; text-wrap: wrap;&quot;
              &gt;
                RESTful API設計とエンドポイント定義
              &lt;/ink-text&gt;
            &lt;/ink-box&gt;
          &lt;/ink-box&gt;
          &lt;ink-box
            style=&quot;flex-wrap: nowrap; flex-direction: row; flex-grow: 0; flex-shrink: 1; margin-top: 1px; border-color: rgb(108, 112, 134); padding: 1px; overflow-x: visible; overflow-y: visible;&quot;
          &gt;
            &lt;ink-box
              style=&quot;flex-wrap: nowrap; flex-direction: column; flex-grow: 0; flex-shrink: 1; overflow-x: visible; overflow-y: visible;&quot;
            &gt;
              &lt;ink-text
                style=&quot;flex-grow: 0; flex-shrink: 1; flex-direction: row; text-wrap: wrap;&quot;
              &gt;
                詳細:
              &lt;/ink-text&gt;
              &lt;ink-text
                style=&quot;flex-grow: 0; flex-shrink: 1; flex-direction: row; text-wrap: wrap;&quot;
              &gt;
                ID: 
                mem-001
              &lt;/ink-text&gt;
              &lt;ink-text
                style=&quot;flex-grow: 0; flex-shrink: 1; flex-direction: row; text-wrap: wrap;&quot;
              &gt;
                アクセス数: 
                15
              &lt;/ink-text&gt;
              &lt;ink-text
                style=&quot;flex-grow: 0; flex-shrink: 1; flex-direction: row; text-wrap: wrap;&quot;
              &gt;
                成功率: 
                92.0
                %
              &lt;/ink-text&gt;
              &lt;ink-text
                style=&quot;flex-grow: 0; flex-shrink: 1; flex-direction: row; text-wrap: wrap;&quot;
              &gt;
                タグ: 
                gpt5, prompting, analysis
              &lt;/ink-text&gt;
            &lt;/ink-box&gt;
          &lt;/ink-box&gt;
        &lt;/ink-box&gt;
      &lt;/ink-box&gt;
      &lt;ink-box
        style=&quot;flex-wrap: nowrap; flex-direction: row; flex-grow: 0; flex-shrink: 1; margin-top: 1px; border-color: rgb(108, 112, 134); padding: 1px; overflow-x: visible; overflow-y: visible;&quot;
      &gt;
        &lt;ink-text
          style=&quot;flex-grow: 0; flex-shrink: 1; flex-direction: row; text-wrap: wrap;&quot;
        &gt;
          Tab: タブ切替 | ↑↓: 記憶選択 | q: 終了
        &lt;/ink-text&gt;
      &lt;/ink-box&gt;
    &lt;/ink-box&gt;
  &lt;/div&gt;
&lt;/body&gt;
 ❯ Object.getElementError node_modules/@testing-library/dom/dist/config.js:37:19
 ❯ node_modules/@testing-library/dom/dist/query-helpers.js:76:38
 ❯ node_modules/@testing-library/dom/dist/query-helpers.js:52:17
 ❯ node_modules/@testing-library/dom/dist/query-helpers.js:95:19
 ❯ src/ui/components/SynapticMemoryDashboard.test.tsx:102:19
            </failure>
        </testcase>
        <testcase classname="src/ui/components/SynapticMemoryDashboard.test.tsx" name="SynapticMemoryDashboard &gt; Synapsesタブでシナプス接続が表示されること" time="0.017553125">
            <failure message="Unable to find an element with the text: Synapses. This could be because the text is broken up by multiple elements. In this case, you can provide a function for your text matcher to make your matcher more flexible.

Ignored nodes: comments, script, style
[36m&lt;body&gt;[39m
  [36m&lt;div&gt;[39m
    [36m&lt;ink-box[39m
      [33mstyle[39m=[32m&quot;flex-wrap: nowrap; flex-direction: column; flex-grow: 0; flex-shrink: 1; width: 52px; height: 20px; padding: 1px; overflow-x: visible; overflow-y: visible;&quot;[39m
    [36m&gt;[39m
      [36m&lt;ink-box[39m
        [33mstyle[39m=[32m&quot;flex-wrap: nowrap; flex-direction: row; flex-grow: 0; flex-shrink: 1; margin-bottom: 1px; overflow-x: visible; overflow-y: visible;&quot;[39m
      [36m&gt;[39m
        [36m&lt;ink-text[39m
          [33mstyle[39m=[32m&quot;flex-grow: 0; flex-shrink: 1; flex-direction: row; text-wrap: wrap;&quot;[39m
        [36m&gt;[39m
          [0mシナプス記憶システム ダッシュボード[0m
        [36m&lt;/ink-text&gt;[39m
      [36m&lt;/ink-box&gt;[39m
      [36m&lt;ink-box[39m
        [33mstyle[39m=[32m&quot;flex-wrap: nowrap; flex-direction: row; flex-grow: 0; flex-shrink: 1; margin-bottom: 1px; overflow-x: visible; overflow-y: visible;&quot;[39m
      [36m&gt;[39m
        [36m&lt;ink-box[39m
          [33mstyle[39m=[32m&quot;flex-wrap: nowrap; flex-direction: row; flex-grow: 0; flex-shrink: 1; margin-right: 2px; overflow-x: visible; overflow-y: visible;&quot;[39m
        [36m&gt;[39m
          [36m&lt;ink-text[39m
            [33mstyle[39m=[32m&quot;flex-grow: 0; flex-shrink: 1; flex-direction: row; text-wrap: wrap;&quot;[39m
          [36m&gt;[39m
            [0m[[0m
            [0m1[0m
            [0m] [0m
            [0m記憶一覧[0m
          [36m&lt;/ink-text&gt;[39m
        [36m&lt;/ink-box&gt;[39m
        [36m&lt;ink-box[39m
          [33mstyle[39m=[32m&quot;flex-wrap: nowrap; flex-direction: row; flex-grow: 0; flex-shrink: 1; margin-right: 2px; overflow-x: visible; overflow-y: visible;&quot;[39m
        [36m&gt;[39m
          [36m&lt;ink-text[39m
            [33mstyle[39m=[32m&quot;flex-grow: 0; flex-shrink: 1; flex-direction: row; text-wrap: wrap;&quot;[39m
          [36m&gt;[39m
            [0m[[0m
            [0m2[0m
            [0m] [0m
            [0mシナプス結合[0m
          [36m&lt;/ink-text&gt;[39m
        [36m&lt;/ink-box&gt;[39m
        [36m&lt;ink-box[39m
          [33mstyle[39m=[32m&quot;flex-wrap: nowrap; flex-direction: row; flex-grow: 0; flex-shrink: 1; margin-right: 2px; overflow-x: visible; overflow-y: visible;&quot;[39m
        [36m&gt;[39m
          [36m&lt;ink-text[39m
            [33mstyle[39m=[32m&quot;flex-grow: 0; flex-shrink: 1; flex-direction: row; text-wrap: wrap;&quot;[39m
          [36m&gt;[39m
            [0m[[0m
            [0m3[0m
            [0m] [0m
            [0mネットワーク診断[0m
          [36m&lt;/ink-text&gt;[39m
        [36m&lt;/ink-box&gt;[39m
        [36m&lt;ink-box[39m
          [33mstyle[39m=[32m&quot;flex-wrap: nowrap; flex-direction: row; flex-grow: 0; flex-shrink: 1; margin-right: 2px; overflow-x: visible; overflow-y: visible;&quot;[39m
        [36m&gt;[39m
          [36m&lt;ink-text[39m
            [33mstyle[39m=[32m&quot;flex-grow: 0; flex-shrink: 1; flex-direction: row; text-wrap: wrap;&quot;[39m
          [36m&gt;[39m
            [0m[[0m
            [0m4[0m
            [0m] [0m
            [0m設定[0m
          [36m&lt;/ink-text&gt;[39m
        [36m&lt;/ink-box&gt;[39m
      [36m&lt;/ink-box&gt;[39m
      [36m&lt;ink-box[39m
        [33mstyle[39m=[32m&quot;flex-wrap: nowrap; flex-direction: row; flex-grow: 1; flex-shrink: 1; overflow: hidden; overflow-x: hidden; overflow-y: hidden;&quot;[39m
      [36m&gt;[39m
        [36m&lt;ink-box[39m
          [33mstyle[39m=[32m&quot;flex-wrap: nowrap; flex-direction: column; flex-grow: 1; flex-shrink: 1; overflow-x: visible; overflow-y: visible;&quot;[39m
        [36m&gt;[39m
          [36m&lt;ink-box[39m
            [33mstyle[39m=[32m&quot;flex-wrap: nowrap; flex-direction: row; flex-grow: 0; flex-shrink: 1; margin-bottom: 1px; overflow-x: visible; overflow-y: visible;&quot;[39m
          [36m&gt;[39m
            [36m&lt;ink-text[39m
              [33mstyle[39m=[32m&quot;flex-grow: 0; flex-shrink: 1; flex-direction: row; text-wrap: wrap;&quot;[39m
            [36m&gt;[39m
              [0m記憶一覧 ([0m
              [0m3[0m
              [0m件)[0m
            [36m&lt;/ink-text&gt;[39m
          [36m&lt;/ink-box&gt;[39m
          [36m&lt;ink-box[39m
            [33mstyle[39m=[32m&quot;flex-wrap: nowrap; flex-direction: column; flex-grow: 0; flex-shrink: 0; width: 48px; overflow-x: visible; overflow-y: visible;&quot;[39m
          [36m&gt;[39m
            [36m&lt;ink-box[39m
              [33mstyle[39m=[32m&quot;flex-wrap: nowrap; flex-direction: row; flex-grow: 0; flex-shrink: 1; overflow-x: visible; overflow-y: visible;&quot;[39m
            [36m&gt;[39m
              [36m&lt;ink-text[39m
                [33mstyle[39m=[32m&quot;flex-grow: 0; flex-shrink: 1; flex-direction: row; text-wrap: wrap;&quot;[39m
              [36m&gt;[39m
                [0m► [0m
              [36m&lt;/ink-text&gt;[39m
              [36m&lt;ink-text[39m
                [33mstyle[39m=[32m&quot;flex-grow: 0; flex-shrink: 1; flex-direction: row; text-wrap: wrap;&quot;[39m
              [36m&gt;[39m
                [0m[[0m
              [36m&lt;/ink-text&gt;[39m
              [36m&lt;ink-text[39m
                [33mstyle[39m=[32m&quot;flex-grow: 0; flex-shrink: 1; flex-direction: row; text-wrap: wrap;&quot;[39m
              [36m&gt;[39m
                [0mmem-001[0m
              [36m&lt;/ink-text&gt;[39m
              [36m&lt;ink-text[39m
                [33mstyle[39m=[32m&quot;flex-grow: 0; flex-shrink: 1; flex-direction: row; text-wrap: wrap;&quot;[39m
              [36m&gt;[39m
                [0m] [0m
              [36m&lt;/ink-text&gt;[39m
              [36m&lt;ink-text[39m
                [33mstyle[39m=[32m&quot;flex-grow: 0; flex-shrink: 1; flex-direction: row; text-wrap: wrap;&quot;[39m
              [36m&gt;[39m
                [0mGPT-5プロンプトガイドの分析結果[0m
              [36m&lt;/ink-text&gt;[39m
            [36m&lt;/ink-box&gt;[39m
            [36m&lt;ink-box[39m
              [33mstyle[39m=[32m&quot;flex-wrap: nowrap; flex-direction: row; flex-grow: 0; flex-shrink: 1; overflow-x: visible; overflow-y: visible;&quot;[39m
            [36m&gt;[39m
              [36m&lt;ink-text[39m
                [33mstyle[39m=[32m&quot;flex-grow: 0; flex-shrink: 1; flex-direction: row; text-wrap: wrap;&quot;[39m
              [36m&gt;[39m
                [0m  [0m
              [36m&lt;/ink-text&gt;[39m
              [36m&lt;ink-text[39m
                [33mstyle[39m=[32m&quot;flex-grow: 0; flex-shrink: 1; flex-direction: row; text-wrap: wrap;&quot;[39m
              [36m&gt;[39m
                [0m[[0m
              [36m&lt;/ink-text&gt;[39m
              [36m&lt;ink-text[39m
                [33mstyle[39m=[32m&quot;flex-grow: 0; flex-shrink: 1; flex-direction: row; text-wrap: wrap;&quot;[39m
              [36m&gt;[39m
                [0mmem-002[0m
              [36m&lt;/ink-text&gt;[39m
              [36m&lt;ink-text[39m
                [33mstyle[39m=[32m&quot;flex-grow: 0; flex-shrink: 1; flex-direction: row; text-wrap: wrap;&quot;[39m
              [36m&gt;[39m
                [0m] [0m
              [36m&lt;/ink-text&gt;[39m
              [36m&lt;ink-text[39m
                [33mstyle[39m=[32m&quot;flex-grow: 0; flex-shrink: 1; flex-direction: row; text-wrap: wrap;&quot;[39m
              [36m&gt;[39m
                [0mシナプス記憶システムのPhase 2実装完了[0m
              [36m&lt;/ink-text&gt;[39m
            [36m&lt;/ink-box&gt;[39m
            [36m&lt;ink-box[39m
              [33mstyle[39m=[32m&quot;flex-wrap: nowrap; flex-direction: row; flex-grow: 0; flex-shrink: 1; overflow-x: visible; overflow-y: visible;&quot;[39m
            [36m&gt;[39m
              [36m&lt;ink-text[39m
                [33mstyle[39m=[32m&quot;flex-grow: 0; flex-shrink: 1; flex-direction: row; text-wrap: wrap;&quot;[39m
              [36m&gt;[39m
                [0m  [0m
              [36m&lt;/ink-text&gt;[39m
              [36m&lt;ink-text[39m
                [33mstyle[39m=[32m&quot;flex-grow: 0; flex-shrink: 1; flex-direction: row; text-wrap: wrap;&quot;[39m
              [36m&gt;[39m
                [0m[[0m
              [36m&lt;/ink-text&gt;[39m
              [36m&lt;ink-text[39m
                [33mstyle[39m=[32m&quot;flex-grow: 0; flex-shrink: 1; flex-direction: row; text-wrap: wrap;&quot;[39m
              [36m&gt;[39m
                [0mmem-003[0m
              [36m&lt;/ink-text&gt;[39m
              [36m&lt;ink-text[39m
                [33mstyle[39m=[32m&quot;flex-grow: 0; flex-shrink: 1; flex-direction: row; text-wrap: wrap;&quot;[39m
              [36m&gt;[39m
                [0m] [0m
              [36m&lt;/ink-text&gt;[39m
              [36m&lt;ink-text[39m
                [33mstyle[39m=[32m&quot;flex-grow: 0; flex-shrink: 1; flex-direction: row; text-wrap: wrap;&quot;[39m
              [36m&gt;[39m
                [0mRESTful API設計とエンドポイント定義[0m
              [36m&lt;/ink-text&gt;[39m
            [36m&lt;/ink-box&gt;[39m
          [36m&lt;/ink-box&gt;[39m
          [36m&lt;ink-box[39m
            [33mstyle[39m=[32m&quot;flex-wrap: nowrap; flex-direction: row; flex-grow: 0; flex-shrink: 1; margin-top: 1px; border-color: rgb(108, 112, 134); padding: 1px; overflow-x: visible; overflow-y: visible;&quot;[39m
          [36m&gt;[39m
            [36m&lt;ink-box[39m
              [33mstyle[39m=[32m&quot;flex-wrap: nowrap; flex-direction: column; flex-grow: 0; flex-shrink: 1; overflow-x: visible; overflow-y: visible;&quot;[39m
            [36m&gt;[39m
              [36m&lt;ink-text[39m
                [33mstyle[39m=[32m&quot;flex-grow: 0; flex-shrink: 1; flex-direction: row; text-wrap: wrap;&quot;[39m
              [36m&gt;[39m
                [0m詳細:[0m
              [36m&lt;/ink-text&gt;[39m
              [36m&lt;ink-text[39m
                [33mstyle[39m=[32m&quot;flex-grow: 0; flex-shrink: 1; flex-direction: row; text-wrap: wrap;&quot;[39m
              [36m&gt;[39m
                [0mID: [0m
                [0mmem-001[0m
              [36m&lt;/ink-text&gt;[39m
              [36m&lt;ink-text[39m
                [33mstyle[39m=[32m&quot;flex-grow: 0; flex-shrink: 1; flex-direction: row; text-wrap: wrap;&quot;[39m
              [36m&gt;[39m
                [0mアクセス数: [0m
                [0m15[0m
              [36m&lt;/ink-text&gt;[39m
              [36m&lt;ink-text[39m
                [33mstyle[39m=[32m&quot;flex-grow: 0; flex-shrink: 1; flex-direction: row; text-wrap: wrap;&quot;[39m
              [36m&gt;[39m
                [0m成功率: [0m
                [0m92.0[0m
                [0m%[0m
              [36m&lt;/ink-text&gt;[39m
              [36m&lt;ink-text[39m
                [33mstyle[39m=[32m&quot;flex-grow: 0; flex-shrink: 1; flex-direction: row; text-wrap: wrap;&quot;[39m
              [36m&gt;[39m
                [0mタグ: [0m
                [0mgpt5, prompting, analysis[0m
              [36m&lt;/ink-text&gt;[39m
            [36m&lt;/ink-box&gt;[39m
          [36m&lt;/ink-box&gt;[39m
        [36m&lt;/ink-box&gt;[39m
      [36m&lt;/ink-box&gt;[39m
      [36m&lt;ink-box[39m
        [33mstyle[39m=[32m&quot;flex-wrap: nowrap; flex-direction: row; flex-grow: 0; flex-shrink: 1; margin-top: 1px; border-color: rgb(108, 112, 134); padding: 1px; overflow-x: visible; overflow-y: visible;&quot;[39m
      [36m&gt;[39m
        [36m&lt;ink-text[39m
          [33mstyle[39m=[32m&quot;flex-grow: 0; flex-shrink: 1; flex-direction: row; text-wrap: wrap;&quot;[39m
        [36m&gt;[39m
          [0mTab: タブ切替 | ↑↓: 記憶選択 | q: 終了[0m
        [36m&lt;/ink-text&gt;[39m
      [36m&lt;/ink-box&gt;[39m
    [36m&lt;/ink-box&gt;[39m
  [36m&lt;/div&gt;[39m
[36m&lt;/body&gt;[39m" type="TestingLibraryElementError">
TestingLibraryElementError: Unable to find an element with the text: Synapses. This could be because the text is broken up by multiple elements. In this case, you can provide a function for your text matcher to make your matcher more flexible.

Ignored nodes: comments, script, style
&lt;body&gt;
  &lt;div&gt;
    &lt;ink-box
      style=&quot;flex-wrap: nowrap; flex-direction: column; flex-grow: 0; flex-shrink: 1; width: 52px; height: 20px; padding: 1px; overflow-x: visible; overflow-y: visible;&quot;
    &gt;
      &lt;ink-box
        style=&quot;flex-wrap: nowrap; flex-direction: row; flex-grow: 0; flex-shrink: 1; margin-bottom: 1px; overflow-x: visible; overflow-y: visible;&quot;
      &gt;
        &lt;ink-text
          style=&quot;flex-grow: 0; flex-shrink: 1; flex-direction: row; text-wrap: wrap;&quot;
        &gt;
          シナプス記憶システム ダッシュボード
        &lt;/ink-text&gt;
      &lt;/ink-box&gt;
      &lt;ink-box
        style=&quot;flex-wrap: nowrap; flex-direction: row; flex-grow: 0; flex-shrink: 1; margin-bottom: 1px; overflow-x: visible; overflow-y: visible;&quot;
      &gt;
        &lt;ink-box
          style=&quot;flex-wrap: nowrap; flex-direction: row; flex-grow: 0; flex-shrink: 1; margin-right: 2px; overflow-x: visible; overflow-y: visible;&quot;
        &gt;
          &lt;ink-text
            style=&quot;flex-grow: 0; flex-shrink: 1; flex-direction: row; text-wrap: wrap;&quot;
          &gt;
            [
            1
            ] 
            記憶一覧
          &lt;/ink-text&gt;
        &lt;/ink-box&gt;
        &lt;ink-box
          style=&quot;flex-wrap: nowrap; flex-direction: row; flex-grow: 0; flex-shrink: 1; margin-right: 2px; overflow-x: visible; overflow-y: visible;&quot;
        &gt;
          &lt;ink-text
            style=&quot;flex-grow: 0; flex-shrink: 1; flex-direction: row; text-wrap: wrap;&quot;
          &gt;
            [
            2
            ] 
            シナプス結合
          &lt;/ink-text&gt;
        &lt;/ink-box&gt;
        &lt;ink-box
          style=&quot;flex-wrap: nowrap; flex-direction: row; flex-grow: 0; flex-shrink: 1; margin-right: 2px; overflow-x: visible; overflow-y: visible;&quot;
        &gt;
          &lt;ink-text
            style=&quot;flex-grow: 0; flex-shrink: 1; flex-direction: row; text-wrap: wrap;&quot;
          &gt;
            [
            3
            ] 
            ネットワーク診断
          &lt;/ink-text&gt;
        &lt;/ink-box&gt;
        &lt;ink-box
          style=&quot;flex-wrap: nowrap; flex-direction: row; flex-grow: 0; flex-shrink: 1; margin-right: 2px; overflow-x: visible; overflow-y: visible;&quot;
        &gt;
          &lt;ink-text
            style=&quot;flex-grow: 0; flex-shrink: 1; flex-direction: row; text-wrap: wrap;&quot;
          &gt;
            [
            4
            ] 
            設定
          &lt;/ink-text&gt;
        &lt;/ink-box&gt;
      &lt;/ink-box&gt;
      &lt;ink-box
        style=&quot;flex-wrap: nowrap; flex-direction: row; flex-grow: 1; flex-shrink: 1; overflow: hidden; overflow-x: hidden; overflow-y: hidden;&quot;
      &gt;
        &lt;ink-box
          style=&quot;flex-wrap: nowrap; flex-direction: column; flex-grow: 1; flex-shrink: 1; overflow-x: visible; overflow-y: visible;&quot;
        &gt;
          &lt;ink-box
            style=&quot;flex-wrap: nowrap; flex-direction: row; flex-grow: 0; flex-shrink: 1; margin-bottom: 1px; overflow-x: visible; overflow-y: visible;&quot;
          &gt;
            &lt;ink-text
              style=&quot;flex-grow: 0; flex-shrink: 1; flex-direction: row; text-wrap: wrap;&quot;
            &gt;
              記憶一覧 (
              3
              件)
            &lt;/ink-text&gt;
          &lt;/ink-box&gt;
          &lt;ink-box
            style=&quot;flex-wrap: nowrap; flex-direction: column; flex-grow: 0; flex-shrink: 0; width: 48px; overflow-x: visible; overflow-y: visible;&quot;
          &gt;
            &lt;ink-box
              style=&quot;flex-wrap: nowrap; flex-direction: row; flex-grow: 0; flex-shrink: 1; overflow-x: visible; overflow-y: visible;&quot;
            &gt;
              &lt;ink-text
                style=&quot;flex-grow: 0; flex-shrink: 1; flex-direction: row; text-wrap: wrap;&quot;
              &gt;
                ► 
              &lt;/ink-text&gt;
              &lt;ink-text
                style=&quot;flex-grow: 0; flex-shrink: 1; flex-direction: row; text-wrap: wrap;&quot;
              &gt;
                [
              &lt;/ink-text&gt;
              &lt;ink-text
                style=&quot;flex-grow: 0; flex-shrink: 1; flex-direction: row; text-wrap: wrap;&quot;
              &gt;
                mem-001
              &lt;/ink-text&gt;
              &lt;ink-text
                style=&quot;flex-grow: 0; flex-shrink: 1; flex-direction: row; text-wrap: wrap;&quot;
              &gt;
                ] 
              &lt;/ink-text&gt;
              &lt;ink-text
                style=&quot;flex-grow: 0; flex-shrink: 1; flex-direction: row; text-wrap: wrap;&quot;
              &gt;
                GPT-5プロンプトガイドの分析結果
              &lt;/ink-text&gt;
            &lt;/ink-box&gt;
            &lt;ink-box
              style=&quot;flex-wrap: nowrap; flex-direction: row; flex-grow: 0; flex-shrink: 1; overflow-x: visible; overflow-y: visible;&quot;
            &gt;
              &lt;ink-text
                style=&quot;flex-grow: 0; flex-shrink: 1; flex-direction: row; text-wrap: wrap;&quot;
              &gt;
                  
              &lt;/ink-text&gt;
              &lt;ink-text
                style=&quot;flex-grow: 0; flex-shrink: 1; flex-direction: row; text-wrap: wrap;&quot;
              &gt;
                [
              &lt;/ink-text&gt;
              &lt;ink-text
                style=&quot;flex-grow: 0; flex-shrink: 1; flex-direction: row; text-wrap: wrap;&quot;
              &gt;
                mem-002
              &lt;/ink-text&gt;
              &lt;ink-text
                style=&quot;flex-grow: 0; flex-shrink: 1; flex-direction: row; text-wrap: wrap;&quot;
              &gt;
                ] 
              &lt;/ink-text&gt;
              &lt;ink-text
                style=&quot;flex-grow: 0; flex-shrink: 1; flex-direction: row; text-wrap: wrap;&quot;
              &gt;
                シナプス記憶システムのPhase 2実装完了
              &lt;/ink-text&gt;
            &lt;/ink-box&gt;
            &lt;ink-box
              style=&quot;flex-wrap: nowrap; flex-direction: row; flex-grow: 0; flex-shrink: 1; overflow-x: visible; overflow-y: visible;&quot;
            &gt;
              &lt;ink-text
                style=&quot;flex-grow: 0; flex-shrink: 1; flex-direction: row; text-wrap: wrap;&quot;
              &gt;
                  
              &lt;/ink-text&gt;
              &lt;ink-text
                style=&quot;flex-grow: 0; flex-shrink: 1; flex-direction: row; text-wrap: wrap;&quot;
              &gt;
                [
              &lt;/ink-text&gt;
              &lt;ink-text
                style=&quot;flex-grow: 0; flex-shrink: 1; flex-direction: row; text-wrap: wrap;&quot;
              &gt;
                mem-003
              &lt;/ink-text&gt;
              &lt;ink-text
                style=&quot;flex-grow: 0; flex-shrink: 1; flex-direction: row; text-wrap: wrap;&quot;
              &gt;
                ] 
              &lt;/ink-text&gt;
              &lt;ink-text
                style=&quot;flex-grow: 0; flex-shrink: 1; flex-direction: row; text-wrap: wrap;&quot;
              &gt;
                RESTful API設計とエンドポイント定義
              &lt;/ink-text&gt;
            &lt;/ink-box&gt;
          &lt;/ink-box&gt;
          &lt;ink-box
            style=&quot;flex-wrap: nowrap; flex-direction: row; flex-grow: 0; flex-shrink: 1; margin-top: 1px; border-color: rgb(108, 112, 134); padding: 1px; overflow-x: visible; overflow-y: visible;&quot;
          &gt;
            &lt;ink-box
              style=&quot;flex-wrap: nowrap; flex-direction: column; flex-grow: 0; flex-shrink: 1; overflow-x: visible; overflow-y: visible;&quot;
            &gt;
              &lt;ink-text
                style=&quot;flex-grow: 0; flex-shrink: 1; flex-direction: row; text-wrap: wrap;&quot;
              &gt;
                詳細:
              &lt;/ink-text&gt;
              &lt;ink-text
                style=&quot;flex-grow: 0; flex-shrink: 1; flex-direction: row; text-wrap: wrap;&quot;
              &gt;
                ID: 
                mem-001
              &lt;/ink-text&gt;
              &lt;ink-text
                style=&quot;flex-grow: 0; flex-shrink: 1; flex-direction: row; text-wrap: wrap;&quot;
              &gt;
                アクセス数: 
                15
              &lt;/ink-text&gt;
              &lt;ink-text
                style=&quot;flex-grow: 0; flex-shrink: 1; flex-direction: row; text-wrap: wrap;&quot;
              &gt;
                成功率: 
                92.0
                %
              &lt;/ink-text&gt;
              &lt;ink-text
                style=&quot;flex-grow: 0; flex-shrink: 1; flex-direction: row; text-wrap: wrap;&quot;
              &gt;
                タグ: 
                gpt5, prompting, analysis
              &lt;/ink-text&gt;
            &lt;/ink-box&gt;
          &lt;/ink-box&gt;
        &lt;/ink-box&gt;
      &lt;/ink-box&gt;
      &lt;ink-box
        style=&quot;flex-wrap: nowrap; flex-direction: row; flex-grow: 0; flex-shrink: 1; margin-top: 1px; border-color: rgb(108, 112, 134); padding: 1px; overflow-x: visible; overflow-y: visible;&quot;
      &gt;
        &lt;ink-text
          style=&quot;flex-grow: 0; flex-shrink: 1; flex-direction: row; text-wrap: wrap;&quot;
        &gt;
          Tab: タブ切替 | ↑↓: 記憶選択 | q: 終了
        &lt;/ink-text&gt;
      &lt;/ink-box&gt;
    &lt;/ink-box&gt;
  &lt;/div&gt;
&lt;/body&gt;
 ❯ Object.getElementError node_modules/@testing-library/dom/dist/config.js:37:19
 ❯ node_modules/@testing-library/dom/dist/query-helpers.js:76:38
 ❯ node_modules/@testing-library/dom/dist/query-helpers.js:52:17
 ❯ node_modules/@testing-library/dom/dist/query-helpers.js:95:19
 ❯ src/ui/components/SynapticMemoryDashboard.test.tsx:113:28
            </failure>
        </testcase>
        <testcase classname="src/ui/components/SynapticMemoryDashboard.test.tsx" name="SynapticMemoryDashboard &gt; Healthタブでネットワーク健康状態が表示されること" time="0.013006667">
            <failure message="Unable to find an element with the text: Health. This could be because the text is broken up by multiple elements. In this case, you can provide a function for your text matcher to make your matcher more flexible.

Ignored nodes: comments, script, style
[36m&lt;body&gt;[39m
  [36m&lt;div&gt;[39m
    [36m&lt;ink-box[39m
      [33mstyle[39m=[32m&quot;flex-wrap: nowrap; flex-direction: column; flex-grow: 0; flex-shrink: 1; width: 52px; height: 20px; padding: 1px; overflow-x: visible; overflow-y: visible;&quot;[39m
    [36m&gt;[39m
      [36m&lt;ink-box[39m
        [33mstyle[39m=[32m&quot;flex-wrap: nowrap; flex-direction: row; flex-grow: 0; flex-shrink: 1; margin-bottom: 1px; overflow-x: visible; overflow-y: visible;&quot;[39m
      [36m&gt;[39m
        [36m&lt;ink-text[39m
          [33mstyle[39m=[32m&quot;flex-grow: 0; flex-shrink: 1; flex-direction: row; text-wrap: wrap;&quot;[39m
        [36m&gt;[39m
          [0mシナプス記憶システム ダッシュボード[0m
        [36m&lt;/ink-text&gt;[39m
      [36m&lt;/ink-box&gt;[39m
      [36m&lt;ink-box[39m
        [33mstyle[39m=[32m&quot;flex-wrap: nowrap; flex-direction: row; flex-grow: 0; flex-shrink: 1; margin-bottom: 1px; overflow-x: visible; overflow-y: visible;&quot;[39m
      [36m&gt;[39m
        [36m&lt;ink-box[39m
          [33mstyle[39m=[32m&quot;flex-wrap: nowrap; flex-direction: row; flex-grow: 0; flex-shrink: 1; margin-right: 2px; overflow-x: visible; overflow-y: visible;&quot;[39m
        [36m&gt;[39m
          [36m&lt;ink-text[39m
            [33mstyle[39m=[32m&quot;flex-grow: 0; flex-shrink: 1; flex-direction: row; text-wrap: wrap;&quot;[39m
          [36m&gt;[39m
            [0m[[0m
            [0m1[0m
            [0m] [0m
            [0m記憶一覧[0m
          [36m&lt;/ink-text&gt;[39m
        [36m&lt;/ink-box&gt;[39m
        [36m&lt;ink-box[39m
          [33mstyle[39m=[32m&quot;flex-wrap: nowrap; flex-direction: row; flex-grow: 0; flex-shrink: 1; margin-right: 2px; overflow-x: visible; overflow-y: visible;&quot;[39m
        [36m&gt;[39m
          [36m&lt;ink-text[39m
            [33mstyle[39m=[32m&quot;flex-grow: 0; flex-shrink: 1; flex-direction: row; text-wrap: wrap;&quot;[39m
          [36m&gt;[39m
            [0m[[0m
            [0m2[0m
            [0m] [0m
            [0mシナプス結合[0m
          [36m&lt;/ink-text&gt;[39m
        [36m&lt;/ink-box&gt;[39m
        [36m&lt;ink-box[39m
          [33mstyle[39m=[32m&quot;flex-wrap: nowrap; flex-direction: row; flex-grow: 0; flex-shrink: 1; margin-right: 2px; overflow-x: visible; overflow-y: visible;&quot;[39m
        [36m&gt;[39m
          [36m&lt;ink-text[39m
            [33mstyle[39m=[32m&quot;flex-grow: 0; flex-shrink: 1; flex-direction: row; text-wrap: wrap;&quot;[39m
          [36m&gt;[39m
            [0m[[0m
            [0m3[0m
            [0m] [0m
            [0mネットワーク診断[0m
          [36m&lt;/ink-text&gt;[39m
        [36m&lt;/ink-box&gt;[39m
        [36m&lt;ink-box[39m
          [33mstyle[39m=[32m&quot;flex-wrap: nowrap; flex-direction: row; flex-grow: 0; flex-shrink: 1; margin-right: 2px; overflow-x: visible; overflow-y: visible;&quot;[39m
        [36m&gt;[39m
          [36m&lt;ink-text[39m
            [33mstyle[39m=[32m&quot;flex-grow: 0; flex-shrink: 1; flex-direction: row; text-wrap: wrap;&quot;[39m
          [36m&gt;[39m
            [0m[[0m
            [0m4[0m
            [0m] [0m
            [0m設定[0m
          [36m&lt;/ink-text&gt;[39m
        [36m&lt;/ink-box&gt;[39m
      [36m&lt;/ink-box&gt;[39m
      [36m&lt;ink-box[39m
        [33mstyle[39m=[32m&quot;flex-wrap: nowrap; flex-direction: row; flex-grow: 1; flex-shrink: 1; overflow: hidden; overflow-x: hidden; overflow-y: hidden;&quot;[39m
      [36m&gt;[39m
        [36m&lt;ink-box[39m
          [33mstyle[39m=[32m&quot;flex-wrap: nowrap; flex-direction: column; flex-grow: 1; flex-shrink: 1; overflow-x: visible; overflow-y: visible;&quot;[39m
        [36m&gt;[39m
          [36m&lt;ink-box[39m
            [33mstyle[39m=[32m&quot;flex-wrap: nowrap; flex-direction: row; flex-grow: 0; flex-shrink: 1; margin-bottom: 1px; overflow-x: visible; overflow-y: visible;&quot;[39m
          [36m&gt;[39m
            [36m&lt;ink-text[39m
              [33mstyle[39m=[32m&quot;flex-grow: 0; flex-shrink: 1; flex-direction: row; text-wrap: wrap;&quot;[39m
            [36m&gt;[39m
              [0m記憶一覧 ([0m
              [0m3[0m
              [0m件)[0m
            [36m&lt;/ink-text&gt;[39m
          [36m&lt;/ink-box&gt;[39m
          [36m&lt;ink-box[39m
            [33mstyle[39m=[32m&quot;flex-wrap: nowrap; flex-direction: column; flex-grow: 0; flex-shrink: 0; width: 48px; overflow-x: visible; overflow-y: visible;&quot;[39m
          [36m&gt;[39m
            [36m&lt;ink-box[39m
              [33mstyle[39m=[32m&quot;flex-wrap: nowrap; flex-direction: row; flex-grow: 0; flex-shrink: 1; overflow-x: visible; overflow-y: visible;&quot;[39m
            [36m&gt;[39m
              [36m&lt;ink-text[39m
                [33mstyle[39m=[32m&quot;flex-grow: 0; flex-shrink: 1; flex-direction: row; text-wrap: wrap;&quot;[39m
              [36m&gt;[39m
                [0m► [0m
              [36m&lt;/ink-text&gt;[39m
              [36m&lt;ink-text[39m
                [33mstyle[39m=[32m&quot;flex-grow: 0; flex-shrink: 1; flex-direction: row; text-wrap: wrap;&quot;[39m
              [36m&gt;[39m
                [0m[[0m
              [36m&lt;/ink-text&gt;[39m
              [36m&lt;ink-text[39m
                [33mstyle[39m=[32m&quot;flex-grow: 0; flex-shrink: 1; flex-direction: row; text-wrap: wrap;&quot;[39m
              [36m&gt;[39m
                [0mmem-001[0m
              [36m&lt;/ink-text&gt;[39m
              [36m&lt;ink-text[39m
                [33mstyle[39m=[32m&quot;flex-grow: 0; flex-shrink: 1; flex-direction: row; text-wrap: wrap;&quot;[39m
              [36m&gt;[39m
                [0m] [0m
              [36m&lt;/ink-text&gt;[39m
              [36m&lt;ink-text[39m
                [33mstyle[39m=[32m&quot;flex-grow: 0; flex-shrink: 1; flex-direction: row; text-wrap: wrap;&quot;[39m
              [36m&gt;[39m
                [0mGPT-5プロンプトガイドの分析結果[0m
              [36m&lt;/ink-text&gt;[39m
            [36m&lt;/ink-box&gt;[39m
            [36m&lt;ink-box[39m
              [33mstyle[39m=[32m&quot;flex-wrap: nowrap; flex-direction: row; flex-grow: 0; flex-shrink: 1; overflow-x: visible; overflow-y: visible;&quot;[39m
            [36m&gt;[39m
              [36m&lt;ink-text[39m
                [33mstyle[39m=[32m&quot;flex-grow: 0; flex-shrink: 1; flex-direction: row; text-wrap: wrap;&quot;[39m
              [36m&gt;[39m
                [0m  [0m
              [36m&lt;/ink-text&gt;[39m
              [36m&lt;ink-text[39m
                [33mstyle[39m=[32m&quot;flex-grow: 0; flex-shrink: 1; flex-direction: row; text-wrap: wrap;&quot;[39m
              [36m&gt;[39m
                [0m[[0m
              [36m&lt;/ink-text&gt;[39m
              [36m&lt;ink-text[39m
                [33mstyle[39m=[32m&quot;flex-grow: 0; flex-shrink: 1; flex-direction: row; text-wrap: wrap;&quot;[39m
              [36m&gt;[39m
                [0mmem-002[0m
              [36m&lt;/ink-text&gt;[39m
              [36m&lt;ink-text[39m
                [33mstyle[39m=[32m&quot;flex-grow: 0; flex-shrink: 1; flex-direction: row; text-wrap: wrap;&quot;[39m
              [36m&gt;[39m
                [0m] [0m
              [36m&lt;/ink-text&gt;[39m
              [36m&lt;ink-text[39m
                [33mstyle[39m=[32m&quot;flex-grow: 0; flex-shrink: 1; flex-direction: row; text-wrap: wrap;&quot;[39m
              [36m&gt;[39m
                [0mシナプス記憶システムのPhase 2実装完了[0m
              [36m&lt;/ink-text&gt;[39m
            [36m&lt;/ink-box&gt;[39m
            [36m&lt;ink-box[39m
              [33mstyle[39m=[32m&quot;flex-wrap: nowrap; flex-direction: row; flex-grow: 0; flex-shrink: 1; overflow-x: visible; overflow-y: visible;&quot;[39m
            [36m&gt;[39m
              [36m&lt;ink-text[39m
                [33mstyle[39m=[32m&quot;flex-grow: 0; flex-shrink: 1; flex-direction: row; text-wrap: wrap;&quot;[39m
              [36m&gt;[39m
                [0m  [0m
              [36m&lt;/ink-text&gt;[39m
              [36m&lt;ink-text[39m
                [33mstyle[39m=[32m&quot;flex-grow: 0; flex-shrink: 1; flex-direction: row; text-wrap: wrap;&quot;[39m
              [36m&gt;[39m
                [0m[[0m
              [36m&lt;/ink-text&gt;[39m
              [36m&lt;ink-text[39m
                [33mstyle[39m=[32m&quot;flex-grow: 0; flex-shrink: 1; flex-direction: row; text-wrap: wrap;&quot;[39m
              [36m&gt;[39m
                [0mmem-003[0m
              [36m&lt;/ink-text&gt;[39m
              [36m&lt;ink-text[39m
                [33mstyle[39m=[32m&quot;flex-grow: 0; flex-shrink: 1; flex-direction: row; text-wrap: wrap;&quot;[39m
              [36m&gt;[39m
                [0m] [0m
              [36m&lt;/ink-text&gt;[39m
              [36m&lt;ink-text[39m
                [33mstyle[39m=[32m&quot;flex-grow: 0; flex-shrink: 1; flex-direction: row; text-wrap: wrap;&quot;[39m
              [36m&gt;[39m
                [0mRESTful API設計とエンドポイント定義[0m
              [36m&lt;/ink-text&gt;[39m
            [36m&lt;/ink-box&gt;[39m
          [36m&lt;/ink-box&gt;[39m
          [36m&lt;ink-box[39m
            [33mstyle[39m=[32m&quot;flex-wrap: nowrap; flex-direction: row; flex-grow: 0; flex-shrink: 1; margin-top: 1px; border-color: rgb(108, 112, 134); padding: 1px; overflow-x: visible; overflow-y: visible;&quot;[39m
          [36m&gt;[39m
            [36m&lt;ink-box[39m
              [33mstyle[39m=[32m&quot;flex-wrap: nowrap; flex-direction: column; flex-grow: 0; flex-shrink: 1; overflow-x: visible; overflow-y: visible;&quot;[39m
            [36m&gt;[39m
              [36m&lt;ink-text[39m
                [33mstyle[39m=[32m&quot;flex-grow: 0; flex-shrink: 1; flex-direction: row; text-wrap: wrap;&quot;[39m
              [36m&gt;[39m
                [0m詳細:[0m
              [36m&lt;/ink-text&gt;[39m
              [36m&lt;ink-text[39m
                [33mstyle[39m=[32m&quot;flex-grow: 0; flex-shrink: 1; flex-direction: row; text-wrap: wrap;&quot;[39m
              [36m&gt;[39m
                [0mID: [0m
                [0mmem-001[0m
              [36m&lt;/ink-text&gt;[39m
              [36m&lt;ink-text[39m
                [33mstyle[39m=[32m&quot;flex-grow: 0; flex-shrink: 1; flex-direction: row; text-wrap: wrap;&quot;[39m
              [36m&gt;[39m
                [0mアクセス数: [0m
                [0m15[0m
              [36m&lt;/ink-text&gt;[39m
              [36m&lt;ink-text[39m
                [33mstyle[39m=[32m&quot;flex-grow: 0; flex-shrink: 1; flex-direction: row; text-wrap: wrap;&quot;[39m
              [36m&gt;[39m
                [0m成功率: [0m
                [0m92.0[0m
                [0m%[0m
              [36m&lt;/ink-text&gt;[39m
              [36m&lt;ink-text[39m
                [33mstyle[39m=[32m&quot;flex-grow: 0; flex-shrink: 1; flex-direction: row; text-wrap: wrap;&quot;[39m
              [36m&gt;[39m
                [0mタグ: [0m
                [0mgpt5, prompting, analysis[0m
              [36m&lt;/ink-text&gt;[39m
            [36m&lt;/ink-box&gt;[39m
          [36m&lt;/ink-box&gt;[39m
        [36m&lt;/ink-box&gt;[39m
      [36m&lt;/ink-box&gt;[39m
      [36m&lt;ink-box[39m
        [33mstyle[39m=[32m&quot;flex-wrap: nowrap; flex-direction: row; flex-grow: 0; flex-shrink: 1; margin-top: 1px; border-color: rgb(108, 112, 134); padding: 1px; overflow-x: visible; overflow-y: visible;&quot;[39m
      [36m&gt;[39m
        [36m&lt;ink-text[39m
          [33mstyle[39m=[32m&quot;flex-grow: 0; flex-shrink: 1; flex-direction: row; text-wrap: wrap;&quot;[39m
        [36m&gt;[39m
          [0mTab: タブ切替 | ↑↓: 記憶選択 | q: 終了[0m
        [36m&lt;/ink-text&gt;[39m
      [36m&lt;/ink-box&gt;[39m
    [36m&lt;/ink-box&gt;[39m
  [36m&lt;/div&gt;[39m
[36m&lt;/body&gt;[39m" type="TestingLibraryElementError">
TestingLibraryElementError: Unable to find an element with the text: Health. This could be because the text is broken up by multiple elements. In this case, you can provide a function for your text matcher to make your matcher more flexible.

Ignored nodes: comments, script, style
&lt;body&gt;
  &lt;div&gt;
    &lt;ink-box
      style=&quot;flex-wrap: nowrap; flex-direction: column; flex-grow: 0; flex-shrink: 1; width: 52px; height: 20px; padding: 1px; overflow-x: visible; overflow-y: visible;&quot;
    &gt;
      &lt;ink-box
        style=&quot;flex-wrap: nowrap; flex-direction: row; flex-grow: 0; flex-shrink: 1; margin-bottom: 1px; overflow-x: visible; overflow-y: visible;&quot;
      &gt;
        &lt;ink-text
          style=&quot;flex-grow: 0; flex-shrink: 1; flex-direction: row; text-wrap: wrap;&quot;
        &gt;
          シナプス記憶システム ダッシュボード
        &lt;/ink-text&gt;
      &lt;/ink-box&gt;
      &lt;ink-box
        style=&quot;flex-wrap: nowrap; flex-direction: row; flex-grow: 0; flex-shrink: 1; margin-bottom: 1px; overflow-x: visible; overflow-y: visible;&quot;
      &gt;
        &lt;ink-box
          style=&quot;flex-wrap: nowrap; flex-direction: row; flex-grow: 0; flex-shrink: 1; margin-right: 2px; overflow-x: visible; overflow-y: visible;&quot;
        &gt;
          &lt;ink-text
            style=&quot;flex-grow: 0; flex-shrink: 1; flex-direction: row; text-wrap: wrap;&quot;
          &gt;
            [
            1
            ] 
            記憶一覧
          &lt;/ink-text&gt;
        &lt;/ink-box&gt;
        &lt;ink-box
          style=&quot;flex-wrap: nowrap; flex-direction: row; flex-grow: 0; flex-shrink: 1; margin-right: 2px; overflow-x: visible; overflow-y: visible;&quot;
        &gt;
          &lt;ink-text
            style=&quot;flex-grow: 0; flex-shrink: 1; flex-direction: row; text-wrap: wrap;&quot;
          &gt;
            [
            2
            ] 
            シナプス結合
          &lt;/ink-text&gt;
        &lt;/ink-box&gt;
        &lt;ink-box
          style=&quot;flex-wrap: nowrap; flex-direction: row; flex-grow: 0; flex-shrink: 1; margin-right: 2px; overflow-x: visible; overflow-y: visible;&quot;
        &gt;
          &lt;ink-text
            style=&quot;flex-grow: 0; flex-shrink: 1; flex-direction: row; text-wrap: wrap;&quot;
          &gt;
            [
            3
            ] 
            ネットワーク診断
          &lt;/ink-text&gt;
        &lt;/ink-box&gt;
        &lt;ink-box
          style=&quot;flex-wrap: nowrap; flex-direction: row; flex-grow: 0; flex-shrink: 1; margin-right: 2px; overflow-x: visible; overflow-y: visible;&quot;
        &gt;
          &lt;ink-text
            style=&quot;flex-grow: 0; flex-shrink: 1; flex-direction: row; text-wrap: wrap;&quot;
          &gt;
            [
            4
            ] 
            設定
          &lt;/ink-text&gt;
        &lt;/ink-box&gt;
      &lt;/ink-box&gt;
      &lt;ink-box
        style=&quot;flex-wrap: nowrap; flex-direction: row; flex-grow: 1; flex-shrink: 1; overflow: hidden; overflow-x: hidden; overflow-y: hidden;&quot;
      &gt;
        &lt;ink-box
          style=&quot;flex-wrap: nowrap; flex-direction: column; flex-grow: 1; flex-shrink: 1; overflow-x: visible; overflow-y: visible;&quot;
        &gt;
          &lt;ink-box
            style=&quot;flex-wrap: nowrap; flex-direction: row; flex-grow: 0; flex-shrink: 1; margin-bottom: 1px; overflow-x: visible; overflow-y: visible;&quot;
          &gt;
            &lt;ink-text
              style=&quot;flex-grow: 0; flex-shrink: 1; flex-direction: row; text-wrap: wrap;&quot;
            &gt;
              記憶一覧 (
              3
              件)
            &lt;/ink-text&gt;
          &lt;/ink-box&gt;
          &lt;ink-box
            style=&quot;flex-wrap: nowrap; flex-direction: column; flex-grow: 0; flex-shrink: 0; width: 48px; overflow-x: visible; overflow-y: visible;&quot;
          &gt;
            &lt;ink-box
              style=&quot;flex-wrap: nowrap; flex-direction: row; flex-grow: 0; flex-shrink: 1; overflow-x: visible; overflow-y: visible;&quot;
            &gt;
              &lt;ink-text
                style=&quot;flex-grow: 0; flex-shrink: 1; flex-direction: row; text-wrap: wrap;&quot;
              &gt;
                ► 
              &lt;/ink-text&gt;
              &lt;ink-text
                style=&quot;flex-grow: 0; flex-shrink: 1; flex-direction: row; text-wrap: wrap;&quot;
              &gt;
                [
              &lt;/ink-text&gt;
              &lt;ink-text
                style=&quot;flex-grow: 0; flex-shrink: 1; flex-direction: row; text-wrap: wrap;&quot;
              &gt;
                mem-001
              &lt;/ink-text&gt;
              &lt;ink-text
                style=&quot;flex-grow: 0; flex-shrink: 1; flex-direction: row; text-wrap: wrap;&quot;
              &gt;
                ] 
              &lt;/ink-text&gt;
              &lt;ink-text
                style=&quot;flex-grow: 0; flex-shrink: 1; flex-direction: row; text-wrap: wrap;&quot;
              &gt;
                GPT-5プロンプトガイドの分析結果
              &lt;/ink-text&gt;
            &lt;/ink-box&gt;
            &lt;ink-box
              style=&quot;flex-wrap: nowrap; flex-direction: row; flex-grow: 0; flex-shrink: 1; overflow-x: visible; overflow-y: visible;&quot;
            &gt;
              &lt;ink-text
                style=&quot;flex-grow: 0; flex-shrink: 1; flex-direction: row; text-wrap: wrap;&quot;
              &gt;
                  
              &lt;/ink-text&gt;
              &lt;ink-text
                style=&quot;flex-grow: 0; flex-shrink: 1; flex-direction: row; text-wrap: wrap;&quot;
              &gt;
                [
              &lt;/ink-text&gt;
              &lt;ink-text
                style=&quot;flex-grow: 0; flex-shrink: 1; flex-direction: row; text-wrap: wrap;&quot;
              &gt;
                mem-002
              &lt;/ink-text&gt;
              &lt;ink-text
                style=&quot;flex-grow: 0; flex-shrink: 1; flex-direction: row; text-wrap: wrap;&quot;
              &gt;
                ] 
              &lt;/ink-text&gt;
              &lt;ink-text
                style=&quot;flex-grow: 0; flex-shrink: 1; flex-direction: row; text-wrap: wrap;&quot;
              &gt;
                シナプス記憶システムのPhase 2実装完了
              &lt;/ink-text&gt;
            &lt;/ink-box&gt;
            &lt;ink-box
              style=&quot;flex-wrap: nowrap; flex-direction: row; flex-grow: 0; flex-shrink: 1; overflow-x: visible; overflow-y: visible;&quot;
            &gt;
              &lt;ink-text
                style=&quot;flex-grow: 0; flex-shrink: 1; flex-direction: row; text-wrap: wrap;&quot;
              &gt;
                  
              &lt;/ink-text&gt;
              &lt;ink-text
                style=&quot;flex-grow: 0; flex-shrink: 1; flex-direction: row; text-wrap: wrap;&quot;
              &gt;
                [
              &lt;/ink-text&gt;
              &lt;ink-text
                style=&quot;flex-grow: 0; flex-shrink: 1; flex-direction: row; text-wrap: wrap;&quot;
              &gt;
                mem-003
              &lt;/ink-text&gt;
              &lt;ink-text
                style=&quot;flex-grow: 0; flex-shrink: 1; flex-direction: row; text-wrap: wrap;&quot;
              &gt;
                ] 
              &lt;/ink-text&gt;
              &lt;ink-text
                style=&quot;flex-grow: 0; flex-shrink: 1; flex-direction: row; text-wrap: wrap;&quot;
              &gt;
                RESTful API設計とエンドポイント定義
              &lt;/ink-text&gt;
            &lt;/ink-box&gt;
          &lt;/ink-box&gt;
          &lt;ink-box
            style=&quot;flex-wrap: nowrap; flex-direction: row; flex-grow: 0; flex-shrink: 1; margin-top: 1px; border-color: rgb(108, 112, 134); padding: 1px; overflow-x: visible; overflow-y: visible;&quot;
          &gt;
            &lt;ink-box
              style=&quot;flex-wrap: nowrap; flex-direction: column; flex-grow: 0; flex-shrink: 1; overflow-x: visible; overflow-y: visible;&quot;
            &gt;
              &lt;ink-text
                style=&quot;flex-grow: 0; flex-shrink: 1; flex-direction: row; text-wrap: wrap;&quot;
              &gt;
                詳細:
              &lt;/ink-text&gt;
              &lt;ink-text
                style=&quot;flex-grow: 0; flex-shrink: 1; flex-direction: row; text-wrap: wrap;&quot;
              &gt;
                ID: 
                mem-001
              &lt;/ink-text&gt;
              &lt;ink-text
                style=&quot;flex-grow: 0; flex-shrink: 1; flex-direction: row; text-wrap: wrap;&quot;
              &gt;
                アクセス数: 
                15
              &lt;/ink-text&gt;
              &lt;ink-text
                style=&quot;flex-grow: 0; flex-shrink: 1; flex-direction: row; text-wrap: wrap;&quot;
              &gt;
                成功率: 
                92.0
                %
              &lt;/ink-text&gt;
              &lt;ink-text
                style=&quot;flex-grow: 0; flex-shrink: 1; flex-direction: row; text-wrap: wrap;&quot;
              &gt;
                タグ: 
                gpt5, prompting, analysis
              &lt;/ink-text&gt;
            &lt;/ink-box&gt;
          &lt;/ink-box&gt;
        &lt;/ink-box&gt;
      &lt;/ink-box&gt;
      &lt;ink-box
        style=&quot;flex-wrap: nowrap; flex-direction: row; flex-grow: 0; flex-shrink: 1; margin-top: 1px; border-color: rgb(108, 112, 134); padding: 1px; overflow-x: visible; overflow-y: visible;&quot;
      &gt;
        &lt;ink-text
          style=&quot;flex-grow: 0; flex-shrink: 1; flex-direction: row; text-wrap: wrap;&quot;
        &gt;
          Tab: タブ切替 | ↑↓: 記憶選択 | q: 終了
        &lt;/ink-text&gt;
      &lt;/ink-box&gt;
    &lt;/ink-box&gt;
  &lt;/div&gt;
&lt;/body&gt;
 ❯ Object.getElementError node_modules/@testing-library/dom/dist/config.js:37:19
 ❯ node_modules/@testing-library/dom/dist/query-helpers.js:76:38
 ❯ node_modules/@testing-library/dom/dist/query-helpers.js:52:17
 ❯ node_modules/@testing-library/dom/dist/query-helpers.js:95:19
 ❯ src/ui/components/SynapticMemoryDashboard.test.tsx:126:28
            </failure>
        </testcase>
        <testcase classname="src/ui/components/SynapticMemoryDashboard.test.tsx" name="SynapticMemoryDashboard &gt; Healthタブで問題と提案が表示されること" time="0.014544416">
            <failure message="Unable to find an element with the text: Health. This could be because the text is broken up by multiple elements. In this case, you can provide a function for your text matcher to make your matcher more flexible.

Ignored nodes: comments, script, style
[36m&lt;body&gt;[39m
  [36m&lt;div&gt;[39m
    [36m&lt;ink-box[39m
      [33mstyle[39m=[32m&quot;flex-wrap: nowrap; flex-direction: column; flex-grow: 0; flex-shrink: 1; width: 52px; height: 20px; padding: 1px; overflow-x: visible; overflow-y: visible;&quot;[39m
    [36m&gt;[39m
      [36m&lt;ink-box[39m
        [33mstyle[39m=[32m&quot;flex-wrap: nowrap; flex-direction: row; flex-grow: 0; flex-shrink: 1; margin-bottom: 1px; overflow-x: visible; overflow-y: visible;&quot;[39m
      [36m&gt;[39m
        [36m&lt;ink-text[39m
          [33mstyle[39m=[32m&quot;flex-grow: 0; flex-shrink: 1; flex-direction: row; text-wrap: wrap;&quot;[39m
        [36m&gt;[39m
          [0mシナプス記憶システム ダッシュボード[0m
        [36m&lt;/ink-text&gt;[39m
      [36m&lt;/ink-box&gt;[39m
      [36m&lt;ink-box[39m
        [33mstyle[39m=[32m&quot;flex-wrap: nowrap; flex-direction: row; flex-grow: 0; flex-shrink: 1; margin-bottom: 1px; overflow-x: visible; overflow-y: visible;&quot;[39m
      [36m&gt;[39m
        [36m&lt;ink-box[39m
          [33mstyle[39m=[32m&quot;flex-wrap: nowrap; flex-direction: row; flex-grow: 0; flex-shrink: 1; margin-right: 2px; overflow-x: visible; overflow-y: visible;&quot;[39m
        [36m&gt;[39m
          [36m&lt;ink-text[39m
            [33mstyle[39m=[32m&quot;flex-grow: 0; flex-shrink: 1; flex-direction: row; text-wrap: wrap;&quot;[39m
          [36m&gt;[39m
            [0m[[0m
            [0m1[0m
            [0m] [0m
            [0m記憶一覧[0m
          [36m&lt;/ink-text&gt;[39m
        [36m&lt;/ink-box&gt;[39m
        [36m&lt;ink-box[39m
          [33mstyle[39m=[32m&quot;flex-wrap: nowrap; flex-direction: row; flex-grow: 0; flex-shrink: 1; margin-right: 2px; overflow-x: visible; overflow-y: visible;&quot;[39m
        [36m&gt;[39m
          [36m&lt;ink-text[39m
            [33mstyle[39m=[32m&quot;flex-grow: 0; flex-shrink: 1; flex-direction: row; text-wrap: wrap;&quot;[39m
          [36m&gt;[39m
            [0m[[0m
            [0m2[0m
            [0m] [0m
            [0mシナプス結合[0m
          [36m&lt;/ink-text&gt;[39m
        [36m&lt;/ink-box&gt;[39m
        [36m&lt;ink-box[39m
          [33mstyle[39m=[32m&quot;flex-wrap: nowrap; flex-direction: row; flex-grow: 0; flex-shrink: 1; margin-right: 2px; overflow-x: visible; overflow-y: visible;&quot;[39m
        [36m&gt;[39m
          [36m&lt;ink-text[39m
            [33mstyle[39m=[32m&quot;flex-grow: 0; flex-shrink: 1; flex-direction: row; text-wrap: wrap;&quot;[39m
          [36m&gt;[39m
            [0m[[0m
            [0m3[0m
            [0m] [0m
            [0mネットワーク診断[0m
          [36m&lt;/ink-text&gt;[39m
        [36m&lt;/ink-box&gt;[39m
        [36m&lt;ink-box[39m
          [33mstyle[39m=[32m&quot;flex-wrap: nowrap; flex-direction: row; flex-grow: 0; flex-shrink: 1; margin-right: 2px; overflow-x: visible; overflow-y: visible;&quot;[39m
        [36m&gt;[39m
          [36m&lt;ink-text[39m
            [33mstyle[39m=[32m&quot;flex-grow: 0; flex-shrink: 1; flex-direction: row; text-wrap: wrap;&quot;[39m
          [36m&gt;[39m
            [0m[[0m
            [0m4[0m
            [0m] [0m
            [0m設定[0m
          [36m&lt;/ink-text&gt;[39m
        [36m&lt;/ink-box&gt;[39m
      [36m&lt;/ink-box&gt;[39m
      [36m&lt;ink-box[39m
        [33mstyle[39m=[32m&quot;flex-wrap: nowrap; flex-direction: row; flex-grow: 1; flex-shrink: 1; overflow: hidden; overflow-x: hidden; overflow-y: hidden;&quot;[39m
      [36m&gt;[39m
        [36m&lt;ink-box[39m
          [33mstyle[39m=[32m&quot;flex-wrap: nowrap; flex-direction: column; flex-grow: 1; flex-shrink: 1; overflow-x: visible; overflow-y: visible;&quot;[39m
        [36m&gt;[39m
          [36m&lt;ink-box[39m
            [33mstyle[39m=[32m&quot;flex-wrap: nowrap; flex-direction: row; flex-grow: 0; flex-shrink: 1; margin-bottom: 1px; overflow-x: visible; overflow-y: visible;&quot;[39m
          [36m&gt;[39m
            [36m&lt;ink-text[39m
              [33mstyle[39m=[32m&quot;flex-grow: 0; flex-shrink: 1; flex-direction: row; text-wrap: wrap;&quot;[39m
            [36m&gt;[39m
              [0m記憶一覧 ([0m
              [0m3[0m
              [0m件)[0m
            [36m&lt;/ink-text&gt;[39m
          [36m&lt;/ink-box&gt;[39m
          [36m&lt;ink-box[39m
            [33mstyle[39m=[32m&quot;flex-wrap: nowrap; flex-direction: column; flex-grow: 0; flex-shrink: 0; width: 48px; overflow-x: visible; overflow-y: visible;&quot;[39m
          [36m&gt;[39m
            [36m&lt;ink-box[39m
              [33mstyle[39m=[32m&quot;flex-wrap: nowrap; flex-direction: row; flex-grow: 0; flex-shrink: 1; overflow-x: visible; overflow-y: visible;&quot;[39m
            [36m&gt;[39m
              [36m&lt;ink-text[39m
                [33mstyle[39m=[32m&quot;flex-grow: 0; flex-shrink: 1; flex-direction: row; text-wrap: wrap;&quot;[39m
              [36m&gt;[39m
                [0m► [0m
              [36m&lt;/ink-text&gt;[39m
              [36m&lt;ink-text[39m
                [33mstyle[39m=[32m&quot;flex-grow: 0; flex-shrink: 1; flex-direction: row; text-wrap: wrap;&quot;[39m
              [36m&gt;[39m
                [0m[[0m
              [36m&lt;/ink-text&gt;[39m
              [36m&lt;ink-text[39m
                [33mstyle[39m=[32m&quot;flex-grow: 0; flex-shrink: 1; flex-direction: row; text-wrap: wrap;&quot;[39m
              [36m&gt;[39m
                [0mmem-001[0m
              [36m&lt;/ink-text&gt;[39m
              [36m&lt;ink-text[39m
                [33mstyle[39m=[32m&quot;flex-grow: 0; flex-shrink: 1; flex-direction: row; text-wrap: wrap;&quot;[39m
              [36m&gt;[39m
                [0m] [0m
              [36m&lt;/ink-text&gt;[39m
              [36m&lt;ink-text[39m
                [33mstyle[39m=[32m&quot;flex-grow: 0; flex-shrink: 1; flex-direction: row; text-wrap: wrap;&quot;[39m
              [36m&gt;[39m
                [0mGPT-5プロンプトガイドの分析結果[0m
              [36m&lt;/ink-text&gt;[39m
            [36m&lt;/ink-box&gt;[39m
            [36m&lt;ink-box[39m
              [33mstyle[39m=[32m&quot;flex-wrap: nowrap; flex-direction: row; flex-grow: 0; flex-shrink: 1; overflow-x: visible; overflow-y: visible;&quot;[39m
            [36m&gt;[39m
              [36m&lt;ink-text[39m
                [33mstyle[39m=[32m&quot;flex-grow: 0; flex-shrink: 1; flex-direction: row; text-wrap: wrap;&quot;[39m
              [36m&gt;[39m
                [0m  [0m
              [36m&lt;/ink-text&gt;[39m
              [36m&lt;ink-text[39m
                [33mstyle[39m=[32m&quot;flex-grow: 0; flex-shrink: 1; flex-direction: row; text-wrap: wrap;&quot;[39m
              [36m&gt;[39m
                [0m[[0m
              [36m&lt;/ink-text&gt;[39m
              [36m&lt;ink-text[39m
                [33mstyle[39m=[32m&quot;flex-grow: 0; flex-shrink: 1; flex-direction: row; text-wrap: wrap;&quot;[39m
              [36m&gt;[39m
                [0mmem-002[0m
              [36m&lt;/ink-text&gt;[39m
              [36m&lt;ink-text[39m
                [33mstyle[39m=[32m&quot;flex-grow: 0; flex-shrink: 1; flex-direction: row; text-wrap: wrap;&quot;[39m
              [36m&gt;[39m
                [0m] [0m
              [36m&lt;/ink-text&gt;[39m
              [36m&lt;ink-text[39m
                [33mstyle[39m=[32m&quot;flex-grow: 0; flex-shrink: 1; flex-direction: row; text-wrap: wrap;&quot;[39m
              [36m&gt;[39m
                [0mシナプス記憶システムのPhase 2実装完了[0m
              [36m&lt;/ink-text&gt;[39m
            [36m&lt;/ink-box&gt;[39m
            [36m&lt;ink-box[39m
              [33mstyle[39m=[32m&quot;flex-wrap: nowrap; flex-direction: row; flex-grow: 0; flex-shrink: 1; overflow-x: visible; overflow-y: visible;&quot;[39m
            [36m&gt;[39m
              [36m&lt;ink-text[39m
                [33mstyle[39m=[32m&quot;flex-grow: 0; flex-shrink: 1; flex-direction: row; text-wrap: wrap;&quot;[39m
              [36m&gt;[39m
                [0m  [0m
              [36m&lt;/ink-text&gt;[39m
              [36m&lt;ink-text[39m
                [33mstyle[39m=[32m&quot;flex-grow: 0; flex-shrink: 1; flex-direction: row; text-wrap: wrap;&quot;[39m
              [36m&gt;[39m
                [0m[[0m
              [36m&lt;/ink-text&gt;[39m
              [36m&lt;ink-text[39m
                [33mstyle[39m=[32m&quot;flex-grow: 0; flex-shrink: 1; flex-direction: row; text-wrap: wrap;&quot;[39m
              [36m&gt;[39m
                [0mmem-003[0m
              [36m&lt;/ink-text&gt;[39m
              [36m&lt;ink-text[39m
                [33mstyle[39m=[32m&quot;flex-grow: 0; flex-shrink: 1; flex-direction: row; text-wrap: wrap;&quot;[39m
              [36m&gt;[39m
                [0m] [0m
              [36m&lt;/ink-text&gt;[39m
              [36m&lt;ink-text[39m
                [33mstyle[39m=[32m&quot;flex-grow: 0; flex-shrink: 1; flex-direction: row; text-wrap: wrap;&quot;[39m
              [36m&gt;[39m
                [0mRESTful API設計とエンドポイント定義[0m
              [36m&lt;/ink-text&gt;[39m
            [36m&lt;/ink-box&gt;[39m
          [36m&lt;/ink-box&gt;[39m
          [36m&lt;ink-box[39m
            [33mstyle[39m=[32m&quot;flex-wrap: nowrap; flex-direction: row; flex-grow: 0; flex-shrink: 1; margin-top: 1px; border-color: rgb(108, 112, 134); padding: 1px; overflow-x: visible; overflow-y: visible;&quot;[39m
          [36m&gt;[39m
            [36m&lt;ink-box[39m
              [33mstyle[39m=[32m&quot;flex-wrap: nowrap; flex-direction: column; flex-grow: 0; flex-shrink: 1; overflow-x: visible; overflow-y: visible;&quot;[39m
            [36m&gt;[39m
              [36m&lt;ink-text[39m
                [33mstyle[39m=[32m&quot;flex-grow: 0; flex-shrink: 1; flex-direction: row; text-wrap: wrap;&quot;[39m
              [36m&gt;[39m
                [0m詳細:[0m
              [36m&lt;/ink-text&gt;[39m
              [36m&lt;ink-text[39m
                [33mstyle[39m=[32m&quot;flex-grow: 0; flex-shrink: 1; flex-direction: row; text-wrap: wrap;&quot;[39m
              [36m&gt;[39m
                [0mID: [0m
                [0mmem-001[0m
              [36m&lt;/ink-text&gt;[39m
              [36m&lt;ink-text[39m
                [33mstyle[39m=[32m&quot;flex-grow: 0; flex-shrink: 1; flex-direction: row; text-wrap: wrap;&quot;[39m
              [36m&gt;[39m
                [0mアクセス数: [0m
                [0m15[0m
              [36m&lt;/ink-text&gt;[39m
              [36m&lt;ink-text[39m
                [33mstyle[39m=[32m&quot;flex-grow: 0; flex-shrink: 1; flex-direction: row; text-wrap: wrap;&quot;[39m
              [36m&gt;[39m
                [0m成功率: [0m
                [0m92.0[0m
                [0m%[0m
              [36m&lt;/ink-text&gt;[39m
              [36m&lt;ink-text[39m
                [33mstyle[39m=[32m&quot;flex-grow: 0; flex-shrink: 1; flex-direction: row; text-wrap: wrap;&quot;[39m
              [36m&gt;[39m
                [0mタグ: [0m
                [0mgpt5, prompting, analysis[0m
              [36m&lt;/ink-text&gt;[39m
            [36m&lt;/ink-box&gt;[39m
          [36m&lt;/ink-box&gt;[39m
        [36m&lt;/ink-box&gt;[39m
      [36m&lt;/ink-box&gt;[39m
      [36m&lt;ink-box[39m
        [33mstyle[39m=[32m&quot;flex-wrap: nowrap; flex-direction: row; flex-grow: 0; flex-shrink: 1; margin-top: 1px; border-color: rgb(108, 112, 134); padding: 1px; overflow-x: visible; overflow-y: visible;&quot;[39m
      [36m&gt;[39m
        [36m&lt;ink-text[39m
          [33mstyle[39m=[32m&quot;flex-grow: 0; flex-shrink: 1; flex-direction: row; text-wrap: wrap;&quot;[39m
        [36m&gt;[39m
          [0mTab: タブ切替 | ↑↓: 記憶選択 | q: 終了[0m
        [36m&lt;/ink-text&gt;[39m
      [36m&lt;/ink-box&gt;[39m
    [36m&lt;/ink-box&gt;[39m
  [36m&lt;/div&gt;[39m
[36m&lt;/body&gt;[39m" type="TestingLibraryElementError">
TestingLibraryElementError: Unable to find an element with the text: Health. This could be because the text is broken up by multiple elements. In this case, you can provide a function for your text matcher to make your matcher more flexible.

Ignored nodes: comments, script, style
&lt;body&gt;
  &lt;div&gt;
    &lt;ink-box
      style=&quot;flex-wrap: nowrap; flex-direction: column; flex-grow: 0; flex-shrink: 1; width: 52px; height: 20px; padding: 1px; overflow-x: visible; overflow-y: visible;&quot;
    &gt;
      &lt;ink-box
        style=&quot;flex-wrap: nowrap; flex-direction: row; flex-grow: 0; flex-shrink: 1; margin-bottom: 1px; overflow-x: visible; overflow-y: visible;&quot;
      &gt;
        &lt;ink-text
          style=&quot;flex-grow: 0; flex-shrink: 1; flex-direction: row; text-wrap: wrap;&quot;
        &gt;
          シナプス記憶システム ダッシュボード
        &lt;/ink-text&gt;
      &lt;/ink-box&gt;
      &lt;ink-box
        style=&quot;flex-wrap: nowrap; flex-direction: row; flex-grow: 0; flex-shrink: 1; margin-bottom: 1px; overflow-x: visible; overflow-y: visible;&quot;
      &gt;
        &lt;ink-box
          style=&quot;flex-wrap: nowrap; flex-direction: row; flex-grow: 0; flex-shrink: 1; margin-right: 2px; overflow-x: visible; overflow-y: visible;&quot;
        &gt;
          &lt;ink-text
            style=&quot;flex-grow: 0; flex-shrink: 1; flex-direction: row; text-wrap: wrap;&quot;
          &gt;
            [
            1
            ] 
            記憶一覧
          &lt;/ink-text&gt;
        &lt;/ink-box&gt;
        &lt;ink-box
          style=&quot;flex-wrap: nowrap; flex-direction: row; flex-grow: 0; flex-shrink: 1; margin-right: 2px; overflow-x: visible; overflow-y: visible;&quot;
        &gt;
          &lt;ink-text
            style=&quot;flex-grow: 0; flex-shrink: 1; flex-direction: row; text-wrap: wrap;&quot;
          &gt;
            [
            2
            ] 
            シナプス結合
          &lt;/ink-text&gt;
        &lt;/ink-box&gt;
        &lt;ink-box
          style=&quot;flex-wrap: nowrap; flex-direction: row; flex-grow: 0; flex-shrink: 1; margin-right: 2px; overflow-x: visible; overflow-y: visible;&quot;
        &gt;
          &lt;ink-text
            style=&quot;flex-grow: 0; flex-shrink: 1; flex-direction: row; text-wrap: wrap;&quot;
          &gt;
            [
            3
            ] 
            ネットワーク診断
          &lt;/ink-text&gt;
        &lt;/ink-box&gt;
        &lt;ink-box
          style=&quot;flex-wrap: nowrap; flex-direction: row; flex-grow: 0; flex-shrink: 1; margin-right: 2px; overflow-x: visible; overflow-y: visible;&quot;
        &gt;
          &lt;ink-text
            style=&quot;flex-grow: 0; flex-shrink: 1; flex-direction: row; text-wrap: wrap;&quot;
          &gt;
            [
            4
            ] 
            設定
          &lt;/ink-text&gt;
        &lt;/ink-box&gt;
      &lt;/ink-box&gt;
      &lt;ink-box
        style=&quot;flex-wrap: nowrap; flex-direction: row; flex-grow: 1; flex-shrink: 1; overflow: hidden; overflow-x: hidden; overflow-y: hidden;&quot;
      &gt;
        &lt;ink-box
          style=&quot;flex-wrap: nowrap; flex-direction: column; flex-grow: 1; flex-shrink: 1; overflow-x: visible; overflow-y: visible;&quot;
        &gt;
          &lt;ink-box
            style=&quot;flex-wrap: nowrap; flex-direction: row; flex-grow: 0; flex-shrink: 1; margin-bottom: 1px; overflow-x: visible; overflow-y: visible;&quot;
          &gt;
            &lt;ink-text
              style=&quot;flex-grow: 0; flex-shrink: 1; flex-direction: row; text-wrap: wrap;&quot;
            &gt;
              記憶一覧 (
              3
              件)
            &lt;/ink-text&gt;
          &lt;/ink-box&gt;
          &lt;ink-box
            style=&quot;flex-wrap: nowrap; flex-direction: column; flex-grow: 0; flex-shrink: 0; width: 48px; overflow-x: visible; overflow-y: visible;&quot;
          &gt;
            &lt;ink-box
              style=&quot;flex-wrap: nowrap; flex-direction: row; flex-grow: 0; flex-shrink: 1; overflow-x: visible; overflow-y: visible;&quot;
            &gt;
              &lt;ink-text
                style=&quot;flex-grow: 0; flex-shrink: 1; flex-direction: row; text-wrap: wrap;&quot;
              &gt;
                ► 
              &lt;/ink-text&gt;
              &lt;ink-text
                style=&quot;flex-grow: 0; flex-shrink: 1; flex-direction: row; text-wrap: wrap;&quot;
              &gt;
                [
              &lt;/ink-text&gt;
              &lt;ink-text
                style=&quot;flex-grow: 0; flex-shrink: 1; flex-direction: row; text-wrap: wrap;&quot;
              &gt;
                mem-001
              &lt;/ink-text&gt;
              &lt;ink-text
                style=&quot;flex-grow: 0; flex-shrink: 1; flex-direction: row; text-wrap: wrap;&quot;
              &gt;
                ] 
              &lt;/ink-text&gt;
              &lt;ink-text
                style=&quot;flex-grow: 0; flex-shrink: 1; flex-direction: row; text-wrap: wrap;&quot;
              &gt;
                GPT-5プロンプトガイドの分析結果
              &lt;/ink-text&gt;
            &lt;/ink-box&gt;
            &lt;ink-box
              style=&quot;flex-wrap: nowrap; flex-direction: row; flex-grow: 0; flex-shrink: 1; overflow-x: visible; overflow-y: visible;&quot;
            &gt;
              &lt;ink-text
                style=&quot;flex-grow: 0; flex-shrink: 1; flex-direction: row; text-wrap: wrap;&quot;
              &gt;
                  
              &lt;/ink-text&gt;
              &lt;ink-text
                style=&quot;flex-grow: 0; flex-shrink: 1; flex-direction: row; text-wrap: wrap;&quot;
              &gt;
                [
              &lt;/ink-text&gt;
              &lt;ink-text
                style=&quot;flex-grow: 0; flex-shrink: 1; flex-direction: row; text-wrap: wrap;&quot;
              &gt;
                mem-002
              &lt;/ink-text&gt;
              &lt;ink-text
                style=&quot;flex-grow: 0; flex-shrink: 1; flex-direction: row; text-wrap: wrap;&quot;
              &gt;
                ] 
              &lt;/ink-text&gt;
              &lt;ink-text
                style=&quot;flex-grow: 0; flex-shrink: 1; flex-direction: row; text-wrap: wrap;&quot;
              &gt;
                シナプス記憶システムのPhase 2実装完了
              &lt;/ink-text&gt;
            &lt;/ink-box&gt;
            &lt;ink-box
              style=&quot;flex-wrap: nowrap; flex-direction: row; flex-grow: 0; flex-shrink: 1; overflow-x: visible; overflow-y: visible;&quot;
            &gt;
              &lt;ink-text
                style=&quot;flex-grow: 0; flex-shrink: 1; flex-direction: row; text-wrap: wrap;&quot;
              &gt;
                  
              &lt;/ink-text&gt;
              &lt;ink-text
                style=&quot;flex-grow: 0; flex-shrink: 1; flex-direction: row; text-wrap: wrap;&quot;
              &gt;
                [
              &lt;/ink-text&gt;
              &lt;ink-text
                style=&quot;flex-grow: 0; flex-shrink: 1; flex-direction: row; text-wrap: wrap;&quot;
              &gt;
                mem-003
              &lt;/ink-text&gt;
              &lt;ink-text
                style=&quot;flex-grow: 0; flex-shrink: 1; flex-direction: row; text-wrap: wrap;&quot;
              &gt;
                ] 
              &lt;/ink-text&gt;
              &lt;ink-text
                style=&quot;flex-grow: 0; flex-shrink: 1; flex-direction: row; text-wrap: wrap;&quot;
              &gt;
                RESTful API設計とエンドポイント定義
              &lt;/ink-text&gt;
            &lt;/ink-box&gt;
          &lt;/ink-box&gt;
          &lt;ink-box
            style=&quot;flex-wrap: nowrap; flex-direction: row; flex-grow: 0; flex-shrink: 1; margin-top: 1px; border-color: rgb(108, 112, 134); padding: 1px; overflow-x: visible; overflow-y: visible;&quot;
          &gt;
            &lt;ink-box
              style=&quot;flex-wrap: nowrap; flex-direction: column; flex-grow: 0; flex-shrink: 1; overflow-x: visible; overflow-y: visible;&quot;
            &gt;
              &lt;ink-text
                style=&quot;flex-grow: 0; flex-shrink: 1; flex-direction: row; text-wrap: wrap;&quot;
              &gt;
                詳細:
              &lt;/ink-text&gt;
              &lt;ink-text
                style=&quot;flex-grow: 0; flex-shrink: 1; flex-direction: row; text-wrap: wrap;&quot;
              &gt;
                ID: 
                mem-001
              &lt;/ink-text&gt;
              &lt;ink-text
                style=&quot;flex-grow: 0; flex-shrink: 1; flex-direction: row; text-wrap: wrap;&quot;
              &gt;
                アクセス数: 
                15
              &lt;/ink-text&gt;
              &lt;ink-text
                style=&quot;flex-grow: 0; flex-shrink: 1; flex-direction: row; text-wrap: wrap;&quot;
              &gt;
                成功率: 
                92.0
                %
              &lt;/ink-text&gt;
              &lt;ink-text
                style=&quot;flex-grow: 0; flex-shrink: 1; flex-direction: row; text-wrap: wrap;&quot;
              &gt;
                タグ: 
                gpt5, prompting, analysis
              &lt;/ink-text&gt;
            &lt;/ink-box&gt;
          &lt;/ink-box&gt;
        &lt;/ink-box&gt;
      &lt;/ink-box&gt;
      &lt;ink-box
        style=&quot;flex-wrap: nowrap; flex-direction: row; flex-grow: 0; flex-shrink: 1; margin-top: 1px; border-color: rgb(108, 112, 134); padding: 1px; overflow-x: visible; overflow-y: visible;&quot;
      &gt;
        &lt;ink-text
          style=&quot;flex-grow: 0; flex-shrink: 1; flex-direction: row; text-wrap: wrap;&quot;
        &gt;
          Tab: タブ切替 | ↑↓: 記憶選択 | q: 終了
        &lt;/ink-text&gt;
      &lt;/ink-box&gt;
    &lt;/ink-box&gt;
  &lt;/div&gt;
&lt;/body&gt;
 ❯ Object.getElementError node_modules/@testing-library/dom/dist/config.js:37:19
 ❯ node_modules/@testing-library/dom/dist/query-helpers.js:76:38
 ❯ node_modules/@testing-library/dom/dist/query-helpers.js:52:17
 ❯ node_modules/@testing-library/dom/dist/query-helpers.js:95:19
 ❯ src/ui/components/SynapticMemoryDashboard.test.tsx:140:28
            </failure>
        </testcase>
        <testcase classname="src/ui/components/SynapticMemoryDashboard.test.tsx" name="SynapticMemoryDashboard &gt; Configタブで設定が表示されること" time="0.01174275">
            <failure message="Unable to find an element with the text: Config. This could be because the text is broken up by multiple elements. In this case, you can provide a function for your text matcher to make your matcher more flexible.

Ignored nodes: comments, script, style
[36m&lt;body&gt;[39m
  [36m&lt;div&gt;[39m
    [36m&lt;ink-box[39m
      [33mstyle[39m=[32m&quot;flex-wrap: nowrap; flex-direction: column; flex-grow: 0; flex-shrink: 1; width: 52px; height: 20px; padding: 1px; overflow-x: visible; overflow-y: visible;&quot;[39m
    [36m&gt;[39m
      [36m&lt;ink-box[39m
        [33mstyle[39m=[32m&quot;flex-wrap: nowrap; flex-direction: row; flex-grow: 0; flex-shrink: 1; margin-bottom: 1px; overflow-x: visible; overflow-y: visible;&quot;[39m
      [36m&gt;[39m
        [36m&lt;ink-text[39m
          [33mstyle[39m=[32m&quot;flex-grow: 0; flex-shrink: 1; flex-direction: row; text-wrap: wrap;&quot;[39m
        [36m&gt;[39m
          [0mシナプス記憶システム ダッシュボード[0m
        [36m&lt;/ink-text&gt;[39m
      [36m&lt;/ink-box&gt;[39m
      [36m&lt;ink-box[39m
        [33mstyle[39m=[32m&quot;flex-wrap: nowrap; flex-direction: row; flex-grow: 0; flex-shrink: 1; margin-bottom: 1px; overflow-x: visible; overflow-y: visible;&quot;[39m
      [36m&gt;[39m
        [36m&lt;ink-box[39m
          [33mstyle[39m=[32m&quot;flex-wrap: nowrap; flex-direction: row; flex-grow: 0; flex-shrink: 1; margin-right: 2px; overflow-x: visible; overflow-y: visible;&quot;[39m
        [36m&gt;[39m
          [36m&lt;ink-text[39m
            [33mstyle[39m=[32m&quot;flex-grow: 0; flex-shrink: 1; flex-direction: row; text-wrap: wrap;&quot;[39m
          [36m&gt;[39m
            [0m[[0m
            [0m1[0m
            [0m] [0m
            [0m記憶一覧[0m
          [36m&lt;/ink-text&gt;[39m
        [36m&lt;/ink-box&gt;[39m
        [36m&lt;ink-box[39m
          [33mstyle[39m=[32m&quot;flex-wrap: nowrap; flex-direction: row; flex-grow: 0; flex-shrink: 1; margin-right: 2px; overflow-x: visible; overflow-y: visible;&quot;[39m
        [36m&gt;[39m
          [36m&lt;ink-text[39m
            [33mstyle[39m=[32m&quot;flex-grow: 0; flex-shrink: 1; flex-direction: row; text-wrap: wrap;&quot;[39m
          [36m&gt;[39m
            [0m[[0m
            [0m2[0m
            [0m] [0m
            [0mシナプス結合[0m
          [36m&lt;/ink-text&gt;[39m
        [36m&lt;/ink-box&gt;[39m
        [36m&lt;ink-box[39m
          [33mstyle[39m=[32m&quot;flex-wrap: nowrap; flex-direction: row; flex-grow: 0; flex-shrink: 1; margin-right: 2px; overflow-x: visible; overflow-y: visible;&quot;[39m
        [36m&gt;[39m
          [36m&lt;ink-text[39m
            [33mstyle[39m=[32m&quot;flex-grow: 0; flex-shrink: 1; flex-direction: row; text-wrap: wrap;&quot;[39m
          [36m&gt;[39m
            [0m[[0m
            [0m3[0m
            [0m] [0m
            [0mネットワーク診断[0m
          [36m&lt;/ink-text&gt;[39m
        [36m&lt;/ink-box&gt;[39m
        [36m&lt;ink-box[39m
          [33mstyle[39m=[32m&quot;flex-wrap: nowrap; flex-direction: row; flex-grow: 0; flex-shrink: 1; margin-right: 2px; overflow-x: visible; overflow-y: visible;&quot;[39m
        [36m&gt;[39m
          [36m&lt;ink-text[39m
            [33mstyle[39m=[32m&quot;flex-grow: 0; flex-shrink: 1; flex-direction: row; text-wrap: wrap;&quot;[39m
          [36m&gt;[39m
            [0m[[0m
            [0m4[0m
            [0m] [0m
            [0m設定[0m
          [36m&lt;/ink-text&gt;[39m
        [36m&lt;/ink-box&gt;[39m
      [36m&lt;/ink-box&gt;[39m
      [36m&lt;ink-box[39m
        [33mstyle[39m=[32m&quot;flex-wrap: nowrap; flex-direction: row; flex-grow: 1; flex-shrink: 1; overflow: hidden; overflow-x: hidden; overflow-y: hidden;&quot;[39m
      [36m&gt;[39m
        [36m&lt;ink-box[39m
          [33mstyle[39m=[32m&quot;flex-wrap: nowrap; flex-direction: column; flex-grow: 1; flex-shrink: 1; overflow-x: visible; overflow-y: visible;&quot;[39m
        [36m&gt;[39m
          [36m&lt;ink-box[39m
            [33mstyle[39m=[32m&quot;flex-wrap: nowrap; flex-direction: row; flex-grow: 0; flex-shrink: 1; margin-bottom: 1px; overflow-x: visible; overflow-y: visible;&quot;[39m
          [36m&gt;[39m
            [36m&lt;ink-text[39m
              [33mstyle[39m=[32m&quot;flex-grow: 0; flex-shrink: 1; flex-direction: row; text-wrap: wrap;&quot;[39m
            [36m&gt;[39m
              [0m記憶一覧 ([0m
              [0m3[0m
              [0m件)[0m
            [36m&lt;/ink-text&gt;[39m
          [36m&lt;/ink-box&gt;[39m
          [36m&lt;ink-box[39m
            [33mstyle[39m=[32m&quot;flex-wrap: nowrap; flex-direction: column; flex-grow: 0; flex-shrink: 0; width: 48px; overflow-x: visible; overflow-y: visible;&quot;[39m
          [36m&gt;[39m
            [36m&lt;ink-box[39m
              [33mstyle[39m=[32m&quot;flex-wrap: nowrap; flex-direction: row; flex-grow: 0; flex-shrink: 1; overflow-x: visible; overflow-y: visible;&quot;[39m
            [36m&gt;[39m
              [36m&lt;ink-text[39m
                [33mstyle[39m=[32m&quot;flex-grow: 0; flex-shrink: 1; flex-direction: row; text-wrap: wrap;&quot;[39m
              [36m&gt;[39m
                [0m► [0m
              [36m&lt;/ink-text&gt;[39m
              [36m&lt;ink-text[39m
                [33mstyle[39m=[32m&quot;flex-grow: 0; flex-shrink: 1; flex-direction: row; text-wrap: wrap;&quot;[39m
              [36m&gt;[39m
                [0m[[0m
              [36m&lt;/ink-text&gt;[39m
              [36m&lt;ink-text[39m
                [33mstyle[39m=[32m&quot;flex-grow: 0; flex-shrink: 1; flex-direction: row; text-wrap: wrap;&quot;[39m
              [36m&gt;[39m
                [0mmem-001[0m
              [36m&lt;/ink-text&gt;[39m
              [36m&lt;ink-text[39m
                [33mstyle[39m=[32m&quot;flex-grow: 0; flex-shrink: 1; flex-direction: row; text-wrap: wrap;&quot;[39m
              [36m&gt;[39m
                [0m] [0m
              [36m&lt;/ink-text&gt;[39m
              [36m&lt;ink-text[39m
                [33mstyle[39m=[32m&quot;flex-grow: 0; flex-shrink: 1; flex-direction: row; text-wrap: wrap;&quot;[39m
              [36m&gt;[39m
                [0mGPT-5プロンプトガイドの分析結果[0m
              [36m&lt;/ink-text&gt;[39m
            [36m&lt;/ink-box&gt;[39m
            [36m&lt;ink-box[39m
              [33mstyle[39m=[32m&quot;flex-wrap: nowrap; flex-direction: row; flex-grow: 0; flex-shrink: 1; overflow-x: visible; overflow-y: visible;&quot;[39m
            [36m&gt;[39m
              [36m&lt;ink-text[39m
                [33mstyle[39m=[32m&quot;flex-grow: 0; flex-shrink: 1; flex-direction: row; text-wrap: wrap;&quot;[39m
              [36m&gt;[39m
                [0m  [0m
              [36m&lt;/ink-text&gt;[39m
              [36m&lt;ink-text[39m
                [33mstyle[39m=[32m&quot;flex-grow: 0; flex-shrink: 1; flex-direction: row; text-wrap: wrap;&quot;[39m
              [36m&gt;[39m
                [0m[[0m
              [36m&lt;/ink-text&gt;[39m
              [36m&lt;ink-text[39m
                [33mstyle[39m=[32m&quot;flex-grow: 0; flex-shrink: 1; flex-direction: row; text-wrap: wrap;&quot;[39m
              [36m&gt;[39m
                [0mmem-002[0m
              [36m&lt;/ink-text&gt;[39m
              [36m&lt;ink-text[39m
                [33mstyle[39m=[32m&quot;flex-grow: 0; flex-shrink: 1; flex-direction: row; text-wrap: wrap;&quot;[39m
              [36m&gt;[39m
                [0m] [0m
              [36m&lt;/ink-text&gt;[39m
              [36m&lt;ink-text[39m
                [33mstyle[39m=[32m&quot;flex-grow: 0; flex-shrink: 1; flex-direction: row; text-wrap: wrap;&quot;[39m
              [36m&gt;[39m
                [0mシナプス記憶システムのPhase 2実装完了[0m
              [36m&lt;/ink-text&gt;[39m
            [36m&lt;/ink-box&gt;[39m
            [36m&lt;ink-box[39m
              [33mstyle[39m=[32m&quot;flex-wrap: nowrap; flex-direction: row; flex-grow: 0; flex-shrink: 1; overflow-x: visible; overflow-y: visible;&quot;[39m
            [36m&gt;[39m
              [36m&lt;ink-text[39m
                [33mstyle[39m=[32m&quot;flex-grow: 0; flex-shrink: 1; flex-direction: row; text-wrap: wrap;&quot;[39m
              [36m&gt;[39m
                [0m  [0m
              [36m&lt;/ink-text&gt;[39m
              [36m&lt;ink-text[39m
                [33mstyle[39m=[32m&quot;flex-grow: 0; flex-shrink: 1; flex-direction: row; text-wrap: wrap;&quot;[39m
              [36m&gt;[39m
                [0m[[0m
              [36m&lt;/ink-text&gt;[39m
              [36m&lt;ink-text[39m
                [33mstyle[39m=[32m&quot;flex-grow: 0; flex-shrink: 1; flex-direction: row; text-wrap: wrap;&quot;[39m
              [36m&gt;[39m
                [0mmem-003[0m
              [36m&lt;/ink-text&gt;[39m
              [36m&lt;ink-text[39m
                [33mstyle[39m=[32m&quot;flex-grow: 0; flex-shrink: 1; flex-direction: row; text-wrap: wrap;&quot;[39m
              [36m&gt;[39m
                [0m] [0m
              [36m&lt;/ink-text&gt;[39m
              [36m&lt;ink-text[39m
                [33mstyle[39m=[32m&quot;flex-grow: 0; flex-shrink: 1; flex-direction: row; text-wrap: wrap;&quot;[39m
              [36m&gt;[39m
                [0mRESTful API設計とエンドポイント定義[0m
              [36m&lt;/ink-text&gt;[39m
            [36m&lt;/ink-box&gt;[39m
          [36m&lt;/ink-box&gt;[39m
          [36m&lt;ink-box[39m
            [33mstyle[39m=[32m&quot;flex-wrap: nowrap; flex-direction: row; flex-grow: 0; flex-shrink: 1; margin-top: 1px; border-color: rgb(108, 112, 134); padding: 1px; overflow-x: visible; overflow-y: visible;&quot;[39m
          [36m&gt;[39m
            [36m&lt;ink-box[39m
              [33mstyle[39m=[32m&quot;flex-wrap: nowrap; flex-direction: column; flex-grow: 0; flex-shrink: 1; overflow-x: visible; overflow-y: visible;&quot;[39m
            [36m&gt;[39m
              [36m&lt;ink-text[39m
                [33mstyle[39m=[32m&quot;flex-grow: 0; flex-shrink: 1; flex-direction: row; text-wrap: wrap;&quot;[39m
              [36m&gt;[39m
                [0m詳細:[0m
              [36m&lt;/ink-text&gt;[39m
              [36m&lt;ink-text[39m
                [33mstyle[39m=[32m&quot;flex-grow: 0; flex-shrink: 1; flex-direction: row; text-wrap: wrap;&quot;[39m
              [36m&gt;[39m
                [0mID: [0m
                [0mmem-001[0m
              [36m&lt;/ink-text&gt;[39m
              [36m&lt;ink-text[39m
                [33mstyle[39m=[32m&quot;flex-grow: 0; flex-shrink: 1; flex-direction: row; text-wrap: wrap;&quot;[39m
              [36m&gt;[39m
                [0mアクセス数: [0m
                [0m15[0m
              [36m&lt;/ink-text&gt;[39m
              [36m&lt;ink-text[39m
                [33mstyle[39m=[32m&quot;flex-grow: 0; flex-shrink: 1; flex-direction: row; text-wrap: wrap;&quot;[39m
              [36m&gt;[39m
                [0m成功率: [0m
                [0m92.0[0m
                [0m%[0m
              [36m&lt;/ink-text&gt;[39m
              [36m&lt;ink-text[39m
                [33mstyle[39m=[32m&quot;flex-grow: 0; flex-shrink: 1; flex-direction: row; text-wrap: wrap;&quot;[39m
              [36m&gt;[39m
                [0mタグ: [0m
                [0mgpt5, prompting, analysis[0m
              [36m&lt;/ink-text&gt;[39m
            [36m&lt;/ink-box&gt;[39m
          [36m&lt;/ink-box&gt;[39m
        [36m&lt;/ink-box&gt;[39m
      [36m&lt;/ink-box&gt;[39m
      [36m&lt;ink-box[39m
        [33mstyle[39m=[32m&quot;flex-wrap: nowrap; flex-direction: row; flex-grow: 0; flex-shrink: 1; margin-top: 1px; border-color: rgb(108, 112, 134); padding: 1px; overflow-x: visible; overflow-y: visible;&quot;[39m
      [36m&gt;[39m
        [36m&lt;ink-text[39m
          [33mstyle[39m=[32m&quot;flex-grow: 0; flex-shrink: 1; flex-direction: row; text-wrap: wrap;&quot;[39m
        [36m&gt;[39m
          [0mTab: タブ切替 | ↑↓: 記憶選択 | q: 終了[0m
        [36m&lt;/ink-text&gt;[39m
      [36m&lt;/ink-box&gt;[39m
    [36m&lt;/ink-box&gt;[39m
  [36m&lt;/div&gt;[39m
[36m&lt;/body&gt;[39m" type="TestingLibraryElementError">
TestingLibraryElementError: Unable to find an element with the text: Config. This could be because the text is broken up by multiple elements. In this case, you can provide a function for your text matcher to make your matcher more flexible.

Ignored nodes: comments, script, style
&lt;body&gt;
  &lt;div&gt;
    &lt;ink-box
      style=&quot;flex-wrap: nowrap; flex-direction: column; flex-grow: 0; flex-shrink: 1; width: 52px; height: 20px; padding: 1px; overflow-x: visible; overflow-y: visible;&quot;
    &gt;
      &lt;ink-box
        style=&quot;flex-wrap: nowrap; flex-direction: row; flex-grow: 0; flex-shrink: 1; margin-bottom: 1px; overflow-x: visible; overflow-y: visible;&quot;
      &gt;
        &lt;ink-text
          style=&quot;flex-grow: 0; flex-shrink: 1; flex-direction: row; text-wrap: wrap;&quot;
        &gt;
          シナプス記憶システム ダッシュボード
        &lt;/ink-text&gt;
      &lt;/ink-box&gt;
      &lt;ink-box
        style=&quot;flex-wrap: nowrap; flex-direction: row; flex-grow: 0; flex-shrink: 1; margin-bottom: 1px; overflow-x: visible; overflow-y: visible;&quot;
      &gt;
        &lt;ink-box
          style=&quot;flex-wrap: nowrap; flex-direction: row; flex-grow: 0; flex-shrink: 1; margin-right: 2px; overflow-x: visible; overflow-y: visible;&quot;
        &gt;
          &lt;ink-text
            style=&quot;flex-grow: 0; flex-shrink: 1; flex-direction: row; text-wrap: wrap;&quot;
          &gt;
            [
            1
            ] 
            記憶一覧
          &lt;/ink-text&gt;
        &lt;/ink-box&gt;
        &lt;ink-box
          style=&quot;flex-wrap: nowrap; flex-direction: row; flex-grow: 0; flex-shrink: 1; margin-right: 2px; overflow-x: visible; overflow-y: visible;&quot;
        &gt;
          &lt;ink-text
            style=&quot;flex-grow: 0; flex-shrink: 1; flex-direction: row; text-wrap: wrap;&quot;
          &gt;
            [
            2
            ] 
            シナプス結合
          &lt;/ink-text&gt;
        &lt;/ink-box&gt;
        &lt;ink-box
          style=&quot;flex-wrap: nowrap; flex-direction: row; flex-grow: 0; flex-shrink: 1; margin-right: 2px; overflow-x: visible; overflow-y: visible;&quot;
        &gt;
          &lt;ink-text
            style=&quot;flex-grow: 0; flex-shrink: 1; flex-direction: row; text-wrap: wrap;&quot;
          &gt;
            [
            3
            ] 
            ネットワーク診断
          &lt;/ink-text&gt;
        &lt;/ink-box&gt;
        &lt;ink-box
          style=&quot;flex-wrap: nowrap; flex-direction: row; flex-grow: 0; flex-shrink: 1; margin-right: 2px; overflow-x: visible; overflow-y: visible;&quot;
        &gt;
          &lt;ink-text
            style=&quot;flex-grow: 0; flex-shrink: 1; flex-direction: row; text-wrap: wrap;&quot;
          &gt;
            [
            4
            ] 
            設定
          &lt;/ink-text&gt;
        &lt;/ink-box&gt;
      &lt;/ink-box&gt;
      &lt;ink-box
        style=&quot;flex-wrap: nowrap; flex-direction: row; flex-grow: 1; flex-shrink: 1; overflow: hidden; overflow-x: hidden; overflow-y: hidden;&quot;
      &gt;
        &lt;ink-box
          style=&quot;flex-wrap: nowrap; flex-direction: column; flex-grow: 1; flex-shrink: 1; overflow-x: visible; overflow-y: visible;&quot;
        &gt;
          &lt;ink-box
            style=&quot;flex-wrap: nowrap; flex-direction: row; flex-grow: 0; flex-shrink: 1; margin-bottom: 1px; overflow-x: visible; overflow-y: visible;&quot;
          &gt;
            &lt;ink-text
              style=&quot;flex-grow: 0; flex-shrink: 1; flex-direction: row; text-wrap: wrap;&quot;
            &gt;
              記憶一覧 (
              3
              件)
            &lt;/ink-text&gt;
          &lt;/ink-box&gt;
          &lt;ink-box
            style=&quot;flex-wrap: nowrap; flex-direction: column; flex-grow: 0; flex-shrink: 0; width: 48px; overflow-x: visible; overflow-y: visible;&quot;
          &gt;
            &lt;ink-box
              style=&quot;flex-wrap: nowrap; flex-direction: row; flex-grow: 0; flex-shrink: 1; overflow-x: visible; overflow-y: visible;&quot;
            &gt;
              &lt;ink-text
                style=&quot;flex-grow: 0; flex-shrink: 1; flex-direction: row; text-wrap: wrap;&quot;
              &gt;
                ► 
              &lt;/ink-text&gt;
              &lt;ink-text
                style=&quot;flex-grow: 0; flex-shrink: 1; flex-direction: row; text-wrap: wrap;&quot;
              &gt;
                [
              &lt;/ink-text&gt;
              &lt;ink-text
                style=&quot;flex-grow: 0; flex-shrink: 1; flex-direction: row; text-wrap: wrap;&quot;
              &gt;
                mem-001
              &lt;/ink-text&gt;
              &lt;ink-text
                style=&quot;flex-grow: 0; flex-shrink: 1; flex-direction: row; text-wrap: wrap;&quot;
              &gt;
                ] 
              &lt;/ink-text&gt;
              &lt;ink-text
                style=&quot;flex-grow: 0; flex-shrink: 1; flex-direction: row; text-wrap: wrap;&quot;
              &gt;
                GPT-5プロンプトガイドの分析結果
              &lt;/ink-text&gt;
            &lt;/ink-box&gt;
            &lt;ink-box
              style=&quot;flex-wrap: nowrap; flex-direction: row; flex-grow: 0; flex-shrink: 1; overflow-x: visible; overflow-y: visible;&quot;
            &gt;
              &lt;ink-text
                style=&quot;flex-grow: 0; flex-shrink: 1; flex-direction: row; text-wrap: wrap;&quot;
              &gt;
                  
              &lt;/ink-text&gt;
              &lt;ink-text
                style=&quot;flex-grow: 0; flex-shrink: 1; flex-direction: row; text-wrap: wrap;&quot;
              &gt;
                [
              &lt;/ink-text&gt;
              &lt;ink-text
                style=&quot;flex-grow: 0; flex-shrink: 1; flex-direction: row; text-wrap: wrap;&quot;
              &gt;
                mem-002
              &lt;/ink-text&gt;
              &lt;ink-text
                style=&quot;flex-grow: 0; flex-shrink: 1; flex-direction: row; text-wrap: wrap;&quot;
              &gt;
                ] 
              &lt;/ink-text&gt;
              &lt;ink-text
                style=&quot;flex-grow: 0; flex-shrink: 1; flex-direction: row; text-wrap: wrap;&quot;
              &gt;
                シナプス記憶システムのPhase 2実装完了
              &lt;/ink-text&gt;
            &lt;/ink-box&gt;
            &lt;ink-box
              style=&quot;flex-wrap: nowrap; flex-direction: row; flex-grow: 0; flex-shrink: 1; overflow-x: visible; overflow-y: visible;&quot;
            &gt;
              &lt;ink-text
                style=&quot;flex-grow: 0; flex-shrink: 1; flex-direction: row; text-wrap: wrap;&quot;
              &gt;
                  
              &lt;/ink-text&gt;
              &lt;ink-text
                style=&quot;flex-grow: 0; flex-shrink: 1; flex-direction: row; text-wrap: wrap;&quot;
              &gt;
                [
              &lt;/ink-text&gt;
              &lt;ink-text
                style=&quot;flex-grow: 0; flex-shrink: 1; flex-direction: row; text-wrap: wrap;&quot;
              &gt;
                mem-003
              &lt;/ink-text&gt;
              &lt;ink-text
                style=&quot;flex-grow: 0; flex-shrink: 1; flex-direction: row; text-wrap: wrap;&quot;
              &gt;
                ] 
              &lt;/ink-text&gt;
              &lt;ink-text
                style=&quot;flex-grow: 0; flex-shrink: 1; flex-direction: row; text-wrap: wrap;&quot;
              &gt;
                RESTful API設計とエンドポイント定義
              &lt;/ink-text&gt;
            &lt;/ink-box&gt;
          &lt;/ink-box&gt;
          &lt;ink-box
            style=&quot;flex-wrap: nowrap; flex-direction: row; flex-grow: 0; flex-shrink: 1; margin-top: 1px; border-color: rgb(108, 112, 134); padding: 1px; overflow-x: visible; overflow-y: visible;&quot;
          &gt;
            &lt;ink-box
              style=&quot;flex-wrap: nowrap; flex-direction: column; flex-grow: 0; flex-shrink: 1; overflow-x: visible; overflow-y: visible;&quot;
            &gt;
              &lt;ink-text
                style=&quot;flex-grow: 0; flex-shrink: 1; flex-direction: row; text-wrap: wrap;&quot;
              &gt;
                詳細:
              &lt;/ink-text&gt;
              &lt;ink-text
                style=&quot;flex-grow: 0; flex-shrink: 1; flex-direction: row; text-wrap: wrap;&quot;
              &gt;
                ID: 
                mem-001
              &lt;/ink-text&gt;
              &lt;ink-text
                style=&quot;flex-grow: 0; flex-shrink: 1; flex-direction: row; text-wrap: wrap;&quot;
              &gt;
                アクセス数: 
                15
              &lt;/ink-text&gt;
              &lt;ink-text
                style=&quot;flex-grow: 0; flex-shrink: 1; flex-direction: row; text-wrap: wrap;&quot;
              &gt;
                成功率: 
                92.0
                %
              &lt;/ink-text&gt;
              &lt;ink-text
                style=&quot;flex-grow: 0; flex-shrink: 1; flex-direction: row; text-wrap: wrap;&quot;
              &gt;
                タグ: 
                gpt5, prompting, analysis
              &lt;/ink-text&gt;
            &lt;/ink-box&gt;
          &lt;/ink-box&gt;
        &lt;/ink-box&gt;
      &lt;/ink-box&gt;
      &lt;ink-box
        style=&quot;flex-wrap: nowrap; flex-direction: row; flex-grow: 0; flex-shrink: 1; margin-top: 1px; border-color: rgb(108, 112, 134); padding: 1px; overflow-x: visible; overflow-y: visible;&quot;
      &gt;
        &lt;ink-text
          style=&quot;flex-grow: 0; flex-shrink: 1; flex-direction: row; text-wrap: wrap;&quot;
        &gt;
          Tab: タブ切替 | ↑↓: 記憶選択 | q: 終了
        &lt;/ink-text&gt;
      &lt;/ink-box&gt;
    &lt;/ink-box&gt;
  &lt;/div&gt;
&lt;/body&gt;
 ❯ Object.getElementError node_modules/@testing-library/dom/dist/config.js:37:19
 ❯ node_modules/@testing-library/dom/dist/query-helpers.js:76:38
 ❯ node_modules/@testing-library/dom/dist/query-helpers.js:52:17
 ❯ node_modules/@testing-library/dom/dist/query-helpers.js:95:19
 ❯ src/ui/components/SynapticMemoryDashboard.test.tsx:154:28
            </failure>
        </testcase>
        <testcase classname="src/ui/components/SynapticMemoryDashboard.test.tsx" name="SynapticMemoryDashboard &gt; Escキーでダッシュボードが閉じられること" time="1.020900792">
            <failure message="expected &quot;spy&quot; to be called at least once

Ignored nodes: comments, script, style
[36m&lt;html&gt;[39m
  [36m&lt;head /&gt;[39m
  [36m&lt;body&gt;[39m
    [36m&lt;div&gt;[39m
      [36m&lt;ink-box[39m
        [33mstyle[39m=[32m&quot;flex-wrap: nowrap; flex-direction: column; flex-grow: 0; flex-shrink: 1; width: 52px; height: 20px; padding: 1px; overflow-x: visible; overflow-y: visible;&quot;[39m
      [36m&gt;[39m
        [36m&lt;ink-box[39m
          [33mstyle[39m=[32m&quot;flex-wrap: nowrap; flex-direction: row; flex-grow: 0; flex-shrink: 1; margin-bottom: 1px; overflow-x: visible; overflow-y: visible;&quot;[39m
        [36m&gt;[39m
          [36m&lt;ink-text[39m
            [33mstyle[39m=[32m&quot;flex-grow: 0; flex-shrink: 1; flex-direction: row; text-wrap: wrap;&quot;[39m
          [36m&gt;[39m
            [0mシナプス記憶システム ダッシュボード[0m
          [36m&lt;/ink-text&gt;[39m
        [36m&lt;/ink-box&gt;[39m
        [36m&lt;ink-box[39m
          [33mstyle[39m=[32m&quot;flex-wrap: nowrap; flex-direction: row; flex-grow: 0; flex-shrink: 1; margin-bottom: 1px; overflow-x: visible; overflow-y: visible;&quot;[39m
        [36m&gt;[39m
          [36m&lt;ink-box[39m
            [33mstyle[39m=[32m&quot;flex-wrap: nowrap; flex-direction: row; flex-grow: 0; flex-shrink: 1; margin-right: 2px; overflow-x: visible; overflow-y: visible;&quot;[39m
          [36m&gt;[39m
            [36m&lt;ink-text[39m
              [33mstyle[39m=[32m&quot;flex-grow: 0; flex-shrink: 1; flex-direction: row; text-wrap: wrap;&quot;[39m
            [36m&gt;[39m
              [0m[[0m
              [0m1[0m
              [0m] [0m
              [0m記憶一覧[0m
            [36m&lt;/ink-text&gt;[39m
          [36m&lt;/ink-box&gt;[39m
          [36m&lt;ink-box[39m
            [33mstyle[39m=[32m&quot;flex-wrap: nowrap; flex-direction: row; flex-grow: 0; flex-shrink: 1; margin-right: 2px; overflow-x: visible; overflow-y: visible;&quot;[39m
          [36m&gt;[39m
            [36m&lt;ink-text[39m
              [33mstyle[39m=[32m&quot;flex-grow: 0; flex-shrink: 1; flex-direction: row; text-wrap: wrap;&quot;[39m
            [36m&gt;[39m
              [0m[[0m
              [0m2[0m
              [0m] [0m
              [0mシナプス結合[0m
            [36m&lt;/ink-text&gt;[39m
          [36m&lt;/ink-box&gt;[39m
          [36m&lt;ink-box[39m
            [33mstyle[39m=[32m&quot;flex-wrap: nowrap; flex-direction: row; flex-grow: 0; flex-shrink: 1; margin-right: 2px; overflow-x: visible; overflow-y: visible;&quot;[39m
          [36m&gt;[39m
            [36m&lt;ink-text[39m
              [33mstyle[39m=[32m&quot;flex-grow: 0; flex-shrink: 1; flex-direction: row; text-wrap: wrap;&quot;[39m
            [36m&gt;[39m
              [0m[[0m
              [0m3[0m
              [0m] [0m
              [0mネットワーク診断[0m
            [36m&lt;/ink-text&gt;[39m
          [36m&lt;/ink-box&gt;[39m
          [36m&lt;ink-box[39m
            [33mstyle[39m=[32m&quot;flex-wrap: nowrap; flex-direction: row; flex-grow: 0; flex-shrink: 1; margin-right: 2px; overflow-x: visible; overflow-y: visible;&quot;[39m
          [36m&gt;[39m
            [36m&lt;ink-text[39m
              [33mstyle[39m=[32m&quot;flex-grow: 0; flex-shrink: 1; flex-direction: row; text-wrap: wrap;&quot;[39m
            [36m&gt;[39m
              [0m[[0m
              [0m4[0m
              [0m] [0m
              [0m設定[0m
            [36m&lt;/ink-text&gt;[39m
          [36m&lt;/ink-box&gt;[39m
        [36m&lt;/ink-box&gt;[39m
        [36m&lt;ink-box[39m
          [33mstyle[39m=[32m&quot;flex-wrap: nowrap; flex-direction: row; flex-grow: 1; flex-shrink: 1; overflow: hidden; overflow-x: hidden; overflow-y: hidden;&quot;[39m
        [36m&gt;[39m
          [36m&lt;ink-box[39m
            [33mstyle[39m=[32m&quot;flex-wrap: nowrap; flex-direction: column; flex-grow: 1; flex-shrink: 1; overflow-x: visible; overflow-y: visible;&quot;[39m
          [36m&gt;[39m
            [36m&lt;ink-box[39m
              [33mstyle[39m=[32m&quot;flex-wrap: nowrap; flex-direction: row; flex-grow: 0; flex-shrink: 1; margin-bottom: 1px; overflow-x: visible; overflow-y: visible;&quot;[39m
            [36m&gt;[39m
              [36m&lt;ink-text[39m
                [33mstyle[39m=[32m&quot;flex-grow: 0; flex-shrink: 1; flex-direction: row; text-wrap: wrap;&quot;[39m
              [36m&gt;[39m
                [0m記憶一覧 ([0m
                [0m3[0m
                [0m件)[0m
              [36m&lt;/ink-text&gt;[39m
            [36m&lt;/ink-box&gt;[39m
            [36m&lt;ink-box[39m
              [33mstyle[39m=[32m&quot;flex-wrap: nowrap; flex-direction: column; flex-grow: 0; flex-shrink: 0; width: 48px; overflow-x: visible; overflow-y: visible;&quot;[39m
            [36m&gt;[39m
              [36m&lt;ink-box[39m
                [33mstyle[39m=[32m&quot;flex-wrap: nowrap; flex-direction: row; flex-grow: 0; flex-shrink: 1; overflow-x: visible; overflow-y: visible;&quot;[39m
              [36m&gt;[39m
                [36m&lt;ink-text[39m
                  [33mstyle[39m=[32m&quot;flex-grow: 0; flex-shrink: 1; flex-direction: row; text-wrap: wrap;&quot;[39m
                [36m&gt;[39m
                  [0m► [0m
                [36m&lt;/ink-text&gt;[39m
                [36m&lt;ink-text[39m
                  [33mstyle[39m=[32m&quot;flex-grow: 0; flex-shrink: 1; flex-direction: row; text-wrap: wrap;&quot;[39m
                [36m&gt;[39m
                  [0m[[0m
                [36m&lt;/ink-text&gt;[39m
                [36m&lt;ink-text[39m
                  [33mstyle[39m=[32m&quot;flex-grow: 0; flex-shrink: 1; flex-direction: row; text-wrap: wrap;&quot;[39m
                [36m&gt;[39m
                  [0mmem-001[0m
                [36m&lt;/ink-text&gt;[39m
                [36m&lt;ink-text[39m
                  [33mstyle[39m=[32m&quot;flex-grow: 0; flex-shrink: 1; flex-direction: row; text-wrap: wrap;&quot;[39m
                [36m&gt;[39m
                  [0m] [0m
                [36m&lt;/ink-text&gt;[39m
                [36m&lt;ink-text[39m
                  [33mstyle[39m=[32m&quot;flex-grow: 0; flex-shrink: 1; flex-direction: row; text-wrap: wrap;&quot;[39m
                [36m&gt;[39m
                  [0mGPT-5プロンプトガイドの分析結果[0m
                [36m&lt;/ink-text&gt;[39m
              [36m&lt;/ink-box&gt;[39m
              [36m&lt;ink-box[39m
                [33mstyle[39m=[32m&quot;flex-wrap: nowrap; flex-direction: row; flex-grow: 0; flex-shrink: 1; overflow-x: visible; overflow-y: visible;&quot;[39m
              [36m&gt;[39m
                [36m&lt;ink-text[39m
                  [33mstyle[39m=[32m&quot;flex-grow: 0; flex-shrink: 1; flex-direction: row; text-wrap: wrap;&quot;[39m
                [36m&gt;[39m
                  [0m  [0m
                [36m&lt;/ink-text&gt;[39m
                [36m&lt;ink-text[39m
                  [33mstyle[39m=[32m&quot;flex-grow: 0; flex-shrink: 1; flex-direction: row; text-wrap: wrap;&quot;[39m
                [36m&gt;[39m
                  [0m[[0m
                [36m&lt;/ink-text&gt;[39m
                [36m&lt;ink-text[39m
                  [33mstyle[39m=[32m&quot;flex-grow: 0; flex-shrink: 1; flex-direction: row; text-wrap: wrap;&quot;[39m
                [36m&gt;[39m
                  [0mmem-002[0m
                [36m&lt;/ink-text&gt;[39m
                [36m&lt;ink-text[39m
                  [33mstyle[39m=[32m&quot;flex-grow: 0; flex-shrink: 1; flex-direction: row; text-wrap: wrap;&quot;[39m
                [36m&gt;[39m
                  [0m] [0m
                [36m&lt;/ink-text&gt;[39m
                [36m&lt;ink-text[39m
                  [33mstyle[39m=[32m&quot;flex-grow: 0; flex-shrink: 1; flex-direction: row; text-wrap: wrap;&quot;[39m
                [36m&gt;[39m
                  [0mシナプス記憶システムのPhase 2実装完了[0m
                [36m&lt;/ink-text&gt;[39m
              [36m&lt;/ink-box&gt;[39m
              [36m&lt;ink-box[39m
                [33mstyle[39m=[32m&quot;flex-wrap: nowrap; flex-direction: row; flex-grow: 0; flex-shrink: 1; overflow-x: visible; overflow-y: visible;&quot;[39m
              [36m&gt;[39m
                [36m&lt;ink-text[39m
                  [33mstyle[39m=[32m&quot;flex-grow: 0; flex-shrink: 1; flex-direction: row; text-wrap: wrap;&quot;[39m
                [36m&gt;[39m
                  [0m  [0m
                [36m&lt;/ink-text&gt;[39m
                [36m&lt;ink-text[39m
                  [33mstyle[39m=[32m&quot;flex-grow: 0; flex-shrink: 1; flex-direction: row; text-wrap: wrap;&quot;[39m
                [36m&gt;[39m
                  [0m[[0m
                [36m&lt;/ink-text&gt;[39m
                [36m&lt;ink-text[39m
                  [33mstyle[39m=[32m&quot;flex-grow: 0; flex-shrink: 1; flex-direction: row; text-wrap: wrap;&quot;[39m
                [36m&gt;[39m
                  [0mmem-003[0m
                [36m&lt;/ink-text&gt;[39m
                [36m&lt;ink-text[39m
                  [33mstyle[39m=[32m&quot;flex-grow: 0; flex-shrink: 1; flex-direction: row; text-wrap: wrap;&quot;[39m
                [36m&gt;[39m
                  [0m] [0m
                [36m&lt;/ink-text&gt;[39m
                [36m&lt;ink-text[39m
                  [33mstyle[39m=[32m&quot;flex-grow: 0; flex-shrink: 1; flex-direction: row; text-wrap: wrap;&quot;[39m
                [36m&gt;[39m
                  [0mRESTful API設計とエンドポイント定義[0m
                [36m&lt;/ink-text&gt;[39m
              [36m&lt;/ink-box&gt;[39m
            [36m&lt;/ink-box&gt;[39m
            [36m&lt;ink-box[39m
              [33mstyle[39m=[32m&quot;flex-wrap: nowrap; flex-direction: row; flex-grow: 0; flex-shrink: 1; margin-top: 1px; border-color: rgb(108, 112, 134); padding: 1px; overflow-x: visible; overflow-y: visible;&quot;[39m
            [36m&gt;[39m
              [36m&lt;ink-box[39m
                [33mstyle[39m=[32m&quot;flex-wrap: nowrap; flex-direction: column; flex-grow: 0; flex-shrink: 1; overflow-x: visible; overflow-y: visible;&quot;[39m
              [36m&gt;[39m
                [36m&lt;ink-text[39m
                  [33mstyle[39m=[32m&quot;flex-grow: 0; flex-shrink: 1; flex-direction: row; text-wrap: wrap;&quot;[39m
                [36m&gt;[39m
                  [0m詳細:[0m
                [36m&lt;/ink-text&gt;[39m
                [36m&lt;ink-text[39m
                  [33mstyle[39m=[32m&quot;flex-grow: 0; flex-shrink: 1; flex-direction: row; text-wrap: wrap;&quot;[39m
                [36m&gt;[39m
                  [0mID: [0m
                  [0mmem-001[0m
                [36m&lt;/ink-text&gt;[39m
                [36m&lt;ink-text[39m
                  [33mstyle[39m=[32m&quot;flex-grow: 0; flex-shrink: 1; flex-direction: row; text-wrap: wrap;&quot;[39m
                [36m&gt;[39m
                  [0mアクセス数: [0m
                  [0m15[0m
                [36m&lt;/ink-text&gt;[39m
                [36m&lt;ink-text[39m
                  [33mstyle[39m=[32m&quot;flex-grow: 0; flex-shrink: 1; flex-direction: row; text-wrap: wrap;&quot;[39m
                [36m&gt;[39m
                  [0m成功率: [0m
                  [0m92.0[0m
                  [0m%[0m
                [36m&lt;/ink-text&gt;[39m
                [36m&lt;ink-text[39m
                  [33mstyle[39m=[32m&quot;flex-grow: 0; flex-shrink: 1; flex-direction: row; text-wrap: wrap;&quot;[39m
                [36m&gt;[39m
                  [0mタグ: [0m
                  [0mgpt5, prompting, analysis[0m
                [36m&lt;/ink-text&gt;[39m
              [36m&lt;/ink-box&gt;[39m
            [36m&lt;/ink-box&gt;[39m
          [36m&lt;/ink-box&gt;[39m
        [36m&lt;/ink-box&gt;[39m
        [36m&lt;ink-box[39m
          [33mstyle[39m=[32m&quot;flex-wrap: nowrap; flex-direction: row; flex-grow: 0; flex-shrink: 1; margin-top: 1px; border-color: rgb(108, 112, 134); padding: 1px; overflow-x: visible; overflow-y: visible;&quot;[39m
        [36m&gt;[39m
          [36m&lt;ink-text[39m
            [33mstyle[39m=[32m&quot;flex-grow: 0; flex-shrink: 1; flex-direction: row; text-wrap: wrap;&quot;[39m
          [36m&gt;[39m
            [0mTab: タブ切替 | ↑↓: 記憶選択 | q: 終了[0m
          [36m&lt;/ink-text&gt;[39m
        [36m&lt;/ink-box&gt;[39m
      [36m&lt;/ink-box&gt;[39m
    [36m&lt;/div&gt;[39m
  [36m&lt;/body&gt;[39m
[36m&lt;/html&gt;[39m" type="AssertionError">
AssertionError: expected &quot;spy&quot; to be called at least once

Ignored nodes: comments, script, style
&lt;html&gt;
  &lt;head /&gt;
  &lt;body&gt;
    &lt;div&gt;
      &lt;ink-box
        style=&quot;flex-wrap: nowrap; flex-direction: column; flex-grow: 0; flex-shrink: 1; width: 52px; height: 20px; padding: 1px; overflow-x: visible; overflow-y: visible;&quot;
      &gt;
        &lt;ink-box
          style=&quot;flex-wrap: nowrap; flex-direction: row; flex-grow: 0; flex-shrink: 1; margin-bottom: 1px; overflow-x: visible; overflow-y: visible;&quot;
        &gt;
          &lt;ink-text
            style=&quot;flex-grow: 0; flex-shrink: 1; flex-direction: row; text-wrap: wrap;&quot;
          &gt;
            シナプス記憶システム ダッシュボード
          &lt;/ink-text&gt;
        &lt;/ink-box&gt;
        &lt;ink-box
          style=&quot;flex-wrap: nowrap; flex-direction: row; flex-grow: 0; flex-shrink: 1; margin-bottom: 1px; overflow-x: visible; overflow-y: visible;&quot;
        &gt;
          &lt;ink-box
            style=&quot;flex-wrap: nowrap; flex-direction: row; flex-grow: 0; flex-shrink: 1; margin-right: 2px; overflow-x: visible; overflow-y: visible;&quot;
          &gt;
            &lt;ink-text
              style=&quot;flex-grow: 0; flex-shrink: 1; flex-direction: row; text-wrap: wrap;&quot;
            &gt;
              [
              1
              ] 
              記憶一覧
            &lt;/ink-text&gt;
          &lt;/ink-box&gt;
          &lt;ink-box
            style=&quot;flex-wrap: nowrap; flex-direction: row; flex-grow: 0; flex-shrink: 1; margin-right: 2px; overflow-x: visible; overflow-y: visible;&quot;
          &gt;
            &lt;ink-text
              style=&quot;flex-grow: 0; flex-shrink: 1; flex-direction: row; text-wrap: wrap;&quot;
            &gt;
              [
              2
              ] 
              シナプス結合
            &lt;/ink-text&gt;
          &lt;/ink-box&gt;
          &lt;ink-box
            style=&quot;flex-wrap: nowrap; flex-direction: row; flex-grow: 0; flex-shrink: 1; margin-right: 2px; overflow-x: visible; overflow-y: visible;&quot;
          &gt;
            &lt;ink-text
              style=&quot;flex-grow: 0; flex-shrink: 1; flex-direction: row; text-wrap: wrap;&quot;
            &gt;
              [
              3
              ] 
              ネットワーク診断
            &lt;/ink-text&gt;
          &lt;/ink-box&gt;
          &lt;ink-box
            style=&quot;flex-wrap: nowrap; flex-direction: row; flex-grow: 0; flex-shrink: 1; margin-right: 2px; overflow-x: visible; overflow-y: visible;&quot;
          &gt;
            &lt;ink-text
              style=&quot;flex-grow: 0; flex-shrink: 1; flex-direction: row; text-wrap: wrap;&quot;
            &gt;
              [
              4
              ] 
              設定
            &lt;/ink-text&gt;
          &lt;/ink-box&gt;
        &lt;/ink-box&gt;
        &lt;ink-box
          style=&quot;flex-wrap: nowrap; flex-direction: row; flex-grow: 1; flex-shrink: 1; overflow: hidden; overflow-x: hidden; overflow-y: hidden;&quot;
        &gt;
          &lt;ink-box
            style=&quot;flex-wrap: nowrap; flex-direction: column; flex-grow: 1; flex-shrink: 1; overflow-x: visible; overflow-y: visible;&quot;
          &gt;
            &lt;ink-box
              style=&quot;flex-wrap: nowrap; flex-direction: row; flex-grow: 0; flex-shrink: 1; margin-bottom: 1px; overflow-x: visible; overflow-y: visible;&quot;
            &gt;
              &lt;ink-text
                style=&quot;flex-grow: 0; flex-shrink: 1; flex-direction: row; text-wrap: wrap;&quot;
              &gt;
                記憶一覧 (
                3
                件)
              &lt;/ink-text&gt;
            &lt;/ink-box&gt;
            &lt;ink-box
              style=&quot;flex-wrap: nowrap; flex-direction: column; flex-grow: 0; flex-shrink: 0; width: 48px; overflow-x: visible; overflow-y: visible;&quot;
            &gt;
              &lt;ink-box
                style=&quot;flex-wrap: nowrap; flex-direction: row; flex-grow: 0; flex-shrink: 1; overflow-x: visible; overflow-y: visible;&quot;
              &gt;
                &lt;ink-text
                  style=&quot;flex-grow: 0; flex-shrink: 1; flex-direction: row; text-wrap: wrap;&quot;
                &gt;
                  ► 
                &lt;/ink-text&gt;
                &lt;ink-text
                  style=&quot;flex-grow: 0; flex-shrink: 1; flex-direction: row; text-wrap: wrap;&quot;
                &gt;
                  [
                &lt;/ink-text&gt;
                &lt;ink-text
                  style=&quot;flex-grow: 0; flex-shrink: 1; flex-direction: row; text-wrap: wrap;&quot;
                &gt;
                  mem-001
                &lt;/ink-text&gt;
                &lt;ink-text
                  style=&quot;flex-grow: 0; flex-shrink: 1; flex-direction: row; text-wrap: wrap;&quot;
                &gt;
                  ] 
                &lt;/ink-text&gt;
                &lt;ink-text
                  style=&quot;flex-grow: 0; flex-shrink: 1; flex-direction: row; text-wrap: wrap;&quot;
                &gt;
                  GPT-5プロンプトガイドの分析結果
                &lt;/ink-text&gt;
              &lt;/ink-box&gt;
              &lt;ink-box
                style=&quot;flex-wrap: nowrap; flex-direction: row; flex-grow: 0; flex-shrink: 1; overflow-x: visible; overflow-y: visible;&quot;
              &gt;
                &lt;ink-text
                  style=&quot;flex-grow: 0; flex-shrink: 1; flex-direction: row; text-wrap: wrap;&quot;
                &gt;
                    
                &lt;/ink-text&gt;
                &lt;ink-text
                  style=&quot;flex-grow: 0; flex-shrink: 1; flex-direction: row; text-wrap: wrap;&quot;
                &gt;
                  [
                &lt;/ink-text&gt;
                &lt;ink-text
                  style=&quot;flex-grow: 0; flex-shrink: 1; flex-direction: row; text-wrap: wrap;&quot;
                &gt;
                  mem-002
                &lt;/ink-text&gt;
                &lt;ink-text
                  style=&quot;flex-grow: 0; flex-shrink: 1; flex-direction: row; text-wrap: wrap;&quot;
                &gt;
                  ] 
                &lt;/ink-text&gt;
                &lt;ink-text
                  style=&quot;flex-grow: 0; flex-shrink: 1; flex-direction: row; text-wrap: wrap;&quot;
                &gt;
                  シナプス記憶システムのPhase 2実装完了
                &lt;/ink-text&gt;
              &lt;/ink-box&gt;
              &lt;ink-box
                style=&quot;flex-wrap: nowrap; flex-direction: row; flex-grow: 0; flex-shrink: 1; overflow-x: visible; overflow-y: visible;&quot;
              &gt;
                &lt;ink-text
                  style=&quot;flex-grow: 0; flex-shrink: 1; flex-direction: row; text-wrap: wrap;&quot;
                &gt;
                    
                &lt;/ink-text&gt;
                &lt;ink-text
                  style=&quot;flex-grow: 0; flex-shrink: 1; flex-direction: row; text-wrap: wrap;&quot;
                &gt;
                  [
                &lt;/ink-text&gt;
                &lt;ink-text
                  style=&quot;flex-grow: 0; flex-shrink: 1; flex-direction: row; text-wrap: wrap;&quot;
                &gt;
                  mem-003
                &lt;/ink-text&gt;
                &lt;ink-text
                  style=&quot;flex-grow: 0; flex-shrink: 1; flex-direction: row; text-wrap: wrap;&quot;
                &gt;
                  ] 
                &lt;/ink-text&gt;
                &lt;ink-text
                  style=&quot;flex-grow: 0; flex-shrink: 1; flex-direction: row; text-wrap: wrap;&quot;
                &gt;
                  RESTful API設計とエンドポイント定義
                &lt;/ink-text&gt;
              &lt;/ink-box&gt;
            &lt;/ink-box&gt;
            &lt;ink-box
              style=&quot;flex-wrap: nowrap; flex-direction: row; flex-grow: 0; flex-shrink: 1; margin-top: 1px; border-color: rgb(108, 112, 134); padding: 1px; overflow-x: visible; overflow-y: visible;&quot;
            &gt;
              &lt;ink-box
                style=&quot;flex-wrap: nowrap; flex-direction: column; flex-grow: 0; flex-shrink: 1; overflow-x: visible; overflow-y: visible;&quot;
              &gt;
                &lt;ink-text
                  style=&quot;flex-grow: 0; flex-shrink: 1; flex-direction: row; text-wrap: wrap;&quot;
                &gt;
                  詳細:
                &lt;/ink-text&gt;
                &lt;ink-text
                  style=&quot;flex-grow: 0; flex-shrink: 1; flex-direction: row; text-wrap: wrap;&quot;
                &gt;
                  ID: 
                  mem-001
                &lt;/ink-text&gt;
                &lt;ink-text
                  style=&quot;flex-grow: 0; flex-shrink: 1; flex-direction: row; text-wrap: wrap;&quot;
                &gt;
                  アクセス数: 
                  15
                &lt;/ink-text&gt;
                &lt;ink-text
                  style=&quot;flex-grow: 0; flex-shrink: 1; flex-direction: row; text-wrap: wrap;&quot;
                &gt;
                  成功率: 
                  92.0
                  %
                &lt;/ink-text&gt;
                &lt;ink-text
                  style=&quot;flex-grow: 0; flex-shrink: 1; flex-direction: row; text-wrap: wrap;&quot;
                &gt;
                  タグ: 
                  gpt5, prompting, analysis
                &lt;/ink-text&gt;
              &lt;/ink-box&gt;
            &lt;/ink-box&gt;
          &lt;/ink-box&gt;
        &lt;/ink-box&gt;
        &lt;ink-box
          style=&quot;flex-wrap: nowrap; flex-direction: row; flex-grow: 0; flex-shrink: 1; margin-top: 1px; border-color: rgb(108, 112, 134); padding: 1px; overflow-x: visible; overflow-y: visible;&quot;
        &gt;
          &lt;ink-text
            style=&quot;flex-grow: 0; flex-shrink: 1; flex-direction: row; text-wrap: wrap;&quot;
          &gt;
            Tab: タブ切替 | ↑↓: 記憶選択 | q: 終了
          &lt;/ink-text&gt;
        &lt;/ink-box&gt;
      &lt;/ink-box&gt;
    &lt;/div&gt;
  &lt;/body&gt;
&lt;/html&gt;
 ❯ src/ui/components/SynapticMemoryDashboard.test.tsx:171:33
 ❯ runWithExpensiveErrorDiagnosticsDisabled node_modules/@testing-library/dom/dist/config.js:47:12
 ❯ checkCallback node_modules/@testing-library/dom/dist/wait-for.js:124:77
 ❯ Timeout.checkRealTimersCallback node_modules/@testing-library/dom/dist/wait-for.js:118:16
            </failure>
        </testcase>
        <testcase classname="src/ui/components/SynapticMemoryDashboard.test.tsx" name="SynapticMemoryDashboard &gt; qキーでダッシュボードが閉じられること" time="1.027553126">
            <failure message="expected &quot;spy&quot; to be called at least once

Ignored nodes: comments, script, style
[36m&lt;html&gt;[39m
  [36m&lt;head /&gt;[39m
  [36m&lt;body&gt;[39m
    [36m&lt;div&gt;[39m
      [36m&lt;ink-box[39m
        [33mstyle[39m=[32m&quot;flex-wrap: nowrap; flex-direction: column; flex-grow: 0; flex-shrink: 1; width: 52px; height: 20px; padding: 1px; overflow-x: visible; overflow-y: visible;&quot;[39m
      [36m&gt;[39m
        [36m&lt;ink-box[39m
          [33mstyle[39m=[32m&quot;flex-wrap: nowrap; flex-direction: row; flex-grow: 0; flex-shrink: 1; margin-bottom: 1px; overflow-x: visible; overflow-y: visible;&quot;[39m
        [36m&gt;[39m
          [36m&lt;ink-text[39m
            [33mstyle[39m=[32m&quot;flex-grow: 0; flex-shrink: 1; flex-direction: row; text-wrap: wrap;&quot;[39m
          [36m&gt;[39m
            [0mシナプス記憶システム ダッシュボード[0m
          [36m&lt;/ink-text&gt;[39m
        [36m&lt;/ink-box&gt;[39m
        [36m&lt;ink-box[39m
          [33mstyle[39m=[32m&quot;flex-wrap: nowrap; flex-direction: row; flex-grow: 0; flex-shrink: 1; margin-bottom: 1px; overflow-x: visible; overflow-y: visible;&quot;[39m
        [36m&gt;[39m
          [36m&lt;ink-box[39m
            [33mstyle[39m=[32m&quot;flex-wrap: nowrap; flex-direction: row; flex-grow: 0; flex-shrink: 1; margin-right: 2px; overflow-x: visible; overflow-y: visible;&quot;[39m
          [36m&gt;[39m
            [36m&lt;ink-text[39m
              [33mstyle[39m=[32m&quot;flex-grow: 0; flex-shrink: 1; flex-direction: row; text-wrap: wrap;&quot;[39m
            [36m&gt;[39m
              [0m[[0m
              [0m1[0m
              [0m] [0m
              [0m記憶一覧[0m
            [36m&lt;/ink-text&gt;[39m
          [36m&lt;/ink-box&gt;[39m
          [36m&lt;ink-box[39m
            [33mstyle[39m=[32m&quot;flex-wrap: nowrap; flex-direction: row; flex-grow: 0; flex-shrink: 1; margin-right: 2px; overflow-x: visible; overflow-y: visible;&quot;[39m
          [36m&gt;[39m
            [36m&lt;ink-text[39m
              [33mstyle[39m=[32m&quot;flex-grow: 0; flex-shrink: 1; flex-direction: row; text-wrap: wrap;&quot;[39m
            [36m&gt;[39m
              [0m[[0m
              [0m2[0m
              [0m] [0m
              [0mシナプス結合[0m
            [36m&lt;/ink-text&gt;[39m
          [36m&lt;/ink-box&gt;[39m
          [36m&lt;ink-box[39m
            [33mstyle[39m=[32m&quot;flex-wrap: nowrap; flex-direction: row; flex-grow: 0; flex-shrink: 1; margin-right: 2px; overflow-x: visible; overflow-y: visible;&quot;[39m
          [36m&gt;[39m
            [36m&lt;ink-text[39m
              [33mstyle[39m=[32m&quot;flex-grow: 0; flex-shrink: 1; flex-direction: row; text-wrap: wrap;&quot;[39m
            [36m&gt;[39m
              [0m[[0m
              [0m3[0m
              [0m] [0m
              [0mネットワーク診断[0m
            [36m&lt;/ink-text&gt;[39m
          [36m&lt;/ink-box&gt;[39m
          [36m&lt;ink-box[39m
            [33mstyle[39m=[32m&quot;flex-wrap: nowrap; flex-direction: row; flex-grow: 0; flex-shrink: 1; margin-right: 2px; overflow-x: visible; overflow-y: visible;&quot;[39m
          [36m&gt;[39m
            [36m&lt;ink-text[39m
              [33mstyle[39m=[32m&quot;flex-grow: 0; flex-shrink: 1; flex-direction: row; text-wrap: wrap;&quot;[39m
            [36m&gt;[39m
              [0m[[0m
              [0m4[0m
              [0m] [0m
              [0m設定[0m
            [36m&lt;/ink-text&gt;[39m
          [36m&lt;/ink-box&gt;[39m
        [36m&lt;/ink-box&gt;[39m
        [36m&lt;ink-box[39m
          [33mstyle[39m=[32m&quot;flex-wrap: nowrap; flex-direction: row; flex-grow: 1; flex-shrink: 1; overflow: hidden; overflow-x: hidden; overflow-y: hidden;&quot;[39m
        [36m&gt;[39m
          [36m&lt;ink-box[39m
            [33mstyle[39m=[32m&quot;flex-wrap: nowrap; flex-direction: column; flex-grow: 1; flex-shrink: 1; overflow-x: visible; overflow-y: visible;&quot;[39m
          [36m&gt;[39m
            [36m&lt;ink-box[39m
              [33mstyle[39m=[32m&quot;flex-wrap: nowrap; flex-direction: row; flex-grow: 0; flex-shrink: 1; margin-bottom: 1px; overflow-x: visible; overflow-y: visible;&quot;[39m
            [36m&gt;[39m
              [36m&lt;ink-text[39m
                [33mstyle[39m=[32m&quot;flex-grow: 0; flex-shrink: 1; flex-direction: row; text-wrap: wrap;&quot;[39m
              [36m&gt;[39m
                [0m記憶一覧 ([0m
                [0m3[0m
                [0m件)[0m
              [36m&lt;/ink-text&gt;[39m
            [36m&lt;/ink-box&gt;[39m
            [36m&lt;ink-box[39m
              [33mstyle[39m=[32m&quot;flex-wrap: nowrap; flex-direction: column; flex-grow: 0; flex-shrink: 0; width: 48px; overflow-x: visible; overflow-y: visible;&quot;[39m
            [36m&gt;[39m
              [36m&lt;ink-box[39m
                [33mstyle[39m=[32m&quot;flex-wrap: nowrap; flex-direction: row; flex-grow: 0; flex-shrink: 1; overflow-x: visible; overflow-y: visible;&quot;[39m
              [36m&gt;[39m
                [36m&lt;ink-text[39m
                  [33mstyle[39m=[32m&quot;flex-grow: 0; flex-shrink: 1; flex-direction: row; text-wrap: wrap;&quot;[39m
                [36m&gt;[39m
                  [0m► [0m
                [36m&lt;/ink-text&gt;[39m
                [36m&lt;ink-text[39m
                  [33mstyle[39m=[32m&quot;flex-grow: 0; flex-shrink: 1; flex-direction: row; text-wrap: wrap;&quot;[39m
                [36m&gt;[39m
                  [0m[[0m
                [36m&lt;/ink-text&gt;[39m
                [36m&lt;ink-text[39m
                  [33mstyle[39m=[32m&quot;flex-grow: 0; flex-shrink: 1; flex-direction: row; text-wrap: wrap;&quot;[39m
                [36m&gt;[39m
                  [0mmem-001[0m
                [36m&lt;/ink-text&gt;[39m
                [36m&lt;ink-text[39m
                  [33mstyle[39m=[32m&quot;flex-grow: 0; flex-shrink: 1; flex-direction: row; text-wrap: wrap;&quot;[39m
                [36m&gt;[39m
                  [0m] [0m
                [36m&lt;/ink-text&gt;[39m
                [36m&lt;ink-text[39m
                  [33mstyle[39m=[32m&quot;flex-grow: 0; flex-shrink: 1; flex-direction: row; text-wrap: wrap;&quot;[39m
                [36m&gt;[39m
                  [0mGPT-5プロンプトガイドの分析結果[0m
                [36m&lt;/ink-text&gt;[39m
              [36m&lt;/ink-box&gt;[39m
              [36m&lt;ink-box[39m
                [33mstyle[39m=[32m&quot;flex-wrap: nowrap; flex-direction: row; flex-grow: 0; flex-shrink: 1; overflow-x: visible; overflow-y: visible;&quot;[39m
              [36m&gt;[39m
                [36m&lt;ink-text[39m
                  [33mstyle[39m=[32m&quot;flex-grow: 0; flex-shrink: 1; flex-direction: row; text-wrap: wrap;&quot;[39m
                [36m&gt;[39m
                  [0m  [0m
                [36m&lt;/ink-text&gt;[39m
                [36m&lt;ink-text[39m
                  [33mstyle[39m=[32m&quot;flex-grow: 0; flex-shrink: 1; flex-direction: row; text-wrap: wrap;&quot;[39m
                [36m&gt;[39m
                  [0m[[0m
                [36m&lt;/ink-text&gt;[39m
                [36m&lt;ink-text[39m
                  [33mstyle[39m=[32m&quot;flex-grow: 0; flex-shrink: 1; flex-direction: row; text-wrap: wrap;&quot;[39m
                [36m&gt;[39m
                  [0mmem-002[0m
                [36m&lt;/ink-text&gt;[39m
                [36m&lt;ink-text[39m
                  [33mstyle[39m=[32m&quot;flex-grow: 0; flex-shrink: 1; flex-direction: row; text-wrap: wrap;&quot;[39m
                [36m&gt;[39m
                  [0m] [0m
                [36m&lt;/ink-text&gt;[39m
                [36m&lt;ink-text[39m
                  [33mstyle[39m=[32m&quot;flex-grow: 0; flex-shrink: 1; flex-direction: row; text-wrap: wrap;&quot;[39m
                [36m&gt;[39m
                  [0mシナプス記憶システムのPhase 2実装完了[0m
                [36m&lt;/ink-text&gt;[39m
              [36m&lt;/ink-box&gt;[39m
              [36m&lt;ink-box[39m
                [33mstyle[39m=[32m&quot;flex-wrap: nowrap; flex-direction: row; flex-grow: 0; flex-shrink: 1; overflow-x: visible; overflow-y: visible;&quot;[39m
              [36m&gt;[39m
                [36m&lt;ink-text[39m
                  [33mstyle[39m=[32m&quot;flex-grow: 0; flex-shrink: 1; flex-direction: row; text-wrap: wrap;&quot;[39m
                [36m&gt;[39m
                  [0m  [0m
                [36m&lt;/ink-text&gt;[39m
                [36m&lt;ink-text[39m
                  [33mstyle[39m=[32m&quot;flex-grow: 0; flex-shrink: 1; flex-direction: row; text-wrap: wrap;&quot;[39m
                [36m&gt;[39m
                  [0m[[0m
                [36m&lt;/ink-text&gt;[39m
                [36m&lt;ink-text[39m
                  [33mstyle[39m=[32m&quot;flex-grow: 0; flex-shrink: 1; flex-direction: row; text-wrap: wrap;&quot;[39m
                [36m&gt;[39m
                  [0mmem-003[0m
                [36m&lt;/ink-text&gt;[39m
                [36m&lt;ink-text[39m
                  [33mstyle[39m=[32m&quot;flex-grow: 0; flex-shrink: 1; flex-direction: row; text-wrap: wrap;&quot;[39m
                [36m&gt;[39m
                  [0m] [0m
                [36m&lt;/ink-text&gt;[39m
                [36m&lt;ink-text[39m
                  [33mstyle[39m=[32m&quot;flex-grow: 0; flex-shrink: 1; flex-direction: row; text-wrap: wrap;&quot;[39m
                [36m&gt;[39m
                  [0mRESTful API設計とエンドポイント定義[0m
                [36m&lt;/ink-text&gt;[39m
              [36m&lt;/ink-box&gt;[39m
            [36m&lt;/ink-box&gt;[39m
            [36m&lt;ink-box[39m
              [33mstyle[39m=[32m&quot;flex-wrap: nowrap; flex-direction: row; flex-grow: 0; flex-shrink: 1; margin-top: 1px; border-color: rgb(108, 112, 134); padding: 1px; overflow-x: visible; overflow-y: visible;&quot;[39m
            [36m&gt;[39m
              [36m&lt;ink-box[39m
                [33mstyle[39m=[32m&quot;flex-wrap: nowrap; flex-direction: column; flex-grow: 0; flex-shrink: 1; overflow-x: visible; overflow-y: visible;&quot;[39m
              [36m&gt;[39m
                [36m&lt;ink-text[39m
                  [33mstyle[39m=[32m&quot;flex-grow: 0; flex-shrink: 1; flex-direction: row; text-wrap: wrap;&quot;[39m
                [36m&gt;[39m
                  [0m詳細:[0m
                [36m&lt;/ink-text&gt;[39m
                [36m&lt;ink-text[39m
                  [33mstyle[39m=[32m&quot;flex-grow: 0; flex-shrink: 1; flex-direction: row; text-wrap: wrap;&quot;[39m
                [36m&gt;[39m
                  [0mID: [0m
                  [0mmem-001[0m
                [36m&lt;/ink-text&gt;[39m
                [36m&lt;ink-text[39m
                  [33mstyle[39m=[32m&quot;flex-grow: 0; flex-shrink: 1; flex-direction: row; text-wrap: wrap;&quot;[39m
                [36m&gt;[39m
                  [0mアクセス数: [0m
                  [0m15[0m
                [36m&lt;/ink-text&gt;[39m
                [36m&lt;ink-text[39m
                  [33mstyle[39m=[32m&quot;flex-grow: 0; flex-shrink: 1; flex-direction: row; text-wrap: wrap;&quot;[39m
                [36m&gt;[39m
                  [0m成功率: [0m
                  [0m92.0[0m
                  [0m%[0m
                [36m&lt;/ink-text&gt;[39m
                [36m&lt;ink-text[39m
                  [33mstyle[39m=[32m&quot;flex-grow: 0; flex-shrink: 1; flex-direction: row; text-wrap: wrap;&quot;[39m
                [36m&gt;[39m
                  [0mタグ: [0m
                  [0mgpt5, prompting, analysis[0m
                [36m&lt;/ink-text&gt;[39m
              [36m&lt;/ink-box&gt;[39m
            [36m&lt;/ink-box&gt;[39m
          [36m&lt;/ink-box&gt;[39m
        [36m&lt;/ink-box&gt;[39m
        [36m&lt;ink-box[39m
          [33mstyle[39m=[32m&quot;flex-wrap: nowrap; flex-direction: row; flex-grow: 0; flex-shrink: 1; margin-top: 1px; border-color: rgb(108, 112, 134); padding: 1px; overflow-x: visible; overflow-y: visible;&quot;[39m
        [36m&gt;[39m
          [36m&lt;ink-text[39m
            [33mstyle[39m=[32m&quot;flex-grow: 0; flex-shrink: 1; flex-direction: row; text-wrap: wrap;&quot;[39m
          [36m&gt;[39m
            [0mTab: タブ切替 | ↑↓: 記憶選択 | q: 終了[0m
          [36m&lt;/ink-text&gt;[39m
        [36m&lt;/ink-box&gt;[39m
      [36m&lt;/ink-box&gt;[39m
    [36m&lt;/div&gt;[39m
  [36m&lt;/body&gt;[39m
[36m&lt;/html&gt;[39m" type="AssertionError">
AssertionError: expected &quot;spy&quot; to be called at least once

Ignored nodes: comments, script, style
&lt;html&gt;
  &lt;head /&gt;
  &lt;body&gt;
    &lt;div&gt;
      &lt;ink-box
        style=&quot;flex-wrap: nowrap; flex-direction: column; flex-grow: 0; flex-shrink: 1; width: 52px; height: 20px; padding: 1px; overflow-x: visible; overflow-y: visible;&quot;
      &gt;
        &lt;ink-box
          style=&quot;flex-wrap: nowrap; flex-direction: row; flex-grow: 0; flex-shrink: 1; margin-bottom: 1px; overflow-x: visible; overflow-y: visible;&quot;
        &gt;
          &lt;ink-text
            style=&quot;flex-grow: 0; flex-shrink: 1; flex-direction: row; text-wrap: wrap;&quot;
          &gt;
            シナプス記憶システム ダッシュボード
          &lt;/ink-text&gt;
        &lt;/ink-box&gt;
        &lt;ink-box
          style=&quot;flex-wrap: nowrap; flex-direction: row; flex-grow: 0; flex-shrink: 1; margin-bottom: 1px; overflow-x: visible; overflow-y: visible;&quot;
        &gt;
          &lt;ink-box
            style=&quot;flex-wrap: nowrap; flex-direction: row; flex-grow: 0; flex-shrink: 1; margin-right: 2px; overflow-x: visible; overflow-y: visible;&quot;
          &gt;
            &lt;ink-text
              style=&quot;flex-grow: 0; flex-shrink: 1; flex-direction: row; text-wrap: wrap;&quot;
            &gt;
              [
              1
              ] 
              記憶一覧
            &lt;/ink-text&gt;
          &lt;/ink-box&gt;
          &lt;ink-box
            style=&quot;flex-wrap: nowrap; flex-direction: row; flex-grow: 0; flex-shrink: 1; margin-right: 2px; overflow-x: visible; overflow-y: visible;&quot;
          &gt;
            &lt;ink-text
              style=&quot;flex-grow: 0; flex-shrink: 1; flex-direction: row; text-wrap: wrap;&quot;
            &gt;
              [
              2
              ] 
              シナプス結合
            &lt;/ink-text&gt;
          &lt;/ink-box&gt;
          &lt;ink-box
            style=&quot;flex-wrap: nowrap; flex-direction: row; flex-grow: 0; flex-shrink: 1; margin-right: 2px; overflow-x: visible; overflow-y: visible;&quot;
          &gt;
            &lt;ink-text
              style=&quot;flex-grow: 0; flex-shrink: 1; flex-direction: row; text-wrap: wrap;&quot;
            &gt;
              [
              3
              ] 
              ネットワーク診断
            &lt;/ink-text&gt;
          &lt;/ink-box&gt;
          &lt;ink-box
            style=&quot;flex-wrap: nowrap; flex-direction: row; flex-grow: 0; flex-shrink: 1; margin-right: 2px; overflow-x: visible; overflow-y: visible;&quot;
          &gt;
            &lt;ink-text
              style=&quot;flex-grow: 0; flex-shrink: 1; flex-direction: row; text-wrap: wrap;&quot;
            &gt;
              [
              4
              ] 
              設定
            &lt;/ink-text&gt;
          &lt;/ink-box&gt;
        &lt;/ink-box&gt;
        &lt;ink-box
          style=&quot;flex-wrap: nowrap; flex-direction: row; flex-grow: 1; flex-shrink: 1; overflow: hidden; overflow-x: hidden; overflow-y: hidden;&quot;
        &gt;
          &lt;ink-box
            style=&quot;flex-wrap: nowrap; flex-direction: column; flex-grow: 1; flex-shrink: 1; overflow-x: visible; overflow-y: visible;&quot;
          &gt;
            &lt;ink-box
              style=&quot;flex-wrap: nowrap; flex-direction: row; flex-grow: 0; flex-shrink: 1; margin-bottom: 1px; overflow-x: visible; overflow-y: visible;&quot;
            &gt;
              &lt;ink-text
                style=&quot;flex-grow: 0; flex-shrink: 1; flex-direction: row; text-wrap: wrap;&quot;
              &gt;
                記憶一覧 (
                3
                件)
              &lt;/ink-text&gt;
            &lt;/ink-box&gt;
            &lt;ink-box
              style=&quot;flex-wrap: nowrap; flex-direction: column; flex-grow: 0; flex-shrink: 0; width: 48px; overflow-x: visible; overflow-y: visible;&quot;
            &gt;
              &lt;ink-box
                style=&quot;flex-wrap: nowrap; flex-direction: row; flex-grow: 0; flex-shrink: 1; overflow-x: visible; overflow-y: visible;&quot;
              &gt;
                &lt;ink-text
                  style=&quot;flex-grow: 0; flex-shrink: 1; flex-direction: row; text-wrap: wrap;&quot;
                &gt;
                  ► 
                &lt;/ink-text&gt;
                &lt;ink-text
                  style=&quot;flex-grow: 0; flex-shrink: 1; flex-direction: row; text-wrap: wrap;&quot;
                &gt;
                  [
                &lt;/ink-text&gt;
                &lt;ink-text
                  style=&quot;flex-grow: 0; flex-shrink: 1; flex-direction: row; text-wrap: wrap;&quot;
                &gt;
                  mem-001
                &lt;/ink-text&gt;
                &lt;ink-text
                  style=&quot;flex-grow: 0; flex-shrink: 1; flex-direction: row; text-wrap: wrap;&quot;
                &gt;
                  ] 
                &lt;/ink-text&gt;
                &lt;ink-text
                  style=&quot;flex-grow: 0; flex-shrink: 1; flex-direction: row; text-wrap: wrap;&quot;
                &gt;
                  GPT-5プロンプトガイドの分析結果
                &lt;/ink-text&gt;
              &lt;/ink-box&gt;
              &lt;ink-box
                style=&quot;flex-wrap: nowrap; flex-direction: row; flex-grow: 0; flex-shrink: 1; overflow-x: visible; overflow-y: visible;&quot;
              &gt;
                &lt;ink-text
                  style=&quot;flex-grow: 0; flex-shrink: 1; flex-direction: row; text-wrap: wrap;&quot;
                &gt;
                    
                &lt;/ink-text&gt;
                &lt;ink-text
                  style=&quot;flex-grow: 0; flex-shrink: 1; flex-direction: row; text-wrap: wrap;&quot;
                &gt;
                  [
                &lt;/ink-text&gt;
                &lt;ink-text
                  style=&quot;flex-grow: 0; flex-shrink: 1; flex-direction: row; text-wrap: wrap;&quot;
                &gt;
                  mem-002
                &lt;/ink-text&gt;
                &lt;ink-text
                  style=&quot;flex-grow: 0; flex-shrink: 1; flex-direction: row; text-wrap: wrap;&quot;
                &gt;
                  ] 
                &lt;/ink-text&gt;
                &lt;ink-text
                  style=&quot;flex-grow: 0; flex-shrink: 1; flex-direction: row; text-wrap: wrap;&quot;
                &gt;
                  シナプス記憶システムのPhase 2実装完了
                &lt;/ink-text&gt;
              &lt;/ink-box&gt;
              &lt;ink-box
                style=&quot;flex-wrap: nowrap; flex-direction: row; flex-grow: 0; flex-shrink: 1; overflow-x: visible; overflow-y: visible;&quot;
              &gt;
                &lt;ink-text
                  style=&quot;flex-grow: 0; flex-shrink: 1; flex-direction: row; text-wrap: wrap;&quot;
                &gt;
                    
                &lt;/ink-text&gt;
                &lt;ink-text
                  style=&quot;flex-grow: 0; flex-shrink: 1; flex-direction: row; text-wrap: wrap;&quot;
                &gt;
                  [
                &lt;/ink-text&gt;
                &lt;ink-text
                  style=&quot;flex-grow: 0; flex-shrink: 1; flex-direction: row; text-wrap: wrap;&quot;
                &gt;
                  mem-003
                &lt;/ink-text&gt;
                &lt;ink-text
                  style=&quot;flex-grow: 0; flex-shrink: 1; flex-direction: row; text-wrap: wrap;&quot;
                &gt;
                  ] 
                &lt;/ink-text&gt;
                &lt;ink-text
                  style=&quot;flex-grow: 0; flex-shrink: 1; flex-direction: row; text-wrap: wrap;&quot;
                &gt;
                  RESTful API設計とエンドポイント定義
                &lt;/ink-text&gt;
              &lt;/ink-box&gt;
            &lt;/ink-box&gt;
            &lt;ink-box
              style=&quot;flex-wrap: nowrap; flex-direction: row; flex-grow: 0; flex-shrink: 1; margin-top: 1px; border-color: rgb(108, 112, 134); padding: 1px; overflow-x: visible; overflow-y: visible;&quot;
            &gt;
              &lt;ink-box
                style=&quot;flex-wrap: nowrap; flex-direction: column; flex-grow: 0; flex-shrink: 1; overflow-x: visible; overflow-y: visible;&quot;
              &gt;
                &lt;ink-text
                  style=&quot;flex-grow: 0; flex-shrink: 1; flex-direction: row; text-wrap: wrap;&quot;
                &gt;
                  詳細:
                &lt;/ink-text&gt;
                &lt;ink-text
                  style=&quot;flex-grow: 0; flex-shrink: 1; flex-direction: row; text-wrap: wrap;&quot;
                &gt;
                  ID: 
                  mem-001
                &lt;/ink-text&gt;
                &lt;ink-text
                  style=&quot;flex-grow: 0; flex-shrink: 1; flex-direction: row; text-wrap: wrap;&quot;
                &gt;
                  アクセス数: 
                  15
                &lt;/ink-text&gt;
                &lt;ink-text
                  style=&quot;flex-grow: 0; flex-shrink: 1; flex-direction: row; text-wrap: wrap;&quot;
                &gt;
                  成功率: 
                  92.0
                  %
                &lt;/ink-text&gt;
                &lt;ink-text
                  style=&quot;flex-grow: 0; flex-shrink: 1; flex-direction: row; text-wrap: wrap;&quot;
                &gt;
                  タグ: 
                  gpt5, prompting, analysis
                &lt;/ink-text&gt;
              &lt;/ink-box&gt;
            &lt;/ink-box&gt;
          &lt;/ink-box&gt;
        &lt;/ink-box&gt;
        &lt;ink-box
          style=&quot;flex-wrap: nowrap; flex-direction: row; flex-grow: 0; flex-shrink: 1; margin-top: 1px; border-color: rgb(108, 112, 134); padding: 1px; overflow-x: visible; overflow-y: visible;&quot;
        &gt;
          &lt;ink-text
            style=&quot;flex-grow: 0; flex-shrink: 1; flex-direction: row; text-wrap: wrap;&quot;
          &gt;
            Tab: タブ切替 | ↑↓: 記憶選択 | q: 終了
          &lt;/ink-text&gt;
        &lt;/ink-box&gt;
      &lt;/ink-box&gt;
    &lt;/div&gt;
  &lt;/body&gt;
&lt;/html&gt;
 ❯ src/ui/components/SynapticMemoryDashboard.test.tsx:182:33
 ❯ runWithExpensiveErrorDiagnosticsDisabled node_modules/@testing-library/dom/dist/config.js:47:12
 ❯ checkCallback node_modules/@testing-library/dom/dist/wait-for.js:124:77
 ❯ Timeout.checkRealTimersCallback node_modules/@testing-library/dom/dist/wait-for.js:118:16
            </failure>
        </testcase>
        <testcase classname="src/ui/components/SynapticMemoryDashboard.test.tsx" name="SynapticMemoryDashboard &gt; ターミナルサイズに応じてレイアウトが調整されること" time="0.014803417">
            <failure message="Unable to find an element with the text: Synaptic Memory Dashboard. This could be because the text is broken up by multiple elements. In this case, you can provide a function for your text matcher to make your matcher more flexible.

Ignored nodes: comments, script, style
[36m&lt;body&gt;[39m
  [36m&lt;div&gt;[39m
    [36m&lt;ink-box[39m
      [33mstyle[39m=[32m&quot;flex-wrap: nowrap; flex-direction: column; flex-grow: 0; flex-shrink: 1; width: 52px; height: 20px; padding: 1px; overflow-x: visible; overflow-y: visible;&quot;[39m
    [36m&gt;[39m
      [36m&lt;ink-box[39m
        [33mstyle[39m=[32m&quot;flex-wrap: nowrap; flex-direction: row; flex-grow: 0; flex-shrink: 1; margin-bottom: 1px; overflow-x: visible; overflow-y: visible;&quot;[39m
      [36m&gt;[39m
        [36m&lt;ink-text[39m
          [33mstyle[39m=[32m&quot;flex-grow: 0; flex-shrink: 1; flex-direction: row; text-wrap: wrap;&quot;[39m
        [36m&gt;[39m
          [0mシナプス記憶システム ダッシュボード[0m
        [36m&lt;/ink-text&gt;[39m
      [36m&lt;/ink-box&gt;[39m
      [36m&lt;ink-box[39m
        [33mstyle[39m=[32m&quot;flex-wrap: nowrap; flex-direction: row; flex-grow: 0; flex-shrink: 1; margin-bottom: 1px; overflow-x: visible; overflow-y: visible;&quot;[39m
      [36m&gt;[39m
        [36m&lt;ink-box[39m
          [33mstyle[39m=[32m&quot;flex-wrap: nowrap; flex-direction: row; flex-grow: 0; flex-shrink: 1; margin-right: 2px; overflow-x: visible; overflow-y: visible;&quot;[39m
        [36m&gt;[39m
          [36m&lt;ink-text[39m
            [33mstyle[39m=[32m&quot;flex-grow: 0; flex-shrink: 1; flex-direction: row; text-wrap: wrap;&quot;[39m
          [36m&gt;[39m
            [0m[[0m
            [0m1[0m
            [0m] [0m
            [0m記憶一覧[0m
          [36m&lt;/ink-text&gt;[39m
        [36m&lt;/ink-box&gt;[39m
        [36m&lt;ink-box[39m
          [33mstyle[39m=[32m&quot;flex-wrap: nowrap; flex-direction: row; flex-grow: 0; flex-shrink: 1; margin-right: 2px; overflow-x: visible; overflow-y: visible;&quot;[39m
        [36m&gt;[39m
          [36m&lt;ink-text[39m
            [33mstyle[39m=[32m&quot;flex-grow: 0; flex-shrink: 1; flex-direction: row; text-wrap: wrap;&quot;[39m
          [36m&gt;[39m
            [0m[[0m
            [0m2[0m
            [0m] [0m
            [0mシナプス結合[0m
          [36m&lt;/ink-text&gt;[39m
        [36m&lt;/ink-box&gt;[39m
        [36m&lt;ink-box[39m
          [33mstyle[39m=[32m&quot;flex-wrap: nowrap; flex-direction: row; flex-grow: 0; flex-shrink: 1; margin-right: 2px; overflow-x: visible; overflow-y: visible;&quot;[39m
        [36m&gt;[39m
          [36m&lt;ink-text[39m
            [33mstyle[39m=[32m&quot;flex-grow: 0; flex-shrink: 1; flex-direction: row; text-wrap: wrap;&quot;[39m
          [36m&gt;[39m
            [0m[[0m
            [0m3[0m
            [0m] [0m
            [0mネットワーク診断[0m
          [36m&lt;/ink-text&gt;[39m
        [36m&lt;/ink-box&gt;[39m
        [36m&lt;ink-box[39m
          [33mstyle[39m=[32m&quot;flex-wrap: nowrap; flex-direction: row; flex-grow: 0; flex-shrink: 1; margin-right: 2px; overflow-x: visible; overflow-y: visible;&quot;[39m
        [36m&gt;[39m
          [36m&lt;ink-text[39m
            [33mstyle[39m=[32m&quot;flex-grow: 0; flex-shrink: 1; flex-direction: row; text-wrap: wrap;&quot;[39m
          [36m&gt;[39m
            [0m[[0m
            [0m4[0m
            [0m] [0m
            [0m設定[0m
          [36m&lt;/ink-text&gt;[39m
        [36m&lt;/ink-box&gt;[39m
      [36m&lt;/ink-box&gt;[39m
      [36m&lt;ink-box[39m
        [33mstyle[39m=[32m&quot;flex-wrap: nowrap; flex-direction: row; flex-grow: 1; flex-shrink: 1; overflow: hidden; overflow-x: hidden; overflow-y: hidden;&quot;[39m
      [36m&gt;[39m
        [36m&lt;ink-box[39m
          [33mstyle[39m=[32m&quot;flex-wrap: nowrap; flex-direction: column; flex-grow: 1; flex-shrink: 1; overflow-x: visible; overflow-y: visible;&quot;[39m
        [36m&gt;[39m
          [36m&lt;ink-box[39m
            [33mstyle[39m=[32m&quot;flex-wrap: nowrap; flex-direction: row; flex-grow: 0; flex-shrink: 1; margin-bottom: 1px; overflow-x: visible; overflow-y: visible;&quot;[39m
          [36m&gt;[39m
            [36m&lt;ink-text[39m
              [33mstyle[39m=[32m&quot;flex-grow: 0; flex-shrink: 1; flex-direction: row; text-wrap: wrap;&quot;[39m
            [36m&gt;[39m
              [0m記憶一覧 ([0m
              [0m3[0m
              [0m件)[0m
            [36m&lt;/ink-text&gt;[39m
          [36m&lt;/ink-box&gt;[39m
          [36m&lt;ink-box[39m
            [33mstyle[39m=[32m&quot;flex-wrap: nowrap; flex-direction: column; flex-grow: 0; flex-shrink: 0; width: 48px; overflow-x: visible; overflow-y: visible;&quot;[39m
          [36m&gt;[39m
            [36m&lt;ink-box[39m
              [33mstyle[39m=[32m&quot;flex-wrap: nowrap; flex-direction: row; flex-grow: 0; flex-shrink: 1; overflow-x: visible; overflow-y: visible;&quot;[39m
            [36m&gt;[39m
              [36m&lt;ink-text[39m
                [33mstyle[39m=[32m&quot;flex-grow: 0; flex-shrink: 1; flex-direction: row; text-wrap: wrap;&quot;[39m
              [36m&gt;[39m
                [0m► [0m
              [36m&lt;/ink-text&gt;[39m
              [36m&lt;ink-text[39m
                [33mstyle[39m=[32m&quot;flex-grow: 0; flex-shrink: 1; flex-direction: row; text-wrap: wrap;&quot;[39m
              [36m&gt;[39m
                [0m[[0m
              [36m&lt;/ink-text&gt;[39m
              [36m&lt;ink-text[39m
                [33mstyle[39m=[32m&quot;flex-grow: 0; flex-shrink: 1; flex-direction: row; text-wrap: wrap;&quot;[39m
              [36m&gt;[39m
                [0mmem-001[0m
              [36m&lt;/ink-text&gt;[39m
              [36m&lt;ink-text[39m
                [33mstyle[39m=[32m&quot;flex-grow: 0; flex-shrink: 1; flex-direction: row; text-wrap: wrap;&quot;[39m
              [36m&gt;[39m
                [0m] [0m
              [36m&lt;/ink-text&gt;[39m
              [36m&lt;ink-text[39m
                [33mstyle[39m=[32m&quot;flex-grow: 0; flex-shrink: 1; flex-direction: row; text-wrap: wrap;&quot;[39m
              [36m&gt;[39m
                [0mGPT-5プロンプトガイドの分析結果[0m
              [36m&lt;/ink-text&gt;[39m
            [36m&lt;/ink-box&gt;[39m
            [36m&lt;ink-box[39m
              [33mstyle[39m=[32m&quot;flex-wrap: nowrap; flex-direction: row; flex-grow: 0; flex-shrink: 1; overflow-x: visible; overflow-y: visible;&quot;[39m
            [36m&gt;[39m
              [36m&lt;ink-text[39m
                [33mstyle[39m=[32m&quot;flex-grow: 0; flex-shrink: 1; flex-direction: row; text-wrap: wrap;&quot;[39m
              [36m&gt;[39m
                [0m  [0m
              [36m&lt;/ink-text&gt;[39m
              [36m&lt;ink-text[39m
                [33mstyle[39m=[32m&quot;flex-grow: 0; flex-shrink: 1; flex-direction: row; text-wrap: wrap;&quot;[39m
              [36m&gt;[39m
                [0m[[0m
              [36m&lt;/ink-text&gt;[39m
              [36m&lt;ink-text[39m
                [33mstyle[39m=[32m&quot;flex-grow: 0; flex-shrink: 1; flex-direction: row; text-wrap: wrap;&quot;[39m
              [36m&gt;[39m
                [0mmem-002[0m
              [36m&lt;/ink-text&gt;[39m
              [36m&lt;ink-text[39m
                [33mstyle[39m=[32m&quot;flex-grow: 0; flex-shrink: 1; flex-direction: row; text-wrap: wrap;&quot;[39m
              [36m&gt;[39m
                [0m] [0m
              [36m&lt;/ink-text&gt;[39m
              [36m&lt;ink-text[39m
                [33mstyle[39m=[32m&quot;flex-grow: 0; flex-shrink: 1; flex-direction: row; text-wrap: wrap;&quot;[39m
              [36m&gt;[39m
                [0mシナプス記憶システムのPhase 2実装完了[0m
              [36m&lt;/ink-text&gt;[39m
            [36m&lt;/ink-box&gt;[39m
            [36m&lt;ink-box[39m
              [33mstyle[39m=[32m&quot;flex-wrap: nowrap; flex-direction: row; flex-grow: 0; flex-shrink: 1; overflow-x: visible; overflow-y: visible;&quot;[39m
            [36m&gt;[39m
              [36m&lt;ink-text[39m
                [33mstyle[39m=[32m&quot;flex-grow: 0; flex-shrink: 1; flex-direction: row; text-wrap: wrap;&quot;[39m
              [36m&gt;[39m
                [0m  [0m
              [36m&lt;/ink-text&gt;[39m
              [36m&lt;ink-text[39m
                [33mstyle[39m=[32m&quot;flex-grow: 0; flex-shrink: 1; flex-direction: row; text-wrap: wrap;&quot;[39m
              [36m&gt;[39m
                [0m[[0m
              [36m&lt;/ink-text&gt;[39m
              [36m&lt;ink-text[39m
                [33mstyle[39m=[32m&quot;flex-grow: 0; flex-shrink: 1; flex-direction: row; text-wrap: wrap;&quot;[39m
              [36m&gt;[39m
                [0mmem-003[0m
              [36m&lt;/ink-text&gt;[39m
              [36m&lt;ink-text[39m
                [33mstyle[39m=[32m&quot;flex-grow: 0; flex-shrink: 1; flex-direction: row; text-wrap: wrap;&quot;[39m
              [36m&gt;[39m
                [0m] [0m
              [36m&lt;/ink-text&gt;[39m
              [36m&lt;ink-text[39m
                [33mstyle[39m=[32m&quot;flex-grow: 0; flex-shrink: 1; flex-direction: row; text-wrap: wrap;&quot;[39m
              [36m&gt;[39m
                [0mRESTful API設計とエンドポイント定義[0m
              [36m&lt;/ink-text&gt;[39m
            [36m&lt;/ink-box&gt;[39m
          [36m&lt;/ink-box&gt;[39m
          [36m&lt;ink-box[39m
            [33mstyle[39m=[32m&quot;flex-wrap: nowrap; flex-direction: row; flex-grow: 0; flex-shrink: 1; margin-top: 1px; border-color: rgb(108, 112, 134); padding: 1px; overflow-x: visible; overflow-y: visible;&quot;[39m
          [36m&gt;[39m
            [36m&lt;ink-box[39m
              [33mstyle[39m=[32m&quot;flex-wrap: nowrap; flex-direction: column; flex-grow: 0; flex-shrink: 1; overflow-x: visible; overflow-y: visible;&quot;[39m
            [36m&gt;[39m
              [36m&lt;ink-text[39m
                [33mstyle[39m=[32m&quot;flex-grow: 0; flex-shrink: 1; flex-direction: row; text-wrap: wrap;&quot;[39m
              [36m&gt;[39m
                [0m詳細:[0m
              [36m&lt;/ink-text&gt;[39m
              [36m&lt;ink-text[39m
                [33mstyle[39m=[32m&quot;flex-grow: 0; flex-shrink: 1; flex-direction: row; text-wrap: wrap;&quot;[39m
              [36m&gt;[39m
                [0mID: [0m
                [0mmem-001[0m
              [36m&lt;/ink-text&gt;[39m
              [36m&lt;ink-text[39m
                [33mstyle[39m=[32m&quot;flex-grow: 0; flex-shrink: 1; flex-direction: row; text-wrap: wrap;&quot;[39m
              [36m&gt;[39m
                [0mアクセス数: [0m
                [0m15[0m
              [36m&lt;/ink-text&gt;[39m
              [36m&lt;ink-text[39m
                [33mstyle[39m=[32m&quot;flex-grow: 0; flex-shrink: 1; flex-direction: row; text-wrap: wrap;&quot;[39m
              [36m&gt;[39m
                [0m成功率: [0m
                [0m92.0[0m
                [0m%[0m
              [36m&lt;/ink-text&gt;[39m
              [36m&lt;ink-text[39m
                [33mstyle[39m=[32m&quot;flex-grow: 0; flex-shrink: 1; flex-direction: row; text-wrap: wrap;&quot;[39m
              [36m&gt;[39m
                [0mタグ: [0m
                [0mgpt5, prompting, analysis[0m
              [36m&lt;/ink-text&gt;[39m
            [36m&lt;/ink-box&gt;[39m
          [36m&lt;/ink-box&gt;[39m
        [36m&lt;/ink-box&gt;[39m
      [36m&lt;/ink-box&gt;[39m
      [36m&lt;ink-box[39m
        [33mstyle[39m=[32m&quot;flex-wrap: nowrap; flex-direction: row; flex-grow: 0; flex-shrink: 1; margin-top: 1px; border-color: rgb(108, 112, 134); padding: 1px; overflow-x: visible; overflow-y: visible;&quot;[39m
      [36m&gt;[39m
        [36m&lt;ink-text[39m
          [33mstyle[39m=[32m&quot;flex-grow: 0; flex-shrink: 1; flex-direction: row; text-wrap: wrap;&quot;[39m
        [36m&gt;[39m
          [0mTab: タブ切替 | ↑↓: 記憶選択 | q: 終了[0m
        [36m&lt;/ink-text&gt;[39m
      [36m&lt;/ink-box&gt;[39m
    [36m&lt;/ink-box&gt;[39m
  [36m&lt;/div&gt;[39m
[36m&lt;/body&gt;[39m" type="TestingLibraryElementError">
TestingLibraryElementError: Unable to find an element with the text: Synaptic Memory Dashboard. This could be because the text is broken up by multiple elements. In this case, you can provide a function for your text matcher to make your matcher more flexible.

Ignored nodes: comments, script, style
&lt;body&gt;
  &lt;div&gt;
    &lt;ink-box
      style=&quot;flex-wrap: nowrap; flex-direction: column; flex-grow: 0; flex-shrink: 1; width: 52px; height: 20px; padding: 1px; overflow-x: visible; overflow-y: visible;&quot;
    &gt;
      &lt;ink-box
        style=&quot;flex-wrap: nowrap; flex-direction: row; flex-grow: 0; flex-shrink: 1; margin-bottom: 1px; overflow-x: visible; overflow-y: visible;&quot;
      &gt;
        &lt;ink-text
          style=&quot;flex-grow: 0; flex-shrink: 1; flex-direction: row; text-wrap: wrap;&quot;
        &gt;
          シナプス記憶システム ダッシュボード
        &lt;/ink-text&gt;
      &lt;/ink-box&gt;
      &lt;ink-box
        style=&quot;flex-wrap: nowrap; flex-direction: row; flex-grow: 0; flex-shrink: 1; margin-bottom: 1px; overflow-x: visible; overflow-y: visible;&quot;
      &gt;
        &lt;ink-box
          style=&quot;flex-wrap: nowrap; flex-direction: row; flex-grow: 0; flex-shrink: 1; margin-right: 2px; overflow-x: visible; overflow-y: visible;&quot;
        &gt;
          &lt;ink-text
            style=&quot;flex-grow: 0; flex-shrink: 1; flex-direction: row; text-wrap: wrap;&quot;
          &gt;
            [
            1
            ] 
            記憶一覧
          &lt;/ink-text&gt;
        &lt;/ink-box&gt;
        &lt;ink-box
          style=&quot;flex-wrap: nowrap; flex-direction: row; flex-grow: 0; flex-shrink: 1; margin-right: 2px; overflow-x: visible; overflow-y: visible;&quot;
        &gt;
          &lt;ink-text
            style=&quot;flex-grow: 0; flex-shrink: 1; flex-direction: row; text-wrap: wrap;&quot;
          &gt;
            [
            2
            ] 
            シナプス結合
          &lt;/ink-text&gt;
        &lt;/ink-box&gt;
        &lt;ink-box
          style=&quot;flex-wrap: nowrap; flex-direction: row; flex-grow: 0; flex-shrink: 1; margin-right: 2px; overflow-x: visible; overflow-y: visible;&quot;
        &gt;
          &lt;ink-text
            style=&quot;flex-grow: 0; flex-shrink: 1; flex-direction: row; text-wrap: wrap;&quot;
          &gt;
            [
            3
            ] 
            ネットワーク診断
          &lt;/ink-text&gt;
        &lt;/ink-box&gt;
        &lt;ink-box
          style=&quot;flex-wrap: nowrap; flex-direction: row; flex-grow: 0; flex-shrink: 1; margin-right: 2px; overflow-x: visible; overflow-y: visible;&quot;
        &gt;
          &lt;ink-text
            style=&quot;flex-grow: 0; flex-shrink: 1; flex-direction: row; text-wrap: wrap;&quot;
          &gt;
            [
            4
            ] 
            設定
          &lt;/ink-text&gt;
        &lt;/ink-box&gt;
      &lt;/ink-box&gt;
      &lt;ink-box
        style=&quot;flex-wrap: nowrap; flex-direction: row; flex-grow: 1; flex-shrink: 1; overflow: hidden; overflow-x: hidden; overflow-y: hidden;&quot;
      &gt;
        &lt;ink-box
          style=&quot;flex-wrap: nowrap; flex-direction: column; flex-grow: 1; flex-shrink: 1; overflow-x: visible; overflow-y: visible;&quot;
        &gt;
          &lt;ink-box
            style=&quot;flex-wrap: nowrap; flex-direction: row; flex-grow: 0; flex-shrink: 1; margin-bottom: 1px; overflow-x: visible; overflow-y: visible;&quot;
          &gt;
            &lt;ink-text
              style=&quot;flex-grow: 0; flex-shrink: 1; flex-direction: row; text-wrap: wrap;&quot;
            &gt;
              記憶一覧 (
              3
              件)
            &lt;/ink-text&gt;
          &lt;/ink-box&gt;
          &lt;ink-box
            style=&quot;flex-wrap: nowrap; flex-direction: column; flex-grow: 0; flex-shrink: 0; width: 48px; overflow-x: visible; overflow-y: visible;&quot;
          &gt;
            &lt;ink-box
              style=&quot;flex-wrap: nowrap; flex-direction: row; flex-grow: 0; flex-shrink: 1; overflow-x: visible; overflow-y: visible;&quot;
            &gt;
              &lt;ink-text
                style=&quot;flex-grow: 0; flex-shrink: 1; flex-direction: row; text-wrap: wrap;&quot;
              &gt;
                ► 
              &lt;/ink-text&gt;
              &lt;ink-text
                style=&quot;flex-grow: 0; flex-shrink: 1; flex-direction: row; text-wrap: wrap;&quot;
              &gt;
                [
              &lt;/ink-text&gt;
              &lt;ink-text
                style=&quot;flex-grow: 0; flex-shrink: 1; flex-direction: row; text-wrap: wrap;&quot;
              &gt;
                mem-001
              &lt;/ink-text&gt;
              &lt;ink-text
                style=&quot;flex-grow: 0; flex-shrink: 1; flex-direction: row; text-wrap: wrap;&quot;
              &gt;
                ] 
              &lt;/ink-text&gt;
              &lt;ink-text
                style=&quot;flex-grow: 0; flex-shrink: 1; flex-direction: row; text-wrap: wrap;&quot;
              &gt;
                GPT-5プロンプトガイドの分析結果
              &lt;/ink-text&gt;
            &lt;/ink-box&gt;
            &lt;ink-box
              style=&quot;flex-wrap: nowrap; flex-direction: row; flex-grow: 0; flex-shrink: 1; overflow-x: visible; overflow-y: visible;&quot;
            &gt;
              &lt;ink-text
                style=&quot;flex-grow: 0; flex-shrink: 1; flex-direction: row; text-wrap: wrap;&quot;
              &gt;
                  
              &lt;/ink-text&gt;
              &lt;ink-text
                style=&quot;flex-grow: 0; flex-shrink: 1; flex-direction: row; text-wrap: wrap;&quot;
              &gt;
                [
              &lt;/ink-text&gt;
              &lt;ink-text
                style=&quot;flex-grow: 0; flex-shrink: 1; flex-direction: row; text-wrap: wrap;&quot;
              &gt;
                mem-002
              &lt;/ink-text&gt;
              &lt;ink-text
                style=&quot;flex-grow: 0; flex-shrink: 1; flex-direction: row; text-wrap: wrap;&quot;
              &gt;
                ] 
              &lt;/ink-text&gt;
              &lt;ink-text
                style=&quot;flex-grow: 0; flex-shrink: 1; flex-direction: row; text-wrap: wrap;&quot;
              &gt;
                シナプス記憶システムのPhase 2実装完了
              &lt;/ink-text&gt;
            &lt;/ink-box&gt;
            &lt;ink-box
              style=&quot;flex-wrap: nowrap; flex-direction: row; flex-grow: 0; flex-shrink: 1; overflow-x: visible; overflow-y: visible;&quot;
            &gt;
              &lt;ink-text
                style=&quot;flex-grow: 0; flex-shrink: 1; flex-direction: row; text-wrap: wrap;&quot;
              &gt;
                  
              &lt;/ink-text&gt;
              &lt;ink-text
                style=&quot;flex-grow: 0; flex-shrink: 1; flex-direction: row; text-wrap: wrap;&quot;
              &gt;
                [
              &lt;/ink-text&gt;
              &lt;ink-text
                style=&quot;flex-grow: 0; flex-shrink: 1; flex-direction: row; text-wrap: wrap;&quot;
              &gt;
                mem-003
              &lt;/ink-text&gt;
              &lt;ink-text
                style=&quot;flex-grow: 0; flex-shrink: 1; flex-direction: row; text-wrap: wrap;&quot;
              &gt;
                ] 
              &lt;/ink-text&gt;
              &lt;ink-text
                style=&quot;flex-grow: 0; flex-shrink: 1; flex-direction: row; text-wrap: wrap;&quot;
              &gt;
                RESTful API設計とエンドポイント定義
              &lt;/ink-text&gt;
            &lt;/ink-box&gt;
          &lt;/ink-box&gt;
          &lt;ink-box
            style=&quot;flex-wrap: nowrap; flex-direction: row; flex-grow: 0; flex-shrink: 1; margin-top: 1px; border-color: rgb(108, 112, 134); padding: 1px; overflow-x: visible; overflow-y: visible;&quot;
          &gt;
            &lt;ink-box
              style=&quot;flex-wrap: nowrap; flex-direction: column; flex-grow: 0; flex-shrink: 1; overflow-x: visible; overflow-y: visible;&quot;
            &gt;
              &lt;ink-text
                style=&quot;flex-grow: 0; flex-shrink: 1; flex-direction: row; text-wrap: wrap;&quot;
              &gt;
                詳細:
              &lt;/ink-text&gt;
              &lt;ink-text
                style=&quot;flex-grow: 0; flex-shrink: 1; flex-direction: row; text-wrap: wrap;&quot;
              &gt;
                ID: 
                mem-001
              &lt;/ink-text&gt;
              &lt;ink-text
                style=&quot;flex-grow: 0; flex-shrink: 1; flex-direction: row; text-wrap: wrap;&quot;
              &gt;
                アクセス数: 
                15
              &lt;/ink-text&gt;
              &lt;ink-text
                style=&quot;flex-grow: 0; flex-shrink: 1; flex-direction: row; text-wrap: wrap;&quot;
              &gt;
                成功率: 
                92.0
                %
              &lt;/ink-text&gt;
              &lt;ink-text
                style=&quot;flex-grow: 0; flex-shrink: 1; flex-direction: row; text-wrap: wrap;&quot;
              &gt;
                タグ: 
                gpt5, prompting, analysis
              &lt;/ink-text&gt;
            &lt;/ink-box&gt;
          &lt;/ink-box&gt;
        &lt;/ink-box&gt;
      &lt;/ink-box&gt;
      &lt;ink-box
        style=&quot;flex-wrap: nowrap; flex-direction: row; flex-grow: 0; flex-shrink: 1; margin-top: 1px; border-color: rgb(108, 112, 134); padding: 1px; overflow-x: visible; overflow-y: visible;&quot;
      &gt;
        &lt;ink-text
          style=&quot;flex-grow: 0; flex-shrink: 1; flex-direction: row; text-wrap: wrap;&quot;
        &gt;
          Tab: タブ切替 | ↑↓: 記憶選択 | q: 終了
        &lt;/ink-text&gt;
      &lt;/ink-box&gt;
    &lt;/ink-box&gt;
  &lt;/div&gt;
&lt;/body&gt;
 ❯ Object.getElementError node_modules/@testing-library/dom/dist/config.js:37:19
 ❯ node_modules/@testing-library/dom/dist/query-helpers.js:76:38
 ❯ node_modules/@testing-library/dom/dist/query-helpers.js:52:17
 ❯ node_modules/@testing-library/dom/dist/query-helpers.js:95:19
 ❯ src/ui/components/SynapticMemoryDashboard.test.tsx:196:19
            </failure>
        </testcase>
        <testcase classname="src/ui/components/SynapticMemoryDashboard.test.tsx" name="SynapticMemoryDashboard &gt; エラー状態が正しく表示されること" time="1.020342959">
            <failure message="Unable to find an element with the text: /Error:/. This could be because the text is broken up by multiple elements. In this case, you can provide a function for your text matcher to make your matcher more flexible.

Ignored nodes: comments, script, style
[36m&lt;body&gt;[39m
  [36m&lt;div&gt;[39m
    [36m&lt;ink-box[39m
      [33mstyle[39m=[32m&quot;flex-wrap: nowrap; flex-direction: column; flex-grow: 0; flex-shrink: 1; width: 52px; height: 20px; padding: 1px; overflow-x: visible; overflow-y: visible;&quot;[39m
    [36m&gt;[39m
      [36m&lt;ink-box[39m
        [33mstyle[39m=[32m&quot;flex-wrap: nowrap; flex-direction: row; flex-grow: 0; flex-shrink: 1; margin-bottom: 1px; overflow-x: visible; overflow-y: visible;&quot;[39m
      [36m&gt;[39m
        [36m&lt;ink-text[39m
          [33mstyle[39m=[32m&quot;flex-grow: 0; flex-shrink: 1; flex-direction: row; text-wrap: wrap;&quot;[39m
        [36m&gt;[39m
          [0mシナプス記憶システム ダッシュボード[0m
        [36m&lt;/ink-text&gt;[39m
      [36m&lt;/ink-box&gt;[39m
      [36m&lt;ink-box[39m
        [33mstyle[39m=[32m&quot;flex-wrap: nowrap; flex-direction: row; flex-grow: 0; flex-shrink: 1; margin-bottom: 1px; overflow-x: visible; overflow-y: visible;&quot;[39m
      [36m&gt;[39m
        [36m&lt;ink-box[39m
          [33mstyle[39m=[32m&quot;flex-wrap: nowrap; flex-direction: row; flex-grow: 0; flex-shrink: 1; margin-right: 2px; overflow-x: visible; overflow-y: visible;&quot;[39m
        [36m&gt;[39m
          [36m&lt;ink-text[39m
            [33mstyle[39m=[32m&quot;flex-grow: 0; flex-shrink: 1; flex-direction: row; text-wrap: wrap;&quot;[39m
          [36m&gt;[39m
            [0m[[0m
            [0m1[0m
            [0m] [0m
            [0m記憶一覧[0m
          [36m&lt;/ink-text&gt;[39m
        [36m&lt;/ink-box&gt;[39m
        [36m&lt;ink-box[39m
          [33mstyle[39m=[32m&quot;flex-wrap: nowrap; flex-direction: row; flex-grow: 0; flex-shrink: 1; margin-right: 2px; overflow-x: visible; overflow-y: visible;&quot;[39m
        [36m&gt;[39m
          [36m&lt;ink-text[39m
            [33mstyle[39m=[32m&quot;flex-grow: 0; flex-shrink: 1; flex-direction: row; text-wrap: wrap;&quot;[39m
          [36m&gt;[39m
            [0m[[0m
            [0m2[0m
            [0m] [0m
            [0mシナプス結合[0m
          [36m&lt;/ink-text&gt;[39m
        [36m&lt;/ink-box&gt;[39m
        [36m&lt;ink-box[39m
          [33mstyle[39m=[32m&quot;flex-wrap: nowrap; flex-direction: row; flex-grow: 0; flex-shrink: 1; margin-right: 2px; overflow-x: visible; overflow-y: visible;&quot;[39m
        [36m&gt;[39m
          [36m&lt;ink-text[39m
            [33mstyle[39m=[32m&quot;flex-grow: 0; flex-shrink: 1; flex-direction: row; text-wrap: wrap;&quot;[39m
          [36m&gt;[39m
            [0m[[0m
            [0m3[0m
            [0m] [0m
            [0mネットワーク診断[0m
          [36m&lt;/ink-text&gt;[39m
        [36m&lt;/ink-box&gt;[39m
        [36m&lt;ink-box[39m
          [33mstyle[39m=[32m&quot;flex-wrap: nowrap; flex-direction: row; flex-grow: 0; flex-shrink: 1; margin-right: 2px; overflow-x: visible; overflow-y: visible;&quot;[39m
        [36m&gt;[39m
          [36m&lt;ink-text[39m
            [33mstyle[39m=[32m&quot;flex-grow: 0; flex-shrink: 1; flex-direction: row; text-wrap: wrap;&quot;[39m
          [36m&gt;[39m
            [0m[[0m
            [0m4[0m
            [0m] [0m
            [0m設定[0m
          [36m&lt;/ink-text&gt;[39m
        [36m&lt;/ink-box&gt;[39m
      [36m&lt;/ink-box&gt;[39m
      [36m&lt;ink-box[39m
        [33mstyle[39m=[32m&quot;flex-wrap: nowrap; flex-direction: row; flex-grow: 1; flex-shrink: 1; overflow: hidden; overflow-x: hidden; overflow-y: hidden;&quot;[39m
      [36m&gt;[39m
        [36m&lt;ink-box[39m
          [33mstyle[39m=[32m&quot;flex-wrap: nowrap; flex-direction: column; flex-grow: 1; flex-shrink: 1; overflow-x: visible; overflow-y: visible;&quot;[39m
        [36m&gt;[39m
          [36m&lt;ink-box[39m
            [33mstyle[39m=[32m&quot;flex-wrap: nowrap; flex-direction: row; flex-grow: 0; flex-shrink: 1; margin-bottom: 1px; overflow-x: visible; overflow-y: visible;&quot;[39m
          [36m&gt;[39m
            [36m&lt;ink-text[39m
              [33mstyle[39m=[32m&quot;flex-grow: 0; flex-shrink: 1; flex-direction: row; text-wrap: wrap;&quot;[39m
            [36m&gt;[39m
              [0m記憶一覧 ([0m
              [0m3[0m
              [0m件)[0m
            [36m&lt;/ink-text&gt;[39m
          [36m&lt;/ink-box&gt;[39m
          [36m&lt;ink-box[39m
            [33mstyle[39m=[32m&quot;flex-wrap: nowrap; flex-direction: column; flex-grow: 0; flex-shrink: 0; width: 48px; overflow-x: visible; overflow-y: visible;&quot;[39m
          [36m&gt;[39m
            [36m&lt;ink-box[39m
              [33mstyle[39m=[32m&quot;flex-wrap: nowrap; flex-direction: row; flex-grow: 0; flex-shrink: 1; overflow-x: visible; overflow-y: visible;&quot;[39m
            [36m&gt;[39m
              [36m&lt;ink-text[39m
                [33mstyle[39m=[32m&quot;flex-grow: 0; flex-shrink: 1; flex-direction: row; text-wrap: wrap;&quot;[39m
              [36m&gt;[39m
                [0m► [0m
              [36m&lt;/ink-text&gt;[39m
              [36m&lt;ink-text[39m
                [33mstyle[39m=[32m&quot;flex-grow: 0; flex-shrink: 1; flex-direction: row; text-wrap: wrap;&quot;[39m
              [36m&gt;[39m
                [0m[[0m
              [36m&lt;/ink-text&gt;[39m
              [36m&lt;ink-text[39m
                [33mstyle[39m=[32m&quot;flex-grow: 0; flex-shrink: 1; flex-direction: row; text-wrap: wrap;&quot;[39m
              [36m&gt;[39m
                [0mmem-001[0m
              [36m&lt;/ink-text&gt;[39m
              [36m&lt;ink-text[39m
                [33mstyle[39m=[32m&quot;flex-grow: 0; flex-shrink: 1; flex-direction: row; text-wrap: wrap;&quot;[39m
              [36m&gt;[39m
                [0m] [0m
              [36m&lt;/ink-text&gt;[39m
              [36m&lt;ink-text[39m
                [33mstyle[39m=[32m&quot;flex-grow: 0; flex-shrink: 1; flex-direction: row; text-wrap: wrap;&quot;[39m
              [36m&gt;[39m
                [0mGPT-5プロンプトガイドの分析結果[0m
              [36m&lt;/ink-text&gt;[39m
            [36m&lt;/ink-box&gt;[39m
            [36m&lt;ink-box[39m
              [33mstyle[39m=[32m&quot;flex-wrap: nowrap; flex-direction: row; flex-grow: 0; flex-shrink: 1; overflow-x: visible; overflow-y: visible;&quot;[39m
            [36m&gt;[39m
              [36m&lt;ink-text[39m
                [33mstyle[39m=[32m&quot;flex-grow: 0; flex-shrink: 1; flex-direction: row; text-wrap: wrap;&quot;[39m
              [36m&gt;[39m
                [0m  [0m
              [36m&lt;/ink-text&gt;[39m
              [36m&lt;ink-text[39m
                [33mstyle[39m=[32m&quot;flex-grow: 0; flex-shrink: 1; flex-direction: row; text-wrap: wrap;&quot;[39m
              [36m&gt;[39m
                [0m[[0m
              [36m&lt;/ink-text&gt;[39m
              [36m&lt;ink-text[39m
                [33mstyle[39m=[32m&quot;flex-grow: 0; flex-shrink: 1; flex-direction: row; text-wrap: wrap;&quot;[39m
              [36m&gt;[39m
                [0mmem-002[0m
              [36m&lt;/ink-text&gt;[39m
              [36m&lt;ink-text[39m
                [33mstyle[39m=[32m&quot;flex-grow: 0; flex-shrink: 1; flex-direction: row; text-wrap: wrap;&quot;[39m
              [36m&gt;[39m
                [0m] [0m
              [36m&lt;/ink-text&gt;[39m
              [36m&lt;ink-text[39m
                [33mstyle[39m=[32m&quot;flex-grow: 0; flex-shrink: 1; flex-direction: row; text-wrap: wrap;&quot;[39m
              [36m&gt;[39m
                [0mシナプス記憶システムのPhase 2実装完了[0m
              [36m&lt;/ink-text&gt;[39m
            [36m&lt;/ink-box&gt;[39m
            [36m&lt;ink-box[39m
              [33mstyle[39m=[32m&quot;flex-wrap: nowrap; flex-direction: row; flex-grow: 0; flex-shrink: 1; overflow-x: visible; overflow-y: visible;&quot;[39m
            [36m&gt;[39m
              [36m&lt;ink-text[39m
                [33mstyle[39m=[32m&quot;flex-grow: 0; flex-shrink: 1; flex-direction: row; text-wrap: wrap;&quot;[39m
              [36m&gt;[39m
                [0m  [0m
              [36m&lt;/ink-text&gt;[39m
              [36m&lt;ink-text[39m
                [33mstyle[39m=[32m&quot;flex-grow: 0; flex-shrink: 1; flex-direction: row; text-wrap: wrap;&quot;[39m
              [36m&gt;[39m
                [0m[[0m
              [36m&lt;/ink-text&gt;[39m
              [36m&lt;ink-text[39m
                [33mstyle[39m=[32m&quot;flex-grow: 0; flex-shrink: 1; flex-direction: row; text-wrap: wrap;&quot;[39m
              [36m&gt;[39m
                [0mmem-003[0m
              [36m&lt;/ink-text&gt;[39m
              [36m&lt;ink-text[39m
                [33mstyle[39m=[32m&quot;flex-grow: 0; flex-shrink: 1; flex-direction: row; text-wrap: wrap;&quot;[39m
              [36m&gt;[39m
                [0m] [0m
              [36m&lt;/ink-text&gt;[39m
              [36m&lt;ink-text[39m
                [33mstyle[39m=[32m&quot;flex-grow: 0; flex-shrink: 1; flex-direction: row; text-wrap: wrap;&quot;[39m
              [36m&gt;[39m
                [0mRESTful API設計とエンドポイント定義[0m
              [36m&lt;/ink-text&gt;[39m
            [36m&lt;/ink-box&gt;[39m
          [36m&lt;/ink-box&gt;[39m
          [36m&lt;ink-box[39m
            [33mstyle[39m=[32m&quot;flex-wrap: nowrap; flex-direction: row; flex-grow: 0; flex-shrink: 1; margin-top: 1px; border-color: rgb(108, 112, 134); padding: 1px; overflow-x: visible; overflow-y: visible;&quot;[39m
          [36m&gt;[39m
            [36m&lt;ink-box[39m
              [33mstyle[39m=[32m&quot;flex-wrap: nowrap; flex-direction: column; flex-grow: 0; flex-shrink: 1; overflow-x: visible; overflow-y: visible;&quot;[39m
            [36m&gt;[39m
              [36m&lt;ink-text[39m
                [33mstyle[39m=[32m&quot;flex-grow: 0; flex-shrink: 1; flex-direction: row; text-wrap: wrap;&quot;[39m
              [36m&gt;[39m
                [0m詳細:[0m
              [36m&lt;/ink-text&gt;[39m
              [36m&lt;ink-text[39m
                [33mstyle[39m=[32m&quot;flex-grow: 0; flex-shrink: 1; flex-direction: row; text-wrap: wrap;&quot;[39m
              [36m&gt;[39m
                [0mID: [0m
                [0mmem-001[0m
              [36m&lt;/ink-text&gt;[39m
              [36m&lt;ink-text[39m
                [33mstyle[39m=[32m&quot;flex-grow: 0; flex-shrink: 1; flex-direction: row; text-wrap: wrap;&quot;[39m
              [36m&gt;[39m
                [0mアクセス数: [0m
                [0m15[0m
              [36m&lt;/ink-text&gt;[39m
              [36m&lt;ink-text[39m
                [33mstyle[39m=[32m&quot;flex-grow: 0; flex-shrink: 1; flex-direction: row; text-wrap: wrap;&quot;[39m
              [36m&gt;[39m
                [0m成功率: [0m
                [0m92.0[0m
                [0m%[0m
              [36m&lt;/ink-text&gt;[39m
              [36m&lt;ink-text[39m
                [33mstyle[39m=[32m&quot;flex-grow: 0; flex-shrink: 1; flex-direction: row; text-wrap: wrap;&quot;[39m
              [36m&gt;[39m
                [0mタグ: [0m
                [0mgpt5, prompting, analysis[0m
              [36m&lt;/ink-text&gt;[39m
            [36m&lt;/ink-box&gt;[39m
          [36m&lt;/ink-box&gt;[39m
        [36m&lt;/ink-box&gt;[39m
      [36m&lt;/ink-box&gt;[39m
      [36m&lt;ink-box[39m
        [33mstyle[39m=[32m&quot;flex-wrap: nowrap; flex-direction: row; flex-grow: 0; flex-shrink: 1; margin-top: 1px; border-color: rgb(108, 112, 134); padding: 1px; overflow-x: visible; overflow-y: visible;&quot;[39m
      [36m&gt;[39m
        [36m&lt;ink-text[39m
          [33mstyle[39m=[32m&quot;flex-grow: 0; flex-shrink: 1; flex-direction: row; text-wrap: wrap;&quot;[39m
        [36m&gt;[39m
          [0mTab: タブ切替 | ↑↓: 記憶選択 | q: 終了[0m
        [36m&lt;/ink-text&gt;[39m
      [36m&lt;/ink-box&gt;[39m
    [36m&lt;/ink-box&gt;[39m
  [36m&lt;/div&gt;[39m
[36m&lt;/body&gt;[39m

Ignored nodes: comments, script, style
[36m&lt;html&gt;[39m
  [36m&lt;head /&gt;[39m
  [36m&lt;body&gt;[39m
    [36m&lt;div&gt;[39m
      [36m&lt;ink-box[39m
        [33mstyle[39m=[32m&quot;flex-wrap: nowrap; flex-direction: column; flex-grow: 0; flex-shrink: 1; width: 52px; height: 20px; padding: 1px; overflow-x: visible; overflow-y: visible;&quot;[39m
      [36m&gt;[39m
        [36m&lt;ink-box[39m
          [33mstyle[39m=[32m&quot;flex-wrap: nowrap; flex-direction: row; flex-grow: 0; flex-shrink: 1; margin-bottom: 1px; overflow-x: visible; overflow-y: visible;&quot;[39m
        [36m&gt;[39m
          [36m&lt;ink-text[39m
            [33mstyle[39m=[32m&quot;flex-grow: 0; flex-shrink: 1; flex-direction: row; text-wrap: wrap;&quot;[39m
          [36m&gt;[39m
            [0mシナプス記憶システム ダッシュボード[0m
          [36m&lt;/ink-text&gt;[39m
        [36m&lt;/ink-box&gt;[39m
        [36m&lt;ink-box[39m
          [33mstyle[39m=[32m&quot;flex-wrap: nowrap; flex-direction: row; flex-grow: 0; flex-shrink: 1; margin-bottom: 1px; overflow-x: visible; overflow-y: visible;&quot;[39m
        [36m&gt;[39m
          [36m&lt;ink-box[39m
            [33mstyle[39m=[32m&quot;flex-wrap: nowrap; flex-direction: row; flex-grow: 0; flex-shrink: 1; margin-right: 2px; overflow-x: visible; overflow-y: visible;&quot;[39m
          [36m&gt;[39m
            [36m&lt;ink-text[39m
              [33mstyle[39m=[32m&quot;flex-grow: 0; flex-shrink: 1; flex-direction: row; text-wrap: wrap;&quot;[39m
            [36m&gt;[39m
              [0m[[0m
              [0m1[0m
              [0m] [0m
              [0m記憶一覧[0m
            [36m&lt;/ink-text&gt;[39m
          [36m&lt;/ink-box&gt;[39m
          [36m&lt;ink-box[39m
            [33mstyle[39m=[32m&quot;flex-wrap: nowrap; flex-direction: row; flex-grow: 0; flex-shrink: 1; margin-right: 2px; overflow-x: visible; overflow-y: visible;&quot;[39m
          [36m&gt;[39m
            [36m&lt;ink-text[39m
              [33mstyle[39m=[32m&quot;flex-grow: 0; flex-shrink: 1; flex-direction: row; text-wrap: wrap;&quot;[39m
            [36m&gt;[39m
              [0m[[0m
              [0m2[0m
              [0m] [0m
              [0mシナプス結合[0m
            [36m&lt;/ink-text&gt;[39m
          [36m&lt;/ink-box&gt;[39m
          [36m&lt;ink-box[39m
            [33mstyle[39m=[32m&quot;flex-wrap: nowrap; flex-direction: row; flex-grow: 0; flex-shrink: 1; margin-right: 2px; overflow-x: visible; overflow-y: visible;&quot;[39m
          [36m&gt;[39m
            [36m&lt;ink-text[39m
              [33mstyle[39m=[32m&quot;flex-grow: 0; flex-shrink: 1; flex-direction: row; text-wrap: wrap;&quot;[39m
            [36m&gt;[39m
              [0m[[0m
              [0m3[0m
              [0m] [0m
              [0mネットワーク診断[0m
            [36m&lt;/ink-text&gt;[39m
          [36m&lt;/ink-box&gt;[39m
          [36m&lt;ink-box[39m
            [33mstyle[39m=[32m&quot;flex-wrap: nowrap; flex-direction: row; flex-grow: 0; flex-shrink: 1; margin-right: 2px; overflow-x: visible; overflow-y: visible;&quot;[39m
          [36m&gt;[39m
            [36m&lt;ink-text[39m
              [33mstyle[39m=[32m&quot;flex-grow: 0; flex-shrink: 1; flex-direction: row; text-wrap: wrap;&quot;[39m
            [36m&gt;[39m
              [0m[[0m
              [0m4[0m
              [0m] [0m
              [0m設定[0m
            [36m&lt;/ink-text&gt;[39m
          [36m&lt;/ink-box&gt;[39m
        [36m&lt;/ink-box&gt;[39m
        [36m&lt;ink-box[39m
          [33mstyle[39m=[32m&quot;flex-wrap: nowrap; flex-direction: row; flex-grow: 1; flex-shrink: 1; overflow: hidden; overflow-x: hidden; overflow-y: hidden;&quot;[39m
        [36m&gt;[39m
          [36m&lt;ink-box[39m
            [33mstyle[39m=[32m&quot;flex-wrap: nowrap; flex-direction: column; flex-grow: 1; flex-shrink: 1; overflow-x: visible; overflow-y: visible;&quot;[39m
          [36m&gt;[39m
            [36m&lt;ink-box[39m
              [33mstyle[39m=[32m&quot;flex-wrap: nowrap; flex-direction: row; flex-grow: 0; flex-shrink: 1; margin-bottom: 1px; overflow-x: visible; overflow-y: visible;&quot;[39m
            [36m&gt;[39m
              [36m&lt;ink-text[39m
                [33mstyle[39m=[32m&quot;flex-grow: 0; flex-shrink: 1; flex-direction: row; text-wrap: wrap;&quot;[39m
              [36m&gt;[39m
                [0m記憶一覧 ([0m
                [0m3[0m
                [0m件)[0m
              [36m&lt;/ink-text&gt;[39m
            [36m&lt;/ink-box&gt;[39m
            [36m&lt;ink-box[39m
              [33mstyle[39m=[32m&quot;flex-wrap: nowrap; flex-direction: column; flex-grow: 0; flex-shrink: 0; width: 48px; overflow-x: visible; overflow-y: visible;&quot;[39m
            [36m&gt;[39m
              [36m&lt;ink-box[39m
                [33mstyle[39m=[32m&quot;flex-wrap: nowrap; flex-direction: row; flex-grow: 0; flex-shrink: 1; overflow-x: visible; overflow-y: visible;&quot;[39m
              [36m&gt;[39m
                [36m&lt;ink-text[39m
                  [33mstyle[39m=[32m&quot;flex-grow: 0; flex-shrink: 1; flex-direction: row; text-wrap: wrap;&quot;[39m
                [36m&gt;[39m
                  [0m► [0m
                [36m&lt;/ink-text&gt;[39m
                [36m&lt;ink-text[39m
                  [33mstyle[39m=[32m&quot;flex-grow: 0; flex-shrink: 1; flex-direction: row; text-wrap: wrap;&quot;[39m
                [36m&gt;[39m
                  [0m[[0m
                [36m&lt;/ink-text&gt;[39m
                [36m&lt;ink-text[39m
                  [33mstyle[39m=[32m&quot;flex-grow: 0; flex-shrink: 1; flex-direction: row; text-wrap: wrap;&quot;[39m
                [36m&gt;[39m
                  [0mmem-001[0m
                [36m&lt;/ink-text&gt;[39m
                [36m&lt;ink-text[39m
                  [33mstyle[39m=[32m&quot;flex-grow: 0; flex-shrink: 1; flex-direction: row; text-wrap: wrap;&quot;[39m
                [36m&gt;[39m
                  [0m] [0m
                [36m&lt;/ink-text&gt;[39m
                [36m&lt;ink-text[39m
                  [33mstyle[39m=[32m&quot;flex-grow: 0; flex-shrink: 1; flex-direction: row; text-wrap: wrap;&quot;[39m
                [36m&gt;[39m
                  [0mGPT-5プロンプトガイドの分析結果[0m
                [36m&lt;/ink-text&gt;[39m
              [36m&lt;/ink-box&gt;[39m
              [36m&lt;ink-box[39m
                [33mstyle[39m=[32m&quot;flex-wrap: nowrap; flex-direction: row; flex-grow: 0; flex-shrink: 1; overflow-x: visible; overflow-y: visible;&quot;[39m
              [36m&gt;[39m
                [36m&lt;ink-text[39m
                  [33mstyle[39m=[32m&quot;flex-grow: 0; flex-shrink: 1; flex-direction: row; text-wrap: wrap;&quot;[39m
                [36m&gt;[39m
                  [0m  [0m
                [36m&lt;/ink-text&gt;[39m
                [36m&lt;ink-text[39m
                  [33mstyle[39m=[32m&quot;flex-grow: 0; flex-shrink: 1; flex-direction: row; text-wrap: wrap;&quot;[39m
                [36m&gt;[39m
                  [0m[[0m
                [36m&lt;/ink-text&gt;[39m
                [36m&lt;ink-text[39m
                  [33mstyle[39m=[32m&quot;flex-grow: 0; flex-shrink: 1; flex-direction: row; text-wrap: wrap;&quot;[39m
                [36m&gt;[39m
                  [0mmem-002[0m
                [36m&lt;/ink-text&gt;[39m
                [36m&lt;ink-text[39m
                  [33mstyle[39m=[32m&quot;flex-grow: 0; flex-shrink: 1; flex-direction: row; text-wrap: wrap;&quot;[39m
                [36m&gt;[39m
                  [0m] [0m
                [36m&lt;/ink-text&gt;[39m
                [36m&lt;ink-text[39m
                  [33mstyle[39m=[32m&quot;flex-grow: 0; flex-shrink: 1; flex-direction: row; text-wrap: wrap;&quot;[39m
                [36m&gt;[39m
                  [0mシナプス記憶システムのPhase 2実装完了[0m
                [36m&lt;/ink-text&gt;[39m
              [36m&lt;/ink-box&gt;[39m
              [36m&lt;ink-box[39m
                [33mstyle[39m=[32m&quot;flex-wrap: nowrap; flex-direction: row; flex-grow: 0; flex-shrink: 1; overflow-x: visible; overflow-y: visible;&quot;[39m
              [36m&gt;[39m
                [36m&lt;ink-text[39m
                  [33mstyle[39m=[32m&quot;flex-grow: 0; flex-shrink: 1; flex-direction: row; text-wrap: wrap;&quot;[39m
                [36m&gt;[39m
                  [0m  [0m
                [36m&lt;/ink-text&gt;[39m
                [36m&lt;ink-text[39m
                  [33mstyle[39m=[32m&quot;flex-grow: 0; flex-shrink: 1; flex-direction: row; text-wrap: wrap;&quot;[39m
                [36m&gt;[39m
                  [0m[[0m
                [36m&lt;/ink-text&gt;[39m
                [36m&lt;ink-text[39m
                  [33mstyle[39m=[32m&quot;flex-grow: 0; flex-shrink: 1; flex-direction: row; text-wrap: wrap;&quot;[39m
                [36m&gt;[39m
                  [0mmem-003[0m
                [36m&lt;/ink-text&gt;[39m
                [36m&lt;ink-text[39m
                  [33mstyle[39m=[32m&quot;flex-grow: 0; flex-shrink: 1; flex-direction: row; text-wrap: wrap;&quot;[39m
                [36m&gt;[39m
                  [0m] [0m
                [36m&lt;/ink-text&gt;[39m
                [36m&lt;ink-text[39m
                  [33mstyle[39m=[32m&quot;flex-grow: 0; flex-shrink: 1; flex-direction: row; text-wrap: wrap;&quot;[39m
                [36m&gt;[39m
                  [0mRESTful API設計とエンドポイント定義[0m
                [36m&lt;/ink-text&gt;[39m
              [36m&lt;/ink-box&gt;[39m
            [36m&lt;/ink-box&gt;[39m
            [36m&lt;ink-box[39m
              [33mstyle[39m=[32m&quot;flex-wrap: nowrap; flex-direction: row; flex-grow: 0; flex-shrink: 1; margin-top: 1px; border-color: rgb(108, 112, 134); padding: 1px; overflow-x: visible; overflow-y: visible;&quot;[39m
            [36m&gt;[39m
              [36m&lt;ink-box[39m
                [33mstyle[39m=[32m&quot;flex-wrap: nowrap; flex-direction: column; flex-grow: 0; flex-shrink: 1; overflow-x: visible; overflow-y: visible;&quot;[39m
              [36m&gt;[39m
                [36m&lt;ink-text[39m
                  [33mstyle[39m=[32m&quot;flex-grow: 0; flex-shrink: 1; flex-direction: row; text-wrap: wrap;&quot;[39m
                [36m&gt;[39m
                  [0m詳細:[0m
                [36m&lt;/ink-text&gt;[39m
                [36m&lt;ink-text[39m
                  [33mstyle[39m=[32m&quot;flex-grow: 0; flex-shrink: 1; flex-direction: row; text-wrap: wrap;&quot;[39m
                [36m&gt;[39m
                  [0mID: [0m
                  [0mmem-001[0m
                [36m&lt;/ink-text&gt;[39m
                [36m&lt;ink-text[39m
                  [33mstyle[39m=[32m&quot;flex-grow: 0; flex-shrink: 1; flex-direction: row; text-wrap: wrap;&quot;[39m
                [36m&gt;[39m
                  [0mアクセス数: [0m
                  [0m15[0m
                [36m&lt;/ink-text&gt;[39m
                [36m&lt;ink-text[39m
                  [33mstyle[39m=[32m&quot;flex-grow: 0; flex-shrink: 1; flex-direction: row; text-wrap: wrap;&quot;[39m
                [36m&gt;[39m
                  [0m成功率: [0m
                  [0m92.0[0m
                  [0m%[0m
                [36m&lt;/ink-text&gt;[39m
                [36m&lt;ink-text[39m
                  [33mstyle[39m=[32m&quot;flex-grow: 0; flex-shrink: 1; flex-direction: row; text-wrap: wrap;&quot;[39m
                [36m&gt;[39m
                  [0mタグ: [0m
                  [0mgpt5, prompting, analysis[0m
                [36m&lt;/ink-text&gt;[39m
              [36m&lt;/ink-box&gt;[39m
            [36m&lt;/ink-box&gt;[39m
          [36m&lt;/ink-box&gt;[39m
        [36m&lt;/ink-box&gt;[39m
        [36m&lt;ink-box[39m
          [33mstyle[39m=[32m&quot;flex-wrap: nowrap; flex-direction: row; flex-grow: 0; flex-shrink: 1; margin-top: 1px; border-color: rgb(108, 112, 134); padding: 1px; overflow-x: visible; overflow-y: visible;&quot;[39m
        [36m&gt;[39m
          [36m&lt;ink-text[39m
            [33mstyle[39m=[32m&quot;flex-grow: 0; flex-shrink: 1; flex-direction: row; text-wrap: wrap;&quot;[39m
          [36m&gt;[39m
            [0mTab: タブ切替 | ↑↓: 記憶選択 | q: 終了[0m
          [36m&lt;/ink-text&gt;[39m
        [36m&lt;/ink-box&gt;[39m
      [36m&lt;/ink-box&gt;[39m
    [36m&lt;/div&gt;[39m
  [36m&lt;/body&gt;[39m
[36m&lt;/html&gt;[39m" type="TestingLibraryElementError">
TestingLibraryElementError: Unable to find an element with the text: /Error:/. This could be because the text is broken up by multiple elements. In this case, you can provide a function for your text matcher to make your matcher more flexible.

Ignored nodes: comments, script, style
&lt;body&gt;
  &lt;div&gt;
    &lt;ink-box
      style=&quot;flex-wrap: nowrap; flex-direction: column; flex-grow: 0; flex-shrink: 1; width: 52px; height: 20px; padding: 1px; overflow-x: visible; overflow-y: visible;&quot;
    &gt;
      &lt;ink-box
        style=&quot;flex-wrap: nowrap; flex-direction: row; flex-grow: 0; flex-shrink: 1; margin-bottom: 1px; overflow-x: visible; overflow-y: visible;&quot;
      &gt;
        &lt;ink-text
          style=&quot;flex-grow: 0; flex-shrink: 1; flex-direction: row; text-wrap: wrap;&quot;
        &gt;
          シナプス記憶システム ダッシュボード
        &lt;/ink-text&gt;
      &lt;/ink-box&gt;
      &lt;ink-box
        style=&quot;flex-wrap: nowrap; flex-direction: row; flex-grow: 0; flex-shrink: 1; margin-bottom: 1px; overflow-x: visible; overflow-y: visible;&quot;
      &gt;
        &lt;ink-box
          style=&quot;flex-wrap: nowrap; flex-direction: row; flex-grow: 0; flex-shrink: 1; margin-right: 2px; overflow-x: visible; overflow-y: visible;&quot;
        &gt;
          &lt;ink-text
            style=&quot;flex-grow: 0; flex-shrink: 1; flex-direction: row; text-wrap: wrap;&quot;
          &gt;
            [
            1
            ] 
            記憶一覧
          &lt;/ink-text&gt;
        &lt;/ink-box&gt;
        &lt;ink-box
          style=&quot;flex-wrap: nowrap; flex-direction: row; flex-grow: 0; flex-shrink: 1; margin-right: 2px; overflow-x: visible; overflow-y: visible;&quot;
        &gt;
          &lt;ink-text
            style=&quot;flex-grow: 0; flex-shrink: 1; flex-direction: row; text-wrap: wrap;&quot;
          &gt;
            [
            2
            ] 
            シナプス結合
          &lt;/ink-text&gt;
        &lt;/ink-box&gt;
        &lt;ink-box
          style=&quot;flex-wrap: nowrap; flex-direction: row; flex-grow: 0; flex-shrink: 1; margin-right: 2px; overflow-x: visible; overflow-y: visible;&quot;
        &gt;
          &lt;ink-text
            style=&quot;flex-grow: 0; flex-shrink: 1; flex-direction: row; text-wrap: wrap;&quot;
          &gt;
            [
            3
            ] 
            ネットワーク診断
          &lt;/ink-text&gt;
        &lt;/ink-box&gt;
        &lt;ink-box
          style=&quot;flex-wrap: nowrap; flex-direction: row; flex-grow: 0; flex-shrink: 1; margin-right: 2px; overflow-x: visible; overflow-y: visible;&quot;
        &gt;
          &lt;ink-text
            style=&quot;flex-grow: 0; flex-shrink: 1; flex-direction: row; text-wrap: wrap;&quot;
          &gt;
            [
            4
            ] 
            設定
          &lt;/ink-text&gt;
        &lt;/ink-box&gt;
      &lt;/ink-box&gt;
      &lt;ink-box
        style=&quot;flex-wrap: nowrap; flex-direction: row; flex-grow: 1; flex-shrink: 1; overflow: hidden; overflow-x: hidden; overflow-y: hidden;&quot;
      &gt;
        &lt;ink-box
          style=&quot;flex-wrap: nowrap; flex-direction: column; flex-grow: 1; flex-shrink: 1; overflow-x: visible; overflow-y: visible;&quot;
        &gt;
          &lt;ink-box
            style=&quot;flex-wrap: nowrap; flex-direction: row; flex-grow: 0; flex-shrink: 1; margin-bottom: 1px; overflow-x: visible; overflow-y: visible;&quot;
          &gt;
            &lt;ink-text
              style=&quot;flex-grow: 0; flex-shrink: 1; flex-direction: row; text-wrap: wrap;&quot;
            &gt;
              記憶一覧 (
              3
              件)
            &lt;/ink-text&gt;
          &lt;/ink-box&gt;
          &lt;ink-box
            style=&quot;flex-wrap: nowrap; flex-direction: column; flex-grow: 0; flex-shrink: 0; width: 48px; overflow-x: visible; overflow-y: visible;&quot;
          &gt;
            &lt;ink-box
              style=&quot;flex-wrap: nowrap; flex-direction: row; flex-grow: 0; flex-shrink: 1; overflow-x: visible; overflow-y: visible;&quot;
            &gt;
              &lt;ink-text
                style=&quot;flex-grow: 0; flex-shrink: 1; flex-direction: row; text-wrap: wrap;&quot;
              &gt;
                ► 
              &lt;/ink-text&gt;
              &lt;ink-text
                style=&quot;flex-grow: 0; flex-shrink: 1; flex-direction: row; text-wrap: wrap;&quot;
              &gt;
                [
              &lt;/ink-text&gt;
              &lt;ink-text
                style=&quot;flex-grow: 0; flex-shrink: 1; flex-direction: row; text-wrap: wrap;&quot;
              &gt;
                mem-001
              &lt;/ink-text&gt;
              &lt;ink-text
                style=&quot;flex-grow: 0; flex-shrink: 1; flex-direction: row; text-wrap: wrap;&quot;
              &gt;
                ] 
              &lt;/ink-text&gt;
              &lt;ink-text
                style=&quot;flex-grow: 0; flex-shrink: 1; flex-direction: row; text-wrap: wrap;&quot;
              &gt;
                GPT-5プロンプトガイドの分析結果
              &lt;/ink-text&gt;
            &lt;/ink-box&gt;
            &lt;ink-box
              style=&quot;flex-wrap: nowrap; flex-direction: row; flex-grow: 0; flex-shrink: 1; overflow-x: visible; overflow-y: visible;&quot;
            &gt;
              &lt;ink-text
                style=&quot;flex-grow: 0; flex-shrink: 1; flex-direction: row; text-wrap: wrap;&quot;
              &gt;
                  
              &lt;/ink-text&gt;
              &lt;ink-text
                style=&quot;flex-grow: 0; flex-shrink: 1; flex-direction: row; text-wrap: wrap;&quot;
              &gt;
                [
              &lt;/ink-text&gt;
              &lt;ink-text
                style=&quot;flex-grow: 0; flex-shrink: 1; flex-direction: row; text-wrap: wrap;&quot;
              &gt;
                mem-002
              &lt;/ink-text&gt;
              &lt;ink-text
                style=&quot;flex-grow: 0; flex-shrink: 1; flex-direction: row; text-wrap: wrap;&quot;
              &gt;
                ] 
              &lt;/ink-text&gt;
              &lt;ink-text
                style=&quot;flex-grow: 0; flex-shrink: 1; flex-direction: row; text-wrap: wrap;&quot;
              &gt;
                シナプス記憶システムのPhase 2実装完了
              &lt;/ink-text&gt;
            &lt;/ink-box&gt;
            &lt;ink-box
              style=&quot;flex-wrap: nowrap; flex-direction: row; flex-grow: 0; flex-shrink: 1; overflow-x: visible; overflow-y: visible;&quot;
            &gt;
              &lt;ink-text
                style=&quot;flex-grow: 0; flex-shrink: 1; flex-direction: row; text-wrap: wrap;&quot;
              &gt;
                  
              &lt;/ink-text&gt;
              &lt;ink-text
                style=&quot;flex-grow: 0; flex-shrink: 1; flex-direction: row; text-wrap: wrap;&quot;
              &gt;
                [
              &lt;/ink-text&gt;
              &lt;ink-text
                style=&quot;flex-grow: 0; flex-shrink: 1; flex-direction: row; text-wrap: wrap;&quot;
              &gt;
                mem-003
              &lt;/ink-text&gt;
              &lt;ink-text
                style=&quot;flex-grow: 0; flex-shrink: 1; flex-direction: row; text-wrap: wrap;&quot;
              &gt;
                ] 
              &lt;/ink-text&gt;
              &lt;ink-text
                style=&quot;flex-grow: 0; flex-shrink: 1; flex-direction: row; text-wrap: wrap;&quot;
              &gt;
                RESTful API設計とエンドポイント定義
              &lt;/ink-text&gt;
            &lt;/ink-box&gt;
          &lt;/ink-box&gt;
          &lt;ink-box
            style=&quot;flex-wrap: nowrap; flex-direction: row; flex-grow: 0; flex-shrink: 1; margin-top: 1px; border-color: rgb(108, 112, 134); padding: 1px; overflow-x: visible; overflow-y: visible;&quot;
          &gt;
            &lt;ink-box
              style=&quot;flex-wrap: nowrap; flex-direction: column; flex-grow: 0; flex-shrink: 1; overflow-x: visible; overflow-y: visible;&quot;
            &gt;
              &lt;ink-text
                style=&quot;flex-grow: 0; flex-shrink: 1; flex-direction: row; text-wrap: wrap;&quot;
              &gt;
                詳細:
              &lt;/ink-text&gt;
              &lt;ink-text
                style=&quot;flex-grow: 0; flex-shrink: 1; flex-direction: row; text-wrap: wrap;&quot;
              &gt;
                ID: 
                mem-001
              &lt;/ink-text&gt;
              &lt;ink-text
                style=&quot;flex-grow: 0; flex-shrink: 1; flex-direction: row; text-wrap: wrap;&quot;
              &gt;
                アクセス数: 
                15
              &lt;/ink-text&gt;
              &lt;ink-text
                style=&quot;flex-grow: 0; flex-shrink: 1; flex-direction: row; text-wrap: wrap;&quot;
              &gt;
                成功率: 
                92.0
                %
              &lt;/ink-text&gt;
              &lt;ink-text
                style=&quot;flex-grow: 0; flex-shrink: 1; flex-direction: row; text-wrap: wrap;&quot;
              &gt;
                タグ: 
                gpt5, prompting, analysis
              &lt;/ink-text&gt;
            &lt;/ink-box&gt;
          &lt;/ink-box&gt;
        &lt;/ink-box&gt;
      &lt;/ink-box&gt;
      &lt;ink-box
        style=&quot;flex-wrap: nowrap; flex-direction: row; flex-grow: 0; flex-shrink: 1; margin-top: 1px; border-color: rgb(108, 112, 134); padding: 1px; overflow-x: visible; overflow-y: visible;&quot;
      &gt;
        &lt;ink-text
          style=&quot;flex-grow: 0; flex-shrink: 1; flex-direction: row; text-wrap: wrap;&quot;
        &gt;
          Tab: タブ切替 | ↑↓: 記憶選択 | q: 終了
        &lt;/ink-text&gt;
      &lt;/ink-box&gt;
    &lt;/ink-box&gt;
  &lt;/div&gt;
&lt;/body&gt;

Ignored nodes: comments, script, style
&lt;html&gt;
  &lt;head /&gt;
  &lt;body&gt;
    &lt;div&gt;
      &lt;ink-box
        style=&quot;flex-wrap: nowrap; flex-direction: column; flex-grow: 0; flex-shrink: 1; width: 52px; height: 20px; padding: 1px; overflow-x: visible; overflow-y: visible;&quot;
      &gt;
        &lt;ink-box
          style=&quot;flex-wrap: nowrap; flex-direction: row; flex-grow: 0; flex-shrink: 1; margin-bottom: 1px; overflow-x: visible; overflow-y: visible;&quot;
        &gt;
          &lt;ink-text
            style=&quot;flex-grow: 0; flex-shrink: 1; flex-direction: row; text-wrap: wrap;&quot;
          &gt;
            シナプス記憶システム ダッシュボード
          &lt;/ink-text&gt;
        &lt;/ink-box&gt;
        &lt;ink-box
          style=&quot;flex-wrap: nowrap; flex-direction: row; flex-grow: 0; flex-shrink: 1; margin-bottom: 1px; overflow-x: visible; overflow-y: visible;&quot;
        &gt;
          &lt;ink-box
            style=&quot;flex-wrap: nowrap; flex-direction: row; flex-grow: 0; flex-shrink: 1; margin-right: 2px; overflow-x: visible; overflow-y: visible;&quot;
          &gt;
            &lt;ink-text
              style=&quot;flex-grow: 0; flex-shrink: 1; flex-direction: row; text-wrap: wrap;&quot;
            &gt;
              [
              1
              ] 
              記憶一覧
            &lt;/ink-text&gt;
          &lt;/ink-box&gt;
          &lt;ink-box
            style=&quot;flex-wrap: nowrap; flex-direction: row; flex-grow: 0; flex-shrink: 1; margin-right: 2px; overflow-x: visible; overflow-y: visible;&quot;
          &gt;
            &lt;ink-text
              style=&quot;flex-grow: 0; flex-shrink: 1; flex-direction: row; text-wrap: wrap;&quot;
            &gt;
              [
              2
              ] 
              シナプス結合
            &lt;/ink-text&gt;
          &lt;/ink-box&gt;
          &lt;ink-box
            style=&quot;flex-wrap: nowrap; flex-direction: row; flex-grow: 0; flex-shrink: 1; margin-right: 2px; overflow-x: visible; overflow-y: visible;&quot;
          &gt;
            &lt;ink-text
              style=&quot;flex-grow: 0; flex-shrink: 1; flex-direction: row; text-wrap: wrap;&quot;
            &gt;
              [
              3
              ] 
              ネットワーク診断
            &lt;/ink-text&gt;
          &lt;/ink-box&gt;
          &lt;ink-box
            style=&quot;flex-wrap: nowrap; flex-direction: row; flex-grow: 0; flex-shrink: 1; margin-right: 2px; overflow-x: visible; overflow-y: visible;&quot;
          &gt;
            &lt;ink-text
              style=&quot;flex-grow: 0; flex-shrink: 1; flex-direction: row; text-wrap: wrap;&quot;
            &gt;
              [
              4
              ] 
              設定
            &lt;/ink-text&gt;
          &lt;/ink-box&gt;
        &lt;/ink-box&gt;
        &lt;ink-box
          style=&quot;flex-wrap: nowrap; flex-direction: row; flex-grow: 1; flex-shrink: 1; overflow: hidden; overflow-x: hidden; overflow-y: hidden;&quot;
        &gt;
          &lt;ink-box
            style=&quot;flex-wrap: nowrap; flex-direction: column; flex-grow: 1; flex-shrink: 1; overflow-x: visible; overflow-y: visible;&quot;
          &gt;
            &lt;ink-box
              style=&quot;flex-wrap: nowrap; flex-direction: row; flex-grow: 0; flex-shrink: 1; margin-bottom: 1px; overflow-x: visible; overflow-y: visible;&quot;
            &gt;
              &lt;ink-text
                style=&quot;flex-grow: 0; flex-shrink: 1; flex-direction: row; text-wrap: wrap;&quot;
              &gt;
                記憶一覧 (
                3
                件)
              &lt;/ink-text&gt;
            &lt;/ink-box&gt;
            &lt;ink-box
              style=&quot;flex-wrap: nowrap; flex-direction: column; flex-grow: 0; flex-shrink: 0; width: 48px; overflow-x: visible; overflow-y: visible;&quot;
            &gt;
              &lt;ink-box
                style=&quot;flex-wrap: nowrap; flex-direction: row; flex-grow: 0; flex-shrink: 1; overflow-x: visible; overflow-y: visible;&quot;
              &gt;
                &lt;ink-text
                  style=&quot;flex-grow: 0; flex-shrink: 1; flex-direction: row; text-wrap: wrap;&quot;
                &gt;
                  ► 
                &lt;/ink-text&gt;
                &lt;ink-text
                  style=&quot;flex-grow: 0; flex-shrink: 1; flex-direction: row; text-wrap: wrap;&quot;
                &gt;
                  [
                &lt;/ink-text&gt;
                &lt;ink-text
                  style=&quot;flex-grow: 0; flex-shrink: 1; flex-direction: row; text-wrap: wrap;&quot;
                &gt;
                  mem-001
                &lt;/ink-text&gt;
                &lt;ink-text
                  style=&quot;flex-grow: 0; flex-shrink: 1; flex-direction: row; text-wrap: wrap;&quot;
                &gt;
                  ] 
                &lt;/ink-text&gt;
                &lt;ink-text
                  style=&quot;flex-grow: 0; flex-shrink: 1; flex-direction: row; text-wrap: wrap;&quot;
                &gt;
                  GPT-5プロンプトガイドの分析結果
                &lt;/ink-text&gt;
              &lt;/ink-box&gt;
              &lt;ink-box
                style=&quot;flex-wrap: nowrap; flex-direction: row; flex-grow: 0; flex-shrink: 1; overflow-x: visible; overflow-y: visible;&quot;
              &gt;
                &lt;ink-text
                  style=&quot;flex-grow: 0; flex-shrink: 1; flex-direction: row; text-wrap: wrap;&quot;
                &gt;
                    
                &lt;/ink-text&gt;
                &lt;ink-text
                  style=&quot;flex-grow: 0; flex-shrink: 1; flex-direction: row; text-wrap: wrap;&quot;
                &gt;
                  [
                &lt;/ink-text&gt;
                &lt;ink-text
                  style=&quot;flex-grow: 0; flex-shrink: 1; flex-direction: row; text-wrap: wrap;&quot;
                &gt;
                  mem-002
                &lt;/ink-text&gt;
                &lt;ink-text
                  style=&quot;flex-grow: 0; flex-shrink: 1; flex-direction: row; text-wrap: wrap;&quot;
                &gt;
                  ] 
                &lt;/ink-text&gt;
                &lt;ink-text
                  style=&quot;flex-grow: 0; flex-shrink: 1; flex-direction: row; text-wrap: wrap;&quot;
                &gt;
                  シナプス記憶システムのPhase 2実装完了
                &lt;/ink-text&gt;
              &lt;/ink-box&gt;
              &lt;ink-box
                style=&quot;flex-wrap: nowrap; flex-direction: row; flex-grow: 0; flex-shrink: 1; overflow-x: visible; overflow-y: visible;&quot;
              &gt;
                &lt;ink-text
                  style=&quot;flex-grow: 0; flex-shrink: 1; flex-direction: row; text-wrap: wrap;&quot;
                &gt;
                    
                &lt;/ink-text&gt;
                &lt;ink-text
                  style=&quot;flex-grow: 0; flex-shrink: 1; flex-direction: row; text-wrap: wrap;&quot;
                &gt;
                  [
                &lt;/ink-text&gt;
                &lt;ink-text
                  style=&quot;flex-grow: 0; flex-shrink: 1; flex-direction: row; text-wrap: wrap;&quot;
                &gt;
                  mem-003
                &lt;/ink-text&gt;
                &lt;ink-text
                  style=&quot;flex-grow: 0; flex-shrink: 1; flex-direction: row; text-wrap: wrap;&quot;
                &gt;
                  ] 
                &lt;/ink-text&gt;
                &lt;ink-text
                  style=&quot;flex-grow: 0; flex-shrink: 1; flex-direction: row; text-wrap: wrap;&quot;
                &gt;
                  RESTful API設計とエンドポイント定義
                &lt;/ink-text&gt;
              &lt;/ink-box&gt;
            &lt;/ink-box&gt;
            &lt;ink-box
              style=&quot;flex-wrap: nowrap; flex-direction: row; flex-grow: 0; flex-shrink: 1; margin-top: 1px; border-color: rgb(108, 112, 134); padding: 1px; overflow-x: visible; overflow-y: visible;&quot;
            &gt;
              &lt;ink-box
                style=&quot;flex-wrap: nowrap; flex-direction: column; flex-grow: 0; flex-shrink: 1; overflow-x: visible; overflow-y: visible;&quot;
              &gt;
                &lt;ink-text
                  style=&quot;flex-grow: 0; flex-shrink: 1; flex-direction: row; text-wrap: wrap;&quot;
                &gt;
                  詳細:
                &lt;/ink-text&gt;
                &lt;ink-text
                  style=&quot;flex-grow: 0; flex-shrink: 1; flex-direction: row; text-wrap: wrap;&quot;
                &gt;
                  ID: 
                  mem-001
                &lt;/ink-text&gt;
                &lt;ink-text
                  style=&quot;flex-grow: 0; flex-shrink: 1; flex-direction: row; text-wrap: wrap;&quot;
                &gt;
                  アクセス数: 
                  15
                &lt;/ink-text&gt;
                &lt;ink-text
                  style=&quot;flex-grow: 0; flex-shrink: 1; flex-direction: row; text-wrap: wrap;&quot;
                &gt;
                  成功率: 
                  92.0
                  %
                &lt;/ink-text&gt;
                &lt;ink-text
                  style=&quot;flex-grow: 0; flex-shrink: 1; flex-direction: row; text-wrap: wrap;&quot;
                &gt;
                  タグ: 
                  gpt5, prompting, analysis
                &lt;/ink-text&gt;
              &lt;/ink-box&gt;
            &lt;/ink-box&gt;
          &lt;/ink-box&gt;
        &lt;/ink-box&gt;
        &lt;ink-box
          style=&quot;flex-wrap: nowrap; flex-direction: row; flex-grow: 0; flex-shrink: 1; margin-top: 1px; border-color: rgb(108, 112, 134); padding: 1px; overflow-x: visible; overflow-y: visible;&quot;
        &gt;
          &lt;ink-text
            style=&quot;flex-grow: 0; flex-shrink: 1; flex-direction: row; text-wrap: wrap;&quot;
          &gt;
            Tab: タブ切替 | ↑↓: 記憶選択 | q: 終了
          &lt;/ink-text&gt;
        &lt;/ink-box&gt;
      &lt;/ink-box&gt;
    &lt;/div&gt;
  &lt;/body&gt;
&lt;/html&gt;
 ❯ Proxy.waitForWrapper node_modules/@testing-library/dom/dist/wait-for.js:163:27
 ❯ src/ui/components/SynapticMemoryDashboard.test.tsx:218:11
            </failure>
        </testcase>
        <testcase classname="src/ui/components/SynapticMemoryDashboard.test.tsx" name="SynapticMemoryDashboard &gt; ローディング状態が正しく表示されること" time="1.0154745">
            <failure message="Unable to find an element with the text: Loading.... This could be because the text is broken up by multiple elements. In this case, you can provide a function for your text matcher to make your matcher more flexible.

Ignored nodes: comments, script, style
[36m&lt;body&gt;[39m
  [36m&lt;div&gt;[39m
    [36m&lt;ink-box[39m
      [33mstyle[39m=[32m&quot;flex-wrap: nowrap; flex-direction: column; flex-grow: 0; flex-shrink: 1; width: 52px; height: 20px; padding: 1px; overflow-x: visible; overflow-y: visible;&quot;[39m
    [36m&gt;[39m
      [36m&lt;ink-box[39m
        [33mstyle[39m=[32m&quot;flex-wrap: nowrap; flex-direction: row; flex-grow: 0; flex-shrink: 1; margin-bottom: 1px; overflow-x: visible; overflow-y: visible;&quot;[39m
      [36m&gt;[39m
        [36m&lt;ink-text[39m
          [33mstyle[39m=[32m&quot;flex-grow: 0; flex-shrink: 1; flex-direction: row; text-wrap: wrap;&quot;[39m
        [36m&gt;[39m
          [0mシナプス記憶システム ダッシュボード[0m
        [36m&lt;/ink-text&gt;[39m
      [36m&lt;/ink-box&gt;[39m
      [36m&lt;ink-box[39m
        [33mstyle[39m=[32m&quot;flex-wrap: nowrap; flex-direction: row; flex-grow: 0; flex-shrink: 1; margin-bottom: 1px; overflow-x: visible; overflow-y: visible;&quot;[39m
      [36m&gt;[39m
        [36m&lt;ink-box[39m
          [33mstyle[39m=[32m&quot;flex-wrap: nowrap; flex-direction: row; flex-grow: 0; flex-shrink: 1; margin-right: 2px; overflow-x: visible; overflow-y: visible;&quot;[39m
        [36m&gt;[39m
          [36m&lt;ink-text[39m
            [33mstyle[39m=[32m&quot;flex-grow: 0; flex-shrink: 1; flex-direction: row; text-wrap: wrap;&quot;[39m
          [36m&gt;[39m
            [0m[[0m
            [0m1[0m
            [0m] [0m
            [0m記憶一覧[0m
          [36m&lt;/ink-text&gt;[39m
        [36m&lt;/ink-box&gt;[39m
        [36m&lt;ink-box[39m
          [33mstyle[39m=[32m&quot;flex-wrap: nowrap; flex-direction: row; flex-grow: 0; flex-shrink: 1; margin-right: 2px; overflow-x: visible; overflow-y: visible;&quot;[39m
        [36m&gt;[39m
          [36m&lt;ink-text[39m
            [33mstyle[39m=[32m&quot;flex-grow: 0; flex-shrink: 1; flex-direction: row; text-wrap: wrap;&quot;[39m
          [36m&gt;[39m
            [0m[[0m
            [0m2[0m
            [0m] [0m
            [0mシナプス結合[0m
          [36m&lt;/ink-text&gt;[39m
        [36m&lt;/ink-box&gt;[39m
        [36m&lt;ink-box[39m
          [33mstyle[39m=[32m&quot;flex-wrap: nowrap; flex-direction: row; flex-grow: 0; flex-shrink: 1; margin-right: 2px; overflow-x: visible; overflow-y: visible;&quot;[39m
        [36m&gt;[39m
          [36m&lt;ink-text[39m
            [33mstyle[39m=[32m&quot;flex-grow: 0; flex-shrink: 1; flex-direction: row; text-wrap: wrap;&quot;[39m
          [36m&gt;[39m
            [0m[[0m
            [0m3[0m
            [0m] [0m
            [0mネットワーク診断[0m
          [36m&lt;/ink-text&gt;[39m
        [36m&lt;/ink-box&gt;[39m
        [36m&lt;ink-box[39m
          [33mstyle[39m=[32m&quot;flex-wrap: nowrap; flex-direction: row; flex-grow: 0; flex-shrink: 1; margin-right: 2px; overflow-x: visible; overflow-y: visible;&quot;[39m
        [36m&gt;[39m
          [36m&lt;ink-text[39m
            [33mstyle[39m=[32m&quot;flex-grow: 0; flex-shrink: 1; flex-direction: row; text-wrap: wrap;&quot;[39m
          [36m&gt;[39m
            [0m[[0m
            [0m4[0m
            [0m] [0m
            [0m設定[0m
          [36m&lt;/ink-text&gt;[39m
        [36m&lt;/ink-box&gt;[39m
      [36m&lt;/ink-box&gt;[39m
      [36m&lt;ink-box[39m
        [33mstyle[39m=[32m&quot;flex-wrap: nowrap; flex-direction: row; flex-grow: 1; flex-shrink: 1; overflow: hidden; overflow-x: hidden; overflow-y: hidden;&quot;[39m
      [36m&gt;[39m
        [36m&lt;ink-box[39m
          [33mstyle[39m=[32m&quot;flex-wrap: nowrap; flex-direction: column; flex-grow: 1; flex-shrink: 1; overflow-x: visible; overflow-y: visible;&quot;[39m
        [36m&gt;[39m
          [36m&lt;ink-box[39m
            [33mstyle[39m=[32m&quot;flex-wrap: nowrap; flex-direction: row; flex-grow: 0; flex-shrink: 1; margin-bottom: 1px; overflow-x: visible; overflow-y: visible;&quot;[39m
          [36m&gt;[39m
            [36m&lt;ink-text[39m
              [33mstyle[39m=[32m&quot;flex-grow: 0; flex-shrink: 1; flex-direction: row; text-wrap: wrap;&quot;[39m
            [36m&gt;[39m
              [0m記憶一覧 ([0m
              [0m3[0m
              [0m件)[0m
            [36m&lt;/ink-text&gt;[39m
          [36m&lt;/ink-box&gt;[39m
          [36m&lt;ink-box[39m
            [33mstyle[39m=[32m&quot;flex-wrap: nowrap; flex-direction: column; flex-grow: 0; flex-shrink: 0; width: 48px; overflow-x: visible; overflow-y: visible;&quot;[39m
          [36m&gt;[39m
            [36m&lt;ink-box[39m
              [33mstyle[39m=[32m&quot;flex-wrap: nowrap; flex-direction: row; flex-grow: 0; flex-shrink: 1; overflow-x: visible; overflow-y: visible;&quot;[39m
            [36m&gt;[39m
              [36m&lt;ink-text[39m
                [33mstyle[39m=[32m&quot;flex-grow: 0; flex-shrink: 1; flex-direction: row; text-wrap: wrap;&quot;[39m
              [36m&gt;[39m
                [0m► [0m
              [36m&lt;/ink-text&gt;[39m
              [36m&lt;ink-text[39m
                [33mstyle[39m=[32m&quot;flex-grow: 0; flex-shrink: 1; flex-direction: row; text-wrap: wrap;&quot;[39m
              [36m&gt;[39m
                [0m[[0m
              [36m&lt;/ink-text&gt;[39m
              [36m&lt;ink-text[39m
                [33mstyle[39m=[32m&quot;flex-grow: 0; flex-shrink: 1; flex-direction: row; text-wrap: wrap;&quot;[39m
              [36m&gt;[39m
                [0mmem-001[0m
              [36m&lt;/ink-text&gt;[39m
              [36m&lt;ink-text[39m
                [33mstyle[39m=[32m&quot;flex-grow: 0; flex-shrink: 1; flex-direction: row; text-wrap: wrap;&quot;[39m
              [36m&gt;[39m
                [0m] [0m
              [36m&lt;/ink-text&gt;[39m
              [36m&lt;ink-text[39m
                [33mstyle[39m=[32m&quot;flex-grow: 0; flex-shrink: 1; flex-direction: row; text-wrap: wrap;&quot;[39m
              [36m&gt;[39m
                [0mGPT-5プロンプトガイドの分析結果[0m
              [36m&lt;/ink-text&gt;[39m
            [36m&lt;/ink-box&gt;[39m
            [36m&lt;ink-box[39m
              [33mstyle[39m=[32m&quot;flex-wrap: nowrap; flex-direction: row; flex-grow: 0; flex-shrink: 1; overflow-x: visible; overflow-y: visible;&quot;[39m
            [36m&gt;[39m
              [36m&lt;ink-text[39m
                [33mstyle[39m=[32m&quot;flex-grow: 0; flex-shrink: 1; flex-direction: row; text-wrap: wrap;&quot;[39m
              [36m&gt;[39m
                [0m  [0m
              [36m&lt;/ink-text&gt;[39m
              [36m&lt;ink-text[39m
                [33mstyle[39m=[32m&quot;flex-grow: 0; flex-shrink: 1; flex-direction: row; text-wrap: wrap;&quot;[39m
              [36m&gt;[39m
                [0m[[0m
              [36m&lt;/ink-text&gt;[39m
              [36m&lt;ink-text[39m
                [33mstyle[39m=[32m&quot;flex-grow: 0; flex-shrink: 1; flex-direction: row; text-wrap: wrap;&quot;[39m
              [36m&gt;[39m
                [0mmem-002[0m
              [36m&lt;/ink-text&gt;[39m
              [36m&lt;ink-text[39m
                [33mstyle[39m=[32m&quot;flex-grow: 0; flex-shrink: 1; flex-direction: row; text-wrap: wrap;&quot;[39m
              [36m&gt;[39m
                [0m] [0m
              [36m&lt;/ink-text&gt;[39m
              [36m&lt;ink-text[39m
                [33mstyle[39m=[32m&quot;flex-grow: 0; flex-shrink: 1; flex-direction: row; text-wrap: wrap;&quot;[39m
              [36m&gt;[39m
                [0mシナプス記憶システムのPhase 2実装完了[0m
              [36m&lt;/ink-text&gt;[39m
            [36m&lt;/ink-box&gt;[39m
            [36m&lt;ink-box[39m
              [33mstyle[39m=[32m&quot;flex-wrap: nowrap; flex-direction: row; flex-grow: 0; flex-shrink: 1; overflow-x: visible; overflow-y: visible;&quot;[39m
            [36m&gt;[39m
              [36m&lt;ink-text[39m
                [33mstyle[39m=[32m&quot;flex-grow: 0; flex-shrink: 1; flex-direction: row; text-wrap: wrap;&quot;[39m
              [36m&gt;[39m
                [0m  [0m
              [36m&lt;/ink-text&gt;[39m
              [36m&lt;ink-text[39m
                [33mstyle[39m=[32m&quot;flex-grow: 0; flex-shrink: 1; flex-direction: row; text-wrap: wrap;&quot;[39m
              [36m&gt;[39m
                [0m[[0m
              [36m&lt;/ink-text&gt;[39m
              [36m&lt;ink-text[39m
                [33mstyle[39m=[32m&quot;flex-grow: 0; flex-shrink: 1; flex-direction: row; text-wrap: wrap;&quot;[39m
              [36m&gt;[39m
                [0mmem-003[0m
              [36m&lt;/ink-text&gt;[39m
              [36m&lt;ink-text[39m
                [33mstyle[39m=[32m&quot;flex-grow: 0; flex-shrink: 1; flex-direction: row; text-wrap: wrap;&quot;[39m
              [36m&gt;[39m
                [0m] [0m
              [36m&lt;/ink-text&gt;[39m
              [36m&lt;ink-text[39m
                [33mstyle[39m=[32m&quot;flex-grow: 0; flex-shrink: 1; flex-direction: row; text-wrap: wrap;&quot;[39m
              [36m&gt;[39m
                [0mRESTful API設計とエンドポイント定義[0m
              [36m&lt;/ink-text&gt;[39m
            [36m&lt;/ink-box&gt;[39m
          [36m&lt;/ink-box&gt;[39m
          [36m&lt;ink-box[39m
            [33mstyle[39m=[32m&quot;flex-wrap: nowrap; flex-direction: row; flex-grow: 0; flex-shrink: 1; margin-top: 1px; border-color: rgb(108, 112, 134); padding: 1px; overflow-x: visible; overflow-y: visible;&quot;[39m
          [36m&gt;[39m
            [36m&lt;ink-box[39m
              [33mstyle[39m=[32m&quot;flex-wrap: nowrap; flex-direction: column; flex-grow: 0; flex-shrink: 1; overflow-x: visible; overflow-y: visible;&quot;[39m
            [36m&gt;[39m
              [36m&lt;ink-text[39m
                [33mstyle[39m=[32m&quot;flex-grow: 0; flex-shrink: 1; flex-direction: row; text-wrap: wrap;&quot;[39m
              [36m&gt;[39m
                [0m詳細:[0m
              [36m&lt;/ink-text&gt;[39m
              [36m&lt;ink-text[39m
                [33mstyle[39m=[32m&quot;flex-grow: 0; flex-shrink: 1; flex-direction: row; text-wrap: wrap;&quot;[39m
              [36m&gt;[39m
                [0mID: [0m
                [0mmem-001[0m
              [36m&lt;/ink-text&gt;[39m
              [36m&lt;ink-text[39m
                [33mstyle[39m=[32m&quot;flex-grow: 0; flex-shrink: 1; flex-direction: row; text-wrap: wrap;&quot;[39m
              [36m&gt;[39m
                [0mアクセス数: [0m
                [0m15[0m
              [36m&lt;/ink-text&gt;[39m
              [36m&lt;ink-text[39m
                [33mstyle[39m=[32m&quot;flex-grow: 0; flex-shrink: 1; flex-direction: row; text-wrap: wrap;&quot;[39m
              [36m&gt;[39m
                [0m成功率: [0m
                [0m92.0[0m
                [0m%[0m
              [36m&lt;/ink-text&gt;[39m
              [36m&lt;ink-text[39m
                [33mstyle[39m=[32m&quot;flex-grow: 0; flex-shrink: 1; flex-direction: row; text-wrap: wrap;&quot;[39m
              [36m&gt;[39m
                [0mタグ: [0m
                [0mgpt5, prompting, analysis[0m
              [36m&lt;/ink-text&gt;[39m
            [36m&lt;/ink-box&gt;[39m
          [36m&lt;/ink-box&gt;[39m
        [36m&lt;/ink-box&gt;[39m
      [36m&lt;/ink-box&gt;[39m
      [36m&lt;ink-box[39m
        [33mstyle[39m=[32m&quot;flex-wrap: nowrap; flex-direction: row; flex-grow: 0; flex-shrink: 1; margin-top: 1px; border-color: rgb(108, 112, 134); padding: 1px; overflow-x: visible; overflow-y: visible;&quot;[39m
      [36m&gt;[39m
        [36m&lt;ink-text[39m
          [33mstyle[39m=[32m&quot;flex-grow: 0; flex-shrink: 1; flex-direction: row; text-wrap: wrap;&quot;[39m
        [36m&gt;[39m
          [0mTab: タブ切替 | ↑↓: 記憶選択 | q: 終了[0m
        [36m&lt;/ink-text&gt;[39m
      [36m&lt;/ink-box&gt;[39m
    [36m&lt;/ink-box&gt;[39m
  [36m&lt;/div&gt;[39m
[36m&lt;/body&gt;[39m

Ignored nodes: comments, script, style
[36m&lt;html&gt;[39m
  [36m&lt;head /&gt;[39m
  [36m&lt;body&gt;[39m
    [36m&lt;div&gt;[39m
      [36m&lt;ink-box[39m
        [33mstyle[39m=[32m&quot;flex-wrap: nowrap; flex-direction: column; flex-grow: 0; flex-shrink: 1; width: 52px; height: 20px; padding: 1px; overflow-x: visible; overflow-y: visible;&quot;[39m
      [36m&gt;[39m
        [36m&lt;ink-box[39m
          [33mstyle[39m=[32m&quot;flex-wrap: nowrap; flex-direction: row; flex-grow: 0; flex-shrink: 1; margin-bottom: 1px; overflow-x: visible; overflow-y: visible;&quot;[39m
        [36m&gt;[39m
          [36m&lt;ink-text[39m
            [33mstyle[39m=[32m&quot;flex-grow: 0; flex-shrink: 1; flex-direction: row; text-wrap: wrap;&quot;[39m
          [36m&gt;[39m
            [0mシナプス記憶システム ダッシュボード[0m
          [36m&lt;/ink-text&gt;[39m
        [36m&lt;/ink-box&gt;[39m
        [36m&lt;ink-box[39m
          [33mstyle[39m=[32m&quot;flex-wrap: nowrap; flex-direction: row; flex-grow: 0; flex-shrink: 1; margin-bottom: 1px; overflow-x: visible; overflow-y: visible;&quot;[39m
        [36m&gt;[39m
          [36m&lt;ink-box[39m
            [33mstyle[39m=[32m&quot;flex-wrap: nowrap; flex-direction: row; flex-grow: 0; flex-shrink: 1; margin-right: 2px; overflow-x: visible; overflow-y: visible;&quot;[39m
          [36m&gt;[39m
            [36m&lt;ink-text[39m
              [33mstyle[39m=[32m&quot;flex-grow: 0; flex-shrink: 1; flex-direction: row; text-wrap: wrap;&quot;[39m
            [36m&gt;[39m
              [0m[[0m
              [0m1[0m
              [0m] [0m
              [0m記憶一覧[0m
            [36m&lt;/ink-text&gt;[39m
          [36m&lt;/ink-box&gt;[39m
          [36m&lt;ink-box[39m
            [33mstyle[39m=[32m&quot;flex-wrap: nowrap; flex-direction: row; flex-grow: 0; flex-shrink: 1; margin-right: 2px; overflow-x: visible; overflow-y: visible;&quot;[39m
          [36m&gt;[39m
            [36m&lt;ink-text[39m
              [33mstyle[39m=[32m&quot;flex-grow: 0; flex-shrink: 1; flex-direction: row; text-wrap: wrap;&quot;[39m
            [36m&gt;[39m
              [0m[[0m
              [0m2[0m
              [0m] [0m
              [0mシナプス結合[0m
            [36m&lt;/ink-text&gt;[39m
          [36m&lt;/ink-box&gt;[39m
          [36m&lt;ink-box[39m
            [33mstyle[39m=[32m&quot;flex-wrap: nowrap; flex-direction: row; flex-grow: 0; flex-shrink: 1; margin-right: 2px; overflow-x: visible; overflow-y: visible;&quot;[39m
          [36m&gt;[39m
            [36m&lt;ink-text[39m
              [33mstyle[39m=[32m&quot;flex-grow: 0; flex-shrink: 1; flex-direction: row; text-wrap: wrap;&quot;[39m
            [36m&gt;[39m
              [0m[[0m
              [0m3[0m
              [0m] [0m
              [0mネットワーク診断[0m
            [36m&lt;/ink-text&gt;[39m
          [36m&lt;/ink-box&gt;[39m
          [36m&lt;ink-box[39m
            [33mstyle[39m=[32m&quot;flex-wrap: nowrap; flex-direction: row; flex-grow: 0; flex-shrink: 1; margin-right: 2px; overflow-x: visible; overflow-y: visible;&quot;[39m
          [36m&gt;[39m
            [36m&lt;ink-text[39m
              [33mstyle[39m=[32m&quot;flex-grow: 0; flex-shrink: 1; flex-direction: row; text-wrap: wrap;&quot;[39m
            [36m&gt;[39m
              [0m[[0m
              [0m4[0m
              [0m] [0m
              [0m設定[0m
            [36m&lt;/ink-text&gt;[39m
          [36m&lt;/ink-box&gt;[39m
        [36m&lt;/ink-box&gt;[39m
        [36m&lt;ink-box[39m
          [33mstyle[39m=[32m&quot;flex-wrap: nowrap; flex-direction: row; flex-grow: 1; flex-shrink: 1; overflow: hidden; overflow-x: hidden; overflow-y: hidden;&quot;[39m
        [36m&gt;[39m
          [36m&lt;ink-box[39m
            [33mstyle[39m=[32m&quot;flex-wrap: nowrap; flex-direction: column; flex-grow: 1; flex-shrink: 1; overflow-x: visible; overflow-y: visible;&quot;[39m
          [36m&gt;[39m
            [36m&lt;ink-box[39m
              [33mstyle[39m=[32m&quot;flex-wrap: nowrap; flex-direction: row; flex-grow: 0; flex-shrink: 1; margin-bottom: 1px; overflow-x: visible; overflow-y: visible;&quot;[39m
            [36m&gt;[39m
              [36m&lt;ink-text[39m
                [33mstyle[39m=[32m&quot;flex-grow: 0; flex-shrink: 1; flex-direction: row; text-wrap: wrap;&quot;[39m
              [36m&gt;[39m
                [0m記憶一覧 ([0m
                [0m3[0m
                [0m件)[0m
              [36m&lt;/ink-text&gt;[39m
            [36m&lt;/ink-box&gt;[39m
            [36m&lt;ink-box[39m
              [33mstyle[39m=[32m&quot;flex-wrap: nowrap; flex-direction: column; flex-grow: 0; flex-shrink: 0; width: 48px; overflow-x: visible; overflow-y: visible;&quot;[39m
            [36m&gt;[39m
              [36m&lt;ink-box[39m
                [33mstyle[39m=[32m&quot;flex-wrap: nowrap; flex-direction: row; flex-grow: 0; flex-shrink: 1; overflow-x: visible; overflow-y: visible;&quot;[39m
              [36m&gt;[39m
                [36m&lt;ink-text[39m
                  [33mstyle[39m=[32m&quot;flex-grow: 0; flex-shrink: 1; flex-direction: row; text-wrap: wrap;&quot;[39m
                [36m&gt;[39m
                  [0m► [0m
                [36m&lt;/ink-text&gt;[39m
                [36m&lt;ink-text[39m
                  [33mstyle[39m=[32m&quot;flex-grow: 0; flex-shrink: 1; flex-direction: row; text-wrap: wrap;&quot;[39m
                [36m&gt;[39m
                  [0m[[0m
                [36m&lt;/ink-text&gt;[39m
                [36m&lt;ink-text[39m
                  [33mstyle[39m=[32m&quot;flex-grow: 0; flex-shrink: 1; flex-direction: row; text-wrap: wrap;&quot;[39m
                [36m&gt;[39m
                  [0mmem-001[0m
                [36m&lt;/ink-text&gt;[39m
                [36m&lt;ink-text[39m
                  [33mstyle[39m=[32m&quot;flex-grow: 0; flex-shrink: 1; flex-direction: row; text-wrap: wrap;&quot;[39m
                [36m&gt;[39m
                  [0m] [0m
                [36m&lt;/ink-text&gt;[39m
                [36m&lt;ink-text[39m
                  [33mstyle[39m=[32m&quot;flex-grow: 0; flex-shrink: 1; flex-direction: row; text-wrap: wrap;&quot;[39m
                [36m&gt;[39m
                  [0mGPT-5プロンプトガイドの分析結果[0m
                [36m&lt;/ink-text&gt;[39m
              [36m&lt;/ink-box&gt;[39m
              [36m&lt;ink-box[39m
                [33mstyle[39m=[32m&quot;flex-wrap: nowrap; flex-direction: row; flex-grow: 0; flex-shrink: 1; overflow-x: visible; overflow-y: visible;&quot;[39m
              [36m&gt;[39m
                [36m&lt;ink-text[39m
                  [33mstyle[39m=[32m&quot;flex-grow: 0; flex-shrink: 1; flex-direction: row; text-wrap: wrap;&quot;[39m
                [36m&gt;[39m
                  [0m  [0m
                [36m&lt;/ink-text&gt;[39m
                [36m&lt;ink-text[39m
                  [33mstyle[39m=[32m&quot;flex-grow: 0; flex-shrink: 1; flex-direction: row; text-wrap: wrap;&quot;[39m
                [36m&gt;[39m
                  [0m[[0m
                [36m&lt;/ink-text&gt;[39m
                [36m&lt;ink-text[39m
                  [33mstyle[39m=[32m&quot;flex-grow: 0; flex-shrink: 1; flex-direction: row; text-wrap: wrap;&quot;[39m
                [36m&gt;[39m
                  [0mmem-002[0m
                [36m&lt;/ink-text&gt;[39m
                [36m&lt;ink-text[39m
                  [33mstyle[39m=[32m&quot;flex-grow: 0; flex-shrink: 1; flex-direction: row; text-wrap: wrap;&quot;[39m
                [36m&gt;[39m
                  [0m] [0m
                [36m&lt;/ink-text&gt;[39m
                [36m&lt;ink-text[39m
                  [33mstyle[39m=[32m&quot;flex-grow: 0; flex-shrink: 1; flex-direction: row; text-wrap: wrap;&quot;[39m
                [36m&gt;[39m
                  [0mシナプス記憶システムのPhase 2実装完了[0m
                [36m&lt;/ink-text&gt;[39m
              [36m&lt;/ink-box&gt;[39m
              [36m&lt;ink-box[39m
                [33mstyle[39m=[32m&quot;flex-wrap: nowrap; flex-direction: row; flex-grow: 0; flex-shrink: 1; overflow-x: visible; overflow-y: visible;&quot;[39m
              [36m&gt;[39m
                [36m&lt;ink-text[39m
                  [33mstyle[39m=[32m&quot;flex-grow: 0; flex-shrink: 1; flex-direction: row; text-wrap: wrap;&quot;[39m
                [36m&gt;[39m
                  [0m  [0m
                [36m&lt;/ink-text&gt;[39m
                [36m&lt;ink-text[39m
                  [33mstyle[39m=[32m&quot;flex-grow: 0; flex-shrink: 1; flex-direction: row; text-wrap: wrap;&quot;[39m
                [36m&gt;[39m
                  [0m[[0m
                [36m&lt;/ink-text&gt;[39m
                [36m&lt;ink-text[39m
                  [33mstyle[39m=[32m&quot;flex-grow: 0; flex-shrink: 1; flex-direction: row; text-wrap: wrap;&quot;[39m
                [36m&gt;[39m
                  [0mmem-003[0m
                [36m&lt;/ink-text&gt;[39m
                [36m&lt;ink-text[39m
                  [33mstyle[39m=[32m&quot;flex-grow: 0; flex-shrink: 1; flex-direction: row; text-wrap: wrap;&quot;[39m
                [36m&gt;[39m
                  [0m] [0m
                [36m&lt;/ink-text&gt;[39m
                [36m&lt;ink-text[39m
                  [33mstyle[39m=[32m&quot;flex-grow: 0; flex-shrink: 1; flex-direction: row; text-wrap: wrap;&quot;[39m
                [36m&gt;[39m
                  [0mRESTful API設計とエンドポイント定義[0m
                [36m&lt;/ink-text&gt;[39m
              [36m&lt;/ink-box&gt;[39m
            [36m&lt;/ink-box&gt;[39m
            [36m&lt;ink-box[39m
              [33mstyle[39m=[32m&quot;flex-wrap: nowrap; flex-direction: row; flex-grow: 0; flex-shrink: 1; margin-top: 1px; border-color: rgb(108, 112, 134); padding: 1px; overflow-x: visible; overflow-y: visible;&quot;[39m
            [36m&gt;[39m
              [36m&lt;ink-box[39m
                [33mstyle[39m=[32m&quot;flex-wrap: nowrap; flex-direction: column; flex-grow: 0; flex-shrink: 1; overflow-x: visible; overflow-y: visible;&quot;[39m
              [36m&gt;[39m
                [36m&lt;ink-text[39m
                  [33mstyle[39m=[32m&quot;flex-grow: 0; flex-shrink: 1; flex-direction: row; text-wrap: wrap;&quot;[39m
                [36m&gt;[39m
                  [0m詳細:[0m
                [36m&lt;/ink-text&gt;[39m
                [36m&lt;ink-text[39m
                  [33mstyle[39m=[32m&quot;flex-grow: 0; flex-shrink: 1; flex-direction: row; text-wrap: wrap;&quot;[39m
                [36m&gt;[39m
                  [0mID: [0m
                  [0mmem-001[0m
                [36m&lt;/ink-text&gt;[39m
                [36m&lt;ink-text[39m
                  [33mstyle[39m=[32m&quot;flex-grow: 0; flex-shrink: 1; flex-direction: row; text-wrap: wrap;&quot;[39m
                [36m&gt;[39m
                  [0mアクセス数: [0m
                  [0m15[0m
                [36m&lt;/ink-text&gt;[39m
                [36m&lt;ink-text[39m
                  [33mstyle[39m=[32m&quot;flex-grow: 0; flex-shrink: 1; flex-direction: row; text-wrap: wrap;&quot;[39m
                [36m&gt;[39m
                  [0m成功率: [0m
                  [0m92.0[0m
                  [0m%[0m
                [36m&lt;/ink-text&gt;[39m
                [36m&lt;ink-text[39m
                  [33mstyle[39m=[32m&quot;flex-grow: 0; flex-shrink: 1; flex-direction: row; text-wrap: wrap;&quot;[39m
                [36m&gt;[39m
                  [0mタグ: [0m
                  [0mgpt5, prompting, analysis[0m
                [36m&lt;/ink-text&gt;[39m
              [36m&lt;/ink-box&gt;[39m
            [36m&lt;/ink-box&gt;[39m
          [36m&lt;/ink-box&gt;[39m
        [36m&lt;/ink-box&gt;[39m
        [36m&lt;ink-box[39m
          [33mstyle[39m=[32m&quot;flex-wrap: nowrap; flex-direction: row; flex-grow: 0; flex-shrink: 1; margin-top: 1px; border-color: rgb(108, 112, 134); padding: 1px; overflow-x: visible; overflow-y: visible;&quot;[39m
        [36m&gt;[39m
          [36m&lt;ink-text[39m
            [33mstyle[39m=[32m&quot;flex-grow: 0; flex-shrink: 1; flex-direction: row; text-wrap: wrap;&quot;[39m
          [36m&gt;[39m
            [0mTab: タブ切替 | ↑↓: 記憶選択 | q: 終了[0m
          [36m&lt;/ink-text&gt;[39m
        [36m&lt;/ink-box&gt;[39m
      [36m&lt;/ink-box&gt;[39m
    [36m&lt;/div&gt;[39m
  [36m&lt;/body&gt;[39m
[36m&lt;/html&gt;[39m" type="TestingLibraryElementError">
TestingLibraryElementError: Unable to find an element with the text: Loading.... This could be because the text is broken up by multiple elements. In this case, you can provide a function for your text matcher to make your matcher more flexible.

Ignored nodes: comments, script, style
&lt;body&gt;
  &lt;div&gt;
    &lt;ink-box
      style=&quot;flex-wrap: nowrap; flex-direction: column; flex-grow: 0; flex-shrink: 1; width: 52px; height: 20px; padding: 1px; overflow-x: visible; overflow-y: visible;&quot;
    &gt;
      &lt;ink-box
        style=&quot;flex-wrap: nowrap; flex-direction: row; flex-grow: 0; flex-shrink: 1; margin-bottom: 1px; overflow-x: visible; overflow-y: visible;&quot;
      &gt;
        &lt;ink-text
          style=&quot;flex-grow: 0; flex-shrink: 1; flex-direction: row; text-wrap: wrap;&quot;
        &gt;
          シナプス記憶システム ダッシュボード
        &lt;/ink-text&gt;
      &lt;/ink-box&gt;
      &lt;ink-box
        style=&quot;flex-wrap: nowrap; flex-direction: row; flex-grow: 0; flex-shrink: 1; margin-bottom: 1px; overflow-x: visible; overflow-y: visible;&quot;
      &gt;
        &lt;ink-box
          style=&quot;flex-wrap: nowrap; flex-direction: row; flex-grow: 0; flex-shrink: 1; margin-right: 2px; overflow-x: visible; overflow-y: visible;&quot;
        &gt;
          &lt;ink-text
            style=&quot;flex-grow: 0; flex-shrink: 1; flex-direction: row; text-wrap: wrap;&quot;
          &gt;
            [
            1
            ] 
            記憶一覧
          &lt;/ink-text&gt;
        &lt;/ink-box&gt;
        &lt;ink-box
          style=&quot;flex-wrap: nowrap; flex-direction: row; flex-grow: 0; flex-shrink: 1; margin-right: 2px; overflow-x: visible; overflow-y: visible;&quot;
        &gt;
          &lt;ink-text
            style=&quot;flex-grow: 0; flex-shrink: 1; flex-direction: row; text-wrap: wrap;&quot;
          &gt;
            [
            2
            ] 
            シナプス結合
          &lt;/ink-text&gt;
        &lt;/ink-box&gt;
        &lt;ink-box
          style=&quot;flex-wrap: nowrap; flex-direction: row; flex-grow: 0; flex-shrink: 1; margin-right: 2px; overflow-x: visible; overflow-y: visible;&quot;
        &gt;
          &lt;ink-text
            style=&quot;flex-grow: 0; flex-shrink: 1; flex-direction: row; text-wrap: wrap;&quot;
          &gt;
            [
            3
            ] 
            ネットワーク診断
          &lt;/ink-text&gt;
        &lt;/ink-box&gt;
        &lt;ink-box
          style=&quot;flex-wrap: nowrap; flex-direction: row; flex-grow: 0; flex-shrink: 1; margin-right: 2px; overflow-x: visible; overflow-y: visible;&quot;
        &gt;
          &lt;ink-text
            style=&quot;flex-grow: 0; flex-shrink: 1; flex-direction: row; text-wrap: wrap;&quot;
          &gt;
            [
            4
            ] 
            設定
          &lt;/ink-text&gt;
        &lt;/ink-box&gt;
      &lt;/ink-box&gt;
      &lt;ink-box
        style=&quot;flex-wrap: nowrap; flex-direction: row; flex-grow: 1; flex-shrink: 1; overflow: hidden; overflow-x: hidden; overflow-y: hidden;&quot;
      &gt;
        &lt;ink-box
          style=&quot;flex-wrap: nowrap; flex-direction: column; flex-grow: 1; flex-shrink: 1; overflow-x: visible; overflow-y: visible;&quot;
        &gt;
          &lt;ink-box
            style=&quot;flex-wrap: nowrap; flex-direction: row; flex-grow: 0; flex-shrink: 1; margin-bottom: 1px; overflow-x: visible; overflow-y: visible;&quot;
          &gt;
            &lt;ink-text
              style=&quot;flex-grow: 0; flex-shrink: 1; flex-direction: row; text-wrap: wrap;&quot;
            &gt;
              記憶一覧 (
              3
              件)
            &lt;/ink-text&gt;
          &lt;/ink-box&gt;
          &lt;ink-box
            style=&quot;flex-wrap: nowrap; flex-direction: column; flex-grow: 0; flex-shrink: 0; width: 48px; overflow-x: visible; overflow-y: visible;&quot;
          &gt;
            &lt;ink-box
              style=&quot;flex-wrap: nowrap; flex-direction: row; flex-grow: 0; flex-shrink: 1; overflow-x: visible; overflow-y: visible;&quot;
            &gt;
              &lt;ink-text
                style=&quot;flex-grow: 0; flex-shrink: 1; flex-direction: row; text-wrap: wrap;&quot;
              &gt;
                ► 
              &lt;/ink-text&gt;
              &lt;ink-text
                style=&quot;flex-grow: 0; flex-shrink: 1; flex-direction: row; text-wrap: wrap;&quot;
              &gt;
                [
              &lt;/ink-text&gt;
              &lt;ink-text
                style=&quot;flex-grow: 0; flex-shrink: 1; flex-direction: row; text-wrap: wrap;&quot;
              &gt;
                mem-001
              &lt;/ink-text&gt;
              &lt;ink-text
                style=&quot;flex-grow: 0; flex-shrink: 1; flex-direction: row; text-wrap: wrap;&quot;
              &gt;
                ] 
              &lt;/ink-text&gt;
              &lt;ink-text
                style=&quot;flex-grow: 0; flex-shrink: 1; flex-direction: row; text-wrap: wrap;&quot;
              &gt;
                GPT-5プロンプトガイドの分析結果
              &lt;/ink-text&gt;
            &lt;/ink-box&gt;
            &lt;ink-box
              style=&quot;flex-wrap: nowrap; flex-direction: row; flex-grow: 0; flex-shrink: 1; overflow-x: visible; overflow-y: visible;&quot;
            &gt;
              &lt;ink-text
                style=&quot;flex-grow: 0; flex-shrink: 1; flex-direction: row; text-wrap: wrap;&quot;
              &gt;
                  
              &lt;/ink-text&gt;
              &lt;ink-text
                style=&quot;flex-grow: 0; flex-shrink: 1; flex-direction: row; text-wrap: wrap;&quot;
              &gt;
                [
              &lt;/ink-text&gt;
              &lt;ink-text
                style=&quot;flex-grow: 0; flex-shrink: 1; flex-direction: row; text-wrap: wrap;&quot;
              &gt;
                mem-002
              &lt;/ink-text&gt;
              &lt;ink-text
                style=&quot;flex-grow: 0; flex-shrink: 1; flex-direction: row; text-wrap: wrap;&quot;
              &gt;
                ] 
              &lt;/ink-text&gt;
              &lt;ink-text
                style=&quot;flex-grow: 0; flex-shrink: 1; flex-direction: row; text-wrap: wrap;&quot;
              &gt;
                シナプス記憶システムのPhase 2実装完了
              &lt;/ink-text&gt;
            &lt;/ink-box&gt;
            &lt;ink-box
              style=&quot;flex-wrap: nowrap; flex-direction: row; flex-grow: 0; flex-shrink: 1; overflow-x: visible; overflow-y: visible;&quot;
            &gt;
              &lt;ink-text
                style=&quot;flex-grow: 0; flex-shrink: 1; flex-direction: row; text-wrap: wrap;&quot;
              &gt;
                  
              &lt;/ink-text&gt;
              &lt;ink-text
                style=&quot;flex-grow: 0; flex-shrink: 1; flex-direction: row; text-wrap: wrap;&quot;
              &gt;
                [
              &lt;/ink-text&gt;
              &lt;ink-text
                style=&quot;flex-grow: 0; flex-shrink: 1; flex-direction: row; text-wrap: wrap;&quot;
              &gt;
                mem-003
              &lt;/ink-text&gt;
              &lt;ink-text
                style=&quot;flex-grow: 0; flex-shrink: 1; flex-direction: row; text-wrap: wrap;&quot;
              &gt;
                ] 
              &lt;/ink-text&gt;
              &lt;ink-text
                style=&quot;flex-grow: 0; flex-shrink: 1; flex-direction: row; text-wrap: wrap;&quot;
              &gt;
                RESTful API設計とエンドポイント定義
              &lt;/ink-text&gt;
            &lt;/ink-box&gt;
          &lt;/ink-box&gt;
          &lt;ink-box
            style=&quot;flex-wrap: nowrap; flex-direction: row; flex-grow: 0; flex-shrink: 1; margin-top: 1px; border-color: rgb(108, 112, 134); padding: 1px; overflow-x: visible; overflow-y: visible;&quot;
          &gt;
            &lt;ink-box
              style=&quot;flex-wrap: nowrap; flex-direction: column; flex-grow: 0; flex-shrink: 1; overflow-x: visible; overflow-y: visible;&quot;
            &gt;
              &lt;ink-text
                style=&quot;flex-grow: 0; flex-shrink: 1; flex-direction: row; text-wrap: wrap;&quot;
              &gt;
                詳細:
              &lt;/ink-text&gt;
              &lt;ink-text
                style=&quot;flex-grow: 0; flex-shrink: 1; flex-direction: row; text-wrap: wrap;&quot;
              &gt;
                ID: 
                mem-001
              &lt;/ink-text&gt;
              &lt;ink-text
                style=&quot;flex-grow: 0; flex-shrink: 1; flex-direction: row; text-wrap: wrap;&quot;
              &gt;
                アクセス数: 
                15
              &lt;/ink-text&gt;
              &lt;ink-text
                style=&quot;flex-grow: 0; flex-shrink: 1; flex-direction: row; text-wrap: wrap;&quot;
              &gt;
                成功率: 
                92.0
                %
              &lt;/ink-text&gt;
              &lt;ink-text
                style=&quot;flex-grow: 0; flex-shrink: 1; flex-direction: row; text-wrap: wrap;&quot;
              &gt;
                タグ: 
                gpt5, prompting, analysis
              &lt;/ink-text&gt;
            &lt;/ink-box&gt;
          &lt;/ink-box&gt;
        &lt;/ink-box&gt;
      &lt;/ink-box&gt;
      &lt;ink-box
        style=&quot;flex-wrap: nowrap; flex-direction: row; flex-grow: 0; flex-shrink: 1; margin-top: 1px; border-color: rgb(108, 112, 134); padding: 1px; overflow-x: visible; overflow-y: visible;&quot;
      &gt;
        &lt;ink-text
          style=&quot;flex-grow: 0; flex-shrink: 1; flex-direction: row; text-wrap: wrap;&quot;
        &gt;
          Tab: タブ切替 | ↑↓: 記憶選択 | q: 終了
        &lt;/ink-text&gt;
      &lt;/ink-box&gt;
    &lt;/ink-box&gt;
  &lt;/div&gt;
&lt;/body&gt;

Ignored nodes: comments, script, style
&lt;html&gt;
  &lt;head /&gt;
  &lt;body&gt;
    &lt;div&gt;
      &lt;ink-box
        style=&quot;flex-wrap: nowrap; flex-direction: column; flex-grow: 0; flex-shrink: 1; width: 52px; height: 20px; padding: 1px; overflow-x: visible; overflow-y: visible;&quot;
      &gt;
        &lt;ink-box
          style=&quot;flex-wrap: nowrap; flex-direction: row; flex-grow: 0; flex-shrink: 1; margin-bottom: 1px; overflow-x: visible; overflow-y: visible;&quot;
        &gt;
          &lt;ink-text
            style=&quot;flex-grow: 0; flex-shrink: 1; flex-direction: row; text-wrap: wrap;&quot;
          &gt;
            シナプス記憶システム ダッシュボード
          &lt;/ink-text&gt;
        &lt;/ink-box&gt;
        &lt;ink-box
          style=&quot;flex-wrap: nowrap; flex-direction: row; flex-grow: 0; flex-shrink: 1; margin-bottom: 1px; overflow-x: visible; overflow-y: visible;&quot;
        &gt;
          &lt;ink-box
            style=&quot;flex-wrap: nowrap; flex-direction: row; flex-grow: 0; flex-shrink: 1; margin-right: 2px; overflow-x: visible; overflow-y: visible;&quot;
          &gt;
            &lt;ink-text
              style=&quot;flex-grow: 0; flex-shrink: 1; flex-direction: row; text-wrap: wrap;&quot;
            &gt;
              [
              1
              ] 
              記憶一覧
            &lt;/ink-text&gt;
          &lt;/ink-box&gt;
          &lt;ink-box
            style=&quot;flex-wrap: nowrap; flex-direction: row; flex-grow: 0; flex-shrink: 1; margin-right: 2px; overflow-x: visible; overflow-y: visible;&quot;
          &gt;
            &lt;ink-text
              style=&quot;flex-grow: 0; flex-shrink: 1; flex-direction: row; text-wrap: wrap;&quot;
            &gt;
              [
              2
              ] 
              シナプス結合
            &lt;/ink-text&gt;
          &lt;/ink-box&gt;
          &lt;ink-box
            style=&quot;flex-wrap: nowrap; flex-direction: row; flex-grow: 0; flex-shrink: 1; margin-right: 2px; overflow-x: visible; overflow-y: visible;&quot;
          &gt;
            &lt;ink-text
              style=&quot;flex-grow: 0; flex-shrink: 1; flex-direction: row; text-wrap: wrap;&quot;
            &gt;
              [
              3
              ] 
              ネットワーク診断
            &lt;/ink-text&gt;
          &lt;/ink-box&gt;
          &lt;ink-box
            style=&quot;flex-wrap: nowrap; flex-direction: row; flex-grow: 0; flex-shrink: 1; margin-right: 2px; overflow-x: visible; overflow-y: visible;&quot;
          &gt;
            &lt;ink-text
              style=&quot;flex-grow: 0; flex-shrink: 1; flex-direction: row; text-wrap: wrap;&quot;
            &gt;
              [
              4
              ] 
              設定
            &lt;/ink-text&gt;
          &lt;/ink-box&gt;
        &lt;/ink-box&gt;
        &lt;ink-box
          style=&quot;flex-wrap: nowrap; flex-direction: row; flex-grow: 1; flex-shrink: 1; overflow: hidden; overflow-x: hidden; overflow-y: hidden;&quot;
        &gt;
          &lt;ink-box
            style=&quot;flex-wrap: nowrap; flex-direction: column; flex-grow: 1; flex-shrink: 1; overflow-x: visible; overflow-y: visible;&quot;
          &gt;
            &lt;ink-box
              style=&quot;flex-wrap: nowrap; flex-direction: row; flex-grow: 0; flex-shrink: 1; margin-bottom: 1px; overflow-x: visible; overflow-y: visible;&quot;
            &gt;
              &lt;ink-text
                style=&quot;flex-grow: 0; flex-shrink: 1; flex-direction: row; text-wrap: wrap;&quot;
              &gt;
                記憶一覧 (
                3
                件)
              &lt;/ink-text&gt;
            &lt;/ink-box&gt;
            &lt;ink-box
              style=&quot;flex-wrap: nowrap; flex-direction: column; flex-grow: 0; flex-shrink: 0; width: 48px; overflow-x: visible; overflow-y: visible;&quot;
            &gt;
              &lt;ink-box
                style=&quot;flex-wrap: nowrap; flex-direction: row; flex-grow: 0; flex-shrink: 1; overflow-x: visible; overflow-y: visible;&quot;
              &gt;
                &lt;ink-text
                  style=&quot;flex-grow: 0; flex-shrink: 1; flex-direction: row; text-wrap: wrap;&quot;
                &gt;
                  ► 
                &lt;/ink-text&gt;
                &lt;ink-text
                  style=&quot;flex-grow: 0; flex-shrink: 1; flex-direction: row; text-wrap: wrap;&quot;
                &gt;
                  [
                &lt;/ink-text&gt;
                &lt;ink-text
                  style=&quot;flex-grow: 0; flex-shrink: 1; flex-direction: row; text-wrap: wrap;&quot;
                &gt;
                  mem-001
                &lt;/ink-text&gt;
                &lt;ink-text
                  style=&quot;flex-grow: 0; flex-shrink: 1; flex-direction: row; text-wrap: wrap;&quot;
                &gt;
                  ] 
                &lt;/ink-text&gt;
                &lt;ink-text
                  style=&quot;flex-grow: 0; flex-shrink: 1; flex-direction: row; text-wrap: wrap;&quot;
                &gt;
                  GPT-5プロンプトガイドの分析結果
                &lt;/ink-text&gt;
              &lt;/ink-box&gt;
              &lt;ink-box
                style=&quot;flex-wrap: nowrap; flex-direction: row; flex-grow: 0; flex-shrink: 1; overflow-x: visible; overflow-y: visible;&quot;
              &gt;
                &lt;ink-text
                  style=&quot;flex-grow: 0; flex-shrink: 1; flex-direction: row; text-wrap: wrap;&quot;
                &gt;
                    
                &lt;/ink-text&gt;
                &lt;ink-text
                  style=&quot;flex-grow: 0; flex-shrink: 1; flex-direction: row; text-wrap: wrap;&quot;
                &gt;
                  [
                &lt;/ink-text&gt;
                &lt;ink-text
                  style=&quot;flex-grow: 0; flex-shrink: 1; flex-direction: row; text-wrap: wrap;&quot;
                &gt;
                  mem-002
                &lt;/ink-text&gt;
                &lt;ink-text
                  style=&quot;flex-grow: 0; flex-shrink: 1; flex-direction: row; text-wrap: wrap;&quot;
                &gt;
                  ] 
                &lt;/ink-text&gt;
                &lt;ink-text
                  style=&quot;flex-grow: 0; flex-shrink: 1; flex-direction: row; text-wrap: wrap;&quot;
                &gt;
                  シナプス記憶システムのPhase 2実装完了
                &lt;/ink-text&gt;
              &lt;/ink-box&gt;
              &lt;ink-box
                style=&quot;flex-wrap: nowrap; flex-direction: row; flex-grow: 0; flex-shrink: 1; overflow-x: visible; overflow-y: visible;&quot;
              &gt;
                &lt;ink-text
                  style=&quot;flex-grow: 0; flex-shrink: 1; flex-direction: row; text-wrap: wrap;&quot;
                &gt;
                    
                &lt;/ink-text&gt;
                &lt;ink-text
                  style=&quot;flex-grow: 0; flex-shrink: 1; flex-direction: row; text-wrap: wrap;&quot;
                &gt;
                  [
                &lt;/ink-text&gt;
                &lt;ink-text
                  style=&quot;flex-grow: 0; flex-shrink: 1; flex-direction: row; text-wrap: wrap;&quot;
                &gt;
                  mem-003
                &lt;/ink-text&gt;
                &lt;ink-text
                  style=&quot;flex-grow: 0; flex-shrink: 1; flex-direction: row; text-wrap: wrap;&quot;
                &gt;
                  ] 
                &lt;/ink-text&gt;
                &lt;ink-text
                  style=&quot;flex-grow: 0; flex-shrink: 1; flex-direction: row; text-wrap: wrap;&quot;
                &gt;
                  RESTful API設計とエンドポイント定義
                &lt;/ink-text&gt;
              &lt;/ink-box&gt;
            &lt;/ink-box&gt;
            &lt;ink-box
              style=&quot;flex-wrap: nowrap; flex-direction: row; flex-grow: 0; flex-shrink: 1; margin-top: 1px; border-color: rgb(108, 112, 134); padding: 1px; overflow-x: visible; overflow-y: visible;&quot;
            &gt;
              &lt;ink-box
                style=&quot;flex-wrap: nowrap; flex-direction: column; flex-grow: 0; flex-shrink: 1; overflow-x: visible; overflow-y: visible;&quot;
              &gt;
                &lt;ink-text
                  style=&quot;flex-grow: 0; flex-shrink: 1; flex-direction: row; text-wrap: wrap;&quot;
                &gt;
                  詳細:
                &lt;/ink-text&gt;
                &lt;ink-text
                  style=&quot;flex-grow: 0; flex-shrink: 1; flex-direction: row; text-wrap: wrap;&quot;
                &gt;
                  ID: 
                  mem-001
                &lt;/ink-text&gt;
                &lt;ink-text
                  style=&quot;flex-grow: 0; flex-shrink: 1; flex-direction: row; text-wrap: wrap;&quot;
                &gt;
                  アクセス数: 
                  15
                &lt;/ink-text&gt;
                &lt;ink-text
                  style=&quot;flex-grow: 0; flex-shrink: 1; flex-direction: row; text-wrap: wrap;&quot;
                &gt;
                  成功率: 
                  92.0
                  %
                &lt;/ink-text&gt;
                &lt;ink-text
                  style=&quot;flex-grow: 0; flex-shrink: 1; flex-direction: row; text-wrap: wrap;&quot;
                &gt;
                  タグ: 
                  gpt5, prompting, analysis
                &lt;/ink-text&gt;
              &lt;/ink-box&gt;
            &lt;/ink-box&gt;
          &lt;/ink-box&gt;
        &lt;/ink-box&gt;
        &lt;ink-box
          style=&quot;flex-wrap: nowrap; flex-direction: row; flex-grow: 0; flex-shrink: 1; margin-top: 1px; border-color: rgb(108, 112, 134); padding: 1px; overflow-x: visible; overflow-y: visible;&quot;
        &gt;
          &lt;ink-text
            style=&quot;flex-grow: 0; flex-shrink: 1; flex-direction: row; text-wrap: wrap;&quot;
          &gt;
            Tab: タブ切替 | ↑↓: 記憶選択 | q: 終了
          &lt;/ink-text&gt;
        &lt;/ink-box&gt;
      &lt;/ink-box&gt;
    &lt;/div&gt;
  &lt;/body&gt;
&lt;/html&gt;
 ❯ Proxy.waitForWrapper node_modules/@testing-library/dom/dist/wait-for.js:163:27
 ❯ src/ui/components/SynapticMemoryDashboard.test.tsx:243:11
            </failure>
        </testcase>
        <testcase classname="src/ui/components/SynapticMemoryDashboard.test.tsx" name="SynapticMemoryDashboard &gt; タブ間の切り替えが正しく動作すること" time="0.012029709">
            <failure message="Unable to find an element with the text: テストメモリ1. This could be because the text is broken up by multiple elements. In this case, you can provide a function for your text matcher to make your matcher more flexible.

Ignored nodes: comments, script, style
[36m&lt;body&gt;[39m
  [36m&lt;div&gt;[39m
    [36m&lt;ink-box[39m
      [33mstyle[39m=[32m&quot;flex-wrap: nowrap; flex-direction: column; flex-grow: 0; flex-shrink: 1; width: 52px; height: 20px; padding: 1px; overflow-x: visible; overflow-y: visible;&quot;[39m
    [36m&gt;[39m
      [36m&lt;ink-box[39m
        [33mstyle[39m=[32m&quot;flex-wrap: nowrap; flex-direction: row; flex-grow: 0; flex-shrink: 1; margin-bottom: 1px; overflow-x: visible; overflow-y: visible;&quot;[39m
      [36m&gt;[39m
        [36m&lt;ink-text[39m
          [33mstyle[39m=[32m&quot;flex-grow: 0; flex-shrink: 1; flex-direction: row; text-wrap: wrap;&quot;[39m
        [36m&gt;[39m
          [0mシナプス記憶システム ダッシュボード[0m
        [36m&lt;/ink-text&gt;[39m
      [36m&lt;/ink-box&gt;[39m
      [36m&lt;ink-box[39m
        [33mstyle[39m=[32m&quot;flex-wrap: nowrap; flex-direction: row; flex-grow: 0; flex-shrink: 1; margin-bottom: 1px; overflow-x: visible; overflow-y: visible;&quot;[39m
      [36m&gt;[39m
        [36m&lt;ink-box[39m
          [33mstyle[39m=[32m&quot;flex-wrap: nowrap; flex-direction: row; flex-grow: 0; flex-shrink: 1; margin-right: 2px; overflow-x: visible; overflow-y: visible;&quot;[39m
        [36m&gt;[39m
          [36m&lt;ink-text[39m
            [33mstyle[39m=[32m&quot;flex-grow: 0; flex-shrink: 1; flex-direction: row; text-wrap: wrap;&quot;[39m
          [36m&gt;[39m
            [0m[[0m
            [0m1[0m
            [0m] [0m
            [0m記憶一覧[0m
          [36m&lt;/ink-text&gt;[39m
        [36m&lt;/ink-box&gt;[39m
        [36m&lt;ink-box[39m
          [33mstyle[39m=[32m&quot;flex-wrap: nowrap; flex-direction: row; flex-grow: 0; flex-shrink: 1; margin-right: 2px; overflow-x: visible; overflow-y: visible;&quot;[39m
        [36m&gt;[39m
          [36m&lt;ink-text[39m
            [33mstyle[39m=[32m&quot;flex-grow: 0; flex-shrink: 1; flex-direction: row; text-wrap: wrap;&quot;[39m
          [36m&gt;[39m
            [0m[[0m
            [0m2[0m
            [0m] [0m
            [0mシナプス結合[0m
          [36m&lt;/ink-text&gt;[39m
        [36m&lt;/ink-box&gt;[39m
        [36m&lt;ink-box[39m
          [33mstyle[39m=[32m&quot;flex-wrap: nowrap; flex-direction: row; flex-grow: 0; flex-shrink: 1; margin-right: 2px; overflow-x: visible; overflow-y: visible;&quot;[39m
        [36m&gt;[39m
          [36m&lt;ink-text[39m
            [33mstyle[39m=[32m&quot;flex-grow: 0; flex-shrink: 1; flex-direction: row; text-wrap: wrap;&quot;[39m
          [36m&gt;[39m
            [0m[[0m
            [0m3[0m
            [0m] [0m
            [0mネットワーク診断[0m
          [36m&lt;/ink-text&gt;[39m
        [36m&lt;/ink-box&gt;[39m
        [36m&lt;ink-box[39m
          [33mstyle[39m=[32m&quot;flex-wrap: nowrap; flex-direction: row; flex-grow: 0; flex-shrink: 1; margin-right: 2px; overflow-x: visible; overflow-y: visible;&quot;[39m
        [36m&gt;[39m
          [36m&lt;ink-text[39m
            [33mstyle[39m=[32m&quot;flex-grow: 0; flex-shrink: 1; flex-direction: row; text-wrap: wrap;&quot;[39m
          [36m&gt;[39m
            [0m[[0m
            [0m4[0m
            [0m] [0m
            [0m設定[0m
          [36m&lt;/ink-text&gt;[39m
        [36m&lt;/ink-box&gt;[39m
      [36m&lt;/ink-box&gt;[39m
      [36m&lt;ink-box[39m
        [33mstyle[39m=[32m&quot;flex-wrap: nowrap; flex-direction: row; flex-grow: 1; flex-shrink: 1; overflow: hidden; overflow-x: hidden; overflow-y: hidden;&quot;[39m
      [36m&gt;[39m
        [36m&lt;ink-box[39m
          [33mstyle[39m=[32m&quot;flex-wrap: nowrap; flex-direction: column; flex-grow: 1; flex-shrink: 1; overflow-x: visible; overflow-y: visible;&quot;[39m
        [36m&gt;[39m
          [36m&lt;ink-box[39m
            [33mstyle[39m=[32m&quot;flex-wrap: nowrap; flex-direction: row; flex-grow: 0; flex-shrink: 1; margin-bottom: 1px; overflow-x: visible; overflow-y: visible;&quot;[39m
          [36m&gt;[39m
            [36m&lt;ink-text[39m
              [33mstyle[39m=[32m&quot;flex-grow: 0; flex-shrink: 1; flex-direction: row; text-wrap: wrap;&quot;[39m
            [36m&gt;[39m
              [0m記憶一覧 ([0m
              [0m3[0m
              [0m件)[0m
            [36m&lt;/ink-text&gt;[39m
          [36m&lt;/ink-box&gt;[39m
          [36m&lt;ink-box[39m
            [33mstyle[39m=[32m&quot;flex-wrap: nowrap; flex-direction: column; flex-grow: 0; flex-shrink: 0; width: 48px; overflow-x: visible; overflow-y: visible;&quot;[39m
          [36m&gt;[39m
            [36m&lt;ink-box[39m
              [33mstyle[39m=[32m&quot;flex-wrap: nowrap; flex-direction: row; flex-grow: 0; flex-shrink: 1; overflow-x: visible; overflow-y: visible;&quot;[39m
            [36m&gt;[39m
              [36m&lt;ink-text[39m
                [33mstyle[39m=[32m&quot;flex-grow: 0; flex-shrink: 1; flex-direction: row; text-wrap: wrap;&quot;[39m
              [36m&gt;[39m
                [0m► [0m
              [36m&lt;/ink-text&gt;[39m
              [36m&lt;ink-text[39m
                [33mstyle[39m=[32m&quot;flex-grow: 0; flex-shrink: 1; flex-direction: row; text-wrap: wrap;&quot;[39m
              [36m&gt;[39m
                [0m[[0m
              [36m&lt;/ink-text&gt;[39m
              [36m&lt;ink-text[39m
                [33mstyle[39m=[32m&quot;flex-grow: 0; flex-shrink: 1; flex-direction: row; text-wrap: wrap;&quot;[39m
              [36m&gt;[39m
                [0mmem-001[0m
              [36m&lt;/ink-text&gt;[39m
              [36m&lt;ink-text[39m
                [33mstyle[39m=[32m&quot;flex-grow: 0; flex-shrink: 1; flex-direction: row; text-wrap: wrap;&quot;[39m
              [36m&gt;[39m
                [0m] [0m
              [36m&lt;/ink-text&gt;[39m
              [36m&lt;ink-text[39m
                [33mstyle[39m=[32m&quot;flex-grow: 0; flex-shrink: 1; flex-direction: row; text-wrap: wrap;&quot;[39m
              [36m&gt;[39m
                [0mGPT-5プロンプトガイドの分析結果[0m
              [36m&lt;/ink-text&gt;[39m
            [36m&lt;/ink-box&gt;[39m
            [36m&lt;ink-box[39m
              [33mstyle[39m=[32m&quot;flex-wrap: nowrap; flex-direction: row; flex-grow: 0; flex-shrink: 1; overflow-x: visible; overflow-y: visible;&quot;[39m
            [36m&gt;[39m
              [36m&lt;ink-text[39m
                [33mstyle[39m=[32m&quot;flex-grow: 0; flex-shrink: 1; flex-direction: row; text-wrap: wrap;&quot;[39m
              [36m&gt;[39m
                [0m  [0m
              [36m&lt;/ink-text&gt;[39m
              [36m&lt;ink-text[39m
                [33mstyle[39m=[32m&quot;flex-grow: 0; flex-shrink: 1; flex-direction: row; text-wrap: wrap;&quot;[39m
              [36m&gt;[39m
                [0m[[0m
              [36m&lt;/ink-text&gt;[39m
              [36m&lt;ink-text[39m
                [33mstyle[39m=[32m&quot;flex-grow: 0; flex-shrink: 1; flex-direction: row; text-wrap: wrap;&quot;[39m
              [36m&gt;[39m
                [0mmem-002[0m
              [36m&lt;/ink-text&gt;[39m
              [36m&lt;ink-text[39m
                [33mstyle[39m=[32m&quot;flex-grow: 0; flex-shrink: 1; flex-direction: row; text-wrap: wrap;&quot;[39m
              [36m&gt;[39m
                [0m] [0m
              [36m&lt;/ink-text&gt;[39m
              [36m&lt;ink-text[39m
                [33mstyle[39m=[32m&quot;flex-grow: 0; flex-shrink: 1; flex-direction: row; text-wrap: wrap;&quot;[39m
              [36m&gt;[39m
                [0mシナプス記憶システムのPhase 2実装完了[0m
              [36m&lt;/ink-text&gt;[39m
            [36m&lt;/ink-box&gt;[39m
            [36m&lt;ink-box[39m
              [33mstyle[39m=[32m&quot;flex-wrap: nowrap; flex-direction: row; flex-grow: 0; flex-shrink: 1; overflow-x: visible; overflow-y: visible;&quot;[39m
            [36m&gt;[39m
              [36m&lt;ink-text[39m
                [33mstyle[39m=[32m&quot;flex-grow: 0; flex-shrink: 1; flex-direction: row; text-wrap: wrap;&quot;[39m
              [36m&gt;[39m
                [0m  [0m
              [36m&lt;/ink-text&gt;[39m
              [36m&lt;ink-text[39m
                [33mstyle[39m=[32m&quot;flex-grow: 0; flex-shrink: 1; flex-direction: row; text-wrap: wrap;&quot;[39m
              [36m&gt;[39m
                [0m[[0m
              [36m&lt;/ink-text&gt;[39m
              [36m&lt;ink-text[39m
                [33mstyle[39m=[32m&quot;flex-grow: 0; flex-shrink: 1; flex-direction: row; text-wrap: wrap;&quot;[39m
              [36m&gt;[39m
                [0mmem-003[0m
              [36m&lt;/ink-text&gt;[39m
              [36m&lt;ink-text[39m
                [33mstyle[39m=[32m&quot;flex-grow: 0; flex-shrink: 1; flex-direction: row; text-wrap: wrap;&quot;[39m
              [36m&gt;[39m
                [0m] [0m
              [36m&lt;/ink-text&gt;[39m
              [36m&lt;ink-text[39m
                [33mstyle[39m=[32m&quot;flex-grow: 0; flex-shrink: 1; flex-direction: row; text-wrap: wrap;&quot;[39m
              [36m&gt;[39m
                [0mRESTful API設計とエンドポイント定義[0m
              [36m&lt;/ink-text&gt;[39m
            [36m&lt;/ink-box&gt;[39m
          [36m&lt;/ink-box&gt;[39m
          [36m&lt;ink-box[39m
            [33mstyle[39m=[32m&quot;flex-wrap: nowrap; flex-direction: row; flex-grow: 0; flex-shrink: 1; margin-top: 1px; border-color: rgb(108, 112, 134); padding: 1px; overflow-x: visible; overflow-y: visible;&quot;[39m
          [36m&gt;[39m
            [36m&lt;ink-box[39m
              [33mstyle[39m=[32m&quot;flex-wrap: nowrap; flex-direction: column; flex-grow: 0; flex-shrink: 1; overflow-x: visible; overflow-y: visible;&quot;[39m
            [36m&gt;[39m
              [36m&lt;ink-text[39m
                [33mstyle[39m=[32m&quot;flex-grow: 0; flex-shrink: 1; flex-direction: row; text-wrap: wrap;&quot;[39m
              [36m&gt;[39m
                [0m詳細:[0m
              [36m&lt;/ink-text&gt;[39m
              [36m&lt;ink-text[39m
                [33mstyle[39m=[32m&quot;flex-grow: 0; flex-shrink: 1; flex-direction: row; text-wrap: wrap;&quot;[39m
              [36m&gt;[39m
                [0mID: [0m
                [0mmem-001[0m
              [36m&lt;/ink-text&gt;[39m
              [36m&lt;ink-text[39m
                [33mstyle[39m=[32m&quot;flex-grow: 0; flex-shrink: 1; flex-direction: row; text-wrap: wrap;&quot;[39m
              [36m&gt;[39m
                [0mアクセス数: [0m
                [0m15[0m
              [36m&lt;/ink-text&gt;[39m
              [36m&lt;ink-text[39m
                [33mstyle[39m=[32m&quot;flex-grow: 0; flex-shrink: 1; flex-direction: row; text-wrap: wrap;&quot;[39m
              [36m&gt;[39m
                [0m成功率: [0m
                [0m92.0[0m
                [0m%[0m
              [36m&lt;/ink-text&gt;[39m
              [36m&lt;ink-text[39m
                [33mstyle[39m=[32m&quot;flex-grow: 0; flex-shrink: 1; flex-direction: row; text-wrap: wrap;&quot;[39m
              [36m&gt;[39m
                [0mタグ: [0m
                [0mgpt5, prompting, analysis[0m
              [36m&lt;/ink-text&gt;[39m
            [36m&lt;/ink-box&gt;[39m
          [36m&lt;/ink-box&gt;[39m
        [36m&lt;/ink-box&gt;[39m
      [36m&lt;/ink-box&gt;[39m
      [36m&lt;ink-box[39m
        [33mstyle[39m=[32m&quot;flex-wrap: nowrap; flex-direction: row; flex-grow: 0; flex-shrink: 1; margin-top: 1px; border-color: rgb(108, 112, 134); padding: 1px; overflow-x: visible; overflow-y: visible;&quot;[39m
      [36m&gt;[39m
        [36m&lt;ink-text[39m
          [33mstyle[39m=[32m&quot;flex-grow: 0; flex-shrink: 1; flex-direction: row; text-wrap: wrap;&quot;[39m
        [36m&gt;[39m
          [0mTab: タブ切替 | ↑↓: 記憶選択 | q: 終了[0m
        [36m&lt;/ink-text&gt;[39m
      [36m&lt;/ink-box&gt;[39m
    [36m&lt;/ink-box&gt;[39m
  [36m&lt;/div&gt;[39m
[36m&lt;/body&gt;[39m" type="TestingLibraryElementError">
TestingLibraryElementError: Unable to find an element with the text: テストメモリ1. This could be because the text is broken up by multiple elements. In this case, you can provide a function for your text matcher to make your matcher more flexible.

Ignored nodes: comments, script, style
&lt;body&gt;
  &lt;div&gt;
    &lt;ink-box
      style=&quot;flex-wrap: nowrap; flex-direction: column; flex-grow: 0; flex-shrink: 1; width: 52px; height: 20px; padding: 1px; overflow-x: visible; overflow-y: visible;&quot;
    &gt;
      &lt;ink-box
        style=&quot;flex-wrap: nowrap; flex-direction: row; flex-grow: 0; flex-shrink: 1; margin-bottom: 1px; overflow-x: visible; overflow-y: visible;&quot;
      &gt;
        &lt;ink-text
          style=&quot;flex-grow: 0; flex-shrink: 1; flex-direction: row; text-wrap: wrap;&quot;
        &gt;
          シナプス記憶システム ダッシュボード
        &lt;/ink-text&gt;
      &lt;/ink-box&gt;
      &lt;ink-box
        style=&quot;flex-wrap: nowrap; flex-direction: row; flex-grow: 0; flex-shrink: 1; margin-bottom: 1px; overflow-x: visible; overflow-y: visible;&quot;
      &gt;
        &lt;ink-box
          style=&quot;flex-wrap: nowrap; flex-direction: row; flex-grow: 0; flex-shrink: 1; margin-right: 2px; overflow-x: visible; overflow-y: visible;&quot;
        &gt;
          &lt;ink-text
            style=&quot;flex-grow: 0; flex-shrink: 1; flex-direction: row; text-wrap: wrap;&quot;
          &gt;
            [
            1
            ] 
            記憶一覧
          &lt;/ink-text&gt;
        &lt;/ink-box&gt;
        &lt;ink-box
          style=&quot;flex-wrap: nowrap; flex-direction: row; flex-grow: 0; flex-shrink: 1; margin-right: 2px; overflow-x: visible; overflow-y: visible;&quot;
        &gt;
          &lt;ink-text
            style=&quot;flex-grow: 0; flex-shrink: 1; flex-direction: row; text-wrap: wrap;&quot;
          &gt;
            [
            2
            ] 
            シナプス結合
          &lt;/ink-text&gt;
        &lt;/ink-box&gt;
        &lt;ink-box
          style=&quot;flex-wrap: nowrap; flex-direction: row; flex-grow: 0; flex-shrink: 1; margin-right: 2px; overflow-x: visible; overflow-y: visible;&quot;
        &gt;
          &lt;ink-text
            style=&quot;flex-grow: 0; flex-shrink: 1; flex-direction: row; text-wrap: wrap;&quot;
          &gt;
            [
            3
            ] 
            ネットワーク診断
          &lt;/ink-text&gt;
        &lt;/ink-box&gt;
        &lt;ink-box
          style=&quot;flex-wrap: nowrap; flex-direction: row; flex-grow: 0; flex-shrink: 1; margin-right: 2px; overflow-x: visible; overflow-y: visible;&quot;
        &gt;
          &lt;ink-text
            style=&quot;flex-grow: 0; flex-shrink: 1; flex-direction: row; text-wrap: wrap;&quot;
          &gt;
            [
            4
            ] 
            設定
          &lt;/ink-text&gt;
        &lt;/ink-box&gt;
      &lt;/ink-box&gt;
      &lt;ink-box
        style=&quot;flex-wrap: nowrap; flex-direction: row; flex-grow: 1; flex-shrink: 1; overflow: hidden; overflow-x: hidden; overflow-y: hidden;&quot;
      &gt;
        &lt;ink-box
          style=&quot;flex-wrap: nowrap; flex-direction: column; flex-grow: 1; flex-shrink: 1; overflow-x: visible; overflow-y: visible;&quot;
        &gt;
          &lt;ink-box
            style=&quot;flex-wrap: nowrap; flex-direction: row; flex-grow: 0; flex-shrink: 1; margin-bottom: 1px; overflow-x: visible; overflow-y: visible;&quot;
          &gt;
            &lt;ink-text
              style=&quot;flex-grow: 0; flex-shrink: 1; flex-direction: row; text-wrap: wrap;&quot;
            &gt;
              記憶一覧 (
              3
              件)
            &lt;/ink-text&gt;
          &lt;/ink-box&gt;
          &lt;ink-box
            style=&quot;flex-wrap: nowrap; flex-direction: column; flex-grow: 0; flex-shrink: 0; width: 48px; overflow-x: visible; overflow-y: visible;&quot;
          &gt;
            &lt;ink-box
              style=&quot;flex-wrap: nowrap; flex-direction: row; flex-grow: 0; flex-shrink: 1; overflow-x: visible; overflow-y: visible;&quot;
            &gt;
              &lt;ink-text
                style=&quot;flex-grow: 0; flex-shrink: 1; flex-direction: row; text-wrap: wrap;&quot;
              &gt;
                ► 
              &lt;/ink-text&gt;
              &lt;ink-text
                style=&quot;flex-grow: 0; flex-shrink: 1; flex-direction: row; text-wrap: wrap;&quot;
              &gt;
                [
              &lt;/ink-text&gt;
              &lt;ink-text
                style=&quot;flex-grow: 0; flex-shrink: 1; flex-direction: row; text-wrap: wrap;&quot;
              &gt;
                mem-001
              &lt;/ink-text&gt;
              &lt;ink-text
                style=&quot;flex-grow: 0; flex-shrink: 1; flex-direction: row; text-wrap: wrap;&quot;
              &gt;
                ] 
              &lt;/ink-text&gt;
              &lt;ink-text
                style=&quot;flex-grow: 0; flex-shrink: 1; flex-direction: row; text-wrap: wrap;&quot;
              &gt;
                GPT-5プロンプトガイドの分析結果
              &lt;/ink-text&gt;
            &lt;/ink-box&gt;
            &lt;ink-box
              style=&quot;flex-wrap: nowrap; flex-direction: row; flex-grow: 0; flex-shrink: 1; overflow-x: visible; overflow-y: visible;&quot;
            &gt;
              &lt;ink-text
                style=&quot;flex-grow: 0; flex-shrink: 1; flex-direction: row; text-wrap: wrap;&quot;
              &gt;
                  
              &lt;/ink-text&gt;
              &lt;ink-text
                style=&quot;flex-grow: 0; flex-shrink: 1; flex-direction: row; text-wrap: wrap;&quot;
              &gt;
                [
              &lt;/ink-text&gt;
              &lt;ink-text
                style=&quot;flex-grow: 0; flex-shrink: 1; flex-direction: row; text-wrap: wrap;&quot;
              &gt;
                mem-002
              &lt;/ink-text&gt;
              &lt;ink-text
                style=&quot;flex-grow: 0; flex-shrink: 1; flex-direction: row; text-wrap: wrap;&quot;
              &gt;
                ] 
              &lt;/ink-text&gt;
              &lt;ink-text
                style=&quot;flex-grow: 0; flex-shrink: 1; flex-direction: row; text-wrap: wrap;&quot;
              &gt;
                シナプス記憶システムのPhase 2実装完了
              &lt;/ink-text&gt;
            &lt;/ink-box&gt;
            &lt;ink-box
              style=&quot;flex-wrap: nowrap; flex-direction: row; flex-grow: 0; flex-shrink: 1; overflow-x: visible; overflow-y: visible;&quot;
            &gt;
              &lt;ink-text
                style=&quot;flex-grow: 0; flex-shrink: 1; flex-direction: row; text-wrap: wrap;&quot;
              &gt;
                  
              &lt;/ink-text&gt;
              &lt;ink-text
                style=&quot;flex-grow: 0; flex-shrink: 1; flex-direction: row; text-wrap: wrap;&quot;
              &gt;
                [
              &lt;/ink-text&gt;
              &lt;ink-text
                style=&quot;flex-grow: 0; flex-shrink: 1; flex-direction: row; text-wrap: wrap;&quot;
              &gt;
                mem-003
              &lt;/ink-text&gt;
              &lt;ink-text
                style=&quot;flex-grow: 0; flex-shrink: 1; flex-direction: row; text-wrap: wrap;&quot;
              &gt;
                ] 
              &lt;/ink-text&gt;
              &lt;ink-text
                style=&quot;flex-grow: 0; flex-shrink: 1; flex-direction: row; text-wrap: wrap;&quot;
              &gt;
                RESTful API設計とエンドポイント定義
              &lt;/ink-text&gt;
            &lt;/ink-box&gt;
          &lt;/ink-box&gt;
          &lt;ink-box
            style=&quot;flex-wrap: nowrap; flex-direction: row; flex-grow: 0; flex-shrink: 1; margin-top: 1px; border-color: rgb(108, 112, 134); padding: 1px; overflow-x: visible; overflow-y: visible;&quot;
          &gt;
            &lt;ink-box
              style=&quot;flex-wrap: nowrap; flex-direction: column; flex-grow: 0; flex-shrink: 1; overflow-x: visible; overflow-y: visible;&quot;
            &gt;
              &lt;ink-text
                style=&quot;flex-grow: 0; flex-shrink: 1; flex-direction: row; text-wrap: wrap;&quot;
              &gt;
                詳細:
              &lt;/ink-text&gt;
              &lt;ink-text
                style=&quot;flex-grow: 0; flex-shrink: 1; flex-direction: row; text-wrap: wrap;&quot;
              &gt;
                ID: 
                mem-001
              &lt;/ink-text&gt;
              &lt;ink-text
                style=&quot;flex-grow: 0; flex-shrink: 1; flex-direction: row; text-wrap: wrap;&quot;
              &gt;
                アクセス数: 
                15
              &lt;/ink-text&gt;
              &lt;ink-text
                style=&quot;flex-grow: 0; flex-shrink: 1; flex-direction: row; text-wrap: wrap;&quot;
              &gt;
                成功率: 
                92.0
                %
              &lt;/ink-text&gt;
              &lt;ink-text
                style=&quot;flex-grow: 0; flex-shrink: 1; flex-direction: row; text-wrap: wrap;&quot;
              &gt;
                タグ: 
                gpt5, prompting, analysis
              &lt;/ink-text&gt;
            &lt;/ink-box&gt;
          &lt;/ink-box&gt;
        &lt;/ink-box&gt;
      &lt;/ink-box&gt;
      &lt;ink-box
        style=&quot;flex-wrap: nowrap; flex-direction: row; flex-grow: 0; flex-shrink: 1; margin-top: 1px; border-color: rgb(108, 112, 134); padding: 1px; overflow-x: visible; overflow-y: visible;&quot;
      &gt;
        &lt;ink-text
          style=&quot;flex-grow: 0; flex-shrink: 1; flex-direction: row; text-wrap: wrap;&quot;
        &gt;
          Tab: タブ切替 | ↑↓: 記憶選択 | q: 終了
        &lt;/ink-text&gt;
      &lt;/ink-box&gt;
    &lt;/ink-box&gt;
  &lt;/div&gt;
&lt;/body&gt;
 ❯ Object.getElementError node_modules/@testing-library/dom/dist/config.js:37:19
 ❯ node_modules/@testing-library/dom/dist/query-helpers.js:76:38
 ❯ node_modules/@testing-library/dom/dist/query-helpers.js:52:17
 ❯ node_modules/@testing-library/dom/dist/query-helpers.js:95:19
 ❯ src/ui/components/SynapticMemoryDashboard.test.tsx:252:19
            </failure>
        </testcase>
    </testsuite>
    <testsuite name="src/ui/components/ToolStatsDisplay.test.tsx" timestamp="2025-08-09T16:14:05.738Z" hostname="3f33f7409819" tests="5" failures="0" errors="0" skipped="0" time="0.040047709">
        <testcase classname="src/ui/components/ToolStatsDisplay.test.tsx" name="&lt;ToolStatsDisplay /&gt; &gt; should render &quot;no tool calls&quot; message when there are no active tools" time="0.01388625">
        </testcase>
        <testcase classname="src/ui/components/ToolStatsDisplay.test.tsx" name="&lt;ToolStatsDisplay /&gt; &gt; should display stats for a single tool correctly" time="0.006415875">
        </testcase>
        <testcase classname="src/ui/components/ToolStatsDisplay.test.tsx" name="&lt;ToolStatsDisplay /&gt; &gt; should display stats for multiple tools correctly" time="0.008602209">
        </testcase>
        <testcase classname="src/ui/components/ToolStatsDisplay.test.tsx" name="&lt;ToolStatsDisplay /&gt; &gt; should handle large values without wrapping or overlapping" time="0.005861417">
        </testcase>
        <testcase classname="src/ui/components/ToolStatsDisplay.test.tsx" name="&lt;ToolStatsDisplay /&gt; &gt; should handle zero decisions gracefully" time="0.00454375">
        </testcase>
    </testsuite>
    <testsuite name="src/ui/hooks/atCommandProcessor.test.ts" timestamp="2025-08-09T16:14:05.740Z" hostname="3f33f7409819" tests="17" failures="0" errors="0" skipped="0" time="0.01296675">
        <testcase classname="src/ui/hooks/atCommandProcessor.test.ts" name="handleAtCommand &gt; should pass through query if no @ command is present" time="0.002738958">
        </testcase>
        <testcase classname="src/ui/hooks/atCommandProcessor.test.ts" name="handleAtCommand &gt; should pass through original query if only a lone @ symbol is present" time="0.000428417">
        </testcase>
        <testcase classname="src/ui/hooks/atCommandProcessor.test.ts" name="handleAtCommand &gt; should process a valid text file path" time="0.001908958">
        </testcase>
        <testcase classname="src/ui/hooks/atCommandProcessor.test.ts" name="handleAtCommand &gt; should process a valid directory path and convert to glob" time="0.00068275">
        </testcase>
        <testcase classname="src/ui/hooks/atCommandProcessor.test.ts" name="handleAtCommand &gt; should process a valid image file path (as text content for now)" time="0.000271167">
        </testcase>
        <testcase classname="src/ui/hooks/atCommandProcessor.test.ts" name="handleAtCommand &gt; should handle query with text before and after @command" time="0.000367167">
        </testcase>
        <testcase classname="src/ui/hooks/atCommandProcessor.test.ts" name="handleAtCommand &gt; should correctly unescape paths with escaped spaces" time="0.000458375">
        </testcase>
        <testcase classname="src/ui/hooks/atCommandProcessor.test.ts" name="handleAtCommand &gt; should handle multiple @file references" time="0.000536958">
        </testcase>
        <testcase classname="src/ui/hooks/atCommandProcessor.test.ts" name="handleAtCommand &gt; should handle multiple @file references with interleaved text" time="0.000578375">
        </testcase>
        <testcase classname="src/ui/hooks/atCommandProcessor.test.ts" name="handleAtCommand &gt; should handle a mix of valid, invalid, and lone @ references" time="0.000955209">
        </testcase>
        <testcase classname="src/ui/hooks/atCommandProcessor.test.ts" name="handleAtCommand &gt; should return original query if all @paths are invalid or lone @" time="0.00033">
        </testcase>
        <testcase classname="src/ui/hooks/atCommandProcessor.test.ts" name="handleAtCommand &gt; should process a file path case-insensitively" time="0.000682916">
        </testcase>
        <testcase classname="src/ui/hooks/atCommandProcessor.test.ts" name="handleAtCommand &gt; git-aware filtering &gt; should skip git-ignored files in @ commands" time="0.000367334">
        </testcase>
        <testcase classname="src/ui/hooks/atCommandProcessor.test.ts" name="handleAtCommand &gt; git-aware filtering &gt; should process non-git-ignored files normally" time="0.000537958">
        </testcase>
        <testcase classname="src/ui/hooks/atCommandProcessor.test.ts" name="handleAtCommand &gt; git-aware filtering &gt; should handle mixed git-ignored and valid files" time="0.00061325">
        </testcase>
        <testcase classname="src/ui/hooks/atCommandProcessor.test.ts" name="handleAtCommand &gt; git-aware filtering &gt; should always ignore .git directory files" time="0.000334833">
        </testcase>
        <testcase classname="src/ui/hooks/atCommandProcessor.test.ts" name="handleAtCommand &gt; when recursive file search is disabled &gt; should not use glob search for a nonexistent file" time="0.000331333">
        </testcase>
    </testsuite>
    <testsuite name="src/ui/hooks/shellCommandProcessor.test.ts" timestamp="2025-08-09T16:14:05.744Z" hostname="3f33f7409819" tests="3" failures="0" errors="0" skipped="0" time="0.026688792">
        <testcase classname="src/ui/hooks/shellCommandProcessor.test.ts" name="useShellCommandProcessor &gt; should execute a command and update history on success" time="0.014291417">
        </testcase>
        <testcase classname="src/ui/hooks/shellCommandProcessor.test.ts" name="useShellCommandProcessor &gt; should handle binary output" time="0.006547709">
        </testcase>
        <testcase classname="src/ui/hooks/shellCommandProcessor.test.ts" name="useShellCommandProcessor &gt; should handle command failure" time="0.004806583">
        </testcase>
    </testsuite>
    <testsuite name="src/ui/hooks/slashCommandProcessor.test.ts" timestamp="2025-08-09T16:14:05.744Z" hostname="3f33f7409819" tests="7" failures="0" errors="0" skipped="0" time="0.390875667">
        <testcase classname="src/ui/hooks/slashCommandProcessor.test.ts" name="useSlashCommandProcessor &gt; New command registry &gt; should execute a command from the new registry" time="0.066778208">
            <system-err>
An update to TestComponent inside a test was not wrapped in act(...).

When testing, code that causes React state updates should be wrapped into act(...):

act(() =&gt; {
  /* fire events that update state */
});
/* assert on the output */

This ensures that you&apos;re testing the behavior the user would see in the browser. Learn more at https://react.dev/link/wrap-tests-with-act

            </system-err>
        </testcase>
        <testcase classname="src/ui/hooks/slashCommandProcessor.test.ts" name="useSlashCommandProcessor &gt; New command registry &gt; should return &quot;schedule_tool&quot; when a new command returns a tool action" time="0.05312375">
            <system-err>
An update to TestComponent inside a test was not wrapped in act(...).

When testing, code that causes React state updates should be wrapped into act(...):

act(() =&gt; {
  /* fire events that update state */
});
/* assert on the output */

This ensures that you&apos;re testing the behavior the user would see in the browser. Learn more at https://react.dev/link/wrap-tests-with-act

            </system-err>
        </testcase>
        <testcase classname="src/ui/hooks/slashCommandProcessor.test.ts" name="useSlashCommandProcessor &gt; New command registry &gt; should return &quot;handled&quot; when a new command returns a message action" time="0.055453584">
            <system-err>
An update to TestComponent inside a test was not wrapped in act(...).

When testing, code that causes React state updates should be wrapped into act(...):

act(() =&gt; {
  /* fire events that update state */
});
/* assert on the output */

This ensures that you&apos;re testing the behavior the user would see in the browser. Learn more at https://react.dev/link/wrap-tests-with-act

            </system-err>
        </testcase>
        <testcase classname="src/ui/hooks/slashCommandProcessor.test.ts" name="useSlashCommandProcessor &gt; New command registry &gt; should return &quot;handled&quot; when a new command returns a dialog action" time="0.05232">
            <system-err>
An update to TestComponent inside a test was not wrapped in act(...).

When testing, code that causes React state updates should be wrapped into act(...):

act(() =&gt; {
  /* fire events that update state */
});
/* assert on the output */

This ensures that you&apos;re testing the behavior the user would see in the browser. Learn more at https://react.dev/link/wrap-tests-with-act

            </system-err>
        </testcase>
        <testcase classname="src/ui/hooks/slashCommandProcessor.test.ts" name="useSlashCommandProcessor &gt; New command registry &gt; should open the auth dialog when a new command returns an auth dialog action" time="0.052831334">
            <system-err>
An update to TestComponent inside a test was not wrapped in act(...).

When testing, code that causes React state updates should be wrapped into act(...):

act(() =&gt; {
  /* fire events that update state */
});
/* assert on the output */

This ensures that you&apos;re testing the behavior the user would see in the browser. Learn more at https://react.dev/link/wrap-tests-with-act

            </system-err>
        </testcase>
        <testcase classname="src/ui/hooks/slashCommandProcessor.test.ts" name="useSlashCommandProcessor &gt; New command registry &gt; should open the theme dialog when a new command returns a theme dialog action" time="0.05310825">
            <system-err>
An update to TestComponent inside a test was not wrapped in act(...).

When testing, code that causes React state updates should be wrapped into act(...):

act(() =&gt; {
  /* fire events that update state */
});
/* assert on the output */

This ensures that you&apos;re testing the behavior the user would see in the browser. Learn more at https://react.dev/link/wrap-tests-with-act

            </system-err>
        </testcase>
        <testcase classname="src/ui/hooks/slashCommandProcessor.test.ts" name="useSlashCommandProcessor &gt; New command registry &gt; should show help for a parent command with no action" time="0.053376709">
            <system-err>
An update to TestComponent inside a test was not wrapped in act(...).

When testing, code that causes React state updates should be wrapped into act(...):

act(() =&gt; {
  /* fire events that update state */
});
/* assert on the output */

This ensures that you&apos;re testing the behavior the user would see in the browser. Learn more at https://react.dev/link/wrap-tests-with-act

            </system-err>
        </testcase>
    </testsuite>
    <testsuite name="src/ui/hooks/useAutoAcceptIndicator.test.ts" timestamp="2025-08-09T16:14:05.748Z" hostname="3f33f7409819" tests="6" failures="0" errors="0" skipped="0" time="0.019038167">
        <testcase classname="src/ui/hooks/useAutoAcceptIndicator.test.ts" name="useAutoAcceptIndicator &gt; should initialize with ApprovalMode.AUTO_EDIT if config.getApprovalMode returns ApprovalMode.AUTO_EDIT" time="0.009128917">
        </testcase>
        <testcase classname="src/ui/hooks/useAutoAcceptIndicator.test.ts" name="useAutoAcceptIndicator &gt; should initialize with ApprovalMode.DEFAULT if config.getApprovalMode returns ApprovalMode.DEFAULT" time="0.001362792">
        </testcase>
        <testcase classname="src/ui/hooks/useAutoAcceptIndicator.test.ts" name="useAutoAcceptIndicator &gt; should initialize with ApprovalMode.YOLO if config.getApprovalMode returns ApprovalMode.YOLO" time="0.001119">
        </testcase>
        <testcase classname="src/ui/hooks/useAutoAcceptIndicator.test.ts" name="useAutoAcceptIndicator &gt; should toggle the indicator and update config when Shift+Tab or Ctrl+Y is pressed" time="0.003351542">
        </testcase>
        <testcase classname="src/ui/hooks/useAutoAcceptIndicator.test.ts" name="useAutoAcceptIndicator &gt; should not toggle if only one key or other keys combinations are pressed" time="0.001527708">
        </testcase>
        <testcase classname="src/ui/hooks/useAutoAcceptIndicator.test.ts" name="useAutoAcceptIndicator &gt; should update indicator when config value changes externally (useEffect dependency)" time="0.001583792">
        </testcase>
    </testsuite>
    <testsuite name="src/ui/hooks/useCompletion.integration.test.ts" timestamp="2025-08-09T16:14:05.750Z" hostname="3f33f7409819" tests="23" failures="0" errors="0" skipped="0" time="1.716271793">
        <testcase classname="src/ui/hooks/useCompletion.integration.test.ts" name="useCompletion git-aware filtering integration &gt; should filter git-ignored entries from @ completions" time="0.165293833">
        </testcase>
        <testcase classname="src/ui/hooks/useCompletion.integration.test.ts" name="useCompletion git-aware filtering integration &gt; should filter git-ignored directories from @ completions" time="0.153002167">
        </testcase>
        <testcase classname="src/ui/hooks/useCompletion.integration.test.ts" name="useCompletion git-aware filtering integration &gt; should handle recursive search with git-aware filtering" time="0.153253">
            <system-err>
Error fetching completion suggestions for t: Cannot read properties of undefined (reading &apos;map&apos;)

            </system-err>
        </testcase>
        <testcase classname="src/ui/hooks/useCompletion.integration.test.ts" name="useCompletion git-aware filtering integration &gt; should not perform recursive search when disabled in config" time="0.153185708">
        </testcase>
        <testcase classname="src/ui/hooks/useCompletion.integration.test.ts" name="useCompletion git-aware filtering integration &gt; should work without config (fallback behavior)" time="0.152290291">
        </testcase>
        <testcase classname="src/ui/hooks/useCompletion.integration.test.ts" name="useCompletion git-aware filtering integration &gt; should handle git discovery service initialization failure gracefully" time="0.153148167">
        </testcase>
        <testcase classname="src/ui/hooks/useCompletion.integration.test.ts" name="useCompletion git-aware filtering integration &gt; should handle directory-specific completions with git filtering" time="0.152716583">
        </testcase>
        <testcase classname="src/ui/hooks/useCompletion.integration.test.ts" name="useCompletion git-aware filtering integration &gt; should use glob for top-level @ completions when available" time="0.153193542">
        </testcase>
        <testcase classname="src/ui/hooks/useCompletion.integration.test.ts" name="useCompletion git-aware filtering integration &gt; should include dotfiles in glob search when input starts with a dot" time="0.1530145">
        </testcase>
        <testcase classname="src/ui/hooks/useCompletion.integration.test.ts" name="useCompletion git-aware filtering integration &gt; should suggest top-level command names based on partial input" time="0.001946583">
        </testcase>
        <testcase classname="src/ui/hooks/useCompletion.integration.test.ts" name="useCompletion git-aware filtering integration &gt; should not suggest commands when altName is fully typed" time="0.001551792">
        </testcase>
        <testcase classname="src/ui/hooks/useCompletion.integration.test.ts" name="useCompletion git-aware filtering integration &gt; should not suggest commands when altName is fully typed" time="0.001514375">
        </testcase>
        <testcase classname="src/ui/hooks/useCompletion.integration.test.ts" name="useCompletion git-aware filtering integration &gt; should suggest commands based on partial altName matches" time="0.001776417">
        </testcase>
        <testcase classname="src/ui/hooks/useCompletion.integration.test.ts" name="useCompletion git-aware filtering integration &gt; should suggest sub-command names for a parent command" time="0.001466208">
        </testcase>
        <testcase classname="src/ui/hooks/useCompletion.integration.test.ts" name="useCompletion git-aware filtering integration &gt; should suggest all sub-commands when the query ends with the parent command and a space" time="0.001667375">
        </testcase>
        <testcase classname="src/ui/hooks/useCompletion.integration.test.ts" name="useCompletion git-aware filtering integration &gt; should call the command.completion function for argument suggestions" time="0.153272292">
        </testcase>
        <testcase classname="src/ui/hooks/useCompletion.integration.test.ts" name="useCompletion git-aware filtering integration &gt; should not provide suggestions for a fully typed command that has no sub-commands or argument completion" time="0.001696666">
        </testcase>
        <testcase classname="src/ui/hooks/useCompletion.integration.test.ts" name="useCompletion git-aware filtering integration &gt; should not provide suggestions for an unknown command" time="0.001400166">
        </testcase>
        <testcase classname="src/ui/hooks/useCompletion.integration.test.ts" name="useCompletion git-aware filtering integration &gt; should suggest sub-commands for a fully typed parent command without a trailing space" time="0.00149825">
        </testcase>
        <testcase classname="src/ui/hooks/useCompletion.integration.test.ts" name="useCompletion git-aware filtering integration &gt; should NOT provide suggestions for a perfectly typed command that is a leaf node" time="0.001514667">
        </testcase>
        <testcase classname="src/ui/hooks/useCompletion.integration.test.ts" name="useCompletion git-aware filtering integration &gt; should call command.completion with an empty string when args start with a space" time="0.152785208">
        </testcase>
        <testcase classname="src/ui/hooks/useCompletion.integration.test.ts" name="useCompletion git-aware filtering integration &gt; should suggest all top-level commands for the root slash" time="0.001914709">
        </testcase>
        <testcase classname="src/ui/hooks/useCompletion.integration.test.ts" name="useCompletion git-aware filtering integration &gt; should provide no suggestions for an invalid sub-command" time="0.001628833">
        </testcase>
    </testsuite>
    <testsuite name="src/ui/hooks/useCompletion.test.ts" timestamp="2025-08-09T16:14:05.755Z" hostname="3f33f7409819" tests="36" failures="0" errors="0" skipped="0" time="2.055612251">
        <testcase classname="src/ui/hooks/useCompletion.test.ts" name="useCompletion &gt; Hook initialization and state &gt; should initialize with default state" time="0.01409175">
        </testcase>
        <testcase classname="src/ui/hooks/useCompletion.test.ts" name="useCompletion &gt; Hook initialization and state &gt; should reset state when isActive becomes false" time="0.002143292">
        </testcase>
        <testcase classname="src/ui/hooks/useCompletion.test.ts" name="useCompletion &gt; Hook initialization and state &gt; should provide required functions" time="0.001450209">
        </testcase>
        <testcase classname="src/ui/hooks/useCompletion.test.ts" name="useCompletion &gt; resetCompletionState &gt; should reset all state to default values" time="0.001735833">
        </testcase>
        <testcase classname="src/ui/hooks/useCompletion.test.ts" name="useCompletion &gt; Navigation functions &gt; should handle navigateUp with no suggestions" time="0.001528333">
        </testcase>
        <testcase classname="src/ui/hooks/useCompletion.test.ts" name="useCompletion &gt; Navigation functions &gt; should handle navigateDown with no suggestions" time="0.001331625">
        </testcase>
        <testcase classname="src/ui/hooks/useCompletion.test.ts" name="useCompletion &gt; Navigation functions &gt; should navigate up through suggestions with wrap-around" time="0.001948875">
        </testcase>
        <testcase classname="src/ui/hooks/useCompletion.test.ts" name="useCompletion &gt; Navigation functions &gt; should navigate down through suggestions with wrap-around" time="0.001926959">
        </testcase>
        <testcase classname="src/ui/hooks/useCompletion.test.ts" name="useCompletion &gt; Navigation functions &gt; should handle navigation with multiple suggestions" time="0.002173791">
        </testcase>
        <testcase classname="src/ui/hooks/useCompletion.test.ts" name="useCompletion &gt; Navigation functions &gt; should handle navigation with large suggestion lists and scrolling" time="0.0019805">
        </testcase>
        <testcase classname="src/ui/hooks/useCompletion.test.ts" name="useCompletion &gt; Slash command completion &gt; should show all commands for root slash" time="0.002352584">
        </testcase>
        <testcase classname="src/ui/hooks/useCompletion.test.ts" name="useCompletion &gt; Slash command completion &gt; should filter commands by prefix" time="0.001570167">
        </testcase>
        <testcase classname="src/ui/hooks/useCompletion.test.ts" name="useCompletion &gt; Slash command completion &gt; should not suggest commands when altName is fully typed" time="0.001690125">
        </testcase>
        <testcase classname="src/ui/hooks/useCompletion.test.ts" name="useCompletion &gt; Slash command completion &gt; should not suggest commands when altName is fully typed" time="0.0014935">
        </testcase>
        <testcase classname="src/ui/hooks/useCompletion.test.ts" name="useCompletion &gt; Slash command completion &gt; should suggest commands based on partial altName matches" time="0.001559625">
        </testcase>
        <testcase classname="src/ui/hooks/useCompletion.test.ts" name="useCompletion &gt; Slash command completion &gt; should not show suggestions for exact leaf command match" time="0.007286833">
        </testcase>
        <testcase classname="src/ui/hooks/useCompletion.test.ts" name="useCompletion &gt; Slash command completion &gt; should show sub-commands for parent commands" time="0.001850792">
        </testcase>
        <testcase classname="src/ui/hooks/useCompletion.test.ts" name="useCompletion &gt; Slash command completion &gt; should show all sub-commands after parent command with space" time="0.001919541">
        </testcase>
        <testcase classname="src/ui/hooks/useCompletion.test.ts" name="useCompletion &gt; Slash command completion &gt; should filter sub-commands by prefix" time="0.001663625">
        </testcase>
        <testcase classname="src/ui/hooks/useCompletion.test.ts" name="useCompletion &gt; Slash command completion &gt; should handle unknown command gracefully" time="0.001785917">
        </testcase>
        <testcase classname="src/ui/hooks/useCompletion.test.ts" name="useCompletion &gt; Command argument completion &gt; should call completion function for command arguments" time="0.1550535">
        </testcase>
        <testcase classname="src/ui/hooks/useCompletion.test.ts" name="useCompletion &gt; Command argument completion &gt; should call completion function with partial argument" time="0.153051375">
        </testcase>
        <testcase classname="src/ui/hooks/useCompletion.test.ts" name="useCompletion &gt; Command argument completion &gt; should handle completion function that returns null" time="0.153900834">
        </testcase>
        <testcase classname="src/ui/hooks/useCompletion.test.ts" name="useCompletion &gt; File path completion (@-syntax) &gt; should show file completions for @ prefix" time="0.153203542">
        </testcase>
        <testcase classname="src/ui/hooks/useCompletion.test.ts" name="useCompletion &gt; File path completion (@-syntax) &gt; should filter files by prefix" time="0.153094125">
        </testcase>
        <testcase classname="src/ui/hooks/useCompletion.test.ts" name="useCompletion &gt; File path completion (@-syntax) &gt; should include hidden files when prefix starts with dot" time="0.152998792">
        </testcase>
        <testcase classname="src/ui/hooks/useCompletion.test.ts" name="useCompletion &gt; File path completion (@-syntax) &gt; should handle ENOENT error gracefully" time="0.152986083">
            <system-err>
Error fetching completion suggestions for nonexistent: Cannot read properties of undefined (reading &apos;map&apos;)

            </system-err>
        </testcase>
        <testcase classname="src/ui/hooks/useCompletion.test.ts" name="useCompletion &gt; File path completion (@-syntax) &gt; should handle other errors by resetting state" time="0.153334333">
        </testcase>
        <testcase classname="src/ui/hooks/useCompletion.test.ts" name="useCompletion &gt; Debouncing &gt; should debounce file completion requests" time="0.153699041">
        </testcase>
        <testcase classname="src/ui/hooks/useCompletion.test.ts" name="useCompletion &gt; Query handling edge cases &gt; should handle empty query" time="0.001944">
        </testcase>
        <testcase classname="src/ui/hooks/useCompletion.test.ts" name="useCompletion &gt; Query handling edge cases &gt; should handle query without slash or @" time="0.0018505">
        </testcase>
        <testcase classname="src/ui/hooks/useCompletion.test.ts" name="useCompletion &gt; Query handling edge cases &gt; should handle query with whitespace" time="0.002102875">
        </testcase>
        <testcase classname="src/ui/hooks/useCompletion.test.ts" name="useCompletion &gt; Query handling edge cases &gt; should handle @ at the end of query" time="0.15285025">
            <system-err>
Error fetching completion suggestions for : entries is not iterable

            </system-err>
        </testcase>
        <testcase classname="src/ui/hooks/useCompletion.test.ts" name="useCompletion &gt; File sorting behavior &gt; should prioritize source files over test files with same base name" time="0.153230167">
        </testcase>
        <testcase classname="src/ui/hooks/useCompletion.test.ts" name="useCompletion &gt; Config and FileDiscoveryService integration &gt; should work without config" time="0.153243875">
        </testcase>
        <testcase classname="src/ui/hooks/useCompletion.test.ts" name="useCompletion &gt; Config and FileDiscoveryService integration &gt; should respect file filtering when config is provided" time="0.153792333">
        </testcase>
    </testsuite>
    <testsuite name="src/ui/hooks/useConsoleMessages.test.ts" timestamp="2025-08-09T16:14:05.764Z" hostname="3f33f7409819" tests="9" failures="0" errors="0" skipped="0" time="0.017871666">
        <testcase classname="src/ui/hooks/useConsoleMessages.test.ts" name="useConsoleMessages &gt; should initialize with an empty array of console messages" time="0.008334209">
        </testcase>
        <testcase classname="src/ui/hooks/useConsoleMessages.test.ts" name="useConsoleMessages &gt; should add a new message" time="0.001793416">
        </testcase>
        <testcase classname="src/ui/hooks/useConsoleMessages.test.ts" name="useConsoleMessages &gt; should consolidate identical consecutive messages" time="0.000929292">
        </testcase>
        <testcase classname="src/ui/hooks/useConsoleMessages.test.ts" name="useConsoleMessages &gt; should not consolidate different messages" time="0.000887208">
        </testcase>
        <testcase classname="src/ui/hooks/useConsoleMessages.test.ts" name="useConsoleMessages &gt; should not consolidate messages if type is different" time="0.000870083">
        </testcase>
        <testcase classname="src/ui/hooks/useConsoleMessages.test.ts" name="useConsoleMessages &gt; should clear console messages" time="0.0016585">
        </testcase>
        <testcase classname="src/ui/hooks/useConsoleMessages.test.ts" name="useConsoleMessages &gt; should clear pending timeout on clearConsoleMessages" time="0.00089275">
        </testcase>
        <testcase classname="src/ui/hooks/useConsoleMessages.test.ts" name="useConsoleMessages &gt; should clear message queue on clearConsoleMessages" time="0.000719208">
        </testcase>
        <testcase classname="src/ui/hooks/useConsoleMessages.test.ts" name="useConsoleMessages &gt; should cleanup timeout on unmount" time="0.000808625">
        </testcase>
    </testsuite>
    <testsuite name="src/ui/hooks/useEditorSettings.test.ts" timestamp="2025-08-09T16:14:05.766Z" hostname="3f33f7409819" tests="10" failures="0" errors="0" skipped="0" time="0.020204666">
        <testcase classname="src/ui/hooks/useEditorSettings.test.ts" name="useEditorSettings &gt; should initialize with dialog closed" time="0.008427208">
        </testcase>
        <testcase classname="src/ui/hooks/useEditorSettings.test.ts" name="useEditorSettings &gt; should open editor dialog when openEditorDialog is called" time="0.001381125">
        </testcase>
        <testcase classname="src/ui/hooks/useEditorSettings.test.ts" name="useEditorSettings &gt; should close editor dialog when exitEditorDialog is called" time="0.001002625">
        </testcase>
        <testcase classname="src/ui/hooks/useEditorSettings.test.ts" name="useEditorSettings &gt; should handle editor selection successfully" time="0.0025595">
        </testcase>
        <testcase classname="src/ui/hooks/useEditorSettings.test.ts" name="useEditorSettings &gt; should handle clearing editor preference (undefined editor)" time="0.001171792">
        </testcase>
        <testcase classname="src/ui/hooks/useEditorSettings.test.ts" name="useEditorSettings &gt; should handle different editor types" time="0.001159334">
        </testcase>
        <testcase classname="src/ui/hooks/useEditorSettings.test.ts" name="useEditorSettings &gt; should handle different setting scopes" time="0.001009416">
        </testcase>
        <testcase classname="src/ui/hooks/useEditorSettings.test.ts" name="useEditorSettings &gt; should not set preference for unavailable editors" time="0.000936084">
        </testcase>
        <testcase classname="src/ui/hooks/useEditorSettings.test.ts" name="useEditorSettings &gt; should not set preference for editors not allowed in sandbox" time="0.000873209">
        </testcase>
        <testcase classname="src/ui/hooks/useEditorSettings.test.ts" name="useEditorSettings &gt; should handle errors during editor selection" time="0.000765417">
        </testcase>
    </testsuite>
    <testsuite name="src/ui/hooks/useGeminiStream.test.tsx" timestamp="2025-08-09T16:14:05.769Z" hostname="3f33f7409819" tests="22" failures="0" errors="0" skipped="0" time="0.107132541">
        <testcase classname="src/ui/hooks/useGeminiStream.test.tsx" name="mergePartListUnions &gt; should merge multiple PartListUnion arrays" time="0.001063166">
        </testcase>
        <testcase classname="src/ui/hooks/useGeminiStream.test.tsx" name="mergePartListUnions &gt; should handle empty arrays in the input list" time="0.000215834">
        </testcase>
        <testcase classname="src/ui/hooks/useGeminiStream.test.tsx" name="mergePartListUnions &gt; should handle a single PartListUnion array" time="0.00008725">
        </testcase>
        <testcase classname="src/ui/hooks/useGeminiStream.test.tsx" name="mergePartListUnions &gt; should return an empty array if all input arrays are empty" time="0.0000595">
        </testcase>
        <testcase classname="src/ui/hooks/useGeminiStream.test.tsx" name="mergePartListUnions &gt; should handle input list being empty" time="0.000049167">
        </testcase>
        <testcase classname="src/ui/hooks/useGeminiStream.test.tsx" name="mergePartListUnions &gt; should correctly merge when PartListUnion items are single Parts not in arrays" time="0.000083">
        </testcase>
        <testcase classname="src/ui/hooks/useGeminiStream.test.tsx" name="mergePartListUnions &gt; should handle a mix of arrays and single parts, including empty arrays and undefined/null parts if they were possible (though PartListUnion typing restricts this)" time="0.000077916">
        </testcase>
        <testcase classname="src/ui/hooks/useGeminiStream.test.tsx" name="mergePartListUnions &gt; should preserve the order of parts from the input arrays" time="0.000185708">
        </testcase>
        <testcase classname="src/ui/hooks/useGeminiStream.test.tsx" name="mergePartListUnions &gt; should handle cases where some PartListUnion items are single Parts and others are arrays of Parts" time="0.0001125">
        </testcase>
        <testcase classname="src/ui/hooks/useGeminiStream.test.tsx" name="useGeminiStream &gt; should not submit tool responses if not all tool calls are completed" time="0.010759">
        </testcase>
        <testcase classname="src/ui/hooks/useGeminiStream.test.tsx" name="useGeminiStream &gt; should submit tool responses when all tool calls are completed and ready" time="0.005817167">
        </testcase>
        <testcase classname="src/ui/hooks/useGeminiStream.test.tsx" name="useGeminiStream &gt; should handle all tool calls being cancelled" time="0.002897708">
        </testcase>
        <testcase classname="src/ui/hooks/useGeminiStream.test.tsx" name="useGeminiStream &gt; should group multiple cancelled tool call responses into a single history entry" time="0.002834375">
        </testcase>
        <testcase classname="src/ui/hooks/useGeminiStream.test.tsx" name="useGeminiStream &gt; should not flicker streaming state to Idle between tool completion and submission" time="0.003991083">
        </testcase>
        <testcase classname="src/ui/hooks/useGeminiStream.test.tsx" name="useGeminiStream &gt; User Cancellation &gt; should cancel an in-progress stream when escape is pressed" time="0.005993167">
        </testcase>
        <testcase classname="src/ui/hooks/useGeminiStream.test.tsx" name="useGeminiStream &gt; User Cancellation &gt; should not do anything if escape is pressed when not responding" time="0.001444292">
        </testcase>
        <testcase classname="src/ui/hooks/useGeminiStream.test.tsx" name="useGeminiStream &gt; User Cancellation &gt; should prevent further processing after cancellation" time="0.05497675">
            <system-err>
An update to TestComponent inside a test was not wrapped in act(...).

When testing, code that causes React state updates should be wrapped into act(...):

act(() =&gt; {
  /* fire events that update state */
});
/* assert on the output */

This ensures that you&apos;re testing the behavior the user would see in the browser. Learn more at https://react.dev/link/wrap-tests-with-act

            </system-err>
        </testcase>
        <testcase classname="src/ui/hooks/useGeminiStream.test.tsx" name="useGeminiStream &gt; User Cancellation &gt; should not cancel if a tool call is in progress (not just responding)" time="0.001710542">
        </testcase>
        <testcase classname="src/ui/hooks/useGeminiStream.test.tsx" name="useGeminiStream &gt; Slash Command Handling &gt; should schedule a tool call when the command processor returns a schedule_tool action" time="0.003969709">
        </testcase>
        <testcase classname="src/ui/hooks/useGeminiStream.test.tsx" name="useGeminiStream &gt; Slash Command Handling &gt; should stop processing and not call Gemini when a command is handled without a tool call" time="0.0032035">
        </testcase>
        <testcase classname="src/ui/hooks/useGeminiStream.test.tsx" name="useGeminiStream &gt; Memory Refresh on save_memory &gt; should call performMemoryRefresh when a save_memory tool call completes successfully" time="0.003577041">
        </testcase>
        <testcase classname="src/ui/hooks/useGeminiStream.test.tsx" name="useGeminiStream &gt; Error Handling &gt; should call parseAndFormatApiError with the correct authType on stream initialization failure" time="0.002943125">
        </testcase>
    </testsuite>
    <testsuite name="src/ui/hooks/useGitBranchName.test.ts" timestamp="2025-08-09T16:14:05.774Z" hostname="3f33f7409819" tests="7" failures="0" errors="0" skipped="2" time="0.021302792">
        <testcase classname="src/ui/hooks/useGitBranchName.test.ts" name="useGitBranchName &gt; should return branch name" time="0.013624916">
        </testcase>
        <testcase classname="src/ui/hooks/useGitBranchName.test.ts" name="useGitBranchName &gt; should return undefined if git command fails" time="0.001594333">
        </testcase>
        <testcase classname="src/ui/hooks/useGitBranchName.test.ts" name="useGitBranchName &gt; should return short commit hash if branch is HEAD (detached state)" time="0.001227833">
        </testcase>
        <testcase classname="src/ui/hooks/useGitBranchName.test.ts" name="useGitBranchName &gt; should return undefined if branch is HEAD and getting commit hash fails" time="0.001618583">
        </testcase>
        <testcase classname="src/ui/hooks/useGitBranchName.test.ts" name="useGitBranchName &gt; should update branch name when .git/HEAD changes" time="0.000374083">
            <skipped/>
        </testcase>
        <testcase classname="src/ui/hooks/useGitBranchName.test.ts" name="useGitBranchName &gt; should handle watcher setup error silently" time="0.00168075">
        </testcase>
        <testcase classname="src/ui/hooks/useGitBranchName.test.ts" name="useGitBranchName &gt; should cleanup watcher on unmount" time="0.000211208">
            <skipped/>
        </testcase>
    </testsuite>
    <testsuite name="src/ui/hooks/useHistoryManager.test.ts" timestamp="2025-08-09T16:14:05.776Z" hostname="3f33f7409819" tests="8" failures="0" errors="0" skipped="0" time="0.017234625">
        <testcase classname="src/ui/hooks/useHistoryManager.test.ts" name="useHistoryManager &gt; should initialize with an empty history" time="0.008471708">
        </testcase>
        <testcase classname="src/ui/hooks/useHistoryManager.test.ts" name="useHistoryManager &gt; should add an item to history with a unique ID" time="0.002159333">
        </testcase>
        <testcase classname="src/ui/hooks/useHistoryManager.test.ts" name="useHistoryManager &gt; should generate unique IDs for items added with the same base timestamp" time="0.000988833">
        </testcase>
        <testcase classname="src/ui/hooks/useHistoryManager.test.ts" name="useHistoryManager &gt; should update an existing history item" time="0.001140209">
        </testcase>
        <testcase classname="src/ui/hooks/useHistoryManager.test.ts" name="useHistoryManager &gt; should not change history if updateHistoryItem is called with a non-existent ID" time="0.001020417">
        </testcase>
        <testcase classname="src/ui/hooks/useHistoryManager.test.ts" name="useHistoryManager &gt; should clear the history" time="0.000902292">
        </testcase>
        <testcase classname="src/ui/hooks/useHistoryManager.test.ts" name="useHistoryManager &gt; should not add consecutive duplicate user messages" time="0.000885542">
        </testcase>
        <testcase classname="src/ui/hooks/useHistoryManager.test.ts" name="useHistoryManager &gt; should add duplicate user messages if they are not consecutive" time="0.000759208">
        </testcase>
    </testsuite>
    <testsuite name="src/ui/hooks/useInputHistory.test.ts" timestamp="2025-08-09T16:14:05.778Z" hostname="3f33f7409819" tests="11" failures="0" errors="0" skipped="0" time="0.018982667">
        <testcase classname="src/ui/hooks/useInputHistory.test.ts" name="useInputHistory &gt; should initialize with historyIndex -1 and empty originalQueryBeforeNav" time="0.008347291">
        </testcase>
        <testcase classname="src/ui/hooks/useInputHistory.test.ts" name="useInputHistory &gt; handleSubmit &gt; should call onSubmit with trimmed value and reset history" time="0.001743417">
        </testcase>
        <testcase classname="src/ui/hooks/useInputHistory.test.ts" name="useInputHistory &gt; handleSubmit &gt; should not call onSubmit if value is empty after trimming" time="0.000919958">
        </testcase>
        <testcase classname="src/ui/hooks/useInputHistory.test.ts" name="useInputHistory &gt; navigateUp &gt; should not navigate if isActive is false" time="0.0008405">
        </testcase>
        <testcase classname="src/ui/hooks/useInputHistory.test.ts" name="useInputHistory &gt; navigateUp &gt; should not navigate if userMessages is empty" time="0.000816584">
        </testcase>
        <testcase classname="src/ui/hooks/useInputHistory.test.ts" name="useInputHistory &gt; navigateUp &gt; should call onChange with the last message when navigating up from initial state" time="0.0011275">
        </testcase>
        <testcase classname="src/ui/hooks/useInputHistory.test.ts" name="useInputHistory &gt; navigateUp &gt; should store currentQuery as originalQueryBeforeNav on first navigateUp" time="0.000943458">
        </testcase>
        <testcase classname="src/ui/hooks/useInputHistory.test.ts" name="useInputHistory &gt; navigateUp &gt; should navigate through history messages on subsequent navigateUp calls" time="0.000858291">
        </testcase>
        <testcase classname="src/ui/hooks/useInputHistory.test.ts" name="useInputHistory &gt; navigateDown &gt; should not navigate if isActive is false" time="0.000857458">
        </testcase>
        <testcase classname="src/ui/hooks/useInputHistory.test.ts" name="useInputHistory &gt; navigateDown &gt; should not navigate if historyIndex is -1 (not in history navigation)" time="0.000693">
        </testcase>
        <testcase classname="src/ui/hooks/useInputHistory.test.ts" name="useInputHistory &gt; navigateDown &gt; should restore originalQueryBeforeNav when navigating down to initial state" time="0.000860333">
        </testcase>
    </testsuite>
    <testsuite name="src/ui/hooks/useKeypress.test.ts" timestamp="2025-08-09T16:14:05.780Z" hostname="3f33f7409819" tests="14" failures="0" errors="0" skipped="0" time="0.025440958">
        <testcase classname="src/ui/hooks/useKeypress.test.ts" name="useKeypress &gt; should not listen if isActive is false" time="0.009088166">
        </testcase>
        <testcase classname="src/ui/hooks/useKeypress.test.ts" name="useKeypress &gt; should listen for keypress when active" time="0.002433958">
        </testcase>
        <testcase classname="src/ui/hooks/useKeypress.test.ts" name="useKeypress &gt; should set and release raw mode" time="0.001100417">
        </testcase>
        <testcase classname="src/ui/hooks/useKeypress.test.ts" name="useKeypress &gt; should stop listening after being unmounted" time="0.001123167">
        </testcase>
        <testcase classname="src/ui/hooks/useKeypress.test.ts" name="useKeypress &gt; should correctly identify alt+enter (meta key)" time="0.001253292">
        </testcase>
        <testcase classname="src/ui/hooks/useKeypress.test.ts" name="useKeypress &gt; Paste Handling in &apos;Modern Node (&gt;= v20)&apos; &gt; should process a paste as a single event" time="0.001269917">
        </testcase>
        <testcase classname="src/ui/hooks/useKeypress.test.ts" name="useKeypress &gt; Paste Handling in &apos;Modern Node (&gt;= v20)&apos; &gt; should handle keypress interspersed with pastes" time="0.001106167">
        </testcase>
        <testcase classname="src/ui/hooks/useKeypress.test.ts" name="useKeypress &gt; Paste Handling in &apos;Modern Node (&gt;= v20)&apos; &gt; should emit partial paste content if unmounted mid-paste" time="0.000845375">
        </testcase>
        <testcase classname="src/ui/hooks/useKeypress.test.ts" name="useKeypress &gt; Paste Handling in &apos;Legacy Node (&lt; v20)&apos; &gt; should process a paste as a single event" time="0.001428375">
        </testcase>
        <testcase classname="src/ui/hooks/useKeypress.test.ts" name="useKeypress &gt; Paste Handling in &apos;Legacy Node (&lt; v20)&apos; &gt; should handle keypress interspersed with pastes" time="0.001087458">
        </testcase>
        <testcase classname="src/ui/hooks/useKeypress.test.ts" name="useKeypress &gt; Paste Handling in &apos;Legacy Node (&lt; v20)&apos; &gt; should emit partial paste content if unmounted mid-paste" time="0.000805833">
        </testcase>
        <testcase classname="src/ui/hooks/useKeypress.test.ts" name="useKeypress &gt; Paste Handling in &apos;Workaround Env Var&apos; &gt; should process a paste as a single event" time="0.00078975">
        </testcase>
        <testcase classname="src/ui/hooks/useKeypress.test.ts" name="useKeypress &gt; Paste Handling in &apos;Workaround Env Var&apos; &gt; should handle keypress interspersed with pastes" time="0.001002791">
        </testcase>
        <testcase classname="src/ui/hooks/useKeypress.test.ts" name="useKeypress &gt; Paste Handling in &apos;Workaround Env Var&apos; &gt; should emit partial paste content if unmounted mid-paste" time="0.001015542">
        </testcase>
    </testsuite>
    <testsuite name="src/ui/hooks/useLoadingIndicator.test.ts" timestamp="2025-08-09T16:14:05.783Z" hostname="3f33f7409819" tests="5" failures="0" errors="0" skipped="0" time="0.019175208">
        <testcase classname="src/ui/hooks/useLoadingIndicator.test.ts" name="useLoadingIndicator &gt; should initialize with default values when Idle" time="0.009348625">
        </testcase>
        <testcase classname="src/ui/hooks/useLoadingIndicator.test.ts" name="useLoadingIndicator &gt; should reflect values when Responding" time="0.002955709">
        </testcase>
        <testcase classname="src/ui/hooks/useLoadingIndicator.test.ts" name="useLoadingIndicator &gt; should show waiting phrase and retain elapsedTime when WaitingForConfirmation" time="0.00250375">
        </testcase>
        <testcase classname="src/ui/hooks/useLoadingIndicator.test.ts" name="useLoadingIndicator &gt; should reset elapsedTime and use a witty phrase when transitioning from WaitingForConfirmation to Responding" time="0.001816875">
        </testcase>
        <testcase classname="src/ui/hooks/useLoadingIndicator.test.ts" name="useLoadingIndicator &gt; should reset timer and phrase when streamingState changes from Responding to Idle" time="0.001457709">
        </testcase>
    </testsuite>
    <testsuite name="src/ui/hooks/usePhraseCycler.test.ts" timestamp="2025-08-09T16:14:05.785Z" hostname="3f33f7409819" tests="7" failures="0" errors="0" skipped="0" time="0.018486375">
        <testcase classname="src/ui/hooks/usePhraseCycler.test.ts" name="usePhraseCycler &gt; should initialize with the first witty phrase when not active and not waiting" time="0.0088955">
        </testcase>
        <testcase classname="src/ui/hooks/usePhraseCycler.test.ts" name="usePhraseCycler &gt; should show &quot;Waiting for user confirmation...&quot; when isWaiting is true" time="0.001621416">
        </testcase>
        <testcase classname="src/ui/hooks/usePhraseCycler.test.ts" name="usePhraseCycler &gt; should not cycle phrases if isActive is false and not waiting" time="0.001028083">
        </testcase>
        <testcase classname="src/ui/hooks/usePhraseCycler.test.ts" name="usePhraseCycler &gt; should cycle through witty phrases when isActive is true and not waiting" time="0.001533292">
        </testcase>
        <testcase classname="src/ui/hooks/usePhraseCycler.test.ts" name="usePhraseCycler &gt; should reset to a witty phrase when isActive becomes true after being false (and not waiting)" time="0.002370542">
        </testcase>
        <testcase classname="src/ui/hooks/usePhraseCycler.test.ts" name="usePhraseCycler &gt; should clear phrase interval on unmount when active" time="0.000833">
        </testcase>
        <testcase classname="src/ui/hooks/usePhraseCycler.test.ts" name="usePhraseCycler &gt; should reset to a witty phrase when transitioning from waiting to active" time="0.001293416">
        </testcase>
    </testsuite>
    <testsuite name="src/ui/hooks/useShellHistory.test.ts" timestamp="2025-08-09T16:14:05.786Z" hostname="3f33f7409819" tests="7" failures="0" errors="0" skipped="0" time="0.561773459">
        <testcase classname="src/ui/hooks/useShellHistory.test.ts" name="useShellHistory &gt; should initialize and read the history file from the correct path" time="0.07051175">
        </testcase>
        <testcase classname="src/ui/hooks/useShellHistory.test.ts" name="useShellHistory &gt; should handle a non-existent history file gracefully" time="0.055142709">
        </testcase>
        <testcase classname="src/ui/hooks/useShellHistory.test.ts" name="useShellHistory &gt; should add a command and write to the history file" time="0.108007376">
        </testcase>
        <testcase classname="src/ui/hooks/useShellHistory.test.ts" name="useShellHistory &gt; should navigate history correctly with previous/next commands" time="0.055738042">
        </testcase>
        <testcase classname="src/ui/hooks/useShellHistory.test.ts" name="useShellHistory &gt; should not add empty or whitespace-only commands to history" time="0.055446667">
        </testcase>
        <testcase classname="src/ui/hooks/useShellHistory.test.ts" name="useShellHistory &gt; should truncate history to MAX_HISTORY_LENGTH (100)" time="0.107672375">
        </testcase>
        <testcase classname="src/ui/hooks/useShellHistory.test.ts" name="useShellHistory &gt; should move an existing command to the top when re-added" time="0.107758375">
        </testcase>
    </testsuite>
    <testsuite name="src/ui/hooks/useSynapticMemory.test.ts" timestamp="2025-08-09T16:14:05.788Z" hostname="3f33f7409819" tests="12" failures="12" errors="0" skipped="0" time="11.066380547">
        <testcase classname="src/ui/hooks/useSynapticMemory.test.ts" name="useSynapticMemory &gt; 初期状態が正しく設定されること" time="0.0233205">
            <failure message="expected undefined to be true // Object.is equality" type="AssertionError">
AssertionError: expected undefined to be true // Object.is equality

- Expected: 
true

+ Received: 
undefined

 ❯ src/ui/hooks/useSynapticMemory.test.ts:108:38
            </failure>
        </testcase>
        <testcase classname="src/ui/hooks/useSynapticMemory.test.ts" name="useSynapticMemory &gt; 初期化後にデータが読み込まれること" time="1.012537333">
            <failure message="expected undefined to be false // Object.is equality

Ignored nodes: comments, script, style
[36m&lt;html&gt;[39m
  [36m&lt;head /&gt;[39m
  [36m&lt;body&gt;[39m
    [36m&lt;div /&gt;[39m
  [36m&lt;/body&gt;[39m
[36m&lt;/html&gt;[39m" type="AssertionError">
AssertionError: expected undefined to be false // Object.is equality

Ignored nodes: comments, script, style
&lt;html&gt;
  &lt;head /&gt;
  &lt;body&gt;
    &lt;div /&gt;
  &lt;/body&gt;
&lt;/html&gt;

- Expected: 
false

+ Received: 
undefined

 ❯ src/ui/hooks/useSynapticMemory.test.ts:117:40
 ❯ runWithExpensiveErrorDiagnosticsDisabled node_modules/@testing-library/dom/dist/config.js:47:12
 ❯ checkCallback node_modules/@testing-library/dom/dist/wait-for.js:124:77
 ❯ Timeout.checkRealTimersCallback node_modules/@testing-library/dom/dist/wait-for.js:118:16
            </failure>
        </testcase>
        <testcase classname="src/ui/hooks/useSynapticMemory.test.ts" name="useSynapticMemory &gt; searchMemoriesが正しく動作すること" time="1.002922792">
            <failure message="expected undefined to be false // Object.is equality

Ignored nodes: comments, script, style
[36m&lt;html&gt;[39m
  [36m&lt;head /&gt;[39m
  [36m&lt;body&gt;[39m
    [36m&lt;div /&gt;[39m
  [36m&lt;/body&gt;[39m
[36m&lt;/html&gt;[39m" type="AssertionError">
AssertionError: expected undefined to be false // Object.is equality

Ignored nodes: comments, script, style
&lt;html&gt;
  &lt;head /&gt;
  &lt;body&gt;
    &lt;div /&gt;
  &lt;/body&gt;
&lt;/html&gt;

- Expected: 
false

+ Received: 
undefined

 ❯ src/ui/hooks/useSynapticMemory.test.ts:131:40
 ❯ runWithExpensiveErrorDiagnosticsDisabled node_modules/@testing-library/dom/dist/config.js:47:12
 ❯ checkCallback node_modules/@testing-library/dom/dist/wait-for.js:124:77
 ❯ Timeout.checkRealTimersCallback node_modules/@testing-library/dom/dist/wait-for.js:118:16
            </failure>
        </testcase>
        <testcase classname="src/ui/hooks/useSynapticMemory.test.ts" name="useSynapticMemory &gt; activateMemoryが正しく動作すること" time="1.002675334">
            <failure message="expected undefined to be false // Object.is equality

Ignored nodes: comments, script, style
[36m&lt;html&gt;[39m
  [36m&lt;head /&gt;[39m
  [36m&lt;body&gt;[39m
    [36m&lt;div /&gt;[39m
  [36m&lt;/body&gt;[39m
[36m&lt;/html&gt;[39m" type="AssertionError">
AssertionError: expected undefined to be false // Object.is equality

Ignored nodes: comments, script, style
&lt;html&gt;
  &lt;head /&gt;
  &lt;body&gt;
    &lt;div /&gt;
  &lt;/body&gt;
&lt;/html&gt;

- Expected: 
false

+ Received: 
undefined

 ❯ src/ui/hooks/useSynapticMemory.test.ts:150:40
 ❯ runWithExpensiveErrorDiagnosticsDisabled node_modules/@testing-library/dom/dist/config.js:47:12
 ❯ checkCallback node_modules/@testing-library/dom/dist/wait-for.js:124:77
 ❯ Timeout.checkRealTimersCallback node_modules/@testing-library/dom/dist/wait-for.js:118:16
            </failure>
        </testcase>
        <testcase classname="src/ui/hooks/useSynapticMemory.test.ts" name="useSynapticMemory &gt; refreshDataが正しく動作すること" time="1.003933958">
            <failure message="expected undefined to be false // Object.is equality

Ignored nodes: comments, script, style
[36m&lt;html&gt;[39m
  [36m&lt;head /&gt;[39m
  [36m&lt;body&gt;[39m
    [36m&lt;div /&gt;[39m
  [36m&lt;/body&gt;[39m
[36m&lt;/html&gt;[39m" type="AssertionError">
AssertionError: expected undefined to be false // Object.is equality

Ignored nodes: comments, script, style
&lt;html&gt;
  &lt;head /&gt;
  &lt;body&gt;
    &lt;div /&gt;
  &lt;/body&gt;
&lt;/html&gt;

- Expected: 
false

+ Received: 
undefined

 ❯ src/ui/hooks/useSynapticMemory.test.ts:173:40
 ❯ runWithExpensiveErrorDiagnosticsDisabled node_modules/@testing-library/dom/dist/config.js:47:12
 ❯ checkCallback node_modules/@testing-library/dom/dist/wait-for.js:124:77
 ❯ Timeout.checkRealTimersCallback node_modules/@testing-library/dom/dist/wait-for.js:118:16
            </failure>
        </testcase>
        <testcase classname="src/ui/hooks/useSynapticMemory.test.ts" name="useSynapticMemory &gt; 初期化エラーが正しくハンドリングされること" time="1.002775584">
            <failure message="expected undefined to be false // Object.is equality

Ignored nodes: comments, script, style
[36m&lt;html&gt;[39m
  [36m&lt;head /&gt;[39m
  [36m&lt;body&gt;[39m
    [36m&lt;div /&gt;[39m
  [36m&lt;/body&gt;[39m
[36m&lt;/html&gt;[39m" type="AssertionError">
AssertionError: expected undefined to be false // Object.is equality

Ignored nodes: comments, script, style
&lt;html&gt;
  &lt;head /&gt;
  &lt;body&gt;
    &lt;div /&gt;
  &lt;/body&gt;
&lt;/html&gt;

- Expected: 
false

+ Received: 
undefined

 ❯ src/ui/hooks/useSynapticMemory.test.ts:201:40
 ❯ runWithExpensiveErrorDiagnosticsDisabled node_modules/@testing-library/dom/dist/config.js:47:12
 ❯ checkCallback node_modules/@testing-library/dom/dist/wait-for.js:124:77
 ❯ Timeout.checkRealTimersCallback node_modules/@testing-library/dom/dist/wait-for.js:118:16
            </failure>
        </testcase>
        <testcase classname="src/ui/hooks/useSynapticMemory.test.ts" name="useSynapticMemory &gt; 検索エラーが正しくハンドリングされること" time="1.003137042">
            <failure message="expected undefined to be false // Object.is equality

Ignored nodes: comments, script, style
[36m&lt;html&gt;[39m
  [36m&lt;head /&gt;[39m
  [36m&lt;body&gt;[39m
    [36m&lt;div /&gt;[39m
  [36m&lt;/body&gt;[39m
[36m&lt;/html&gt;[39m" type="AssertionError">
AssertionError: expected undefined to be false // Object.is equality

Ignored nodes: comments, script, style
&lt;html&gt;
  &lt;head /&gt;
  &lt;body&gt;
    &lt;div /&gt;
  &lt;/body&gt;
&lt;/html&gt;

- Expected: 
false

+ Received: 
undefined

 ❯ src/ui/hooks/useSynapticMemory.test.ts:214:40
 ❯ runWithExpensiveErrorDiagnosticsDisabled node_modules/@testing-library/dom/dist/config.js:47:12
 ❯ checkCallback node_modules/@testing-library/dom/dist/wait-for.js:124:77
 ❯ Timeout.checkRealTimersCallback node_modules/@testing-library/dom/dist/wait-for.js:118:16
            </failure>
        </testcase>
        <testcase classname="src/ui/hooks/useSynapticMemory.test.ts" name="useSynapticMemory &gt; 活性化エラーが正しくハンドリングされること" time="1.002678625">
            <failure message="expected undefined to be false // Object.is equality

Ignored nodes: comments, script, style
[36m&lt;html&gt;[39m
  [36m&lt;head /&gt;[39m
  [36m&lt;body&gt;[39m
    [36m&lt;div /&gt;[39m
  [36m&lt;/body&gt;[39m
[36m&lt;/html&gt;[39m" type="AssertionError">
AssertionError: expected undefined to be false // Object.is equality

Ignored nodes: comments, script, style
&lt;html&gt;
  &lt;head /&gt;
  &lt;body&gt;
    &lt;div /&gt;
  &lt;/body&gt;
&lt;/html&gt;

- Expected: 
false

+ Received: 
undefined

 ❯ src/ui/hooks/useSynapticMemory.test.ts:231:40
 ❯ runWithExpensiveErrorDiagnosticsDisabled node_modules/@testing-library/dom/dist/config.js:47:12
 ❯ checkCallback node_modules/@testing-library/dom/dist/wait-for.js:124:77
 ❯ Timeout.checkRealTimersCallback node_modules/@testing-library/dom/dist/wait-for.js:118:16
            </failure>
        </testcase>
        <testcase classname="src/ui/hooks/useSynapticMemory.test.ts" name="useSynapticMemory &gt; データ更新エラーが正しくハンドリングされること" time="1.002278125">
            <failure message="expected undefined to be false // Object.is equality

Ignored nodes: comments, script, style
[36m&lt;html&gt;[39m
  [36m&lt;head /&gt;[39m
  [36m&lt;body&gt;[39m
    [36m&lt;div /&gt;[39m
  [36m&lt;/body&gt;[39m
[36m&lt;/html&gt;[39m" type="AssertionError">
AssertionError: expected undefined to be false // Object.is equality

Ignored nodes: comments, script, style
&lt;html&gt;
  &lt;head /&gt;
  &lt;body&gt;
    &lt;div /&gt;
  &lt;/body&gt;
&lt;/html&gt;

- Expected: 
false

+ Received: 
undefined

 ❯ src/ui/hooks/useSynapticMemory.test.ts:256:40
 ❯ runWithExpensiveErrorDiagnosticsDisabled node_modules/@testing-library/dom/dist/config.js:47:12
 ❯ checkCallback node_modules/@testing-library/dom/dist/wait-for.js:124:77
 ❯ Timeout.checkRealTimersCallback node_modules/@testing-library/dom/dist/wait-for.js:118:16
            </failure>
        </testcase>
        <testcase classname="src/ui/hooks/useSynapticMemory.test.ts" name="useSynapticMemory &gt; クリーンアップが正しく実行されること" time="1.003479251">
            <failure message="expected undefined to be false // Object.is equality

Ignored nodes: comments, script, style
[36m&lt;html&gt;[39m
  [36m&lt;head /&gt;[39m
  [36m&lt;body&gt;[39m
    [36m&lt;div /&gt;[39m
  [36m&lt;/body&gt;[39m
[36m&lt;/html&gt;[39m" type="AssertionError">
AssertionError: expected undefined to be false // Object.is equality

Ignored nodes: comments, script, style
&lt;html&gt;
  &lt;head /&gt;
  &lt;body&gt;
    &lt;div /&gt;
  &lt;/body&gt;
&lt;/html&gt;

- Expected: 
false

+ Received: 
undefined

 ❯ src/ui/hooks/useSynapticMemory.test.ts:273:40
 ❯ runWithExpensiveErrorDiagnosticsDisabled node_modules/@testing-library/dom/dist/config.js:47:12
 ❯ checkCallback node_modules/@testing-library/dom/dist/wait-for.js:124:77
 ❯ Timeout.checkRealTimersCallback node_modules/@testing-library/dom/dist/wait-for.js:118:16
            </failure>
        </testcase>
        <testcase classname="src/ui/hooks/useSynapticMemory.test.ts" name="useSynapticMemory &gt; 複数回の検索が正しく動作すること" time="1.003125167">
            <failure message="expected undefined to be false // Object.is equality

Ignored nodes: comments, script, style
[36m&lt;html&gt;[39m
  [36m&lt;head /&gt;[39m
  [36m&lt;body&gt;[39m
    [36m&lt;div /&gt;[39m
  [36m&lt;/body&gt;[39m
[36m&lt;/html&gt;[39m" type="AssertionError">
AssertionError: expected undefined to be false // Object.is equality

Ignored nodes: comments, script, style
&lt;html&gt;
  &lt;head /&gt;
  &lt;body&gt;
    &lt;div /&gt;
  &lt;/body&gt;
&lt;/html&gt;

- Expected: 
false

+ Received: 
undefined

 ❯ src/ui/hooks/useSynapticMemory.test.ts:285:40
 ❯ runWithExpensiveErrorDiagnosticsDisabled node_modules/@testing-library/dom/dist/config.js:47:12
 ❯ checkCallback node_modules/@testing-library/dom/dist/wait-for.js:124:77
 ❯ Timeout.checkRealTimersCallback node_modules/@testing-library/dom/dist/wait-for.js:118:16
            </failure>
        </testcase>
        <testcase classname="src/ui/hooks/useSynapticMemory.test.ts" name="useSynapticMemory &gt; 同期的な活性化操作が正しく動作すること" time="1.001944167">
            <failure message="expected undefined to be false // Object.is equality

Ignored nodes: comments, script, style
[36m&lt;html&gt;[39m
  [36m&lt;head /&gt;[39m
  [36m&lt;body&gt;[39m
    [36m&lt;div /&gt;[39m
  [36m&lt;/body&gt;[39m
[36m&lt;/html&gt;[39m" type="AssertionError">
AssertionError: expected undefined to be false // Object.is equality

Ignored nodes: comments, script, style
&lt;html&gt;
  &lt;head /&gt;
  &lt;body&gt;
    &lt;div /&gt;
  &lt;/body&gt;
&lt;/html&gt;

- Expected: 
false

+ Received: 
undefined

 ❯ src/ui/hooks/useSynapticMemory.test.ts:314:40
 ❯ runWithExpensiveErrorDiagnosticsDisabled node_modules/@testing-library/dom/dist/config.js:47:12
 ❯ checkCallback node_modules/@testing-library/dom/dist/wait-for.js:124:77
 ❯ Timeout.checkRealTimersCallback node_modules/@testing-library/dom/dist/wait-for.js:118:16
            </failure>
        </testcase>
    </testsuite>
    <testsuite name="src/ui/hooks/useTimer.test.ts" timestamp="2025-08-09T16:14:05.796Z" hostname="3f33f7409819" tests="8" failures="0" errors="0" skipped="0" time="0.019563417">
        <testcase classname="src/ui/hooks/useTimer.test.ts" name="useTimer &gt; should initialize with 0" time="0.00919175">
        </testcase>
        <testcase classname="src/ui/hooks/useTimer.test.ts" name="useTimer &gt; should not increment time if isActive is false" time="0.001238084">
        </testcase>
        <testcase classname="src/ui/hooks/useTimer.test.ts" name="useTimer &gt; should increment time every second if isActive is true" time="0.002105917">
        </testcase>
        <testcase classname="src/ui/hooks/useTimer.test.ts" name="useTimer &gt; should reset to 0 and start incrementing when isActive becomes true from false" time="0.001251958">
        </testcase>
        <testcase classname="src/ui/hooks/useTimer.test.ts" name="useTimer &gt; should reset to 0 when resetKey changes while active" time="0.001257417">
        </testcase>
        <testcase classname="src/ui/hooks/useTimer.test.ts" name="useTimer &gt; should be 0 if isActive is false, regardless of resetKey changes" time="0.000840875">
        </testcase>
        <testcase classname="src/ui/hooks/useTimer.test.ts" name="useTimer &gt; should clear timer on unmount" time="0.001450334">
        </testcase>
        <testcase classname="src/ui/hooks/useTimer.test.ts" name="useTimer &gt; should preserve elapsedTime when isActive becomes false, and reset to 0 when it becomes active again" time="0.001209917">
        </testcase>
    </testsuite>
    <testsuite name="src/ui/hooks/useToolScheduler.test.ts" timestamp="2025-08-09T16:14:05.798Z" hostname="3f33f7409819" tests="21" failures="0" errors="0" skipped="4" time="0.027689125">
        <testcase classname="src/ui/hooks/useToolScheduler.test.ts" name="useReactToolScheduler in YOLO Mode &gt; should skip confirmation and execute tool directly when yoloMode is true" time="0.015157292">
            <system-out>
[DEBUG] Tool execution completed for mockToolRequiresConfirmation (yoloCall): {
  toolResult: [32m&apos;YOLO Confirmed output&apos;[39m,
  returnDisplay: [32m&apos;YOLO Formatted tool output&apos;[39m
}
[DEBUG] Function response created for mockToolRequiresConfirmation (yoloCall): {
  functionResponse: {
    id: [32m&apos;yoloCall&apos;[39m,
    name: [32m&apos;mockToolRequiresConfirmation&apos;[39m,
    response: { output: [32m&apos;YOLO Confirmed output&apos;[39m }
  }
}

            </system-out>
        </testcase>
        <testcase classname="src/ui/hooks/useToolScheduler.test.ts" name="useReactToolScheduler &gt; initial state should be empty" time="0.001277291">
        </testcase>
        <testcase classname="src/ui/hooks/useToolScheduler.test.ts" name="useReactToolScheduler &gt; should schedule and execute a tool call successfully" time="0.001843542">
            <system-out>
[DEBUG] Tool execution completed for mockTool (call1): { toolResult: [32m&apos;Tool output&apos;[39m, returnDisplay: [32m&apos;Formatted tool output&apos;[39m }
[DEBUG] Function response created for mockTool (call1): {
  functionResponse: {
    id: [32m&apos;call1&apos;[39m,
    name: [32m&apos;mockTool&apos;[39m,
    response: { output: [32m&apos;Tool output&apos;[39m }
  }
}

            </system-out>
        </testcase>
        <testcase classname="src/ui/hooks/useToolScheduler.test.ts" name="useReactToolScheduler &gt; should handle tool not found" time="0.001475125">
        </testcase>
        <testcase classname="src/ui/hooks/useToolScheduler.test.ts" name="useReactToolScheduler &gt; should handle error during shouldConfirmExecute" time="0.0014865">
        </testcase>
        <testcase classname="src/ui/hooks/useToolScheduler.test.ts" name="useReactToolScheduler &gt; should handle error during execute" time="0.001326791">
        </testcase>
        <testcase classname="src/ui/hooks/useToolScheduler.test.ts" name="useReactToolScheduler &gt; should handle tool requiring confirmation - approved" time="0">
            <skipped/>
        </testcase>
        <testcase classname="src/ui/hooks/useToolScheduler.test.ts" name="useReactToolScheduler &gt; should handle tool requiring confirmation - cancelled by user" time="0">
            <skipped/>
        </testcase>
        <testcase classname="src/ui/hooks/useToolScheduler.test.ts" name="useReactToolScheduler &gt; should handle live output updates" time="0">
            <skipped/>
        </testcase>
        <testcase classname="src/ui/hooks/useToolScheduler.test.ts" name="useReactToolScheduler &gt; should schedule and execute multiple tool calls" time="0.002403792">
            <system-out>
[DEBUG] Tool execution completed for tool1 (multi1): { toolResult: [32m&apos;Output 1&apos;[39m, returnDisplay: [32m&apos;Display 1&apos;[39m }
[DEBUG] Function response created for tool1 (multi1): {
  functionResponse: { id: [32m&apos;multi1&apos;[39m, name: [32m&apos;tool1&apos;[39m, response: { output: [32m&apos;Output 1&apos;[39m } }
}
[DEBUG] Tool execution completed for tool2 (multi2): { toolResult: [32m&apos;Output 2&apos;[39m, returnDisplay: [32m&apos;Display 2&apos;[39m }
[DEBUG] Function response created for tool2 (multi2): {
  functionResponse: { id: [32m&apos;multi2&apos;[39m, name: [32m&apos;tool2&apos;[39m, response: { output: [32m&apos;Output 2&apos;[39m } }
}

            </system-out>
        </testcase>
        <testcase classname="src/ui/hooks/useToolScheduler.test.ts" name="useReactToolScheduler &gt; should throw error if scheduling while already running" time="0">
            <skipped/>
        </testcase>
        <testcase classname="src/ui/hooks/useToolScheduler.test.ts" name="mapToDisplay &gt; should map ToolCall with status &apos;validating&apos; (validating) correctly" time="0.000459958">
        </testcase>
        <testcase classname="src/ui/hooks/useToolScheduler.test.ts" name="mapToDisplay &gt; should map ToolCall with status &apos;awaiting_approval&apos; (awaiting_approval) correctly" time="0.00015275">
        </testcase>
        <testcase classname="src/ui/hooks/useToolScheduler.test.ts" name="mapToDisplay &gt; should map ToolCall with status &apos;scheduled&apos; (scheduled) correctly" time="0.00012975">
        </testcase>
        <testcase classname="src/ui/hooks/useToolScheduler.test.ts" name="mapToDisplay &gt; should map ToolCall with status &apos;executing&apos; (executing no live output) correctly" time="0.000126708">
        </testcase>
        <testcase classname="src/ui/hooks/useToolScheduler.test.ts" name="mapToDisplay &gt; should map ToolCall with status &apos;executing&apos; (executing with live output) correctly" time="0.000143042">
        </testcase>
        <testcase classname="src/ui/hooks/useToolScheduler.test.ts" name="mapToDisplay &gt; should map ToolCall with status &apos;success&apos; (success) correctly" time="0.000122583">
        </testcase>
        <testcase classname="src/ui/hooks/useToolScheduler.test.ts" name="mapToDisplay &gt; should map ToolCall with status &apos;error&apos; (error tool not found) correctly" time="0.000127125">
        </testcase>
        <testcase classname="src/ui/hooks/useToolScheduler.test.ts" name="mapToDisplay &gt; should map ToolCall with status &apos;error&apos; (error tool execution failed) correctly" time="0.000117083">
        </testcase>
        <testcase classname="src/ui/hooks/useToolScheduler.test.ts" name="mapToDisplay &gt; should map ToolCall with status &apos;cancelled&apos; (cancelled) correctly" time="0.000117083">
        </testcase>
        <testcase classname="src/ui/hooks/useToolScheduler.test.ts" name="mapToDisplay &gt; should map an array of ToolCalls correctly" time="0.00016225">
        </testcase>
    </testsuite>
    <testsuite name="src/ui/utils/MarkdownDisplay.test.tsx" timestamp="2025-08-09T16:14:05.804Z" hostname="3f33f7409819" tests="14" failures="0" errors="0" skipped="0" time="0.141092125">
        <testcase classname="src/ui/utils/MarkdownDisplay.test.tsx" name="&lt;MarkdownDisplay /&gt; &gt; renders nothing for empty text" time="0.009357042">
        </testcase>
        <testcase classname="src/ui/utils/MarkdownDisplay.test.tsx" name="&lt;MarkdownDisplay /&gt; &gt; renders a simple paragraph" time="0.00447225">
        </testcase>
        <testcase classname="src/ui/utils/MarkdownDisplay.test.tsx" name="&lt;MarkdownDisplay /&gt; &gt; renders headers with correct levels" time="0.002438167">
        </testcase>
        <testcase classname="src/ui/utils/MarkdownDisplay.test.tsx" name="&lt;MarkdownDisplay /&gt; &gt; renders a fenced code block with a language" time="0.010810583">
        </testcase>
        <testcase classname="src/ui/utils/MarkdownDisplay.test.tsx" name="&lt;MarkdownDisplay /&gt; &gt; renders a fenced code block without a language" time="0.081291375">
        </testcase>
        <testcase classname="src/ui/utils/MarkdownDisplay.test.tsx" name="&lt;MarkdownDisplay /&gt; &gt; handles unclosed (pending) code blocks" time="0.002211666">
        </testcase>
        <testcase classname="src/ui/utils/MarkdownDisplay.test.tsx" name="&lt;MarkdownDisplay /&gt; &gt; renders unordered lists with different markers" time="0.00167525">
        </testcase>
        <testcase classname="src/ui/utils/MarkdownDisplay.test.tsx" name="&lt;MarkdownDisplay /&gt; &gt; renders nested unordered lists" time="0.001718167">
        </testcase>
        <testcase classname="src/ui/utils/MarkdownDisplay.test.tsx" name="&lt;MarkdownDisplay /&gt; &gt; renders ordered lists" time="0.0015505">
        </testcase>
        <testcase classname="src/ui/utils/MarkdownDisplay.test.tsx" name="&lt;MarkdownDisplay /&gt; &gt; renders horizontal rules" time="0.001558167">
        </testcase>
        <testcase classname="src/ui/utils/MarkdownDisplay.test.tsx" name="&lt;MarkdownDisplay /&gt; &gt; renders tables correctly" time="0.00504375">
        </testcase>
        <testcase classname="src/ui/utils/MarkdownDisplay.test.tsx" name="&lt;MarkdownDisplay /&gt; &gt; handles a table at the end of the input" time="0.001640458">
        </testcase>
        <testcase classname="src/ui/utils/MarkdownDisplay.test.tsx" name="&lt;MarkdownDisplay /&gt; &gt; inserts a single space between paragraphs" time="0.001083458">
        </testcase>
        <testcase classname="src/ui/utils/MarkdownDisplay.test.tsx" name="&lt;MarkdownDisplay /&gt; &gt; correctly parses a mix of markdown elements" time="0.0151255">
        </testcase>
    </testsuite>
    <testsuite name="src/ui/utils/clipboardUtils.test.ts" timestamp="2025-08-09T16:14:05.808Z" hostname="3f33f7409819" tests="6" failures="0" errors="0" skipped="0" time="0.003083917">
        <testcase classname="src/ui/utils/clipboardUtils.test.ts" name="clipboardUtils &gt; clipboardHasImage &gt; should return false on non-macOS platforms" time="0.000784584">
        </testcase>
        <testcase classname="src/ui/utils/clipboardUtils.test.ts" name="clipboardUtils &gt; clipboardHasImage &gt; should return boolean on macOS" time="0.0000835">
        </testcase>
        <testcase classname="src/ui/utils/clipboardUtils.test.ts" name="clipboardUtils &gt; saveClipboardImage &gt; should return null on non-macOS platforms" time="0.000139875">
        </testcase>
        <testcase classname="src/ui/utils/clipboardUtils.test.ts" name="clipboardUtils &gt; saveClipboardImage &gt; should handle errors gracefully" time="0.000072584">
        </testcase>
        <testcase classname="src/ui/utils/clipboardUtils.test.ts" name="clipboardUtils &gt; cleanupOldClipboardImages &gt; should not throw errors" time="0.000850958">
        </testcase>
        <testcase classname="src/ui/utils/clipboardUtils.test.ts" name="clipboardUtils &gt; cleanupOldClipboardImages &gt; should complete without errors on valid directory" time="0.000316334">
        </testcase>
    </testsuite>
    <testsuite name="src/ui/utils/computeStats.test.ts" timestamp="2025-08-09T16:14:05.809Z" hostname="3f33f7409819" tests="11" failures="0" errors="0" skipped="0" time="0.002850125">
        <testcase classname="src/ui/utils/computeStats.test.ts" name="calculateErrorRate &gt; should return 0 if totalRequests is 0" time="0.000760542">
        </testcase>
        <testcase classname="src/ui/utils/computeStats.test.ts" name="calculateErrorRate &gt; should calculate the error rate correctly" time="0.000084958">
        </testcase>
        <testcase classname="src/ui/utils/computeStats.test.ts" name="calculateAverageLatency &gt; should return 0 if totalRequests is 0" time="0.000073125">
        </testcase>
        <testcase classname="src/ui/utils/computeStats.test.ts" name="calculateAverageLatency &gt; should calculate the average latency correctly" time="0.0000485">
        </testcase>
        <testcase classname="src/ui/utils/computeStats.test.ts" name="calculateCacheHitRate &gt; should return 0 if prompt tokens is 0" time="0.000062958">
        </testcase>
        <testcase classname="src/ui/utils/computeStats.test.ts" name="calculateCacheHitRate &gt; should calculate the cache hit rate correctly" time="0.000044958">
        </testcase>
        <testcase classname="src/ui/utils/computeStats.test.ts" name="computeSessionStats &gt; should return all zeros for initial empty metrics" time="0.00046125">
        </testcase>
        <testcase classname="src/ui/utils/computeStats.test.ts" name="computeSessionStats &gt; should correctly calculate API and tool time percentages" time="0.000152791">
        </testcase>
        <testcase classname="src/ui/utils/computeStats.test.ts" name="computeSessionStats &gt; should correctly calculate cache efficiency" time="0.0001025">
        </testcase>
        <testcase classname="src/ui/utils/computeStats.test.ts" name="computeSessionStats &gt; should correctly calculate success and agreement rates" time="0.000077083">
        </testcase>
        <testcase classname="src/ui/utils/computeStats.test.ts" name="computeSessionStats &gt; should handle division by zero gracefully" time="0.000109959">
        </testcase>
    </testsuite>
    <testsuite name="src/ui/utils/displayUtils.test.ts" timestamp="2025-08-09T16:14:05.812Z" hostname="3f33f7409819" tests="5" failures="0" errors="0" skipped="0" time="0.002131375">
        <testcase classname="src/ui/utils/displayUtils.test.ts" name="displayUtils &gt; getStatusColor &gt; should return green for values &gt;= green threshold" time="0.000895875">
        </testcase>
        <testcase classname="src/ui/utils/displayUtils.test.ts" name="displayUtils &gt; getStatusColor &gt; should return yellow for values &lt; green and &gt;= yellow threshold" time="0.000103417">
        </testcase>
        <testcase classname="src/ui/utils/displayUtils.test.ts" name="displayUtils &gt; getStatusColor &gt; should return red for values &lt; yellow threshold" time="0.000079458">
        </testcase>
        <testcase classname="src/ui/utils/displayUtils.test.ts" name="displayUtils &gt; getStatusColor &gt; should return defaultColor for values &lt; yellow threshold when provided" time="0.00013825">
        </testcase>
        <testcase classname="src/ui/utils/displayUtils.test.ts" name="displayUtils &gt; Threshold Constants &gt; should have the correct values" time="0.00015">
        </testcase>
    </testsuite>
    <testsuite name="src/ui/utils/errorParsing.test.ts" timestamp="2025-08-09T16:14:05.813Z" hostname="3f33f7409819" tests="21" failures="0" errors="0" skipped="0" time="0.004314083">
        <testcase classname="src/ui/utils/errorParsing.test.ts" name="parseAndFormatApiError &gt; should format a valid API error JSON" time="0.000996">
        </testcase>
        <testcase classname="src/ui/utils/errorParsing.test.ts" name="parseAndFormatApiError &gt; should format a 429 API error with the default message" time="0.000328709">
        </testcase>
        <testcase classname="src/ui/utils/errorParsing.test.ts" name="parseAndFormatApiError &gt; should format a 429 API error with the personal message" time="0.000224083">
        </testcase>
        <testcase classname="src/ui/utils/errorParsing.test.ts" name="parseAndFormatApiError &gt; should format a 429 API error with the vertex message" time="0.000081833">
        </testcase>
        <testcase classname="src/ui/utils/errorParsing.test.ts" name="parseAndFormatApiError &gt; should return the original message if it is not a JSON error" time="0.000047334">
        </testcase>
        <testcase classname="src/ui/utils/errorParsing.test.ts" name="parseAndFormatApiError &gt; should return the original message for malformed JSON" time="0.000049625">
        </testcase>
        <testcase classname="src/ui/utils/errorParsing.test.ts" name="parseAndFormatApiError &gt; should handle JSON that does not match the ApiError structure" time="0.000119458">
        </testcase>
        <testcase classname="src/ui/utils/errorParsing.test.ts" name="parseAndFormatApiError &gt; should format a nested API error" time="0.000122375">
        </testcase>
        <testcase classname="src/ui/utils/errorParsing.test.ts" name="parseAndFormatApiError &gt; should format a StructuredError" time="0.000057167">
        </testcase>
        <testcase classname="src/ui/utils/errorParsing.test.ts" name="parseAndFormatApiError &gt; should format a 429 StructuredError with the vertex message" time="0.000068042">
        </testcase>
        <testcase classname="src/ui/utils/errorParsing.test.ts" name="parseAndFormatApiError &gt; should handle an unknown error type" time="0.000042916">
        </testcase>
        <testcase classname="src/ui/utils/errorParsing.test.ts" name="parseAndFormatApiError &gt; should format a 429 API error with Pro quota exceeded message for Google auth (Free tier)" time="0.000138125">
        </testcase>
        <testcase classname="src/ui/utils/errorParsing.test.ts" name="parseAndFormatApiError &gt; should format a regular 429 API error with standard message for Google auth" time="0.000183333">
        </testcase>
        <testcase classname="src/ui/utils/errorParsing.test.ts" name="parseAndFormatApiError &gt; should format a 429 API error with generic quota exceeded message for Google auth" time="0.000123">
        </testcase>
        <testcase classname="src/ui/utils/errorParsing.test.ts" name="parseAndFormatApiError &gt; should prioritize Pro quota message over generic quota message for Google auth" time="0.000094667">
        </testcase>
        <testcase classname="src/ui/utils/errorParsing.test.ts" name="parseAndFormatApiError &gt; should format a 429 API error with Pro quota exceeded message for Google auth (Standard tier)" time="0.000111208">
        </testcase>
        <testcase classname="src/ui/utils/errorParsing.test.ts" name="parseAndFormatApiError &gt; should format a 429 API error with Pro quota exceeded message for Google auth (Legacy tier)" time="0.000108208">
        </testcase>
        <testcase classname="src/ui/utils/errorParsing.test.ts" name="parseAndFormatApiError &gt; should handle different Gemini 2.5 version strings in Pro quota exceeded errors" time="0.000112208">
        </testcase>
        <testcase classname="src/ui/utils/errorParsing.test.ts" name="parseAndFormatApiError &gt; should not match non-Pro models with similar version strings" time="0.000106667">
        </testcase>
        <testcase classname="src/ui/utils/errorParsing.test.ts" name="parseAndFormatApiError &gt; should format a generic quota exceeded message for Google auth (Standard tier)" time="0.000107875">
        </testcase>
        <testcase classname="src/ui/utils/errorParsing.test.ts" name="parseAndFormatApiError &gt; should format a regular 429 API error with standard message for Google auth (Standard tier)" time="0.000178792">
        </testcase>
    </testsuite>
    <testsuite name="src/ui/utils/formatters.test.ts" timestamp="2025-08-09T16:14:05.818Z" hostname="3f33f7409819" tests="14" failures="0" errors="0" skipped="0" time="0.002239375">
        <testcase classname="src/ui/utils/formatters.test.ts" name="formatters &gt; formatMemoryUsage &gt; should format bytes into KB" time="0.000794916">
        </testcase>
        <testcase classname="src/ui/utils/formatters.test.ts" name="formatters &gt; formatMemoryUsage &gt; should format bytes into MB" time="0.000075583">
        </testcase>
        <testcase classname="src/ui/utils/formatters.test.ts" name="formatters &gt; formatMemoryUsage &gt; should format bytes into GB" time="0.000053833">
        </testcase>
        <testcase classname="src/ui/utils/formatters.test.ts" name="formatters &gt; formatDuration &gt; should format milliseconds less than a second" time="0.000095708">
        </testcase>
        <testcase classname="src/ui/utils/formatters.test.ts" name="formatters &gt; formatDuration &gt; should format a duration of 0" time="0.000047416">
        </testcase>
        <testcase classname="src/ui/utils/formatters.test.ts" name="formatters &gt; formatDuration &gt; should format an exact number of seconds" time="0.000043791">
        </testcase>
        <testcase classname="src/ui/utils/formatters.test.ts" name="formatters &gt; formatDuration &gt; should format a duration in seconds with one decimal place" time="0.000042292">
        </testcase>
        <testcase classname="src/ui/utils/formatters.test.ts" name="formatters &gt; formatDuration &gt; should format an exact number of minutes" time="0.000042834">
        </testcase>
        <testcase classname="src/ui/utils/formatters.test.ts" name="formatters &gt; formatDuration &gt; should format a duration in minutes and seconds" time="0.000045416">
        </testcase>
        <testcase classname="src/ui/utils/formatters.test.ts" name="formatters &gt; formatDuration &gt; should format an exact number of hours" time="0.0000405">
        </testcase>
        <testcase classname="src/ui/utils/formatters.test.ts" name="formatters &gt; formatDuration &gt; should format a duration in hours and seconds" time="0.000039333">
        </testcase>
        <testcase classname="src/ui/utils/formatters.test.ts" name="formatters &gt; formatDuration &gt; should format a duration in hours, minutes, and seconds" time="0.000042792">
        </testcase>
        <testcase classname="src/ui/utils/formatters.test.ts" name="formatters &gt; formatDuration &gt; should handle large durations" time="0.000040791">
        </testcase>
        <testcase classname="src/ui/utils/formatters.test.ts" name="formatters &gt; formatDuration &gt; should handle negative durations" time="0.000039291">
        </testcase>
    </testsuite>
    <testsuite name="src/ui/utils/markdownUtilities.test.ts" timestamp="2025-08-09T16:14:05.821Z" hostname="3f33f7409819" tests="7" failures="0" errors="0" skipped="0" time="0.001937583">
        <testcase classname="src/ui/utils/markdownUtilities.test.ts" name="markdownUtilities &gt; findLastSafeSplitPoint &gt; should split at the last double newline if not in a code block" time="0.000803">
        </testcase>
        <testcase classname="src/ui/utils/markdownUtilities.test.ts" name="markdownUtilities &gt; findLastSafeSplitPoint &gt; should return content.length if no safe split point is found" time="0.000079167">
        </testcase>
        <testcase classname="src/ui/utils/markdownUtilities.test.ts" name="markdownUtilities &gt; findLastSafeSplitPoint &gt; should prioritize splitting at 

 over being at the very end of the string if the end is not in a code block" time="0.000060042">
        </testcase>
        <testcase classname="src/ui/utils/markdownUtilities.test.ts" name="markdownUtilities &gt; findLastSafeSplitPoint &gt; should return content.length if the only 

 is inside a code block and the end of content is not" time="0.000061416">
        </testcase>
        <testcase classname="src/ui/utils/markdownUtilities.test.ts" name="markdownUtilities &gt; findLastSafeSplitPoint &gt; should correctly identify the last 

 even if it is followed by text not in a code block" time="0.000051">
        </testcase>
        <testcase classname="src/ui/utils/markdownUtilities.test.ts" name="markdownUtilities &gt; findLastSafeSplitPoint &gt; should return content.length if content is empty" time="0.000043416">
        </testcase>
        <testcase classname="src/ui/utils/markdownUtilities.test.ts" name="markdownUtilities &gt; findLastSafeSplitPoint &gt; should return content.length if content has no newlines and no code blocks" time="0.000050792">
        </testcase>
    </testsuite>
    <testsuite name="src/ui/utils/textUtils.test.ts" timestamp="2025-08-09T16:14:05.823Z" hostname="3f33f7409819" tests="5" failures="0" errors="0" skipped="0" time="0.001844458">
        <testcase classname="src/ui/utils/textUtils.test.ts" name="textUtils &gt; isBinary &gt; should return true for a buffer containing a null byte" time="0.000827209">
        </testcase>
        <testcase classname="src/ui/utils/textUtils.test.ts" name="textUtils &gt; isBinary &gt; should return false for a buffer containing only text" time="0.000088667">
        </testcase>
        <testcase classname="src/ui/utils/textUtils.test.ts" name="textUtils &gt; isBinary &gt; should return false for an empty buffer" time="0.000062125">
        </testcase>
        <testcase classname="src/ui/utils/textUtils.test.ts" name="textUtils &gt; isBinary &gt; should return false for a null or undefined buffer" time="0.000070875">
        </testcase>
        <testcase classname="src/ui/utils/textUtils.test.ts" name="textUtils &gt; isBinary &gt; should only check the sample size" time="0.000116042">
        </testcase>
    </testsuite>
    <testsuite name="src/ui/utils/updateCheck.test.ts" timestamp="2025-08-09T16:14:05.825Z" hostname="3f33f7409819" tests="6" failures="1" errors="0" skipped="0" time="0.024179292">
        <testcase classname="src/ui/utils/updateCheck.test.ts" name="checkForUpdates &gt; should return null if package.json is missing" time="0.001379333">
        </testcase>
        <testcase classname="src/ui/utils/updateCheck.test.ts" name="checkForUpdates &gt; should return null if there is no update" time="0.000166">
        </testcase>
        <testcase classname="src/ui/utils/updateCheck.test.ts" name="checkForUpdates &gt; should return a message if a newer version is available" time="0.018720375">
            <failure message="the given combination of arguments (null and string) is invalid for this assertion. You can use an array, a map, an object, a set, a string, or a weakset instead of a string" type="AssertionError">
AssertionError: the given combination of arguments (null and string) is invalid for this assertion. You can use an array, a map, an object, a set, a string, or a weakset instead of a string
 ❯ src/ui/utils/updateCheck.test.ts:50:20
            </failure>
        </testcase>
        <testcase classname="src/ui/utils/updateCheck.test.ts" name="checkForUpdates &gt; should return null if the latest version is the same as the current version" time="0.002487542">
        </testcase>
        <testcase classname="src/ui/utils/updateCheck.test.ts" name="checkForUpdates &gt; should return null if the latest version is older than the current version" time="0.000137917">
        </testcase>
        <testcase classname="src/ui/utils/updateCheck.test.ts" name="checkForUpdates &gt; should handle errors gracefully" time="0.000127375">
        </testcase>
    </testsuite>
    <testsuite name="src/ui/components/messages/DiffRenderer.test.tsx" timestamp="2025-08-09T16:14:05.827Z" hostname="3f33f7409819" tests="13" failures="0" errors="0" skipped="0" time="0.17475075">
        <testcase classname="src/ui/components/messages/DiffRenderer.test.tsx" name="&lt;OverflowProvider&gt;&lt;DiffRenderer /&gt;&lt;/OverflowProvider&gt; &gt; should call colorizeCode with correct language for new file with known extension" time="0.0265975">
        </testcase>
        <testcase classname="src/ui/components/messages/DiffRenderer.test.tsx" name="&lt;OverflowProvider&gt;&lt;DiffRenderer /&gt;&lt;/OverflowProvider&gt; &gt; should call colorizeCode with null language for new file with unknown extension" time="0.087614209">
        </testcase>
        <testcase classname="src/ui/components/messages/DiffRenderer.test.tsx" name="&lt;OverflowProvider&gt;&lt;DiffRenderer /&gt;&lt;/OverflowProvider&gt; &gt; should call colorizeCode with null language for new file if no filename is provided" time="0.012148958">
        </testcase>
        <testcase classname="src/ui/components/messages/DiffRenderer.test.tsx" name="&lt;OverflowProvider&gt;&lt;DiffRenderer /&gt;&lt;/OverflowProvider&gt; &gt; should render diff content for existing file (not calling colorizeCode directly for the whole block)" time="0.003191375">
        </testcase>
        <testcase classname="src/ui/components/messages/DiffRenderer.test.tsx" name="&lt;OverflowProvider&gt;&lt;DiffRenderer /&gt;&lt;/OverflowProvider&gt; &gt; should handle diff with only header and no changes" time="0.001587667">
        </testcase>
        <testcase classname="src/ui/components/messages/DiffRenderer.test.tsx" name="&lt;OverflowProvider&gt;&lt;DiffRenderer /&gt;&lt;/OverflowProvider&gt; &gt; should handle empty diff content" time="0.000677209">
        </testcase>
        <testcase classname="src/ui/components/messages/DiffRenderer.test.tsx" name="&lt;OverflowProvider&gt;&lt;DiffRenderer /&gt;&lt;/OverflowProvider&gt; &gt; should render a gap indicator for skipped lines" time="0.005457375">
        </testcase>
        <testcase classname="src/ui/components/messages/DiffRenderer.test.tsx" name="&lt;OverflowProvider&gt;&lt;DiffRenderer /&gt;&lt;/OverflowProvider&gt; &gt; should not render a gap indicator for small gaps (&lt;= MAX_CONTEXT_LINES_WITHOUT_GAP)" time="0.00977025">
        </testcase>
        <testcase classname="src/ui/components/messages/DiffRenderer.test.tsx" name="&lt;OverflowProvider&gt;&lt;DiffRenderer /&gt;&lt;/OverflowProvider&gt; &gt; should correctly render a diff with multiple hunks and a gap indicator &gt; with terminalWidth 80 and height undefined" time="0.007304583">
        </testcase>
        <testcase classname="src/ui/components/messages/DiffRenderer.test.tsx" name="&lt;OverflowProvider&gt;&lt;DiffRenderer /&gt;&lt;/OverflowProvider&gt; &gt; should correctly render a diff with multiple hunks and a gap indicator &gt; with terminalWidth 80 and height 6" time="0.004765959">
        </testcase>
        <testcase classname="src/ui/components/messages/DiffRenderer.test.tsx" name="&lt;OverflowProvider&gt;&lt;DiffRenderer /&gt;&lt;/OverflowProvider&gt; &gt; should correctly render a diff with multiple hunks and a gap indicator &gt; with terminalWidth 30 and height 6" time="0.003854084">
        </testcase>
        <testcase classname="src/ui/components/messages/DiffRenderer.test.tsx" name="&lt;OverflowProvider&gt;&lt;DiffRenderer /&gt;&lt;/OverflowProvider&gt; &gt; should correctly render a diff with a SVN diff format" time="0.004009959">
        </testcase>
        <testcase classname="src/ui/components/messages/DiffRenderer.test.tsx" name="&lt;OverflowProvider&gt;&lt;DiffRenderer /&gt;&lt;/OverflowProvider&gt; &gt; should correctly render a new file with no file extension correctly" time="0.006578834">
        </testcase>
    </testsuite>
    <testsuite name="src/ui/components/messages/ToolConfirmationMessage.test.tsx" timestamp="2025-08-09T16:14:05.830Z" hostname="3f33f7409819" tests="2" failures="0" errors="0" skipped="0" time="0.023450792">
        <testcase classname="src/ui/components/messages/ToolConfirmationMessage.test.tsx" name="ToolConfirmationMessage &gt; should not display urls if prompt and url are the same" time="0.01737025">
        </testcase>
        <testcase classname="src/ui/components/messages/ToolConfirmationMessage.test.tsx" name="ToolConfirmationMessage &gt; should display urls if prompt and url are different" time="0.005280416">
        </testcase>
    </testsuite>
    <testsuite name="src/ui/components/messages/ToolMessage.test.tsx" timestamp="2025-08-09T16:14:05.831Z" hostname="3f33f7409819" tests="11" failures="0" errors="0" skipped="0" time="0.031057125">
        <testcase classname="src/ui/components/messages/ToolMessage.test.tsx" name="&lt;ToolMessage /&gt; &gt; renders basic tool information" time="0.015462125">
        </testcase>
        <testcase classname="src/ui/components/messages/ToolMessage.test.tsx" name="&lt;ToolMessage /&gt; &gt; ToolStatusIndicator rendering &gt; shows ✔ for Success status" time="0.001554209">
        </testcase>
        <testcase classname="src/ui/components/messages/ToolMessage.test.tsx" name="&lt;ToolMessage /&gt; &gt; ToolStatusIndicator rendering &gt; shows o for Pending status" time="0.001266125">
        </testcase>
        <testcase classname="src/ui/components/messages/ToolMessage.test.tsx" name="&lt;ToolMessage /&gt; &gt; ToolStatusIndicator rendering &gt; shows ? for Confirming status" time="0.0012795">
        </testcase>
        <testcase classname="src/ui/components/messages/ToolMessage.test.tsx" name="&lt;ToolMessage /&gt; &gt; ToolStatusIndicator rendering &gt; shows - for Canceled status" time="0.001170375">
        </testcase>
        <testcase classname="src/ui/components/messages/ToolMessage.test.tsx" name="&lt;ToolMessage /&gt; &gt; ToolStatusIndicator rendering &gt; shows x for Error status" time="0.001142875">
        </testcase>
        <testcase classname="src/ui/components/messages/ToolMessage.test.tsx" name="&lt;ToolMessage /&gt; &gt; ToolStatusIndicator rendering &gt; shows paused spinner for Executing status when streamingState is Idle" time="0.001312916">
        </testcase>
        <testcase classname="src/ui/components/messages/ToolMessage.test.tsx" name="&lt;ToolMessage /&gt; &gt; ToolStatusIndicator rendering &gt; shows paused spinner for Executing status when streamingState is WaitingForConfirmation" time="0.001274917">
        </testcase>
        <testcase classname="src/ui/components/messages/ToolMessage.test.tsx" name="&lt;ToolMessage /&gt; &gt; ToolStatusIndicator rendering &gt; shows MockRespondingSpinner for Executing status when streamingState is Responding" time="0.001400375">
        </testcase>
        <testcase classname="src/ui/components/messages/ToolMessage.test.tsx" name="&lt;ToolMessage /&gt; &gt; renders DiffRenderer for diff results" time="0.001860416">
        </testcase>
        <testcase classname="src/ui/components/messages/ToolMessage.test.tsx" name="&lt;ToolMessage /&gt; &gt; renders emphasis correctly" time="0.002497208">
        </testcase>
    </testsuite>
    <testsuite name="src/ui/components/shared/MaxSizedBox.test.tsx" timestamp="2025-08-09T16:14:05.833Z" hostname="3f33f7409819" tests="21" failures="0" errors="0" skipped="0" time="0.048474792">
        <testcase classname="src/ui/components/shared/MaxSizedBox.test.tsx" name="&lt;MaxSizedBox /&gt; &gt; renders children without truncation when they fit" time="0.013196042">
        </testcase>
        <testcase classname="src/ui/components/shared/MaxSizedBox.test.tsx" name="&lt;MaxSizedBox /&gt; &gt; hides lines when content exceeds maxHeight" time="0.001755667">
        </testcase>
        <testcase classname="src/ui/components/shared/MaxSizedBox.test.tsx" name="&lt;MaxSizedBox /&gt; &gt; hides lines at the end when content exceeds maxHeight and overflowDirection is bottom" time="0.001402333">
        </testcase>
        <testcase classname="src/ui/components/shared/MaxSizedBox.test.tsx" name="&lt;MaxSizedBox /&gt; &gt; wraps text that exceeds maxWidth" time="0.001682875">
        </testcase>
        <testcase classname="src/ui/components/shared/MaxSizedBox.test.tsx" name="&lt;MaxSizedBox /&gt; &gt; handles mixed wrapping and non-wrapping segments" time="0.005689709">
        </testcase>
        <testcase classname="src/ui/components/shared/MaxSizedBox.test.tsx" name="&lt;MaxSizedBox /&gt; &gt; handles words longer than maxWidth by splitting them" time="0.003446583">
        </testcase>
        <testcase classname="src/ui/components/shared/MaxSizedBox.test.tsx" name="&lt;MaxSizedBox /&gt; &gt; does not truncate when maxHeight is undefined" time="0.000965875">
        </testcase>
        <testcase classname="src/ui/components/shared/MaxSizedBox.test.tsx" name="&lt;MaxSizedBox /&gt; &gt; shows plural &quot;lines&quot; when more than one line is hidden" time="0.001279125">
        </testcase>
        <testcase classname="src/ui/components/shared/MaxSizedBox.test.tsx" name="&lt;MaxSizedBox /&gt; &gt; shows plural &quot;lines&quot; when more than one line is hidden and overflowDirection is bottom" time="0.001322458">
        </testcase>
        <testcase classname="src/ui/components/shared/MaxSizedBox.test.tsx" name="&lt;MaxSizedBox /&gt; &gt; renders an empty box for empty children" time="0.000404083">
        </testcase>
        <testcase classname="src/ui/components/shared/MaxSizedBox.test.tsx" name="&lt;MaxSizedBox /&gt; &gt; wraps text with multi-byte unicode characters correctly" time="0.000945792">
        </testcase>
        <testcase classname="src/ui/components/shared/MaxSizedBox.test.tsx" name="&lt;MaxSizedBox /&gt; &gt; wraps text with multi-byte emoji characters correctly" time="0.001014166">
        </testcase>
        <testcase classname="src/ui/components/shared/MaxSizedBox.test.tsx" name="&lt;MaxSizedBox /&gt; &gt; falls back to an ellipsis when width is extremely small" time="0.000852792">
        </testcase>
        <testcase classname="src/ui/components/shared/MaxSizedBox.test.tsx" name="&lt;MaxSizedBox /&gt; &gt; truncates long non-wrapping text with ellipsis" time="0.000807959">
        </testcase>
        <testcase classname="src/ui/components/shared/MaxSizedBox.test.tsx" name="&lt;MaxSizedBox /&gt; &gt; truncates non-wrapping text containing line breaks" time="0.000767042">
        </testcase>
        <testcase classname="src/ui/components/shared/MaxSizedBox.test.tsx" name="&lt;MaxSizedBox /&gt; &gt; truncates emoji characters correctly with ellipsis" time="0.000727084">
        </testcase>
        <testcase classname="src/ui/components/shared/MaxSizedBox.test.tsx" name="&lt;MaxSizedBox /&gt; &gt; shows ellipsis for multiple rows with long non-wrapping text" time="0.001243791">
        </testcase>
        <testcase classname="src/ui/components/shared/MaxSizedBox.test.tsx" name="&lt;MaxSizedBox /&gt; &gt; accounts for additionalHiddenLinesCount" time="0.000975041">
        </testcase>
        <testcase classname="src/ui/components/shared/MaxSizedBox.test.tsx" name="&lt;MaxSizedBox /&gt; &gt; handles React.Fragment as a child" time="0.001385875">
        </testcase>
        <testcase classname="src/ui/components/shared/MaxSizedBox.test.tsx" name="&lt;MaxSizedBox /&gt; &gt; clips a long single text child from the top" time="0.003270292">
        </testcase>
        <testcase classname="src/ui/components/shared/MaxSizedBox.test.tsx" name="&lt;MaxSizedBox /&gt; &gt; clips a long single text child from the bottom" time="0.004478125">
        </testcase>
    </testsuite>
    <testsuite name="src/ui/components/shared/text-buffer.test.ts" timestamp="2025-08-09T16:14:05.838Z" hostname="3f33f7409819" tests="73" failures="0" errors="0" skipped="0" time="0.108167417">
        <testcase classname="src/ui/components/shared/text-buffer.test.ts" name="textBufferReducer &gt; should return the initial state if state is undefined" time="0.001928375">
            <system-err>
Unknown action encountered: [object Object]

            </system-err>
        </testcase>
        <testcase classname="src/ui/components/shared/text-buffer.test.ts" name="textBufferReducer &gt; set_text action &gt; should set new text and move cursor to the end" time="0.000318375">
        </testcase>
        <testcase classname="src/ui/components/shared/text-buffer.test.ts" name="textBufferReducer &gt; set_text action &gt; should not create an undo snapshot if pushToUndo is false" time="0.000136083">
        </testcase>
        <testcase classname="src/ui/components/shared/text-buffer.test.ts" name="textBufferReducer &gt; insert action &gt; should insert a character" time="0.000275083">
        </testcase>
        <testcase classname="src/ui/components/shared/text-buffer.test.ts" name="textBufferReducer &gt; insert action &gt; should insert a newline" time="0.000102292">
        </testcase>
        <testcase classname="src/ui/components/shared/text-buffer.test.ts" name="textBufferReducer &gt; backspace action &gt; should remove a character" time="0.000087">
        </testcase>
        <testcase classname="src/ui/components/shared/text-buffer.test.ts" name="textBufferReducer &gt; backspace action &gt; should join lines if at the beginning of a line" time="0.0000855">
        </testcase>
        <testcase classname="src/ui/components/shared/text-buffer.test.ts" name="textBufferReducer &gt; undo/redo actions &gt; should undo and redo a change" time="0.000313542">
        </testcase>
        <testcase classname="src/ui/components/shared/text-buffer.test.ts" name="textBufferReducer &gt; create_undo_snapshot action &gt; should create a snapshot without changing state" time="0.000152667">
        </testcase>
        <testcase classname="src/ui/components/shared/text-buffer.test.ts" name="useTextBuffer &gt; Initialization &gt; should initialize with empty text and cursor at (0,0) by default" time="0.009432">
        </testcase>
        <testcase classname="src/ui/components/shared/text-buffer.test.ts" name="useTextBuffer &gt; Initialization &gt; should initialize with provided initialText" time="0.001931042">
        </testcase>
        <testcase classname="src/ui/components/shared/text-buffer.test.ts" name="useTextBuffer &gt; Initialization &gt; should initialize with initialText and initialCursorOffset" time="0.001168042">
        </testcase>
        <testcase classname="src/ui/components/shared/text-buffer.test.ts" name="useTextBuffer &gt; Initialization &gt; should wrap visual lines" time="0.001069333">
        </testcase>
        <testcase classname="src/ui/components/shared/text-buffer.test.ts" name="useTextBuffer &gt; Initialization &gt; should wrap visual lines with multiple spaces" time="0.001241875">
        </testcase>
        <testcase classname="src/ui/components/shared/text-buffer.test.ts" name="useTextBuffer &gt; Initialization &gt; should wrap visual lines even without spaces" time="0.000915708">
        </testcase>
        <testcase classname="src/ui/components/shared/text-buffer.test.ts" name="useTextBuffer &gt; Initialization &gt; should initialize with multi-byte unicode characters and correct cursor offset" time="0.001898">
        </testcase>
        <testcase classname="src/ui/components/shared/text-buffer.test.ts" name="useTextBuffer &gt; Basic Editing &gt; insert: should insert a character and update cursor" time="0.001447208">
        </testcase>
        <testcase classname="src/ui/components/shared/text-buffer.test.ts" name="useTextBuffer &gt; Basic Editing &gt; insert: should insert text in the middle of a line" time="0.001265209">
        </testcase>
        <testcase classname="src/ui/components/shared/text-buffer.test.ts" name="useTextBuffer &gt; Basic Editing &gt; newline: should create a new line and move cursor" time="0.00116025">
        </testcase>
        <testcase classname="src/ui/components/shared/text-buffer.test.ts" name="useTextBuffer &gt; Basic Editing &gt; backspace: should delete char to the left or merge lines" time="0.0013505">
        </testcase>
        <testcase classname="src/ui/components/shared/text-buffer.test.ts" name="useTextBuffer &gt; Basic Editing &gt; del: should delete char to the right or merge lines" time="0.001350042">
        </testcase>
        <testcase classname="src/ui/components/shared/text-buffer.test.ts" name="useTextBuffer &gt; Drag and Drop File Paths &gt; should prepend @ to a valid file path on insert" time="0.001108625">
        </testcase>
        <testcase classname="src/ui/components/shared/text-buffer.test.ts" name="useTextBuffer &gt; Drag and Drop File Paths &gt; should not prepend @ to an invalid file path on insert" time="0.001035916">
        </testcase>
        <testcase classname="src/ui/components/shared/text-buffer.test.ts" name="useTextBuffer &gt; Drag and Drop File Paths &gt; should handle quoted paths" time="0.00107175">
        </testcase>
        <testcase classname="src/ui/components/shared/text-buffer.test.ts" name="useTextBuffer &gt; Drag and Drop File Paths &gt; should not prepend @ to short text that is not a path" time="0.000936084">
        </testcase>
        <testcase classname="src/ui/components/shared/text-buffer.test.ts" name="useTextBuffer &gt; Shell Mode Behavior &gt; should not prepend @ to valid file paths when shellModeActive is true" time="0.001012209">
        </testcase>
        <testcase classname="src/ui/components/shared/text-buffer.test.ts" name="useTextBuffer &gt; Shell Mode Behavior &gt; should not prepend @ to quoted paths when shellModeActive is true" time="0.001062792">
        </testcase>
        <testcase classname="src/ui/components/shared/text-buffer.test.ts" name="useTextBuffer &gt; Shell Mode Behavior &gt; should behave normally with invalid paths when shellModeActive is true" time="0.001093791">
        </testcase>
        <testcase classname="src/ui/components/shared/text-buffer.test.ts" name="useTextBuffer &gt; Shell Mode Behavior &gt; should behave normally with short text when shellModeActive is true" time="0.000861458">
        </testcase>
        <testcase classname="src/ui/components/shared/text-buffer.test.ts" name="useTextBuffer &gt; Cursor Movement &gt; move: left/right should work within and across visual lines (due to wrapping)" time="0.00573025">
        </testcase>
        <testcase classname="src/ui/components/shared/text-buffer.test.ts" name="useTextBuffer &gt; Cursor Movement &gt; move: up/down should preserve preferred visual column" time="0.003151667">
        </testcase>
        <testcase classname="src/ui/components/shared/text-buffer.test.ts" name="useTextBuffer &gt; Cursor Movement &gt; move: home/end should go to visual line start/end" time="0.002634958">
        </testcase>
        <testcase classname="src/ui/components/shared/text-buffer.test.ts" name="useTextBuffer &gt; Visual Layout &amp; Viewport &gt; should wrap long lines correctly into visualLines" time="0.001180208">
        </testcase>
        <testcase classname="src/ui/components/shared/text-buffer.test.ts" name="useTextBuffer &gt; Visual Layout &amp; Viewport &gt; should update visualScrollRow when visualCursor moves out of viewport" time="0.002624333">
        </testcase>
        <testcase classname="src/ui/components/shared/text-buffer.test.ts" name="useTextBuffer &gt; Undo/Redo &gt; should undo and redo an insert operation" time="0.001475375">
        </testcase>
        <testcase classname="src/ui/components/shared/text-buffer.test.ts" name="useTextBuffer &gt; Undo/Redo &gt; should undo and redo a newline operation" time="0.001474541">
        </testcase>
        <testcase classname="src/ui/components/shared/text-buffer.test.ts" name="useTextBuffer &gt; Unicode Handling &gt; insert: should correctly handle multi-byte unicode characters" time="0.000817917">
        </testcase>
        <testcase classname="src/ui/components/shared/text-buffer.test.ts" name="useTextBuffer &gt; Unicode Handling &gt; backspace: should correctly delete multi-byte unicode characters" time="0.001061917">
        </testcase>
        <testcase classname="src/ui/components/shared/text-buffer.test.ts" name="useTextBuffer &gt; Unicode Handling &gt; move: left/right should treat multi-byte chars as single units for visual cursor" time="0.001275">
        </testcase>
        <testcase classname="src/ui/components/shared/text-buffer.test.ts" name="useTextBuffer &gt; handleInput &gt; should insert printable characters" time="0.001086083">
        </testcase>
        <testcase classname="src/ui/components/shared/text-buffer.test.ts" name="useTextBuffer &gt; handleInput &gt; should handle &quot;Enter&quot; key as newline" time="0.0009265">
        </testcase>
        <testcase classname="src/ui/components/shared/text-buffer.test.ts" name="useTextBuffer &gt; handleInput &gt; should handle &quot;Backspace&quot; key" time="0.000887583">
        </testcase>
        <testcase classname="src/ui/components/shared/text-buffer.test.ts" name="useTextBuffer &gt; handleInput &gt; should handle multiple delete characters in one input" time="0.001159208">
        </testcase>
        <testcase classname="src/ui/components/shared/text-buffer.test.ts" name="useTextBuffer &gt; handleInput &gt; should handle inserts that contain delete characters " time="0.000995041">
        </testcase>
        <testcase classname="src/ui/components/shared/text-buffer.test.ts" name="useTextBuffer &gt; handleInput &gt; should handle inserts with a mix of regular and delete characters " time="0.000949208">
        </testcase>
        <testcase classname="src/ui/components/shared/text-buffer.test.ts" name="useTextBuffer &gt; handleInput &gt; should handle arrow keys for movement" time="0.00094925">
        </testcase>
        <testcase classname="src/ui/components/shared/text-buffer.test.ts" name="useTextBuffer &gt; handleInput &gt; should strip ANSI escape codes when pasting text" time="0.00075675">
        </testcase>
        <testcase classname="src/ui/components/shared/text-buffer.test.ts" name="useTextBuffer &gt; handleInput &gt; should handle VSCode terminal Shift+Enter as newline" time="0.000673375">
        </testcase>
        <testcase classname="src/ui/components/shared/text-buffer.test.ts" name="useTextBuffer &gt; handleInput &gt; should correctly handle repeated pasting of long text" time="0.021602792">
        </testcase>
        <testcase classname="src/ui/components/shared/text-buffer.test.ts" name="useTextBuffer &gt; replaceRange &gt; should replace a single-line range with single-line text" time="0.00105625">
        </testcase>
        <testcase classname="src/ui/components/shared/text-buffer.test.ts" name="useTextBuffer &gt; replaceRange &gt; should replace a multi-line range with single-line text" time="0.000836167">
        </testcase>
        <testcase classname="src/ui/components/shared/text-buffer.test.ts" name="useTextBuffer &gt; replaceRange &gt; should delete a range when replacing with an empty string" time="0.000907875">
        </testcase>
        <testcase classname="src/ui/components/shared/text-buffer.test.ts" name="useTextBuffer &gt; replaceRange &gt; should handle replacing at the beginning of the text" time="0.000926458">
        </testcase>
        <testcase classname="src/ui/components/shared/text-buffer.test.ts" name="useTextBuffer &gt; replaceRange &gt; should handle replacing at the end of the text" time="0.000994209">
        </testcase>
        <testcase classname="src/ui/components/shared/text-buffer.test.ts" name="useTextBuffer &gt; replaceRange &gt; should handle replacing the entire buffer content" time="0.00122725">
        </testcase>
        <testcase classname="src/ui/components/shared/text-buffer.test.ts" name="useTextBuffer &gt; replaceRange &gt; should correctly replace with unicode characters" time="0.001102167">
        </testcase>
        <testcase classname="src/ui/components/shared/text-buffer.test.ts" name="useTextBuffer &gt; replaceRange &gt; should handle invalid range by returning false and not changing text" time="0.000869041">
        </testcase>
        <testcase classname="src/ui/components/shared/text-buffer.test.ts" name="useTextBuffer &gt; replaceRange &gt; replaceRange: multiple lines with a single character" time="0.00079725">
        </testcase>
        <testcase classname="src/ui/components/shared/text-buffer.test.ts" name="useTextBuffer &gt; Input Sanitization &gt; should strip ANSI escape codes from input" time="0.000742459">
        </testcase>
        <testcase classname="src/ui/components/shared/text-buffer.test.ts" name="useTextBuffer &gt; Input Sanitization &gt; should strip control characters from input" time="0.000992917">
        </testcase>
        <testcase classname="src/ui/components/shared/text-buffer.test.ts" name="useTextBuffer &gt; Input Sanitization &gt; should strip mixed ANSI and control characters from input" time="0.000837125">
        </testcase>
        <testcase classname="src/ui/components/shared/text-buffer.test.ts" name="useTextBuffer &gt; Input Sanitization &gt; should not strip standard characters or newlines" time="0.006038">
        </testcase>
        <testcase classname="src/ui/components/shared/text-buffer.test.ts" name="useTextBuffer &gt; Input Sanitization &gt; should sanitize pasted text via handleInput" time="0.000921875">
        </testcase>
        <testcase classname="src/ui/components/shared/text-buffer.test.ts" name="offsetToLogicalPos &gt; should return [0,0] for offset 0" time="0.000078959">
        </testcase>
        <testcase classname="src/ui/components/shared/text-buffer.test.ts" name="offsetToLogicalPos &gt; should handle single line text" time="0.000131167">
        </testcase>
        <testcase classname="src/ui/components/shared/text-buffer.test.ts" name="offsetToLogicalPos &gt; should handle multi-line text" time="0.000198167">
        </testcase>
        <testcase classname="src/ui/components/shared/text-buffer.test.ts" name="offsetToLogicalPos &gt; should handle empty lines" time="0.000112459">
        </testcase>
        <testcase classname="src/ui/components/shared/text-buffer.test.ts" name="offsetToLogicalPos &gt; should handle text ending with a newline" time="0.000081375">
        </testcase>
        <testcase classname="src/ui/components/shared/text-buffer.test.ts" name="offsetToLogicalPos &gt; should handle text starting with a newline" time="0.000081125">
        </testcase>
        <testcase classname="src/ui/components/shared/text-buffer.test.ts" name="offsetToLogicalPos &gt; should handle empty string input" time="0.000059167">
        </testcase>
        <testcase classname="src/ui/components/shared/text-buffer.test.ts" name="offsetToLogicalPos &gt; should handle multi-byte unicode characters correctly" time="0.000146041">
        </testcase>
        <testcase classname="src/ui/components/shared/text-buffer.test.ts" name="offsetToLogicalPos &gt; should handle offset exactly at newline character" time="0.000061166">
        </testcase>
        <testcase classname="src/ui/components/shared/text-buffer.test.ts" name="offsetToLogicalPos &gt; should handle offset in the middle of a multi-byte character (should place at start of that char)" time="0.000076292">
        </testcase>
    </testsuite>
</testsuites>
