<?xml version="1.0" encoding="UTF-8" ?>
<testsuites name="vitest tests" tests="757" failures="51" errors="0" time="24.889180963">
    <testsuite name="src/gemini.test.tsx" timestamp="2025-08-09T13:11:31.559Z" hostname="b4837af7dd83" tests="1" failures="0" errors="0" skipped="0" time="0.004289041">
        <testcase classname="src/gemini.test.tsx" name="gemini.tsx main function &gt; should call process.exit(1) if settings have errors" time="0.003606">
        </testcase>
    </testsuite>
    <testsuite name="src/nonInteractiveCli.test.ts" timestamp="2025-08-09T13:11:31.559Z" hostname="b4837af7dd83" tests="6" failures="6" errors="0" skipped="0" time="0.016740917">
        <testcase classname="src/nonInteractiveCli.test.ts" name="runNonInteractive &gt; should process input and write text output" time="0.013235958">
            <failure message="Cannot read properties of undefined (reading &apos;file&apos;)" type="TypeError">
TypeError: Cannot read properties of undefined (reading &apos;file&apos;)
 ❯ Module.runNonInteractive src/nonInteractiveCli.ts:71:12
 ❯ src/nonInteractiveCli.test.ts:85:5
            </failure>
        </testcase>
        <testcase classname="src/nonInteractiveCli.test.ts" name="runNonInteractive &gt; should handle a single tool call and respond" time="0.000602875">
            <failure message="Cannot read properties of undefined (reading &apos;file&apos;)" type="TypeError">
TypeError: Cannot read properties of undefined (reading &apos;file&apos;)
 ❯ Module.runNonInteractive src/nonInteractiveCli.ts:71:12
 ❯ src/nonInteractiveCli.test.ts:138:5
            </failure>
        </testcase>
        <testcase classname="src/nonInteractiveCli.test.ts" name="runNonInteractive &gt; should handle error during tool execution" time="0.000665833">
            <failure message="Cannot read properties of undefined (reading &apos;file&apos;)" type="TypeError">
TypeError: Cannot read properties of undefined (reading &apos;file&apos;)
 ❯ Module.runNonInteractive src/nonInteractiveCli.ts:71:12
 ❯ src/nonInteractiveCli.test.ts:198:5
            </failure>
        </testcase>
        <testcase classname="src/nonInteractiveCli.test.ts" name="runNonInteractive &gt; should exit with error if sendMessageStream throws initially" time="0.000503417">
            <failure message="Cannot read properties of undefined (reading &apos;file&apos;)" type="TypeError">
TypeError: Cannot read properties of undefined (reading &apos;file&apos;)
 ❯ Module.runNonInteractive src/nonInteractiveCli.ts:71:12
 ❯ src/nonInteractiveCli.test.ts:222:5
            </failure>
        </testcase>
        <testcase classname="src/nonInteractiveCli.test.ts" name="runNonInteractive &gt; should not exit if a tool is not found, and should send error back to model" time="0.000540625">
            <failure message="Cannot read properties of undefined (reading &apos;file&apos;)" type="TypeError">
TypeError: Cannot read properties of undefined (reading &apos;file&apos;)
 ❯ Module.runNonInteractive src/nonInteractiveCli.ts:71:12
 ❯ src/nonInteractiveCli.test.ts:274:5
            </failure>
        </testcase>
        <testcase classname="src/nonInteractiveCli.test.ts" name="runNonInteractive &gt; should exit when max session turns are exceeded" time="0.000461125">
            <failure message="Cannot read properties of undefined (reading &apos;file&apos;)" type="TypeError">
TypeError: Cannot read properties of undefined (reading &apos;file&apos;)
 ❯ Module.runNonInteractive src/nonInteractiveCli.ts:71:12
 ❯ src/nonInteractiveCli.test.ts:335:5
            </failure>
        </testcase>
    </testsuite>
    <testsuite name="src/config/auth.test.ts" timestamp="2025-08-09T13:11:31.564Z" hostname="b4837af7dd83" tests="14" failures="0" errors="0" skipped="0" time="0.004169833">
        <testcase classname="src/config/auth.test.ts" name="validateAuthMethod &gt; should return null for LOGIN_WITH_GOOGLE" time="0.001189167">
        </testcase>
        <testcase classname="src/config/auth.test.ts" name="validateAuthMethod &gt; should return null for CLOUD_SHELL" time="0.000216">
        </testcase>
        <testcase classname="src/config/auth.test.ts" name="validateAuthMethod &gt; USE_GEMINI &gt; should return null if GEMINI_API_KEY is set" time="0.000178042">
        </testcase>
        <testcase classname="src/config/auth.test.ts" name="validateAuthMethod &gt; USE_GEMINI &gt; should return an error message if GEMINI_API_KEY is not set" time="0.000208083">
        </testcase>
        <testcase classname="src/config/auth.test.ts" name="validateAuthMethod &gt; USE_VERTEX_AI &gt; should return null if GOOGLE_CLOUD_PROJECT and GOOGLE_CLOUD_LOCATION are set" time="0.000311">
        </testcase>
        <testcase classname="src/config/auth.test.ts" name="validateAuthMethod &gt; USE_VERTEX_AI &gt; should return null if GOOGLE_API_KEY is set" time="0.000183917">
        </testcase>
        <testcase classname="src/config/auth.test.ts" name="validateAuthMethod &gt; USE_VERTEX_AI &gt; should return an error message if no required environment variables are set" time="0.000138791">
        </testcase>
        <testcase classname="src/config/auth.test.ts" name="validateAuthMethod &gt; OPENAI_COMPATIBLE &gt; should return null if OPENAI_API_KEY and OPENAI_BASE_URL are set for external API" time="0.000143167">
        </testcase>
        <testcase classname="src/config/auth.test.ts" name="validateAuthMethod &gt; OPENAI_COMPATIBLE &gt; should return null if only base URL is set for local LLM" time="0.000138666">
        </testcase>
        <testcase classname="src/config/auth.test.ts" name="validateAuthMethod &gt; OPENAI_COMPATIBLE &gt; should return null if LOCAL_LLM_BASE_URL is set for local LLM" time="0.000191875">
        </testcase>
        <testcase classname="src/config/auth.test.ts" name="validateAuthMethod &gt; OPENAI_COMPATIBLE &gt; should return null if LOCAL_LLM_BASE_URL is set with host.docker.internal" time="0.000133375">
        </testcase>
        <testcase classname="src/config/auth.test.ts" name="validateAuthMethod &gt; OPENAI_COMPATIBLE &gt; should return an error message if API KEY is not set for external API" time="0.000148125">
        </testcase>
        <testcase classname="src/config/auth.test.ts" name="validateAuthMethod &gt; OPENAI_COMPATIBLE &gt; should return an error message if no base URL is set" time="0.000137833">
        </testcase>
        <testcase classname="src/config/auth.test.ts" name="validateAuthMethod &gt; should return an error message for an invalid auth method" time="0.000130292">
        </testcase>
    </testsuite>
    <testsuite name="src/config/config.integration.test.ts" timestamp="2025-08-09T13:11:31.568Z" hostname="b4837af7dd83" tests="11" failures="0" errors="0" skipped="0" time="0.030196917">
        <testcase classname="src/config/config.integration.test.ts" name="Configuration Integration Tests &gt; File Filtering Configuration &gt; should load default file filtering settings" time="0.022078292">
        </testcase>
        <testcase classname="src/config/config.integration.test.ts" name="Configuration Integration Tests &gt; File Filtering Configuration &gt; should load custom file filtering settings from configuration" time="0.001072416">
        </testcase>
        <testcase classname="src/config/config.integration.test.ts" name="Configuration Integration Tests &gt; File Filtering Configuration &gt; should merge user and workspace file filtering settings" time="0.000749458">
        </testcase>
        <testcase classname="src/config/config.integration.test.ts" name="Configuration Integration Tests &gt; Configuration Integration &gt; should handle partial configuration objects gracefully" time="0.000915541">
        </testcase>
        <testcase classname="src/config/config.integration.test.ts" name="Configuration Integration Tests &gt; Configuration Integration &gt; should handle empty configuration objects gracefully" time="0.000833">
        </testcase>
        <testcase classname="src/config/config.integration.test.ts" name="Configuration Integration Tests &gt; Configuration Integration &gt; should handle missing configuration sections gracefully" time="0.000758042">
        </testcase>
        <testcase classname="src/config/config.integration.test.ts" name="Configuration Integration Tests &gt; Real-world Configuration Scenarios &gt; should handle a security-focused configuration" time="0.000522292">
        </testcase>
        <testcase classname="src/config/config.integration.test.ts" name="Configuration Integration Tests &gt; Real-world Configuration Scenarios &gt; should handle a CI/CD environment configuration" time="0.000470083">
        </testcase>
        <testcase classname="src/config/config.integration.test.ts" name="Configuration Integration Tests &gt; Checkpointing Configuration &gt; should enable checkpointing when the setting is true" time="0.000620834">
        </testcase>
        <testcase classname="src/config/config.integration.test.ts" name="Configuration Integration Tests &gt; Extension Context Files &gt; should have an empty array for extension context files by default" time="0.000789541">
        </testcase>
        <testcase classname="src/config/config.integration.test.ts" name="Configuration Integration Tests &gt; Extension Context Files &gt; should correctly store and return extension context file paths" time="0.000504125">
        </testcase>
    </testsuite>
    <testsuite name="src/config/config.test.ts" timestamp="2025-08-09T13:11:31.571Z" hostname="b4837af7dd83" tests="59" failures="0" errors="0" skipped="0" time="0.423962875">
        <testcase classname="src/config/config.test.ts" name="parseArguments &gt; should throw an error when both --prompt and --prompt-interactive are used together" time="0.03712625">
        </testcase>
        <testcase classname="src/config/config.test.ts" name="parseArguments &gt; should throw an error when using short flags -p and -i together" time="0.025093375">
        </testcase>
        <testcase classname="src/config/config.test.ts" name="parseArguments &gt; should allow --prompt without --prompt-interactive" time="0.014152875">
        </testcase>
        <testcase classname="src/config/config.test.ts" name="parseArguments &gt; should allow --prompt-interactive without --prompt" time="0.003699167">
        </testcase>
        <testcase classname="src/config/config.test.ts" name="parseArguments &gt; should allow -i flag as alias for --prompt-interactive" time="0.003787208">
        </testcase>
        <testcase classname="src/config/config.test.ts" name="loadCliConfig &gt; should set showMemoryUsage to true when --show-memory-usage flag is present" time="0.032370875">
        </testcase>
        <testcase classname="src/config/config.test.ts" name="loadCliConfig &gt; should set showMemoryUsage to false when --memory flag is not present" time="0.008321917">
        </testcase>
        <testcase classname="src/config/config.test.ts" name="loadCliConfig &gt; should set showMemoryUsage to false by default from settings if CLI flag is not present" time="0.004200709">
        </testcase>
        <testcase classname="src/config/config.test.ts" name="loadCliConfig &gt; should prioritize CLI flag over settings for showMemoryUsage (CLI true, settings false)" time="0.004277166">
        </testcase>
        <testcase classname="src/config/config.test.ts" name="loadCliConfig telemetry &gt; should set telemetry to false by default when no flag or setting is present" time="0.005505833">
        </testcase>
        <testcase classname="src/config/config.test.ts" name="loadCliConfig telemetry &gt; should set telemetry to true when --telemetry flag is present" time="0.011850625">
            <system-out>
OpenTelemetry SDK started successfully.

            </system-out>
            <system-err>
Accessing resource attributes before async attributes settled

            </system-err>
        </testcase>
        <testcase classname="src/config/config.test.ts" name="loadCliConfig telemetry &gt; should set telemetry to false when --no-telemetry flag is present" time="0.008191875">
        </testcase>
        <testcase classname="src/config/config.test.ts" name="loadCliConfig telemetry &gt; should use telemetry value from settings if CLI flag is not present (settings true)" time="0.009710084">
        </testcase>
        <testcase classname="src/config/config.test.ts" name="loadCliConfig telemetry &gt; should use telemetry value from settings if CLI flag is not present (settings false)" time="0.007480584">
        </testcase>
        <testcase classname="src/config/config.test.ts" name="loadCliConfig telemetry &gt; should prioritize --telemetry CLI flag (true) over settings (false)" time="0.004553792">
        </testcase>
        <testcase classname="src/config/config.test.ts" name="loadCliConfig telemetry &gt; should prioritize --no-telemetry CLI flag (false) over settings (true)" time="0.00485575">
        </testcase>
        <testcase classname="src/config/config.test.ts" name="loadCliConfig telemetry &gt; should use telemetry OTLP endpoint from settings if CLI flag is not present" time="0.004447042">
        </testcase>
        <testcase classname="src/config/config.test.ts" name="loadCliConfig telemetry &gt; should prioritize --telemetry-otlp-endpoint CLI flag over settings" time="0.005406666">
        </testcase>
        <testcase classname="src/config/config.test.ts" name="loadCliConfig telemetry &gt; should use default endpoint if no OTLP endpoint is provided via CLI or settings" time="0.00481775">
        </testcase>
        <testcase classname="src/config/config.test.ts" name="loadCliConfig telemetry &gt; should use telemetry target from settings if CLI flag is not present" time="0.004136334">
        </testcase>
        <testcase classname="src/config/config.test.ts" name="loadCliConfig telemetry &gt; should prioritize --telemetry-target CLI flag over settings" time="0.003896666">
        </testcase>
        <testcase classname="src/config/config.test.ts" name="loadCliConfig telemetry &gt; should use default target if no target is provided via CLI or settings" time="0.006552709">
        </testcase>
        <testcase classname="src/config/config.test.ts" name="loadCliConfig telemetry &gt; should use telemetry log prompts from settings if CLI flag is not present" time="0.005167042">
        </testcase>
        <testcase classname="src/config/config.test.ts" name="loadCliConfig telemetry &gt; should prioritize --telemetry-log-prompts CLI flag (true) over settings (false)" time="0.003816833">
        </testcase>
        <testcase classname="src/config/config.test.ts" name="loadCliConfig telemetry &gt; should prioritize --no-telemetry-log-prompts CLI flag (false) over settings (true)" time="0.003971084">
        </testcase>
        <testcase classname="src/config/config.test.ts" name="loadCliConfig telemetry &gt; should use default log prompts (true) if no value is provided via CLI or settings" time="0.004617333">
        </testcase>
        <testcase classname="src/config/config.test.ts" name="Hierarchical Memory Loading (config.ts) - Placeholder Suite &gt; should pass extension context file paths to loadServerHierarchicalMemory" time="0.004202541">
        </testcase>
        <testcase classname="src/config/config.test.ts" name="mergeMcpServers &gt; should not modify the original settings object" time="0.0042705">
        </testcase>
        <testcase classname="src/config/config.test.ts" name="mergeExcludeTools &gt; should merge excludeTools from settings and extensions" time="0.004597458">
        </testcase>
        <testcase classname="src/config/config.test.ts" name="mergeExcludeTools &gt; should handle overlapping excludeTools between settings and extensions" time="0.004678709">
        </testcase>
        <testcase classname="src/config/config.test.ts" name="mergeExcludeTools &gt; should handle overlapping excludeTools between extensions" time="0.004141083">
        </testcase>
        <testcase classname="src/config/config.test.ts" name="mergeExcludeTools &gt; should return an empty array when no excludeTools are specified" time="0.007058583">
        </testcase>
        <testcase classname="src/config/config.test.ts" name="mergeExcludeTools &gt; should handle settings with excludeTools but no extensions" time="0.003912417">
        </testcase>
        <testcase classname="src/config/config.test.ts" name="mergeExcludeTools &gt; should handle extensions with excludeTools but no settings" time="0.003971">
        </testcase>
        <testcase classname="src/config/config.test.ts" name="mergeExcludeTools &gt; should not modify the original settings object" time="0.004388709">
        </testcase>
        <testcase classname="src/config/config.test.ts" name="loadCliConfig with allowed-mcp-server-names &gt; should allow all MCP servers if the flag is not provided" time="0.004466">
        </testcase>
        <testcase classname="src/config/config.test.ts" name="loadCliConfig with allowed-mcp-server-names &gt; should allow only the specified MCP server" time="0.004327042">
        </testcase>
        <testcase classname="src/config/config.test.ts" name="loadCliConfig with allowed-mcp-server-names &gt; should allow multiple specified MCP servers" time="0.008662292">
        </testcase>
        <testcase classname="src/config/config.test.ts" name="loadCliConfig with allowed-mcp-server-names &gt; should handle server names that do not exist" time="0.005683625">
        </testcase>
        <testcase classname="src/config/config.test.ts" name="loadCliConfig with allowed-mcp-server-names &gt; should allow no MCP servers if the flag is provided but empty" time="0.005241041">
        </testcase>
        <testcase classname="src/config/config.test.ts" name="loadCliConfig with allowed-mcp-server-names &gt; should read allowMCPServers from settings" time="0.004819625">
        </testcase>
        <testcase classname="src/config/config.test.ts" name="loadCliConfig with allowed-mcp-server-names &gt; should read excludeMCPServers from settings" time="0.005303083">
        </testcase>
        <testcase classname="src/config/config.test.ts" name="loadCliConfig with allowed-mcp-server-names &gt; should override allowMCPServers with excludeMCPServers if overlapping " time="0.006049167">
        </testcase>
        <testcase classname="src/config/config.test.ts" name="loadCliConfig with allowed-mcp-server-names &gt; should prioritize mcp server flag if set " time="0.008739375">
        </testcase>
        <testcase classname="src/config/config.test.ts" name="loadCliConfig extensions &gt; should not filter extensions if --extensions flag is not used" time="0.004514833">
        </testcase>
        <testcase classname="src/config/config.test.ts" name="loadCliConfig extensions &gt; should filter extensions if --extensions flag is used" time="0.004833">
            <system-out>
Activated extension: ext1 (version: 1.0.0)
Disabled extension: ext2

            </system-out>
        </testcase>
        <testcase classname="src/config/config.test.ts" name="loadCliConfig ideMode &gt; should be false by default" time="0.004100583">
        </testcase>
        <testcase classname="src/config/config.test.ts" name="loadCliConfig ideMode &gt; should be false if --ide-mode is true but TERM_PROGRAM is not vscode" time="0.004104">
        </testcase>
        <testcase classname="src/config/config.test.ts" name="loadCliConfig ideMode &gt; should be false if settings.ideMode is true but TERM_PROGRAM is not vscode" time="0.007617333">
        </testcase>
        <testcase classname="src/config/config.test.ts" name="loadCliConfig ideMode &gt; should be true when --ide-mode is set and TERM_PROGRAM is vscode" time="0.005686542">
        </testcase>
        <testcase classname="src/config/config.test.ts" name="loadCliConfig ideMode &gt; should be true when settings.ideMode is true and TERM_PROGRAM is vscode" time="0.004374041">
        </testcase>
        <testcase classname="src/config/config.test.ts" name="loadCliConfig ideMode &gt; should prioritize --ide-mode (true) over settings (false) when TERM_PROGRAM is vscode" time="0.005902208">
        </testcase>
        <testcase classname="src/config/config.test.ts" name="loadCliConfig ideMode &gt; should prioritize --no-ide-mode (false) over settings (true) even when TERM_PROGRAM is vscode" time="0.00437075">
        </testcase>
        <testcase classname="src/config/config.test.ts" name="loadCliConfig ideMode &gt; should be false when --ide-mode is true, TERM_PROGRAM is vscode, but SANDBOX is set" time="0.004847959">
        </testcase>
        <testcase classname="src/config/config.test.ts" name="loadCliConfig ideMode &gt; should be false when settings.ideMode is true, TERM_PROGRAM is vscode, but SANDBOX is set" time="0.015633792">
        </testcase>
        <testcase classname="src/config/config.test.ts" name="loadCliConfig ideMode &gt; should add _ide_server when ideMode is true" time="0.004334167">
        </testcase>
        <testcase classname="src/config/config.test.ts" name="loadCliConfig ideMode &gt; should throw an error if ideMode is true and no port is set" time="0.008058708">
        </testcase>
        <testcase classname="src/config/config.test.ts" name="loadCliConfig ideMode &gt; should warn and overwrite if settings contain the reserved _ide_server name and ideMode is active" time="0.010547625">
        </testcase>
        <testcase classname="src/config/config.test.ts" name="loadCliConfig ideMode &gt; should NOT warn if settings contain the reserved _ide_server name and ideMode is NOT active" time="0.006885709">
        </testcase>
    </testsuite>
    <testsuite name="src/config/extension.test.ts" timestamp="2025-08-09T13:11:31.586Z" hostname="b4837af7dd83" tests="7" failures="1" errors="0" skipped="0" time="0.015596666">
        <testcase classname="src/config/extension.test.ts" name="loadExtensions &gt; should load context file path when GEMINI.md is present" time="0.012320667">
            <system-out>
Loading extension: ext1 (version: 1.0.0)
Loading extension: ext2 (version: 2.0.0)

            </system-out>
            <failure message="expected [] to deeply equal [ Array(1) ]" type="AssertionError">
AssertionError: expected [] to deeply equal [ Array(1) ]

- Expected
+ Received

- [
-   &quot;/tmp/gemini-cli-test-workspace-NPbAyb/.gemini/extensions/ext1/GEMINI.md&quot;,
- ]
+ []

 ❯ src/config/extension.test.ts:59:32
            </failure>
        </testcase>
        <testcase classname="src/config/extension.test.ts" name="loadExtensions &gt; should load context file path from the extension config" time="0.00110725">
            <system-out>
Loading extension: ext1 (version: 1.0.0)

            </system-out>
        </testcase>
        <testcase classname="src/config/extension.test.ts" name="filterActiveExtensions &gt; should return all extensions if no enabled extensions are provided" time="0.000153416">
        </testcase>
        <testcase classname="src/config/extension.test.ts" name="filterActiveExtensions &gt; should return only the enabled extensions" time="0.000343209">
            <system-out>
Activated extension: ext1 (version: 1.0.0)
Disabled extension: ext2
Activated extension: ext3 (version: 1.0.0)

            </system-out>
        </testcase>
        <testcase classname="src/config/extension.test.ts" name="filterActiveExtensions &gt; should return no extensions when &quot;none&quot; is provided" time="0.000222791">
            <system-out>
All extensions are disabled.

            </system-out>
        </testcase>
        <testcase classname="src/config/extension.test.ts" name="filterActiveExtensions &gt; should handle case-insensitivity" time="0.000258583">
            <system-out>
Activated extension: ext1 (version: 1.0.0)
Disabled extension: ext2
Disabled extension: ext3

            </system-out>
        </testcase>
        <testcase classname="src/config/extension.test.ts" name="filterActiveExtensions &gt; should log an error for unknown extensions" time="0.000368583">
        </testcase>
    </testsuite>
    <testsuite name="src/config/settings.test.ts" timestamp="2025-08-09T13:11:31.590Z" hostname="b4837af7dd83" tests="25" failures="0" errors="0" skipped="0" time="0.021364292">
        <testcase classname="src/config/settings.test.ts" name="Settings Loading and Merging &gt; loadSettings &gt; should load empty settings if no files exist" time="0.002366625">
        </testcase>
        <testcase classname="src/config/settings.test.ts" name="Settings Loading and Merging &gt; loadSettings &gt; should load system settings if only system file exists" time="0.00133025">
        </testcase>
        <testcase classname="src/config/settings.test.ts" name="Settings Loading and Merging &gt; loadSettings &gt; should load user settings if only user file exists" time="0.000432542">
        </testcase>
        <testcase classname="src/config/settings.test.ts" name="Settings Loading and Merging &gt; loadSettings &gt; should load workspace settings if only workspace file exists" time="0.000439708">
        </testcase>
        <testcase classname="src/config/settings.test.ts" name="Settings Loading and Merging &gt; loadSettings &gt; should merge user and workspace settings, with workspace taking precedence" time="0.001433167">
        </testcase>
        <testcase classname="src/config/settings.test.ts" name="Settings Loading and Merging &gt; loadSettings &gt; should merge system, user and workspace settings, with system taking precedence over workspace, and workspace over user" time="0.000933083">
        </testcase>
        <testcase classname="src/config/settings.test.ts" name="Settings Loading and Merging &gt; loadSettings &gt; should handle contextFileName correctly when only in user settings" time="0.002200458">
        </testcase>
        <testcase classname="src/config/settings.test.ts" name="Settings Loading and Merging &gt; loadSettings &gt; should handle contextFileName correctly when only in workspace settings" time="0.000332292">
        </testcase>
        <testcase classname="src/config/settings.test.ts" name="Settings Loading and Merging &gt; loadSettings &gt; should default contextFileName to undefined if not in any settings file" time="0.001004542">
        </testcase>
        <testcase classname="src/config/settings.test.ts" name="Settings Loading and Merging &gt; loadSettings &gt; should load telemetry setting from user settings" time="0.000347875">
        </testcase>
        <testcase classname="src/config/settings.test.ts" name="Settings Loading and Merging &gt; loadSettings &gt; should load telemetry setting from workspace settings" time="0.000248042">
        </testcase>
        <testcase classname="src/config/settings.test.ts" name="Settings Loading and Merging &gt; loadSettings &gt; should prioritize workspace telemetry setting over user setting" time="0.000741292">
        </testcase>
        <testcase classname="src/config/settings.test.ts" name="Settings Loading and Merging &gt; loadSettings &gt; should have telemetry as undefined if not in any settings file" time="0.000271042">
        </testcase>
        <testcase classname="src/config/settings.test.ts" name="Settings Loading and Merging &gt; loadSettings &gt; should handle JSON parsing errors gracefully" time="0.002436625">
        </testcase>
        <testcase classname="src/config/settings.test.ts" name="Settings Loading and Merging &gt; loadSettings &gt; should resolve environment variables in user settings" time="0.000384416">
        </testcase>
        <testcase classname="src/config/settings.test.ts" name="Settings Loading and Merging &gt; loadSettings &gt; should resolve environment variables in workspace settings" time="0.000313292">
        </testcase>
        <testcase classname="src/config/settings.test.ts" name="Settings Loading and Merging &gt; loadSettings &gt; should prioritize user env variables over workspace env variables if keys clash after resolution" time="0.001926792">
        </testcase>
        <testcase classname="src/config/settings.test.ts" name="Settings Loading and Merging &gt; loadSettings &gt; should prioritize workspace env variables over user env variables if keys clash after resolution" time="0.0006905">
        </testcase>
        <testcase classname="src/config/settings.test.ts" name="Settings Loading and Merging &gt; loadSettings &gt; should prioritize system env variables over workspace env variables if keys clash after resolution" time="0.000471917">
        </testcase>
        <testcase classname="src/config/settings.test.ts" name="Settings Loading and Merging &gt; loadSettings &gt; should leave unresolved environment variables as is" time="0.000298208">
        </testcase>
        <testcase classname="src/config/settings.test.ts" name="Settings Loading and Merging &gt; loadSettings &gt; should resolve multiple environment variables in a single string" time="0.000295875">
        </testcase>
        <testcase classname="src/config/settings.test.ts" name="Settings Loading and Merging &gt; loadSettings &gt; should resolve environment variables in arrays" time="0.00039375">
        </testcase>
        <testcase classname="src/config/settings.test.ts" name="Settings Loading and Merging &gt; loadSettings &gt; should correctly pass through null, boolean, and number types, and handle undefined properties" time="0.000429875">
        </testcase>
        <testcase classname="src/config/settings.test.ts" name="Settings Loading and Merging &gt; loadSettings &gt; should resolve multiple concatenated environment variables in a single string value" time="0.000245791">
        </testcase>
        <testcase classname="src/config/settings.test.ts" name="Settings Loading and Merging &gt; LoadedSettings class &gt; setValue should update the correct scope and recompute merged settings" time="0.000532958">
        </testcase>
    </testsuite>
    <testsuite name="src/services/CommandService.test.ts" timestamp="2025-08-09T13:11:31.596Z" hostname="b4837af7dd83" tests="6" failures="0" errors="0" skipped="0" time="0.004141916">
        <testcase classname="src/services/CommandService.test.ts" name="CommandService &gt; when using default production loader &gt; should initialize with an empty command tree" time="0.00096">
        </testcase>
        <testcase classname="src/services/CommandService.test.ts" name="CommandService &gt; when using default production loader &gt; loadCommands &gt; should load the built-in commands into the command tree" time="0.001158917">
        </testcase>
        <testcase classname="src/services/CommandService.test.ts" name="CommandService &gt; when using default production loader &gt; loadCommands &gt; should include ide command when ideMode is on" time="0.000197708">
        </testcase>
        <testcase classname="src/services/CommandService.test.ts" name="CommandService &gt; when using default production loader &gt; loadCommands &gt; should overwrite any existing commands when called again" time="0.00010775">
        </testcase>
        <testcase classname="src/services/CommandService.test.ts" name="CommandService &gt; when using default production loader &gt; getCommandTree &gt; should return the current command tree" time="0.000581708">
        </testcase>
        <testcase classname="src/services/CommandService.test.ts" name="CommandService &gt; when initialized with an injected loader function &gt; should use the provided loader instead of the built-in one" time="0.000347083">
        </testcase>
    </testsuite>
    <testsuite name="src/test-utils/mockCommandContext.test.ts" timestamp="2025-08-09T13:11:31.598Z" hostname="b4837af7dd83" tests="3" failures="0" errors="0" skipped="0" time="0.002977">
        <testcase classname="src/test-utils/mockCommandContext.test.ts" name="createMockCommandContext &gt; should return a valid CommandContext object with default mocks" time="0.001515958">
        </testcase>
        <testcase classname="src/test-utils/mockCommandContext.test.ts" name="createMockCommandContext &gt; should apply top-level overrides correctly" time="0.000413209">
        </testcase>
        <testcase classname="src/test-utils/mockCommandContext.test.ts" name="createMockCommandContext &gt; should apply deeply nested overrides correctly" time="0.000219334">
        </testcase>
    </testsuite>
    <testsuite name="src/ui/App.test.tsx" timestamp="2025-08-09T13:11:31.599Z" hostname="b4837af7dd83" tests="16" failures="0" errors="0" skipped="0" time="0.263737292">
        <testcase classname="src/ui/App.test.tsx" name="App UI &gt; should display default &quot;GEMINI.md&quot; in footer when contextFileName is not set and count is 1" time="0.0334205">
        </testcase>
        <testcase classname="src/ui/App.test.tsx" name="App UI &gt; should display default &quot;GEMINI.md&quot; with plural when contextFileName is not set and count is &gt; 1" time="0.012214958">
        </testcase>
        <testcase classname="src/ui/App.test.tsx" name="App UI &gt; should display custom contextFileName in footer when set and count is 1" time="0.009172333">
        </testcase>
        <testcase classname="src/ui/App.test.tsx" name="App UI &gt; should display a generic message when multiple context files with different names are provided" time="0.009373084">
        </testcase>
        <testcase classname="src/ui/App.test.tsx" name="App UI &gt; should display custom contextFileName with plural when set and count is &gt; 1" time="0.011950958">
        </testcase>
        <testcase classname="src/ui/App.test.tsx" name="App UI &gt; should not display context file message if count is 0, even if contextFileName is set" time="0.00854975">
        </testcase>
        <testcase classname="src/ui/App.test.tsx" name="App UI &gt; should display GEMINI.md and MCP server count when both are present" time="0.009099417">
        </testcase>
        <testcase classname="src/ui/App.test.tsx" name="App UI &gt; should display only MCP server count when GEMINI.md count is 0" time="0.009282417">
        </testcase>
        <testcase classname="src/ui/App.test.tsx" name="App UI &gt; should display Tips component by default" time="0.010014791">
        </testcase>
        <testcase classname="src/ui/App.test.tsx" name="App UI &gt; should not display Tips component when hideTips is true" time="0.038516375">
        </testcase>
        <testcase classname="src/ui/App.test.tsx" name="App UI &gt; should display Header component by default" time="0.008461042">
        </testcase>
        <testcase classname="src/ui/App.test.tsx" name="App UI &gt; should not display Header component when hideBanner is true" time="0.023567708">
        </testcase>
        <testcase classname="src/ui/App.test.tsx" name="App UI &gt; should show tips if system says show, but workspace and user settings say hide" time="0.023215375">
        </testcase>
        <testcase classname="src/ui/App.test.tsx" name="App UI &gt; when no theme is set &gt; should display theme dialog if NO_COLOR is not set" time="0.023843417">
        </testcase>
        <testcase classname="src/ui/App.test.tsx" name="App UI &gt; when no theme is set &gt; should display a message if NO_COLOR is set" time="0.011394916">
        </testcase>
        <testcase classname="src/ui/App.test.tsx" name="App UI &gt; with initial prompt from --prompt-interactive &gt; should submit the initial prompt automatically" time="0.020565167">
        </testcase>
    </testsuite>
    <testsuite name="src/utils/startupWarnings.test.ts" timestamp="2025-08-09T13:11:31.603Z" hostname="b4837af7dd83" tests="4" failures="0" errors="0" skipped="4" time="0">
        <testcase classname="src/utils/startupWarnings.test.ts" name="startupWarnings &gt; should return warnings from the file and delete it" time="0">
            <skipped/>
        </testcase>
        <testcase classname="src/utils/startupWarnings.test.ts" name="startupWarnings &gt; should return an empty array if the file does not exist" time="0">
            <skipped/>
        </testcase>
        <testcase classname="src/utils/startupWarnings.test.ts" name="startupWarnings &gt; should return an error message if reading the file fails" time="0">
            <skipped/>
        </testcase>
        <testcase classname="src/utils/startupWarnings.test.ts" name="startupWarnings &gt; should return a warning if deleting the file fails" time="0">
            <skipped/>
        </testcase>
    </testsuite>
    <testsuite name="src/utils/userStartupWarnings.test.ts" timestamp="2025-08-09T13:11:31.604Z" hostname="b4837af7dd83" tests="3" failures="0" errors="0" skipped="0" time="0.002342541">
        <testcase classname="src/utils/userStartupWarnings.test.ts" name="getUserStartupWarnings &gt; home directory check &gt; should return a warning when running in home directory" time="0.001365334">
        </testcase>
        <testcase classname="src/utils/userStartupWarnings.test.ts" name="getUserStartupWarnings &gt; home directory check &gt; should not return a warning when running in a project directory" time="0.000152958">
        </testcase>
        <testcase classname="src/utils/userStartupWarnings.test.ts" name="getUserStartupWarnings &gt; home directory check &gt; should handle errors when checking directory" time="0.000142875">
        </testcase>
    </testsuite>
    <testsuite name="src/ui/contexts/SessionContext.test.tsx" timestamp="2025-08-09T13:11:31.606Z" hostname="b4837af7dd83" tests="3" failures="0" errors="0" skipped="0" time="0.023268334">
        <testcase classname="src/ui/contexts/SessionContext.test.tsx" name="SessionStatsContext &gt; should provide the correct initial state" time="0.010608292">
            <system-err>
An update to Root inside a test was not wrapped in act(...).

When testing, code that causes React state updates should be wrapped into act(...):

act(() =&gt; {
  /* fire events that update state */
});
/* assert on the output */

This ensures that you&apos;re testing the behavior the user would see in the browser. Learn more at https://react.dev/link/wrap-tests-with-act
An update to SessionStatsProvider inside a test was not wrapped in act(...).

When testing, code that causes React state updates should be wrapped into act(...):

act(() =&gt; {
  /* fire events that update state */
});
/* assert on the output */

This ensures that you&apos;re testing the behavior the user would see in the browser. Learn more at https://react.dev/link/wrap-tests-with-act

            </system-err>
        </testcase>
        <testcase classname="src/ui/contexts/SessionContext.test.tsx" name="SessionStatsContext &gt; should update metrics when the uiTelemetryService emits an update" time="0.001635375">
            <system-err>
An update to Root inside a test was not wrapped in act(...).

When testing, code that causes React state updates should be wrapped into act(...):

act(() =&gt; {
  /* fire events that update state */
});
/* assert on the output */

This ensures that you&apos;re testing the behavior the user would see in the browser. Learn more at https://react.dev/link/wrap-tests-with-act
An update to SessionStatsProvider inside a test was not wrapped in act(...).

When testing, code that causes React state updates should be wrapped into act(...):

act(() =&gt; {
  /* fire events that update state */
});
/* assert on the output */

This ensures that you&apos;re testing the behavior the user would see in the browser. Learn more at https://react.dev/link/wrap-tests-with-act
`ReactDOMTestUtils.act` is deprecated in favor of `React.act`. Import `act` from `react` instead of `react-dom/test-utils`. See https://react.dev/warnings/react-dom-test-utils for more info.

            </system-err>
        </testcase>
        <testcase classname="src/ui/contexts/SessionContext.test.tsx" name="SessionStatsContext &gt; should throw an error when useSessionStats is used outside of a provider" time="0.010038708">
        </testcase>
    </testsuite>
    <testsuite name="src/ui/commands/aboutCommand.test.ts" timestamp="2025-08-09T13:11:31.607Z" hostname="b4837af7dd83" tests="4" failures="0" errors="0" skipped="0" time="0.004930583">
        <testcase classname="src/ui/commands/aboutCommand.test.ts" name="aboutCommand &gt; should have the correct name and description" time="0.001375625">
        </testcase>
        <testcase classname="src/ui/commands/aboutCommand.test.ts" name="aboutCommand &gt; should call addItem with all version info" time="0.001818125">
        </testcase>
        <testcase classname="src/ui/commands/aboutCommand.test.ts" name="aboutCommand &gt; should show the correct sandbox environment variable" time="0.00059375">
        </testcase>
        <testcase classname="src/ui/commands/aboutCommand.test.ts" name="aboutCommand &gt; should show sandbox-exec profile when applicable" time="0.000389125">
        </testcase>
    </testsuite>
    <testsuite name="src/ui/commands/authCommand.test.ts" timestamp="2025-08-09T13:11:31.608Z" hostname="b4837af7dd83" tests="2" failures="0" errors="0" skipped="0" time="0.002517459">
        <testcase classname="src/ui/commands/authCommand.test.ts" name="authCommand &gt; should return a dialog action to open the auth dialog" time="0.0015775">
        </testcase>
        <testcase classname="src/ui/commands/authCommand.test.ts" name="authCommand &gt; should have the correct name and description" time="0.000251375">
        </testcase>
    </testsuite>
    <testsuite name="src/ui/commands/bugCommand.test.ts" timestamp="2025-08-09T13:11:31.609Z" hostname="b4837af7dd83" tests="2" failures="0" errors="0" skipped="0" time="0.003150833">
        <testcase classname="src/ui/commands/bugCommand.test.ts" name="bugCommand &gt; should generate the default GitHub issue URL" time="0.002027667">
        </testcase>
        <testcase classname="src/ui/commands/bugCommand.test.ts" name="bugCommand &gt; should use a custom URL template from config if provided" time="0.000417167">
        </testcase>
    </testsuite>
    <testsuite name="src/ui/commands/chatCommand.test.ts" timestamp="2025-08-09T13:11:31.610Z" hostname="b4837af7dd83" tests="11" failures="0" errors="0" skipped="0" time="0.00732925">
        <testcase classname="src/ui/commands/chatCommand.test.ts" name="chatCommand &gt; should have the correct main command definition" time="0.001872625">
        </testcase>
        <testcase classname="src/ui/commands/chatCommand.test.ts" name="chatCommand &gt; list subcommand &gt; should inform when no checkpoints are found" time="0.000881083">
        </testcase>
        <testcase classname="src/ui/commands/chatCommand.test.ts" name="chatCommand &gt; list subcommand &gt; should list found checkpoints" time="0.000500875">
        </testcase>
        <testcase classname="src/ui/commands/chatCommand.test.ts" name="chatCommand &gt; save subcommand &gt; should return an error if tag is missing" time="0.000313375">
        </testcase>
        <testcase classname="src/ui/commands/chatCommand.test.ts" name="chatCommand &gt; save subcommand &gt; should inform if conversation history is empty" time="0.000316083">
        </testcase>
        <testcase classname="src/ui/commands/chatCommand.test.ts" name="chatCommand &gt; save subcommand &gt; should save the conversation" time="0.000757959">
        </testcase>
        <testcase classname="src/ui/commands/chatCommand.test.ts" name="chatCommand &gt; resume subcommand &gt; should return an error if tag is missing" time="0.000381125">
        </testcase>
        <testcase classname="src/ui/commands/chatCommand.test.ts" name="chatCommand &gt; resume subcommand &gt; should inform if checkpoint is not found" time="0.000374208">
        </testcase>
        <testcase classname="src/ui/commands/chatCommand.test.ts" name="chatCommand &gt; resume subcommand &gt; should resume a conversation" time="0.000385125">
        </testcase>
        <testcase classname="src/ui/commands/chatCommand.test.ts" name="chatCommand &gt; resume subcommand &gt; completion &gt; should provide completion suggestions" time="0.000376791">
        </testcase>
        <testcase classname="src/ui/commands/chatCommand.test.ts" name="chatCommand &gt; resume subcommand &gt; completion &gt; should suggest filenames sorted by modified time (newest first)" time="0.000359292">
        </testcase>
    </testsuite>
    <testsuite name="src/ui/commands/clearCommand.test.ts" timestamp="2025-08-09T13:11:31.613Z" hostname="b4837af7dd83" tests="2" failures="0" errors="0" skipped="0" time="0.003693292">
        <testcase classname="src/ui/commands/clearCommand.test.ts" name="clearCommand &gt; should set debug message, reset chat, and clear UI when config is available" time="0.002494208">
        </testcase>
        <testcase classname="src/ui/commands/clearCommand.test.ts" name="clearCommand &gt; should not attempt to reset chat if config service is not available" time="0.000475958">
        </testcase>
    </testsuite>
    <testsuite name="src/ui/commands/compressCommand.test.ts" timestamp="2025-08-09T13:11:31.613Z" hostname="b4837af7dd83" tests="5" failures="0" errors="0" skipped="0" time="0.005545292">
        <testcase classname="src/ui/commands/compressCommand.test.ts" name="compressCommand &gt; should do nothing if a compression is already pending" time="0.0030495">
        </testcase>
        <testcase classname="src/ui/commands/compressCommand.test.ts" name="compressCommand &gt; should set pending item, call tryCompressChat, and add result on success" time="0.000944916">
        </testcase>
        <testcase classname="src/ui/commands/compressCommand.test.ts" name="compressCommand &gt; should add an error message if tryCompressChat returns falsy" time="0.000296584">
        </testcase>
        <testcase classname="src/ui/commands/compressCommand.test.ts" name="compressCommand &gt; should add an error message if tryCompressChat throws" time="0.000312042">
        </testcase>
        <testcase classname="src/ui/commands/compressCommand.test.ts" name="compressCommand &gt; should clear the pending item in a finally block" time="0.000224708">
        </testcase>
    </testsuite>
    <testsuite name="src/ui/commands/docsCommand.test.ts" timestamp="2025-08-09T13:11:31.615Z" hostname="b4837af7dd83" tests="3" failures="0" errors="0" skipped="0" time="0.003869791">
        <testcase classname="src/ui/commands/docsCommand.test.ts" name="docsCommand &gt; should add an info message and call &apos;open&apos; in a non-sandbox environment" time="0.002525917">
        </testcase>
        <testcase classname="src/ui/commands/docsCommand.test.ts" name="docsCommand &gt; should only add an info message in a sandbox environment" time="0.000398333">
        </testcase>
        <testcase classname="src/ui/commands/docsCommand.test.ts" name="docsCommand &gt; should not open browser for &apos;sandbox-exec&apos;" time="0.000241833">
        </testcase>
    </testsuite>
    <testsuite name="src/ui/commands/editorCommand.test.ts" timestamp="2025-08-09T13:11:31.616Z" hostname="b4837af7dd83" tests="2" failures="0" errors="0" skipped="0" time="0.002663375">
        <testcase classname="src/ui/commands/editorCommand.test.ts" name="editorCommand &gt; should return a dialog action to open the editor dialog" time="0.001754083">
        </testcase>
        <testcase classname="src/ui/commands/editorCommand.test.ts" name="editorCommand &gt; should have the correct name and description" time="0.000172541">
        </testcase>
    </testsuite>
    <testsuite name="src/ui/commands/extensionsCommand.test.ts" timestamp="2025-08-09T13:11:31.617Z" hostname="b4837af7dd83" tests="2" failures="0" errors="0" skipped="0" time="0.003832583">
        <testcase classname="src/ui/commands/extensionsCommand.test.ts" name="extensionsCommand &gt; should display &quot;No active extensions.&quot; when none are found" time="0.002782">
        </testcase>
        <testcase classname="src/ui/commands/extensionsCommand.test.ts" name="extensionsCommand &gt; should list active extensions when they are found" time="0.000334625">
        </testcase>
    </testsuite>
    <testsuite name="src/ui/commands/helpCommand.test.ts" timestamp="2025-08-09T13:11:31.617Z" hostname="b4837af7dd83" tests="2" failures="0" errors="0" skipped="0" time="0.002860292">
        <testcase classname="src/ui/commands/helpCommand.test.ts" name="helpCommand &gt; should return a dialog action and log a debug message for &apos;/help&apos;" time="0.002087167">
        </testcase>
        <testcase classname="src/ui/commands/helpCommand.test.ts" name="helpCommand &gt; should also be triggered by its alternative name &apos;?&apos;" time="0.000122917">
        </testcase>
    </testsuite>
    <testsuite name="src/ui/commands/ideCommand.test.ts" timestamp="2025-08-09T13:11:31.618Z" hostname="b4837af7dd83" tests="1" failures="1" errors="0" skipped="0" time="0">
        <testcase classname="src/ui/commands/ideCommand.test.ts" name="src/ui/commands/ideCommand.test.ts" time="0">
            <failure message="Failed to resolve import &quot;@google/gemini-cli-core&quot; from &quot;src/ui/commands/ideCommand.test.ts&quot;. Does the file exist?" type="Error">
Error: Failed to resolve import &quot;@google/gemini-cli-core&quot; from &quot;src/ui/commands/ideCommand.test.ts&quot;. Does the file exist?
  Plugin: vite:import-analysis
  File: /agents/packages/cli/src/ui/commands/ideCommand.test.ts:14:0
  12 |  const __vi_import_1__ = await import(&quot;child_process&quot;);
  13 |  const __vi_import_2__ = await import(&quot;glob&quot;);
  14 |  const __vi_import_3__ = await import(&quot;@google/gemini-cli-core&quot;);
     |                                       ^
  15 |  /**
  16 |   * @license
 ❯ TransformPluginContext._formatLog ../../node_modules/vite/dist/node/chunks/dep-Bsx9IwL8.js:31446:43
 ❯ TransformPluginContext.error ../../node_modules/vite/dist/node/chunks/dep-Bsx9IwL8.js:31443:14
 ❯ normalizeUrl ../../node_modules/vite/dist/node/chunks/dep-Bsx9IwL8.js:29992:18
 ❯ ../../node_modules/vite/dist/node/chunks/dep-Bsx9IwL8.js:30050:32
 ❯ TransformPluginContext.transform ../../node_modules/vite/dist/node/chunks/dep-Bsx9IwL8.js:30018:4
 ❯ EnvironmentPluginContainer.transform ../../node_modules/vite/dist/node/chunks/dep-Bsx9IwL8.js:31260:14
 ❯ loadAndTransform ../../node_modules/vite/dist/node/chunks/dep-Bsx9IwL8.js:26434:26
            </failure>
        </testcase>
    </testsuite>
    <testsuite name="src/ui/commands/mcpCommand.test.ts" timestamp="2025-08-09T13:11:31.619Z" hostname="b4837af7dd83" tests="1" failures="1" errors="0" skipped="0" time="0">
        <testcase classname="src/ui/commands/mcpCommand.test.ts" name="src/ui/commands/mcpCommand.test.ts" time="0">
            <failure message="Failed to resolve import &quot;@google/gemini-cli-core&quot; from &quot;src/ui/commands/mcpCommand.test.ts&quot;. Does the file exist?" type="Error">
Error: Failed to resolve import &quot;@google/gemini-cli-core&quot; from &quot;src/ui/commands/mcpCommand.test.ts&quot;. Does the file exist?
  Plugin: vite:import-analysis
  File: /agents/packages/cli/src/ui/commands/mcpCommand.test.ts:10:0
  12 |  const __vi_import_0__ = await import(&quot;./mcpCommand.js&quot;);
  13 |  const __vi_import_1__ = await import(&quot;../../test-utils/mockCommandContext.js&quot;);
  14 |  const __vi_import_2__ = await import(&quot;@google/gemini-cli-core&quot;);
     |                                       ^
  15 |  const __vi_import_3__ = await import(&quot;open&quot;);
  16 |  const __vi_import_4__ = await import(&quot;@google/genai&quot;);
 ❯ TransformPluginContext._formatLog ../../node_modules/vite/dist/node/chunks/dep-Bsx9IwL8.js:31446:43
 ❯ TransformPluginContext.error ../../node_modules/vite/dist/node/chunks/dep-Bsx9IwL8.js:31443:14
 ❯ normalizeUrl ../../node_modules/vite/dist/node/chunks/dep-Bsx9IwL8.js:29992:18
 ❯ ../../node_modules/vite/dist/node/chunks/dep-Bsx9IwL8.js:30050:32
 ❯ TransformPluginContext.transform ../../node_modules/vite/dist/node/chunks/dep-Bsx9IwL8.js:30018:4
 ❯ EnvironmentPluginContainer.transform ../../node_modules/vite/dist/node/chunks/dep-Bsx9IwL8.js:31260:14
 ❯ loadAndTransform ../../node_modules/vite/dist/node/chunks/dep-Bsx9IwL8.js:26434:26
            </failure>
        </testcase>
    </testsuite>
    <testsuite name="src/ui/commands/memoryCommand.test.ts" timestamp="2025-08-09T13:11:31.620Z" hostname="b4837af7dd83" tests="8" failures="0" errors="0" skipped="0" time="0.006631167">
        <testcase classname="src/ui/commands/memoryCommand.test.ts" name="memoryCommand &gt; /memory show &gt; should display a message if memory is empty" time="0.0029185">
        </testcase>
        <testcase classname="src/ui/commands/memoryCommand.test.ts" name="memoryCommand &gt; /memory show &gt; should display the memory content and file count if it exists" time="0.000376083">
        </testcase>
        <testcase classname="src/ui/commands/memoryCommand.test.ts" name="memoryCommand &gt; /memory add &gt; should return an error message if no arguments are provided" time="0.000360625">
        </testcase>
        <testcase classname="src/ui/commands/memoryCommand.test.ts" name="memoryCommand &gt; /memory add &gt; should return a tool action and add an info message when arguments are provided" time="0.000271792">
        </testcase>
        <testcase classname="src/ui/commands/memoryCommand.test.ts" name="memoryCommand &gt; /memory refresh &gt; should display success message when memory is refreshed with content" time="0.000582375">
        </testcase>
        <testcase classname="src/ui/commands/memoryCommand.test.ts" name="memoryCommand &gt; /memory refresh &gt; should display success message when memory is refreshed with no content" time="0.000260417">
        </testcase>
        <testcase classname="src/ui/commands/memoryCommand.test.ts" name="memoryCommand &gt; /memory refresh &gt; should display an error message if refreshing fails" time="0.000521">
        </testcase>
        <testcase classname="src/ui/commands/memoryCommand.test.ts" name="memoryCommand &gt; /memory refresh &gt; should not throw if config service is unavailable" time="0.000623792">
        </testcase>
    </testsuite>
    <testsuite name="src/ui/commands/privacyCommand.test.ts" timestamp="2025-08-09T13:11:31.622Z" hostname="b4837af7dd83" tests="2" failures="0" errors="0" skipped="0" time="0.002825041">
        <testcase classname="src/ui/commands/privacyCommand.test.ts" name="privacyCommand &gt; should return a dialog action to open the privacy dialog" time="0.001819708">
        </testcase>
        <testcase classname="src/ui/commands/privacyCommand.test.ts" name="privacyCommand &gt; should have the correct name and description" time="0.000253042">
        </testcase>
    </testsuite>
    <testsuite name="src/ui/commands/quitCommand.test.ts" timestamp="2025-08-09T13:11:31.623Z" hostname="b4837af7dd83" tests="1" failures="0" errors="0" skipped="0" time="0.003974667">
        <testcase classname="src/ui/commands/quitCommand.test.ts" name="quitCommand &gt; returns a QuitActionReturn object with the correct messages" time="0.003146583">
        </testcase>
    </testsuite>
    <testsuite name="src/ui/commands/statsCommand.test.ts" timestamp="2025-08-09T13:11:31.623Z" hostname="b4837af7dd83" tests="3" failures="0" errors="0" skipped="0" time="0.005411375">
        <testcase classname="src/ui/commands/statsCommand.test.ts" name="statsCommand &gt; should display general session stats when run with no subcommand" time="0.004096917">
        </testcase>
        <testcase classname="src/ui/commands/statsCommand.test.ts" name="statsCommand &gt; should display model stats when using the &quot;model&quot; subcommand" time="0.000368917">
        </testcase>
        <testcase classname="src/ui/commands/statsCommand.test.ts" name="statsCommand &gt; should display tool stats when using the &quot;tools&quot; subcommand" time="0.000233334">
        </testcase>
    </testsuite>
    <testsuite name="src/ui/commands/synapticCommand.test.ts" timestamp="2025-08-09T13:11:31.624Z" hostname="b4837af7dd83" tests="17" failures="17" errors="0" skipped="0" time="0.022451583">
        <testcase classname="src/ui/commands/synapticCommand.test.ts" name="synapticCommand &gt; 引数なしでダッシュボードを表示すること" time="0.010732375">
            <failure message="expected undefined to be true // Object.is equality" type="AssertionError">
AssertionError: expected undefined to be true // Object.is equality

- Expected: 
true

+ Received: 
undefined

 ❯ src/ui/commands/synapticCommand.test.ts:45:28
            </failure>
        </testcase>
        <testcase classname="src/ui/commands/synapticCommand.test.ts" name="synapticCommand &gt; helpコマンドでヘルプメッセージを表示すること" time="0.000368333">
            <failure message="expected undefined to be true // Object.is equality" type="AssertionError">
AssertionError: expected undefined to be true // Object.is equality

- Expected: 
true

+ Received: 
undefined

 ❯ src/ui/commands/synapticCommand.test.ts:57:28
            </failure>
        </testcase>
        <testcase classname="src/ui/commands/synapticCommand.test.ts" name="synapticCommand &gt; --helpフラグでヘルプメッセージを表示すること" time="0.000197625">
            <failure message="expected undefined to be true // Object.is equality" type="AssertionError">
AssertionError: expected undefined to be true // Object.is equality

- Expected: 
true

+ Received: 
undefined

 ❯ src/ui/commands/synapticCommand.test.ts:66:28
            </failure>
        </testcase>
        <testcase classname="src/ui/commands/synapticCommand.test.ts" name="synapticCommand &gt; -hフラグでヘルプメッセージを表示すること" time="0.000201959">
            <failure message="expected undefined to be true // Object.is equality" type="AssertionError">
AssertionError: expected undefined to be true // Object.is equality

- Expected: 
true

+ Received: 
undefined

 ❯ src/ui/commands/synapticCommand.test.ts:73:28
            </failure>
        </testcase>
        <testcase classname="src/ui/commands/synapticCommand.test.ts" name="synapticCommand &gt; statusコマンドでシステム状態を表示すること" time="0.000472042">
            <failure message="expected undefined to be true // Object.is equality" type="AssertionError">
AssertionError: expected undefined to be true // Object.is equality

- Expected: 
true

+ Received: 
undefined

 ❯ src/ui/commands/synapticCommand.test.ts:109:28
            </failure>
        </testcase>
        <testcase classname="src/ui/commands/synapticCommand.test.ts" name="synapticCommand &gt; searchコマンドでメモリ検索を実行すること" time="0.000267042">
            <failure message="expected undefined to be true // Object.is equality" type="AssertionError">
AssertionError: expected undefined to be true // Object.is equality

- Expected: 
true

+ Received: 
undefined

 ❯ src/ui/commands/synapticCommand.test.ts:143:28
            </failure>
        </testcase>
        <testcase classname="src/ui/commands/synapticCommand.test.ts" name="synapticCommand &gt; 検索クエリなしでsearchコマンドを実行した場合エラーになること" time="0.000177208">
            <failure message="expected undefined to be false // Object.is equality" type="AssertionError">
AssertionError: expected undefined to be false // Object.is equality

- Expected: 
false

+ Received: 
undefined

 ❯ src/ui/commands/synapticCommand.test.ts:153:28
            </failure>
        </testcase>
        <testcase classname="src/ui/commands/synapticCommand.test.ts" name="synapticCommand &gt; activateコマンドでメモリ活性化を実行すること" time="0.000253208">
            <failure message="expected undefined to be true // Object.is equality" type="AssertionError">
AssertionError: expected undefined to be true // Object.is equality

- Expected: 
true

+ Received: 
undefined

 ❯ src/ui/commands/synapticCommand.test.ts:179:28
            </failure>
        </testcase>
        <testcase classname="src/ui/commands/synapticCommand.test.ts" name="synapticCommand &gt; メモリIDなしでactivateコマンドを実行した場合エラーになること" time="0.000236291">
            <failure message="expected undefined to be false // Object.is equality" type="AssertionError">
AssertionError: expected undefined to be false // Object.is equality

- Expected: 
false

+ Received: 
undefined

 ❯ src/ui/commands/synapticCommand.test.ts:188:28
            </failure>
        </testcase>
        <testcase classname="src/ui/commands/synapticCommand.test.ts" name="synapticCommand &gt; 存在しないサブコマンドでエラーになること" time="0.000160291">
            <failure message="expected undefined to be false // Object.is equality" type="AssertionError">
AssertionError: expected undefined to be false // Object.is equality

- Expected: 
false

+ Received: 
undefined

 ❯ src/ui/commands/synapticCommand.test.ts:195:28
            </failure>
        </testcase>
        <testcase classname="src/ui/commands/synapticCommand.test.ts" name="synapticCommand &gt; ダッシュボード表示エラーをハンドリングすること" time="0.000168709">
            <failure message="expected undefined to be false // Object.is equality" type="AssertionError">
AssertionError: expected undefined to be false // Object.is equality

- Expected: 
false

+ Received: 
undefined

 ❯ src/ui/commands/synapticCommand.test.ts:204:28
            </failure>
        </testcase>
        <testcase classname="src/ui/commands/synapticCommand.test.ts" name="synapticCommand &gt; status取得エラーをハンドリングすること" time="0.000276084">
            <failure message="expected undefined to be false // Object.is equality" type="AssertionError">
AssertionError: expected undefined to be false // Object.is equality

- Expected: 
false

+ Received: 
undefined

 ❯ src/ui/commands/synapticCommand.test.ts:221:28
            </failure>
        </testcase>
        <testcase classname="src/ui/commands/synapticCommand.test.ts" name="synapticCommand &gt; 検索エラーをハンドリングすること" time="0.000220125">
            <failure message="expected undefined to be false // Object.is equality" type="AssertionError">
AssertionError: expected undefined to be false // Object.is equality

- Expected: 
false

+ Received: 
undefined

 ❯ src/ui/commands/synapticCommand.test.ts:236:28
            </failure>
        </testcase>
        <testcase classname="src/ui/commands/synapticCommand.test.ts" name="synapticCommand &gt; 活性化エラーをハンドリングすること" time="0.000209208">
            <failure message="expected undefined to be false // Object.is equality" type="AssertionError">
AssertionError: expected undefined to be false // Object.is equality

- Expected: 
false

+ Received: 
undefined

 ❯ src/ui/commands/synapticCommand.test.ts:253:28
            </failure>
        </testcase>
        <testcase classname="src/ui/commands/synapticCommand.test.ts" name="synapticCommand &gt; 検索結果が空の場合の処理" time="0.000211667">
            <failure message="expected undefined to be true // Object.is equality" type="AssertionError">
AssertionError: expected undefined to be true // Object.is equality

- Expected: 
true

+ Received: 
undefined

 ❯ src/ui/commands/synapticCommand.test.ts:268:28
            </failure>
        </testcase>
        <testcase classname="src/ui/commands/synapticCommand.test.ts" name="synapticCommand &gt; 活性化結果が空の場合の処理" time="0.000292458">
            <failure message="expected undefined to be true // Object.is equality" type="AssertionError">
AssertionError: expected undefined to be true // Object.is equality

- Expected: 
true

+ Received: 
undefined

 ❯ src/ui/commands/synapticCommand.test.ts:285:28
            </failure>
        </testcase>
        <testcase classname="src/ui/commands/synapticCommand.test.ts" name="synapticCommand &gt; 複雑な検索クエリを正しく解析すること" time="0.007191709">
            <failure message="expected &quot;spy&quot; to be called with arguments: [ &apos;複雑な検索クエリ&apos;, 10 ][90m

Number of calls: [1m0[22m
[39m" type="AssertionError">
AssertionError: expected &quot;spy&quot; to be called with arguments: [ &apos;複雑な検索クエリ&apos;, 10 ]

Number of calls: 0

 ❯ src/ui/commands/synapticCommand.test.ts:301:34
            </failure>
        </testcase>
    </testsuite>
    <testsuite name="src/ui/commands/themeCommand.test.ts" timestamp="2025-08-09T13:11:31.635Z" hostname="b4837af7dd83" tests="2" failures="0" errors="0" skipped="0" time="0.002851333">
        <testcase classname="src/ui/commands/themeCommand.test.ts" name="themeCommand &gt; should return a dialog action to open the theme dialog" time="0.001804417">
        </testcase>
        <testcase classname="src/ui/commands/themeCommand.test.ts" name="themeCommand &gt; should have the correct name and description" time="0.000272334">
        </testcase>
    </testsuite>
    <testsuite name="src/ui/commands/toolsCommand.test.ts" timestamp="2025-08-09T13:11:31.636Z" hostname="b4837af7dd83" tests="4" failures="0" errors="0" skipped="0" time="0.004787083">
        <testcase classname="src/ui/commands/toolsCommand.test.ts" name="toolsCommand &gt; should display an error if the tool registry is unavailable" time="0.002878958">
        </testcase>
        <testcase classname="src/ui/commands/toolsCommand.test.ts" name="toolsCommand &gt; should display &quot;No tools available&quot; when none are found" time="0.000621">
        </testcase>
        <testcase classname="src/ui/commands/toolsCommand.test.ts" name="toolsCommand &gt; should list tools without descriptions by default" time="0.000414541">
        </testcase>
        <testcase classname="src/ui/commands/toolsCommand.test.ts" name="toolsCommand &gt; should list tools with descriptions when &quot;desc&quot; arg is passed" time="0.000202417">
        </testcase>
    </testsuite>
    <testsuite name="src/ui/components/AuthDialog.test.tsx" timestamp="2025-08-09T13:11:31.637Z" hostname="b4837af7dd83" tests="10" failures="0" errors="0" skipped="0" time="0.377805041">
        <testcase classname="src/ui/components/AuthDialog.test.tsx" name="AuthDialog &gt; should show an error if the initial auth type is invalid" time="0.019633375">
        </testcase>
        <testcase classname="src/ui/components/AuthDialog.test.tsx" name="AuthDialog &gt; GEMINI_API_KEY environment variable &gt; should detect GEMINI_API_KEY environment variable" time="0.005355959">
        </testcase>
        <testcase classname="src/ui/components/AuthDialog.test.tsx" name="AuthDialog &gt; GEMINI_API_KEY environment variable &gt; should not show the GEMINI_API_KEY message if GEMINI_DEFAULT_AUTH_TYPE is set to something else" time="0.006345666">
        </testcase>
        <testcase classname="src/ui/components/AuthDialog.test.tsx" name="AuthDialog &gt; GEMINI_API_KEY environment variable &gt; should show the GEMINI_API_KEY message if GEMINI_DEFAULT_AUTH_TYPE is set to use api key" time="0.004321">
        </testcase>
        <testcase classname="src/ui/components/AuthDialog.test.tsx" name="AuthDialog &gt; GEMINI_DEFAULT_AUTH_TYPE environment variable &gt; should select the auth type specified by GEMINI_DEFAULT_AUTH_TYPE" time="0.003626">
        </testcase>
        <testcase classname="src/ui/components/AuthDialog.test.tsx" name="AuthDialog &gt; GEMINI_DEFAULT_AUTH_TYPE environment variable &gt; should fall back to default if GEMINI_DEFAULT_AUTH_TYPE is not set" time="0.003644791">
        </testcase>
        <testcase classname="src/ui/components/AuthDialog.test.tsx" name="AuthDialog &gt; GEMINI_DEFAULT_AUTH_TYPE environment variable &gt; should show an error and fall back to default if GEMINI_DEFAULT_AUTH_TYPE is invalid" time="0.009794292">
        </testcase>
        <testcase classname="src/ui/components/AuthDialog.test.tsx" name="AuthDialog &gt; should prevent exiting when no auth method is selected and show error message" time="0.10865175">
        </testcase>
        <testcase classname="src/ui/components/AuthDialog.test.tsx" name="AuthDialog &gt; should not exit if there is already an error message" time="0.108046833">
        </testcase>
        <testcase classname="src/ui/components/AuthDialog.test.tsx" name="AuthDialog &gt; should allow exiting when auth method is already selected" time="0.107469584">
        </testcase>
    </testsuite>
    <testsuite name="src/ui/components/HistoryItemDisplay.test.tsx" timestamp="2025-08-09T13:11:31.640Z" hostname="b4837af7dd83" tests="6" failures="0" errors="0" skipped="0" time="0.06428975">
        <testcase classname="src/ui/components/HistoryItemDisplay.test.tsx" name="&lt;HistoryItemDisplay /&gt; &gt; renders UserMessage for &quot;user&quot; type" time="0.013422375">
        </testcase>
        <testcase classname="src/ui/components/HistoryItemDisplay.test.tsx" name="&lt;HistoryItemDisplay /&gt; &gt; renders StatsDisplay for &quot;stats&quot; type" time="0.004901541">
        </testcase>
        <testcase classname="src/ui/components/HistoryItemDisplay.test.tsx" name="&lt;HistoryItemDisplay /&gt; &gt; renders AboutBox for &quot;about&quot; type" time="0.007500333">
        </testcase>
        <testcase classname="src/ui/components/HistoryItemDisplay.test.tsx" name="&lt;HistoryItemDisplay /&gt; &gt; renders ModelStatsDisplay for &quot;model_stats&quot; type" time="0.001855084">
        </testcase>
        <testcase classname="src/ui/components/HistoryItemDisplay.test.tsx" name="&lt;HistoryItemDisplay /&gt; &gt; renders ToolStatsDisplay for &quot;tool_stats&quot; type" time="0.001637583">
        </testcase>
        <testcase classname="src/ui/components/HistoryItemDisplay.test.tsx" name="&lt;HistoryItemDisplay /&gt; &gt; renders SessionSummaryDisplay for &quot;quit&quot; type" time="0.034193875">
        </testcase>
    </testsuite>
    <testsuite name="src/ui/components/InputPrompt.test.tsx" timestamp="2025-08-09T13:11:31.642Z" hostname="b4837af7dd83" tests="22" failures="0" errors="0" skipped="0" time="2.439811584">
        <testcase classname="src/ui/components/InputPrompt.test.tsx" name="InputPrompt &gt; should call shellHistory.getPreviousCommand on up arrow in shell mode" time="0.121704458">
        </testcase>
        <testcase classname="src/ui/components/InputPrompt.test.tsx" name="InputPrompt &gt; should call shellHistory.getNextCommand on down arrow in shell mode" time="0.105542792">
        </testcase>
        <testcase classname="src/ui/components/InputPrompt.test.tsx" name="InputPrompt &gt; should set the buffer text when a shell history command is retrieved" time="0.105762917">
        </testcase>
        <testcase classname="src/ui/components/InputPrompt.test.tsx" name="InputPrompt &gt; should call shellHistory.addCommandToHistory on submit in shell mode" time="0.105654667">
        </testcase>
        <testcase classname="src/ui/components/InputPrompt.test.tsx" name="InputPrompt &gt; should NOT call shell history methods when not in shell mode" time="0.208000334">
        </testcase>
        <testcase classname="src/ui/components/InputPrompt.test.tsx" name="InputPrompt &gt; clipboard image paste &gt; should handle Ctrl+V when clipboard has an image" time="0.105451708">
        </testcase>
        <testcase classname="src/ui/components/InputPrompt.test.tsx" name="InputPrompt &gt; clipboard image paste &gt; should not insert anything when clipboard has no image" time="0.104810458">
        </testcase>
        <testcase classname="src/ui/components/InputPrompt.test.tsx" name="InputPrompt &gt; clipboard image paste &gt; should handle image save failure gracefully" time="0.104698959">
        </testcase>
        <testcase classname="src/ui/components/InputPrompt.test.tsx" name="InputPrompt &gt; clipboard image paste &gt; should insert image path at cursor position with proper spacing" time="0.105274375">
        </testcase>
        <testcase classname="src/ui/components/InputPrompt.test.tsx" name="InputPrompt &gt; clipboard image paste &gt; should handle errors during clipboard operations" time="0.1054955">
        </testcase>
        <testcase classname="src/ui/components/InputPrompt.test.tsx" name="InputPrompt &gt; should complete a partial parent command and add a space" time="0.1069705">
        </testcase>
        <testcase classname="src/ui/components/InputPrompt.test.tsx" name="InputPrompt &gt; should append a sub-command when the parent command is already complete with a space" time="0.106442708">
        </testcase>
        <testcase classname="src/ui/components/InputPrompt.test.tsx" name="InputPrompt &gt; should handle the &quot;backspace&quot; edge case correctly" time="0.105175375">
        </testcase>
        <testcase classname="src/ui/components/InputPrompt.test.tsx" name="InputPrompt &gt; should complete a partial argument for a command" time="0.105526833">
        </testcase>
        <testcase classname="src/ui/components/InputPrompt.test.tsx" name="InputPrompt &gt; should autocomplete on Enter when suggestions are active, without submitting" time="0.106333708">
        </testcase>
        <testcase classname="src/ui/components/InputPrompt.test.tsx" name="InputPrompt &gt; should complete a command based on its altName" time="0.106023959">
        </testcase>
        <testcase classname="src/ui/components/InputPrompt.test.tsx" name="InputPrompt &gt; should not submit on Enter when the buffer is empty or only contains whitespace" time="0.104465292">
        </testcase>
        <testcase classname="src/ui/components/InputPrompt.test.tsx" name="InputPrompt &gt; should submit directly on Enter when a complete leaf command is typed" time="0.104895666">
        </testcase>
        <testcase classname="src/ui/components/InputPrompt.test.tsx" name="InputPrompt &gt; should autocomplete an @-path on Enter without submitting" time="0.104911041">
        </testcase>
        <testcase classname="src/ui/components/InputPrompt.test.tsx" name="InputPrompt &gt; should add a newline on enter when the line ends with a backslash" time="0.105035084">
        </testcase>
        <testcase classname="src/ui/components/InputPrompt.test.tsx" name="InputPrompt &gt; should clear the buffer on Ctrl+C if it has text" time="0.105113">
        </testcase>
        <testcase classname="src/ui/components/InputPrompt.test.tsx" name="InputPrompt &gt; should NOT clear the buffer on Ctrl+C if it is empty" time="0.105150084">
        </testcase>
    </testsuite>
    <testsuite name="src/ui/components/LoadingIndicator.test.tsx" timestamp="2025-08-09T13:11:31.647Z" hostname="b4837af7dd83" tests="11" failures="0" errors="0" skipped="0" time="0.029172917">
        <testcase classname="src/ui/components/LoadingIndicator.test.tsx" name="&lt;LoadingIndicator /&gt; &gt; should not render when streamingState is Idle" time="0.009150625">
        </testcase>
        <testcase classname="src/ui/components/LoadingIndicator.test.tsx" name="&lt;LoadingIndicator /&gt; &gt; should render spinner, phrase, and time when streamingState is Responding" time="0.006139375">
        </testcase>
        <testcase classname="src/ui/components/LoadingIndicator.test.tsx" name="&lt;LoadingIndicator /&gt; &gt; should render spinner (static), phrase but no time/cancel when streamingState is WaitingForConfirmation" time="0.001699875">
        </testcase>
        <testcase classname="src/ui/components/LoadingIndicator.test.tsx" name="&lt;LoadingIndicator /&gt; &gt; should display the currentLoadingPhrase correctly" time="0.0011165">
        </testcase>
        <testcase classname="src/ui/components/LoadingIndicator.test.tsx" name="&lt;LoadingIndicator /&gt; &gt; should display the elapsedTime correctly when Responding" time="0.001090958">
        </testcase>
        <testcase classname="src/ui/components/LoadingIndicator.test.tsx" name="&lt;LoadingIndicator /&gt; &gt; should display the elapsedTime correctly in human-readable format" time="0.000923709">
        </testcase>
        <testcase classname="src/ui/components/LoadingIndicator.test.tsx" name="&lt;LoadingIndicator /&gt; &gt; should render rightContent when provided" time="0.001018084">
        </testcase>
        <testcase classname="src/ui/components/LoadingIndicator.test.tsx" name="&lt;LoadingIndicator /&gt; &gt; should transition correctly between states using rerender" time="0.003352709">
        </testcase>
        <testcase classname="src/ui/components/LoadingIndicator.test.tsx" name="&lt;LoadingIndicator /&gt; &gt; should display fallback phrase if thought is empty" time="0.001050417">
        </testcase>
        <testcase classname="src/ui/components/LoadingIndicator.test.tsx" name="&lt;LoadingIndicator /&gt; &gt; should display the subject of a thought" time="0.001246125">
        </testcase>
        <testcase classname="src/ui/components/LoadingIndicator.test.tsx" name="&lt;LoadingIndicator /&gt; &gt; should prioritize thought.subject over currentLoadingPhrase" time="0.001397958">
        </testcase>
    </testsuite>
    <testsuite name="src/ui/components/ModelStatsDisplay.test.tsx" timestamp="2025-08-09T13:11:31.650Z" hostname="b4837af7dd83" tests="6" failures="0" errors="0" skipped="0" time="0.054079541">
        <testcase classname="src/ui/components/ModelStatsDisplay.test.tsx" name="&lt;ModelStatsDisplay /&gt; &gt; should render &quot;no API calls&quot; message when there are no active models" time="0.013630125">
        </testcase>
        <testcase classname="src/ui/components/ModelStatsDisplay.test.tsx" name="&lt;ModelStatsDisplay /&gt; &gt; should not display conditional rows if no model has data for them" time="0.009658833">
        </testcase>
        <testcase classname="src/ui/components/ModelStatsDisplay.test.tsx" name="&lt;ModelStatsDisplay /&gt; &gt; should display conditional rows if at least one model has data" time="0.011280333">
        </testcase>
        <testcase classname="src/ui/components/ModelStatsDisplay.test.tsx" name="&lt;ModelStatsDisplay /&gt; &gt; should display stats for multiple models correctly" time="0.007157084">
        </testcase>
        <testcase classname="src/ui/components/ModelStatsDisplay.test.tsx" name="&lt;ModelStatsDisplay /&gt; &gt; should handle large values without wrapping or overlapping" time="0.005807916">
        </testcase>
        <testcase classname="src/ui/components/ModelStatsDisplay.test.tsx" name="&lt;ModelStatsDisplay /&gt; &gt; should display a single model correctly" time="0.005720375">
        </testcase>
    </testsuite>
    <testsuite name="src/ui/components/SessionSummaryDisplay.test.tsx" timestamp="2025-08-09T13:11:31.651Z" hostname="b4837af7dd83" tests="1" failures="0" errors="0" skipped="0" time="0.03283175">
        <testcase classname="src/ui/components/SessionSummaryDisplay.test.tsx" name="&lt;SessionSummaryDisplay /&gt; &gt; renders the summary display with a title" time="0.032135625">
        </testcase>
    </testsuite>
    <testsuite name="src/ui/components/StatsDisplay.test.tsx" timestamp="2025-08-09T13:11:31.652Z" hostname="b4837af7dd83" tests="10" failures="0" errors="0" skipped="0" time="0.096762666">
        <testcase classname="src/ui/components/StatsDisplay.test.tsx" name="&lt;StatsDisplay /&gt; &gt; renders only the Performance section in its zero state" time="0.016762709">
        </testcase>
        <testcase classname="src/ui/components/StatsDisplay.test.tsx" name="&lt;StatsDisplay /&gt; &gt; renders a table with two models correctly" time="0.019058625">
        </testcase>
        <testcase classname="src/ui/components/StatsDisplay.test.tsx" name="&lt;StatsDisplay /&gt; &gt; renders all sections when all data is present" time="0.010369875">
        </testcase>
        <testcase classname="src/ui/components/StatsDisplay.test.tsx" name="&lt;StatsDisplay /&gt; &gt; Conditional Rendering Tests &gt; hides User Agreement when no decisions are made" time="0.0038345">
        </testcase>
        <testcase classname="src/ui/components/StatsDisplay.test.tsx" name="&lt;StatsDisplay /&gt; &gt; Conditional Rendering Tests &gt; hides Efficiency section when cache is not used" time="0.003937958">
        </testcase>
        <testcase classname="src/ui/components/StatsDisplay.test.tsx" name="&lt;StatsDisplay /&gt; &gt; Conditional Color Tests &gt; renders success rate in green for high values" time="0.005854167">
        </testcase>
        <testcase classname="src/ui/components/StatsDisplay.test.tsx" name="&lt;StatsDisplay /&gt; &gt; Conditional Color Tests &gt; renders success rate in yellow for medium values" time="0.003682917">
        </testcase>
        <testcase classname="src/ui/components/StatsDisplay.test.tsx" name="&lt;StatsDisplay /&gt; &gt; Conditional Color Tests &gt; renders success rate in red for low values" time="0.003218167">
        </testcase>
        <testcase classname="src/ui/components/StatsDisplay.test.tsx" name="&lt;StatsDisplay /&gt; &gt; Title Rendering &gt; renders the default title when no title prop is provided" time="0.002344208">
        </testcase>
        <testcase classname="src/ui/components/StatsDisplay.test.tsx" name="&lt;StatsDisplay /&gt; &gt; Title Rendering &gt; renders the custom title when a title prop is provided" time="0.026833166">
        </testcase>
    </testsuite>
    <testsuite name="src/ui/components/SynapticMemoryDashboard.test.tsx" timestamp="2025-08-09T13:11:31.655Z" hostname="b4837af7dd83" tests="12" failures="12" errors="0" skipped="0" time="4.189061752">
        <testcase classname="src/ui/components/SynapticMemoryDashboard.test.tsx" name="SynapticMemoryDashboard &gt; 正常にレンダリングされること" time="0.050763625">
            <failure message="Unable to find an element with the text: Synaptic Memory Dashboard. This could be because the text is broken up by multiple elements. In this case, you can provide a function for your text matcher to make your matcher more flexible.

Ignored nodes: comments, script, style
[36m&lt;body&gt;[39m
  [36m&lt;div&gt;[39m
    [36m&lt;ink-box[39m
      [33mstyle[39m=[32m&quot;flex-wrap: nowrap; flex-direction: column; flex-grow: 0; flex-shrink: 1; width: 52px; height: 20px; padding: 1px; overflow-x: visible; overflow-y: visible;&quot;[39m
    [36m&gt;[39m
      [36m&lt;ink-box[39m
        [33mstyle[39m=[32m&quot;flex-wrap: nowrap; flex-direction: row; flex-grow: 0; flex-shrink: 1; margin-bottom: 1px; overflow-x: visible; overflow-y: visible;&quot;[39m
      [36m&gt;[39m
        [36m&lt;ink-text[39m
          [33mstyle[39m=[32m&quot;flex-grow: 0; flex-shrink: 1; flex-direction: row; text-wrap: wrap;&quot;[39m
        [36m&gt;[39m
          [0mシナプス記憶システム ダッシュボード[0m
        [36m&lt;/ink-text&gt;[39m
      [36m&lt;/ink-box&gt;[39m
      [36m&lt;ink-box[39m
        [33mstyle[39m=[32m&quot;flex-wrap: nowrap; flex-direction: row; flex-grow: 0; flex-shrink: 1; margin-bottom: 1px; overflow-x: visible; overflow-y: visible;&quot;[39m
      [36m&gt;[39m
        [36m&lt;ink-box[39m
          [33mstyle[39m=[32m&quot;flex-wrap: nowrap; flex-direction: row; flex-grow: 0; flex-shrink: 1; margin-right: 2px; overflow-x: visible; overflow-y: visible;&quot;[39m
        [36m&gt;[39m
          [36m&lt;ink-text[39m
            [33mstyle[39m=[32m&quot;flex-grow: 0; flex-shrink: 1; flex-direction: row; text-wrap: wrap;&quot;[39m
          [36m&gt;[39m
            [0m[[0m
            [0m1[0m
            [0m] [0m
            [0m記憶一覧[0m
          [36m&lt;/ink-text&gt;[39m
        [36m&lt;/ink-box&gt;[39m
        [36m&lt;ink-box[39m
          [33mstyle[39m=[32m&quot;flex-wrap: nowrap; flex-direction: row; flex-grow: 0; flex-shrink: 1; margin-right: 2px; overflow-x: visible; overflow-y: visible;&quot;[39m
        [36m&gt;[39m
          [36m&lt;ink-text[39m
            [33mstyle[39m=[32m&quot;flex-grow: 0; flex-shrink: 1; flex-direction: row; text-wrap: wrap;&quot;[39m
          [36m&gt;[39m
            [0m[[0m
            [0m2[0m
            [0m] [0m
            [0mシナプス結合[0m
          [36m&lt;/ink-text&gt;[39m
        [36m&lt;/ink-box&gt;[39m
        [36m&lt;ink-box[39m
          [33mstyle[39m=[32m&quot;flex-wrap: nowrap; flex-direction: row; flex-grow: 0; flex-shrink: 1; margin-right: 2px; overflow-x: visible; overflow-y: visible;&quot;[39m
        [36m&gt;[39m
          [36m&lt;ink-text[39m
            [33mstyle[39m=[32m&quot;flex-grow: 0; flex-shrink: 1; flex-direction: row; text-wrap: wrap;&quot;[39m
          [36m&gt;[39m
            [0m[[0m
            [0m3[0m
            [0m] [0m
            [0mネットワーク診断[0m
          [36m&lt;/ink-text&gt;[39m
        [36m&lt;/ink-box&gt;[39m
        [36m&lt;ink-box[39m
          [33mstyle[39m=[32m&quot;flex-wrap: nowrap; flex-direction: row; flex-grow: 0; flex-shrink: 1; margin-right: 2px; overflow-x: visible; overflow-y: visible;&quot;[39m
        [36m&gt;[39m
          [36m&lt;ink-text[39m
            [33mstyle[39m=[32m&quot;flex-grow: 0; flex-shrink: 1; flex-direction: row; text-wrap: wrap;&quot;[39m
          [36m&gt;[39m
            [0m[[0m
            [0m4[0m
            [0m] [0m
            [0m設定[0m
          [36m&lt;/ink-text&gt;[39m
        [36m&lt;/ink-box&gt;[39m
      [36m&lt;/ink-box&gt;[39m
      [36m&lt;ink-box[39m
        [33mstyle[39m=[32m&quot;flex-wrap: nowrap; flex-direction: row; flex-grow: 1; flex-shrink: 1; overflow: hidden; overflow-x: hidden; overflow-y: hidden;&quot;[39m
      [36m&gt;[39m
        [36m&lt;ink-box[39m
          [33mstyle[39m=[32m&quot;flex-wrap: nowrap; flex-direction: column; flex-grow: 1; flex-shrink: 1; overflow-x: visible; overflow-y: visible;&quot;[39m
        [36m&gt;[39m
          [36m&lt;ink-box[39m
            [33mstyle[39m=[32m&quot;flex-wrap: nowrap; flex-direction: row; flex-grow: 0; flex-shrink: 1; margin-bottom: 1px; overflow-x: visible; overflow-y: visible;&quot;[39m
          [36m&gt;[39m
            [36m&lt;ink-text[39m
              [33mstyle[39m=[32m&quot;flex-grow: 0; flex-shrink: 1; flex-direction: row; text-wrap: wrap;&quot;[39m
            [36m&gt;[39m
              [0m記憶一覧 ([0m
              [0m3[0m
              [0m件)[0m
            [36m&lt;/ink-text&gt;[39m
          [36m&lt;/ink-box&gt;[39m
          [36m&lt;ink-box[39m
            [33mstyle[39m=[32m&quot;flex-wrap: nowrap; flex-direction: column; flex-grow: 0; flex-shrink: 0; width: 48px; overflow-x: visible; overflow-y: visible;&quot;[39m
          [36m&gt;[39m
            [36m&lt;ink-box[39m
              [33mstyle[39m=[32m&quot;flex-wrap: nowrap; flex-direction: row; flex-grow: 0; flex-shrink: 1; overflow-x: visible; overflow-y: visible;&quot;[39m
            [36m&gt;[39m
              [36m&lt;ink-text[39m
                [33mstyle[39m=[32m&quot;flex-grow: 0; flex-shrink: 1; flex-direction: row; text-wrap: wrap;&quot;[39m
              [36m&gt;[39m
                [0m► [0m
              [36m&lt;/ink-text&gt;[39m
              [36m&lt;ink-text[39m
                [33mstyle[39m=[32m&quot;flex-grow: 0; flex-shrink: 1; flex-direction: row; text-wrap: wrap;&quot;[39m
              [36m&gt;[39m
                [0m[[0m
              [36m&lt;/ink-text&gt;[39m
              [36m&lt;ink-text[39m
                [33mstyle[39m=[32m&quot;flex-grow: 0; flex-shrink: 1; flex-direction: row; text-wrap: wrap;&quot;[39m
              [36m&gt;[39m
                [0mmem-001[0m
              [36m&lt;/ink-text&gt;[39m
              [36m&lt;ink-text[39m
                [33mstyle[39m=[32m&quot;flex-grow: 0; flex-shrink: 1; flex-direction: row; text-wrap: wrap;&quot;[39m
              [36m&gt;[39m
                [0m] [0m
              [36m&lt;/ink-text&gt;[39m
              [36m&lt;ink-text[39m
                [33mstyle[39m=[32m&quot;flex-grow: 0; flex-shrink: 1; flex-direction: row; text-wrap: wrap;&quot;[39m
              [36m&gt;[39m
                [0mGPT-5プロンプトガイドの分析結果[0m
              [36m&lt;/ink-text&gt;[39m
            [36m&lt;/ink-box&gt;[39m
            [36m&lt;ink-box[39m
              [33mstyle[39m=[32m&quot;flex-wrap: nowrap; flex-direction: row; flex-grow: 0; flex-shrink: 1; overflow-x: visible; overflow-y: visible;&quot;[39m
            [36m&gt;[39m
              [36m&lt;ink-text[39m
                [33mstyle[39m=[32m&quot;flex-grow: 0; flex-shrink: 1; flex-direction: row; text-wrap: wrap;&quot;[39m
              [36m&gt;[39m
                [0m  [0m
              [36m&lt;/ink-text&gt;[39m
              [36m&lt;ink-text[39m
                [33mstyle[39m=[32m&quot;flex-grow: 0; flex-shrink: 1; flex-direction: row; text-wrap: wrap;&quot;[39m
              [36m&gt;[39m
                [0m[[0m
              [36m&lt;/ink-text&gt;[39m
              [36m&lt;ink-text[39m
                [33mstyle[39m=[32m&quot;flex-grow: 0; flex-shrink: 1; flex-direction: row; text-wrap: wrap;&quot;[39m
              [36m&gt;[39m
                [0mmem-002[0m
              [36m&lt;/ink-text&gt;[39m
              [36m&lt;ink-text[39m
                [33mstyle[39m=[32m&quot;flex-grow: 0; flex-shrink: 1; flex-direction: row; text-wrap: wrap;&quot;[39m
              [36m&gt;[39m
                [0m] [0m
              [36m&lt;/ink-text&gt;[39m
              [36m&lt;ink-text[39m
                [33mstyle[39m=[32m&quot;flex-grow: 0; flex-shrink: 1; flex-direction: row; text-wrap: wrap;&quot;[39m
              [36m&gt;[39m
                [0mシナプス記憶システムのPhase 2実装完了[0m
              [36m&lt;/ink-text&gt;[39m
            [36m&lt;/ink-box&gt;[39m
            [36m&lt;ink-box[39m
              [33mstyle[39m=[32m&quot;flex-wrap: nowrap; flex-direction: row; flex-grow: 0; flex-shrink: 1; overflow-x: visible; overflow-y: visible;&quot;[39m
            [36m&gt;[39m
              [36m&lt;ink-text[39m
                [33mstyle[39m=[32m&quot;flex-grow: 0; flex-shrink: 1; flex-direction: row; text-wrap: wrap;&quot;[39m
              [36m&gt;[39m
                [0m  [0m
              [36m&lt;/ink-text&gt;[39m
              [36m&lt;ink-text[39m
                [33mstyle[39m=[32m&quot;flex-grow: 0; flex-shrink: 1; flex-direction: row; text-wrap: wrap;&quot;[39m
              [36m&gt;[39m
                [0m[[0m
              [36m&lt;/ink-text&gt;[39m
              [36m&lt;ink-text[39m
                [33mstyle[39m=[32m&quot;flex-grow: 0; flex-shrink: 1; flex-direction: row; text-wrap: wrap;&quot;[39m
              [36m&gt;[39m
                [0mmem-003[0m
              [36m&lt;/ink-text&gt;[39m
              [36m&lt;ink-text[39m
                [33mstyle[39m=[32m&quot;flex-grow: 0; flex-shrink: 1; flex-direction: row; text-wrap: wrap;&quot;[39m
              [36m&gt;[39m
                [0m] [0m
              [36m&lt;/ink-text&gt;[39m
              [36m&lt;ink-text[39m
                [33mstyle[39m=[32m&quot;flex-grow: 0; flex-shrink: 1; flex-direction: row; text-wrap: wrap;&quot;[39m
              [36m&gt;[39m
                [0mRESTful API設計とエンドポイント定義[0m
              [36m&lt;/ink-text&gt;[39m
            [36m&lt;/ink-box&gt;[39m
          [36m&lt;/ink-box&gt;[39m
          [36m&lt;ink-box[39m
            [33mstyle[39m=[32m&quot;flex-wrap: nowrap; flex-direction: row; flex-grow: 0; flex-shrink: 1; margin-top: 1px; border-color: rgb(108, 112, 134); padding: 1px; overflow-x: visible; overflow-y: visible;&quot;[39m
          [36m&gt;[39m
            [36m&lt;ink-box[39m
              [33mstyle[39m=[32m&quot;flex-wrap: nowrap; flex-direction: column; flex-grow: 0; flex-shrink: 1; overflow-x: visible; overflow-y: visible;&quot;[39m
            [36m&gt;[39m
              [36m&lt;ink-text[39m
                [33mstyle[39m=[32m&quot;flex-grow: 0; flex-shrink: 1; flex-direction: row; text-wrap: wrap;&quot;[39m
              [36m&gt;[39m
                [0m詳細:[0m
              [36m&lt;/ink-text&gt;[39m
              [36m&lt;ink-text[39m
                [33mstyle[39m=[32m&quot;flex-grow: 0; flex-shrink: 1; flex-direction: row; text-wrap: wrap;&quot;[39m
              [36m&gt;[39m
                [0mID: [0m
                [0mmem-001[0m
              [36m&lt;/ink-text&gt;[39m
              [36m&lt;ink-text[39m
                [33mstyle[39m=[32m&quot;flex-grow: 0; flex-shrink: 1; flex-direction: row; text-wrap: wrap;&quot;[39m
              [36m&gt;[39m
                [0mアクセス数: [0m
                [0m15[0m
              [36m&lt;/ink-text&gt;[39m
              [36m&lt;ink-text[39m
                [33mstyle[39m=[32m&quot;flex-grow: 0; flex-shrink: 1; flex-direction: row; text-wrap: wrap;&quot;[39m
              [36m&gt;[39m
                [0m成功率: [0m
                [0m92.0[0m
                [0m%[0m
              [36m&lt;/ink-text&gt;[39m
              [36m&lt;ink-text[39m
                [33mstyle[39m=[32m&quot;flex-grow: 0; flex-shrink: 1; flex-direction: row; text-wrap: wrap;&quot;[39m
              [36m&gt;[39m
                [0mタグ: [0m
                [0mgpt5, prompting, analysis[0m
              [36m&lt;/ink-text&gt;[39m
            [36m&lt;/ink-box&gt;[39m
          [36m&lt;/ink-box&gt;[39m
        [36m&lt;/ink-box&gt;[39m
      [36m&lt;/ink-box&gt;[39m
      [36m&lt;ink-box[39m
        [33mstyle[39m=[32m&quot;flex-wrap: nowrap; flex-direction: row; flex-grow: 0; flex-shrink: 1; margin-top: 1px; border-color: rgb(108, 112, 134); padding: 1px; overflow-x: visible; overflow-y: visible;&quot;[39m
      [36m&gt;[39m
        [36m&lt;ink-text[39m
          [33mstyle[39m=[32m&quot;flex-grow: 0; flex-shrink: 1; flex-direction: row; text-wrap: wrap;&quot;[39m
        [36m&gt;[39m
          [0mTab: タブ切替 | ↑↓: 記憶選択 | q: 終了[0m
        [36m&lt;/ink-text&gt;[39m
      [36m&lt;/ink-box&gt;[39m
    [36m&lt;/ink-box&gt;[39m
  [36m&lt;/div&gt;[39m
[36m&lt;/body&gt;[39m" type="TestingLibraryElementError">
TestingLibraryElementError: Unable to find an element with the text: Synaptic Memory Dashboard. This could be because the text is broken up by multiple elements. In this case, you can provide a function for your text matcher to make your matcher more flexible.

Ignored nodes: comments, script, style
&lt;body&gt;
  &lt;div&gt;
    &lt;ink-box
      style=&quot;flex-wrap: nowrap; flex-direction: column; flex-grow: 0; flex-shrink: 1; width: 52px; height: 20px; padding: 1px; overflow-x: visible; overflow-y: visible;&quot;
    &gt;
      &lt;ink-box
        style=&quot;flex-wrap: nowrap; flex-direction: row; flex-grow: 0; flex-shrink: 1; margin-bottom: 1px; overflow-x: visible; overflow-y: visible;&quot;
      &gt;
        &lt;ink-text
          style=&quot;flex-grow: 0; flex-shrink: 1; flex-direction: row; text-wrap: wrap;&quot;
        &gt;
          シナプス記憶システム ダッシュボード
        &lt;/ink-text&gt;
      &lt;/ink-box&gt;
      &lt;ink-box
        style=&quot;flex-wrap: nowrap; flex-direction: row; flex-grow: 0; flex-shrink: 1; margin-bottom: 1px; overflow-x: visible; overflow-y: visible;&quot;
      &gt;
        &lt;ink-box
          style=&quot;flex-wrap: nowrap; flex-direction: row; flex-grow: 0; flex-shrink: 1; margin-right: 2px; overflow-x: visible; overflow-y: visible;&quot;
        &gt;
          &lt;ink-text
            style=&quot;flex-grow: 0; flex-shrink: 1; flex-direction: row; text-wrap: wrap;&quot;
          &gt;
            [
            1
            ] 
            記憶一覧
          &lt;/ink-text&gt;
        &lt;/ink-box&gt;
        &lt;ink-box
          style=&quot;flex-wrap: nowrap; flex-direction: row; flex-grow: 0; flex-shrink: 1; margin-right: 2px; overflow-x: visible; overflow-y: visible;&quot;
        &gt;
          &lt;ink-text
            style=&quot;flex-grow: 0; flex-shrink: 1; flex-direction: row; text-wrap: wrap;&quot;
          &gt;
            [
            2
            ] 
            シナプス結合
          &lt;/ink-text&gt;
        &lt;/ink-box&gt;
        &lt;ink-box
          style=&quot;flex-wrap: nowrap; flex-direction: row; flex-grow: 0; flex-shrink: 1; margin-right: 2px; overflow-x: visible; overflow-y: visible;&quot;
        &gt;
          &lt;ink-text
            style=&quot;flex-grow: 0; flex-shrink: 1; flex-direction: row; text-wrap: wrap;&quot;
          &gt;
            [
            3
            ] 
            ネットワーク診断
          &lt;/ink-text&gt;
        &lt;/ink-box&gt;
        &lt;ink-box
          style=&quot;flex-wrap: nowrap; flex-direction: row; flex-grow: 0; flex-shrink: 1; margin-right: 2px; overflow-x: visible; overflow-y: visible;&quot;
        &gt;
          &lt;ink-text
            style=&quot;flex-grow: 0; flex-shrink: 1; flex-direction: row; text-wrap: wrap;&quot;
          &gt;
            [
            4
            ] 
            設定
          &lt;/ink-text&gt;
        &lt;/ink-box&gt;
      &lt;/ink-box&gt;
      &lt;ink-box
        style=&quot;flex-wrap: nowrap; flex-direction: row; flex-grow: 1; flex-shrink: 1; overflow: hidden; overflow-x: hidden; overflow-y: hidden;&quot;
      &gt;
        &lt;ink-box
          style=&quot;flex-wrap: nowrap; flex-direction: column; flex-grow: 1; flex-shrink: 1; overflow-x: visible; overflow-y: visible;&quot;
        &gt;
          &lt;ink-box
            style=&quot;flex-wrap: nowrap; flex-direction: row; flex-grow: 0; flex-shrink: 1; margin-bottom: 1px; overflow-x: visible; overflow-y: visible;&quot;
          &gt;
            &lt;ink-text
              style=&quot;flex-grow: 0; flex-shrink: 1; flex-direction: row; text-wrap: wrap;&quot;
            &gt;
              記憶一覧 (
              3
              件)
            &lt;/ink-text&gt;
          &lt;/ink-box&gt;
          &lt;ink-box
            style=&quot;flex-wrap: nowrap; flex-direction: column; flex-grow: 0; flex-shrink: 0; width: 48px; overflow-x: visible; overflow-y: visible;&quot;
          &gt;
            &lt;ink-box
              style=&quot;flex-wrap: nowrap; flex-direction: row; flex-grow: 0; flex-shrink: 1; overflow-x: visible; overflow-y: visible;&quot;
            &gt;
              &lt;ink-text
                style=&quot;flex-grow: 0; flex-shrink: 1; flex-direction: row; text-wrap: wrap;&quot;
              &gt;
                ► 
              &lt;/ink-text&gt;
              &lt;ink-text
                style=&quot;flex-grow: 0; flex-shrink: 1; flex-direction: row; text-wrap: wrap;&quot;
              &gt;
                [
              &lt;/ink-text&gt;
              &lt;ink-text
                style=&quot;flex-grow: 0; flex-shrink: 1; flex-direction: row; text-wrap: wrap;&quot;
              &gt;
                mem-001
              &lt;/ink-text&gt;
              &lt;ink-text
                style=&quot;flex-grow: 0; flex-shrink: 1; flex-direction: row; text-wrap: wrap;&quot;
              &gt;
                ] 
              &lt;/ink-text&gt;
              &lt;ink-text
                style=&quot;flex-grow: 0; flex-shrink: 1; flex-direction: row; text-wrap: wrap;&quot;
              &gt;
                GPT-5プロンプトガイドの分析結果
              &lt;/ink-text&gt;
            &lt;/ink-box&gt;
            &lt;ink-box
              style=&quot;flex-wrap: nowrap; flex-direction: row; flex-grow: 0; flex-shrink: 1; overflow-x: visible; overflow-y: visible;&quot;
            &gt;
              &lt;ink-text
                style=&quot;flex-grow: 0; flex-shrink: 1; flex-direction: row; text-wrap: wrap;&quot;
              &gt;
                  
              &lt;/ink-text&gt;
              &lt;ink-text
                style=&quot;flex-grow: 0; flex-shrink: 1; flex-direction: row; text-wrap: wrap;&quot;
              &gt;
                [
              &lt;/ink-text&gt;
              &lt;ink-text
                style=&quot;flex-grow: 0; flex-shrink: 1; flex-direction: row; text-wrap: wrap;&quot;
              &gt;
                mem-002
              &lt;/ink-text&gt;
              &lt;ink-text
                style=&quot;flex-grow: 0; flex-shrink: 1; flex-direction: row; text-wrap: wrap;&quot;
              &gt;
                ] 
              &lt;/ink-text&gt;
              &lt;ink-text
                style=&quot;flex-grow: 0; flex-shrink: 1; flex-direction: row; text-wrap: wrap;&quot;
              &gt;
                シナプス記憶システムのPhase 2実装完了
              &lt;/ink-text&gt;
            &lt;/ink-box&gt;
            &lt;ink-box
              style=&quot;flex-wrap: nowrap; flex-direction: row; flex-grow: 0; flex-shrink: 1; overflow-x: visible; overflow-y: visible;&quot;
            &gt;
              &lt;ink-text
                style=&quot;flex-grow: 0; flex-shrink: 1; flex-direction: row; text-wrap: wrap;&quot;
              &gt;
                  
              &lt;/ink-text&gt;
              &lt;ink-text
                style=&quot;flex-grow: 0; flex-shrink: 1; flex-direction: row; text-wrap: wrap;&quot;
              &gt;
                [
              &lt;/ink-text&gt;
              &lt;ink-text
                style=&quot;flex-grow: 0; flex-shrink: 1; flex-direction: row; text-wrap: wrap;&quot;
              &gt;
                mem-003
              &lt;/ink-text&gt;
              &lt;ink-text
                style=&quot;flex-grow: 0; flex-shrink: 1; flex-direction: row; text-wrap: wrap;&quot;
              &gt;
                ] 
              &lt;/ink-text&gt;
              &lt;ink-text
                style=&quot;flex-grow: 0; flex-shrink: 1; flex-direction: row; text-wrap: wrap;&quot;
              &gt;
                RESTful API設計とエンドポイント定義
              &lt;/ink-text&gt;
            &lt;/ink-box&gt;
          &lt;/ink-box&gt;
          &lt;ink-box
            style=&quot;flex-wrap: nowrap; flex-direction: row; flex-grow: 0; flex-shrink: 1; margin-top: 1px; border-color: rgb(108, 112, 134); padding: 1px; overflow-x: visible; overflow-y: visible;&quot;
          &gt;
            &lt;ink-box
              style=&quot;flex-wrap: nowrap; flex-direction: column; flex-grow: 0; flex-shrink: 1; overflow-x: visible; overflow-y: visible;&quot;
            &gt;
              &lt;ink-text
                style=&quot;flex-grow: 0; flex-shrink: 1; flex-direction: row; text-wrap: wrap;&quot;
              &gt;
                詳細:
              &lt;/ink-text&gt;
              &lt;ink-text
                style=&quot;flex-grow: 0; flex-shrink: 1; flex-direction: row; text-wrap: wrap;&quot;
              &gt;
                ID: 
                mem-001
              &lt;/ink-text&gt;
              &lt;ink-text
                style=&quot;flex-grow: 0; flex-shrink: 1; flex-direction: row; text-wrap: wrap;&quot;
              &gt;
                アクセス数: 
                15
              &lt;/ink-text&gt;
              &lt;ink-text
                style=&quot;flex-grow: 0; flex-shrink: 1; flex-direction: row; text-wrap: wrap;&quot;
              &gt;
                成功率: 
                92.0
                %
              &lt;/ink-text&gt;
              &lt;ink-text
                style=&quot;flex-grow: 0; flex-shrink: 1; flex-direction: row; text-wrap: wrap;&quot;
              &gt;
                タグ: 
                gpt5, prompting, analysis
              &lt;/ink-text&gt;
            &lt;/ink-box&gt;
          &lt;/ink-box&gt;
        &lt;/ink-box&gt;
      &lt;/ink-box&gt;
      &lt;ink-box
        style=&quot;flex-wrap: nowrap; flex-direction: row; flex-grow: 0; flex-shrink: 1; margin-top: 1px; border-color: rgb(108, 112, 134); padding: 1px; overflow-x: visible; overflow-y: visible;&quot;
      &gt;
        &lt;ink-text
          style=&quot;flex-grow: 0; flex-shrink: 1; flex-direction: row; text-wrap: wrap;&quot;
        &gt;
          Tab: タブ切替 | ↑↓: 記憶選択 | q: 終了
        &lt;/ink-text&gt;
      &lt;/ink-box&gt;
    &lt;/ink-box&gt;
  &lt;/div&gt;
&lt;/body&gt;
 ❯ Object.getElementError node_modules/@testing-library/dom/dist/config.js:37:19
 ❯ node_modules/@testing-library/dom/dist/query-helpers.js:76:38
 ❯ node_modules/@testing-library/dom/dist/query-helpers.js:52:17
 ❯ node_modules/@testing-library/dom/dist/query-helpers.js:95:19
 ❯ src/ui/components/SynapticMemoryDashboard.test.tsx:89:19
            </failure>
        </testcase>
        <testcase classname="src/ui/components/SynapticMemoryDashboard.test.tsx" name="SynapticMemoryDashboard &gt; Memoriesタブでメモリ一覧が表示されること" time="0.016407292">
            <failure message="Unable to find an element with the text: Total: 2. This could be because the text is broken up by multiple elements. In this case, you can provide a function for your text matcher to make your matcher more flexible.

Ignored nodes: comments, script, style
[36m&lt;body&gt;[39m
  [36m&lt;div&gt;[39m
    [36m&lt;ink-box[39m
      [33mstyle[39m=[32m&quot;flex-wrap: nowrap; flex-direction: column; flex-grow: 0; flex-shrink: 1; width: 52px; height: 20px; padding: 1px; overflow-x: visible; overflow-y: visible;&quot;[39m
    [36m&gt;[39m
      [36m&lt;ink-box[39m
        [33mstyle[39m=[32m&quot;flex-wrap: nowrap; flex-direction: row; flex-grow: 0; flex-shrink: 1; margin-bottom: 1px; overflow-x: visible; overflow-y: visible;&quot;[39m
      [36m&gt;[39m
        [36m&lt;ink-text[39m
          [33mstyle[39m=[32m&quot;flex-grow: 0; flex-shrink: 1; flex-direction: row; text-wrap: wrap;&quot;[39m
        [36m&gt;[39m
          [0mシナプス記憶システム ダッシュボード[0m
        [36m&lt;/ink-text&gt;[39m
      [36m&lt;/ink-box&gt;[39m
      [36m&lt;ink-box[39m
        [33mstyle[39m=[32m&quot;flex-wrap: nowrap; flex-direction: row; flex-grow: 0; flex-shrink: 1; margin-bottom: 1px; overflow-x: visible; overflow-y: visible;&quot;[39m
      [36m&gt;[39m
        [36m&lt;ink-box[39m
          [33mstyle[39m=[32m&quot;flex-wrap: nowrap; flex-direction: row; flex-grow: 0; flex-shrink: 1; margin-right: 2px; overflow-x: visible; overflow-y: visible;&quot;[39m
        [36m&gt;[39m
          [36m&lt;ink-text[39m
            [33mstyle[39m=[32m&quot;flex-grow: 0; flex-shrink: 1; flex-direction: row; text-wrap: wrap;&quot;[39m
          [36m&gt;[39m
            [0m[[0m
            [0m1[0m
            [0m] [0m
            [0m記憶一覧[0m
          [36m&lt;/ink-text&gt;[39m
        [36m&lt;/ink-box&gt;[39m
        [36m&lt;ink-box[39m
          [33mstyle[39m=[32m&quot;flex-wrap: nowrap; flex-direction: row; flex-grow: 0; flex-shrink: 1; margin-right: 2px; overflow-x: visible; overflow-y: visible;&quot;[39m
        [36m&gt;[39m
          [36m&lt;ink-text[39m
            [33mstyle[39m=[32m&quot;flex-grow: 0; flex-shrink: 1; flex-direction: row; text-wrap: wrap;&quot;[39m
          [36m&gt;[39m
            [0m[[0m
            [0m2[0m
            [0m] [0m
            [0mシナプス結合[0m
          [36m&lt;/ink-text&gt;[39m
        [36m&lt;/ink-box&gt;[39m
        [36m&lt;ink-box[39m
          [33mstyle[39m=[32m&quot;flex-wrap: nowrap; flex-direction: row; flex-grow: 0; flex-shrink: 1; margin-right: 2px; overflow-x: visible; overflow-y: visible;&quot;[39m
        [36m&gt;[39m
          [36m&lt;ink-text[39m
            [33mstyle[39m=[32m&quot;flex-grow: 0; flex-shrink: 1; flex-direction: row; text-wrap: wrap;&quot;[39m
          [36m&gt;[39m
            [0m[[0m
            [0m3[0m
            [0m] [0m
            [0mネットワーク診断[0m
          [36m&lt;/ink-text&gt;[39m
        [36m&lt;/ink-box&gt;[39m
        [36m&lt;ink-box[39m
          [33mstyle[39m=[32m&quot;flex-wrap: nowrap; flex-direction: row; flex-grow: 0; flex-shrink: 1; margin-right: 2px; overflow-x: visible; overflow-y: visible;&quot;[39m
        [36m&gt;[39m
          [36m&lt;ink-text[39m
            [33mstyle[39m=[32m&quot;flex-grow: 0; flex-shrink: 1; flex-direction: row; text-wrap: wrap;&quot;[39m
          [36m&gt;[39m
            [0m[[0m
            [0m4[0m
            [0m] [0m
            [0m設定[0m
          [36m&lt;/ink-text&gt;[39m
        [36m&lt;/ink-box&gt;[39m
      [36m&lt;/ink-box&gt;[39m
      [36m&lt;ink-box[39m
        [33mstyle[39m=[32m&quot;flex-wrap: nowrap; flex-direction: row; flex-grow: 1; flex-shrink: 1; overflow: hidden; overflow-x: hidden; overflow-y: hidden;&quot;[39m
      [36m&gt;[39m
        [36m&lt;ink-box[39m
          [33mstyle[39m=[32m&quot;flex-wrap: nowrap; flex-direction: column; flex-grow: 1; flex-shrink: 1; overflow-x: visible; overflow-y: visible;&quot;[39m
        [36m&gt;[39m
          [36m&lt;ink-box[39m
            [33mstyle[39m=[32m&quot;flex-wrap: nowrap; flex-direction: row; flex-grow: 0; flex-shrink: 1; margin-bottom: 1px; overflow-x: visible; overflow-y: visible;&quot;[39m
          [36m&gt;[39m
            [36m&lt;ink-text[39m
              [33mstyle[39m=[32m&quot;flex-grow: 0; flex-shrink: 1; flex-direction: row; text-wrap: wrap;&quot;[39m
            [36m&gt;[39m
              [0m記憶一覧 ([0m
              [0m3[0m
              [0m件)[0m
            [36m&lt;/ink-text&gt;[39m
          [36m&lt;/ink-box&gt;[39m
          [36m&lt;ink-box[39m
            [33mstyle[39m=[32m&quot;flex-wrap: nowrap; flex-direction: column; flex-grow: 0; flex-shrink: 0; width: 48px; overflow-x: visible; overflow-y: visible;&quot;[39m
          [36m&gt;[39m
            [36m&lt;ink-box[39m
              [33mstyle[39m=[32m&quot;flex-wrap: nowrap; flex-direction: row; flex-grow: 0; flex-shrink: 1; overflow-x: visible; overflow-y: visible;&quot;[39m
            [36m&gt;[39m
              [36m&lt;ink-text[39m
                [33mstyle[39m=[32m&quot;flex-grow: 0; flex-shrink: 1; flex-direction: row; text-wrap: wrap;&quot;[39m
              [36m&gt;[39m
                [0m► [0m
              [36m&lt;/ink-text&gt;[39m
              [36m&lt;ink-text[39m
                [33mstyle[39m=[32m&quot;flex-grow: 0; flex-shrink: 1; flex-direction: row; text-wrap: wrap;&quot;[39m
              [36m&gt;[39m
                [0m[[0m
              [36m&lt;/ink-text&gt;[39m
              [36m&lt;ink-text[39m
                [33mstyle[39m=[32m&quot;flex-grow: 0; flex-shrink: 1; flex-direction: row; text-wrap: wrap;&quot;[39m
              [36m&gt;[39m
                [0mmem-001[0m
              [36m&lt;/ink-text&gt;[39m
              [36m&lt;ink-text[39m
                [33mstyle[39m=[32m&quot;flex-grow: 0; flex-shrink: 1; flex-direction: row; text-wrap: wrap;&quot;[39m
              [36m&gt;[39m
                [0m] [0m
              [36m&lt;/ink-text&gt;[39m
              [36m&lt;ink-text[39m
                [33mstyle[39m=[32m&quot;flex-grow: 0; flex-shrink: 1; flex-direction: row; text-wrap: wrap;&quot;[39m
              [36m&gt;[39m
                [0mGPT-5プロンプトガイドの分析結果[0m
              [36m&lt;/ink-text&gt;[39m
            [36m&lt;/ink-box&gt;[39m
            [36m&lt;ink-box[39m
              [33mstyle[39m=[32m&quot;flex-wrap: nowrap; flex-direction: row; flex-grow: 0; flex-shrink: 1; overflow-x: visible; overflow-y: visible;&quot;[39m
            [36m&gt;[39m
              [36m&lt;ink-text[39m
                [33mstyle[39m=[32m&quot;flex-grow: 0; flex-shrink: 1; flex-direction: row; text-wrap: wrap;&quot;[39m
              [36m&gt;[39m
                [0m  [0m
              [36m&lt;/ink-text&gt;[39m
              [36m&lt;ink-text[39m
                [33mstyle[39m=[32m&quot;flex-grow: 0; flex-shrink: 1; flex-direction: row; text-wrap: wrap;&quot;[39m
              [36m&gt;[39m
                [0m[[0m
              [36m&lt;/ink-text&gt;[39m
              [36m&lt;ink-text[39m
                [33mstyle[39m=[32m&quot;flex-grow: 0; flex-shrink: 1; flex-direction: row; text-wrap: wrap;&quot;[39m
              [36m&gt;[39m
                [0mmem-002[0m
              [36m&lt;/ink-text&gt;[39m
              [36m&lt;ink-text[39m
                [33mstyle[39m=[32m&quot;flex-grow: 0; flex-shrink: 1; flex-direction: row; text-wrap: wrap;&quot;[39m
              [36m&gt;[39m
                [0m] [0m
              [36m&lt;/ink-text&gt;[39m
              [36m&lt;ink-text[39m
                [33mstyle[39m=[32m&quot;flex-grow: 0; flex-shrink: 1; flex-direction: row; text-wrap: wrap;&quot;[39m
              [36m&gt;[39m
                [0mシナプス記憶システムのPhase 2実装完了[0m
              [36m&lt;/ink-text&gt;[39m
            [36m&lt;/ink-box&gt;[39m
            [36m&lt;ink-box[39m
              [33mstyle[39m=[32m&quot;flex-wrap: nowrap; flex-direction: row; flex-grow: 0; flex-shrink: 1; overflow-x: visible; overflow-y: visible;&quot;[39m
            [36m&gt;[39m
              [36m&lt;ink-text[39m
                [33mstyle[39m=[32m&quot;flex-grow: 0; flex-shrink: 1; flex-direction: row; text-wrap: wrap;&quot;[39m
              [36m&gt;[39m
                [0m  [0m
              [36m&lt;/ink-text&gt;[39m
              [36m&lt;ink-text[39m
                [33mstyle[39m=[32m&quot;flex-grow: 0; flex-shrink: 1; flex-direction: row; text-wrap: wrap;&quot;[39m
              [36m&gt;[39m
                [0m[[0m
              [36m&lt;/ink-text&gt;[39m
              [36m&lt;ink-text[39m
                [33mstyle[39m=[32m&quot;flex-grow: 0; flex-shrink: 1; flex-direction: row; text-wrap: wrap;&quot;[39m
              [36m&gt;[39m
                [0mmem-003[0m
              [36m&lt;/ink-text&gt;[39m
              [36m&lt;ink-text[39m
                [33mstyle[39m=[32m&quot;flex-grow: 0; flex-shrink: 1; flex-direction: row; text-wrap: wrap;&quot;[39m
              [36m&gt;[39m
                [0m] [0m
              [36m&lt;/ink-text&gt;[39m
              [36m&lt;ink-text[39m
                [33mstyle[39m=[32m&quot;flex-grow: 0; flex-shrink: 1; flex-direction: row; text-wrap: wrap;&quot;[39m
              [36m&gt;[39m
                [0mRESTful API設計とエンドポイント定義[0m
              [36m&lt;/ink-text&gt;[39m
            [36m&lt;/ink-box&gt;[39m
          [36m&lt;/ink-box&gt;[39m
          [36m&lt;ink-box[39m
            [33mstyle[39m=[32m&quot;flex-wrap: nowrap; flex-direction: row; flex-grow: 0; flex-shrink: 1; margin-top: 1px; border-color: rgb(108, 112, 134); padding: 1px; overflow-x: visible; overflow-y: visible;&quot;[39m
          [36m&gt;[39m
            [36m&lt;ink-box[39m
              [33mstyle[39m=[32m&quot;flex-wrap: nowrap; flex-direction: column; flex-grow: 0; flex-shrink: 1; overflow-x: visible; overflow-y: visible;&quot;[39m
            [36m&gt;[39m
              [36m&lt;ink-text[39m
                [33mstyle[39m=[32m&quot;flex-grow: 0; flex-shrink: 1; flex-direction: row; text-wrap: wrap;&quot;[39m
              [36m&gt;[39m
                [0m詳細:[0m
              [36m&lt;/ink-text&gt;[39m
              [36m&lt;ink-text[39m
                [33mstyle[39m=[32m&quot;flex-grow: 0; flex-shrink: 1; flex-direction: row; text-wrap: wrap;&quot;[39m
              [36m&gt;[39m
                [0mID: [0m
                [0mmem-001[0m
              [36m&lt;/ink-text&gt;[39m
              [36m&lt;ink-text[39m
                [33mstyle[39m=[32m&quot;flex-grow: 0; flex-shrink: 1; flex-direction: row; text-wrap: wrap;&quot;[39m
              [36m&gt;[39m
                [0mアクセス数: [0m
                [0m15[0m
              [36m&lt;/ink-text&gt;[39m
              [36m&lt;ink-text[39m
                [33mstyle[39m=[32m&quot;flex-grow: 0; flex-shrink: 1; flex-direction: row; text-wrap: wrap;&quot;[39m
              [36m&gt;[39m
                [0m成功率: [0m
                [0m92.0[0m
                [0m%[0m
              [36m&lt;/ink-text&gt;[39m
              [36m&lt;ink-text[39m
                [33mstyle[39m=[32m&quot;flex-grow: 0; flex-shrink: 1; flex-direction: row; text-wrap: wrap;&quot;[39m
              [36m&gt;[39m
                [0mタグ: [0m
                [0mgpt5, prompting, analysis[0m
              [36m&lt;/ink-text&gt;[39m
            [36m&lt;/ink-box&gt;[39m
          [36m&lt;/ink-box&gt;[39m
        [36m&lt;/ink-box&gt;[39m
      [36m&lt;/ink-box&gt;[39m
      [36m&lt;ink-box[39m
        [33mstyle[39m=[32m&quot;flex-wrap: nowrap; flex-direction: row; flex-grow: 0; flex-shrink: 1; margin-top: 1px; border-color: rgb(108, 112, 134); padding: 1px; overflow-x: visible; overflow-y: visible;&quot;[39m
      [36m&gt;[39m
        [36m&lt;ink-text[39m
          [33mstyle[39m=[32m&quot;flex-grow: 0; flex-shrink: 1; flex-direction: row; text-wrap: wrap;&quot;[39m
        [36m&gt;[39m
          [0mTab: タブ切替 | ↑↓: 記憶選択 | q: 終了[0m
        [36m&lt;/ink-text&gt;[39m
      [36m&lt;/ink-box&gt;[39m
    [36m&lt;/ink-box&gt;[39m
  [36m&lt;/div&gt;[39m
[36m&lt;/body&gt;[39m" type="TestingLibraryElementError">
TestingLibraryElementError: Unable to find an element with the text: Total: 2. This could be because the text is broken up by multiple elements. In this case, you can provide a function for your text matcher to make your matcher more flexible.

Ignored nodes: comments, script, style
&lt;body&gt;
  &lt;div&gt;
    &lt;ink-box
      style=&quot;flex-wrap: nowrap; flex-direction: column; flex-grow: 0; flex-shrink: 1; width: 52px; height: 20px; padding: 1px; overflow-x: visible; overflow-y: visible;&quot;
    &gt;
      &lt;ink-box
        style=&quot;flex-wrap: nowrap; flex-direction: row; flex-grow: 0; flex-shrink: 1; margin-bottom: 1px; overflow-x: visible; overflow-y: visible;&quot;
      &gt;
        &lt;ink-text
          style=&quot;flex-grow: 0; flex-shrink: 1; flex-direction: row; text-wrap: wrap;&quot;
        &gt;
          シナプス記憶システム ダッシュボード
        &lt;/ink-text&gt;
      &lt;/ink-box&gt;
      &lt;ink-box
        style=&quot;flex-wrap: nowrap; flex-direction: row; flex-grow: 0; flex-shrink: 1; margin-bottom: 1px; overflow-x: visible; overflow-y: visible;&quot;
      &gt;
        &lt;ink-box
          style=&quot;flex-wrap: nowrap; flex-direction: row; flex-grow: 0; flex-shrink: 1; margin-right: 2px; overflow-x: visible; overflow-y: visible;&quot;
        &gt;
          &lt;ink-text
            style=&quot;flex-grow: 0; flex-shrink: 1; flex-direction: row; text-wrap: wrap;&quot;
          &gt;
            [
            1
            ] 
            記憶一覧
          &lt;/ink-text&gt;
        &lt;/ink-box&gt;
        &lt;ink-box
          style=&quot;flex-wrap: nowrap; flex-direction: row; flex-grow: 0; flex-shrink: 1; margin-right: 2px; overflow-x: visible; overflow-y: visible;&quot;
        &gt;
          &lt;ink-text
            style=&quot;flex-grow: 0; flex-shrink: 1; flex-direction: row; text-wrap: wrap;&quot;
          &gt;
            [
            2
            ] 
            シナプス結合
          &lt;/ink-text&gt;
        &lt;/ink-box&gt;
        &lt;ink-box
          style=&quot;flex-wrap: nowrap; flex-direction: row; flex-grow: 0; flex-shrink: 1; margin-right: 2px; overflow-x: visible; overflow-y: visible;&quot;
        &gt;
          &lt;ink-text
            style=&quot;flex-grow: 0; flex-shrink: 1; flex-direction: row; text-wrap: wrap;&quot;
          &gt;
            [
            3
            ] 
            ネットワーク診断
          &lt;/ink-text&gt;
        &lt;/ink-box&gt;
        &lt;ink-box
          style=&quot;flex-wrap: nowrap; flex-direction: row; flex-grow: 0; flex-shrink: 1; margin-right: 2px; overflow-x: visible; overflow-y: visible;&quot;
        &gt;
          &lt;ink-text
            style=&quot;flex-grow: 0; flex-shrink: 1; flex-direction: row; text-wrap: wrap;&quot;
          &gt;
            [
            4
            ] 
            設定
          &lt;/ink-text&gt;
        &lt;/ink-box&gt;
      &lt;/ink-box&gt;
      &lt;ink-box
        style=&quot;flex-wrap: nowrap; flex-direction: row; flex-grow: 1; flex-shrink: 1; overflow: hidden; overflow-x: hidden; overflow-y: hidden;&quot;
      &gt;
        &lt;ink-box
          style=&quot;flex-wrap: nowrap; flex-direction: column; flex-grow: 1; flex-shrink: 1; overflow-x: visible; overflow-y: visible;&quot;
        &gt;
          &lt;ink-box
            style=&quot;flex-wrap: nowrap; flex-direction: row; flex-grow: 0; flex-shrink: 1; margin-bottom: 1px; overflow-x: visible; overflow-y: visible;&quot;
          &gt;
            &lt;ink-text
              style=&quot;flex-grow: 0; flex-shrink: 1; flex-direction: row; text-wrap: wrap;&quot;
            &gt;
              記憶一覧 (
              3
              件)
            &lt;/ink-text&gt;
          &lt;/ink-box&gt;
          &lt;ink-box
            style=&quot;flex-wrap: nowrap; flex-direction: column; flex-grow: 0; flex-shrink: 0; width: 48px; overflow-x: visible; overflow-y: visible;&quot;
          &gt;
            &lt;ink-box
              style=&quot;flex-wrap: nowrap; flex-direction: row; flex-grow: 0; flex-shrink: 1; overflow-x: visible; overflow-y: visible;&quot;
            &gt;
              &lt;ink-text
                style=&quot;flex-grow: 0; flex-shrink: 1; flex-direction: row; text-wrap: wrap;&quot;
              &gt;
                ► 
              &lt;/ink-text&gt;
              &lt;ink-text
                style=&quot;flex-grow: 0; flex-shrink: 1; flex-direction: row; text-wrap: wrap;&quot;
              &gt;
                [
              &lt;/ink-text&gt;
              &lt;ink-text
                style=&quot;flex-grow: 0; flex-shrink: 1; flex-direction: row; text-wrap: wrap;&quot;
              &gt;
                mem-001
              &lt;/ink-text&gt;
              &lt;ink-text
                style=&quot;flex-grow: 0; flex-shrink: 1; flex-direction: row; text-wrap: wrap;&quot;
              &gt;
                ] 
              &lt;/ink-text&gt;
              &lt;ink-text
                style=&quot;flex-grow: 0; flex-shrink: 1; flex-direction: row; text-wrap: wrap;&quot;
              &gt;
                GPT-5プロンプトガイドの分析結果
              &lt;/ink-text&gt;
            &lt;/ink-box&gt;
            &lt;ink-box
              style=&quot;flex-wrap: nowrap; flex-direction: row; flex-grow: 0; flex-shrink: 1; overflow-x: visible; overflow-y: visible;&quot;
            &gt;
              &lt;ink-text
                style=&quot;flex-grow: 0; flex-shrink: 1; flex-direction: row; text-wrap: wrap;&quot;
              &gt;
                  
              &lt;/ink-text&gt;
              &lt;ink-text
                style=&quot;flex-grow: 0; flex-shrink: 1; flex-direction: row; text-wrap: wrap;&quot;
              &gt;
                [
              &lt;/ink-text&gt;
              &lt;ink-text
                style=&quot;flex-grow: 0; flex-shrink: 1; flex-direction: row; text-wrap: wrap;&quot;
              &gt;
                mem-002
              &lt;/ink-text&gt;
              &lt;ink-text
                style=&quot;flex-grow: 0; flex-shrink: 1; flex-direction: row; text-wrap: wrap;&quot;
              &gt;
                ] 
              &lt;/ink-text&gt;
              &lt;ink-text
                style=&quot;flex-grow: 0; flex-shrink: 1; flex-direction: row; text-wrap: wrap;&quot;
              &gt;
                シナプス記憶システムのPhase 2実装完了
              &lt;/ink-text&gt;
            &lt;/ink-box&gt;
            &lt;ink-box
              style=&quot;flex-wrap: nowrap; flex-direction: row; flex-grow: 0; flex-shrink: 1; overflow-x: visible; overflow-y: visible;&quot;
            &gt;
              &lt;ink-text
                style=&quot;flex-grow: 0; flex-shrink: 1; flex-direction: row; text-wrap: wrap;&quot;
              &gt;
                  
              &lt;/ink-text&gt;
              &lt;ink-text
                style=&quot;flex-grow: 0; flex-shrink: 1; flex-direction: row; text-wrap: wrap;&quot;
              &gt;
                [
              &lt;/ink-text&gt;
              &lt;ink-text
                style=&quot;flex-grow: 0; flex-shrink: 1; flex-direction: row; text-wrap: wrap;&quot;
              &gt;
                mem-003
              &lt;/ink-text&gt;
              &lt;ink-text
                style=&quot;flex-grow: 0; flex-shrink: 1; flex-direction: row; text-wrap: wrap;&quot;
              &gt;
                ] 
              &lt;/ink-text&gt;
              &lt;ink-text
                style=&quot;flex-grow: 0; flex-shrink: 1; flex-direction: row; text-wrap: wrap;&quot;
              &gt;
                RESTful API設計とエンドポイント定義
              &lt;/ink-text&gt;
            &lt;/ink-box&gt;
          &lt;/ink-box&gt;
          &lt;ink-box
            style=&quot;flex-wrap: nowrap; flex-direction: row; flex-grow: 0; flex-shrink: 1; margin-top: 1px; border-color: rgb(108, 112, 134); padding: 1px; overflow-x: visible; overflow-y: visible;&quot;
          &gt;
            &lt;ink-box
              style=&quot;flex-wrap: nowrap; flex-direction: column; flex-grow: 0; flex-shrink: 1; overflow-x: visible; overflow-y: visible;&quot;
            &gt;
              &lt;ink-text
                style=&quot;flex-grow: 0; flex-shrink: 1; flex-direction: row; text-wrap: wrap;&quot;
              &gt;
                詳細:
              &lt;/ink-text&gt;
              &lt;ink-text
                style=&quot;flex-grow: 0; flex-shrink: 1; flex-direction: row; text-wrap: wrap;&quot;
              &gt;
                ID: 
                mem-001
              &lt;/ink-text&gt;
              &lt;ink-text
                style=&quot;flex-grow: 0; flex-shrink: 1; flex-direction: row; text-wrap: wrap;&quot;
              &gt;
                アクセス数: 
                15
              &lt;/ink-text&gt;
              &lt;ink-text
                style=&quot;flex-grow: 0; flex-shrink: 1; flex-direction: row; text-wrap: wrap;&quot;
              &gt;
                成功率: 
                92.0
                %
              &lt;/ink-text&gt;
              &lt;ink-text
                style=&quot;flex-grow: 0; flex-shrink: 1; flex-direction: row; text-wrap: wrap;&quot;
              &gt;
                タグ: 
                gpt5, prompting, analysis
              &lt;/ink-text&gt;
            &lt;/ink-box&gt;
          &lt;/ink-box&gt;
        &lt;/ink-box&gt;
      &lt;/ink-box&gt;
      &lt;ink-box
        style=&quot;flex-wrap: nowrap; flex-direction: row; flex-grow: 0; flex-shrink: 1; margin-top: 1px; border-color: rgb(108, 112, 134); padding: 1px; overflow-x: visible; overflow-y: visible;&quot;
      &gt;
        &lt;ink-text
          style=&quot;flex-grow: 0; flex-shrink: 1; flex-direction: row; text-wrap: wrap;&quot;
        &gt;
          Tab: タブ切替 | ↑↓: 記憶選択 | q: 終了
        &lt;/ink-text&gt;
      &lt;/ink-box&gt;
    &lt;/ink-box&gt;
  &lt;/div&gt;
&lt;/body&gt;
 ❯ Object.getElementError node_modules/@testing-library/dom/dist/config.js:37:19
 ❯ node_modules/@testing-library/dom/dist/query-helpers.js:76:38
 ❯ node_modules/@testing-library/dom/dist/query-helpers.js:52:17
 ❯ node_modules/@testing-library/dom/dist/query-helpers.js:95:19
 ❯ src/ui/components/SynapticMemoryDashboard.test.tsx:102:19
            </failure>
        </testcase>
        <testcase classname="src/ui/components/SynapticMemoryDashboard.test.tsx" name="SynapticMemoryDashboard &gt; Synapsesタブでシナプス接続が表示されること" time="0.010503417">
            <failure message="Unable to find an element with the text: Synapses. This could be because the text is broken up by multiple elements. In this case, you can provide a function for your text matcher to make your matcher more flexible.

Ignored nodes: comments, script, style
[36m&lt;body&gt;[39m
  [36m&lt;div&gt;[39m
    [36m&lt;ink-box[39m
      [33mstyle[39m=[32m&quot;flex-wrap: nowrap; flex-direction: column; flex-grow: 0; flex-shrink: 1; width: 52px; height: 20px; padding: 1px; overflow-x: visible; overflow-y: visible;&quot;[39m
    [36m&gt;[39m
      [36m&lt;ink-box[39m
        [33mstyle[39m=[32m&quot;flex-wrap: nowrap; flex-direction: row; flex-grow: 0; flex-shrink: 1; margin-bottom: 1px; overflow-x: visible; overflow-y: visible;&quot;[39m
      [36m&gt;[39m
        [36m&lt;ink-text[39m
          [33mstyle[39m=[32m&quot;flex-grow: 0; flex-shrink: 1; flex-direction: row; text-wrap: wrap;&quot;[39m
        [36m&gt;[39m
          [0mシナプス記憶システム ダッシュボード[0m
        [36m&lt;/ink-text&gt;[39m
      [36m&lt;/ink-box&gt;[39m
      [36m&lt;ink-box[39m
        [33mstyle[39m=[32m&quot;flex-wrap: nowrap; flex-direction: row; flex-grow: 0; flex-shrink: 1; margin-bottom: 1px; overflow-x: visible; overflow-y: visible;&quot;[39m
      [36m&gt;[39m
        [36m&lt;ink-box[39m
          [33mstyle[39m=[32m&quot;flex-wrap: nowrap; flex-direction: row; flex-grow: 0; flex-shrink: 1; margin-right: 2px; overflow-x: visible; overflow-y: visible;&quot;[39m
        [36m&gt;[39m
          [36m&lt;ink-text[39m
            [33mstyle[39m=[32m&quot;flex-grow: 0; flex-shrink: 1; flex-direction: row; text-wrap: wrap;&quot;[39m
          [36m&gt;[39m
            [0m[[0m
            [0m1[0m
            [0m] [0m
            [0m記憶一覧[0m
          [36m&lt;/ink-text&gt;[39m
        [36m&lt;/ink-box&gt;[39m
        [36m&lt;ink-box[39m
          [33mstyle[39m=[32m&quot;flex-wrap: nowrap; flex-direction: row; flex-grow: 0; flex-shrink: 1; margin-right: 2px; overflow-x: visible; overflow-y: visible;&quot;[39m
        [36m&gt;[39m
          [36m&lt;ink-text[39m
            [33mstyle[39m=[32m&quot;flex-grow: 0; flex-shrink: 1; flex-direction: row; text-wrap: wrap;&quot;[39m
          [36m&gt;[39m
            [0m[[0m
            [0m2[0m
            [0m] [0m
            [0mシナプス結合[0m
          [36m&lt;/ink-text&gt;[39m
        [36m&lt;/ink-box&gt;[39m
        [36m&lt;ink-box[39m
          [33mstyle[39m=[32m&quot;flex-wrap: nowrap; flex-direction: row; flex-grow: 0; flex-shrink: 1; margin-right: 2px; overflow-x: visible; overflow-y: visible;&quot;[39m
        [36m&gt;[39m
          [36m&lt;ink-text[39m
            [33mstyle[39m=[32m&quot;flex-grow: 0; flex-shrink: 1; flex-direction: row; text-wrap: wrap;&quot;[39m
          [36m&gt;[39m
            [0m[[0m
            [0m3[0m
            [0m] [0m
            [0mネットワーク診断[0m
          [36m&lt;/ink-text&gt;[39m
        [36m&lt;/ink-box&gt;[39m
        [36m&lt;ink-box[39m
          [33mstyle[39m=[32m&quot;flex-wrap: nowrap; flex-direction: row; flex-grow: 0; flex-shrink: 1; margin-right: 2px; overflow-x: visible; overflow-y: visible;&quot;[39m
        [36m&gt;[39m
          [36m&lt;ink-text[39m
            [33mstyle[39m=[32m&quot;flex-grow: 0; flex-shrink: 1; flex-direction: row; text-wrap: wrap;&quot;[39m
          [36m&gt;[39m
            [0m[[0m
            [0m4[0m
            [0m] [0m
            [0m設定[0m
          [36m&lt;/ink-text&gt;[39m
        [36m&lt;/ink-box&gt;[39m
      [36m&lt;/ink-box&gt;[39m
      [36m&lt;ink-box[39m
        [33mstyle[39m=[32m&quot;flex-wrap: nowrap; flex-direction: row; flex-grow: 1; flex-shrink: 1; overflow: hidden; overflow-x: hidden; overflow-y: hidden;&quot;[39m
      [36m&gt;[39m
        [36m&lt;ink-box[39m
          [33mstyle[39m=[32m&quot;flex-wrap: nowrap; flex-direction: column; flex-grow: 1; flex-shrink: 1; overflow-x: visible; overflow-y: visible;&quot;[39m
        [36m&gt;[39m
          [36m&lt;ink-box[39m
            [33mstyle[39m=[32m&quot;flex-wrap: nowrap; flex-direction: row; flex-grow: 0; flex-shrink: 1; margin-bottom: 1px; overflow-x: visible; overflow-y: visible;&quot;[39m
          [36m&gt;[39m
            [36m&lt;ink-text[39m
              [33mstyle[39m=[32m&quot;flex-grow: 0; flex-shrink: 1; flex-direction: row; text-wrap: wrap;&quot;[39m
            [36m&gt;[39m
              [0m記憶一覧 ([0m
              [0m3[0m
              [0m件)[0m
            [36m&lt;/ink-text&gt;[39m
          [36m&lt;/ink-box&gt;[39m
          [36m&lt;ink-box[39m
            [33mstyle[39m=[32m&quot;flex-wrap: nowrap; flex-direction: column; flex-grow: 0; flex-shrink: 0; width: 48px; overflow-x: visible; overflow-y: visible;&quot;[39m
          [36m&gt;[39m
            [36m&lt;ink-box[39m
              [33mstyle[39m=[32m&quot;flex-wrap: nowrap; flex-direction: row; flex-grow: 0; flex-shrink: 1; overflow-x: visible; overflow-y: visible;&quot;[39m
            [36m&gt;[39m
              [36m&lt;ink-text[39m
                [33mstyle[39m=[32m&quot;flex-grow: 0; flex-shrink: 1; flex-direction: row; text-wrap: wrap;&quot;[39m
              [36m&gt;[39m
                [0m► [0m
              [36m&lt;/ink-text&gt;[39m
              [36m&lt;ink-text[39m
                [33mstyle[39m=[32m&quot;flex-grow: 0; flex-shrink: 1; flex-direction: row; text-wrap: wrap;&quot;[39m
              [36m&gt;[39m
                [0m[[0m
              [36m&lt;/ink-text&gt;[39m
              [36m&lt;ink-text[39m
                [33mstyle[39m=[32m&quot;flex-grow: 0; flex-shrink: 1; flex-direction: row; text-wrap: wrap;&quot;[39m
              [36m&gt;[39m
                [0mmem-001[0m
              [36m&lt;/ink-text&gt;[39m
              [36m&lt;ink-text[39m
                [33mstyle[39m=[32m&quot;flex-grow: 0; flex-shrink: 1; flex-direction: row; text-wrap: wrap;&quot;[39m
              [36m&gt;[39m
                [0m] [0m
              [36m&lt;/ink-text&gt;[39m
              [36m&lt;ink-text[39m
                [33mstyle[39m=[32m&quot;flex-grow: 0; flex-shrink: 1; flex-direction: row; text-wrap: wrap;&quot;[39m
              [36m&gt;[39m
                [0mGPT-5プロンプトガイドの分析結果[0m
              [36m&lt;/ink-text&gt;[39m
            [36m&lt;/ink-box&gt;[39m
            [36m&lt;ink-box[39m
              [33mstyle[39m=[32m&quot;flex-wrap: nowrap; flex-direction: row; flex-grow: 0; flex-shrink: 1; overflow-x: visible; overflow-y: visible;&quot;[39m
            [36m&gt;[39m
              [36m&lt;ink-text[39m
                [33mstyle[39m=[32m&quot;flex-grow: 0; flex-shrink: 1; flex-direction: row; text-wrap: wrap;&quot;[39m
              [36m&gt;[39m
                [0m  [0m
              [36m&lt;/ink-text&gt;[39m
              [36m&lt;ink-text[39m
                [33mstyle[39m=[32m&quot;flex-grow: 0; flex-shrink: 1; flex-direction: row; text-wrap: wrap;&quot;[39m
              [36m&gt;[39m
                [0m[[0m
              [36m&lt;/ink-text&gt;[39m
              [36m&lt;ink-text[39m
                [33mstyle[39m=[32m&quot;flex-grow: 0; flex-shrink: 1; flex-direction: row; text-wrap: wrap;&quot;[39m
              [36m&gt;[39m
                [0mmem-002[0m
              [36m&lt;/ink-text&gt;[39m
              [36m&lt;ink-text[39m
                [33mstyle[39m=[32m&quot;flex-grow: 0; flex-shrink: 1; flex-direction: row; text-wrap: wrap;&quot;[39m
              [36m&gt;[39m
                [0m] [0m
              [36m&lt;/ink-text&gt;[39m
              [36m&lt;ink-text[39m
                [33mstyle[39m=[32m&quot;flex-grow: 0; flex-shrink: 1; flex-direction: row; text-wrap: wrap;&quot;[39m
              [36m&gt;[39m
                [0mシナプス記憶システムのPhase 2実装完了[0m
              [36m&lt;/ink-text&gt;[39m
            [36m&lt;/ink-box&gt;[39m
            [36m&lt;ink-box[39m
              [33mstyle[39m=[32m&quot;flex-wrap: nowrap; flex-direction: row; flex-grow: 0; flex-shrink: 1; overflow-x: visible; overflow-y: visible;&quot;[39m
            [36m&gt;[39m
              [36m&lt;ink-text[39m
                [33mstyle[39m=[32m&quot;flex-grow: 0; flex-shrink: 1; flex-direction: row; text-wrap: wrap;&quot;[39m
              [36m&gt;[39m
                [0m  [0m
              [36m&lt;/ink-text&gt;[39m
              [36m&lt;ink-text[39m
                [33mstyle[39m=[32m&quot;flex-grow: 0; flex-shrink: 1; flex-direction: row; text-wrap: wrap;&quot;[39m
              [36m&gt;[39m
                [0m[[0m
              [36m&lt;/ink-text&gt;[39m
              [36m&lt;ink-text[39m
                [33mstyle[39m=[32m&quot;flex-grow: 0; flex-shrink: 1; flex-direction: row; text-wrap: wrap;&quot;[39m
              [36m&gt;[39m
                [0mmem-003[0m
              [36m&lt;/ink-text&gt;[39m
              [36m&lt;ink-text[39m
                [33mstyle[39m=[32m&quot;flex-grow: 0; flex-shrink: 1; flex-direction: row; text-wrap: wrap;&quot;[39m
              [36m&gt;[39m
                [0m] [0m
              [36m&lt;/ink-text&gt;[39m
              [36m&lt;ink-text[39m
                [33mstyle[39m=[32m&quot;flex-grow: 0; flex-shrink: 1; flex-direction: row; text-wrap: wrap;&quot;[39m
              [36m&gt;[39m
                [0mRESTful API設計とエンドポイント定義[0m
              [36m&lt;/ink-text&gt;[39m
            [36m&lt;/ink-box&gt;[39m
          [36m&lt;/ink-box&gt;[39m
          [36m&lt;ink-box[39m
            [33mstyle[39m=[32m&quot;flex-wrap: nowrap; flex-direction: row; flex-grow: 0; flex-shrink: 1; margin-top: 1px; border-color: rgb(108, 112, 134); padding: 1px; overflow-x: visible; overflow-y: visible;&quot;[39m
          [36m&gt;[39m
            [36m&lt;ink-box[39m
              [33mstyle[39m=[32m&quot;flex-wrap: nowrap; flex-direction: column; flex-grow: 0; flex-shrink: 1; overflow-x: visible; overflow-y: visible;&quot;[39m
            [36m&gt;[39m
              [36m&lt;ink-text[39m
                [33mstyle[39m=[32m&quot;flex-grow: 0; flex-shrink: 1; flex-direction: row; text-wrap: wrap;&quot;[39m
              [36m&gt;[39m
                [0m詳細:[0m
              [36m&lt;/ink-text&gt;[39m
              [36m&lt;ink-text[39m
                [33mstyle[39m=[32m&quot;flex-grow: 0; flex-shrink: 1; flex-direction: row; text-wrap: wrap;&quot;[39m
              [36m&gt;[39m
                [0mID: [0m
                [0mmem-001[0m
              [36m&lt;/ink-text&gt;[39m
              [36m&lt;ink-text[39m
                [33mstyle[39m=[32m&quot;flex-grow: 0; flex-shrink: 1; flex-direction: row; text-wrap: wrap;&quot;[39m
              [36m&gt;[39m
                [0mアクセス数: [0m
                [0m15[0m
              [36m&lt;/ink-text&gt;[39m
              [36m&lt;ink-text[39m
                [33mstyle[39m=[32m&quot;flex-grow: 0; flex-shrink: 1; flex-direction: row; text-wrap: wrap;&quot;[39m
              [36m&gt;[39m
                [0m成功率: [0m
                [0m92.0[0m
                [0m%[0m
              [36m&lt;/ink-text&gt;[39m
              [36m&lt;ink-text[39m
                [33mstyle[39m=[32m&quot;flex-grow: 0; flex-shrink: 1; flex-direction: row; text-wrap: wrap;&quot;[39m
              [36m&gt;[39m
                [0mタグ: [0m
                [0mgpt5, prompting, analysis[0m
              [36m&lt;/ink-text&gt;[39m
            [36m&lt;/ink-box&gt;[39m
          [36m&lt;/ink-box&gt;[39m
        [36m&lt;/ink-box&gt;[39m
      [36m&lt;/ink-box&gt;[39m
      [36m&lt;ink-box[39m
        [33mstyle[39m=[32m&quot;flex-wrap: nowrap; flex-direction: row; flex-grow: 0; flex-shrink: 1; margin-top: 1px; border-color: rgb(108, 112, 134); padding: 1px; overflow-x: visible; overflow-y: visible;&quot;[39m
      [36m&gt;[39m
        [36m&lt;ink-text[39m
          [33mstyle[39m=[32m&quot;flex-grow: 0; flex-shrink: 1; flex-direction: row; text-wrap: wrap;&quot;[39m
        [36m&gt;[39m
          [0mTab: タブ切替 | ↑↓: 記憶選択 | q: 終了[0m
        [36m&lt;/ink-text&gt;[39m
      [36m&lt;/ink-box&gt;[39m
    [36m&lt;/ink-box&gt;[39m
  [36m&lt;/div&gt;[39m
[36m&lt;/body&gt;[39m" type="TestingLibraryElementError">
TestingLibraryElementError: Unable to find an element with the text: Synapses. This could be because the text is broken up by multiple elements. In this case, you can provide a function for your text matcher to make your matcher more flexible.

Ignored nodes: comments, script, style
&lt;body&gt;
  &lt;div&gt;
    &lt;ink-box
      style=&quot;flex-wrap: nowrap; flex-direction: column; flex-grow: 0; flex-shrink: 1; width: 52px; height: 20px; padding: 1px; overflow-x: visible; overflow-y: visible;&quot;
    &gt;
      &lt;ink-box
        style=&quot;flex-wrap: nowrap; flex-direction: row; flex-grow: 0; flex-shrink: 1; margin-bottom: 1px; overflow-x: visible; overflow-y: visible;&quot;
      &gt;
        &lt;ink-text
          style=&quot;flex-grow: 0; flex-shrink: 1; flex-direction: row; text-wrap: wrap;&quot;
        &gt;
          シナプス記憶システム ダッシュボード
        &lt;/ink-text&gt;
      &lt;/ink-box&gt;
      &lt;ink-box
        style=&quot;flex-wrap: nowrap; flex-direction: row; flex-grow: 0; flex-shrink: 1; margin-bottom: 1px; overflow-x: visible; overflow-y: visible;&quot;
      &gt;
        &lt;ink-box
          style=&quot;flex-wrap: nowrap; flex-direction: row; flex-grow: 0; flex-shrink: 1; margin-right: 2px; overflow-x: visible; overflow-y: visible;&quot;
        &gt;
          &lt;ink-text
            style=&quot;flex-grow: 0; flex-shrink: 1; flex-direction: row; text-wrap: wrap;&quot;
          &gt;
            [
            1
            ] 
            記憶一覧
          &lt;/ink-text&gt;
        &lt;/ink-box&gt;
        &lt;ink-box
          style=&quot;flex-wrap: nowrap; flex-direction: row; flex-grow: 0; flex-shrink: 1; margin-right: 2px; overflow-x: visible; overflow-y: visible;&quot;
        &gt;
          &lt;ink-text
            style=&quot;flex-grow: 0; flex-shrink: 1; flex-direction: row; text-wrap: wrap;&quot;
          &gt;
            [
            2
            ] 
            シナプス結合
          &lt;/ink-text&gt;
        &lt;/ink-box&gt;
        &lt;ink-box
          style=&quot;flex-wrap: nowrap; flex-direction: row; flex-grow: 0; flex-shrink: 1; margin-right: 2px; overflow-x: visible; overflow-y: visible;&quot;
        &gt;
          &lt;ink-text
            style=&quot;flex-grow: 0; flex-shrink: 1; flex-direction: row; text-wrap: wrap;&quot;
          &gt;
            [
            3
            ] 
            ネットワーク診断
          &lt;/ink-text&gt;
        &lt;/ink-box&gt;
        &lt;ink-box
          style=&quot;flex-wrap: nowrap; flex-direction: row; flex-grow: 0; flex-shrink: 1; margin-right: 2px; overflow-x: visible; overflow-y: visible;&quot;
        &gt;
          &lt;ink-text
            style=&quot;flex-grow: 0; flex-shrink: 1; flex-direction: row; text-wrap: wrap;&quot;
          &gt;
            [
            4
            ] 
            設定
          &lt;/ink-text&gt;
        &lt;/ink-box&gt;
      &lt;/ink-box&gt;
      &lt;ink-box
        style=&quot;flex-wrap: nowrap; flex-direction: row; flex-grow: 1; flex-shrink: 1; overflow: hidden; overflow-x: hidden; overflow-y: hidden;&quot;
      &gt;
        &lt;ink-box
          style=&quot;flex-wrap: nowrap; flex-direction: column; flex-grow: 1; flex-shrink: 1; overflow-x: visible; overflow-y: visible;&quot;
        &gt;
          &lt;ink-box
            style=&quot;flex-wrap: nowrap; flex-direction: row; flex-grow: 0; flex-shrink: 1; margin-bottom: 1px; overflow-x: visible; overflow-y: visible;&quot;
          &gt;
            &lt;ink-text
              style=&quot;flex-grow: 0; flex-shrink: 1; flex-direction: row; text-wrap: wrap;&quot;
            &gt;
              記憶一覧 (
              3
              件)
            &lt;/ink-text&gt;
          &lt;/ink-box&gt;
          &lt;ink-box
            style=&quot;flex-wrap: nowrap; flex-direction: column; flex-grow: 0; flex-shrink: 0; width: 48px; overflow-x: visible; overflow-y: visible;&quot;
          &gt;
            &lt;ink-box
              style=&quot;flex-wrap: nowrap; flex-direction: row; flex-grow: 0; flex-shrink: 1; overflow-x: visible; overflow-y: visible;&quot;
            &gt;
              &lt;ink-text
                style=&quot;flex-grow: 0; flex-shrink: 1; flex-direction: row; text-wrap: wrap;&quot;
              &gt;
                ► 
              &lt;/ink-text&gt;
              &lt;ink-text
                style=&quot;flex-grow: 0; flex-shrink: 1; flex-direction: row; text-wrap: wrap;&quot;
              &gt;
                [
              &lt;/ink-text&gt;
              &lt;ink-text
                style=&quot;flex-grow: 0; flex-shrink: 1; flex-direction: row; text-wrap: wrap;&quot;
              &gt;
                mem-001
              &lt;/ink-text&gt;
              &lt;ink-text
                style=&quot;flex-grow: 0; flex-shrink: 1; flex-direction: row; text-wrap: wrap;&quot;
              &gt;
                ] 
              &lt;/ink-text&gt;
              &lt;ink-text
                style=&quot;flex-grow: 0; flex-shrink: 1; flex-direction: row; text-wrap: wrap;&quot;
              &gt;
                GPT-5プロンプトガイドの分析結果
              &lt;/ink-text&gt;
            &lt;/ink-box&gt;
            &lt;ink-box
              style=&quot;flex-wrap: nowrap; flex-direction: row; flex-grow: 0; flex-shrink: 1; overflow-x: visible; overflow-y: visible;&quot;
            &gt;
              &lt;ink-text
                style=&quot;flex-grow: 0; flex-shrink: 1; flex-direction: row; text-wrap: wrap;&quot;
              &gt;
                  
              &lt;/ink-text&gt;
              &lt;ink-text
                style=&quot;flex-grow: 0; flex-shrink: 1; flex-direction: row; text-wrap: wrap;&quot;
              &gt;
                [
              &lt;/ink-text&gt;
              &lt;ink-text
                style=&quot;flex-grow: 0; flex-shrink: 1; flex-direction: row; text-wrap: wrap;&quot;
              &gt;
                mem-002
              &lt;/ink-text&gt;
              &lt;ink-text
                style=&quot;flex-grow: 0; flex-shrink: 1; flex-direction: row; text-wrap: wrap;&quot;
              &gt;
                ] 
              &lt;/ink-text&gt;
              &lt;ink-text
                style=&quot;flex-grow: 0; flex-shrink: 1; flex-direction: row; text-wrap: wrap;&quot;
              &gt;
                シナプス記憶システムのPhase 2実装完了
              &lt;/ink-text&gt;
            &lt;/ink-box&gt;
            &lt;ink-box
              style=&quot;flex-wrap: nowrap; flex-direction: row; flex-grow: 0; flex-shrink: 1; overflow-x: visible; overflow-y: visible;&quot;
            &gt;
              &lt;ink-text
                style=&quot;flex-grow: 0; flex-shrink: 1; flex-direction: row; text-wrap: wrap;&quot;
              &gt;
                  
              &lt;/ink-text&gt;
              &lt;ink-text
                style=&quot;flex-grow: 0; flex-shrink: 1; flex-direction: row; text-wrap: wrap;&quot;
              &gt;
                [
              &lt;/ink-text&gt;
              &lt;ink-text
                style=&quot;flex-grow: 0; flex-shrink: 1; flex-direction: row; text-wrap: wrap;&quot;
              &gt;
                mem-003
              &lt;/ink-text&gt;
              &lt;ink-text
                style=&quot;flex-grow: 0; flex-shrink: 1; flex-direction: row; text-wrap: wrap;&quot;
              &gt;
                ] 
              &lt;/ink-text&gt;
              &lt;ink-text
                style=&quot;flex-grow: 0; flex-shrink: 1; flex-direction: row; text-wrap: wrap;&quot;
              &gt;
                RESTful API設計とエンドポイント定義
              &lt;/ink-text&gt;
            &lt;/ink-box&gt;
          &lt;/ink-box&gt;
          &lt;ink-box
            style=&quot;flex-wrap: nowrap; flex-direction: row; flex-grow: 0; flex-shrink: 1; margin-top: 1px; border-color: rgb(108, 112, 134); padding: 1px; overflow-x: visible; overflow-y: visible;&quot;
          &gt;
            &lt;ink-box
              style=&quot;flex-wrap: nowrap; flex-direction: column; flex-grow: 0; flex-shrink: 1; overflow-x: visible; overflow-y: visible;&quot;
            &gt;
              &lt;ink-text
                style=&quot;flex-grow: 0; flex-shrink: 1; flex-direction: row; text-wrap: wrap;&quot;
              &gt;
                詳細:
              &lt;/ink-text&gt;
              &lt;ink-text
                style=&quot;flex-grow: 0; flex-shrink: 1; flex-direction: row; text-wrap: wrap;&quot;
              &gt;
                ID: 
                mem-001
              &lt;/ink-text&gt;
              &lt;ink-text
                style=&quot;flex-grow: 0; flex-shrink: 1; flex-direction: row; text-wrap: wrap;&quot;
              &gt;
                アクセス数: 
                15
              &lt;/ink-text&gt;
              &lt;ink-text
                style=&quot;flex-grow: 0; flex-shrink: 1; flex-direction: row; text-wrap: wrap;&quot;
              &gt;
                成功率: 
                92.0
                %
              &lt;/ink-text&gt;
              &lt;ink-text
                style=&quot;flex-grow: 0; flex-shrink: 1; flex-direction: row; text-wrap: wrap;&quot;
              &gt;
                タグ: 
                gpt5, prompting, analysis
              &lt;/ink-text&gt;
            &lt;/ink-box&gt;
          &lt;/ink-box&gt;
        &lt;/ink-box&gt;
      &lt;/ink-box&gt;
      &lt;ink-box
        style=&quot;flex-wrap: nowrap; flex-direction: row; flex-grow: 0; flex-shrink: 1; margin-top: 1px; border-color: rgb(108, 112, 134); padding: 1px; overflow-x: visible; overflow-y: visible;&quot;
      &gt;
        &lt;ink-text
          style=&quot;flex-grow: 0; flex-shrink: 1; flex-direction: row; text-wrap: wrap;&quot;
        &gt;
          Tab: タブ切替 | ↑↓: 記憶選択 | q: 終了
        &lt;/ink-text&gt;
      &lt;/ink-box&gt;
    &lt;/ink-box&gt;
  &lt;/div&gt;
&lt;/body&gt;
 ❯ Object.getElementError node_modules/@testing-library/dom/dist/config.js:37:19
 ❯ node_modules/@testing-library/dom/dist/query-helpers.js:76:38
 ❯ node_modules/@testing-library/dom/dist/query-helpers.js:52:17
 ❯ node_modules/@testing-library/dom/dist/query-helpers.js:95:19
 ❯ src/ui/components/SynapticMemoryDashboard.test.tsx:113:28
            </failure>
        </testcase>
        <testcase classname="src/ui/components/SynapticMemoryDashboard.test.tsx" name="SynapticMemoryDashboard &gt; Healthタブでネットワーク健康状態が表示されること" time="0.009229792">
            <failure message="Unable to find an element with the text: Health. This could be because the text is broken up by multiple elements. In this case, you can provide a function for your text matcher to make your matcher more flexible.

Ignored nodes: comments, script, style
[36m&lt;body&gt;[39m
  [36m&lt;div&gt;[39m
    [36m&lt;ink-box[39m
      [33mstyle[39m=[32m&quot;flex-wrap: nowrap; flex-direction: column; flex-grow: 0; flex-shrink: 1; width: 52px; height: 20px; padding: 1px; overflow-x: visible; overflow-y: visible;&quot;[39m
    [36m&gt;[39m
      [36m&lt;ink-box[39m
        [33mstyle[39m=[32m&quot;flex-wrap: nowrap; flex-direction: row; flex-grow: 0; flex-shrink: 1; margin-bottom: 1px; overflow-x: visible; overflow-y: visible;&quot;[39m
      [36m&gt;[39m
        [36m&lt;ink-text[39m
          [33mstyle[39m=[32m&quot;flex-grow: 0; flex-shrink: 1; flex-direction: row; text-wrap: wrap;&quot;[39m
        [36m&gt;[39m
          [0mシナプス記憶システム ダッシュボード[0m
        [36m&lt;/ink-text&gt;[39m
      [36m&lt;/ink-box&gt;[39m
      [36m&lt;ink-box[39m
        [33mstyle[39m=[32m&quot;flex-wrap: nowrap; flex-direction: row; flex-grow: 0; flex-shrink: 1; margin-bottom: 1px; overflow-x: visible; overflow-y: visible;&quot;[39m
      [36m&gt;[39m
        [36m&lt;ink-box[39m
          [33mstyle[39m=[32m&quot;flex-wrap: nowrap; flex-direction: row; flex-grow: 0; flex-shrink: 1; margin-right: 2px; overflow-x: visible; overflow-y: visible;&quot;[39m
        [36m&gt;[39m
          [36m&lt;ink-text[39m
            [33mstyle[39m=[32m&quot;flex-grow: 0; flex-shrink: 1; flex-direction: row; text-wrap: wrap;&quot;[39m
          [36m&gt;[39m
            [0m[[0m
            [0m1[0m
            [0m] [0m
            [0m記憶一覧[0m
          [36m&lt;/ink-text&gt;[39m
        [36m&lt;/ink-box&gt;[39m
        [36m&lt;ink-box[39m
          [33mstyle[39m=[32m&quot;flex-wrap: nowrap; flex-direction: row; flex-grow: 0; flex-shrink: 1; margin-right: 2px; overflow-x: visible; overflow-y: visible;&quot;[39m
        [36m&gt;[39m
          [36m&lt;ink-text[39m
            [33mstyle[39m=[32m&quot;flex-grow: 0; flex-shrink: 1; flex-direction: row; text-wrap: wrap;&quot;[39m
          [36m&gt;[39m
            [0m[[0m
            [0m2[0m
            [0m] [0m
            [0mシナプス結合[0m
          [36m&lt;/ink-text&gt;[39m
        [36m&lt;/ink-box&gt;[39m
        [36m&lt;ink-box[39m
          [33mstyle[39m=[32m&quot;flex-wrap: nowrap; flex-direction: row; flex-grow: 0; flex-shrink: 1; margin-right: 2px; overflow-x: visible; overflow-y: visible;&quot;[39m
        [36m&gt;[39m
          [36m&lt;ink-text[39m
            [33mstyle[39m=[32m&quot;flex-grow: 0; flex-shrink: 1; flex-direction: row; text-wrap: wrap;&quot;[39m
          [36m&gt;[39m
            [0m[[0m
            [0m3[0m
            [0m] [0m
            [0mネットワーク診断[0m
          [36m&lt;/ink-text&gt;[39m
        [36m&lt;/ink-box&gt;[39m
        [36m&lt;ink-box[39m
          [33mstyle[39m=[32m&quot;flex-wrap: nowrap; flex-direction: row; flex-grow: 0; flex-shrink: 1; margin-right: 2px; overflow-x: visible; overflow-y: visible;&quot;[39m
        [36m&gt;[39m
          [36m&lt;ink-text[39m
            [33mstyle[39m=[32m&quot;flex-grow: 0; flex-shrink: 1; flex-direction: row; text-wrap: wrap;&quot;[39m
          [36m&gt;[39m
            [0m[[0m
            [0m4[0m
            [0m] [0m
            [0m設定[0m
          [36m&lt;/ink-text&gt;[39m
        [36m&lt;/ink-box&gt;[39m
      [36m&lt;/ink-box&gt;[39m
      [36m&lt;ink-box[39m
        [33mstyle[39m=[32m&quot;flex-wrap: nowrap; flex-direction: row; flex-grow: 1; flex-shrink: 1; overflow: hidden; overflow-x: hidden; overflow-y: hidden;&quot;[39m
      [36m&gt;[39m
        [36m&lt;ink-box[39m
          [33mstyle[39m=[32m&quot;flex-wrap: nowrap; flex-direction: column; flex-grow: 1; flex-shrink: 1; overflow-x: visible; overflow-y: visible;&quot;[39m
        [36m&gt;[39m
          [36m&lt;ink-box[39m
            [33mstyle[39m=[32m&quot;flex-wrap: nowrap; flex-direction: row; flex-grow: 0; flex-shrink: 1; margin-bottom: 1px; overflow-x: visible; overflow-y: visible;&quot;[39m
          [36m&gt;[39m
            [36m&lt;ink-text[39m
              [33mstyle[39m=[32m&quot;flex-grow: 0; flex-shrink: 1; flex-direction: row; text-wrap: wrap;&quot;[39m
            [36m&gt;[39m
              [0m記憶一覧 ([0m
              [0m3[0m
              [0m件)[0m
            [36m&lt;/ink-text&gt;[39m
          [36m&lt;/ink-box&gt;[39m
          [36m&lt;ink-box[39m
            [33mstyle[39m=[32m&quot;flex-wrap: nowrap; flex-direction: column; flex-grow: 0; flex-shrink: 0; width: 48px; overflow-x: visible; overflow-y: visible;&quot;[39m
          [36m&gt;[39m
            [36m&lt;ink-box[39m
              [33mstyle[39m=[32m&quot;flex-wrap: nowrap; flex-direction: row; flex-grow: 0; flex-shrink: 1; overflow-x: visible; overflow-y: visible;&quot;[39m
            [36m&gt;[39m
              [36m&lt;ink-text[39m
                [33mstyle[39m=[32m&quot;flex-grow: 0; flex-shrink: 1; flex-direction: row; text-wrap: wrap;&quot;[39m
              [36m&gt;[39m
                [0m► [0m
              [36m&lt;/ink-text&gt;[39m
              [36m&lt;ink-text[39m
                [33mstyle[39m=[32m&quot;flex-grow: 0; flex-shrink: 1; flex-direction: row; text-wrap: wrap;&quot;[39m
              [36m&gt;[39m
                [0m[[0m
              [36m&lt;/ink-text&gt;[39m
              [36m&lt;ink-text[39m
                [33mstyle[39m=[32m&quot;flex-grow: 0; flex-shrink: 1; flex-direction: row; text-wrap: wrap;&quot;[39m
              [36m&gt;[39m
                [0mmem-001[0m
              [36m&lt;/ink-text&gt;[39m
              [36m&lt;ink-text[39m
                [33mstyle[39m=[32m&quot;flex-grow: 0; flex-shrink: 1; flex-direction: row; text-wrap: wrap;&quot;[39m
              [36m&gt;[39m
                [0m] [0m
              [36m&lt;/ink-text&gt;[39m
              [36m&lt;ink-text[39m
                [33mstyle[39m=[32m&quot;flex-grow: 0; flex-shrink: 1; flex-direction: row; text-wrap: wrap;&quot;[39m
              [36m&gt;[39m
                [0mGPT-5プロンプトガイドの分析結果[0m
              [36m&lt;/ink-text&gt;[39m
            [36m&lt;/ink-box&gt;[39m
            [36m&lt;ink-box[39m
              [33mstyle[39m=[32m&quot;flex-wrap: nowrap; flex-direction: row; flex-grow: 0; flex-shrink: 1; overflow-x: visible; overflow-y: visible;&quot;[39m
            [36m&gt;[39m
              [36m&lt;ink-text[39m
                [33mstyle[39m=[32m&quot;flex-grow: 0; flex-shrink: 1; flex-direction: row; text-wrap: wrap;&quot;[39m
              [36m&gt;[39m
                [0m  [0m
              [36m&lt;/ink-text&gt;[39m
              [36m&lt;ink-text[39m
                [33mstyle[39m=[32m&quot;flex-grow: 0; flex-shrink: 1; flex-direction: row; text-wrap: wrap;&quot;[39m
              [36m&gt;[39m
                [0m[[0m
              [36m&lt;/ink-text&gt;[39m
              [36m&lt;ink-text[39m
                [33mstyle[39m=[32m&quot;flex-grow: 0; flex-shrink: 1; flex-direction: row; text-wrap: wrap;&quot;[39m
              [36m&gt;[39m
                [0mmem-002[0m
              [36m&lt;/ink-text&gt;[39m
              [36m&lt;ink-text[39m
                [33mstyle[39m=[32m&quot;flex-grow: 0; flex-shrink: 1; flex-direction: row; text-wrap: wrap;&quot;[39m
              [36m&gt;[39m
                [0m] [0m
              [36m&lt;/ink-text&gt;[39m
              [36m&lt;ink-text[39m
                [33mstyle[39m=[32m&quot;flex-grow: 0; flex-shrink: 1; flex-direction: row; text-wrap: wrap;&quot;[39m
              [36m&gt;[39m
                [0mシナプス記憶システムのPhase 2実装完了[0m
              [36m&lt;/ink-text&gt;[39m
            [36m&lt;/ink-box&gt;[39m
            [36m&lt;ink-box[39m
              [33mstyle[39m=[32m&quot;flex-wrap: nowrap; flex-direction: row; flex-grow: 0; flex-shrink: 1; overflow-x: visible; overflow-y: visible;&quot;[39m
            [36m&gt;[39m
              [36m&lt;ink-text[39m
                [33mstyle[39m=[32m&quot;flex-grow: 0; flex-shrink: 1; flex-direction: row; text-wrap: wrap;&quot;[39m
              [36m&gt;[39m
                [0m  [0m
              [36m&lt;/ink-text&gt;[39m
              [36m&lt;ink-text[39m
                [33mstyle[39m=[32m&quot;flex-grow: 0; flex-shrink: 1; flex-direction: row; text-wrap: wrap;&quot;[39m
              [36m&gt;[39m
                [0m[[0m
              [36m&lt;/ink-text&gt;[39m
              [36m&lt;ink-text[39m
                [33mstyle[39m=[32m&quot;flex-grow: 0; flex-shrink: 1; flex-direction: row; text-wrap: wrap;&quot;[39m
              [36m&gt;[39m
                [0mmem-003[0m
              [36m&lt;/ink-text&gt;[39m
              [36m&lt;ink-text[39m
                [33mstyle[39m=[32m&quot;flex-grow: 0; flex-shrink: 1; flex-direction: row; text-wrap: wrap;&quot;[39m
              [36m&gt;[39m
                [0m] [0m
              [36m&lt;/ink-text&gt;[39m
              [36m&lt;ink-text[39m
                [33mstyle[39m=[32m&quot;flex-grow: 0; flex-shrink: 1; flex-direction: row; text-wrap: wrap;&quot;[39m
              [36m&gt;[39m
                [0mRESTful API設計とエンドポイント定義[0m
              [36m&lt;/ink-text&gt;[39m
            [36m&lt;/ink-box&gt;[39m
          [36m&lt;/ink-box&gt;[39m
          [36m&lt;ink-box[39m
            [33mstyle[39m=[32m&quot;flex-wrap: nowrap; flex-direction: row; flex-grow: 0; flex-shrink: 1; margin-top: 1px; border-color: rgb(108, 112, 134); padding: 1px; overflow-x: visible; overflow-y: visible;&quot;[39m
          [36m&gt;[39m
            [36m&lt;ink-box[39m
              [33mstyle[39m=[32m&quot;flex-wrap: nowrap; flex-direction: column; flex-grow: 0; flex-shrink: 1; overflow-x: visible; overflow-y: visible;&quot;[39m
            [36m&gt;[39m
              [36m&lt;ink-text[39m
                [33mstyle[39m=[32m&quot;flex-grow: 0; flex-shrink: 1; flex-direction: row; text-wrap: wrap;&quot;[39m
              [36m&gt;[39m
                [0m詳細:[0m
              [36m&lt;/ink-text&gt;[39m
              [36m&lt;ink-text[39m
                [33mstyle[39m=[32m&quot;flex-grow: 0; flex-shrink: 1; flex-direction: row; text-wrap: wrap;&quot;[39m
              [36m&gt;[39m
                [0mID: [0m
                [0mmem-001[0m
              [36m&lt;/ink-text&gt;[39m
              [36m&lt;ink-text[39m
                [33mstyle[39m=[32m&quot;flex-grow: 0; flex-shrink: 1; flex-direction: row; text-wrap: wrap;&quot;[39m
              [36m&gt;[39m
                [0mアクセス数: [0m
                [0m15[0m
              [36m&lt;/ink-text&gt;[39m
              [36m&lt;ink-text[39m
                [33mstyle[39m=[32m&quot;flex-grow: 0; flex-shrink: 1; flex-direction: row; text-wrap: wrap;&quot;[39m
              [36m&gt;[39m
                [0m成功率: [0m
                [0m92.0[0m
                [0m%[0m
              [36m&lt;/ink-text&gt;[39m
              [36m&lt;ink-text[39m
                [33mstyle[39m=[32m&quot;flex-grow: 0; flex-shrink: 1; flex-direction: row; text-wrap: wrap;&quot;[39m
              [36m&gt;[39m
                [0mタグ: [0m
                [0mgpt5, prompting, analysis[0m
              [36m&lt;/ink-text&gt;[39m
            [36m&lt;/ink-box&gt;[39m
          [36m&lt;/ink-box&gt;[39m
        [36m&lt;/ink-box&gt;[39m
      [36m&lt;/ink-box&gt;[39m
      [36m&lt;ink-box[39m
        [33mstyle[39m=[32m&quot;flex-wrap: nowrap; flex-direction: row; flex-grow: 0; flex-shrink: 1; margin-top: 1px; border-color: rgb(108, 112, 134); padding: 1px; overflow-x: visible; overflow-y: visible;&quot;[39m
      [36m&gt;[39m
        [36m&lt;ink-text[39m
          [33mstyle[39m=[32m&quot;flex-grow: 0; flex-shrink: 1; flex-direction: row; text-wrap: wrap;&quot;[39m
        [36m&gt;[39m
          [0mTab: タブ切替 | ↑↓: 記憶選択 | q: 終了[0m
        [36m&lt;/ink-text&gt;[39m
      [36m&lt;/ink-box&gt;[39m
    [36m&lt;/ink-box&gt;[39m
  [36m&lt;/div&gt;[39m
[36m&lt;/body&gt;[39m" type="TestingLibraryElementError">
TestingLibraryElementError: Unable to find an element with the text: Health. This could be because the text is broken up by multiple elements. In this case, you can provide a function for your text matcher to make your matcher more flexible.

Ignored nodes: comments, script, style
&lt;body&gt;
  &lt;div&gt;
    &lt;ink-box
      style=&quot;flex-wrap: nowrap; flex-direction: column; flex-grow: 0; flex-shrink: 1; width: 52px; height: 20px; padding: 1px; overflow-x: visible; overflow-y: visible;&quot;
    &gt;
      &lt;ink-box
        style=&quot;flex-wrap: nowrap; flex-direction: row; flex-grow: 0; flex-shrink: 1; margin-bottom: 1px; overflow-x: visible; overflow-y: visible;&quot;
      &gt;
        &lt;ink-text
          style=&quot;flex-grow: 0; flex-shrink: 1; flex-direction: row; text-wrap: wrap;&quot;
        &gt;
          シナプス記憶システム ダッシュボード
        &lt;/ink-text&gt;
      &lt;/ink-box&gt;
      &lt;ink-box
        style=&quot;flex-wrap: nowrap; flex-direction: row; flex-grow: 0; flex-shrink: 1; margin-bottom: 1px; overflow-x: visible; overflow-y: visible;&quot;
      &gt;
        &lt;ink-box
          style=&quot;flex-wrap: nowrap; flex-direction: row; flex-grow: 0; flex-shrink: 1; margin-right: 2px; overflow-x: visible; overflow-y: visible;&quot;
        &gt;
          &lt;ink-text
            style=&quot;flex-grow: 0; flex-shrink: 1; flex-direction: row; text-wrap: wrap;&quot;
          &gt;
            [
            1
            ] 
            記憶一覧
          &lt;/ink-text&gt;
        &lt;/ink-box&gt;
        &lt;ink-box
          style=&quot;flex-wrap: nowrap; flex-direction: row; flex-grow: 0; flex-shrink: 1; margin-right: 2px; overflow-x: visible; overflow-y: visible;&quot;
        &gt;
          &lt;ink-text
            style=&quot;flex-grow: 0; flex-shrink: 1; flex-direction: row; text-wrap: wrap;&quot;
          &gt;
            [
            2
            ] 
            シナプス結合
          &lt;/ink-text&gt;
        &lt;/ink-box&gt;
        &lt;ink-box
          style=&quot;flex-wrap: nowrap; flex-direction: row; flex-grow: 0; flex-shrink: 1; margin-right: 2px; overflow-x: visible; overflow-y: visible;&quot;
        &gt;
          &lt;ink-text
            style=&quot;flex-grow: 0; flex-shrink: 1; flex-direction: row; text-wrap: wrap;&quot;
          &gt;
            [
            3
            ] 
            ネットワーク診断
          &lt;/ink-text&gt;
        &lt;/ink-box&gt;
        &lt;ink-box
          style=&quot;flex-wrap: nowrap; flex-direction: row; flex-grow: 0; flex-shrink: 1; margin-right: 2px; overflow-x: visible; overflow-y: visible;&quot;
        &gt;
          &lt;ink-text
            style=&quot;flex-grow: 0; flex-shrink: 1; flex-direction: row; text-wrap: wrap;&quot;
          &gt;
            [
            4
            ] 
            設定
          &lt;/ink-text&gt;
        &lt;/ink-box&gt;
      &lt;/ink-box&gt;
      &lt;ink-box
        style=&quot;flex-wrap: nowrap; flex-direction: row; flex-grow: 1; flex-shrink: 1; overflow: hidden; overflow-x: hidden; overflow-y: hidden;&quot;
      &gt;
        &lt;ink-box
          style=&quot;flex-wrap: nowrap; flex-direction: column; flex-grow: 1; flex-shrink: 1; overflow-x: visible; overflow-y: visible;&quot;
        &gt;
          &lt;ink-box
            style=&quot;flex-wrap: nowrap; flex-direction: row; flex-grow: 0; flex-shrink: 1; margin-bottom: 1px; overflow-x: visible; overflow-y: visible;&quot;
          &gt;
            &lt;ink-text
              style=&quot;flex-grow: 0; flex-shrink: 1; flex-direction: row; text-wrap: wrap;&quot;
            &gt;
              記憶一覧 (
              3
              件)
            &lt;/ink-text&gt;
          &lt;/ink-box&gt;
          &lt;ink-box
            style=&quot;flex-wrap: nowrap; flex-direction: column; flex-grow: 0; flex-shrink: 0; width: 48px; overflow-x: visible; overflow-y: visible;&quot;
          &gt;
            &lt;ink-box
              style=&quot;flex-wrap: nowrap; flex-direction: row; flex-grow: 0; flex-shrink: 1; overflow-x: visible; overflow-y: visible;&quot;
            &gt;
              &lt;ink-text
                style=&quot;flex-grow: 0; flex-shrink: 1; flex-direction: row; text-wrap: wrap;&quot;
              &gt;
                ► 
              &lt;/ink-text&gt;
              &lt;ink-text
                style=&quot;flex-grow: 0; flex-shrink: 1; flex-direction: row; text-wrap: wrap;&quot;
              &gt;
                [
              &lt;/ink-text&gt;
              &lt;ink-text
                style=&quot;flex-grow: 0; flex-shrink: 1; flex-direction: row; text-wrap: wrap;&quot;
              &gt;
                mem-001
              &lt;/ink-text&gt;
              &lt;ink-text
                style=&quot;flex-grow: 0; flex-shrink: 1; flex-direction: row; text-wrap: wrap;&quot;
              &gt;
                ] 
              &lt;/ink-text&gt;
              &lt;ink-text
                style=&quot;flex-grow: 0; flex-shrink: 1; flex-direction: row; text-wrap: wrap;&quot;
              &gt;
                GPT-5プロンプトガイドの分析結果
              &lt;/ink-text&gt;
            &lt;/ink-box&gt;
            &lt;ink-box
              style=&quot;flex-wrap: nowrap; flex-direction: row; flex-grow: 0; flex-shrink: 1; overflow-x: visible; overflow-y: visible;&quot;
            &gt;
              &lt;ink-text
                style=&quot;flex-grow: 0; flex-shrink: 1; flex-direction: row; text-wrap: wrap;&quot;
              &gt;
                  
              &lt;/ink-text&gt;
              &lt;ink-text
                style=&quot;flex-grow: 0; flex-shrink: 1; flex-direction: row; text-wrap: wrap;&quot;
              &gt;
                [
              &lt;/ink-text&gt;
              &lt;ink-text
                style=&quot;flex-grow: 0; flex-shrink: 1; flex-direction: row; text-wrap: wrap;&quot;
              &gt;
                mem-002
              &lt;/ink-text&gt;
              &lt;ink-text
                style=&quot;flex-grow: 0; flex-shrink: 1; flex-direction: row; text-wrap: wrap;&quot;
              &gt;
                ] 
              &lt;/ink-text&gt;
              &lt;ink-text
                style=&quot;flex-grow: 0; flex-shrink: 1; flex-direction: row; text-wrap: wrap;&quot;
              &gt;
                シナプス記憶システムのPhase 2実装完了
              &lt;/ink-text&gt;
            &lt;/ink-box&gt;
            &lt;ink-box
              style=&quot;flex-wrap: nowrap; flex-direction: row; flex-grow: 0; flex-shrink: 1; overflow-x: visible; overflow-y: visible;&quot;
            &gt;
              &lt;ink-text
                style=&quot;flex-grow: 0; flex-shrink: 1; flex-direction: row; text-wrap: wrap;&quot;
              &gt;
                  
              &lt;/ink-text&gt;
              &lt;ink-text
                style=&quot;flex-grow: 0; flex-shrink: 1; flex-direction: row; text-wrap: wrap;&quot;
              &gt;
                [
              &lt;/ink-text&gt;
              &lt;ink-text
                style=&quot;flex-grow: 0; flex-shrink: 1; flex-direction: row; text-wrap: wrap;&quot;
              &gt;
                mem-003
              &lt;/ink-text&gt;
              &lt;ink-text
                style=&quot;flex-grow: 0; flex-shrink: 1; flex-direction: row; text-wrap: wrap;&quot;
              &gt;
                ] 
              &lt;/ink-text&gt;
              &lt;ink-text
                style=&quot;flex-grow: 0; flex-shrink: 1; flex-direction: row; text-wrap: wrap;&quot;
              &gt;
                RESTful API設計とエンドポイント定義
              &lt;/ink-text&gt;
            &lt;/ink-box&gt;
          &lt;/ink-box&gt;
          &lt;ink-box
            style=&quot;flex-wrap: nowrap; flex-direction: row; flex-grow: 0; flex-shrink: 1; margin-top: 1px; border-color: rgb(108, 112, 134); padding: 1px; overflow-x: visible; overflow-y: visible;&quot;
          &gt;
            &lt;ink-box
              style=&quot;flex-wrap: nowrap; flex-direction: column; flex-grow: 0; flex-shrink: 1; overflow-x: visible; overflow-y: visible;&quot;
            &gt;
              &lt;ink-text
                style=&quot;flex-grow: 0; flex-shrink: 1; flex-direction: row; text-wrap: wrap;&quot;
              &gt;
                詳細:
              &lt;/ink-text&gt;
              &lt;ink-text
                style=&quot;flex-grow: 0; flex-shrink: 1; flex-direction: row; text-wrap: wrap;&quot;
              &gt;
                ID: 
                mem-001
              &lt;/ink-text&gt;
              &lt;ink-text
                style=&quot;flex-grow: 0; flex-shrink: 1; flex-direction: row; text-wrap: wrap;&quot;
              &gt;
                アクセス数: 
                15
              &lt;/ink-text&gt;
              &lt;ink-text
                style=&quot;flex-grow: 0; flex-shrink: 1; flex-direction: row; text-wrap: wrap;&quot;
              &gt;
                成功率: 
                92.0
                %
              &lt;/ink-text&gt;
              &lt;ink-text
                style=&quot;flex-grow: 0; flex-shrink: 1; flex-direction: row; text-wrap: wrap;&quot;
              &gt;
                タグ: 
                gpt5, prompting, analysis
              &lt;/ink-text&gt;
            &lt;/ink-box&gt;
          &lt;/ink-box&gt;
        &lt;/ink-box&gt;
      &lt;/ink-box&gt;
      &lt;ink-box
        style=&quot;flex-wrap: nowrap; flex-direction: row; flex-grow: 0; flex-shrink: 1; margin-top: 1px; border-color: rgb(108, 112, 134); padding: 1px; overflow-x: visible; overflow-y: visible;&quot;
      &gt;
        &lt;ink-text
          style=&quot;flex-grow: 0; flex-shrink: 1; flex-direction: row; text-wrap: wrap;&quot;
        &gt;
          Tab: タブ切替 | ↑↓: 記憶選択 | q: 終了
        &lt;/ink-text&gt;
      &lt;/ink-box&gt;
    &lt;/ink-box&gt;
  &lt;/div&gt;
&lt;/body&gt;
 ❯ Object.getElementError node_modules/@testing-library/dom/dist/config.js:37:19
 ❯ node_modules/@testing-library/dom/dist/query-helpers.js:76:38
 ❯ node_modules/@testing-library/dom/dist/query-helpers.js:52:17
 ❯ node_modules/@testing-library/dom/dist/query-helpers.js:95:19
 ❯ src/ui/components/SynapticMemoryDashboard.test.tsx:126:28
            </failure>
        </testcase>
        <testcase classname="src/ui/components/SynapticMemoryDashboard.test.tsx" name="SynapticMemoryDashboard &gt; Healthタブで問題と提案が表示されること" time="0.01162325">
            <failure message="Unable to find an element with the text: Health. This could be because the text is broken up by multiple elements. In this case, you can provide a function for your text matcher to make your matcher more flexible.

Ignored nodes: comments, script, style
[36m&lt;body&gt;[39m
  [36m&lt;div&gt;[39m
    [36m&lt;ink-box[39m
      [33mstyle[39m=[32m&quot;flex-wrap: nowrap; flex-direction: column; flex-grow: 0; flex-shrink: 1; width: 52px; height: 20px; padding: 1px; overflow-x: visible; overflow-y: visible;&quot;[39m
    [36m&gt;[39m
      [36m&lt;ink-box[39m
        [33mstyle[39m=[32m&quot;flex-wrap: nowrap; flex-direction: row; flex-grow: 0; flex-shrink: 1; margin-bottom: 1px; overflow-x: visible; overflow-y: visible;&quot;[39m
      [36m&gt;[39m
        [36m&lt;ink-text[39m
          [33mstyle[39m=[32m&quot;flex-grow: 0; flex-shrink: 1; flex-direction: row; text-wrap: wrap;&quot;[39m
        [36m&gt;[39m
          [0mシナプス記憶システム ダッシュボード[0m
        [36m&lt;/ink-text&gt;[39m
      [36m&lt;/ink-box&gt;[39m
      [36m&lt;ink-box[39m
        [33mstyle[39m=[32m&quot;flex-wrap: nowrap; flex-direction: row; flex-grow: 0; flex-shrink: 1; margin-bottom: 1px; overflow-x: visible; overflow-y: visible;&quot;[39m
      [36m&gt;[39m
        [36m&lt;ink-box[39m
          [33mstyle[39m=[32m&quot;flex-wrap: nowrap; flex-direction: row; flex-grow: 0; flex-shrink: 1; margin-right: 2px; overflow-x: visible; overflow-y: visible;&quot;[39m
        [36m&gt;[39m
          [36m&lt;ink-text[39m
            [33mstyle[39m=[32m&quot;flex-grow: 0; flex-shrink: 1; flex-direction: row; text-wrap: wrap;&quot;[39m
          [36m&gt;[39m
            [0m[[0m
            [0m1[0m
            [0m] [0m
            [0m記憶一覧[0m
          [36m&lt;/ink-text&gt;[39m
        [36m&lt;/ink-box&gt;[39m
        [36m&lt;ink-box[39m
          [33mstyle[39m=[32m&quot;flex-wrap: nowrap; flex-direction: row; flex-grow: 0; flex-shrink: 1; margin-right: 2px; overflow-x: visible; overflow-y: visible;&quot;[39m
        [36m&gt;[39m
          [36m&lt;ink-text[39m
            [33mstyle[39m=[32m&quot;flex-grow: 0; flex-shrink: 1; flex-direction: row; text-wrap: wrap;&quot;[39m
          [36m&gt;[39m
            [0m[[0m
            [0m2[0m
            [0m] [0m
            [0mシナプス結合[0m
          [36m&lt;/ink-text&gt;[39m
        [36m&lt;/ink-box&gt;[39m
        [36m&lt;ink-box[39m
          [33mstyle[39m=[32m&quot;flex-wrap: nowrap; flex-direction: row; flex-grow: 0; flex-shrink: 1; margin-right: 2px; overflow-x: visible; overflow-y: visible;&quot;[39m
        [36m&gt;[39m
          [36m&lt;ink-text[39m
            [33mstyle[39m=[32m&quot;flex-grow: 0; flex-shrink: 1; flex-direction: row; text-wrap: wrap;&quot;[39m
          [36m&gt;[39m
            [0m[[0m
            [0m3[0m
            [0m] [0m
            [0mネットワーク診断[0m
          [36m&lt;/ink-text&gt;[39m
        [36m&lt;/ink-box&gt;[39m
        [36m&lt;ink-box[39m
          [33mstyle[39m=[32m&quot;flex-wrap: nowrap; flex-direction: row; flex-grow: 0; flex-shrink: 1; margin-right: 2px; overflow-x: visible; overflow-y: visible;&quot;[39m
        [36m&gt;[39m
          [36m&lt;ink-text[39m
            [33mstyle[39m=[32m&quot;flex-grow: 0; flex-shrink: 1; flex-direction: row; text-wrap: wrap;&quot;[39m
          [36m&gt;[39m
            [0m[[0m
            [0m4[0m
            [0m] [0m
            [0m設定[0m
          [36m&lt;/ink-text&gt;[39m
        [36m&lt;/ink-box&gt;[39m
      [36m&lt;/ink-box&gt;[39m
      [36m&lt;ink-box[39m
        [33mstyle[39m=[32m&quot;flex-wrap: nowrap; flex-direction: row; flex-grow: 1; flex-shrink: 1; overflow: hidden; overflow-x: hidden; overflow-y: hidden;&quot;[39m
      [36m&gt;[39m
        [36m&lt;ink-box[39m
          [33mstyle[39m=[32m&quot;flex-wrap: nowrap; flex-direction: column; flex-grow: 1; flex-shrink: 1; overflow-x: visible; overflow-y: visible;&quot;[39m
        [36m&gt;[39m
          [36m&lt;ink-box[39m
            [33mstyle[39m=[32m&quot;flex-wrap: nowrap; flex-direction: row; flex-grow: 0; flex-shrink: 1; margin-bottom: 1px; overflow-x: visible; overflow-y: visible;&quot;[39m
          [36m&gt;[39m
            [36m&lt;ink-text[39m
              [33mstyle[39m=[32m&quot;flex-grow: 0; flex-shrink: 1; flex-direction: row; text-wrap: wrap;&quot;[39m
            [36m&gt;[39m
              [0m記憶一覧 ([0m
              [0m3[0m
              [0m件)[0m
            [36m&lt;/ink-text&gt;[39m
          [36m&lt;/ink-box&gt;[39m
          [36m&lt;ink-box[39m
            [33mstyle[39m=[32m&quot;flex-wrap: nowrap; flex-direction: column; flex-grow: 0; flex-shrink: 0; width: 48px; overflow-x: visible; overflow-y: visible;&quot;[39m
          [36m&gt;[39m
            [36m&lt;ink-box[39m
              [33mstyle[39m=[32m&quot;flex-wrap: nowrap; flex-direction: row; flex-grow: 0; flex-shrink: 1; overflow-x: visible; overflow-y: visible;&quot;[39m
            [36m&gt;[39m
              [36m&lt;ink-text[39m
                [33mstyle[39m=[32m&quot;flex-grow: 0; flex-shrink: 1; flex-direction: row; text-wrap: wrap;&quot;[39m
              [36m&gt;[39m
                [0m► [0m
              [36m&lt;/ink-text&gt;[39m
              [36m&lt;ink-text[39m
                [33mstyle[39m=[32m&quot;flex-grow: 0; flex-shrink: 1; flex-direction: row; text-wrap: wrap;&quot;[39m
              [36m&gt;[39m
                [0m[[0m
              [36m&lt;/ink-text&gt;[39m
              [36m&lt;ink-text[39m
                [33mstyle[39m=[32m&quot;flex-grow: 0; flex-shrink: 1; flex-direction: row; text-wrap: wrap;&quot;[39m
              [36m&gt;[39m
                [0mmem-001[0m
              [36m&lt;/ink-text&gt;[39m
              [36m&lt;ink-text[39m
                [33mstyle[39m=[32m&quot;flex-grow: 0; flex-shrink: 1; flex-direction: row; text-wrap: wrap;&quot;[39m
              [36m&gt;[39m
                [0m] [0m
              [36m&lt;/ink-text&gt;[39m
              [36m&lt;ink-text[39m
                [33mstyle[39m=[32m&quot;flex-grow: 0; flex-shrink: 1; flex-direction: row; text-wrap: wrap;&quot;[39m
              [36m&gt;[39m
                [0mGPT-5プロンプトガイドの分析結果[0m
              [36m&lt;/ink-text&gt;[39m
            [36m&lt;/ink-box&gt;[39m
            [36m&lt;ink-box[39m
              [33mstyle[39m=[32m&quot;flex-wrap: nowrap; flex-direction: row; flex-grow: 0; flex-shrink: 1; overflow-x: visible; overflow-y: visible;&quot;[39m
            [36m&gt;[39m
              [36m&lt;ink-text[39m
                [33mstyle[39m=[32m&quot;flex-grow: 0; flex-shrink: 1; flex-direction: row; text-wrap: wrap;&quot;[39m
              [36m&gt;[39m
                [0m  [0m
              [36m&lt;/ink-text&gt;[39m
              [36m&lt;ink-text[39m
                [33mstyle[39m=[32m&quot;flex-grow: 0; flex-shrink: 1; flex-direction: row; text-wrap: wrap;&quot;[39m
              [36m&gt;[39m
                [0m[[0m
              [36m&lt;/ink-text&gt;[39m
              [36m&lt;ink-text[39m
                [33mstyle[39m=[32m&quot;flex-grow: 0; flex-shrink: 1; flex-direction: row; text-wrap: wrap;&quot;[39m
              [36m&gt;[39m
                [0mmem-002[0m
              [36m&lt;/ink-text&gt;[39m
              [36m&lt;ink-text[39m
                [33mstyle[39m=[32m&quot;flex-grow: 0; flex-shrink: 1; flex-direction: row; text-wrap: wrap;&quot;[39m
              [36m&gt;[39m
                [0m] [0m
              [36m&lt;/ink-text&gt;[39m
              [36m&lt;ink-text[39m
                [33mstyle[39m=[32m&quot;flex-grow: 0; flex-shrink: 1; flex-direction: row; text-wrap: wrap;&quot;[39m
              [36m&gt;[39m
                [0mシナプス記憶システムのPhase 2実装完了[0m
              [36m&lt;/ink-text&gt;[39m
            [36m&lt;/ink-box&gt;[39m
            [36m&lt;ink-box[39m
              [33mstyle[39m=[32m&quot;flex-wrap: nowrap; flex-direction: row; flex-grow: 0; flex-shrink: 1; overflow-x: visible; overflow-y: visible;&quot;[39m
            [36m&gt;[39m
              [36m&lt;ink-text[39m
                [33mstyle[39m=[32m&quot;flex-grow: 0; flex-shrink: 1; flex-direction: row; text-wrap: wrap;&quot;[39m
              [36m&gt;[39m
                [0m  [0m
              [36m&lt;/ink-text&gt;[39m
              [36m&lt;ink-text[39m
                [33mstyle[39m=[32m&quot;flex-grow: 0; flex-shrink: 1; flex-direction: row; text-wrap: wrap;&quot;[39m
              [36m&gt;[39m
                [0m[[0m
              [36m&lt;/ink-text&gt;[39m
              [36m&lt;ink-text[39m
                [33mstyle[39m=[32m&quot;flex-grow: 0; flex-shrink: 1; flex-direction: row; text-wrap: wrap;&quot;[39m
              [36m&gt;[39m
                [0mmem-003[0m
              [36m&lt;/ink-text&gt;[39m
              [36m&lt;ink-text[39m
                [33mstyle[39m=[32m&quot;flex-grow: 0; flex-shrink: 1; flex-direction: row; text-wrap: wrap;&quot;[39m
              [36m&gt;[39m
                [0m] [0m
              [36m&lt;/ink-text&gt;[39m
              [36m&lt;ink-text[39m
                [33mstyle[39m=[32m&quot;flex-grow: 0; flex-shrink: 1; flex-direction: row; text-wrap: wrap;&quot;[39m
              [36m&gt;[39m
                [0mRESTful API設計とエンドポイント定義[0m
              [36m&lt;/ink-text&gt;[39m
            [36m&lt;/ink-box&gt;[39m
          [36m&lt;/ink-box&gt;[39m
          [36m&lt;ink-box[39m
            [33mstyle[39m=[32m&quot;flex-wrap: nowrap; flex-direction: row; flex-grow: 0; flex-shrink: 1; margin-top: 1px; border-color: rgb(108, 112, 134); padding: 1px; overflow-x: visible; overflow-y: visible;&quot;[39m
          [36m&gt;[39m
            [36m&lt;ink-box[39m
              [33mstyle[39m=[32m&quot;flex-wrap: nowrap; flex-direction: column; flex-grow: 0; flex-shrink: 1; overflow-x: visible; overflow-y: visible;&quot;[39m
            [36m&gt;[39m
              [36m&lt;ink-text[39m
                [33mstyle[39m=[32m&quot;flex-grow: 0; flex-shrink: 1; flex-direction: row; text-wrap: wrap;&quot;[39m
              [36m&gt;[39m
                [0m詳細:[0m
              [36m&lt;/ink-text&gt;[39m
              [36m&lt;ink-text[39m
                [33mstyle[39m=[32m&quot;flex-grow: 0; flex-shrink: 1; flex-direction: row; text-wrap: wrap;&quot;[39m
              [36m&gt;[39m
                [0mID: [0m
                [0mmem-001[0m
              [36m&lt;/ink-text&gt;[39m
              [36m&lt;ink-text[39m
                [33mstyle[39m=[32m&quot;flex-grow: 0; flex-shrink: 1; flex-direction: row; text-wrap: wrap;&quot;[39m
              [36m&gt;[39m
                [0mアクセス数: [0m
                [0m15[0m
              [36m&lt;/ink-text&gt;[39m
              [36m&lt;ink-text[39m
                [33mstyle[39m=[32m&quot;flex-grow: 0; flex-shrink: 1; flex-direction: row; text-wrap: wrap;&quot;[39m
              [36m&gt;[39m
                [0m成功率: [0m
                [0m92.0[0m
                [0m%[0m
              [36m&lt;/ink-text&gt;[39m
              [36m&lt;ink-text[39m
                [33mstyle[39m=[32m&quot;flex-grow: 0; flex-shrink: 1; flex-direction: row; text-wrap: wrap;&quot;[39m
              [36m&gt;[39m
                [0mタグ: [0m
                [0mgpt5, prompting, analysis[0m
              [36m&lt;/ink-text&gt;[39m
            [36m&lt;/ink-box&gt;[39m
          [36m&lt;/ink-box&gt;[39m
        [36m&lt;/ink-box&gt;[39m
      [36m&lt;/ink-box&gt;[39m
      [36m&lt;ink-box[39m
        [33mstyle[39m=[32m&quot;flex-wrap: nowrap; flex-direction: row; flex-grow: 0; flex-shrink: 1; margin-top: 1px; border-color: rgb(108, 112, 134); padding: 1px; overflow-x: visible; overflow-y: visible;&quot;[39m
      [36m&gt;[39m
        [36m&lt;ink-text[39m
          [33mstyle[39m=[32m&quot;flex-grow: 0; flex-shrink: 1; flex-direction: row; text-wrap: wrap;&quot;[39m
        [36m&gt;[39m
          [0mTab: タブ切替 | ↑↓: 記憶選択 | q: 終了[0m
        [36m&lt;/ink-text&gt;[39m
      [36m&lt;/ink-box&gt;[39m
    [36m&lt;/ink-box&gt;[39m
  [36m&lt;/div&gt;[39m
[36m&lt;/body&gt;[39m" type="TestingLibraryElementError">
TestingLibraryElementError: Unable to find an element with the text: Health. This could be because the text is broken up by multiple elements. In this case, you can provide a function for your text matcher to make your matcher more flexible.

Ignored nodes: comments, script, style
&lt;body&gt;
  &lt;div&gt;
    &lt;ink-box
      style=&quot;flex-wrap: nowrap; flex-direction: column; flex-grow: 0; flex-shrink: 1; width: 52px; height: 20px; padding: 1px; overflow-x: visible; overflow-y: visible;&quot;
    &gt;
      &lt;ink-box
        style=&quot;flex-wrap: nowrap; flex-direction: row; flex-grow: 0; flex-shrink: 1; margin-bottom: 1px; overflow-x: visible; overflow-y: visible;&quot;
      &gt;
        &lt;ink-text
          style=&quot;flex-grow: 0; flex-shrink: 1; flex-direction: row; text-wrap: wrap;&quot;
        &gt;
          シナプス記憶システム ダッシュボード
        &lt;/ink-text&gt;
      &lt;/ink-box&gt;
      &lt;ink-box
        style=&quot;flex-wrap: nowrap; flex-direction: row; flex-grow: 0; flex-shrink: 1; margin-bottom: 1px; overflow-x: visible; overflow-y: visible;&quot;
      &gt;
        &lt;ink-box
          style=&quot;flex-wrap: nowrap; flex-direction: row; flex-grow: 0; flex-shrink: 1; margin-right: 2px; overflow-x: visible; overflow-y: visible;&quot;
        &gt;
          &lt;ink-text
            style=&quot;flex-grow: 0; flex-shrink: 1; flex-direction: row; text-wrap: wrap;&quot;
          &gt;
            [
            1
            ] 
            記憶一覧
          &lt;/ink-text&gt;
        &lt;/ink-box&gt;
        &lt;ink-box
          style=&quot;flex-wrap: nowrap; flex-direction: row; flex-grow: 0; flex-shrink: 1; margin-right: 2px; overflow-x: visible; overflow-y: visible;&quot;
        &gt;
          &lt;ink-text
            style=&quot;flex-grow: 0; flex-shrink: 1; flex-direction: row; text-wrap: wrap;&quot;
          &gt;
            [
            2
            ] 
            シナプス結合
          &lt;/ink-text&gt;
        &lt;/ink-box&gt;
        &lt;ink-box
          style=&quot;flex-wrap: nowrap; flex-direction: row; flex-grow: 0; flex-shrink: 1; margin-right: 2px; overflow-x: visible; overflow-y: visible;&quot;
        &gt;
          &lt;ink-text
            style=&quot;flex-grow: 0; flex-shrink: 1; flex-direction: row; text-wrap: wrap;&quot;
          &gt;
            [
            3
            ] 
            ネットワーク診断
          &lt;/ink-text&gt;
        &lt;/ink-box&gt;
        &lt;ink-box
          style=&quot;flex-wrap: nowrap; flex-direction: row; flex-grow: 0; flex-shrink: 1; margin-right: 2px; overflow-x: visible; overflow-y: visible;&quot;
        &gt;
          &lt;ink-text
            style=&quot;flex-grow: 0; flex-shrink: 1; flex-direction: row; text-wrap: wrap;&quot;
          &gt;
            [
            4
            ] 
            設定
          &lt;/ink-text&gt;
        &lt;/ink-box&gt;
      &lt;/ink-box&gt;
      &lt;ink-box
        style=&quot;flex-wrap: nowrap; flex-direction: row; flex-grow: 1; flex-shrink: 1; overflow: hidden; overflow-x: hidden; overflow-y: hidden;&quot;
      &gt;
        &lt;ink-box
          style=&quot;flex-wrap: nowrap; flex-direction: column; flex-grow: 1; flex-shrink: 1; overflow-x: visible; overflow-y: visible;&quot;
        &gt;
          &lt;ink-box
            style=&quot;flex-wrap: nowrap; flex-direction: row; flex-grow: 0; flex-shrink: 1; margin-bottom: 1px; overflow-x: visible; overflow-y: visible;&quot;
          &gt;
            &lt;ink-text
              style=&quot;flex-grow: 0; flex-shrink: 1; flex-direction: row; text-wrap: wrap;&quot;
            &gt;
              記憶一覧 (
              3
              件)
            &lt;/ink-text&gt;
          &lt;/ink-box&gt;
          &lt;ink-box
            style=&quot;flex-wrap: nowrap; flex-direction: column; flex-grow: 0; flex-shrink: 0; width: 48px; overflow-x: visible; overflow-y: visible;&quot;
          &gt;
            &lt;ink-box
              style=&quot;flex-wrap: nowrap; flex-direction: row; flex-grow: 0; flex-shrink: 1; overflow-x: visible; overflow-y: visible;&quot;
            &gt;
              &lt;ink-text
                style=&quot;flex-grow: 0; flex-shrink: 1; flex-direction: row; text-wrap: wrap;&quot;
              &gt;
                ► 
              &lt;/ink-text&gt;
              &lt;ink-text
                style=&quot;flex-grow: 0; flex-shrink: 1; flex-direction: row; text-wrap: wrap;&quot;
              &gt;
                [
              &lt;/ink-text&gt;
              &lt;ink-text
                style=&quot;flex-grow: 0; flex-shrink: 1; flex-direction: row; text-wrap: wrap;&quot;
              &gt;
                mem-001
              &lt;/ink-text&gt;
              &lt;ink-text
                style=&quot;flex-grow: 0; flex-shrink: 1; flex-direction: row; text-wrap: wrap;&quot;
              &gt;
                ] 
              &lt;/ink-text&gt;
              &lt;ink-text
                style=&quot;flex-grow: 0; flex-shrink: 1; flex-direction: row; text-wrap: wrap;&quot;
              &gt;
                GPT-5プロンプトガイドの分析結果
              &lt;/ink-text&gt;
            &lt;/ink-box&gt;
            &lt;ink-box
              style=&quot;flex-wrap: nowrap; flex-direction: row; flex-grow: 0; flex-shrink: 1; overflow-x: visible; overflow-y: visible;&quot;
            &gt;
              &lt;ink-text
                style=&quot;flex-grow: 0; flex-shrink: 1; flex-direction: row; text-wrap: wrap;&quot;
              &gt;
                  
              &lt;/ink-text&gt;
              &lt;ink-text
                style=&quot;flex-grow: 0; flex-shrink: 1; flex-direction: row; text-wrap: wrap;&quot;
              &gt;
                [
              &lt;/ink-text&gt;
              &lt;ink-text
                style=&quot;flex-grow: 0; flex-shrink: 1; flex-direction: row; text-wrap: wrap;&quot;
              &gt;
                mem-002
              &lt;/ink-text&gt;
              &lt;ink-text
                style=&quot;flex-grow: 0; flex-shrink: 1; flex-direction: row; text-wrap: wrap;&quot;
              &gt;
                ] 
              &lt;/ink-text&gt;
              &lt;ink-text
                style=&quot;flex-grow: 0; flex-shrink: 1; flex-direction: row; text-wrap: wrap;&quot;
              &gt;
                シナプス記憶システムのPhase 2実装完了
              &lt;/ink-text&gt;
            &lt;/ink-box&gt;
            &lt;ink-box
              style=&quot;flex-wrap: nowrap; flex-direction: row; flex-grow: 0; flex-shrink: 1; overflow-x: visible; overflow-y: visible;&quot;
            &gt;
              &lt;ink-text
                style=&quot;flex-grow: 0; flex-shrink: 1; flex-direction: row; text-wrap: wrap;&quot;
              &gt;
                  
              &lt;/ink-text&gt;
              &lt;ink-text
                style=&quot;flex-grow: 0; flex-shrink: 1; flex-direction: row; text-wrap: wrap;&quot;
              &gt;
                [
              &lt;/ink-text&gt;
              &lt;ink-text
                style=&quot;flex-grow: 0; flex-shrink: 1; flex-direction: row; text-wrap: wrap;&quot;
              &gt;
                mem-003
              &lt;/ink-text&gt;
              &lt;ink-text
                style=&quot;flex-grow: 0; flex-shrink: 1; flex-direction: row; text-wrap: wrap;&quot;
              &gt;
                ] 
              &lt;/ink-text&gt;
              &lt;ink-text
                style=&quot;flex-grow: 0; flex-shrink: 1; flex-direction: row; text-wrap: wrap;&quot;
              &gt;
                RESTful API設計とエンドポイント定義
              &lt;/ink-text&gt;
            &lt;/ink-box&gt;
          &lt;/ink-box&gt;
          &lt;ink-box
            style=&quot;flex-wrap: nowrap; flex-direction: row; flex-grow: 0; flex-shrink: 1; margin-top: 1px; border-color: rgb(108, 112, 134); padding: 1px; overflow-x: visible; overflow-y: visible;&quot;
          &gt;
            &lt;ink-box
              style=&quot;flex-wrap: nowrap; flex-direction: column; flex-grow: 0; flex-shrink: 1; overflow-x: visible; overflow-y: visible;&quot;
            &gt;
              &lt;ink-text
                style=&quot;flex-grow: 0; flex-shrink: 1; flex-direction: row; text-wrap: wrap;&quot;
              &gt;
                詳細:
              &lt;/ink-text&gt;
              &lt;ink-text
                style=&quot;flex-grow: 0; flex-shrink: 1; flex-direction: row; text-wrap: wrap;&quot;
              &gt;
                ID: 
                mem-001
              &lt;/ink-text&gt;
              &lt;ink-text
                style=&quot;flex-grow: 0; flex-shrink: 1; flex-direction: row; text-wrap: wrap;&quot;
              &gt;
                アクセス数: 
                15
              &lt;/ink-text&gt;
              &lt;ink-text
                style=&quot;flex-grow: 0; flex-shrink: 1; flex-direction: row; text-wrap: wrap;&quot;
              &gt;
                成功率: 
                92.0
                %
              &lt;/ink-text&gt;
              &lt;ink-text
                style=&quot;flex-grow: 0; flex-shrink: 1; flex-direction: row; text-wrap: wrap;&quot;
              &gt;
                タグ: 
                gpt5, prompting, analysis
              &lt;/ink-text&gt;
            &lt;/ink-box&gt;
          &lt;/ink-box&gt;
        &lt;/ink-box&gt;
      &lt;/ink-box&gt;
      &lt;ink-box
        style=&quot;flex-wrap: nowrap; flex-direction: row; flex-grow: 0; flex-shrink: 1; margin-top: 1px; border-color: rgb(108, 112, 134); padding: 1px; overflow-x: visible; overflow-y: visible;&quot;
      &gt;
        &lt;ink-text
          style=&quot;flex-grow: 0; flex-shrink: 1; flex-direction: row; text-wrap: wrap;&quot;
        &gt;
          Tab: タブ切替 | ↑↓: 記憶選択 | q: 終了
        &lt;/ink-text&gt;
      &lt;/ink-box&gt;
    &lt;/ink-box&gt;
  &lt;/div&gt;
&lt;/body&gt;
 ❯ Object.getElementError node_modules/@testing-library/dom/dist/config.js:37:19
 ❯ node_modules/@testing-library/dom/dist/query-helpers.js:76:38
 ❯ node_modules/@testing-library/dom/dist/query-helpers.js:52:17
 ❯ node_modules/@testing-library/dom/dist/query-helpers.js:95:19
 ❯ src/ui/components/SynapticMemoryDashboard.test.tsx:140:28
            </failure>
        </testcase>
        <testcase classname="src/ui/components/SynapticMemoryDashboard.test.tsx" name="SynapticMemoryDashboard &gt; Configタブで設定が表示されること" time="0.014036084">
            <failure message="Unable to find an element with the text: Config. This could be because the text is broken up by multiple elements. In this case, you can provide a function for your text matcher to make your matcher more flexible.

Ignored nodes: comments, script, style
[36m&lt;body&gt;[39m
  [36m&lt;div&gt;[39m
    [36m&lt;ink-box[39m
      [33mstyle[39m=[32m&quot;flex-wrap: nowrap; flex-direction: column; flex-grow: 0; flex-shrink: 1; width: 52px; height: 20px; padding: 1px; overflow-x: visible; overflow-y: visible;&quot;[39m
    [36m&gt;[39m
      [36m&lt;ink-box[39m
        [33mstyle[39m=[32m&quot;flex-wrap: nowrap; flex-direction: row; flex-grow: 0; flex-shrink: 1; margin-bottom: 1px; overflow-x: visible; overflow-y: visible;&quot;[39m
      [36m&gt;[39m
        [36m&lt;ink-text[39m
          [33mstyle[39m=[32m&quot;flex-grow: 0; flex-shrink: 1; flex-direction: row; text-wrap: wrap;&quot;[39m
        [36m&gt;[39m
          [0mシナプス記憶システム ダッシュボード[0m
        [36m&lt;/ink-text&gt;[39m
      [36m&lt;/ink-box&gt;[39m
      [36m&lt;ink-box[39m
        [33mstyle[39m=[32m&quot;flex-wrap: nowrap; flex-direction: row; flex-grow: 0; flex-shrink: 1; margin-bottom: 1px; overflow-x: visible; overflow-y: visible;&quot;[39m
      [36m&gt;[39m
        [36m&lt;ink-box[39m
          [33mstyle[39m=[32m&quot;flex-wrap: nowrap; flex-direction: row; flex-grow: 0; flex-shrink: 1; margin-right: 2px; overflow-x: visible; overflow-y: visible;&quot;[39m
        [36m&gt;[39m
          [36m&lt;ink-text[39m
            [33mstyle[39m=[32m&quot;flex-grow: 0; flex-shrink: 1; flex-direction: row; text-wrap: wrap;&quot;[39m
          [36m&gt;[39m
            [0m[[0m
            [0m1[0m
            [0m] [0m
            [0m記憶一覧[0m
          [36m&lt;/ink-text&gt;[39m
        [36m&lt;/ink-box&gt;[39m
        [36m&lt;ink-box[39m
          [33mstyle[39m=[32m&quot;flex-wrap: nowrap; flex-direction: row; flex-grow: 0; flex-shrink: 1; margin-right: 2px; overflow-x: visible; overflow-y: visible;&quot;[39m
        [36m&gt;[39m
          [36m&lt;ink-text[39m
            [33mstyle[39m=[32m&quot;flex-grow: 0; flex-shrink: 1; flex-direction: row; text-wrap: wrap;&quot;[39m
          [36m&gt;[39m
            [0m[[0m
            [0m2[0m
            [0m] [0m
            [0mシナプス結合[0m
          [36m&lt;/ink-text&gt;[39m
        [36m&lt;/ink-box&gt;[39m
        [36m&lt;ink-box[39m
          [33mstyle[39m=[32m&quot;flex-wrap: nowrap; flex-direction: row; flex-grow: 0; flex-shrink: 1; margin-right: 2px; overflow-x: visible; overflow-y: visible;&quot;[39m
        [36m&gt;[39m
          [36m&lt;ink-text[39m
            [33mstyle[39m=[32m&quot;flex-grow: 0; flex-shrink: 1; flex-direction: row; text-wrap: wrap;&quot;[39m
          [36m&gt;[39m
            [0m[[0m
            [0m3[0m
            [0m] [0m
            [0mネットワーク診断[0m
          [36m&lt;/ink-text&gt;[39m
        [36m&lt;/ink-box&gt;[39m
        [36m&lt;ink-box[39m
          [33mstyle[39m=[32m&quot;flex-wrap: nowrap; flex-direction: row; flex-grow: 0; flex-shrink: 1; margin-right: 2px; overflow-x: visible; overflow-y: visible;&quot;[39m
        [36m&gt;[39m
          [36m&lt;ink-text[39m
            [33mstyle[39m=[32m&quot;flex-grow: 0; flex-shrink: 1; flex-direction: row; text-wrap: wrap;&quot;[39m
          [36m&gt;[39m
            [0m[[0m
            [0m4[0m
            [0m] [0m
            [0m設定[0m
          [36m&lt;/ink-text&gt;[39m
        [36m&lt;/ink-box&gt;[39m
      [36m&lt;/ink-box&gt;[39m
      [36m&lt;ink-box[39m
        [33mstyle[39m=[32m&quot;flex-wrap: nowrap; flex-direction: row; flex-grow: 1; flex-shrink: 1; overflow: hidden; overflow-x: hidden; overflow-y: hidden;&quot;[39m
      [36m&gt;[39m
        [36m&lt;ink-box[39m
          [33mstyle[39m=[32m&quot;flex-wrap: nowrap; flex-direction: column; flex-grow: 1; flex-shrink: 1; overflow-x: visible; overflow-y: visible;&quot;[39m
        [36m&gt;[39m
          [36m&lt;ink-box[39m
            [33mstyle[39m=[32m&quot;flex-wrap: nowrap; flex-direction: row; flex-grow: 0; flex-shrink: 1; margin-bottom: 1px; overflow-x: visible; overflow-y: visible;&quot;[39m
          [36m&gt;[39m
            [36m&lt;ink-text[39m
              [33mstyle[39m=[32m&quot;flex-grow: 0; flex-shrink: 1; flex-direction: row; text-wrap: wrap;&quot;[39m
            [36m&gt;[39m
              [0m記憶一覧 ([0m
              [0m3[0m
              [0m件)[0m
            [36m&lt;/ink-text&gt;[39m
          [36m&lt;/ink-box&gt;[39m
          [36m&lt;ink-box[39m
            [33mstyle[39m=[32m&quot;flex-wrap: nowrap; flex-direction: column; flex-grow: 0; flex-shrink: 0; width: 48px; overflow-x: visible; overflow-y: visible;&quot;[39m
          [36m&gt;[39m
            [36m&lt;ink-box[39m
              [33mstyle[39m=[32m&quot;flex-wrap: nowrap; flex-direction: row; flex-grow: 0; flex-shrink: 1; overflow-x: visible; overflow-y: visible;&quot;[39m
            [36m&gt;[39m
              [36m&lt;ink-text[39m
                [33mstyle[39m=[32m&quot;flex-grow: 0; flex-shrink: 1; flex-direction: row; text-wrap: wrap;&quot;[39m
              [36m&gt;[39m
                [0m► [0m
              [36m&lt;/ink-text&gt;[39m
              [36m&lt;ink-text[39m
                [33mstyle[39m=[32m&quot;flex-grow: 0; flex-shrink: 1; flex-direction: row; text-wrap: wrap;&quot;[39m
              [36m&gt;[39m
                [0m[[0m
              [36m&lt;/ink-text&gt;[39m
              [36m&lt;ink-text[39m
                [33mstyle[39m=[32m&quot;flex-grow: 0; flex-shrink: 1; flex-direction: row; text-wrap: wrap;&quot;[39m
              [36m&gt;[39m
                [0mmem-001[0m
              [36m&lt;/ink-text&gt;[39m
              [36m&lt;ink-text[39m
                [33mstyle[39m=[32m&quot;flex-grow: 0; flex-shrink: 1; flex-direction: row; text-wrap: wrap;&quot;[39m
              [36m&gt;[39m
                [0m] [0m
              [36m&lt;/ink-text&gt;[39m
              [36m&lt;ink-text[39m
                [33mstyle[39m=[32m&quot;flex-grow: 0; flex-shrink: 1; flex-direction: row; text-wrap: wrap;&quot;[39m
              [36m&gt;[39m
                [0mGPT-5プロンプトガイドの分析結果[0m
              [36m&lt;/ink-text&gt;[39m
            [36m&lt;/ink-box&gt;[39m
            [36m&lt;ink-box[39m
              [33mstyle[39m=[32m&quot;flex-wrap: nowrap; flex-direction: row; flex-grow: 0; flex-shrink: 1; overflow-x: visible; overflow-y: visible;&quot;[39m
            [36m&gt;[39m
              [36m&lt;ink-text[39m
                [33mstyle[39m=[32m&quot;flex-grow: 0; flex-shrink: 1; flex-direction: row; text-wrap: wrap;&quot;[39m
              [36m&gt;[39m
                [0m  [0m
              [36m&lt;/ink-text&gt;[39m
              [36m&lt;ink-text[39m
                [33mstyle[39m=[32m&quot;flex-grow: 0; flex-shrink: 1; flex-direction: row; text-wrap: wrap;&quot;[39m
              [36m&gt;[39m
                [0m[[0m
              [36m&lt;/ink-text&gt;[39m
              [36m&lt;ink-text[39m
                [33mstyle[39m=[32m&quot;flex-grow: 0; flex-shrink: 1; flex-direction: row; text-wrap: wrap;&quot;[39m
              [36m&gt;[39m
                [0mmem-002[0m
              [36m&lt;/ink-text&gt;[39m
              [36m&lt;ink-text[39m
                [33mstyle[39m=[32m&quot;flex-grow: 0; flex-shrink: 1; flex-direction: row; text-wrap: wrap;&quot;[39m
              [36m&gt;[39m
                [0m] [0m
              [36m&lt;/ink-text&gt;[39m
              [36m&lt;ink-text[39m
                [33mstyle[39m=[32m&quot;flex-grow: 0; flex-shrink: 1; flex-direction: row; text-wrap: wrap;&quot;[39m
              [36m&gt;[39m
                [0mシナプス記憶システムのPhase 2実装完了[0m
              [36m&lt;/ink-text&gt;[39m
            [36m&lt;/ink-box&gt;[39m
            [36m&lt;ink-box[39m
              [33mstyle[39m=[32m&quot;flex-wrap: nowrap; flex-direction: row; flex-grow: 0; flex-shrink: 1; overflow-x: visible; overflow-y: visible;&quot;[39m
            [36m&gt;[39m
              [36m&lt;ink-text[39m
                [33mstyle[39m=[32m&quot;flex-grow: 0; flex-shrink: 1; flex-direction: row; text-wrap: wrap;&quot;[39m
              [36m&gt;[39m
                [0m  [0m
              [36m&lt;/ink-text&gt;[39m
              [36m&lt;ink-text[39m
                [33mstyle[39m=[32m&quot;flex-grow: 0; flex-shrink: 1; flex-direction: row; text-wrap: wrap;&quot;[39m
              [36m&gt;[39m
                [0m[[0m
              [36m&lt;/ink-text&gt;[39m
              [36m&lt;ink-text[39m
                [33mstyle[39m=[32m&quot;flex-grow: 0; flex-shrink: 1; flex-direction: row; text-wrap: wrap;&quot;[39m
              [36m&gt;[39m
                [0mmem-003[0m
              [36m&lt;/ink-text&gt;[39m
              [36m&lt;ink-text[39m
                [33mstyle[39m=[32m&quot;flex-grow: 0; flex-shrink: 1; flex-direction: row; text-wrap: wrap;&quot;[39m
              [36m&gt;[39m
                [0m] [0m
              [36m&lt;/ink-text&gt;[39m
              [36m&lt;ink-text[39m
                [33mstyle[39m=[32m&quot;flex-grow: 0; flex-shrink: 1; flex-direction: row; text-wrap: wrap;&quot;[39m
              [36m&gt;[39m
                [0mRESTful API設計とエンドポイント定義[0m
              [36m&lt;/ink-text&gt;[39m
            [36m&lt;/ink-box&gt;[39m
          [36m&lt;/ink-box&gt;[39m
          [36m&lt;ink-box[39m
            [33mstyle[39m=[32m&quot;flex-wrap: nowrap; flex-direction: row; flex-grow: 0; flex-shrink: 1; margin-top: 1px; border-color: rgb(108, 112, 134); padding: 1px; overflow-x: visible; overflow-y: visible;&quot;[39m
          [36m&gt;[39m
            [36m&lt;ink-box[39m
              [33mstyle[39m=[32m&quot;flex-wrap: nowrap; flex-direction: column; flex-grow: 0; flex-shrink: 1; overflow-x: visible; overflow-y: visible;&quot;[39m
            [36m&gt;[39m
              [36m&lt;ink-text[39m
                [33mstyle[39m=[32m&quot;flex-grow: 0; flex-shrink: 1; flex-direction: row; text-wrap: wrap;&quot;[39m
              [36m&gt;[39m
                [0m詳細:[0m
              [36m&lt;/ink-text&gt;[39m
              [36m&lt;ink-text[39m
                [33mstyle[39m=[32m&quot;flex-grow: 0; flex-shrink: 1; flex-direction: row; text-wrap: wrap;&quot;[39m
              [36m&gt;[39m
                [0mID: [0m
                [0mmem-001[0m
              [36m&lt;/ink-text&gt;[39m
              [36m&lt;ink-text[39m
                [33mstyle[39m=[32m&quot;flex-grow: 0; flex-shrink: 1; flex-direction: row; text-wrap: wrap;&quot;[39m
              [36m&gt;[39m
                [0mアクセス数: [0m
                [0m15[0m
              [36m&lt;/ink-text&gt;[39m
              [36m&lt;ink-text[39m
                [33mstyle[39m=[32m&quot;flex-grow: 0; flex-shrink: 1; flex-direction: row; text-wrap: wrap;&quot;[39m
              [36m&gt;[39m
                [0m成功率: [0m
                [0m92.0[0m
                [0m%[0m
              [36m&lt;/ink-text&gt;[39m
              [36m&lt;ink-text[39m
                [33mstyle[39m=[32m&quot;flex-grow: 0; flex-shrink: 1; flex-direction: row; text-wrap: wrap;&quot;[39m
              [36m&gt;[39m
                [0mタグ: [0m
                [0mgpt5, prompting, analysis[0m
              [36m&lt;/ink-text&gt;[39m
            [36m&lt;/ink-box&gt;[39m
          [36m&lt;/ink-box&gt;[39m
        [36m&lt;/ink-box&gt;[39m
      [36m&lt;/ink-box&gt;[39m
      [36m&lt;ink-box[39m
        [33mstyle[39m=[32m&quot;flex-wrap: nowrap; flex-direction: row; flex-grow: 0; flex-shrink: 1; margin-top: 1px; border-color: rgb(108, 112, 134); padding: 1px; overflow-x: visible; overflow-y: visible;&quot;[39m
      [36m&gt;[39m
        [36m&lt;ink-text[39m
          [33mstyle[39m=[32m&quot;flex-grow: 0; flex-shrink: 1; flex-direction: row; text-wrap: wrap;&quot;[39m
        [36m&gt;[39m
          [0mTab: タブ切替 | ↑↓: 記憶選択 | q: 終了[0m
        [36m&lt;/ink-text&gt;[39m
      [36m&lt;/ink-box&gt;[39m
    [36m&lt;/ink-box&gt;[39m
  [36m&lt;/div&gt;[39m
[36m&lt;/body&gt;[39m" type="TestingLibraryElementError">
TestingLibraryElementError: Unable to find an element with the text: Config. This could be because the text is broken up by multiple elements. In this case, you can provide a function for your text matcher to make your matcher more flexible.

Ignored nodes: comments, script, style
&lt;body&gt;
  &lt;div&gt;
    &lt;ink-box
      style=&quot;flex-wrap: nowrap; flex-direction: column; flex-grow: 0; flex-shrink: 1; width: 52px; height: 20px; padding: 1px; overflow-x: visible; overflow-y: visible;&quot;
    &gt;
      &lt;ink-box
        style=&quot;flex-wrap: nowrap; flex-direction: row; flex-grow: 0; flex-shrink: 1; margin-bottom: 1px; overflow-x: visible; overflow-y: visible;&quot;
      &gt;
        &lt;ink-text
          style=&quot;flex-grow: 0; flex-shrink: 1; flex-direction: row; text-wrap: wrap;&quot;
        &gt;
          シナプス記憶システム ダッシュボード
        &lt;/ink-text&gt;
      &lt;/ink-box&gt;
      &lt;ink-box
        style=&quot;flex-wrap: nowrap; flex-direction: row; flex-grow: 0; flex-shrink: 1; margin-bottom: 1px; overflow-x: visible; overflow-y: visible;&quot;
      &gt;
        &lt;ink-box
          style=&quot;flex-wrap: nowrap; flex-direction: row; flex-grow: 0; flex-shrink: 1; margin-right: 2px; overflow-x: visible; overflow-y: visible;&quot;
        &gt;
          &lt;ink-text
            style=&quot;flex-grow: 0; flex-shrink: 1; flex-direction: row; text-wrap: wrap;&quot;
          &gt;
            [
            1
            ] 
            記憶一覧
          &lt;/ink-text&gt;
        &lt;/ink-box&gt;
        &lt;ink-box
          style=&quot;flex-wrap: nowrap; flex-direction: row; flex-grow: 0; flex-shrink: 1; margin-right: 2px; overflow-x: visible; overflow-y: visible;&quot;
        &gt;
          &lt;ink-text
            style=&quot;flex-grow: 0; flex-shrink: 1; flex-direction: row; text-wrap: wrap;&quot;
          &gt;
            [
            2
            ] 
            シナプス結合
          &lt;/ink-text&gt;
        &lt;/ink-box&gt;
        &lt;ink-box
          style=&quot;flex-wrap: nowrap; flex-direction: row; flex-grow: 0; flex-shrink: 1; margin-right: 2px; overflow-x: visible; overflow-y: visible;&quot;
        &gt;
          &lt;ink-text
            style=&quot;flex-grow: 0; flex-shrink: 1; flex-direction: row; text-wrap: wrap;&quot;
          &gt;
            [
            3
            ] 
            ネットワーク診断
          &lt;/ink-text&gt;
        &lt;/ink-box&gt;
        &lt;ink-box
          style=&quot;flex-wrap: nowrap; flex-direction: row; flex-grow: 0; flex-shrink: 1; margin-right: 2px; overflow-x: visible; overflow-y: visible;&quot;
        &gt;
          &lt;ink-text
            style=&quot;flex-grow: 0; flex-shrink: 1; flex-direction: row; text-wrap: wrap;&quot;
          &gt;
            [
            4
            ] 
            設定
          &lt;/ink-text&gt;
        &lt;/ink-box&gt;
      &lt;/ink-box&gt;
      &lt;ink-box
        style=&quot;flex-wrap: nowrap; flex-direction: row; flex-grow: 1; flex-shrink: 1; overflow: hidden; overflow-x: hidden; overflow-y: hidden;&quot;
      &gt;
        &lt;ink-box
          style=&quot;flex-wrap: nowrap; flex-direction: column; flex-grow: 1; flex-shrink: 1; overflow-x: visible; overflow-y: visible;&quot;
        &gt;
          &lt;ink-box
            style=&quot;flex-wrap: nowrap; flex-direction: row; flex-grow: 0; flex-shrink: 1; margin-bottom: 1px; overflow-x: visible; overflow-y: visible;&quot;
          &gt;
            &lt;ink-text
              style=&quot;flex-grow: 0; flex-shrink: 1; flex-direction: row; text-wrap: wrap;&quot;
            &gt;
              記憶一覧 (
              3
              件)
            &lt;/ink-text&gt;
          &lt;/ink-box&gt;
          &lt;ink-box
            style=&quot;flex-wrap: nowrap; flex-direction: column; flex-grow: 0; flex-shrink: 0; width: 48px; overflow-x: visible; overflow-y: visible;&quot;
          &gt;
            &lt;ink-box
              style=&quot;flex-wrap: nowrap; flex-direction: row; flex-grow: 0; flex-shrink: 1; overflow-x: visible; overflow-y: visible;&quot;
            &gt;
              &lt;ink-text
                style=&quot;flex-grow: 0; flex-shrink: 1; flex-direction: row; text-wrap: wrap;&quot;
              &gt;
                ► 
              &lt;/ink-text&gt;
              &lt;ink-text
                style=&quot;flex-grow: 0; flex-shrink: 1; flex-direction: row; text-wrap: wrap;&quot;
              &gt;
                [
              &lt;/ink-text&gt;
              &lt;ink-text
                style=&quot;flex-grow: 0; flex-shrink: 1; flex-direction: row; text-wrap: wrap;&quot;
              &gt;
                mem-001
              &lt;/ink-text&gt;
              &lt;ink-text
                style=&quot;flex-grow: 0; flex-shrink: 1; flex-direction: row; text-wrap: wrap;&quot;
              &gt;
                ] 
              &lt;/ink-text&gt;
              &lt;ink-text
                style=&quot;flex-grow: 0; flex-shrink: 1; flex-direction: row; text-wrap: wrap;&quot;
              &gt;
                GPT-5プロンプトガイドの分析結果
              &lt;/ink-text&gt;
            &lt;/ink-box&gt;
            &lt;ink-box
              style=&quot;flex-wrap: nowrap; flex-direction: row; flex-grow: 0; flex-shrink: 1; overflow-x: visible; overflow-y: visible;&quot;
            &gt;
              &lt;ink-text
                style=&quot;flex-grow: 0; flex-shrink: 1; flex-direction: row; text-wrap: wrap;&quot;
              &gt;
                  
              &lt;/ink-text&gt;
              &lt;ink-text
                style=&quot;flex-grow: 0; flex-shrink: 1; flex-direction: row; text-wrap: wrap;&quot;
              &gt;
                [
              &lt;/ink-text&gt;
              &lt;ink-text
                style=&quot;flex-grow: 0; flex-shrink: 1; flex-direction: row; text-wrap: wrap;&quot;
              &gt;
                mem-002
              &lt;/ink-text&gt;
              &lt;ink-text
                style=&quot;flex-grow: 0; flex-shrink: 1; flex-direction: row; text-wrap: wrap;&quot;
              &gt;
                ] 
              &lt;/ink-text&gt;
              &lt;ink-text
                style=&quot;flex-grow: 0; flex-shrink: 1; flex-direction: row; text-wrap: wrap;&quot;
              &gt;
                シナプス記憶システムのPhase 2実装完了
              &lt;/ink-text&gt;
            &lt;/ink-box&gt;
            &lt;ink-box
              style=&quot;flex-wrap: nowrap; flex-direction: row; flex-grow: 0; flex-shrink: 1; overflow-x: visible; overflow-y: visible;&quot;
            &gt;
              &lt;ink-text
                style=&quot;flex-grow: 0; flex-shrink: 1; flex-direction: row; text-wrap: wrap;&quot;
              &gt;
                  
              &lt;/ink-text&gt;
              &lt;ink-text
                style=&quot;flex-grow: 0; flex-shrink: 1; flex-direction: row; text-wrap: wrap;&quot;
              &gt;
                [
              &lt;/ink-text&gt;
              &lt;ink-text
                style=&quot;flex-grow: 0; flex-shrink: 1; flex-direction: row; text-wrap: wrap;&quot;
              &gt;
                mem-003
              &lt;/ink-text&gt;
              &lt;ink-text
                style=&quot;flex-grow: 0; flex-shrink: 1; flex-direction: row; text-wrap: wrap;&quot;
              &gt;
                ] 
              &lt;/ink-text&gt;
              &lt;ink-text
                style=&quot;flex-grow: 0; flex-shrink: 1; flex-direction: row; text-wrap: wrap;&quot;
              &gt;
                RESTful API設計とエンドポイント定義
              &lt;/ink-text&gt;
            &lt;/ink-box&gt;
          &lt;/ink-box&gt;
          &lt;ink-box
            style=&quot;flex-wrap: nowrap; flex-direction: row; flex-grow: 0; flex-shrink: 1; margin-top: 1px; border-color: rgb(108, 112, 134); padding: 1px; overflow-x: visible; overflow-y: visible;&quot;
          &gt;
            &lt;ink-box
              style=&quot;flex-wrap: nowrap; flex-direction: column; flex-grow: 0; flex-shrink: 1; overflow-x: visible; overflow-y: visible;&quot;
            &gt;
              &lt;ink-text
                style=&quot;flex-grow: 0; flex-shrink: 1; flex-direction: row; text-wrap: wrap;&quot;
              &gt;
                詳細:
              &lt;/ink-text&gt;
              &lt;ink-text
                style=&quot;flex-grow: 0; flex-shrink: 1; flex-direction: row; text-wrap: wrap;&quot;
              &gt;
                ID: 
                mem-001
              &lt;/ink-text&gt;
              &lt;ink-text
                style=&quot;flex-grow: 0; flex-shrink: 1; flex-direction: row; text-wrap: wrap;&quot;
              &gt;
                アクセス数: 
                15
              &lt;/ink-text&gt;
              &lt;ink-text
                style=&quot;flex-grow: 0; flex-shrink: 1; flex-direction: row; text-wrap: wrap;&quot;
              &gt;
                成功率: 
                92.0
                %
              &lt;/ink-text&gt;
              &lt;ink-text
                style=&quot;flex-grow: 0; flex-shrink: 1; flex-direction: row; text-wrap: wrap;&quot;
              &gt;
                タグ: 
                gpt5, prompting, analysis
              &lt;/ink-text&gt;
            &lt;/ink-box&gt;
          &lt;/ink-box&gt;
        &lt;/ink-box&gt;
      &lt;/ink-box&gt;
      &lt;ink-box
        style=&quot;flex-wrap: nowrap; flex-direction: row; flex-grow: 0; flex-shrink: 1; margin-top: 1px; border-color: rgb(108, 112, 134); padding: 1px; overflow-x: visible; overflow-y: visible;&quot;
      &gt;
        &lt;ink-text
          style=&quot;flex-grow: 0; flex-shrink: 1; flex-direction: row; text-wrap: wrap;&quot;
        &gt;
          Tab: タブ切替 | ↑↓: 記憶選択 | q: 終了
        &lt;/ink-text&gt;
      &lt;/ink-box&gt;
    &lt;/ink-box&gt;
  &lt;/div&gt;
&lt;/body&gt;
 ❯ Object.getElementError node_modules/@testing-library/dom/dist/config.js:37:19
 ❯ node_modules/@testing-library/dom/dist/query-helpers.js:76:38
 ❯ node_modules/@testing-library/dom/dist/query-helpers.js:52:17
 ❯ node_modules/@testing-library/dom/dist/query-helpers.js:95:19
 ❯ src/ui/components/SynapticMemoryDashboard.test.tsx:154:28
            </failure>
        </testcase>
        <testcase classname="src/ui/components/SynapticMemoryDashboard.test.tsx" name="SynapticMemoryDashboard &gt; Escキーでダッシュボードが閉じられること" time="1.017608084">
            <failure message="expected &quot;spy&quot; to be called at least once

Ignored nodes: comments, script, style
[36m&lt;html&gt;[39m
  [36m&lt;head /&gt;[39m
  [36m&lt;body&gt;[39m
    [36m&lt;div&gt;[39m
      [36m&lt;ink-box[39m
        [33mstyle[39m=[32m&quot;flex-wrap: nowrap; flex-direction: column; flex-grow: 0; flex-shrink: 1; width: 52px; height: 20px; padding: 1px; overflow-x: visible; overflow-y: visible;&quot;[39m
      [36m&gt;[39m
        [36m&lt;ink-box[39m
          [33mstyle[39m=[32m&quot;flex-wrap: nowrap; flex-direction: row; flex-grow: 0; flex-shrink: 1; margin-bottom: 1px; overflow-x: visible; overflow-y: visible;&quot;[39m
        [36m&gt;[39m
          [36m&lt;ink-text[39m
            [33mstyle[39m=[32m&quot;flex-grow: 0; flex-shrink: 1; flex-direction: row; text-wrap: wrap;&quot;[39m
          [36m&gt;[39m
            [0mシナプス記憶システム ダッシュボード[0m
          [36m&lt;/ink-text&gt;[39m
        [36m&lt;/ink-box&gt;[39m
        [36m&lt;ink-box[39m
          [33mstyle[39m=[32m&quot;flex-wrap: nowrap; flex-direction: row; flex-grow: 0; flex-shrink: 1; margin-bottom: 1px; overflow-x: visible; overflow-y: visible;&quot;[39m
        [36m&gt;[39m
          [36m&lt;ink-box[39m
            [33mstyle[39m=[32m&quot;flex-wrap: nowrap; flex-direction: row; flex-grow: 0; flex-shrink: 1; margin-right: 2px; overflow-x: visible; overflow-y: visible;&quot;[39m
          [36m&gt;[39m
            [36m&lt;ink-text[39m
              [33mstyle[39m=[32m&quot;flex-grow: 0; flex-shrink: 1; flex-direction: row; text-wrap: wrap;&quot;[39m
            [36m&gt;[39m
              [0m[[0m
              [0m1[0m
              [0m] [0m
              [0m記憶一覧[0m
            [36m&lt;/ink-text&gt;[39m
          [36m&lt;/ink-box&gt;[39m
          [36m&lt;ink-box[39m
            [33mstyle[39m=[32m&quot;flex-wrap: nowrap; flex-direction: row; flex-grow: 0; flex-shrink: 1; margin-right: 2px; overflow-x: visible; overflow-y: visible;&quot;[39m
          [36m&gt;[39m
            [36m&lt;ink-text[39m
              [33mstyle[39m=[32m&quot;flex-grow: 0; flex-shrink: 1; flex-direction: row; text-wrap: wrap;&quot;[39m
            [36m&gt;[39m
              [0m[[0m
              [0m2[0m
              [0m] [0m
              [0mシナプス結合[0m
            [36m&lt;/ink-text&gt;[39m
          [36m&lt;/ink-box&gt;[39m
          [36m&lt;ink-box[39m
            [33mstyle[39m=[32m&quot;flex-wrap: nowrap; flex-direction: row; flex-grow: 0; flex-shrink: 1; margin-right: 2px; overflow-x: visible; overflow-y: visible;&quot;[39m
          [36m&gt;[39m
            [36m&lt;ink-text[39m
              [33mstyle[39m=[32m&quot;flex-grow: 0; flex-shrink: 1; flex-direction: row; text-wrap: wrap;&quot;[39m
            [36m&gt;[39m
              [0m[[0m
              [0m3[0m
              [0m] [0m
              [0mネットワーク診断[0m
            [36m&lt;/ink-text&gt;[39m
          [36m&lt;/ink-box&gt;[39m
          [36m&lt;ink-box[39m
            [33mstyle[39m=[32m&quot;flex-wrap: nowrap; flex-direction: row; flex-grow: 0; flex-shrink: 1; margin-right: 2px; overflow-x: visible; overflow-y: visible;&quot;[39m
          [36m&gt;[39m
            [36m&lt;ink-text[39m
              [33mstyle[39m=[32m&quot;flex-grow: 0; flex-shrink: 1; flex-direction: row; text-wrap: wrap;&quot;[39m
            [36m&gt;[39m
              [0m[[0m
              [0m4[0m
              [0m] [0m
              [0m設定[0m
            [36m&lt;/ink-text&gt;[39m
          [36m&lt;/ink-box&gt;[39m
        [36m&lt;/ink-box&gt;[39m
        [36m&lt;ink-box[39m
          [33mstyle[39m=[32m&quot;flex-wrap: nowrap; flex-direction: row; flex-grow: 1; flex-shrink: 1; overflow: hidden; overflow-x: hidden; overflow-y: hidden;&quot;[39m
        [36m&gt;[39m
          [36m&lt;ink-box[39m
            [33mstyle[39m=[32m&quot;flex-wrap: nowrap; flex-direction: column; flex-grow: 1; flex-shrink: 1; overflow-x: visible; overflow-y: visible;&quot;[39m
          [36m&gt;[39m
            [36m&lt;ink-box[39m
              [33mstyle[39m=[32m&quot;flex-wrap: nowrap; flex-direction: row; flex-grow: 0; flex-shrink: 1; margin-bottom: 1px; overflow-x: visible; overflow-y: visible;&quot;[39m
            [36m&gt;[39m
              [36m&lt;ink-text[39m
                [33mstyle[39m=[32m&quot;flex-grow: 0; flex-shrink: 1; flex-direction: row; text-wrap: wrap;&quot;[39m
              [36m&gt;[39m
                [0m記憶一覧 ([0m
                [0m3[0m
                [0m件)[0m
              [36m&lt;/ink-text&gt;[39m
            [36m&lt;/ink-box&gt;[39m
            [36m&lt;ink-box[39m
              [33mstyle[39m=[32m&quot;flex-wrap: nowrap; flex-direction: column; flex-grow: 0; flex-shrink: 0; width: 48px; overflow-x: visible; overflow-y: visible;&quot;[39m
            [36m&gt;[39m
              [36m&lt;ink-box[39m
                [33mstyle[39m=[32m&quot;flex-wrap: nowrap; flex-direction: row; flex-grow: 0; flex-shrink: 1; overflow-x: visible; overflow-y: visible;&quot;[39m
              [36m&gt;[39m
                [36m&lt;ink-text[39m
                  [33mstyle[39m=[32m&quot;flex-grow: 0; flex-shrink: 1; flex-direction: row; text-wrap: wrap;&quot;[39m
                [36m&gt;[39m
                  [0m► [0m
                [36m&lt;/ink-text&gt;[39m
                [36m&lt;ink-text[39m
                  [33mstyle[39m=[32m&quot;flex-grow: 0; flex-shrink: 1; flex-direction: row; text-wrap: wrap;&quot;[39m
                [36m&gt;[39m
                  [0m[[0m
                [36m&lt;/ink-text&gt;[39m
                [36m&lt;ink-text[39m
                  [33mstyle[39m=[32m&quot;flex-grow: 0; flex-shrink: 1; flex-direction: row; text-wrap: wrap;&quot;[39m
                [36m&gt;[39m
                  [0mmem-001[0m
                [36m&lt;/ink-text&gt;[39m
                [36m&lt;ink-text[39m
                  [33mstyle[39m=[32m&quot;flex-grow: 0; flex-shrink: 1; flex-direction: row; text-wrap: wrap;&quot;[39m
                [36m&gt;[39m
                  [0m] [0m
                [36m&lt;/ink-text&gt;[39m
                [36m&lt;ink-text[39m
                  [33mstyle[39m=[32m&quot;flex-grow: 0; flex-shrink: 1; flex-direction: row; text-wrap: wrap;&quot;[39m
                [36m&gt;[39m
                  [0mGPT-5プロンプトガイドの分析結果[0m
                [36m&lt;/ink-text&gt;[39m
              [36m&lt;/ink-box&gt;[39m
              [36m&lt;ink-box[39m
                [33mstyle[39m=[32m&quot;flex-wrap: nowrap; flex-direction: row; flex-grow: 0; flex-shrink: 1; overflow-x: visible; overflow-y: visible;&quot;[39m
              [36m&gt;[39m
                [36m&lt;ink-text[39m
                  [33mstyle[39m=[32m&quot;flex-grow: 0; flex-shrink: 1; flex-direction: row; text-wrap: wrap;&quot;[39m
                [36m&gt;[39m
                  [0m  [0m
                [36m&lt;/ink-text&gt;[39m
                [36m&lt;ink-text[39m
                  [33mstyle[39m=[32m&quot;flex-grow: 0; flex-shrink: 1; flex-direction: row; text-wrap: wrap;&quot;[39m
                [36m&gt;[39m
                  [0m[[0m
                [36m&lt;/ink-text&gt;[39m
                [36m&lt;ink-text[39m
                  [33mstyle[39m=[32m&quot;flex-grow: 0; flex-shrink: 1; flex-direction: row; text-wrap: wrap;&quot;[39m
                [36m&gt;[39m
                  [0mmem-002[0m
                [36m&lt;/ink-text&gt;[39m
                [36m&lt;ink-text[39m
                  [33mstyle[39m=[32m&quot;flex-grow: 0; flex-shrink: 1; flex-direction: row; text-wrap: wrap;&quot;[39m
                [36m&gt;[39m
                  [0m] [0m
                [36m&lt;/ink-text&gt;[39m
                [36m&lt;ink-text[39m
                  [33mstyle[39m=[32m&quot;flex-grow: 0; flex-shrink: 1; flex-direction: row; text-wrap: wrap;&quot;[39m
                [36m&gt;[39m
                  [0mシナプス記憶システムのPhase 2実装完了[0m
                [36m&lt;/ink-text&gt;[39m
              [36m&lt;/ink-box&gt;[39m
              [36m&lt;ink-box[39m
                [33mstyle[39m=[32m&quot;flex-wrap: nowrap; flex-direction: row; flex-grow: 0; flex-shrink: 1; overflow-x: visible; overflow-y: visible;&quot;[39m
              [36m&gt;[39m
                [36m&lt;ink-text[39m
                  [33mstyle[39m=[32m&quot;flex-grow: 0; flex-shrink: 1; flex-direction: row; text-wrap: wrap;&quot;[39m
                [36m&gt;[39m
                  [0m  [0m
                [36m&lt;/ink-text&gt;[39m
                [36m&lt;ink-text[39m
                  [33mstyle[39m=[32m&quot;flex-grow: 0; flex-shrink: 1; flex-direction: row; text-wrap: wrap;&quot;[39m
                [36m&gt;[39m
                  [0m[[0m
                [36m&lt;/ink-text&gt;[39m
                [36m&lt;ink-text[39m
                  [33mstyle[39m=[32m&quot;flex-grow: 0; flex-shrink: 1; flex-direction: row; text-wrap: wrap;&quot;[39m
                [36m&gt;[39m
                  [0mmem-003[0m
                [36m&lt;/ink-text&gt;[39m
                [36m&lt;ink-text[39m
                  [33mstyle[39m=[32m&quot;flex-grow: 0; flex-shrink: 1; flex-direction: row; text-wrap: wrap;&quot;[39m
                [36m&gt;[39m
                  [0m] [0m
                [36m&lt;/ink-text&gt;[39m
                [36m&lt;ink-text[39m
                  [33mstyle[39m=[32m&quot;flex-grow: 0; flex-shrink: 1; flex-direction: row; text-wrap: wrap;&quot;[39m
                [36m&gt;[39m
                  [0mRESTful API設計とエンドポイント定義[0m
                [36m&lt;/ink-text&gt;[39m
              [36m&lt;/ink-box&gt;[39m
            [36m&lt;/ink-box&gt;[39m
            [36m&lt;ink-box[39m
              [33mstyle[39m=[32m&quot;flex-wrap: nowrap; flex-direction: row; flex-grow: 0; flex-shrink: 1; margin-top: 1px; border-color: rgb(108, 112, 134); padding: 1px; overflow-x: visible; overflow-y: visible;&quot;[39m
            [36m&gt;[39m
              [36m&lt;ink-box[39m
                [33mstyle[39m=[32m&quot;flex-wrap: nowrap; flex-direction: column; flex-grow: 0; flex-shrink: 1; overflow-x: visible; overflow-y: visible;&quot;[39m
              [36m&gt;[39m
                [36m&lt;ink-text[39m
                  [33mstyle[39m=[32m&quot;flex-grow: 0; flex-shrink: 1; flex-direction: row; text-wrap: wrap;&quot;[39m
                [36m&gt;[39m
                  [0m詳細:[0m
                [36m&lt;/ink-text&gt;[39m
                [36m&lt;ink-text[39m
                  [33mstyle[39m=[32m&quot;flex-grow: 0; flex-shrink: 1; flex-direction: row; text-wrap: wrap;&quot;[39m
                [36m&gt;[39m
                  [0mID: [0m
                  [0mmem-001[0m
                [36m&lt;/ink-text&gt;[39m
                [36m&lt;ink-text[39m
                  [33mstyle[39m=[32m&quot;flex-grow: 0; flex-shrink: 1; flex-direction: row; text-wrap: wrap;&quot;[39m
                [36m&gt;[39m
                  [0mアクセス数: [0m
                  [0m15[0m
                [36m&lt;/ink-text&gt;[39m
                [36m&lt;ink-text[39m
                  [33mstyle[39m=[32m&quot;flex-grow: 0; flex-shrink: 1; flex-direction: row; text-wrap: wrap;&quot;[39m
                [36m&gt;[39m
                  [0m成功率: [0m
                  [0m92.0[0m
                  [0m%[0m
                [36m&lt;/ink-text&gt;[39m
                [36m&lt;ink-text[39m
                  [33mstyle[39m=[32m&quot;flex-grow: 0; flex-shrink: 1; flex-direction: row; text-wrap: wrap;&quot;[39m
                [36m&gt;[39m
                  [0mタグ: [0m
                  [0mgpt5, prompting, analysis[0m
                [36m&lt;/ink-text&gt;[39m
              [36m&lt;/ink-box&gt;[39m
            [36m&lt;/ink-box&gt;[39m
          [36m&lt;/ink-box&gt;[39m
        [36m&lt;/ink-box&gt;[39m
        [36m&lt;ink-box[39m
          [33mstyle[39m=[32m&quot;flex-wrap: nowrap; flex-direction: row; flex-grow: 0; flex-shrink: 1; margin-top: 1px; border-color: rgb(108, 112, 134); padding: 1px; overflow-x: visible; overflow-y: visible;&quot;[39m
        [36m&gt;[39m
          [36m&lt;ink-text[39m
            [33mstyle[39m=[32m&quot;flex-grow: 0; flex-shrink: 1; flex-direction: row; text-wrap: wrap;&quot;[39m
          [36m&gt;[39m
            [0mTab: タブ切替 | ↑↓: 記憶選択 | q: 終了[0m
          [36m&lt;/ink-text&gt;[39m
        [36m&lt;/ink-box&gt;[39m
      [36m&lt;/ink-box&gt;[39m
    [36m&lt;/div&gt;[39m
  [36m&lt;/body&gt;[39m
[36m&lt;/html&gt;[39m" type="AssertionError">
AssertionError: expected &quot;spy&quot; to be called at least once

Ignored nodes: comments, script, style
&lt;html&gt;
  &lt;head /&gt;
  &lt;body&gt;
    &lt;div&gt;
      &lt;ink-box
        style=&quot;flex-wrap: nowrap; flex-direction: column; flex-grow: 0; flex-shrink: 1; width: 52px; height: 20px; padding: 1px; overflow-x: visible; overflow-y: visible;&quot;
      &gt;
        &lt;ink-box
          style=&quot;flex-wrap: nowrap; flex-direction: row; flex-grow: 0; flex-shrink: 1; margin-bottom: 1px; overflow-x: visible; overflow-y: visible;&quot;
        &gt;
          &lt;ink-text
            style=&quot;flex-grow: 0; flex-shrink: 1; flex-direction: row; text-wrap: wrap;&quot;
          &gt;
            シナプス記憶システム ダッシュボード
          &lt;/ink-text&gt;
        &lt;/ink-box&gt;
        &lt;ink-box
          style=&quot;flex-wrap: nowrap; flex-direction: row; flex-grow: 0; flex-shrink: 1; margin-bottom: 1px; overflow-x: visible; overflow-y: visible;&quot;
        &gt;
          &lt;ink-box
            style=&quot;flex-wrap: nowrap; flex-direction: row; flex-grow: 0; flex-shrink: 1; margin-right: 2px; overflow-x: visible; overflow-y: visible;&quot;
          &gt;
            &lt;ink-text
              style=&quot;flex-grow: 0; flex-shrink: 1; flex-direction: row; text-wrap: wrap;&quot;
            &gt;
              [
              1
              ] 
              記憶一覧
            &lt;/ink-text&gt;
          &lt;/ink-box&gt;
          &lt;ink-box
            style=&quot;flex-wrap: nowrap; flex-direction: row; flex-grow: 0; flex-shrink: 1; margin-right: 2px; overflow-x: visible; overflow-y: visible;&quot;
          &gt;
            &lt;ink-text
              style=&quot;flex-grow: 0; flex-shrink: 1; flex-direction: row; text-wrap: wrap;&quot;
            &gt;
              [
              2
              ] 
              シナプス結合
            &lt;/ink-text&gt;
          &lt;/ink-box&gt;
          &lt;ink-box
            style=&quot;flex-wrap: nowrap; flex-direction: row; flex-grow: 0; flex-shrink: 1; margin-right: 2px; overflow-x: visible; overflow-y: visible;&quot;
          &gt;
            &lt;ink-text
              style=&quot;flex-grow: 0; flex-shrink: 1; flex-direction: row; text-wrap: wrap;&quot;
            &gt;
              [
              3
              ] 
              ネットワーク診断
            &lt;/ink-text&gt;
          &lt;/ink-box&gt;
          &lt;ink-box
            style=&quot;flex-wrap: nowrap; flex-direction: row; flex-grow: 0; flex-shrink: 1; margin-right: 2px; overflow-x: visible; overflow-y: visible;&quot;
          &gt;
            &lt;ink-text
              style=&quot;flex-grow: 0; flex-shrink: 1; flex-direction: row; text-wrap: wrap;&quot;
            &gt;
              [
              4
              ] 
              設定
            &lt;/ink-text&gt;
          &lt;/ink-box&gt;
        &lt;/ink-box&gt;
        &lt;ink-box
          style=&quot;flex-wrap: nowrap; flex-direction: row; flex-grow: 1; flex-shrink: 1; overflow: hidden; overflow-x: hidden; overflow-y: hidden;&quot;
        &gt;
          &lt;ink-box
            style=&quot;flex-wrap: nowrap; flex-direction: column; flex-grow: 1; flex-shrink: 1; overflow-x: visible; overflow-y: visible;&quot;
          &gt;
            &lt;ink-box
              style=&quot;flex-wrap: nowrap; flex-direction: row; flex-grow: 0; flex-shrink: 1; margin-bottom: 1px; overflow-x: visible; overflow-y: visible;&quot;
            &gt;
              &lt;ink-text
                style=&quot;flex-grow: 0; flex-shrink: 1; flex-direction: row; text-wrap: wrap;&quot;
              &gt;
                記憶一覧 (
                3
                件)
              &lt;/ink-text&gt;
            &lt;/ink-box&gt;
            &lt;ink-box
              style=&quot;flex-wrap: nowrap; flex-direction: column; flex-grow: 0; flex-shrink: 0; width: 48px; overflow-x: visible; overflow-y: visible;&quot;
            &gt;
              &lt;ink-box
                style=&quot;flex-wrap: nowrap; flex-direction: row; flex-grow: 0; flex-shrink: 1; overflow-x: visible; overflow-y: visible;&quot;
              &gt;
                &lt;ink-text
                  style=&quot;flex-grow: 0; flex-shrink: 1; flex-direction: row; text-wrap: wrap;&quot;
                &gt;
                  ► 
                &lt;/ink-text&gt;
                &lt;ink-text
                  style=&quot;flex-grow: 0; flex-shrink: 1; flex-direction: row; text-wrap: wrap;&quot;
                &gt;
                  [
                &lt;/ink-text&gt;
                &lt;ink-text
                  style=&quot;flex-grow: 0; flex-shrink: 1; flex-direction: row; text-wrap: wrap;&quot;
                &gt;
                  mem-001
                &lt;/ink-text&gt;
                &lt;ink-text
                  style=&quot;flex-grow: 0; flex-shrink: 1; flex-direction: row; text-wrap: wrap;&quot;
                &gt;
                  ] 
                &lt;/ink-text&gt;
                &lt;ink-text
                  style=&quot;flex-grow: 0; flex-shrink: 1; flex-direction: row; text-wrap: wrap;&quot;
                &gt;
                  GPT-5プロンプトガイドの分析結果
                &lt;/ink-text&gt;
              &lt;/ink-box&gt;
              &lt;ink-box
                style=&quot;flex-wrap: nowrap; flex-direction: row; flex-grow: 0; flex-shrink: 1; overflow-x: visible; overflow-y: visible;&quot;
              &gt;
                &lt;ink-text
                  style=&quot;flex-grow: 0; flex-shrink: 1; flex-direction: row; text-wrap: wrap;&quot;
                &gt;
                    
                &lt;/ink-text&gt;
                &lt;ink-text
                  style=&quot;flex-grow: 0; flex-shrink: 1; flex-direction: row; text-wrap: wrap;&quot;
                &gt;
                  [
                &lt;/ink-text&gt;
                &lt;ink-text
                  style=&quot;flex-grow: 0; flex-shrink: 1; flex-direction: row; text-wrap: wrap;&quot;
                &gt;
                  mem-002
                &lt;/ink-text&gt;
                &lt;ink-text
                  style=&quot;flex-grow: 0; flex-shrink: 1; flex-direction: row; text-wrap: wrap;&quot;
                &gt;
                  ] 
                &lt;/ink-text&gt;
                &lt;ink-text
                  style=&quot;flex-grow: 0; flex-shrink: 1; flex-direction: row; text-wrap: wrap;&quot;
                &gt;
                  シナプス記憶システムのPhase 2実装完了
                &lt;/ink-text&gt;
              &lt;/ink-box&gt;
              &lt;ink-box
                style=&quot;flex-wrap: nowrap; flex-direction: row; flex-grow: 0; flex-shrink: 1; overflow-x: visible; overflow-y: visible;&quot;
              &gt;
                &lt;ink-text
                  style=&quot;flex-grow: 0; flex-shrink: 1; flex-direction: row; text-wrap: wrap;&quot;
                &gt;
                    
                &lt;/ink-text&gt;
                &lt;ink-text
                  style=&quot;flex-grow: 0; flex-shrink: 1; flex-direction: row; text-wrap: wrap;&quot;
                &gt;
                  [
                &lt;/ink-text&gt;
                &lt;ink-text
                  style=&quot;flex-grow: 0; flex-shrink: 1; flex-direction: row; text-wrap: wrap;&quot;
                &gt;
                  mem-003
                &lt;/ink-text&gt;
                &lt;ink-text
                  style=&quot;flex-grow: 0; flex-shrink: 1; flex-direction: row; text-wrap: wrap;&quot;
                &gt;
                  ] 
                &lt;/ink-text&gt;
                &lt;ink-text
                  style=&quot;flex-grow: 0; flex-shrink: 1; flex-direction: row; text-wrap: wrap;&quot;
                &gt;
                  RESTful API設計とエンドポイント定義
                &lt;/ink-text&gt;
              &lt;/ink-box&gt;
            &lt;/ink-box&gt;
            &lt;ink-box
              style=&quot;flex-wrap: nowrap; flex-direction: row; flex-grow: 0; flex-shrink: 1; margin-top: 1px; border-color: rgb(108, 112, 134); padding: 1px; overflow-x: visible; overflow-y: visible;&quot;
            &gt;
              &lt;ink-box
                style=&quot;flex-wrap: nowrap; flex-direction: column; flex-grow: 0; flex-shrink: 1; overflow-x: visible; overflow-y: visible;&quot;
              &gt;
                &lt;ink-text
                  style=&quot;flex-grow: 0; flex-shrink: 1; flex-direction: row; text-wrap: wrap;&quot;
                &gt;
                  詳細:
                &lt;/ink-text&gt;
                &lt;ink-text
                  style=&quot;flex-grow: 0; flex-shrink: 1; flex-direction: row; text-wrap: wrap;&quot;
                &gt;
                  ID: 
                  mem-001
                &lt;/ink-text&gt;
                &lt;ink-text
                  style=&quot;flex-grow: 0; flex-shrink: 1; flex-direction: row; text-wrap: wrap;&quot;
                &gt;
                  アクセス数: 
                  15
                &lt;/ink-text&gt;
                &lt;ink-text
                  style=&quot;flex-grow: 0; flex-shrink: 1; flex-direction: row; text-wrap: wrap;&quot;
                &gt;
                  成功率: 
                  92.0
                  %
                &lt;/ink-text&gt;
                &lt;ink-text
                  style=&quot;flex-grow: 0; flex-shrink: 1; flex-direction: row; text-wrap: wrap;&quot;
                &gt;
                  タグ: 
                  gpt5, prompting, analysis
                &lt;/ink-text&gt;
              &lt;/ink-box&gt;
            &lt;/ink-box&gt;
          &lt;/ink-box&gt;
        &lt;/ink-box&gt;
        &lt;ink-box
          style=&quot;flex-wrap: nowrap; flex-direction: row; flex-grow: 0; flex-shrink: 1; margin-top: 1px; border-color: rgb(108, 112, 134); padding: 1px; overflow-x: visible; overflow-y: visible;&quot;
        &gt;
          &lt;ink-text
            style=&quot;flex-grow: 0; flex-shrink: 1; flex-direction: row; text-wrap: wrap;&quot;
          &gt;
            Tab: タブ切替 | ↑↓: 記憶選択 | q: 終了
          &lt;/ink-text&gt;
        &lt;/ink-box&gt;
      &lt;/ink-box&gt;
    &lt;/div&gt;
  &lt;/body&gt;
&lt;/html&gt;
 ❯ src/ui/components/SynapticMemoryDashboard.test.tsx:171:33
 ❯ runWithExpensiveErrorDiagnosticsDisabled node_modules/@testing-library/dom/dist/config.js:47:12
 ❯ checkCallback node_modules/@testing-library/dom/dist/wait-for.js:124:77
 ❯ Timeout.checkRealTimersCallback node_modules/@testing-library/dom/dist/wait-for.js:118:16
            </failure>
        </testcase>
        <testcase classname="src/ui/components/SynapticMemoryDashboard.test.tsx" name="SynapticMemoryDashboard &gt; qキーでダッシュボードが閉じられること" time="1.010528125">
            <failure message="expected &quot;spy&quot; to be called at least once

Ignored nodes: comments, script, style
[36m&lt;html&gt;[39m
  [36m&lt;head /&gt;[39m
  [36m&lt;body&gt;[39m
    [36m&lt;div&gt;[39m
      [36m&lt;ink-box[39m
        [33mstyle[39m=[32m&quot;flex-wrap: nowrap; flex-direction: column; flex-grow: 0; flex-shrink: 1; width: 52px; height: 20px; padding: 1px; overflow-x: visible; overflow-y: visible;&quot;[39m
      [36m&gt;[39m
        [36m&lt;ink-box[39m
          [33mstyle[39m=[32m&quot;flex-wrap: nowrap; flex-direction: row; flex-grow: 0; flex-shrink: 1; margin-bottom: 1px; overflow-x: visible; overflow-y: visible;&quot;[39m
        [36m&gt;[39m
          [36m&lt;ink-text[39m
            [33mstyle[39m=[32m&quot;flex-grow: 0; flex-shrink: 1; flex-direction: row; text-wrap: wrap;&quot;[39m
          [36m&gt;[39m
            [0mシナプス記憶システム ダッシュボード[0m
          [36m&lt;/ink-text&gt;[39m
        [36m&lt;/ink-box&gt;[39m
        [36m&lt;ink-box[39m
          [33mstyle[39m=[32m&quot;flex-wrap: nowrap; flex-direction: row; flex-grow: 0; flex-shrink: 1; margin-bottom: 1px; overflow-x: visible; overflow-y: visible;&quot;[39m
        [36m&gt;[39m
          [36m&lt;ink-box[39m
            [33mstyle[39m=[32m&quot;flex-wrap: nowrap; flex-direction: row; flex-grow: 0; flex-shrink: 1; margin-right: 2px; overflow-x: visible; overflow-y: visible;&quot;[39m
          [36m&gt;[39m
            [36m&lt;ink-text[39m
              [33mstyle[39m=[32m&quot;flex-grow: 0; flex-shrink: 1; flex-direction: row; text-wrap: wrap;&quot;[39m
            [36m&gt;[39m
              [0m[[0m
              [0m1[0m
              [0m] [0m
              [0m記憶一覧[0m
            [36m&lt;/ink-text&gt;[39m
          [36m&lt;/ink-box&gt;[39m
          [36m&lt;ink-box[39m
            [33mstyle[39m=[32m&quot;flex-wrap: nowrap; flex-direction: row; flex-grow: 0; flex-shrink: 1; margin-right: 2px; overflow-x: visible; overflow-y: visible;&quot;[39m
          [36m&gt;[39m
            [36m&lt;ink-text[39m
              [33mstyle[39m=[32m&quot;flex-grow: 0; flex-shrink: 1; flex-direction: row; text-wrap: wrap;&quot;[39m
            [36m&gt;[39m
              [0m[[0m
              [0m2[0m
              [0m] [0m
              [0mシナプス結合[0m
            [36m&lt;/ink-text&gt;[39m
          [36m&lt;/ink-box&gt;[39m
          [36m&lt;ink-box[39m
            [33mstyle[39m=[32m&quot;flex-wrap: nowrap; flex-direction: row; flex-grow: 0; flex-shrink: 1; margin-right: 2px; overflow-x: visible; overflow-y: visible;&quot;[39m
          [36m&gt;[39m
            [36m&lt;ink-text[39m
              [33mstyle[39m=[32m&quot;flex-grow: 0; flex-shrink: 1; flex-direction: row; text-wrap: wrap;&quot;[39m
            [36m&gt;[39m
              [0m[[0m
              [0m3[0m
              [0m] [0m
              [0mネットワーク診断[0m
            [36m&lt;/ink-text&gt;[39m
          [36m&lt;/ink-box&gt;[39m
          [36m&lt;ink-box[39m
            [33mstyle[39m=[32m&quot;flex-wrap: nowrap; flex-direction: row; flex-grow: 0; flex-shrink: 1; margin-right: 2px; overflow-x: visible; overflow-y: visible;&quot;[39m
          [36m&gt;[39m
            [36m&lt;ink-text[39m
              [33mstyle[39m=[32m&quot;flex-grow: 0; flex-shrink: 1; flex-direction: row; text-wrap: wrap;&quot;[39m
            [36m&gt;[39m
              [0m[[0m
              [0m4[0m
              [0m] [0m
              [0m設定[0m
            [36m&lt;/ink-text&gt;[39m
          [36m&lt;/ink-box&gt;[39m
        [36m&lt;/ink-box&gt;[39m
        [36m&lt;ink-box[39m
          [33mstyle[39m=[32m&quot;flex-wrap: nowrap; flex-direction: row; flex-grow: 1; flex-shrink: 1; overflow: hidden; overflow-x: hidden; overflow-y: hidden;&quot;[39m
        [36m&gt;[39m
          [36m&lt;ink-box[39m
            [33mstyle[39m=[32m&quot;flex-wrap: nowrap; flex-direction: column; flex-grow: 1; flex-shrink: 1; overflow-x: visible; overflow-y: visible;&quot;[39m
          [36m&gt;[39m
            [36m&lt;ink-box[39m
              [33mstyle[39m=[32m&quot;flex-wrap: nowrap; flex-direction: row; flex-grow: 0; flex-shrink: 1; margin-bottom: 1px; overflow-x: visible; overflow-y: visible;&quot;[39m
            [36m&gt;[39m
              [36m&lt;ink-text[39m
                [33mstyle[39m=[32m&quot;flex-grow: 0; flex-shrink: 1; flex-direction: row; text-wrap: wrap;&quot;[39m
              [36m&gt;[39m
                [0m記憶一覧 ([0m
                [0m3[0m
                [0m件)[0m
              [36m&lt;/ink-text&gt;[39m
            [36m&lt;/ink-box&gt;[39m
            [36m&lt;ink-box[39m
              [33mstyle[39m=[32m&quot;flex-wrap: nowrap; flex-direction: column; flex-grow: 0; flex-shrink: 0; width: 48px; overflow-x: visible; overflow-y: visible;&quot;[39m
            [36m&gt;[39m
              [36m&lt;ink-box[39m
                [33mstyle[39m=[32m&quot;flex-wrap: nowrap; flex-direction: row; flex-grow: 0; flex-shrink: 1; overflow-x: visible; overflow-y: visible;&quot;[39m
              [36m&gt;[39m
                [36m&lt;ink-text[39m
                  [33mstyle[39m=[32m&quot;flex-grow: 0; flex-shrink: 1; flex-direction: row; text-wrap: wrap;&quot;[39m
                [36m&gt;[39m
                  [0m► [0m
                [36m&lt;/ink-text&gt;[39m
                [36m&lt;ink-text[39m
                  [33mstyle[39m=[32m&quot;flex-grow: 0; flex-shrink: 1; flex-direction: row; text-wrap: wrap;&quot;[39m
                [36m&gt;[39m
                  [0m[[0m
                [36m&lt;/ink-text&gt;[39m
                [36m&lt;ink-text[39m
                  [33mstyle[39m=[32m&quot;flex-grow: 0; flex-shrink: 1; flex-direction: row; text-wrap: wrap;&quot;[39m
                [36m&gt;[39m
                  [0mmem-001[0m
                [36m&lt;/ink-text&gt;[39m
                [36m&lt;ink-text[39m
                  [33mstyle[39m=[32m&quot;flex-grow: 0; flex-shrink: 1; flex-direction: row; text-wrap: wrap;&quot;[39m
                [36m&gt;[39m
                  [0m] [0m
                [36m&lt;/ink-text&gt;[39m
                [36m&lt;ink-text[39m
                  [33mstyle[39m=[32m&quot;flex-grow: 0; flex-shrink: 1; flex-direction: row; text-wrap: wrap;&quot;[39m
                [36m&gt;[39m
                  [0mGPT-5プロンプトガイドの分析結果[0m
                [36m&lt;/ink-text&gt;[39m
              [36m&lt;/ink-box&gt;[39m
              [36m&lt;ink-box[39m
                [33mstyle[39m=[32m&quot;flex-wrap: nowrap; flex-direction: row; flex-grow: 0; flex-shrink: 1; overflow-x: visible; overflow-y: visible;&quot;[39m
              [36m&gt;[39m
                [36m&lt;ink-text[39m
                  [33mstyle[39m=[32m&quot;flex-grow: 0; flex-shrink: 1; flex-direction: row; text-wrap: wrap;&quot;[39m
                [36m&gt;[39m
                  [0m  [0m
                [36m&lt;/ink-text&gt;[39m
                [36m&lt;ink-text[39m
                  [33mstyle[39m=[32m&quot;flex-grow: 0; flex-shrink: 1; flex-direction: row; text-wrap: wrap;&quot;[39m
                [36m&gt;[39m
                  [0m[[0m
                [36m&lt;/ink-text&gt;[39m
                [36m&lt;ink-text[39m
                  [33mstyle[39m=[32m&quot;flex-grow: 0; flex-shrink: 1; flex-direction: row; text-wrap: wrap;&quot;[39m
                [36m&gt;[39m
                  [0mmem-002[0m
                [36m&lt;/ink-text&gt;[39m
                [36m&lt;ink-text[39m
                  [33mstyle[39m=[32m&quot;flex-grow: 0; flex-shrink: 1; flex-direction: row; text-wrap: wrap;&quot;[39m
                [36m&gt;[39m
                  [0m] [0m
                [36m&lt;/ink-text&gt;[39m
                [36m&lt;ink-text[39m
                  [33mstyle[39m=[32m&quot;flex-grow: 0; flex-shrink: 1; flex-direction: row; text-wrap: wrap;&quot;[39m
                [36m&gt;[39m
                  [0mシナプス記憶システムのPhase 2実装完了[0m
                [36m&lt;/ink-text&gt;[39m
              [36m&lt;/ink-box&gt;[39m
              [36m&lt;ink-box[39m
                [33mstyle[39m=[32m&quot;flex-wrap: nowrap; flex-direction: row; flex-grow: 0; flex-shrink: 1; overflow-x: visible; overflow-y: visible;&quot;[39m
              [36m&gt;[39m
                [36m&lt;ink-text[39m
                  [33mstyle[39m=[32m&quot;flex-grow: 0; flex-shrink: 1; flex-direction: row; text-wrap: wrap;&quot;[39m
                [36m&gt;[39m
                  [0m  [0m
                [36m&lt;/ink-text&gt;[39m
                [36m&lt;ink-text[39m
                  [33mstyle[39m=[32m&quot;flex-grow: 0; flex-shrink: 1; flex-direction: row; text-wrap: wrap;&quot;[39m
                [36m&gt;[39m
                  [0m[[0m
                [36m&lt;/ink-text&gt;[39m
                [36m&lt;ink-text[39m
                  [33mstyle[39m=[32m&quot;flex-grow: 0; flex-shrink: 1; flex-direction: row; text-wrap: wrap;&quot;[39m
                [36m&gt;[39m
                  [0mmem-003[0m
                [36m&lt;/ink-text&gt;[39m
                [36m&lt;ink-text[39m
                  [33mstyle[39m=[32m&quot;flex-grow: 0; flex-shrink: 1; flex-direction: row; text-wrap: wrap;&quot;[39m
                [36m&gt;[39m
                  [0m] [0m
                [36m&lt;/ink-text&gt;[39m
                [36m&lt;ink-text[39m
                  [33mstyle[39m=[32m&quot;flex-grow: 0; flex-shrink: 1; flex-direction: row; text-wrap: wrap;&quot;[39m
                [36m&gt;[39m
                  [0mRESTful API設計とエンドポイント定義[0m
                [36m&lt;/ink-text&gt;[39m
              [36m&lt;/ink-box&gt;[39m
            [36m&lt;/ink-box&gt;[39m
            [36m&lt;ink-box[39m
              [33mstyle[39m=[32m&quot;flex-wrap: nowrap; flex-direction: row; flex-grow: 0; flex-shrink: 1; margin-top: 1px; border-color: rgb(108, 112, 134); padding: 1px; overflow-x: visible; overflow-y: visible;&quot;[39m
            [36m&gt;[39m
              [36m&lt;ink-box[39m
                [33mstyle[39m=[32m&quot;flex-wrap: nowrap; flex-direction: column; flex-grow: 0; flex-shrink: 1; overflow-x: visible; overflow-y: visible;&quot;[39m
              [36m&gt;[39m
                [36m&lt;ink-text[39m
                  [33mstyle[39m=[32m&quot;flex-grow: 0; flex-shrink: 1; flex-direction: row; text-wrap: wrap;&quot;[39m
                [36m&gt;[39m
                  [0m詳細:[0m
                [36m&lt;/ink-text&gt;[39m
                [36m&lt;ink-text[39m
                  [33mstyle[39m=[32m&quot;flex-grow: 0; flex-shrink: 1; flex-direction: row; text-wrap: wrap;&quot;[39m
                [36m&gt;[39m
                  [0mID: [0m
                  [0mmem-001[0m
                [36m&lt;/ink-text&gt;[39m
                [36m&lt;ink-text[39m
                  [33mstyle[39m=[32m&quot;flex-grow: 0; flex-shrink: 1; flex-direction: row; text-wrap: wrap;&quot;[39m
                [36m&gt;[39m
                  [0mアクセス数: [0m
                  [0m15[0m
                [36m&lt;/ink-text&gt;[39m
                [36m&lt;ink-text[39m
                  [33mstyle[39m=[32m&quot;flex-grow: 0; flex-shrink: 1; flex-direction: row; text-wrap: wrap;&quot;[39m
                [36m&gt;[39m
                  [0m成功率: [0m
                  [0m92.0[0m
                  [0m%[0m
                [36m&lt;/ink-text&gt;[39m
                [36m&lt;ink-text[39m
                  [33mstyle[39m=[32m&quot;flex-grow: 0; flex-shrink: 1; flex-direction: row; text-wrap: wrap;&quot;[39m
                [36m&gt;[39m
                  [0mタグ: [0m
                  [0mgpt5, prompting, analysis[0m
                [36m&lt;/ink-text&gt;[39m
              [36m&lt;/ink-box&gt;[39m
            [36m&lt;/ink-box&gt;[39m
          [36m&lt;/ink-box&gt;[39m
        [36m&lt;/ink-box&gt;[39m
        [36m&lt;ink-box[39m
          [33mstyle[39m=[32m&quot;flex-wrap: nowrap; flex-direction: row; flex-grow: 0; flex-shrink: 1; margin-top: 1px; border-color: rgb(108, 112, 134); padding: 1px; overflow-x: visible; overflow-y: visible;&quot;[39m
        [36m&gt;[39m
          [36m&lt;ink-text[39m
            [33mstyle[39m=[32m&quot;flex-grow: 0; flex-shrink: 1; flex-direction: row; text-wrap: wrap;&quot;[39m
          [36m&gt;[39m
            [0mTab: タブ切替 | ↑↓: 記憶選択 | q: 終了[0m
          [36m&lt;/ink-text&gt;[39m
        [36m&lt;/ink-box&gt;[39m
      [36m&lt;/ink-box&gt;[39m
    [36m&lt;/div&gt;[39m
  [36m&lt;/body&gt;[39m
[36m&lt;/html&gt;[39m" type="AssertionError">
AssertionError: expected &quot;spy&quot; to be called at least once

Ignored nodes: comments, script, style
&lt;html&gt;
  &lt;head /&gt;
  &lt;body&gt;
    &lt;div&gt;
      &lt;ink-box
        style=&quot;flex-wrap: nowrap; flex-direction: column; flex-grow: 0; flex-shrink: 1; width: 52px; height: 20px; padding: 1px; overflow-x: visible; overflow-y: visible;&quot;
      &gt;
        &lt;ink-box
          style=&quot;flex-wrap: nowrap; flex-direction: row; flex-grow: 0; flex-shrink: 1; margin-bottom: 1px; overflow-x: visible; overflow-y: visible;&quot;
        &gt;
          &lt;ink-text
            style=&quot;flex-grow: 0; flex-shrink: 1; flex-direction: row; text-wrap: wrap;&quot;
          &gt;
            シナプス記憶システム ダッシュボード
          &lt;/ink-text&gt;
        &lt;/ink-box&gt;
        &lt;ink-box
          style=&quot;flex-wrap: nowrap; flex-direction: row; flex-grow: 0; flex-shrink: 1; margin-bottom: 1px; overflow-x: visible; overflow-y: visible;&quot;
        &gt;
          &lt;ink-box
            style=&quot;flex-wrap: nowrap; flex-direction: row; flex-grow: 0; flex-shrink: 1; margin-right: 2px; overflow-x: visible; overflow-y: visible;&quot;
          &gt;
            &lt;ink-text
              style=&quot;flex-grow: 0; flex-shrink: 1; flex-direction: row; text-wrap: wrap;&quot;
            &gt;
              [
              1
              ] 
              記憶一覧
            &lt;/ink-text&gt;
          &lt;/ink-box&gt;
          &lt;ink-box
            style=&quot;flex-wrap: nowrap; flex-direction: row; flex-grow: 0; flex-shrink: 1; margin-right: 2px; overflow-x: visible; overflow-y: visible;&quot;
          &gt;
            &lt;ink-text
              style=&quot;flex-grow: 0; flex-shrink: 1; flex-direction: row; text-wrap: wrap;&quot;
            &gt;
              [
              2
              ] 
              シナプス結合
            &lt;/ink-text&gt;
          &lt;/ink-box&gt;
          &lt;ink-box
            style=&quot;flex-wrap: nowrap; flex-direction: row; flex-grow: 0; flex-shrink: 1; margin-right: 2px; overflow-x: visible; overflow-y: visible;&quot;
          &gt;
            &lt;ink-text
              style=&quot;flex-grow: 0; flex-shrink: 1; flex-direction: row; text-wrap: wrap;&quot;
            &gt;
              [
              3
              ] 
              ネットワーク診断
            &lt;/ink-text&gt;
          &lt;/ink-box&gt;
          &lt;ink-box
            style=&quot;flex-wrap: nowrap; flex-direction: row; flex-grow: 0; flex-shrink: 1; margin-right: 2px; overflow-x: visible; overflow-y: visible;&quot;
          &gt;
            &lt;ink-text
              style=&quot;flex-grow: 0; flex-shrink: 1; flex-direction: row; text-wrap: wrap;&quot;
            &gt;
              [
              4
              ] 
              設定
            &lt;/ink-text&gt;
          &lt;/ink-box&gt;
        &lt;/ink-box&gt;
        &lt;ink-box
          style=&quot;flex-wrap: nowrap; flex-direction: row; flex-grow: 1; flex-shrink: 1; overflow: hidden; overflow-x: hidden; overflow-y: hidden;&quot;
        &gt;
          &lt;ink-box
            style=&quot;flex-wrap: nowrap; flex-direction: column; flex-grow: 1; flex-shrink: 1; overflow-x: visible; overflow-y: visible;&quot;
          &gt;
            &lt;ink-box
              style=&quot;flex-wrap: nowrap; flex-direction: row; flex-grow: 0; flex-shrink: 1; margin-bottom: 1px; overflow-x: visible; overflow-y: visible;&quot;
            &gt;
              &lt;ink-text
                style=&quot;flex-grow: 0; flex-shrink: 1; flex-direction: row; text-wrap: wrap;&quot;
              &gt;
                記憶一覧 (
                3
                件)
              &lt;/ink-text&gt;
            &lt;/ink-box&gt;
            &lt;ink-box
              style=&quot;flex-wrap: nowrap; flex-direction: column; flex-grow: 0; flex-shrink: 0; width: 48px; overflow-x: visible; overflow-y: visible;&quot;
            &gt;
              &lt;ink-box
                style=&quot;flex-wrap: nowrap; flex-direction: row; flex-grow: 0; flex-shrink: 1; overflow-x: visible; overflow-y: visible;&quot;
              &gt;
                &lt;ink-text
                  style=&quot;flex-grow: 0; flex-shrink: 1; flex-direction: row; text-wrap: wrap;&quot;
                &gt;
                  ► 
                &lt;/ink-text&gt;
                &lt;ink-text
                  style=&quot;flex-grow: 0; flex-shrink: 1; flex-direction: row; text-wrap: wrap;&quot;
                &gt;
                  [
                &lt;/ink-text&gt;
                &lt;ink-text
                  style=&quot;flex-grow: 0; flex-shrink: 1; flex-direction: row; text-wrap: wrap;&quot;
                &gt;
                  mem-001
                &lt;/ink-text&gt;
                &lt;ink-text
                  style=&quot;flex-grow: 0; flex-shrink: 1; flex-direction: row; text-wrap: wrap;&quot;
                &gt;
                  ] 
                &lt;/ink-text&gt;
                &lt;ink-text
                  style=&quot;flex-grow: 0; flex-shrink: 1; flex-direction: row; text-wrap: wrap;&quot;
                &gt;
                  GPT-5プロンプトガイドの分析結果
                &lt;/ink-text&gt;
              &lt;/ink-box&gt;
              &lt;ink-box
                style=&quot;flex-wrap: nowrap; flex-direction: row; flex-grow: 0; flex-shrink: 1; overflow-x: visible; overflow-y: visible;&quot;
              &gt;
                &lt;ink-text
                  style=&quot;flex-grow: 0; flex-shrink: 1; flex-direction: row; text-wrap: wrap;&quot;
                &gt;
                    
                &lt;/ink-text&gt;
                &lt;ink-text
                  style=&quot;flex-grow: 0; flex-shrink: 1; flex-direction: row; text-wrap: wrap;&quot;
                &gt;
                  [
                &lt;/ink-text&gt;
                &lt;ink-text
                  style=&quot;flex-grow: 0; flex-shrink: 1; flex-direction: row; text-wrap: wrap;&quot;
                &gt;
                  mem-002
                &lt;/ink-text&gt;
                &lt;ink-text
                  style=&quot;flex-grow: 0; flex-shrink: 1; flex-direction: row; text-wrap: wrap;&quot;
                &gt;
                  ] 
                &lt;/ink-text&gt;
                &lt;ink-text
                  style=&quot;flex-grow: 0; flex-shrink: 1; flex-direction: row; text-wrap: wrap;&quot;
                &gt;
                  シナプス記憶システムのPhase 2実装完了
                &lt;/ink-text&gt;
              &lt;/ink-box&gt;
              &lt;ink-box
                style=&quot;flex-wrap: nowrap; flex-direction: row; flex-grow: 0; flex-shrink: 1; overflow-x: visible; overflow-y: visible;&quot;
              &gt;
                &lt;ink-text
                  style=&quot;flex-grow: 0; flex-shrink: 1; flex-direction: row; text-wrap: wrap;&quot;
                &gt;
                    
                &lt;/ink-text&gt;
                &lt;ink-text
                  style=&quot;flex-grow: 0; flex-shrink: 1; flex-direction: row; text-wrap: wrap;&quot;
                &gt;
                  [
                &lt;/ink-text&gt;
                &lt;ink-text
                  style=&quot;flex-grow: 0; flex-shrink: 1; flex-direction: row; text-wrap: wrap;&quot;
                &gt;
                  mem-003
                &lt;/ink-text&gt;
                &lt;ink-text
                  style=&quot;flex-grow: 0; flex-shrink: 1; flex-direction: row; text-wrap: wrap;&quot;
                &gt;
                  ] 
                &lt;/ink-text&gt;
                &lt;ink-text
                  style=&quot;flex-grow: 0; flex-shrink: 1; flex-direction: row; text-wrap: wrap;&quot;
                &gt;
                  RESTful API設計とエンドポイント定義
                &lt;/ink-text&gt;
              &lt;/ink-box&gt;
            &lt;/ink-box&gt;
            &lt;ink-box
              style=&quot;flex-wrap: nowrap; flex-direction: row; flex-grow: 0; flex-shrink: 1; margin-top: 1px; border-color: rgb(108, 112, 134); padding: 1px; overflow-x: visible; overflow-y: visible;&quot;
            &gt;
              &lt;ink-box
                style=&quot;flex-wrap: nowrap; flex-direction: column; flex-grow: 0; flex-shrink: 1; overflow-x: visible; overflow-y: visible;&quot;
              &gt;
                &lt;ink-text
                  style=&quot;flex-grow: 0; flex-shrink: 1; flex-direction: row; text-wrap: wrap;&quot;
                &gt;
                  詳細:
                &lt;/ink-text&gt;
                &lt;ink-text
                  style=&quot;flex-grow: 0; flex-shrink: 1; flex-direction: row; text-wrap: wrap;&quot;
                &gt;
                  ID: 
                  mem-001
                &lt;/ink-text&gt;
                &lt;ink-text
                  style=&quot;flex-grow: 0; flex-shrink: 1; flex-direction: row; text-wrap: wrap;&quot;
                &gt;
                  アクセス数: 
                  15
                &lt;/ink-text&gt;
                &lt;ink-text
                  style=&quot;flex-grow: 0; flex-shrink: 1; flex-direction: row; text-wrap: wrap;&quot;
                &gt;
                  成功率: 
                  92.0
                  %
                &lt;/ink-text&gt;
                &lt;ink-text
                  style=&quot;flex-grow: 0; flex-shrink: 1; flex-direction: row; text-wrap: wrap;&quot;
                &gt;
                  タグ: 
                  gpt5, prompting, analysis
                &lt;/ink-text&gt;
              &lt;/ink-box&gt;
            &lt;/ink-box&gt;
          &lt;/ink-box&gt;
        &lt;/ink-box&gt;
        &lt;ink-box
          style=&quot;flex-wrap: nowrap; flex-direction: row; flex-grow: 0; flex-shrink: 1; margin-top: 1px; border-color: rgb(108, 112, 134); padding: 1px; overflow-x: visible; overflow-y: visible;&quot;
        &gt;
          &lt;ink-text
            style=&quot;flex-grow: 0; flex-shrink: 1; flex-direction: row; text-wrap: wrap;&quot;
          &gt;
            Tab: タブ切替 | ↑↓: 記憶選択 | q: 終了
          &lt;/ink-text&gt;
        &lt;/ink-box&gt;
      &lt;/ink-box&gt;
    &lt;/div&gt;
  &lt;/body&gt;
&lt;/html&gt;
 ❯ src/ui/components/SynapticMemoryDashboard.test.tsx:182:33
 ❯ runWithExpensiveErrorDiagnosticsDisabled node_modules/@testing-library/dom/dist/config.js:47:12
 ❯ checkCallback node_modules/@testing-library/dom/dist/wait-for.js:124:77
 ❯ Timeout.checkRealTimersCallback node_modules/@testing-library/dom/dist/wait-for.js:118:16
            </failure>
        </testcase>
        <testcase classname="src/ui/components/SynapticMemoryDashboard.test.tsx" name="SynapticMemoryDashboard &gt; ターミナルサイズに応じてレイアウトが調整されること" time="0.0099645">
            <failure message="Unable to find an element with the text: Synaptic Memory Dashboard. This could be because the text is broken up by multiple elements. In this case, you can provide a function for your text matcher to make your matcher more flexible.

Ignored nodes: comments, script, style
[36m&lt;body&gt;[39m
  [36m&lt;div&gt;[39m
    [36m&lt;ink-box[39m
      [33mstyle[39m=[32m&quot;flex-wrap: nowrap; flex-direction: column; flex-grow: 0; flex-shrink: 1; width: 52px; height: 20px; padding: 1px; overflow-x: visible; overflow-y: visible;&quot;[39m
    [36m&gt;[39m
      [36m&lt;ink-box[39m
        [33mstyle[39m=[32m&quot;flex-wrap: nowrap; flex-direction: row; flex-grow: 0; flex-shrink: 1; margin-bottom: 1px; overflow-x: visible; overflow-y: visible;&quot;[39m
      [36m&gt;[39m
        [36m&lt;ink-text[39m
          [33mstyle[39m=[32m&quot;flex-grow: 0; flex-shrink: 1; flex-direction: row; text-wrap: wrap;&quot;[39m
        [36m&gt;[39m
          [0mシナプス記憶システム ダッシュボード[0m
        [36m&lt;/ink-text&gt;[39m
      [36m&lt;/ink-box&gt;[39m
      [36m&lt;ink-box[39m
        [33mstyle[39m=[32m&quot;flex-wrap: nowrap; flex-direction: row; flex-grow: 0; flex-shrink: 1; margin-bottom: 1px; overflow-x: visible; overflow-y: visible;&quot;[39m
      [36m&gt;[39m
        [36m&lt;ink-box[39m
          [33mstyle[39m=[32m&quot;flex-wrap: nowrap; flex-direction: row; flex-grow: 0; flex-shrink: 1; margin-right: 2px; overflow-x: visible; overflow-y: visible;&quot;[39m
        [36m&gt;[39m
          [36m&lt;ink-text[39m
            [33mstyle[39m=[32m&quot;flex-grow: 0; flex-shrink: 1; flex-direction: row; text-wrap: wrap;&quot;[39m
          [36m&gt;[39m
            [0m[[0m
            [0m1[0m
            [0m] [0m
            [0m記憶一覧[0m
          [36m&lt;/ink-text&gt;[39m
        [36m&lt;/ink-box&gt;[39m
        [36m&lt;ink-box[39m
          [33mstyle[39m=[32m&quot;flex-wrap: nowrap; flex-direction: row; flex-grow: 0; flex-shrink: 1; margin-right: 2px; overflow-x: visible; overflow-y: visible;&quot;[39m
        [36m&gt;[39m
          [36m&lt;ink-text[39m
            [33mstyle[39m=[32m&quot;flex-grow: 0; flex-shrink: 1; flex-direction: row; text-wrap: wrap;&quot;[39m
          [36m&gt;[39m
            [0m[[0m
            [0m2[0m
            [0m] [0m
            [0mシナプス結合[0m
          [36m&lt;/ink-text&gt;[39m
        [36m&lt;/ink-box&gt;[39m
        [36m&lt;ink-box[39m
          [33mstyle[39m=[32m&quot;flex-wrap: nowrap; flex-direction: row; flex-grow: 0; flex-shrink: 1; margin-right: 2px; overflow-x: visible; overflow-y: visible;&quot;[39m
        [36m&gt;[39m
          [36m&lt;ink-text[39m
            [33mstyle[39m=[32m&quot;flex-grow: 0; flex-shrink: 1; flex-direction: row; text-wrap: wrap;&quot;[39m
          [36m&gt;[39m
            [0m[[0m
            [0m3[0m
            [0m] [0m
            [0mネットワーク診断[0m
          [36m&lt;/ink-text&gt;[39m
        [36m&lt;/ink-box&gt;[39m
        [36m&lt;ink-box[39m
          [33mstyle[39m=[32m&quot;flex-wrap: nowrap; flex-direction: row; flex-grow: 0; flex-shrink: 1; margin-right: 2px; overflow-x: visible; overflow-y: visible;&quot;[39m
        [36m&gt;[39m
          [36m&lt;ink-text[39m
            [33mstyle[39m=[32m&quot;flex-grow: 0; flex-shrink: 1; flex-direction: row; text-wrap: wrap;&quot;[39m
          [36m&gt;[39m
            [0m[[0m
            [0m4[0m
            [0m] [0m
            [0m設定[0m
          [36m&lt;/ink-text&gt;[39m
        [36m&lt;/ink-box&gt;[39m
      [36m&lt;/ink-box&gt;[39m
      [36m&lt;ink-box[39m
        [33mstyle[39m=[32m&quot;flex-wrap: nowrap; flex-direction: row; flex-grow: 1; flex-shrink: 1; overflow: hidden; overflow-x: hidden; overflow-y: hidden;&quot;[39m
      [36m&gt;[39m
        [36m&lt;ink-box[39m
          [33mstyle[39m=[32m&quot;flex-wrap: nowrap; flex-direction: column; flex-grow: 1; flex-shrink: 1; overflow-x: visible; overflow-y: visible;&quot;[39m
        [36m&gt;[39m
          [36m&lt;ink-box[39m
            [33mstyle[39m=[32m&quot;flex-wrap: nowrap; flex-direction: row; flex-grow: 0; flex-shrink: 1; margin-bottom: 1px; overflow-x: visible; overflow-y: visible;&quot;[39m
          [36m&gt;[39m
            [36m&lt;ink-text[39m
              [33mstyle[39m=[32m&quot;flex-grow: 0; flex-shrink: 1; flex-direction: row; text-wrap: wrap;&quot;[39m
            [36m&gt;[39m
              [0m記憶一覧 ([0m
              [0m3[0m
              [0m件)[0m
            [36m&lt;/ink-text&gt;[39m
          [36m&lt;/ink-box&gt;[39m
          [36m&lt;ink-box[39m
            [33mstyle[39m=[32m&quot;flex-wrap: nowrap; flex-direction: column; flex-grow: 0; flex-shrink: 0; width: 48px; overflow-x: visible; overflow-y: visible;&quot;[39m
          [36m&gt;[39m
            [36m&lt;ink-box[39m
              [33mstyle[39m=[32m&quot;flex-wrap: nowrap; flex-direction: row; flex-grow: 0; flex-shrink: 1; overflow-x: visible; overflow-y: visible;&quot;[39m
            [36m&gt;[39m
              [36m&lt;ink-text[39m
                [33mstyle[39m=[32m&quot;flex-grow: 0; flex-shrink: 1; flex-direction: row; text-wrap: wrap;&quot;[39m
              [36m&gt;[39m
                [0m► [0m
              [36m&lt;/ink-text&gt;[39m
              [36m&lt;ink-text[39m
                [33mstyle[39m=[32m&quot;flex-grow: 0; flex-shrink: 1; flex-direction: row; text-wrap: wrap;&quot;[39m
              [36m&gt;[39m
                [0m[[0m
              [36m&lt;/ink-text&gt;[39m
              [36m&lt;ink-text[39m
                [33mstyle[39m=[32m&quot;flex-grow: 0; flex-shrink: 1; flex-direction: row; text-wrap: wrap;&quot;[39m
              [36m&gt;[39m
                [0mmem-001[0m
              [36m&lt;/ink-text&gt;[39m
              [36m&lt;ink-text[39m
                [33mstyle[39m=[32m&quot;flex-grow: 0; flex-shrink: 1; flex-direction: row; text-wrap: wrap;&quot;[39m
              [36m&gt;[39m
                [0m] [0m
              [36m&lt;/ink-text&gt;[39m
              [36m&lt;ink-text[39m
                [33mstyle[39m=[32m&quot;flex-grow: 0; flex-shrink: 1; flex-direction: row; text-wrap: wrap;&quot;[39m
              [36m&gt;[39m
                [0mGPT-5プロンプトガイドの分析結果[0m
              [36m&lt;/ink-text&gt;[39m
            [36m&lt;/ink-box&gt;[39m
            [36m&lt;ink-box[39m
              [33mstyle[39m=[32m&quot;flex-wrap: nowrap; flex-direction: row; flex-grow: 0; flex-shrink: 1; overflow-x: visible; overflow-y: visible;&quot;[39m
            [36m&gt;[39m
              [36m&lt;ink-text[39m
                [33mstyle[39m=[32m&quot;flex-grow: 0; flex-shrink: 1; flex-direction: row; text-wrap: wrap;&quot;[39m
              [36m&gt;[39m
                [0m  [0m
              [36m&lt;/ink-text&gt;[39m
              [36m&lt;ink-text[39m
                [33mstyle[39m=[32m&quot;flex-grow: 0; flex-shrink: 1; flex-direction: row; text-wrap: wrap;&quot;[39m
              [36m&gt;[39m
                [0m[[0m
              [36m&lt;/ink-text&gt;[39m
              [36m&lt;ink-text[39m
                [33mstyle[39m=[32m&quot;flex-grow: 0; flex-shrink: 1; flex-direction: row; text-wrap: wrap;&quot;[39m
              [36m&gt;[39m
                [0mmem-002[0m
              [36m&lt;/ink-text&gt;[39m
              [36m&lt;ink-text[39m
                [33mstyle[39m=[32m&quot;flex-grow: 0; flex-shrink: 1; flex-direction: row; text-wrap: wrap;&quot;[39m
              [36m&gt;[39m
                [0m] [0m
              [36m&lt;/ink-text&gt;[39m
              [36m&lt;ink-text[39m
                [33mstyle[39m=[32m&quot;flex-grow: 0; flex-shrink: 1; flex-direction: row; text-wrap: wrap;&quot;[39m
              [36m&gt;[39m
                [0mシナプス記憶システムのPhase 2実装完了[0m
              [36m&lt;/ink-text&gt;[39m
            [36m&lt;/ink-box&gt;[39m
            [36m&lt;ink-box[39m
              [33mstyle[39m=[32m&quot;flex-wrap: nowrap; flex-direction: row; flex-grow: 0; flex-shrink: 1; overflow-x: visible; overflow-y: visible;&quot;[39m
            [36m&gt;[39m
              [36m&lt;ink-text[39m
                [33mstyle[39m=[32m&quot;flex-grow: 0; flex-shrink: 1; flex-direction: row; text-wrap: wrap;&quot;[39m
              [36m&gt;[39m
                [0m  [0m
              [36m&lt;/ink-text&gt;[39m
              [36m&lt;ink-text[39m
                [33mstyle[39m=[32m&quot;flex-grow: 0; flex-shrink: 1; flex-direction: row; text-wrap: wrap;&quot;[39m
              [36m&gt;[39m
                [0m[[0m
              [36m&lt;/ink-text&gt;[39m
              [36m&lt;ink-text[39m
                [33mstyle[39m=[32m&quot;flex-grow: 0; flex-shrink: 1; flex-direction: row; text-wrap: wrap;&quot;[39m
              [36m&gt;[39m
                [0mmem-003[0m
              [36m&lt;/ink-text&gt;[39m
              [36m&lt;ink-text[39m
                [33mstyle[39m=[32m&quot;flex-grow: 0; flex-shrink: 1; flex-direction: row; text-wrap: wrap;&quot;[39m
              [36m&gt;[39m
                [0m] [0m
              [36m&lt;/ink-text&gt;[39m
              [36m&lt;ink-text[39m
                [33mstyle[39m=[32m&quot;flex-grow: 0; flex-shrink: 1; flex-direction: row; text-wrap: wrap;&quot;[39m
              [36m&gt;[39m
                [0mRESTful API設計とエンドポイント定義[0m
              [36m&lt;/ink-text&gt;[39m
            [36m&lt;/ink-box&gt;[39m
          [36m&lt;/ink-box&gt;[39m
          [36m&lt;ink-box[39m
            [33mstyle[39m=[32m&quot;flex-wrap: nowrap; flex-direction: row; flex-grow: 0; flex-shrink: 1; margin-top: 1px; border-color: rgb(108, 112, 134); padding: 1px; overflow-x: visible; overflow-y: visible;&quot;[39m
          [36m&gt;[39m
            [36m&lt;ink-box[39m
              [33mstyle[39m=[32m&quot;flex-wrap: nowrap; flex-direction: column; flex-grow: 0; flex-shrink: 1; overflow-x: visible; overflow-y: visible;&quot;[39m
            [36m&gt;[39m
              [36m&lt;ink-text[39m
                [33mstyle[39m=[32m&quot;flex-grow: 0; flex-shrink: 1; flex-direction: row; text-wrap: wrap;&quot;[39m
              [36m&gt;[39m
                [0m詳細:[0m
              [36m&lt;/ink-text&gt;[39m
              [36m&lt;ink-text[39m
                [33mstyle[39m=[32m&quot;flex-grow: 0; flex-shrink: 1; flex-direction: row; text-wrap: wrap;&quot;[39m
              [36m&gt;[39m
                [0mID: [0m
                [0mmem-001[0m
              [36m&lt;/ink-text&gt;[39m
              [36m&lt;ink-text[39m
                [33mstyle[39m=[32m&quot;flex-grow: 0; flex-shrink: 1; flex-direction: row; text-wrap: wrap;&quot;[39m
              [36m&gt;[39m
                [0mアクセス数: [0m
                [0m15[0m
              [36m&lt;/ink-text&gt;[39m
              [36m&lt;ink-text[39m
                [33mstyle[39m=[32m&quot;flex-grow: 0; flex-shrink: 1; flex-direction: row; text-wrap: wrap;&quot;[39m
              [36m&gt;[39m
                [0m成功率: [0m
                [0m92.0[0m
                [0m%[0m
              [36m&lt;/ink-text&gt;[39m
              [36m&lt;ink-text[39m
                [33mstyle[39m=[32m&quot;flex-grow: 0; flex-shrink: 1; flex-direction: row; text-wrap: wrap;&quot;[39m
              [36m&gt;[39m
                [0mタグ: [0m
                [0mgpt5, prompting, analysis[0m
              [36m&lt;/ink-text&gt;[39m
            [36m&lt;/ink-box&gt;[39m
          [36m&lt;/ink-box&gt;[39m
        [36m&lt;/ink-box&gt;[39m
      [36m&lt;/ink-box&gt;[39m
      [36m&lt;ink-box[39m
        [33mstyle[39m=[32m&quot;flex-wrap: nowrap; flex-direction: row; flex-grow: 0; flex-shrink: 1; margin-top: 1px; border-color: rgb(108, 112, 134); padding: 1px; overflow-x: visible; overflow-y: visible;&quot;[39m
      [36m&gt;[39m
        [36m&lt;ink-text[39m
          [33mstyle[39m=[32m&quot;flex-grow: 0; flex-shrink: 1; flex-direction: row; text-wrap: wrap;&quot;[39m
        [36m&gt;[39m
          [0mTab: タブ切替 | ↑↓: 記憶選択 | q: 終了[0m
        [36m&lt;/ink-text&gt;[39m
      [36m&lt;/ink-box&gt;[39m
    [36m&lt;/ink-box&gt;[39m
  [36m&lt;/div&gt;[39m
[36m&lt;/body&gt;[39m" type="TestingLibraryElementError">
TestingLibraryElementError: Unable to find an element with the text: Synaptic Memory Dashboard. This could be because the text is broken up by multiple elements. In this case, you can provide a function for your text matcher to make your matcher more flexible.

Ignored nodes: comments, script, style
&lt;body&gt;
  &lt;div&gt;
    &lt;ink-box
      style=&quot;flex-wrap: nowrap; flex-direction: column; flex-grow: 0; flex-shrink: 1; width: 52px; height: 20px; padding: 1px; overflow-x: visible; overflow-y: visible;&quot;
    &gt;
      &lt;ink-box
        style=&quot;flex-wrap: nowrap; flex-direction: row; flex-grow: 0; flex-shrink: 1; margin-bottom: 1px; overflow-x: visible; overflow-y: visible;&quot;
      &gt;
        &lt;ink-text
          style=&quot;flex-grow: 0; flex-shrink: 1; flex-direction: row; text-wrap: wrap;&quot;
        &gt;
          シナプス記憶システム ダッシュボード
        &lt;/ink-text&gt;
      &lt;/ink-box&gt;
      &lt;ink-box
        style=&quot;flex-wrap: nowrap; flex-direction: row; flex-grow: 0; flex-shrink: 1; margin-bottom: 1px; overflow-x: visible; overflow-y: visible;&quot;
      &gt;
        &lt;ink-box
          style=&quot;flex-wrap: nowrap; flex-direction: row; flex-grow: 0; flex-shrink: 1; margin-right: 2px; overflow-x: visible; overflow-y: visible;&quot;
        &gt;
          &lt;ink-text
            style=&quot;flex-grow: 0; flex-shrink: 1; flex-direction: row; text-wrap: wrap;&quot;
          &gt;
            [
            1
            ] 
            記憶一覧
          &lt;/ink-text&gt;
        &lt;/ink-box&gt;
        &lt;ink-box
          style=&quot;flex-wrap: nowrap; flex-direction: row; flex-grow: 0; flex-shrink: 1; margin-right: 2px; overflow-x: visible; overflow-y: visible;&quot;
        &gt;
          &lt;ink-text
            style=&quot;flex-grow: 0; flex-shrink: 1; flex-direction: row; text-wrap: wrap;&quot;
          &gt;
            [
            2
            ] 
            シナプス結合
          &lt;/ink-text&gt;
        &lt;/ink-box&gt;
        &lt;ink-box
          style=&quot;flex-wrap: nowrap; flex-direction: row; flex-grow: 0; flex-shrink: 1; margin-right: 2px; overflow-x: visible; overflow-y: visible;&quot;
        &gt;
          &lt;ink-text
            style=&quot;flex-grow: 0; flex-shrink: 1; flex-direction: row; text-wrap: wrap;&quot;
          &gt;
            [
            3
            ] 
            ネットワーク診断
          &lt;/ink-text&gt;
        &lt;/ink-box&gt;
        &lt;ink-box
          style=&quot;flex-wrap: nowrap; flex-direction: row; flex-grow: 0; flex-shrink: 1; margin-right: 2px; overflow-x: visible; overflow-y: visible;&quot;
        &gt;
          &lt;ink-text
            style=&quot;flex-grow: 0; flex-shrink: 1; flex-direction: row; text-wrap: wrap;&quot;
          &gt;
            [
            4
            ] 
            設定
          &lt;/ink-text&gt;
        &lt;/ink-box&gt;
      &lt;/ink-box&gt;
      &lt;ink-box
        style=&quot;flex-wrap: nowrap; flex-direction: row; flex-grow: 1; flex-shrink: 1; overflow: hidden; overflow-x: hidden; overflow-y: hidden;&quot;
      &gt;
        &lt;ink-box
          style=&quot;flex-wrap: nowrap; flex-direction: column; flex-grow: 1; flex-shrink: 1; overflow-x: visible; overflow-y: visible;&quot;
        &gt;
          &lt;ink-box
            style=&quot;flex-wrap: nowrap; flex-direction: row; flex-grow: 0; flex-shrink: 1; margin-bottom: 1px; overflow-x: visible; overflow-y: visible;&quot;
          &gt;
            &lt;ink-text
              style=&quot;flex-grow: 0; flex-shrink: 1; flex-direction: row; text-wrap: wrap;&quot;
            &gt;
              記憶一覧 (
              3
              件)
            &lt;/ink-text&gt;
          &lt;/ink-box&gt;
          &lt;ink-box
            style=&quot;flex-wrap: nowrap; flex-direction: column; flex-grow: 0; flex-shrink: 0; width: 48px; overflow-x: visible; overflow-y: visible;&quot;
          &gt;
            &lt;ink-box
              style=&quot;flex-wrap: nowrap; flex-direction: row; flex-grow: 0; flex-shrink: 1; overflow-x: visible; overflow-y: visible;&quot;
            &gt;
              &lt;ink-text
                style=&quot;flex-grow: 0; flex-shrink: 1; flex-direction: row; text-wrap: wrap;&quot;
              &gt;
                ► 
              &lt;/ink-text&gt;
              &lt;ink-text
                style=&quot;flex-grow: 0; flex-shrink: 1; flex-direction: row; text-wrap: wrap;&quot;
              &gt;
                [
              &lt;/ink-text&gt;
              &lt;ink-text
                style=&quot;flex-grow: 0; flex-shrink: 1; flex-direction: row; text-wrap: wrap;&quot;
              &gt;
                mem-001
              &lt;/ink-text&gt;
              &lt;ink-text
                style=&quot;flex-grow: 0; flex-shrink: 1; flex-direction: row; text-wrap: wrap;&quot;
              &gt;
                ] 
              &lt;/ink-text&gt;
              &lt;ink-text
                style=&quot;flex-grow: 0; flex-shrink: 1; flex-direction: row; text-wrap: wrap;&quot;
              &gt;
                GPT-5プロンプトガイドの分析結果
              &lt;/ink-text&gt;
            &lt;/ink-box&gt;
            &lt;ink-box
              style=&quot;flex-wrap: nowrap; flex-direction: row; flex-grow: 0; flex-shrink: 1; overflow-x: visible; overflow-y: visible;&quot;
            &gt;
              &lt;ink-text
                style=&quot;flex-grow: 0; flex-shrink: 1; flex-direction: row; text-wrap: wrap;&quot;
              &gt;
                  
              &lt;/ink-text&gt;
              &lt;ink-text
                style=&quot;flex-grow: 0; flex-shrink: 1; flex-direction: row; text-wrap: wrap;&quot;
              &gt;
                [
              &lt;/ink-text&gt;
              &lt;ink-text
                style=&quot;flex-grow: 0; flex-shrink: 1; flex-direction: row; text-wrap: wrap;&quot;
              &gt;
                mem-002
              &lt;/ink-text&gt;
              &lt;ink-text
                style=&quot;flex-grow: 0; flex-shrink: 1; flex-direction: row; text-wrap: wrap;&quot;
              &gt;
                ] 
              &lt;/ink-text&gt;
              &lt;ink-text
                style=&quot;flex-grow: 0; flex-shrink: 1; flex-direction: row; text-wrap: wrap;&quot;
              &gt;
                シナプス記憶システムのPhase 2実装完了
              &lt;/ink-text&gt;
            &lt;/ink-box&gt;
            &lt;ink-box
              style=&quot;flex-wrap: nowrap; flex-direction: row; flex-grow: 0; flex-shrink: 1; overflow-x: visible; overflow-y: visible;&quot;
            &gt;
              &lt;ink-text
                style=&quot;flex-grow: 0; flex-shrink: 1; flex-direction: row; text-wrap: wrap;&quot;
              &gt;
                  
              &lt;/ink-text&gt;
              &lt;ink-text
                style=&quot;flex-grow: 0; flex-shrink: 1; flex-direction: row; text-wrap: wrap;&quot;
              &gt;
                [
              &lt;/ink-text&gt;
              &lt;ink-text
                style=&quot;flex-grow: 0; flex-shrink: 1; flex-direction: row; text-wrap: wrap;&quot;
              &gt;
                mem-003
              &lt;/ink-text&gt;
              &lt;ink-text
                style=&quot;flex-grow: 0; flex-shrink: 1; flex-direction: row; text-wrap: wrap;&quot;
              &gt;
                ] 
              &lt;/ink-text&gt;
              &lt;ink-text
                style=&quot;flex-grow: 0; flex-shrink: 1; flex-direction: row; text-wrap: wrap;&quot;
              &gt;
                RESTful API設計とエンドポイント定義
              &lt;/ink-text&gt;
            &lt;/ink-box&gt;
          &lt;/ink-box&gt;
          &lt;ink-box
            style=&quot;flex-wrap: nowrap; flex-direction: row; flex-grow: 0; flex-shrink: 1; margin-top: 1px; border-color: rgb(108, 112, 134); padding: 1px; overflow-x: visible; overflow-y: visible;&quot;
          &gt;
            &lt;ink-box
              style=&quot;flex-wrap: nowrap; flex-direction: column; flex-grow: 0; flex-shrink: 1; overflow-x: visible; overflow-y: visible;&quot;
            &gt;
              &lt;ink-text
                style=&quot;flex-grow: 0; flex-shrink: 1; flex-direction: row; text-wrap: wrap;&quot;
              &gt;
                詳細:
              &lt;/ink-text&gt;
              &lt;ink-text
                style=&quot;flex-grow: 0; flex-shrink: 1; flex-direction: row; text-wrap: wrap;&quot;
              &gt;
                ID: 
                mem-001
              &lt;/ink-text&gt;
              &lt;ink-text
                style=&quot;flex-grow: 0; flex-shrink: 1; flex-direction: row; text-wrap: wrap;&quot;
              &gt;
                アクセス数: 
                15
              &lt;/ink-text&gt;
              &lt;ink-text
                style=&quot;flex-grow: 0; flex-shrink: 1; flex-direction: row; text-wrap: wrap;&quot;
              &gt;
                成功率: 
                92.0
                %
              &lt;/ink-text&gt;
              &lt;ink-text
                style=&quot;flex-grow: 0; flex-shrink: 1; flex-direction: row; text-wrap: wrap;&quot;
              &gt;
                タグ: 
                gpt5, prompting, analysis
              &lt;/ink-text&gt;
            &lt;/ink-box&gt;
          &lt;/ink-box&gt;
        &lt;/ink-box&gt;
      &lt;/ink-box&gt;
      &lt;ink-box
        style=&quot;flex-wrap: nowrap; flex-direction: row; flex-grow: 0; flex-shrink: 1; margin-top: 1px; border-color: rgb(108, 112, 134); padding: 1px; overflow-x: visible; overflow-y: visible;&quot;
      &gt;
        &lt;ink-text
          style=&quot;flex-grow: 0; flex-shrink: 1; flex-direction: row; text-wrap: wrap;&quot;
        &gt;
          Tab: タブ切替 | ↑↓: 記憶選択 | q: 終了
        &lt;/ink-text&gt;
      &lt;/ink-box&gt;
    &lt;/ink-box&gt;
  &lt;/div&gt;
&lt;/body&gt;
 ❯ Object.getElementError node_modules/@testing-library/dom/dist/config.js:37:19
 ❯ node_modules/@testing-library/dom/dist/query-helpers.js:76:38
 ❯ node_modules/@testing-library/dom/dist/query-helpers.js:52:17
 ❯ node_modules/@testing-library/dom/dist/query-helpers.js:95:19
 ❯ src/ui/components/SynapticMemoryDashboard.test.tsx:196:19
            </failure>
        </testcase>
        <testcase classname="src/ui/components/SynapticMemoryDashboard.test.tsx" name="SynapticMemoryDashboard &gt; エラー状態が正しく表示されること" time="1.01407725">
            <failure message="Unable to find an element with the text: /Error:/. This could be because the text is broken up by multiple elements. In this case, you can provide a function for your text matcher to make your matcher more flexible.

Ignored nodes: comments, script, style
[36m&lt;body&gt;[39m
  [36m&lt;div&gt;[39m
    [36m&lt;ink-box[39m
      [33mstyle[39m=[32m&quot;flex-wrap: nowrap; flex-direction: column; flex-grow: 0; flex-shrink: 1; width: 52px; height: 20px; padding: 1px; overflow-x: visible; overflow-y: visible;&quot;[39m
    [36m&gt;[39m
      [36m&lt;ink-box[39m
        [33mstyle[39m=[32m&quot;flex-wrap: nowrap; flex-direction: row; flex-grow: 0; flex-shrink: 1; margin-bottom: 1px; overflow-x: visible; overflow-y: visible;&quot;[39m
      [36m&gt;[39m
        [36m&lt;ink-text[39m
          [33mstyle[39m=[32m&quot;flex-grow: 0; flex-shrink: 1; flex-direction: row; text-wrap: wrap;&quot;[39m
        [36m&gt;[39m
          [0mシナプス記憶システム ダッシュボード[0m
        [36m&lt;/ink-text&gt;[39m
      [36m&lt;/ink-box&gt;[39m
      [36m&lt;ink-box[39m
        [33mstyle[39m=[32m&quot;flex-wrap: nowrap; flex-direction: row; flex-grow: 0; flex-shrink: 1; margin-bottom: 1px; overflow-x: visible; overflow-y: visible;&quot;[39m
      [36m&gt;[39m
        [36m&lt;ink-box[39m
          [33mstyle[39m=[32m&quot;flex-wrap: nowrap; flex-direction: row; flex-grow: 0; flex-shrink: 1; margin-right: 2px; overflow-x: visible; overflow-y: visible;&quot;[39m
        [36m&gt;[39m
          [36m&lt;ink-text[39m
            [33mstyle[39m=[32m&quot;flex-grow: 0; flex-shrink: 1; flex-direction: row; text-wrap: wrap;&quot;[39m
          [36m&gt;[39m
            [0m[[0m
            [0m1[0m
            [0m] [0m
            [0m記憶一覧[0m
          [36m&lt;/ink-text&gt;[39m
        [36m&lt;/ink-box&gt;[39m
        [36m&lt;ink-box[39m
          [33mstyle[39m=[32m&quot;flex-wrap: nowrap; flex-direction: row; flex-grow: 0; flex-shrink: 1; margin-right: 2px; overflow-x: visible; overflow-y: visible;&quot;[39m
        [36m&gt;[39m
          [36m&lt;ink-text[39m
            [33mstyle[39m=[32m&quot;flex-grow: 0; flex-shrink: 1; flex-direction: row; text-wrap: wrap;&quot;[39m
          [36m&gt;[39m
            [0m[[0m
            [0m2[0m
            [0m] [0m
            [0mシナプス結合[0m
          [36m&lt;/ink-text&gt;[39m
        [36m&lt;/ink-box&gt;[39m
        [36m&lt;ink-box[39m
          [33mstyle[39m=[32m&quot;flex-wrap: nowrap; flex-direction: row; flex-grow: 0; flex-shrink: 1; margin-right: 2px; overflow-x: visible; overflow-y: visible;&quot;[39m
        [36m&gt;[39m
          [36m&lt;ink-text[39m
            [33mstyle[39m=[32m&quot;flex-grow: 0; flex-shrink: 1; flex-direction: row; text-wrap: wrap;&quot;[39m
          [36m&gt;[39m
            [0m[[0m
            [0m3[0m
            [0m] [0m
            [0mネットワーク診断[0m
          [36m&lt;/ink-text&gt;[39m
        [36m&lt;/ink-box&gt;[39m
        [36m&lt;ink-box[39m
          [33mstyle[39m=[32m&quot;flex-wrap: nowrap; flex-direction: row; flex-grow: 0; flex-shrink: 1; margin-right: 2px; overflow-x: visible; overflow-y: visible;&quot;[39m
        [36m&gt;[39m
          [36m&lt;ink-text[39m
            [33mstyle[39m=[32m&quot;flex-grow: 0; flex-shrink: 1; flex-direction: row; text-wrap: wrap;&quot;[39m
          [36m&gt;[39m
            [0m[[0m
            [0m4[0m
            [0m] [0m
            [0m設定[0m
          [36m&lt;/ink-text&gt;[39m
        [36m&lt;/ink-box&gt;[39m
      [36m&lt;/ink-box&gt;[39m
      [36m&lt;ink-box[39m
        [33mstyle[39m=[32m&quot;flex-wrap: nowrap; flex-direction: row; flex-grow: 1; flex-shrink: 1; overflow: hidden; overflow-x: hidden; overflow-y: hidden;&quot;[39m
      [36m&gt;[39m
        [36m&lt;ink-box[39m
          [33mstyle[39m=[32m&quot;flex-wrap: nowrap; flex-direction: column; flex-grow: 1; flex-shrink: 1; overflow-x: visible; overflow-y: visible;&quot;[39m
        [36m&gt;[39m
          [36m&lt;ink-box[39m
            [33mstyle[39m=[32m&quot;flex-wrap: nowrap; flex-direction: row; flex-grow: 0; flex-shrink: 1; margin-bottom: 1px; overflow-x: visible; overflow-y: visible;&quot;[39m
          [36m&gt;[39m
            [36m&lt;ink-text[39m
              [33mstyle[39m=[32m&quot;flex-grow: 0; flex-shrink: 1; flex-direction: row; text-wrap: wrap;&quot;[39m
            [36m&gt;[39m
              [0m記憶一覧 ([0m
              [0m3[0m
              [0m件)[0m
            [36m&lt;/ink-text&gt;[39m
          [36m&lt;/ink-box&gt;[39m
          [36m&lt;ink-box[39m
            [33mstyle[39m=[32m&quot;flex-wrap: nowrap; flex-direction: column; flex-grow: 0; flex-shrink: 0; width: 48px; overflow-x: visible; overflow-y: visible;&quot;[39m
          [36m&gt;[39m
            [36m&lt;ink-box[39m
              [33mstyle[39m=[32m&quot;flex-wrap: nowrap; flex-direction: row; flex-grow: 0; flex-shrink: 1; overflow-x: visible; overflow-y: visible;&quot;[39m
            [36m&gt;[39m
              [36m&lt;ink-text[39m
                [33mstyle[39m=[32m&quot;flex-grow: 0; flex-shrink: 1; flex-direction: row; text-wrap: wrap;&quot;[39m
              [36m&gt;[39m
                [0m► [0m
              [36m&lt;/ink-text&gt;[39m
              [36m&lt;ink-text[39m
                [33mstyle[39m=[32m&quot;flex-grow: 0; flex-shrink: 1; flex-direction: row; text-wrap: wrap;&quot;[39m
              [36m&gt;[39m
                [0m[[0m
              [36m&lt;/ink-text&gt;[39m
              [36m&lt;ink-text[39m
                [33mstyle[39m=[32m&quot;flex-grow: 0; flex-shrink: 1; flex-direction: row; text-wrap: wrap;&quot;[39m
              [36m&gt;[39m
                [0mmem-001[0m
              [36m&lt;/ink-text&gt;[39m
              [36m&lt;ink-text[39m
                [33mstyle[39m=[32m&quot;flex-grow: 0; flex-shrink: 1; flex-direction: row; text-wrap: wrap;&quot;[39m
              [36m&gt;[39m
                [0m] [0m
              [36m&lt;/ink-text&gt;[39m
              [36m&lt;ink-text[39m
                [33mstyle[39m=[32m&quot;flex-grow: 0; flex-shrink: 1; flex-direction: row; text-wrap: wrap;&quot;[39m
              [36m&gt;[39m
                [0mGPT-5プロンプトガイドの分析結果[0m
              [36m&lt;/ink-text&gt;[39m
            [36m&lt;/ink-box&gt;[39m
            [36m&lt;ink-box[39m
              [33mstyle[39m=[32m&quot;flex-wrap: nowrap; flex-direction: row; flex-grow: 0; flex-shrink: 1; overflow-x: visible; overflow-y: visible;&quot;[39m
            [36m&gt;[39m
              [36m&lt;ink-text[39m
                [33mstyle[39m=[32m&quot;flex-grow: 0; flex-shrink: 1; flex-direction: row; text-wrap: wrap;&quot;[39m
              [36m&gt;[39m
                [0m  [0m
              [36m&lt;/ink-text&gt;[39m
              [36m&lt;ink-text[39m
                [33mstyle[39m=[32m&quot;flex-grow: 0; flex-shrink: 1; flex-direction: row; text-wrap: wrap;&quot;[39m
              [36m&gt;[39m
                [0m[[0m
              [36m&lt;/ink-text&gt;[39m
              [36m&lt;ink-text[39m
                [33mstyle[39m=[32m&quot;flex-grow: 0; flex-shrink: 1; flex-direction: row; text-wrap: wrap;&quot;[39m
              [36m&gt;[39m
                [0mmem-002[0m
              [36m&lt;/ink-text&gt;[39m
              [36m&lt;ink-text[39m
                [33mstyle[39m=[32m&quot;flex-grow: 0; flex-shrink: 1; flex-direction: row; text-wrap: wrap;&quot;[39m
              [36m&gt;[39m
                [0m] [0m
              [36m&lt;/ink-text&gt;[39m
              [36m&lt;ink-text[39m
                [33mstyle[39m=[32m&quot;flex-grow: 0; flex-shrink: 1; flex-direction: row; text-wrap: wrap;&quot;[39m
              [36m&gt;[39m
                [0mシナプス記憶システムのPhase 2実装完了[0m
              [36m&lt;/ink-text&gt;[39m
            [36m&lt;/ink-box&gt;[39m
            [36m&lt;ink-box[39m
              [33mstyle[39m=[32m&quot;flex-wrap: nowrap; flex-direction: row; flex-grow: 0; flex-shrink: 1; overflow-x: visible; overflow-y: visible;&quot;[39m
            [36m&gt;[39m
              [36m&lt;ink-text[39m
                [33mstyle[39m=[32m&quot;flex-grow: 0; flex-shrink: 1; flex-direction: row; text-wrap: wrap;&quot;[39m
              [36m&gt;[39m
                [0m  [0m
              [36m&lt;/ink-text&gt;[39m
              [36m&lt;ink-text[39m
                [33mstyle[39m=[32m&quot;flex-grow: 0; flex-shrink: 1; flex-direction: row; text-wrap: wrap;&quot;[39m
              [36m&gt;[39m
                [0m[[0m
              [36m&lt;/ink-text&gt;[39m
              [36m&lt;ink-text[39m
                [33mstyle[39m=[32m&quot;flex-grow: 0; flex-shrink: 1; flex-direction: row; text-wrap: wrap;&quot;[39m
              [36m&gt;[39m
                [0mmem-003[0m
              [36m&lt;/ink-text&gt;[39m
              [36m&lt;ink-text[39m
                [33mstyle[39m=[32m&quot;flex-grow: 0; flex-shrink: 1; flex-direction: row; text-wrap: wrap;&quot;[39m
              [36m&gt;[39m
                [0m] [0m
              [36m&lt;/ink-text&gt;[39m
              [36m&lt;ink-text[39m
                [33mstyle[39m=[32m&quot;flex-grow: 0; flex-shrink: 1; flex-direction: row; text-wrap: wrap;&quot;[39m
              [36m&gt;[39m
                [0mRESTful API設計とエンドポイント定義[0m
              [36m&lt;/ink-text&gt;[39m
            [36m&lt;/ink-box&gt;[39m
          [36m&lt;/ink-box&gt;[39m
          [36m&lt;ink-box[39m
            [33mstyle[39m=[32m&quot;flex-wrap: nowrap; flex-direction: row; flex-grow: 0; flex-shrink: 1; margin-top: 1px; border-color: rgb(108, 112, 134); padding: 1px; overflow-x: visible; overflow-y: visible;&quot;[39m
          [36m&gt;[39m
            [36m&lt;ink-box[39m
              [33mstyle[39m=[32m&quot;flex-wrap: nowrap; flex-direction: column; flex-grow: 0; flex-shrink: 1; overflow-x: visible; overflow-y: visible;&quot;[39m
            [36m&gt;[39m
              [36m&lt;ink-text[39m
                [33mstyle[39m=[32m&quot;flex-grow: 0; flex-shrink: 1; flex-direction: row; text-wrap: wrap;&quot;[39m
              [36m&gt;[39m
                [0m詳細:[0m
              [36m&lt;/ink-text&gt;[39m
              [36m&lt;ink-text[39m
                [33mstyle[39m=[32m&quot;flex-grow: 0; flex-shrink: 1; flex-direction: row; text-wrap: wrap;&quot;[39m
              [36m&gt;[39m
                [0mID: [0m
                [0mmem-001[0m
              [36m&lt;/ink-text&gt;[39m
              [36m&lt;ink-text[39m
                [33mstyle[39m=[32m&quot;flex-grow: 0; flex-shrink: 1; flex-direction: row; text-wrap: wrap;&quot;[39m
              [36m&gt;[39m
                [0mアクセス数: [0m
                [0m15[0m
              [36m&lt;/ink-text&gt;[39m
              [36m&lt;ink-text[39m
                [33mstyle[39m=[32m&quot;flex-grow: 0; flex-shrink: 1; flex-direction: row; text-wrap: wrap;&quot;[39m
              [36m&gt;[39m
                [0m成功率: [0m
                [0m92.0[0m
                [0m%[0m
              [36m&lt;/ink-text&gt;[39m
              [36m&lt;ink-text[39m
                [33mstyle[39m=[32m&quot;flex-grow: 0; flex-shrink: 1; flex-direction: row; text-wrap: wrap;&quot;[39m
              [36m&gt;[39m
                [0mタグ: [0m
                [0mgpt5, prompting, analysis[0m
              [36m&lt;/ink-text&gt;[39m
            [36m&lt;/ink-box&gt;[39m
          [36m&lt;/ink-box&gt;[39m
        [36m&lt;/ink-box&gt;[39m
      [36m&lt;/ink-box&gt;[39m
      [36m&lt;ink-box[39m
        [33mstyle[39m=[32m&quot;flex-wrap: nowrap; flex-direction: row; flex-grow: 0; flex-shrink: 1; margin-top: 1px; border-color: rgb(108, 112, 134); padding: 1px; overflow-x: visible; overflow-y: visible;&quot;[39m
      [36m&gt;[39m
        [36m&lt;ink-text[39m
          [33mstyle[39m=[32m&quot;flex-grow: 0; flex-shrink: 1; flex-direction: row; text-wrap: wrap;&quot;[39m
        [36m&gt;[39m
          [0mTab: タブ切替 | ↑↓: 記憶選択 | q: 終了[0m
        [36m&lt;/ink-text&gt;[39m
      [36m&lt;/ink-box&gt;[39m
    [36m&lt;/ink-box&gt;[39m
  [36m&lt;/div&gt;[39m
[36m&lt;/body&gt;[39m

Ignored nodes: comments, script, style
[36m&lt;html&gt;[39m
  [36m&lt;head /&gt;[39m
  [36m&lt;body&gt;[39m
    [36m&lt;div&gt;[39m
      [36m&lt;ink-box[39m
        [33mstyle[39m=[32m&quot;flex-wrap: nowrap; flex-direction: column; flex-grow: 0; flex-shrink: 1; width: 52px; height: 20px; padding: 1px; overflow-x: visible; overflow-y: visible;&quot;[39m
      [36m&gt;[39m
        [36m&lt;ink-box[39m
          [33mstyle[39m=[32m&quot;flex-wrap: nowrap; flex-direction: row; flex-grow: 0; flex-shrink: 1; margin-bottom: 1px; overflow-x: visible; overflow-y: visible;&quot;[39m
        [36m&gt;[39m
          [36m&lt;ink-text[39m
            [33mstyle[39m=[32m&quot;flex-grow: 0; flex-shrink: 1; flex-direction: row; text-wrap: wrap;&quot;[39m
          [36m&gt;[39m
            [0mシナプス記憶システム ダッシュボード[0m
          [36m&lt;/ink-text&gt;[39m
        [36m&lt;/ink-box&gt;[39m
        [36m&lt;ink-box[39m
          [33mstyle[39m=[32m&quot;flex-wrap: nowrap; flex-direction: row; flex-grow: 0; flex-shrink: 1; margin-bottom: 1px; overflow-x: visible; overflow-y: visible;&quot;[39m
        [36m&gt;[39m
          [36m&lt;ink-box[39m
            [33mstyle[39m=[32m&quot;flex-wrap: nowrap; flex-direction: row; flex-grow: 0; flex-shrink: 1; margin-right: 2px; overflow-x: visible; overflow-y: visible;&quot;[39m
          [36m&gt;[39m
            [36m&lt;ink-text[39m
              [33mstyle[39m=[32m&quot;flex-grow: 0; flex-shrink: 1; flex-direction: row; text-wrap: wrap;&quot;[39m
            [36m&gt;[39m
              [0m[[0m
              [0m1[0m
              [0m] [0m
              [0m記憶一覧[0m
            [36m&lt;/ink-text&gt;[39m
          [36m&lt;/ink-box&gt;[39m
          [36m&lt;ink-box[39m
            [33mstyle[39m=[32m&quot;flex-wrap: nowrap; flex-direction: row; flex-grow: 0; flex-shrink: 1; margin-right: 2px; overflow-x: visible; overflow-y: visible;&quot;[39m
          [36m&gt;[39m
            [36m&lt;ink-text[39m
              [33mstyle[39m=[32m&quot;flex-grow: 0; flex-shrink: 1; flex-direction: row; text-wrap: wrap;&quot;[39m
            [36m&gt;[39m
              [0m[[0m
              [0m2[0m
              [0m] [0m
              [0mシナプス結合[0m
            [36m&lt;/ink-text&gt;[39m
          [36m&lt;/ink-box&gt;[39m
          [36m&lt;ink-box[39m
            [33mstyle[39m=[32m&quot;flex-wrap: nowrap; flex-direction: row; flex-grow: 0; flex-shrink: 1; margin-right: 2px; overflow-x: visible; overflow-y: visible;&quot;[39m
          [36m&gt;[39m
            [36m&lt;ink-text[39m
              [33mstyle[39m=[32m&quot;flex-grow: 0; flex-shrink: 1; flex-direction: row; text-wrap: wrap;&quot;[39m
            [36m&gt;[39m
              [0m[[0m
              [0m3[0m
              [0m] [0m
              [0mネットワーク診断[0m
            [36m&lt;/ink-text&gt;[39m
          [36m&lt;/ink-box&gt;[39m
          [36m&lt;ink-box[39m
            [33mstyle[39m=[32m&quot;flex-wrap: nowrap; flex-direction: row; flex-grow: 0; flex-shrink: 1; margin-right: 2px; overflow-x: visible; overflow-y: visible;&quot;[39m
          [36m&gt;[39m
            [36m&lt;ink-text[39m
              [33mstyle[39m=[32m&quot;flex-grow: 0; flex-shrink: 1; flex-direction: row; text-wrap: wrap;&quot;[39m
            [36m&gt;[39m
              [0m[[0m
              [0m4[0m
              [0m] [0m
              [0m設定[0m
            [36m&lt;/ink-text&gt;[39m
          [36m&lt;/ink-box&gt;[39m
        [36m&lt;/ink-box&gt;[39m
        [36m&lt;ink-box[39m
          [33mstyle[39m=[32m&quot;flex-wrap: nowrap; flex-direction: row; flex-grow: 1; flex-shrink: 1; overflow: hidden; overflow-x: hidden; overflow-y: hidden;&quot;[39m
        [36m&gt;[39m
          [36m&lt;ink-box[39m
            [33mstyle[39m=[32m&quot;flex-wrap: nowrap; flex-direction: column; flex-grow: 1; flex-shrink: 1; overflow-x: visible; overflow-y: visible;&quot;[39m
          [36m&gt;[39m
            [36m&lt;ink-box[39m
              [33mstyle[39m=[32m&quot;flex-wrap: nowrap; flex-direction: row; flex-grow: 0; flex-shrink: 1; margin-bottom: 1px; overflow-x: visible; overflow-y: visible;&quot;[39m
            [36m&gt;[39m
              [36m&lt;ink-text[39m
                [33mstyle[39m=[32m&quot;flex-grow: 0; flex-shrink: 1; flex-direction: row; text-wrap: wrap;&quot;[39m
              [36m&gt;[39m
                [0m記憶一覧 ([0m
                [0m3[0m
                [0m件)[0m
              [36m&lt;/ink-text&gt;[39m
            [36m&lt;/ink-box&gt;[39m
            [36m&lt;ink-box[39m
              [33mstyle[39m=[32m&quot;flex-wrap: nowrap; flex-direction: column; flex-grow: 0; flex-shrink: 0; width: 48px; overflow-x: visible; overflow-y: visible;&quot;[39m
            [36m&gt;[39m
              [36m&lt;ink-box[39m
                [33mstyle[39m=[32m&quot;flex-wrap: nowrap; flex-direction: row; flex-grow: 0; flex-shrink: 1; overflow-x: visible; overflow-y: visible;&quot;[39m
              [36m&gt;[39m
                [36m&lt;ink-text[39m
                  [33mstyle[39m=[32m&quot;flex-grow: 0; flex-shrink: 1; flex-direction: row; text-wrap: wrap;&quot;[39m
                [36m&gt;[39m
                  [0m► [0m
                [36m&lt;/ink-text&gt;[39m
                [36m&lt;ink-text[39m
                  [33mstyle[39m=[32m&quot;flex-grow: 0; flex-shrink: 1; flex-direction: row; text-wrap: wrap;&quot;[39m
                [36m&gt;[39m
                  [0m[[0m
                [36m&lt;/ink-text&gt;[39m
                [36m&lt;ink-text[39m
                  [33mstyle[39m=[32m&quot;flex-grow: 0; flex-shrink: 1; flex-direction: row; text-wrap: wrap;&quot;[39m
                [36m&gt;[39m
                  [0mmem-001[0m
                [36m&lt;/ink-text&gt;[39m
                [36m&lt;ink-text[39m
                  [33mstyle[39m=[32m&quot;flex-grow: 0; flex-shrink: 1; flex-direction: row; text-wrap: wrap;&quot;[39m
                [36m&gt;[39m
                  [0m] [0m
                [36m&lt;/ink-text&gt;[39m
                [36m&lt;ink-text[39m
                  [33mstyle[39m=[32m&quot;flex-grow: 0; flex-shrink: 1; flex-direction: row; text-wrap: wrap;&quot;[39m
                [36m&gt;[39m
                  [0mGPT-5プロンプトガイドの分析結果[0m
                [36m&lt;/ink-text&gt;[39m
              [36m&lt;/ink-box&gt;[39m
              [36m&lt;ink-box[39m
                [33mstyle[39m=[32m&quot;flex-wrap: nowrap; flex-direction: row; flex-grow: 0; flex-shrink: 1; overflow-x: visible; overflow-y: visible;&quot;[39m
              [36m&gt;[39m
                [36m&lt;ink-text[39m
                  [33mstyle[39m=[32m&quot;flex-grow: 0; flex-shrink: 1; flex-direction: row; text-wrap: wrap;&quot;[39m
                [36m&gt;[39m
                  [0m  [0m
                [36m&lt;/ink-text&gt;[39m
                [36m&lt;ink-text[39m
                  [33mstyle[39m=[32m&quot;flex-grow: 0; flex-shrink: 1; flex-direction: row; text-wrap: wrap;&quot;[39m
                [36m&gt;[39m
                  [0m[[0m
                [36m&lt;/ink-text&gt;[39m
                [36m&lt;ink-text[39m
                  [33mstyle[39m=[32m&quot;flex-grow: 0; flex-shrink: 1; flex-direction: row; text-wrap: wrap;&quot;[39m
                [36m&gt;[39m
                  [0mmem-002[0m
                [36m&lt;/ink-text&gt;[39m
                [36m&lt;ink-text[39m
                  [33mstyle[39m=[32m&quot;flex-grow: 0; flex-shrink: 1; flex-direction: row; text-wrap: wrap;&quot;[39m
                [36m&gt;[39m
                  [0m] [0m
                [36m&lt;/ink-text&gt;[39m
                [36m&lt;ink-text[39m
                  [33mstyle[39m=[32m&quot;flex-grow: 0; flex-shrink: 1; flex-direction: row; text-wrap: wrap;&quot;[39m
                [36m&gt;[39m
                  [0mシナプス記憶システムのPhase 2実装完了[0m
                [36m&lt;/ink-text&gt;[39m
              [36m&lt;/ink-box&gt;[39m
              [36m&lt;ink-box[39m
                [33mstyle[39m=[32m&quot;flex-wrap: nowrap; flex-direction: row; flex-grow: 0; flex-shrink: 1; overflow-x: visible; overflow-y: visible;&quot;[39m
              [36m&gt;[39m
                [36m&lt;ink-text[39m
                  [33mstyle[39m=[32m&quot;flex-grow: 0; flex-shrink: 1; flex-direction: row; text-wrap: wrap;&quot;[39m
                [36m&gt;[39m
                  [0m  [0m
                [36m&lt;/ink-text&gt;[39m
                [36m&lt;ink-text[39m
                  [33mstyle[39m=[32m&quot;flex-grow: 0; flex-shrink: 1; flex-direction: row; text-wrap: wrap;&quot;[39m
                [36m&gt;[39m
                  [0m[[0m
                [36m&lt;/ink-text&gt;[39m
                [36m&lt;ink-text[39m
                  [33mstyle[39m=[32m&quot;flex-grow: 0; flex-shrink: 1; flex-direction: row; text-wrap: wrap;&quot;[39m
                [36m&gt;[39m
                  [0mmem-003[0m
                [36m&lt;/ink-text&gt;[39m
                [36m&lt;ink-text[39m
                  [33mstyle[39m=[32m&quot;flex-grow: 0; flex-shrink: 1; flex-direction: row; text-wrap: wrap;&quot;[39m
                [36m&gt;[39m
                  [0m] [0m
                [36m&lt;/ink-text&gt;[39m
                [36m&lt;ink-text[39m
                  [33mstyle[39m=[32m&quot;flex-grow: 0; flex-shrink: 1; flex-direction: row; text-wrap: wrap;&quot;[39m
                [36m&gt;[39m
                  [0mRESTful API設計とエンドポイント定義[0m
                [36m&lt;/ink-text&gt;[39m
              [36m&lt;/ink-box&gt;[39m
            [36m&lt;/ink-box&gt;[39m
            [36m&lt;ink-box[39m
              [33mstyle[39m=[32m&quot;flex-wrap: nowrap; flex-direction: row; flex-grow: 0; flex-shrink: 1; margin-top: 1px; border-color: rgb(108, 112, 134); padding: 1px; overflow-x: visible; overflow-y: visible;&quot;[39m
            [36m&gt;[39m
              [36m&lt;ink-box[39m
                [33mstyle[39m=[32m&quot;flex-wrap: nowrap; flex-direction: column; flex-grow: 0; flex-shrink: 1; overflow-x: visible; overflow-y: visible;&quot;[39m
              [36m&gt;[39m
                [36m&lt;ink-text[39m
                  [33mstyle[39m=[32m&quot;flex-grow: 0; flex-shrink: 1; flex-direction: row; text-wrap: wrap;&quot;[39m
                [36m&gt;[39m
                  [0m詳細:[0m
                [36m&lt;/ink-text&gt;[39m
                [36m&lt;ink-text[39m
                  [33mstyle[39m=[32m&quot;flex-grow: 0; flex-shrink: 1; flex-direction: row; text-wrap: wrap;&quot;[39m
                [36m&gt;[39m
                  [0mID: [0m
                  [0mmem-001[0m
                [36m&lt;/ink-text&gt;[39m
                [36m&lt;ink-text[39m
                  [33mstyle[39m=[32m&quot;flex-grow: 0; flex-shrink: 1; flex-direction: row; text-wrap: wrap;&quot;[39m
                [36m&gt;[39m
                  [0mアクセス数: [0m
                  [0m15[0m
                [36m&lt;/ink-text&gt;[39m
                [36m&lt;ink-text[39m
                  [33mstyle[39m=[32m&quot;flex-grow: 0; flex-shrink: 1; flex-direction: row; text-wrap: wrap;&quot;[39m
                [36m&gt;[39m
                  [0m成功率: [0m
                  [0m92.0[0m
                  [0m%[0m
                [36m&lt;/ink-text&gt;[39m
                [36m&lt;ink-text[39m
                  [33mstyle[39m=[32m&quot;flex-grow: 0; flex-shrink: 1; flex-direction: row; text-wrap: wrap;&quot;[39m
                [36m&gt;[39m
                  [0mタグ: [0m
                  [0mgpt5, prompting, analysis[0m
                [36m&lt;/ink-text&gt;[39m
              [36m&lt;/ink-box&gt;[39m
            [36m&lt;/ink-box&gt;[39m
          [36m&lt;/ink-box&gt;[39m
        [36m&lt;/ink-box&gt;[39m
        [36m&lt;ink-box[39m
          [33mstyle[39m=[32m&quot;flex-wrap: nowrap; flex-direction: row; flex-grow: 0; flex-shrink: 1; margin-top: 1px; border-color: rgb(108, 112, 134); padding: 1px; overflow-x: visible; overflow-y: visible;&quot;[39m
        [36m&gt;[39m
          [36m&lt;ink-text[39m
            [33mstyle[39m=[32m&quot;flex-grow: 0; flex-shrink: 1; flex-direction: row; text-wrap: wrap;&quot;[39m
          [36m&gt;[39m
            [0mTab: タブ切替 | ↑↓: 記憶選択 | q: 終了[0m
          [36m&lt;/ink-text&gt;[39m
        [36m&lt;/ink-box&gt;[39m
      [36m&lt;/ink-box&gt;[39m
    [36m&lt;/div&gt;[39m
  [36m&lt;/body&gt;[39m
[36m&lt;/html&gt;[39m" type="TestingLibraryElementError">
TestingLibraryElementError: Unable to find an element with the text: /Error:/. This could be because the text is broken up by multiple elements. In this case, you can provide a function for your text matcher to make your matcher more flexible.

Ignored nodes: comments, script, style
&lt;body&gt;
  &lt;div&gt;
    &lt;ink-box
      style=&quot;flex-wrap: nowrap; flex-direction: column; flex-grow: 0; flex-shrink: 1; width: 52px; height: 20px; padding: 1px; overflow-x: visible; overflow-y: visible;&quot;
    &gt;
      &lt;ink-box
        style=&quot;flex-wrap: nowrap; flex-direction: row; flex-grow: 0; flex-shrink: 1; margin-bottom: 1px; overflow-x: visible; overflow-y: visible;&quot;
      &gt;
        &lt;ink-text
          style=&quot;flex-grow: 0; flex-shrink: 1; flex-direction: row; text-wrap: wrap;&quot;
        &gt;
          シナプス記憶システム ダッシュボード
        &lt;/ink-text&gt;
      &lt;/ink-box&gt;
      &lt;ink-box
        style=&quot;flex-wrap: nowrap; flex-direction: row; flex-grow: 0; flex-shrink: 1; margin-bottom: 1px; overflow-x: visible; overflow-y: visible;&quot;
      &gt;
        &lt;ink-box
          style=&quot;flex-wrap: nowrap; flex-direction: row; flex-grow: 0; flex-shrink: 1; margin-right: 2px; overflow-x: visible; overflow-y: visible;&quot;
        &gt;
          &lt;ink-text
            style=&quot;flex-grow: 0; flex-shrink: 1; flex-direction: row; text-wrap: wrap;&quot;
          &gt;
            [
            1
            ] 
            記憶一覧
          &lt;/ink-text&gt;
        &lt;/ink-box&gt;
        &lt;ink-box
          style=&quot;flex-wrap: nowrap; flex-direction: row; flex-grow: 0; flex-shrink: 1; margin-right: 2px; overflow-x: visible; overflow-y: visible;&quot;
        &gt;
          &lt;ink-text
            style=&quot;flex-grow: 0; flex-shrink: 1; flex-direction: row; text-wrap: wrap;&quot;
          &gt;
            [
            2
            ] 
            シナプス結合
          &lt;/ink-text&gt;
        &lt;/ink-box&gt;
        &lt;ink-box
          style=&quot;flex-wrap: nowrap; flex-direction: row; flex-grow: 0; flex-shrink: 1; margin-right: 2px; overflow-x: visible; overflow-y: visible;&quot;
        &gt;
          &lt;ink-text
            style=&quot;flex-grow: 0; flex-shrink: 1; flex-direction: row; text-wrap: wrap;&quot;
          &gt;
            [
            3
            ] 
            ネットワーク診断
          &lt;/ink-text&gt;
        &lt;/ink-box&gt;
        &lt;ink-box
          style=&quot;flex-wrap: nowrap; flex-direction: row; flex-grow: 0; flex-shrink: 1; margin-right: 2px; overflow-x: visible; overflow-y: visible;&quot;
        &gt;
          &lt;ink-text
            style=&quot;flex-grow: 0; flex-shrink: 1; flex-direction: row; text-wrap: wrap;&quot;
          &gt;
            [
            4
            ] 
            設定
          &lt;/ink-text&gt;
        &lt;/ink-box&gt;
      &lt;/ink-box&gt;
      &lt;ink-box
        style=&quot;flex-wrap: nowrap; flex-direction: row; flex-grow: 1; flex-shrink: 1; overflow: hidden; overflow-x: hidden; overflow-y: hidden;&quot;
      &gt;
        &lt;ink-box
          style=&quot;flex-wrap: nowrap; flex-direction: column; flex-grow: 1; flex-shrink: 1; overflow-x: visible; overflow-y: visible;&quot;
        &gt;
          &lt;ink-box
            style=&quot;flex-wrap: nowrap; flex-direction: row; flex-grow: 0; flex-shrink: 1; margin-bottom: 1px; overflow-x: visible; overflow-y: visible;&quot;
          &gt;
            &lt;ink-text
              style=&quot;flex-grow: 0; flex-shrink: 1; flex-direction: row; text-wrap: wrap;&quot;
            &gt;
              記憶一覧 (
              3
              件)
            &lt;/ink-text&gt;
          &lt;/ink-box&gt;
          &lt;ink-box
            style=&quot;flex-wrap: nowrap; flex-direction: column; flex-grow: 0; flex-shrink: 0; width: 48px; overflow-x: visible; overflow-y: visible;&quot;
          &gt;
            &lt;ink-box
              style=&quot;flex-wrap: nowrap; flex-direction: row; flex-grow: 0; flex-shrink: 1; overflow-x: visible; overflow-y: visible;&quot;
            &gt;
              &lt;ink-text
                style=&quot;flex-grow: 0; flex-shrink: 1; flex-direction: row; text-wrap: wrap;&quot;
              &gt;
                ► 
              &lt;/ink-text&gt;
              &lt;ink-text
                style=&quot;flex-grow: 0; flex-shrink: 1; flex-direction: row; text-wrap: wrap;&quot;
              &gt;
                [
              &lt;/ink-text&gt;
              &lt;ink-text
                style=&quot;flex-grow: 0; flex-shrink: 1; flex-direction: row; text-wrap: wrap;&quot;
              &gt;
                mem-001
              &lt;/ink-text&gt;
              &lt;ink-text
                style=&quot;flex-grow: 0; flex-shrink: 1; flex-direction: row; text-wrap: wrap;&quot;
              &gt;
                ] 
              &lt;/ink-text&gt;
              &lt;ink-text
                style=&quot;flex-grow: 0; flex-shrink: 1; flex-direction: row; text-wrap: wrap;&quot;
              &gt;
                GPT-5プロンプトガイドの分析結果
              &lt;/ink-text&gt;
            &lt;/ink-box&gt;
            &lt;ink-box
              style=&quot;flex-wrap: nowrap; flex-direction: row; flex-grow: 0; flex-shrink: 1; overflow-x: visible; overflow-y: visible;&quot;
            &gt;
              &lt;ink-text
                style=&quot;flex-grow: 0; flex-shrink: 1; flex-direction: row; text-wrap: wrap;&quot;
              &gt;
                  
              &lt;/ink-text&gt;
              &lt;ink-text
                style=&quot;flex-grow: 0; flex-shrink: 1; flex-direction: row; text-wrap: wrap;&quot;
              &gt;
                [
              &lt;/ink-text&gt;
              &lt;ink-text
                style=&quot;flex-grow: 0; flex-shrink: 1; flex-direction: row; text-wrap: wrap;&quot;
              &gt;
                mem-002
              &lt;/ink-text&gt;
              &lt;ink-text
                style=&quot;flex-grow: 0; flex-shrink: 1; flex-direction: row; text-wrap: wrap;&quot;
              &gt;
                ] 
              &lt;/ink-text&gt;
              &lt;ink-text
                style=&quot;flex-grow: 0; flex-shrink: 1; flex-direction: row; text-wrap: wrap;&quot;
              &gt;
                シナプス記憶システムのPhase 2実装完了
              &lt;/ink-text&gt;
            &lt;/ink-box&gt;
            &lt;ink-box
              style=&quot;flex-wrap: nowrap; flex-direction: row; flex-grow: 0; flex-shrink: 1; overflow-x: visible; overflow-y: visible;&quot;
            &gt;
              &lt;ink-text
                style=&quot;flex-grow: 0; flex-shrink: 1; flex-direction: row; text-wrap: wrap;&quot;
              &gt;
                  
              &lt;/ink-text&gt;
              &lt;ink-text
                style=&quot;flex-grow: 0; flex-shrink: 1; flex-direction: row; text-wrap: wrap;&quot;
              &gt;
                [
              &lt;/ink-text&gt;
              &lt;ink-text
                style=&quot;flex-grow: 0; flex-shrink: 1; flex-direction: row; text-wrap: wrap;&quot;
              &gt;
                mem-003
              &lt;/ink-text&gt;
              &lt;ink-text
                style=&quot;flex-grow: 0; flex-shrink: 1; flex-direction: row; text-wrap: wrap;&quot;
              &gt;
                ] 
              &lt;/ink-text&gt;
              &lt;ink-text
                style=&quot;flex-grow: 0; flex-shrink: 1; flex-direction: row; text-wrap: wrap;&quot;
              &gt;
                RESTful API設計とエンドポイント定義
              &lt;/ink-text&gt;
            &lt;/ink-box&gt;
          &lt;/ink-box&gt;
          &lt;ink-box
            style=&quot;flex-wrap: nowrap; flex-direction: row; flex-grow: 0; flex-shrink: 1; margin-top: 1px; border-color: rgb(108, 112, 134); padding: 1px; overflow-x: visible; overflow-y: visible;&quot;
          &gt;
            &lt;ink-box
              style=&quot;flex-wrap: nowrap; flex-direction: column; flex-grow: 0; flex-shrink: 1; overflow-x: visible; overflow-y: visible;&quot;
            &gt;
              &lt;ink-text
                style=&quot;flex-grow: 0; flex-shrink: 1; flex-direction: row; text-wrap: wrap;&quot;
              &gt;
                詳細:
              &lt;/ink-text&gt;
              &lt;ink-text
                style=&quot;flex-grow: 0; flex-shrink: 1; flex-direction: row; text-wrap: wrap;&quot;
              &gt;
                ID: 
                mem-001
              &lt;/ink-text&gt;
              &lt;ink-text
                style=&quot;flex-grow: 0; flex-shrink: 1; flex-direction: row; text-wrap: wrap;&quot;
              &gt;
                アクセス数: 
                15
              &lt;/ink-text&gt;
              &lt;ink-text
                style=&quot;flex-grow: 0; flex-shrink: 1; flex-direction: row; text-wrap: wrap;&quot;
              &gt;
                成功率: 
                92.0
                %
              &lt;/ink-text&gt;
              &lt;ink-text
                style=&quot;flex-grow: 0; flex-shrink: 1; flex-direction: row; text-wrap: wrap;&quot;
              &gt;
                タグ: 
                gpt5, prompting, analysis
              &lt;/ink-text&gt;
            &lt;/ink-box&gt;
          &lt;/ink-box&gt;
        &lt;/ink-box&gt;
      &lt;/ink-box&gt;
      &lt;ink-box
        style=&quot;flex-wrap: nowrap; flex-direction: row; flex-grow: 0; flex-shrink: 1; margin-top: 1px; border-color: rgb(108, 112, 134); padding: 1px; overflow-x: visible; overflow-y: visible;&quot;
      &gt;
        &lt;ink-text
          style=&quot;flex-grow: 0; flex-shrink: 1; flex-direction: row; text-wrap: wrap;&quot;
        &gt;
          Tab: タブ切替 | ↑↓: 記憶選択 | q: 終了
        &lt;/ink-text&gt;
      &lt;/ink-box&gt;
    &lt;/ink-box&gt;
  &lt;/div&gt;
&lt;/body&gt;

Ignored nodes: comments, script, style
&lt;html&gt;
  &lt;head /&gt;
  &lt;body&gt;
    &lt;div&gt;
      &lt;ink-box
        style=&quot;flex-wrap: nowrap; flex-direction: column; flex-grow: 0; flex-shrink: 1; width: 52px; height: 20px; padding: 1px; overflow-x: visible; overflow-y: visible;&quot;
      &gt;
        &lt;ink-box
          style=&quot;flex-wrap: nowrap; flex-direction: row; flex-grow: 0; flex-shrink: 1; margin-bottom: 1px; overflow-x: visible; overflow-y: visible;&quot;
        &gt;
          &lt;ink-text
            style=&quot;flex-grow: 0; flex-shrink: 1; flex-direction: row; text-wrap: wrap;&quot;
          &gt;
            シナプス記憶システム ダッシュボード
          &lt;/ink-text&gt;
        &lt;/ink-box&gt;
        &lt;ink-box
          style=&quot;flex-wrap: nowrap; flex-direction: row; flex-grow: 0; flex-shrink: 1; margin-bottom: 1px; overflow-x: visible; overflow-y: visible;&quot;
        &gt;
          &lt;ink-box
            style=&quot;flex-wrap: nowrap; flex-direction: row; flex-grow: 0; flex-shrink: 1; margin-right: 2px; overflow-x: visible; overflow-y: visible;&quot;
          &gt;
            &lt;ink-text
              style=&quot;flex-grow: 0; flex-shrink: 1; flex-direction: row; text-wrap: wrap;&quot;
            &gt;
              [
              1
              ] 
              記憶一覧
            &lt;/ink-text&gt;
          &lt;/ink-box&gt;
          &lt;ink-box
            style=&quot;flex-wrap: nowrap; flex-direction: row; flex-grow: 0; flex-shrink: 1; margin-right: 2px; overflow-x: visible; overflow-y: visible;&quot;
          &gt;
            &lt;ink-text
              style=&quot;flex-grow: 0; flex-shrink: 1; flex-direction: row; text-wrap: wrap;&quot;
            &gt;
              [
              2
              ] 
              シナプス結合
            &lt;/ink-text&gt;
          &lt;/ink-box&gt;
          &lt;ink-box
            style=&quot;flex-wrap: nowrap; flex-direction: row; flex-grow: 0; flex-shrink: 1; margin-right: 2px; overflow-x: visible; overflow-y: visible;&quot;
          &gt;
            &lt;ink-text
              style=&quot;flex-grow: 0; flex-shrink: 1; flex-direction: row; text-wrap: wrap;&quot;
            &gt;
              [
              3
              ] 
              ネットワーク診断
            &lt;/ink-text&gt;
          &lt;/ink-box&gt;
          &lt;ink-box
            style=&quot;flex-wrap: nowrap; flex-direction: row; flex-grow: 0; flex-shrink: 1; margin-right: 2px; overflow-x: visible; overflow-y: visible;&quot;
          &gt;
            &lt;ink-text
              style=&quot;flex-grow: 0; flex-shrink: 1; flex-direction: row; text-wrap: wrap;&quot;
            &gt;
              [
              4
              ] 
              設定
            &lt;/ink-text&gt;
          &lt;/ink-box&gt;
        &lt;/ink-box&gt;
        &lt;ink-box
          style=&quot;flex-wrap: nowrap; flex-direction: row; flex-grow: 1; flex-shrink: 1; overflow: hidden; overflow-x: hidden; overflow-y: hidden;&quot;
        &gt;
          &lt;ink-box
            style=&quot;flex-wrap: nowrap; flex-direction: column; flex-grow: 1; flex-shrink: 1; overflow-x: visible; overflow-y: visible;&quot;
          &gt;
            &lt;ink-box
              style=&quot;flex-wrap: nowrap; flex-direction: row; flex-grow: 0; flex-shrink: 1; margin-bottom: 1px; overflow-x: visible; overflow-y: visible;&quot;
            &gt;
              &lt;ink-text
                style=&quot;flex-grow: 0; flex-shrink: 1; flex-direction: row; text-wrap: wrap;&quot;
              &gt;
                記憶一覧 (
                3
                件)
              &lt;/ink-text&gt;
            &lt;/ink-box&gt;
            &lt;ink-box
              style=&quot;flex-wrap: nowrap; flex-direction: column; flex-grow: 0; flex-shrink: 0; width: 48px; overflow-x: visible; overflow-y: visible;&quot;
            &gt;
              &lt;ink-box
                style=&quot;flex-wrap: nowrap; flex-direction: row; flex-grow: 0; flex-shrink: 1; overflow-x: visible; overflow-y: visible;&quot;
              &gt;
                &lt;ink-text
                  style=&quot;flex-grow: 0; flex-shrink: 1; flex-direction: row; text-wrap: wrap;&quot;
                &gt;
                  ► 
                &lt;/ink-text&gt;
                &lt;ink-text
                  style=&quot;flex-grow: 0; flex-shrink: 1; flex-direction: row; text-wrap: wrap;&quot;
                &gt;
                  [
                &lt;/ink-text&gt;
                &lt;ink-text
                  style=&quot;flex-grow: 0; flex-shrink: 1; flex-direction: row; text-wrap: wrap;&quot;
                &gt;
                  mem-001
                &lt;/ink-text&gt;
                &lt;ink-text
                  style=&quot;flex-grow: 0; flex-shrink: 1; flex-direction: row; text-wrap: wrap;&quot;
                &gt;
                  ] 
                &lt;/ink-text&gt;
                &lt;ink-text
                  style=&quot;flex-grow: 0; flex-shrink: 1; flex-direction: row; text-wrap: wrap;&quot;
                &gt;
                  GPT-5プロンプトガイドの分析結果
                &lt;/ink-text&gt;
              &lt;/ink-box&gt;
              &lt;ink-box
                style=&quot;flex-wrap: nowrap; flex-direction: row; flex-grow: 0; flex-shrink: 1; overflow-x: visible; overflow-y: visible;&quot;
              &gt;
                &lt;ink-text
                  style=&quot;flex-grow: 0; flex-shrink: 1; flex-direction: row; text-wrap: wrap;&quot;
                &gt;
                    
                &lt;/ink-text&gt;
                &lt;ink-text
                  style=&quot;flex-grow: 0; flex-shrink: 1; flex-direction: row; text-wrap: wrap;&quot;
                &gt;
                  [
                &lt;/ink-text&gt;
                &lt;ink-text
                  style=&quot;flex-grow: 0; flex-shrink: 1; flex-direction: row; text-wrap: wrap;&quot;
                &gt;
                  mem-002
                &lt;/ink-text&gt;
                &lt;ink-text
                  style=&quot;flex-grow: 0; flex-shrink: 1; flex-direction: row; text-wrap: wrap;&quot;
                &gt;
                  ] 
                &lt;/ink-text&gt;
                &lt;ink-text
                  style=&quot;flex-grow: 0; flex-shrink: 1; flex-direction: row; text-wrap: wrap;&quot;
                &gt;
                  シナプス記憶システムのPhase 2実装完了
                &lt;/ink-text&gt;
              &lt;/ink-box&gt;
              &lt;ink-box
                style=&quot;flex-wrap: nowrap; flex-direction: row; flex-grow: 0; flex-shrink: 1; overflow-x: visible; overflow-y: visible;&quot;
              &gt;
                &lt;ink-text
                  style=&quot;flex-grow: 0; flex-shrink: 1; flex-direction: row; text-wrap: wrap;&quot;
                &gt;
                    
                &lt;/ink-text&gt;
                &lt;ink-text
                  style=&quot;flex-grow: 0; flex-shrink: 1; flex-direction: row; text-wrap: wrap;&quot;
                &gt;
                  [
                &lt;/ink-text&gt;
                &lt;ink-text
                  style=&quot;flex-grow: 0; flex-shrink: 1; flex-direction: row; text-wrap: wrap;&quot;
                &gt;
                  mem-003
                &lt;/ink-text&gt;
                &lt;ink-text
                  style=&quot;flex-grow: 0; flex-shrink: 1; flex-direction: row; text-wrap: wrap;&quot;
                &gt;
                  ] 
                &lt;/ink-text&gt;
                &lt;ink-text
                  style=&quot;flex-grow: 0; flex-shrink: 1; flex-direction: row; text-wrap: wrap;&quot;
                &gt;
                  RESTful API設計とエンドポイント定義
                &lt;/ink-text&gt;
              &lt;/ink-box&gt;
            &lt;/ink-box&gt;
            &lt;ink-box
              style=&quot;flex-wrap: nowrap; flex-direction: row; flex-grow: 0; flex-shrink: 1; margin-top: 1px; border-color: rgb(108, 112, 134); padding: 1px; overflow-x: visible; overflow-y: visible;&quot;
            &gt;
              &lt;ink-box
                style=&quot;flex-wrap: nowrap; flex-direction: column; flex-grow: 0; flex-shrink: 1; overflow-x: visible; overflow-y: visible;&quot;
              &gt;
                &lt;ink-text
                  style=&quot;flex-grow: 0; flex-shrink: 1; flex-direction: row; text-wrap: wrap;&quot;
                &gt;
                  詳細:
                &lt;/ink-text&gt;
                &lt;ink-text
                  style=&quot;flex-grow: 0; flex-shrink: 1; flex-direction: row; text-wrap: wrap;&quot;
                &gt;
                  ID: 
                  mem-001
                &lt;/ink-text&gt;
                &lt;ink-text
                  style=&quot;flex-grow: 0; flex-shrink: 1; flex-direction: row; text-wrap: wrap;&quot;
                &gt;
                  アクセス数: 
                  15
                &lt;/ink-text&gt;
                &lt;ink-text
                  style=&quot;flex-grow: 0; flex-shrink: 1; flex-direction: row; text-wrap: wrap;&quot;
                &gt;
                  成功率: 
                  92.0
                  %
                &lt;/ink-text&gt;
                &lt;ink-text
                  style=&quot;flex-grow: 0; flex-shrink: 1; flex-direction: row; text-wrap: wrap;&quot;
                &gt;
                  タグ: 
                  gpt5, prompting, analysis
                &lt;/ink-text&gt;
              &lt;/ink-box&gt;
            &lt;/ink-box&gt;
          &lt;/ink-box&gt;
        &lt;/ink-box&gt;
        &lt;ink-box
          style=&quot;flex-wrap: nowrap; flex-direction: row; flex-grow: 0; flex-shrink: 1; margin-top: 1px; border-color: rgb(108, 112, 134); padding: 1px; overflow-x: visible; overflow-y: visible;&quot;
        &gt;
          &lt;ink-text
            style=&quot;flex-grow: 0; flex-shrink: 1; flex-direction: row; text-wrap: wrap;&quot;
          &gt;
            Tab: タブ切替 | ↑↓: 記憶選択 | q: 終了
          &lt;/ink-text&gt;
        &lt;/ink-box&gt;
      &lt;/ink-box&gt;
    &lt;/div&gt;
  &lt;/body&gt;
&lt;/html&gt;
 ❯ Proxy.waitForWrapper node_modules/@testing-library/dom/dist/wait-for.js:163:27
 ❯ src/ui/components/SynapticMemoryDashboard.test.tsx:218:11
            </failure>
        </testcase>
        <testcase classname="src/ui/components/SynapticMemoryDashboard.test.tsx" name="SynapticMemoryDashboard &gt; ローディング状態が正しく表示されること" time="1.013292626">
            <failure message="Unable to find an element with the text: Loading.... This could be because the text is broken up by multiple elements. In this case, you can provide a function for your text matcher to make your matcher more flexible.

Ignored nodes: comments, script, style
[36m&lt;body&gt;[39m
  [36m&lt;div&gt;[39m
    [36m&lt;ink-box[39m
      [33mstyle[39m=[32m&quot;flex-wrap: nowrap; flex-direction: column; flex-grow: 0; flex-shrink: 1; width: 52px; height: 20px; padding: 1px; overflow-x: visible; overflow-y: visible;&quot;[39m
    [36m&gt;[39m
      [36m&lt;ink-box[39m
        [33mstyle[39m=[32m&quot;flex-wrap: nowrap; flex-direction: row; flex-grow: 0; flex-shrink: 1; margin-bottom: 1px; overflow-x: visible; overflow-y: visible;&quot;[39m
      [36m&gt;[39m
        [36m&lt;ink-text[39m
          [33mstyle[39m=[32m&quot;flex-grow: 0; flex-shrink: 1; flex-direction: row; text-wrap: wrap;&quot;[39m
        [36m&gt;[39m
          [0mシナプス記憶システム ダッシュボード[0m
        [36m&lt;/ink-text&gt;[39m
      [36m&lt;/ink-box&gt;[39m
      [36m&lt;ink-box[39m
        [33mstyle[39m=[32m&quot;flex-wrap: nowrap; flex-direction: row; flex-grow: 0; flex-shrink: 1; margin-bottom: 1px; overflow-x: visible; overflow-y: visible;&quot;[39m
      [36m&gt;[39m
        [36m&lt;ink-box[39m
          [33mstyle[39m=[32m&quot;flex-wrap: nowrap; flex-direction: row; flex-grow: 0; flex-shrink: 1; margin-right: 2px; overflow-x: visible; overflow-y: visible;&quot;[39m
        [36m&gt;[39m
          [36m&lt;ink-text[39m
            [33mstyle[39m=[32m&quot;flex-grow: 0; flex-shrink: 1; flex-direction: row; text-wrap: wrap;&quot;[39m
          [36m&gt;[39m
            [0m[[0m
            [0m1[0m
            [0m] [0m
            [0m記憶一覧[0m
          [36m&lt;/ink-text&gt;[39m
        [36m&lt;/ink-box&gt;[39m
        [36m&lt;ink-box[39m
          [33mstyle[39m=[32m&quot;flex-wrap: nowrap; flex-direction: row; flex-grow: 0; flex-shrink: 1; margin-right: 2px; overflow-x: visible; overflow-y: visible;&quot;[39m
        [36m&gt;[39m
          [36m&lt;ink-text[39m
            [33mstyle[39m=[32m&quot;flex-grow: 0; flex-shrink: 1; flex-direction: row; text-wrap: wrap;&quot;[39m
          [36m&gt;[39m
            [0m[[0m
            [0m2[0m
            [0m] [0m
            [0mシナプス結合[0m
          [36m&lt;/ink-text&gt;[39m
        [36m&lt;/ink-box&gt;[39m
        [36m&lt;ink-box[39m
          [33mstyle[39m=[32m&quot;flex-wrap: nowrap; flex-direction: row; flex-grow: 0; flex-shrink: 1; margin-right: 2px; overflow-x: visible; overflow-y: visible;&quot;[39m
        [36m&gt;[39m
          [36m&lt;ink-text[39m
            [33mstyle[39m=[32m&quot;flex-grow: 0; flex-shrink: 1; flex-direction: row; text-wrap: wrap;&quot;[39m
          [36m&gt;[39m
            [0m[[0m
            [0m3[0m
            [0m] [0m
            [0mネットワーク診断[0m
          [36m&lt;/ink-text&gt;[39m
        [36m&lt;/ink-box&gt;[39m
        [36m&lt;ink-box[39m
          [33mstyle[39m=[32m&quot;flex-wrap: nowrap; flex-direction: row; flex-grow: 0; flex-shrink: 1; margin-right: 2px; overflow-x: visible; overflow-y: visible;&quot;[39m
        [36m&gt;[39m
          [36m&lt;ink-text[39m
            [33mstyle[39m=[32m&quot;flex-grow: 0; flex-shrink: 1; flex-direction: row; text-wrap: wrap;&quot;[39m
          [36m&gt;[39m
            [0m[[0m
            [0m4[0m
            [0m] [0m
            [0m設定[0m
          [36m&lt;/ink-text&gt;[39m
        [36m&lt;/ink-box&gt;[39m
      [36m&lt;/ink-box&gt;[39m
      [36m&lt;ink-box[39m
        [33mstyle[39m=[32m&quot;flex-wrap: nowrap; flex-direction: row; flex-grow: 1; flex-shrink: 1; overflow: hidden; overflow-x: hidden; overflow-y: hidden;&quot;[39m
      [36m&gt;[39m
        [36m&lt;ink-box[39m
          [33mstyle[39m=[32m&quot;flex-wrap: nowrap; flex-direction: column; flex-grow: 1; flex-shrink: 1; overflow-x: visible; overflow-y: visible;&quot;[39m
        [36m&gt;[39m
          [36m&lt;ink-box[39m
            [33mstyle[39m=[32m&quot;flex-wrap: nowrap; flex-direction: row; flex-grow: 0; flex-shrink: 1; margin-bottom: 1px; overflow-x: visible; overflow-y: visible;&quot;[39m
          [36m&gt;[39m
            [36m&lt;ink-text[39m
              [33mstyle[39m=[32m&quot;flex-grow: 0; flex-shrink: 1; flex-direction: row; text-wrap: wrap;&quot;[39m
            [36m&gt;[39m
              [0m記憶一覧 ([0m
              [0m3[0m
              [0m件)[0m
            [36m&lt;/ink-text&gt;[39m
          [36m&lt;/ink-box&gt;[39m
          [36m&lt;ink-box[39m
            [33mstyle[39m=[32m&quot;flex-wrap: nowrap; flex-direction: column; flex-grow: 0; flex-shrink: 0; width: 48px; overflow-x: visible; overflow-y: visible;&quot;[39m
          [36m&gt;[39m
            [36m&lt;ink-box[39m
              [33mstyle[39m=[32m&quot;flex-wrap: nowrap; flex-direction: row; flex-grow: 0; flex-shrink: 1; overflow-x: visible; overflow-y: visible;&quot;[39m
            [36m&gt;[39m
              [36m&lt;ink-text[39m
                [33mstyle[39m=[32m&quot;flex-grow: 0; flex-shrink: 1; flex-direction: row; text-wrap: wrap;&quot;[39m
              [36m&gt;[39m
                [0m► [0m
              [36m&lt;/ink-text&gt;[39m
              [36m&lt;ink-text[39m
                [33mstyle[39m=[32m&quot;flex-grow: 0; flex-shrink: 1; flex-direction: row; text-wrap: wrap;&quot;[39m
              [36m&gt;[39m
                [0m[[0m
              [36m&lt;/ink-text&gt;[39m
              [36m&lt;ink-text[39m
                [33mstyle[39m=[32m&quot;flex-grow: 0; flex-shrink: 1; flex-direction: row; text-wrap: wrap;&quot;[39m
              [36m&gt;[39m
                [0mmem-001[0m
              [36m&lt;/ink-text&gt;[39m
              [36m&lt;ink-text[39m
                [33mstyle[39m=[32m&quot;flex-grow: 0; flex-shrink: 1; flex-direction: row; text-wrap: wrap;&quot;[39m
              [36m&gt;[39m
                [0m] [0m
              [36m&lt;/ink-text&gt;[39m
              [36m&lt;ink-text[39m
                [33mstyle[39m=[32m&quot;flex-grow: 0; flex-shrink: 1; flex-direction: row; text-wrap: wrap;&quot;[39m
              [36m&gt;[39m
                [0mGPT-5プロンプトガイドの分析結果[0m
              [36m&lt;/ink-text&gt;[39m
            [36m&lt;/ink-box&gt;[39m
            [36m&lt;ink-box[39m
              [33mstyle[39m=[32m&quot;flex-wrap: nowrap; flex-direction: row; flex-grow: 0; flex-shrink: 1; overflow-x: visible; overflow-y: visible;&quot;[39m
            [36m&gt;[39m
              [36m&lt;ink-text[39m
                [33mstyle[39m=[32m&quot;flex-grow: 0; flex-shrink: 1; flex-direction: row; text-wrap: wrap;&quot;[39m
              [36m&gt;[39m
                [0m  [0m
              [36m&lt;/ink-text&gt;[39m
              [36m&lt;ink-text[39m
                [33mstyle[39m=[32m&quot;flex-grow: 0; flex-shrink: 1; flex-direction: row; text-wrap: wrap;&quot;[39m
              [36m&gt;[39m
                [0m[[0m
              [36m&lt;/ink-text&gt;[39m
              [36m&lt;ink-text[39m
                [33mstyle[39m=[32m&quot;flex-grow: 0; flex-shrink: 1; flex-direction: row; text-wrap: wrap;&quot;[39m
              [36m&gt;[39m
                [0mmem-002[0m
              [36m&lt;/ink-text&gt;[39m
              [36m&lt;ink-text[39m
                [33mstyle[39m=[32m&quot;flex-grow: 0; flex-shrink: 1; flex-direction: row; text-wrap: wrap;&quot;[39m
              [36m&gt;[39m
                [0m] [0m
              [36m&lt;/ink-text&gt;[39m
              [36m&lt;ink-text[39m
                [33mstyle[39m=[32m&quot;flex-grow: 0; flex-shrink: 1; flex-direction: row; text-wrap: wrap;&quot;[39m
              [36m&gt;[39m
                [0mシナプス記憶システムのPhase 2実装完了[0m
              [36m&lt;/ink-text&gt;[39m
            [36m&lt;/ink-box&gt;[39m
            [36m&lt;ink-box[39m
              [33mstyle[39m=[32m&quot;flex-wrap: nowrap; flex-direction: row; flex-grow: 0; flex-shrink: 1; overflow-x: visible; overflow-y: visible;&quot;[39m
            [36m&gt;[39m
              [36m&lt;ink-text[39m
                [33mstyle[39m=[32m&quot;flex-grow: 0; flex-shrink: 1; flex-direction: row; text-wrap: wrap;&quot;[39m
              [36m&gt;[39m
                [0m  [0m
              [36m&lt;/ink-text&gt;[39m
              [36m&lt;ink-text[39m
                [33mstyle[39m=[32m&quot;flex-grow: 0; flex-shrink: 1; flex-direction: row; text-wrap: wrap;&quot;[39m
              [36m&gt;[39m
                [0m[[0m
              [36m&lt;/ink-text&gt;[39m
              [36m&lt;ink-text[39m
                [33mstyle[39m=[32m&quot;flex-grow: 0; flex-shrink: 1; flex-direction: row; text-wrap: wrap;&quot;[39m
              [36m&gt;[39m
                [0mmem-003[0m
              [36m&lt;/ink-text&gt;[39m
              [36m&lt;ink-text[39m
                [33mstyle[39m=[32m&quot;flex-grow: 0; flex-shrink: 1; flex-direction: row; text-wrap: wrap;&quot;[39m
              [36m&gt;[39m
                [0m] [0m
              [36m&lt;/ink-text&gt;[39m
              [36m&lt;ink-text[39m
                [33mstyle[39m=[32m&quot;flex-grow: 0; flex-shrink: 1; flex-direction: row; text-wrap: wrap;&quot;[39m
              [36m&gt;[39m
                [0mRESTful API設計とエンドポイント定義[0m
              [36m&lt;/ink-text&gt;[39m
            [36m&lt;/ink-box&gt;[39m
          [36m&lt;/ink-box&gt;[39m
          [36m&lt;ink-box[39m
            [33mstyle[39m=[32m&quot;flex-wrap: nowrap; flex-direction: row; flex-grow: 0; flex-shrink: 1; margin-top: 1px; border-color: rgb(108, 112, 134); padding: 1px; overflow-x: visible; overflow-y: visible;&quot;[39m
          [36m&gt;[39m
            [36m&lt;ink-box[39m
              [33mstyle[39m=[32m&quot;flex-wrap: nowrap; flex-direction: column; flex-grow: 0; flex-shrink: 1; overflow-x: visible; overflow-y: visible;&quot;[39m
            [36m&gt;[39m
              [36m&lt;ink-text[39m
                [33mstyle[39m=[32m&quot;flex-grow: 0; flex-shrink: 1; flex-direction: row; text-wrap: wrap;&quot;[39m
              [36m&gt;[39m
                [0m詳細:[0m
              [36m&lt;/ink-text&gt;[39m
              [36m&lt;ink-text[39m
                [33mstyle[39m=[32m&quot;flex-grow: 0; flex-shrink: 1; flex-direction: row; text-wrap: wrap;&quot;[39m
              [36m&gt;[39m
                [0mID: [0m
                [0mmem-001[0m
              [36m&lt;/ink-text&gt;[39m
              [36m&lt;ink-text[39m
                [33mstyle[39m=[32m&quot;flex-grow: 0; flex-shrink: 1; flex-direction: row; text-wrap: wrap;&quot;[39m
              [36m&gt;[39m
                [0mアクセス数: [0m
                [0m15[0m
              [36m&lt;/ink-text&gt;[39m
              [36m&lt;ink-text[39m
                [33mstyle[39m=[32m&quot;flex-grow: 0; flex-shrink: 1; flex-direction: row; text-wrap: wrap;&quot;[39m
              [36m&gt;[39m
                [0m成功率: [0m
                [0m92.0[0m
                [0m%[0m
              [36m&lt;/ink-text&gt;[39m
              [36m&lt;ink-text[39m
                [33mstyle[39m=[32m&quot;flex-grow: 0; flex-shrink: 1; flex-direction: row; text-wrap: wrap;&quot;[39m
              [36m&gt;[39m
                [0mタグ: [0m
                [0mgpt5, prompting, analysis[0m
              [36m&lt;/ink-text&gt;[39m
            [36m&lt;/ink-box&gt;[39m
          [36m&lt;/ink-box&gt;[39m
        [36m&lt;/ink-box&gt;[39m
      [36m&lt;/ink-box&gt;[39m
      [36m&lt;ink-box[39m
        [33mstyle[39m=[32m&quot;flex-wrap: nowrap; flex-direction: row; flex-grow: 0; flex-shrink: 1; margin-top: 1px; border-color: rgb(108, 112, 134); padding: 1px; overflow-x: visible; overflow-y: visible;&quot;[39m
      [36m&gt;[39m
        [36m&lt;ink-text[39m
          [33mstyle[39m=[32m&quot;flex-grow: 0; flex-shrink: 1; flex-direction: row; text-wrap: wrap;&quot;[39m
        [36m&gt;[39m
          [0mTab: タブ切替 | ↑↓: 記憶選択 | q: 終了[0m
        [36m&lt;/ink-text&gt;[39m
      [36m&lt;/ink-box&gt;[39m
    [36m&lt;/ink-box&gt;[39m
  [36m&lt;/div&gt;[39m
[36m&lt;/body&gt;[39m

Ignored nodes: comments, script, style
[36m&lt;html&gt;[39m
  [36m&lt;head /&gt;[39m
  [36m&lt;body&gt;[39m
    [36m&lt;div&gt;[39m
      [36m&lt;ink-box[39m
        [33mstyle[39m=[32m&quot;flex-wrap: nowrap; flex-direction: column; flex-grow: 0; flex-shrink: 1; width: 52px; height: 20px; padding: 1px; overflow-x: visible; overflow-y: visible;&quot;[39m
      [36m&gt;[39m
        [36m&lt;ink-box[39m
          [33mstyle[39m=[32m&quot;flex-wrap: nowrap; flex-direction: row; flex-grow: 0; flex-shrink: 1; margin-bottom: 1px; overflow-x: visible; overflow-y: visible;&quot;[39m
        [36m&gt;[39m
          [36m&lt;ink-text[39m
            [33mstyle[39m=[32m&quot;flex-grow: 0; flex-shrink: 1; flex-direction: row; text-wrap: wrap;&quot;[39m
          [36m&gt;[39m
            [0mシナプス記憶システム ダッシュボード[0m
          [36m&lt;/ink-text&gt;[39m
        [36m&lt;/ink-box&gt;[39m
        [36m&lt;ink-box[39m
          [33mstyle[39m=[32m&quot;flex-wrap: nowrap; flex-direction: row; flex-grow: 0; flex-shrink: 1; margin-bottom: 1px; overflow-x: visible; overflow-y: visible;&quot;[39m
        [36m&gt;[39m
          [36m&lt;ink-box[39m
            [33mstyle[39m=[32m&quot;flex-wrap: nowrap; flex-direction: row; flex-grow: 0; flex-shrink: 1; margin-right: 2px; overflow-x: visible; overflow-y: visible;&quot;[39m
          [36m&gt;[39m
            [36m&lt;ink-text[39m
              [33mstyle[39m=[32m&quot;flex-grow: 0; flex-shrink: 1; flex-direction: row; text-wrap: wrap;&quot;[39m
            [36m&gt;[39m
              [0m[[0m
              [0m1[0m
              [0m] [0m
              [0m記憶一覧[0m
            [36m&lt;/ink-text&gt;[39m
          [36m&lt;/ink-box&gt;[39m
          [36m&lt;ink-box[39m
            [33mstyle[39m=[32m&quot;flex-wrap: nowrap; flex-direction: row; flex-grow: 0; flex-shrink: 1; margin-right: 2px; overflow-x: visible; overflow-y: visible;&quot;[39m
          [36m&gt;[39m
            [36m&lt;ink-text[39m
              [33mstyle[39m=[32m&quot;flex-grow: 0; flex-shrink: 1; flex-direction: row; text-wrap: wrap;&quot;[39m
            [36m&gt;[39m
              [0m[[0m
              [0m2[0m
              [0m] [0m
              [0mシナプス結合[0m
            [36m&lt;/ink-text&gt;[39m
          [36m&lt;/ink-box&gt;[39m
          [36m&lt;ink-box[39m
            [33mstyle[39m=[32m&quot;flex-wrap: nowrap; flex-direction: row; flex-grow: 0; flex-shrink: 1; margin-right: 2px; overflow-x: visible; overflow-y: visible;&quot;[39m
          [36m&gt;[39m
            [36m&lt;ink-text[39m
              [33mstyle[39m=[32m&quot;flex-grow: 0; flex-shrink: 1; flex-direction: row; text-wrap: wrap;&quot;[39m
            [36m&gt;[39m
              [0m[[0m
              [0m3[0m
              [0m] [0m
              [0mネットワーク診断[0m
            [36m&lt;/ink-text&gt;[39m
          [36m&lt;/ink-box&gt;[39m
          [36m&lt;ink-box[39m
            [33mstyle[39m=[32m&quot;flex-wrap: nowrap; flex-direction: row; flex-grow: 0; flex-shrink: 1; margin-right: 2px; overflow-x: visible; overflow-y: visible;&quot;[39m
          [36m&gt;[39m
            [36m&lt;ink-text[39m
              [33mstyle[39m=[32m&quot;flex-grow: 0; flex-shrink: 1; flex-direction: row; text-wrap: wrap;&quot;[39m
            [36m&gt;[39m
              [0m[[0m
              [0m4[0m
              [0m] [0m
              [0m設定[0m
            [36m&lt;/ink-text&gt;[39m
          [36m&lt;/ink-box&gt;[39m
        [36m&lt;/ink-box&gt;[39m
        [36m&lt;ink-box[39m
          [33mstyle[39m=[32m&quot;flex-wrap: nowrap; flex-direction: row; flex-grow: 1; flex-shrink: 1; overflow: hidden; overflow-x: hidden; overflow-y: hidden;&quot;[39m
        [36m&gt;[39m
          [36m&lt;ink-box[39m
            [33mstyle[39m=[32m&quot;flex-wrap: nowrap; flex-direction: column; flex-grow: 1; flex-shrink: 1; overflow-x: visible; overflow-y: visible;&quot;[39m
          [36m&gt;[39m
            [36m&lt;ink-box[39m
              [33mstyle[39m=[32m&quot;flex-wrap: nowrap; flex-direction: row; flex-grow: 0; flex-shrink: 1; margin-bottom: 1px; overflow-x: visible; overflow-y: visible;&quot;[39m
            [36m&gt;[39m
              [36m&lt;ink-text[39m
                [33mstyle[39m=[32m&quot;flex-grow: 0; flex-shrink: 1; flex-direction: row; text-wrap: wrap;&quot;[39m
              [36m&gt;[39m
                [0m記憶一覧 ([0m
                [0m3[0m
                [0m件)[0m
              [36m&lt;/ink-text&gt;[39m
            [36m&lt;/ink-box&gt;[39m
            [36m&lt;ink-box[39m
              [33mstyle[39m=[32m&quot;flex-wrap: nowrap; flex-direction: column; flex-grow: 0; flex-shrink: 0; width: 48px; overflow-x: visible; overflow-y: visible;&quot;[39m
            [36m&gt;[39m
              [36m&lt;ink-box[39m
                [33mstyle[39m=[32m&quot;flex-wrap: nowrap; flex-direction: row; flex-grow: 0; flex-shrink: 1; overflow-x: visible; overflow-y: visible;&quot;[39m
              [36m&gt;[39m
                [36m&lt;ink-text[39m
                  [33mstyle[39m=[32m&quot;flex-grow: 0; flex-shrink: 1; flex-direction: row; text-wrap: wrap;&quot;[39m
                [36m&gt;[39m
                  [0m► [0m
                [36m&lt;/ink-text&gt;[39m
                [36m&lt;ink-text[39m
                  [33mstyle[39m=[32m&quot;flex-grow: 0; flex-shrink: 1; flex-direction: row; text-wrap: wrap;&quot;[39m
                [36m&gt;[39m
                  [0m[[0m
                [36m&lt;/ink-text&gt;[39m
                [36m&lt;ink-text[39m
                  [33mstyle[39m=[32m&quot;flex-grow: 0; flex-shrink: 1; flex-direction: row; text-wrap: wrap;&quot;[39m
                [36m&gt;[39m
                  [0mmem-001[0m
                [36m&lt;/ink-text&gt;[39m
                [36m&lt;ink-text[39m
                  [33mstyle[39m=[32m&quot;flex-grow: 0; flex-shrink: 1; flex-direction: row; text-wrap: wrap;&quot;[39m
                [36m&gt;[39m
                  [0m] [0m
                [36m&lt;/ink-text&gt;[39m
                [36m&lt;ink-text[39m
                  [33mstyle[39m=[32m&quot;flex-grow: 0; flex-shrink: 1; flex-direction: row; text-wrap: wrap;&quot;[39m
                [36m&gt;[39m
                  [0mGPT-5プロンプトガイドの分析結果[0m
                [36m&lt;/ink-text&gt;[39m
              [36m&lt;/ink-box&gt;[39m
              [36m&lt;ink-box[39m
                [33mstyle[39m=[32m&quot;flex-wrap: nowrap; flex-direction: row; flex-grow: 0; flex-shrink: 1; overflow-x: visible; overflow-y: visible;&quot;[39m
              [36m&gt;[39m
                [36m&lt;ink-text[39m
                  [33mstyle[39m=[32m&quot;flex-grow: 0; flex-shrink: 1; flex-direction: row; text-wrap: wrap;&quot;[39m
                [36m&gt;[39m
                  [0m  [0m
                [36m&lt;/ink-text&gt;[39m
                [36m&lt;ink-text[39m
                  [33mstyle[39m=[32m&quot;flex-grow: 0; flex-shrink: 1; flex-direction: row; text-wrap: wrap;&quot;[39m
                [36m&gt;[39m
                  [0m[[0m
                [36m&lt;/ink-text&gt;[39m
                [36m&lt;ink-text[39m
                  [33mstyle[39m=[32m&quot;flex-grow: 0; flex-shrink: 1; flex-direction: row; text-wrap: wrap;&quot;[39m
                [36m&gt;[39m
                  [0mmem-002[0m
                [36m&lt;/ink-text&gt;[39m
                [36m&lt;ink-text[39m
                  [33mstyle[39m=[32m&quot;flex-grow: 0; flex-shrink: 1; flex-direction: row; text-wrap: wrap;&quot;[39m
                [36m&gt;[39m
                  [0m] [0m
                [36m&lt;/ink-text&gt;[39m
                [36m&lt;ink-text[39m
                  [33mstyle[39m=[32m&quot;flex-grow: 0; flex-shrink: 1; flex-direction: row; text-wrap: wrap;&quot;[39m
                [36m&gt;[39m
                  [0mシナプス記憶システムのPhase 2実装完了[0m
                [36m&lt;/ink-text&gt;[39m
              [36m&lt;/ink-box&gt;[39m
              [36m&lt;ink-box[39m
                [33mstyle[39m=[32m&quot;flex-wrap: nowrap; flex-direction: row; flex-grow: 0; flex-shrink: 1; overflow-x: visible; overflow-y: visible;&quot;[39m
              [36m&gt;[39m
                [36m&lt;ink-text[39m
                  [33mstyle[39m=[32m&quot;flex-grow: 0; flex-shrink: 1; flex-direction: row; text-wrap: wrap;&quot;[39m
                [36m&gt;[39m
                  [0m  [0m
                [36m&lt;/ink-text&gt;[39m
                [36m&lt;ink-text[39m
                  [33mstyle[39m=[32m&quot;flex-grow: 0; flex-shrink: 1; flex-direction: row; text-wrap: wrap;&quot;[39m
                [36m&gt;[39m
                  [0m[[0m
                [36m&lt;/ink-text&gt;[39m
                [36m&lt;ink-text[39m
                  [33mstyle[39m=[32m&quot;flex-grow: 0; flex-shrink: 1; flex-direction: row; text-wrap: wrap;&quot;[39m
                [36m&gt;[39m
                  [0mmem-003[0m
                [36m&lt;/ink-text&gt;[39m
                [36m&lt;ink-text[39m
                  [33mstyle[39m=[32m&quot;flex-grow: 0; flex-shrink: 1; flex-direction: row; text-wrap: wrap;&quot;[39m
                [36m&gt;[39m
                  [0m] [0m
                [36m&lt;/ink-text&gt;[39m
                [36m&lt;ink-text[39m
                  [33mstyle[39m=[32m&quot;flex-grow: 0; flex-shrink: 1; flex-direction: row; text-wrap: wrap;&quot;[39m
                [36m&gt;[39m
                  [0mRESTful API設計とエンドポイント定義[0m
                [36m&lt;/ink-text&gt;[39m
              [36m&lt;/ink-box&gt;[39m
            [36m&lt;/ink-box&gt;[39m
            [36m&lt;ink-box[39m
              [33mstyle[39m=[32m&quot;flex-wrap: nowrap; flex-direction: row; flex-grow: 0; flex-shrink: 1; margin-top: 1px; border-color: rgb(108, 112, 134); padding: 1px; overflow-x: visible; overflow-y: visible;&quot;[39m
            [36m&gt;[39m
              [36m&lt;ink-box[39m
                [33mstyle[39m=[32m&quot;flex-wrap: nowrap; flex-direction: column; flex-grow: 0; flex-shrink: 1; overflow-x: visible; overflow-y: visible;&quot;[39m
              [36m&gt;[39m
                [36m&lt;ink-text[39m
                  [33mstyle[39m=[32m&quot;flex-grow: 0; flex-shrink: 1; flex-direction: row; text-wrap: wrap;&quot;[39m
                [36m&gt;[39m
                  [0m詳細:[0m
                [36m&lt;/ink-text&gt;[39m
                [36m&lt;ink-text[39m
                  [33mstyle[39m=[32m&quot;flex-grow: 0; flex-shrink: 1; flex-direction: row; text-wrap: wrap;&quot;[39m
                [36m&gt;[39m
                  [0mID: [0m
                  [0mmem-001[0m
                [36m&lt;/ink-text&gt;[39m
                [36m&lt;ink-text[39m
                  [33mstyle[39m=[32m&quot;flex-grow: 0; flex-shrink: 1; flex-direction: row; text-wrap: wrap;&quot;[39m
                [36m&gt;[39m
                  [0mアクセス数: [0m
                  [0m15[0m
                [36m&lt;/ink-text&gt;[39m
                [36m&lt;ink-text[39m
                  [33mstyle[39m=[32m&quot;flex-grow: 0; flex-shrink: 1; flex-direction: row; text-wrap: wrap;&quot;[39m
                [36m&gt;[39m
                  [0m成功率: [0m
                  [0m92.0[0m
                  [0m%[0m
                [36m&lt;/ink-text&gt;[39m
                [36m&lt;ink-text[39m
                  [33mstyle[39m=[32m&quot;flex-grow: 0; flex-shrink: 1; flex-direction: row; text-wrap: wrap;&quot;[39m
                [36m&gt;[39m
                  [0mタグ: [0m
                  [0mgpt5, prompting, analysis[0m
                [36m&lt;/ink-text&gt;[39m
              [36m&lt;/ink-box&gt;[39m
            [36m&lt;/ink-box&gt;[39m
          [36m&lt;/ink-box&gt;[39m
        [36m&lt;/ink-box&gt;[39m
        [36m&lt;ink-box[39m
          [33mstyle[39m=[32m&quot;flex-wrap: nowrap; flex-direction: row; flex-grow: 0; flex-shrink: 1; margin-top: 1px; border-color: rgb(108, 112, 134); padding: 1px; overflow-x: visible; overflow-y: visible;&quot;[39m
        [36m&gt;[39m
          [36m&lt;ink-text[39m
            [33mstyle[39m=[32m&quot;flex-grow: 0; flex-shrink: 1; flex-direction: row; text-wrap: wrap;&quot;[39m
          [36m&gt;[39m
            [0mTab: タブ切替 | ↑↓: 記憶選択 | q: 終了[0m
          [36m&lt;/ink-text&gt;[39m
        [36m&lt;/ink-box&gt;[39m
      [36m&lt;/ink-box&gt;[39m
    [36m&lt;/div&gt;[39m
  [36m&lt;/body&gt;[39m
[36m&lt;/html&gt;[39m" type="TestingLibraryElementError">
TestingLibraryElementError: Unable to find an element with the text: Loading.... This could be because the text is broken up by multiple elements. In this case, you can provide a function for your text matcher to make your matcher more flexible.

Ignored nodes: comments, script, style
&lt;body&gt;
  &lt;div&gt;
    &lt;ink-box
      style=&quot;flex-wrap: nowrap; flex-direction: column; flex-grow: 0; flex-shrink: 1; width: 52px; height: 20px; padding: 1px; overflow-x: visible; overflow-y: visible;&quot;
    &gt;
      &lt;ink-box
        style=&quot;flex-wrap: nowrap; flex-direction: row; flex-grow: 0; flex-shrink: 1; margin-bottom: 1px; overflow-x: visible; overflow-y: visible;&quot;
      &gt;
        &lt;ink-text
          style=&quot;flex-grow: 0; flex-shrink: 1; flex-direction: row; text-wrap: wrap;&quot;
        &gt;
          シナプス記憶システム ダッシュボード
        &lt;/ink-text&gt;
      &lt;/ink-box&gt;
      &lt;ink-box
        style=&quot;flex-wrap: nowrap; flex-direction: row; flex-grow: 0; flex-shrink: 1; margin-bottom: 1px; overflow-x: visible; overflow-y: visible;&quot;
      &gt;
        &lt;ink-box
          style=&quot;flex-wrap: nowrap; flex-direction: row; flex-grow: 0; flex-shrink: 1; margin-right: 2px; overflow-x: visible; overflow-y: visible;&quot;
        &gt;
          &lt;ink-text
            style=&quot;flex-grow: 0; flex-shrink: 1; flex-direction: row; text-wrap: wrap;&quot;
          &gt;
            [
            1
            ] 
            記憶一覧
          &lt;/ink-text&gt;
        &lt;/ink-box&gt;
        &lt;ink-box
          style=&quot;flex-wrap: nowrap; flex-direction: row; flex-grow: 0; flex-shrink: 1; margin-right: 2px; overflow-x: visible; overflow-y: visible;&quot;
        &gt;
          &lt;ink-text
            style=&quot;flex-grow: 0; flex-shrink: 1; flex-direction: row; text-wrap: wrap;&quot;
          &gt;
            [
            2
            ] 
            シナプス結合
          &lt;/ink-text&gt;
        &lt;/ink-box&gt;
        &lt;ink-box
          style=&quot;flex-wrap: nowrap; flex-direction: row; flex-grow: 0; flex-shrink: 1; margin-right: 2px; overflow-x: visible; overflow-y: visible;&quot;
        &gt;
          &lt;ink-text
            style=&quot;flex-grow: 0; flex-shrink: 1; flex-direction: row; text-wrap: wrap;&quot;
          &gt;
            [
            3
            ] 
            ネットワーク診断
          &lt;/ink-text&gt;
        &lt;/ink-box&gt;
        &lt;ink-box
          style=&quot;flex-wrap: nowrap; flex-direction: row; flex-grow: 0; flex-shrink: 1; margin-right: 2px; overflow-x: visible; overflow-y: visible;&quot;
        &gt;
          &lt;ink-text
            style=&quot;flex-grow: 0; flex-shrink: 1; flex-direction: row; text-wrap: wrap;&quot;
          &gt;
            [
            4
            ] 
            設定
          &lt;/ink-text&gt;
        &lt;/ink-box&gt;
      &lt;/ink-box&gt;
      &lt;ink-box
        style=&quot;flex-wrap: nowrap; flex-direction: row; flex-grow: 1; flex-shrink: 1; overflow: hidden; overflow-x: hidden; overflow-y: hidden;&quot;
      &gt;
        &lt;ink-box
          style=&quot;flex-wrap: nowrap; flex-direction: column; flex-grow: 1; flex-shrink: 1; overflow-x: visible; overflow-y: visible;&quot;
        &gt;
          &lt;ink-box
            style=&quot;flex-wrap: nowrap; flex-direction: row; flex-grow: 0; flex-shrink: 1; margin-bottom: 1px; overflow-x: visible; overflow-y: visible;&quot;
          &gt;
            &lt;ink-text
              style=&quot;flex-grow: 0; flex-shrink: 1; flex-direction: row; text-wrap: wrap;&quot;
            &gt;
              記憶一覧 (
              3
              件)
            &lt;/ink-text&gt;
          &lt;/ink-box&gt;
          &lt;ink-box
            style=&quot;flex-wrap: nowrap; flex-direction: column; flex-grow: 0; flex-shrink: 0; width: 48px; overflow-x: visible; overflow-y: visible;&quot;
          &gt;
            &lt;ink-box
              style=&quot;flex-wrap: nowrap; flex-direction: row; flex-grow: 0; flex-shrink: 1; overflow-x: visible; overflow-y: visible;&quot;
            &gt;
              &lt;ink-text
                style=&quot;flex-grow: 0; flex-shrink: 1; flex-direction: row; text-wrap: wrap;&quot;
              &gt;
                ► 
              &lt;/ink-text&gt;
              &lt;ink-text
                style=&quot;flex-grow: 0; flex-shrink: 1; flex-direction: row; text-wrap: wrap;&quot;
              &gt;
                [
              &lt;/ink-text&gt;
              &lt;ink-text
                style=&quot;flex-grow: 0; flex-shrink: 1; flex-direction: row; text-wrap: wrap;&quot;
              &gt;
                mem-001
              &lt;/ink-text&gt;
              &lt;ink-text
                style=&quot;flex-grow: 0; flex-shrink: 1; flex-direction: row; text-wrap: wrap;&quot;
              &gt;
                ] 
              &lt;/ink-text&gt;
              &lt;ink-text
                style=&quot;flex-grow: 0; flex-shrink: 1; flex-direction: row; text-wrap: wrap;&quot;
              &gt;
                GPT-5プロンプトガイドの分析結果
              &lt;/ink-text&gt;
            &lt;/ink-box&gt;
            &lt;ink-box
              style=&quot;flex-wrap: nowrap; flex-direction: row; flex-grow: 0; flex-shrink: 1; overflow-x: visible; overflow-y: visible;&quot;
            &gt;
              &lt;ink-text
                style=&quot;flex-grow: 0; flex-shrink: 1; flex-direction: row; text-wrap: wrap;&quot;
              &gt;
                  
              &lt;/ink-text&gt;
              &lt;ink-text
                style=&quot;flex-grow: 0; flex-shrink: 1; flex-direction: row; text-wrap: wrap;&quot;
              &gt;
                [
              &lt;/ink-text&gt;
              &lt;ink-text
                style=&quot;flex-grow: 0; flex-shrink: 1; flex-direction: row; text-wrap: wrap;&quot;
              &gt;
                mem-002
              &lt;/ink-text&gt;
              &lt;ink-text
                style=&quot;flex-grow: 0; flex-shrink: 1; flex-direction: row; text-wrap: wrap;&quot;
              &gt;
                ] 
              &lt;/ink-text&gt;
              &lt;ink-text
                style=&quot;flex-grow: 0; flex-shrink: 1; flex-direction: row; text-wrap: wrap;&quot;
              &gt;
                シナプス記憶システムのPhase 2実装完了
              &lt;/ink-text&gt;
            &lt;/ink-box&gt;
            &lt;ink-box
              style=&quot;flex-wrap: nowrap; flex-direction: row; flex-grow: 0; flex-shrink: 1; overflow-x: visible; overflow-y: visible;&quot;
            &gt;
              &lt;ink-text
                style=&quot;flex-grow: 0; flex-shrink: 1; flex-direction: row; text-wrap: wrap;&quot;
              &gt;
                  
              &lt;/ink-text&gt;
              &lt;ink-text
                style=&quot;flex-grow: 0; flex-shrink: 1; flex-direction: row; text-wrap: wrap;&quot;
              &gt;
                [
              &lt;/ink-text&gt;
              &lt;ink-text
                style=&quot;flex-grow: 0; flex-shrink: 1; flex-direction: row; text-wrap: wrap;&quot;
              &gt;
                mem-003
              &lt;/ink-text&gt;
              &lt;ink-text
                style=&quot;flex-grow: 0; flex-shrink: 1; flex-direction: row; text-wrap: wrap;&quot;
              &gt;
                ] 
              &lt;/ink-text&gt;
              &lt;ink-text
                style=&quot;flex-grow: 0; flex-shrink: 1; flex-direction: row; text-wrap: wrap;&quot;
              &gt;
                RESTful API設計とエンドポイント定義
              &lt;/ink-text&gt;
            &lt;/ink-box&gt;
          &lt;/ink-box&gt;
          &lt;ink-box
            style=&quot;flex-wrap: nowrap; flex-direction: row; flex-grow: 0; flex-shrink: 1; margin-top: 1px; border-color: rgb(108, 112, 134); padding: 1px; overflow-x: visible; overflow-y: visible;&quot;
          &gt;
            &lt;ink-box
              style=&quot;flex-wrap: nowrap; flex-direction: column; flex-grow: 0; flex-shrink: 1; overflow-x: visible; overflow-y: visible;&quot;
            &gt;
              &lt;ink-text
                style=&quot;flex-grow: 0; flex-shrink: 1; flex-direction: row; text-wrap: wrap;&quot;
              &gt;
                詳細:
              &lt;/ink-text&gt;
              &lt;ink-text
                style=&quot;flex-grow: 0; flex-shrink: 1; flex-direction: row; text-wrap: wrap;&quot;
              &gt;
                ID: 
                mem-001
              &lt;/ink-text&gt;
              &lt;ink-text
                style=&quot;flex-grow: 0; flex-shrink: 1; flex-direction: row; text-wrap: wrap;&quot;
              &gt;
                アクセス数: 
                15
              &lt;/ink-text&gt;
              &lt;ink-text
                style=&quot;flex-grow: 0; flex-shrink: 1; flex-direction: row; text-wrap: wrap;&quot;
              &gt;
                成功率: 
                92.0
                %
              &lt;/ink-text&gt;
              &lt;ink-text
                style=&quot;flex-grow: 0; flex-shrink: 1; flex-direction: row; text-wrap: wrap;&quot;
              &gt;
                タグ: 
                gpt5, prompting, analysis
              &lt;/ink-text&gt;
            &lt;/ink-box&gt;
          &lt;/ink-box&gt;
        &lt;/ink-box&gt;
      &lt;/ink-box&gt;
      &lt;ink-box
        style=&quot;flex-wrap: nowrap; flex-direction: row; flex-grow: 0; flex-shrink: 1; margin-top: 1px; border-color: rgb(108, 112, 134); padding: 1px; overflow-x: visible; overflow-y: visible;&quot;
      &gt;
        &lt;ink-text
          style=&quot;flex-grow: 0; flex-shrink: 1; flex-direction: row; text-wrap: wrap;&quot;
        &gt;
          Tab: タブ切替 | ↑↓: 記憶選択 | q: 終了
        &lt;/ink-text&gt;
      &lt;/ink-box&gt;
    &lt;/ink-box&gt;
  &lt;/div&gt;
&lt;/body&gt;

Ignored nodes: comments, script, style
&lt;html&gt;
  &lt;head /&gt;
  &lt;body&gt;
    &lt;div&gt;
      &lt;ink-box
        style=&quot;flex-wrap: nowrap; flex-direction: column; flex-grow: 0; flex-shrink: 1; width: 52px; height: 20px; padding: 1px; overflow-x: visible; overflow-y: visible;&quot;
      &gt;
        &lt;ink-box
          style=&quot;flex-wrap: nowrap; flex-direction: row; flex-grow: 0; flex-shrink: 1; margin-bottom: 1px; overflow-x: visible; overflow-y: visible;&quot;
        &gt;
          &lt;ink-text
            style=&quot;flex-grow: 0; flex-shrink: 1; flex-direction: row; text-wrap: wrap;&quot;
          &gt;
            シナプス記憶システム ダッシュボード
          &lt;/ink-text&gt;
        &lt;/ink-box&gt;
        &lt;ink-box
          style=&quot;flex-wrap: nowrap; flex-direction: row; flex-grow: 0; flex-shrink: 1; margin-bottom: 1px; overflow-x: visible; overflow-y: visible;&quot;
        &gt;
          &lt;ink-box
            style=&quot;flex-wrap: nowrap; flex-direction: row; flex-grow: 0; flex-shrink: 1; margin-right: 2px; overflow-x: visible; overflow-y: visible;&quot;
          &gt;
            &lt;ink-text
              style=&quot;flex-grow: 0; flex-shrink: 1; flex-direction: row; text-wrap: wrap;&quot;
            &gt;
              [
              1
              ] 
              記憶一覧
            &lt;/ink-text&gt;
          &lt;/ink-box&gt;
          &lt;ink-box
            style=&quot;flex-wrap: nowrap; flex-direction: row; flex-grow: 0; flex-shrink: 1; margin-right: 2px; overflow-x: visible; overflow-y: visible;&quot;
          &gt;
            &lt;ink-text
              style=&quot;flex-grow: 0; flex-shrink: 1; flex-direction: row; text-wrap: wrap;&quot;
            &gt;
              [
              2
              ] 
              シナプス結合
            &lt;/ink-text&gt;
          &lt;/ink-box&gt;
          &lt;ink-box
            style=&quot;flex-wrap: nowrap; flex-direction: row; flex-grow: 0; flex-shrink: 1; margin-right: 2px; overflow-x: visible; overflow-y: visible;&quot;
          &gt;
            &lt;ink-text
              style=&quot;flex-grow: 0; flex-shrink: 1; flex-direction: row; text-wrap: wrap;&quot;
            &gt;
              [
              3
              ] 
              ネットワーク診断
            &lt;/ink-text&gt;
          &lt;/ink-box&gt;
          &lt;ink-box
            style=&quot;flex-wrap: nowrap; flex-direction: row; flex-grow: 0; flex-shrink: 1; margin-right: 2px; overflow-x: visible; overflow-y: visible;&quot;
          &gt;
            &lt;ink-text
              style=&quot;flex-grow: 0; flex-shrink: 1; flex-direction: row; text-wrap: wrap;&quot;
            &gt;
              [
              4
              ] 
              設定
            &lt;/ink-text&gt;
          &lt;/ink-box&gt;
        &lt;/ink-box&gt;
        &lt;ink-box
          style=&quot;flex-wrap: nowrap; flex-direction: row; flex-grow: 1; flex-shrink: 1; overflow: hidden; overflow-x: hidden; overflow-y: hidden;&quot;
        &gt;
          &lt;ink-box
            style=&quot;flex-wrap: nowrap; flex-direction: column; flex-grow: 1; flex-shrink: 1; overflow-x: visible; overflow-y: visible;&quot;
          &gt;
            &lt;ink-box
              style=&quot;flex-wrap: nowrap; flex-direction: row; flex-grow: 0; flex-shrink: 1; margin-bottom: 1px; overflow-x: visible; overflow-y: visible;&quot;
            &gt;
              &lt;ink-text
                style=&quot;flex-grow: 0; flex-shrink: 1; flex-direction: row; text-wrap: wrap;&quot;
              &gt;
                記憶一覧 (
                3
                件)
              &lt;/ink-text&gt;
            &lt;/ink-box&gt;
            &lt;ink-box
              style=&quot;flex-wrap: nowrap; flex-direction: column; flex-grow: 0; flex-shrink: 0; width: 48px; overflow-x: visible; overflow-y: visible;&quot;
            &gt;
              &lt;ink-box
                style=&quot;flex-wrap: nowrap; flex-direction: row; flex-grow: 0; flex-shrink: 1; overflow-x: visible; overflow-y: visible;&quot;
              &gt;
                &lt;ink-text
                  style=&quot;flex-grow: 0; flex-shrink: 1; flex-direction: row; text-wrap: wrap;&quot;
                &gt;
                  ► 
                &lt;/ink-text&gt;
                &lt;ink-text
                  style=&quot;flex-grow: 0; flex-shrink: 1; flex-direction: row; text-wrap: wrap;&quot;
                &gt;
                  [
                &lt;/ink-text&gt;
                &lt;ink-text
                  style=&quot;flex-grow: 0; flex-shrink: 1; flex-direction: row; text-wrap: wrap;&quot;
                &gt;
                  mem-001
                &lt;/ink-text&gt;
                &lt;ink-text
                  style=&quot;flex-grow: 0; flex-shrink: 1; flex-direction: row; text-wrap: wrap;&quot;
                &gt;
                  ] 
                &lt;/ink-text&gt;
                &lt;ink-text
                  style=&quot;flex-grow: 0; flex-shrink: 1; flex-direction: row; text-wrap: wrap;&quot;
                &gt;
                  GPT-5プロンプトガイドの分析結果
                &lt;/ink-text&gt;
              &lt;/ink-box&gt;
              &lt;ink-box
                style=&quot;flex-wrap: nowrap; flex-direction: row; flex-grow: 0; flex-shrink: 1; overflow-x: visible; overflow-y: visible;&quot;
              &gt;
                &lt;ink-text
                  style=&quot;flex-grow: 0; flex-shrink: 1; flex-direction: row; text-wrap: wrap;&quot;
                &gt;
                    
                &lt;/ink-text&gt;
                &lt;ink-text
                  style=&quot;flex-grow: 0; flex-shrink: 1; flex-direction: row; text-wrap: wrap;&quot;
                &gt;
                  [
                &lt;/ink-text&gt;
                &lt;ink-text
                  style=&quot;flex-grow: 0; flex-shrink: 1; flex-direction: row; text-wrap: wrap;&quot;
                &gt;
                  mem-002
                &lt;/ink-text&gt;
                &lt;ink-text
                  style=&quot;flex-grow: 0; flex-shrink: 1; flex-direction: row; text-wrap: wrap;&quot;
                &gt;
                  ] 
                &lt;/ink-text&gt;
                &lt;ink-text
                  style=&quot;flex-grow: 0; flex-shrink: 1; flex-direction: row; text-wrap: wrap;&quot;
                &gt;
                  シナプス記憶システムのPhase 2実装完了
                &lt;/ink-text&gt;
              &lt;/ink-box&gt;
              &lt;ink-box
                style=&quot;flex-wrap: nowrap; flex-direction: row; flex-grow: 0; flex-shrink: 1; overflow-x: visible; overflow-y: visible;&quot;
              &gt;
                &lt;ink-text
                  style=&quot;flex-grow: 0; flex-shrink: 1; flex-direction: row; text-wrap: wrap;&quot;
                &gt;
                    
                &lt;/ink-text&gt;
                &lt;ink-text
                  style=&quot;flex-grow: 0; flex-shrink: 1; flex-direction: row; text-wrap: wrap;&quot;
                &gt;
                  [
                &lt;/ink-text&gt;
                &lt;ink-text
                  style=&quot;flex-grow: 0; flex-shrink: 1; flex-direction: row; text-wrap: wrap;&quot;
                &gt;
                  mem-003
                &lt;/ink-text&gt;
                &lt;ink-text
                  style=&quot;flex-grow: 0; flex-shrink: 1; flex-direction: row; text-wrap: wrap;&quot;
                &gt;
                  ] 
                &lt;/ink-text&gt;
                &lt;ink-text
                  style=&quot;flex-grow: 0; flex-shrink: 1; flex-direction: row; text-wrap: wrap;&quot;
                &gt;
                  RESTful API設計とエンドポイント定義
                &lt;/ink-text&gt;
              &lt;/ink-box&gt;
            &lt;/ink-box&gt;
            &lt;ink-box
              style=&quot;flex-wrap: nowrap; flex-direction: row; flex-grow: 0; flex-shrink: 1; margin-top: 1px; border-color: rgb(108, 112, 134); padding: 1px; overflow-x: visible; overflow-y: visible;&quot;
            &gt;
              &lt;ink-box
                style=&quot;flex-wrap: nowrap; flex-direction: column; flex-grow: 0; flex-shrink: 1; overflow-x: visible; overflow-y: visible;&quot;
              &gt;
                &lt;ink-text
                  style=&quot;flex-grow: 0; flex-shrink: 1; flex-direction: row; text-wrap: wrap;&quot;
                &gt;
                  詳細:
                &lt;/ink-text&gt;
                &lt;ink-text
                  style=&quot;flex-grow: 0; flex-shrink: 1; flex-direction: row; text-wrap: wrap;&quot;
                &gt;
                  ID: 
                  mem-001
                &lt;/ink-text&gt;
                &lt;ink-text
                  style=&quot;flex-grow: 0; flex-shrink: 1; flex-direction: row; text-wrap: wrap;&quot;
                &gt;
                  アクセス数: 
                  15
                &lt;/ink-text&gt;
                &lt;ink-text
                  style=&quot;flex-grow: 0; flex-shrink: 1; flex-direction: row; text-wrap: wrap;&quot;
                &gt;
                  成功率: 
                  92.0
                  %
                &lt;/ink-text&gt;
                &lt;ink-text
                  style=&quot;flex-grow: 0; flex-shrink: 1; flex-direction: row; text-wrap: wrap;&quot;
                &gt;
                  タグ: 
                  gpt5, prompting, analysis
                &lt;/ink-text&gt;
              &lt;/ink-box&gt;
            &lt;/ink-box&gt;
          &lt;/ink-box&gt;
        &lt;/ink-box&gt;
        &lt;ink-box
          style=&quot;flex-wrap: nowrap; flex-direction: row; flex-grow: 0; flex-shrink: 1; margin-top: 1px; border-color: rgb(108, 112, 134); padding: 1px; overflow-x: visible; overflow-y: visible;&quot;
        &gt;
          &lt;ink-text
            style=&quot;flex-grow: 0; flex-shrink: 1; flex-direction: row; text-wrap: wrap;&quot;
          &gt;
            Tab: タブ切替 | ↑↓: 記憶選択 | q: 終了
          &lt;/ink-text&gt;
        &lt;/ink-box&gt;
      &lt;/ink-box&gt;
    &lt;/div&gt;
  &lt;/body&gt;
&lt;/html&gt;
 ❯ Proxy.waitForWrapper node_modules/@testing-library/dom/dist/wait-for.js:163:27
 ❯ src/ui/components/SynapticMemoryDashboard.test.tsx:243:11
            </failure>
        </testcase>
        <testcase classname="src/ui/components/SynapticMemoryDashboard.test.tsx" name="SynapticMemoryDashboard &gt; タブ間の切り替えが正しく動作すること" time="0.009864709">
            <failure message="Unable to find an element with the text: テストメモリ1. This could be because the text is broken up by multiple elements. In this case, you can provide a function for your text matcher to make your matcher more flexible.

Ignored nodes: comments, script, style
[36m&lt;body&gt;[39m
  [36m&lt;div&gt;[39m
    [36m&lt;ink-box[39m
      [33mstyle[39m=[32m&quot;flex-wrap: nowrap; flex-direction: column; flex-grow: 0; flex-shrink: 1; width: 52px; height: 20px; padding: 1px; overflow-x: visible; overflow-y: visible;&quot;[39m
    [36m&gt;[39m
      [36m&lt;ink-box[39m
        [33mstyle[39m=[32m&quot;flex-wrap: nowrap; flex-direction: row; flex-grow: 0; flex-shrink: 1; margin-bottom: 1px; overflow-x: visible; overflow-y: visible;&quot;[39m
      [36m&gt;[39m
        [36m&lt;ink-text[39m
          [33mstyle[39m=[32m&quot;flex-grow: 0; flex-shrink: 1; flex-direction: row; text-wrap: wrap;&quot;[39m
        [36m&gt;[39m
          [0mシナプス記憶システム ダッシュボード[0m
        [36m&lt;/ink-text&gt;[39m
      [36m&lt;/ink-box&gt;[39m
      [36m&lt;ink-box[39m
        [33mstyle[39m=[32m&quot;flex-wrap: nowrap; flex-direction: row; flex-grow: 0; flex-shrink: 1; margin-bottom: 1px; overflow-x: visible; overflow-y: visible;&quot;[39m
      [36m&gt;[39m
        [36m&lt;ink-box[39m
          [33mstyle[39m=[32m&quot;flex-wrap: nowrap; flex-direction: row; flex-grow: 0; flex-shrink: 1; margin-right: 2px; overflow-x: visible; overflow-y: visible;&quot;[39m
        [36m&gt;[39m
          [36m&lt;ink-text[39m
            [33mstyle[39m=[32m&quot;flex-grow: 0; flex-shrink: 1; flex-direction: row; text-wrap: wrap;&quot;[39m
          [36m&gt;[39m
            [0m[[0m
            [0m1[0m
            [0m] [0m
            [0m記憶一覧[0m
          [36m&lt;/ink-text&gt;[39m
        [36m&lt;/ink-box&gt;[39m
        [36m&lt;ink-box[39m
          [33mstyle[39m=[32m&quot;flex-wrap: nowrap; flex-direction: row; flex-grow: 0; flex-shrink: 1; margin-right: 2px; overflow-x: visible; overflow-y: visible;&quot;[39m
        [36m&gt;[39m
          [36m&lt;ink-text[39m
            [33mstyle[39m=[32m&quot;flex-grow: 0; flex-shrink: 1; flex-direction: row; text-wrap: wrap;&quot;[39m
          [36m&gt;[39m
            [0m[[0m
            [0m2[0m
            [0m] [0m
            [0mシナプス結合[0m
          [36m&lt;/ink-text&gt;[39m
        [36m&lt;/ink-box&gt;[39m
        [36m&lt;ink-box[39m
          [33mstyle[39m=[32m&quot;flex-wrap: nowrap; flex-direction: row; flex-grow: 0; flex-shrink: 1; margin-right: 2px; overflow-x: visible; overflow-y: visible;&quot;[39m
        [36m&gt;[39m
          [36m&lt;ink-text[39m
            [33mstyle[39m=[32m&quot;flex-grow: 0; flex-shrink: 1; flex-direction: row; text-wrap: wrap;&quot;[39m
          [36m&gt;[39m
            [0m[[0m
            [0m3[0m
            [0m] [0m
            [0mネットワーク診断[0m
          [36m&lt;/ink-text&gt;[39m
        [36m&lt;/ink-box&gt;[39m
        [36m&lt;ink-box[39m
          [33mstyle[39m=[32m&quot;flex-wrap: nowrap; flex-direction: row; flex-grow: 0; flex-shrink: 1; margin-right: 2px; overflow-x: visible; overflow-y: visible;&quot;[39m
        [36m&gt;[39m
          [36m&lt;ink-text[39m
            [33mstyle[39m=[32m&quot;flex-grow: 0; flex-shrink: 1; flex-direction: row; text-wrap: wrap;&quot;[39m
          [36m&gt;[39m
            [0m[[0m
            [0m4[0m
            [0m] [0m
            [0m設定[0m
          [36m&lt;/ink-text&gt;[39m
        [36m&lt;/ink-box&gt;[39m
      [36m&lt;/ink-box&gt;[39m
      [36m&lt;ink-box[39m
        [33mstyle[39m=[32m&quot;flex-wrap: nowrap; flex-direction: row; flex-grow: 1; flex-shrink: 1; overflow: hidden; overflow-x: hidden; overflow-y: hidden;&quot;[39m
      [36m&gt;[39m
        [36m&lt;ink-box[39m
          [33mstyle[39m=[32m&quot;flex-wrap: nowrap; flex-direction: column; flex-grow: 1; flex-shrink: 1; overflow-x: visible; overflow-y: visible;&quot;[39m
        [36m&gt;[39m
          [36m&lt;ink-box[39m
            [33mstyle[39m=[32m&quot;flex-wrap: nowrap; flex-direction: row; flex-grow: 0; flex-shrink: 1; margin-bottom: 1px; overflow-x: visible; overflow-y: visible;&quot;[39m
          [36m&gt;[39m
            [36m&lt;ink-text[39m
              [33mstyle[39m=[32m&quot;flex-grow: 0; flex-shrink: 1; flex-direction: row; text-wrap: wrap;&quot;[39m
            [36m&gt;[39m
              [0m記憶一覧 ([0m
              [0m3[0m
              [0m件)[0m
            [36m&lt;/ink-text&gt;[39m
          [36m&lt;/ink-box&gt;[39m
          [36m&lt;ink-box[39m
            [33mstyle[39m=[32m&quot;flex-wrap: nowrap; flex-direction: column; flex-grow: 0; flex-shrink: 0; width: 48px; overflow-x: visible; overflow-y: visible;&quot;[39m
          [36m&gt;[39m
            [36m&lt;ink-box[39m
              [33mstyle[39m=[32m&quot;flex-wrap: nowrap; flex-direction: row; flex-grow: 0; flex-shrink: 1; overflow-x: visible; overflow-y: visible;&quot;[39m
            [36m&gt;[39m
              [36m&lt;ink-text[39m
                [33mstyle[39m=[32m&quot;flex-grow: 0; flex-shrink: 1; flex-direction: row; text-wrap: wrap;&quot;[39m
              [36m&gt;[39m
                [0m► [0m
              [36m&lt;/ink-text&gt;[39m
              [36m&lt;ink-text[39m
                [33mstyle[39m=[32m&quot;flex-grow: 0; flex-shrink: 1; flex-direction: row; text-wrap: wrap;&quot;[39m
              [36m&gt;[39m
                [0m[[0m
              [36m&lt;/ink-text&gt;[39m
              [36m&lt;ink-text[39m
                [33mstyle[39m=[32m&quot;flex-grow: 0; flex-shrink: 1; flex-direction: row; text-wrap: wrap;&quot;[39m
              [36m&gt;[39m
                [0mmem-001[0m
              [36m&lt;/ink-text&gt;[39m
              [36m&lt;ink-text[39m
                [33mstyle[39m=[32m&quot;flex-grow: 0; flex-shrink: 1; flex-direction: row; text-wrap: wrap;&quot;[39m
              [36m&gt;[39m
                [0m] [0m
              [36m&lt;/ink-text&gt;[39m
              [36m&lt;ink-text[39m
                [33mstyle[39m=[32m&quot;flex-grow: 0; flex-shrink: 1; flex-direction: row; text-wrap: wrap;&quot;[39m
              [36m&gt;[39m
                [0mGPT-5プロンプトガイドの分析結果[0m
              [36m&lt;/ink-text&gt;[39m
            [36m&lt;/ink-box&gt;[39m
            [36m&lt;ink-box[39m
              [33mstyle[39m=[32m&quot;flex-wrap: nowrap; flex-direction: row; flex-grow: 0; flex-shrink: 1; overflow-x: visible; overflow-y: visible;&quot;[39m
            [36m&gt;[39m
              [36m&lt;ink-text[39m
                [33mstyle[39m=[32m&quot;flex-grow: 0; flex-shrink: 1; flex-direction: row; text-wrap: wrap;&quot;[39m
              [36m&gt;[39m
                [0m  [0m
              [36m&lt;/ink-text&gt;[39m
              [36m&lt;ink-text[39m
                [33mstyle[39m=[32m&quot;flex-grow: 0; flex-shrink: 1; flex-direction: row; text-wrap: wrap;&quot;[39m
              [36m&gt;[39m
                [0m[[0m
              [36m&lt;/ink-text&gt;[39m
              [36m&lt;ink-text[39m
                [33mstyle[39m=[32m&quot;flex-grow: 0; flex-shrink: 1; flex-direction: row; text-wrap: wrap;&quot;[39m
              [36m&gt;[39m
                [0mmem-002[0m
              [36m&lt;/ink-text&gt;[39m
              [36m&lt;ink-text[39m
                [33mstyle[39m=[32m&quot;flex-grow: 0; flex-shrink: 1; flex-direction: row; text-wrap: wrap;&quot;[39m
              [36m&gt;[39m
                [0m] [0m
              [36m&lt;/ink-text&gt;[39m
              [36m&lt;ink-text[39m
                [33mstyle[39m=[32m&quot;flex-grow: 0; flex-shrink: 1; flex-direction: row; text-wrap: wrap;&quot;[39m
              [36m&gt;[39m
                [0mシナプス記憶システムのPhase 2実装完了[0m
              [36m&lt;/ink-text&gt;[39m
            [36m&lt;/ink-box&gt;[39m
            [36m&lt;ink-box[39m
              [33mstyle[39m=[32m&quot;flex-wrap: nowrap; flex-direction: row; flex-grow: 0; flex-shrink: 1; overflow-x: visible; overflow-y: visible;&quot;[39m
            [36m&gt;[39m
              [36m&lt;ink-text[39m
                [33mstyle[39m=[32m&quot;flex-grow: 0; flex-shrink: 1; flex-direction: row; text-wrap: wrap;&quot;[39m
              [36m&gt;[39m
                [0m  [0m
              [36m&lt;/ink-text&gt;[39m
              [36m&lt;ink-text[39m
                [33mstyle[39m=[32m&quot;flex-grow: 0; flex-shrink: 1; flex-direction: row; text-wrap: wrap;&quot;[39m
              [36m&gt;[39m
                [0m[[0m
              [36m&lt;/ink-text&gt;[39m
              [36m&lt;ink-text[39m
                [33mstyle[39m=[32m&quot;flex-grow: 0; flex-shrink: 1; flex-direction: row; text-wrap: wrap;&quot;[39m
              [36m&gt;[39m
                [0mmem-003[0m
              [36m&lt;/ink-text&gt;[39m
              [36m&lt;ink-text[39m
                [33mstyle[39m=[32m&quot;flex-grow: 0; flex-shrink: 1; flex-direction: row; text-wrap: wrap;&quot;[39m
              [36m&gt;[39m
                [0m] [0m
              [36m&lt;/ink-text&gt;[39m
              [36m&lt;ink-text[39m
                [33mstyle[39m=[32m&quot;flex-grow: 0; flex-shrink: 1; flex-direction: row; text-wrap: wrap;&quot;[39m
              [36m&gt;[39m
                [0mRESTful API設計とエンドポイント定義[0m
              [36m&lt;/ink-text&gt;[39m
            [36m&lt;/ink-box&gt;[39m
          [36m&lt;/ink-box&gt;[39m
          [36m&lt;ink-box[39m
            [33mstyle[39m=[32m&quot;flex-wrap: nowrap; flex-direction: row; flex-grow: 0; flex-shrink: 1; margin-top: 1px; border-color: rgb(108, 112, 134); padding: 1px; overflow-x: visible; overflow-y: visible;&quot;[39m
          [36m&gt;[39m
            [36m&lt;ink-box[39m
              [33mstyle[39m=[32m&quot;flex-wrap: nowrap; flex-direction: column; flex-grow: 0; flex-shrink: 1; overflow-x: visible; overflow-y: visible;&quot;[39m
            [36m&gt;[39m
              [36m&lt;ink-text[39m
                [33mstyle[39m=[32m&quot;flex-grow: 0; flex-shrink: 1; flex-direction: row; text-wrap: wrap;&quot;[39m
              [36m&gt;[39m
                [0m詳細:[0m
              [36m&lt;/ink-text&gt;[39m
              [36m&lt;ink-text[39m
                [33mstyle[39m=[32m&quot;flex-grow: 0; flex-shrink: 1; flex-direction: row; text-wrap: wrap;&quot;[39m
              [36m&gt;[39m
                [0mID: [0m
                [0mmem-001[0m
              [36m&lt;/ink-text&gt;[39m
              [36m&lt;ink-text[39m
                [33mstyle[39m=[32m&quot;flex-grow: 0; flex-shrink: 1; flex-direction: row; text-wrap: wrap;&quot;[39m
              [36m&gt;[39m
                [0mアクセス数: [0m
                [0m15[0m
              [36m&lt;/ink-text&gt;[39m
              [36m&lt;ink-text[39m
                [33mstyle[39m=[32m&quot;flex-grow: 0; flex-shrink: 1; flex-direction: row; text-wrap: wrap;&quot;[39m
              [36m&gt;[39m
                [0m成功率: [0m
                [0m92.0[0m
                [0m%[0m
              [36m&lt;/ink-text&gt;[39m
              [36m&lt;ink-text[39m
                [33mstyle[39m=[32m&quot;flex-grow: 0; flex-shrink: 1; flex-direction: row; text-wrap: wrap;&quot;[39m
              [36m&gt;[39m
                [0mタグ: [0m
                [0mgpt5, prompting, analysis[0m
              [36m&lt;/ink-text&gt;[39m
            [36m&lt;/ink-box&gt;[39m
          [36m&lt;/ink-box&gt;[39m
        [36m&lt;/ink-box&gt;[39m
      [36m&lt;/ink-box&gt;[39m
      [36m&lt;ink-box[39m
        [33mstyle[39m=[32m&quot;flex-wrap: nowrap; flex-direction: row; flex-grow: 0; flex-shrink: 1; margin-top: 1px; border-color: rgb(108, 112, 134); padding: 1px; overflow-x: visible; overflow-y: visible;&quot;[39m
      [36m&gt;[39m
        [36m&lt;ink-text[39m
          [33mstyle[39m=[32m&quot;flex-grow: 0; flex-shrink: 1; flex-direction: row; text-wrap: wrap;&quot;[39m
        [36m&gt;[39m
          [0mTab: タブ切替 | ↑↓: 記憶選択 | q: 終了[0m
        [36m&lt;/ink-text&gt;[39m
      [36m&lt;/ink-box&gt;[39m
    [36m&lt;/ink-box&gt;[39m
  [36m&lt;/div&gt;[39m
[36m&lt;/body&gt;[39m" type="TestingLibraryElementError">
TestingLibraryElementError: Unable to find an element with the text: テストメモリ1. This could be because the text is broken up by multiple elements. In this case, you can provide a function for your text matcher to make your matcher more flexible.

Ignored nodes: comments, script, style
&lt;body&gt;
  &lt;div&gt;
    &lt;ink-box
      style=&quot;flex-wrap: nowrap; flex-direction: column; flex-grow: 0; flex-shrink: 1; width: 52px; height: 20px; padding: 1px; overflow-x: visible; overflow-y: visible;&quot;
    &gt;
      &lt;ink-box
        style=&quot;flex-wrap: nowrap; flex-direction: row; flex-grow: 0; flex-shrink: 1; margin-bottom: 1px; overflow-x: visible; overflow-y: visible;&quot;
      &gt;
        &lt;ink-text
          style=&quot;flex-grow: 0; flex-shrink: 1; flex-direction: row; text-wrap: wrap;&quot;
        &gt;
          シナプス記憶システム ダッシュボード
        &lt;/ink-text&gt;
      &lt;/ink-box&gt;
      &lt;ink-box
        style=&quot;flex-wrap: nowrap; flex-direction: row; flex-grow: 0; flex-shrink: 1; margin-bottom: 1px; overflow-x: visible; overflow-y: visible;&quot;
      &gt;
        &lt;ink-box
          style=&quot;flex-wrap: nowrap; flex-direction: row; flex-grow: 0; flex-shrink: 1; margin-right: 2px; overflow-x: visible; overflow-y: visible;&quot;
        &gt;
          &lt;ink-text
            style=&quot;flex-grow: 0; flex-shrink: 1; flex-direction: row; text-wrap: wrap;&quot;
          &gt;
            [
            1
            ] 
            記憶一覧
          &lt;/ink-text&gt;
        &lt;/ink-box&gt;
        &lt;ink-box
          style=&quot;flex-wrap: nowrap; flex-direction: row; flex-grow: 0; flex-shrink: 1; margin-right: 2px; overflow-x: visible; overflow-y: visible;&quot;
        &gt;
          &lt;ink-text
            style=&quot;flex-grow: 0; flex-shrink: 1; flex-direction: row; text-wrap: wrap;&quot;
          &gt;
            [
            2
            ] 
            シナプス結合
          &lt;/ink-text&gt;
        &lt;/ink-box&gt;
        &lt;ink-box
          style=&quot;flex-wrap: nowrap; flex-direction: row; flex-grow: 0; flex-shrink: 1; margin-right: 2px; overflow-x: visible; overflow-y: visible;&quot;
        &gt;
          &lt;ink-text
            style=&quot;flex-grow: 0; flex-shrink: 1; flex-direction: row; text-wrap: wrap;&quot;
          &gt;
            [
            3
            ] 
            ネットワーク診断
          &lt;/ink-text&gt;
        &lt;/ink-box&gt;
        &lt;ink-box
          style=&quot;flex-wrap: nowrap; flex-direction: row; flex-grow: 0; flex-shrink: 1; margin-right: 2px; overflow-x: visible; overflow-y: visible;&quot;
        &gt;
          &lt;ink-text
            style=&quot;flex-grow: 0; flex-shrink: 1; flex-direction: row; text-wrap: wrap;&quot;
          &gt;
            [
            4
            ] 
            設定
          &lt;/ink-text&gt;
        &lt;/ink-box&gt;
      &lt;/ink-box&gt;
      &lt;ink-box
        style=&quot;flex-wrap: nowrap; flex-direction: row; flex-grow: 1; flex-shrink: 1; overflow: hidden; overflow-x: hidden; overflow-y: hidden;&quot;
      &gt;
        &lt;ink-box
          style=&quot;flex-wrap: nowrap; flex-direction: column; flex-grow: 1; flex-shrink: 1; overflow-x: visible; overflow-y: visible;&quot;
        &gt;
          &lt;ink-box
            style=&quot;flex-wrap: nowrap; flex-direction: row; flex-grow: 0; flex-shrink: 1; margin-bottom: 1px; overflow-x: visible; overflow-y: visible;&quot;
          &gt;
            &lt;ink-text
              style=&quot;flex-grow: 0; flex-shrink: 1; flex-direction: row; text-wrap: wrap;&quot;
            &gt;
              記憶一覧 (
              3
              件)
            &lt;/ink-text&gt;
          &lt;/ink-box&gt;
          &lt;ink-box
            style=&quot;flex-wrap: nowrap; flex-direction: column; flex-grow: 0; flex-shrink: 0; width: 48px; overflow-x: visible; overflow-y: visible;&quot;
          &gt;
            &lt;ink-box
              style=&quot;flex-wrap: nowrap; flex-direction: row; flex-grow: 0; flex-shrink: 1; overflow-x: visible; overflow-y: visible;&quot;
            &gt;
              &lt;ink-text
                style=&quot;flex-grow: 0; flex-shrink: 1; flex-direction: row; text-wrap: wrap;&quot;
              &gt;
                ► 
              &lt;/ink-text&gt;
              &lt;ink-text
                style=&quot;flex-grow: 0; flex-shrink: 1; flex-direction: row; text-wrap: wrap;&quot;
              &gt;
                [
              &lt;/ink-text&gt;
              &lt;ink-text
                style=&quot;flex-grow: 0; flex-shrink: 1; flex-direction: row; text-wrap: wrap;&quot;
              &gt;
                mem-001
              &lt;/ink-text&gt;
              &lt;ink-text
                style=&quot;flex-grow: 0; flex-shrink: 1; flex-direction: row; text-wrap: wrap;&quot;
              &gt;
                ] 
              &lt;/ink-text&gt;
              &lt;ink-text
                style=&quot;flex-grow: 0; flex-shrink: 1; flex-direction: row; text-wrap: wrap;&quot;
              &gt;
                GPT-5プロンプトガイドの分析結果
              &lt;/ink-text&gt;
            &lt;/ink-box&gt;
            &lt;ink-box
              style=&quot;flex-wrap: nowrap; flex-direction: row; flex-grow: 0; flex-shrink: 1; overflow-x: visible; overflow-y: visible;&quot;
            &gt;
              &lt;ink-text
                style=&quot;flex-grow: 0; flex-shrink: 1; flex-direction: row; text-wrap: wrap;&quot;
              &gt;
                  
              &lt;/ink-text&gt;
              &lt;ink-text
                style=&quot;flex-grow: 0; flex-shrink: 1; flex-direction: row; text-wrap: wrap;&quot;
              &gt;
                [
              &lt;/ink-text&gt;
              &lt;ink-text
                style=&quot;flex-grow: 0; flex-shrink: 1; flex-direction: row; text-wrap: wrap;&quot;
              &gt;
                mem-002
              &lt;/ink-text&gt;
              &lt;ink-text
                style=&quot;flex-grow: 0; flex-shrink: 1; flex-direction: row; text-wrap: wrap;&quot;
              &gt;
                ] 
              &lt;/ink-text&gt;
              &lt;ink-text
                style=&quot;flex-grow: 0; flex-shrink: 1; flex-direction: row; text-wrap: wrap;&quot;
              &gt;
                シナプス記憶システムのPhase 2実装完了
              &lt;/ink-text&gt;
            &lt;/ink-box&gt;
            &lt;ink-box
              style=&quot;flex-wrap: nowrap; flex-direction: row; flex-grow: 0; flex-shrink: 1; overflow-x: visible; overflow-y: visible;&quot;
            &gt;
              &lt;ink-text
                style=&quot;flex-grow: 0; flex-shrink: 1; flex-direction: row; text-wrap: wrap;&quot;
              &gt;
                  
              &lt;/ink-text&gt;
              &lt;ink-text
                style=&quot;flex-grow: 0; flex-shrink: 1; flex-direction: row; text-wrap: wrap;&quot;
              &gt;
                [
              &lt;/ink-text&gt;
              &lt;ink-text
                style=&quot;flex-grow: 0; flex-shrink: 1; flex-direction: row; text-wrap: wrap;&quot;
              &gt;
                mem-003
              &lt;/ink-text&gt;
              &lt;ink-text
                style=&quot;flex-grow: 0; flex-shrink: 1; flex-direction: row; text-wrap: wrap;&quot;
              &gt;
                ] 
              &lt;/ink-text&gt;
              &lt;ink-text
                style=&quot;flex-grow: 0; flex-shrink: 1; flex-direction: row; text-wrap: wrap;&quot;
              &gt;
                RESTful API設計とエンドポイント定義
              &lt;/ink-text&gt;
            &lt;/ink-box&gt;
          &lt;/ink-box&gt;
          &lt;ink-box
            style=&quot;flex-wrap: nowrap; flex-direction: row; flex-grow: 0; flex-shrink: 1; margin-top: 1px; border-color: rgb(108, 112, 134); padding: 1px; overflow-x: visible; overflow-y: visible;&quot;
          &gt;
            &lt;ink-box
              style=&quot;flex-wrap: nowrap; flex-direction: column; flex-grow: 0; flex-shrink: 1; overflow-x: visible; overflow-y: visible;&quot;
            &gt;
              &lt;ink-text
                style=&quot;flex-grow: 0; flex-shrink: 1; flex-direction: row; text-wrap: wrap;&quot;
              &gt;
                詳細:
              &lt;/ink-text&gt;
              &lt;ink-text
                style=&quot;flex-grow: 0; flex-shrink: 1; flex-direction: row; text-wrap: wrap;&quot;
              &gt;
                ID: 
                mem-001
              &lt;/ink-text&gt;
              &lt;ink-text
                style=&quot;flex-grow: 0; flex-shrink: 1; flex-direction: row; text-wrap: wrap;&quot;
              &gt;
                アクセス数: 
                15
              &lt;/ink-text&gt;
              &lt;ink-text
                style=&quot;flex-grow: 0; flex-shrink: 1; flex-direction: row; text-wrap: wrap;&quot;
              &gt;
                成功率: 
                92.0
                %
              &lt;/ink-text&gt;
              &lt;ink-text
                style=&quot;flex-grow: 0; flex-shrink: 1; flex-direction: row; text-wrap: wrap;&quot;
              &gt;
                タグ: 
                gpt5, prompting, analysis
              &lt;/ink-text&gt;
            &lt;/ink-box&gt;
          &lt;/ink-box&gt;
        &lt;/ink-box&gt;
      &lt;/ink-box&gt;
      &lt;ink-box
        style=&quot;flex-wrap: nowrap; flex-direction: row; flex-grow: 0; flex-shrink: 1; margin-top: 1px; border-color: rgb(108, 112, 134); padding: 1px; overflow-x: visible; overflow-y: visible;&quot;
      &gt;
        &lt;ink-text
          style=&quot;flex-grow: 0; flex-shrink: 1; flex-direction: row; text-wrap: wrap;&quot;
        &gt;
          Tab: タブ切替 | ↑↓: 記憶選択 | q: 終了
        &lt;/ink-text&gt;
      &lt;/ink-box&gt;
    &lt;/ink-box&gt;
  &lt;/div&gt;
&lt;/body&gt;
 ❯ Object.getElementError node_modules/@testing-library/dom/dist/config.js:37:19
 ❯ node_modules/@testing-library/dom/dist/query-helpers.js:76:38
 ❯ node_modules/@testing-library/dom/dist/query-helpers.js:52:17
 ❯ node_modules/@testing-library/dom/dist/query-helpers.js:95:19
 ❯ src/ui/components/SynapticMemoryDashboard.test.tsx:252:19
            </failure>
        </testcase>
    </testsuite>
    <testsuite name="src/ui/components/ToolStatsDisplay.test.tsx" timestamp="2025-08-09T13:11:31.669Z" hostname="b4837af7dd83" tests="5" failures="0" errors="0" skipped="0" time="0.0402015">
        <testcase classname="src/ui/components/ToolStatsDisplay.test.tsx" name="&lt;ToolStatsDisplay /&gt; &gt; should render &quot;no tool calls&quot; message when there are no active tools" time="0.013833083">
        </testcase>
        <testcase classname="src/ui/components/ToolStatsDisplay.test.tsx" name="&lt;ToolStatsDisplay /&gt; &gt; should display stats for a single tool correctly" time="0.0064285">
        </testcase>
        <testcase classname="src/ui/components/ToolStatsDisplay.test.tsx" name="&lt;ToolStatsDisplay /&gt; &gt; should display stats for multiple tools correctly" time="0.005278542">
        </testcase>
        <testcase classname="src/ui/components/ToolStatsDisplay.test.tsx" name="&lt;ToolStatsDisplay /&gt; &gt; should handle large values without wrapping or overlapping" time="0.009314792">
        </testcase>
        <testcase classname="src/ui/components/ToolStatsDisplay.test.tsx" name="&lt;ToolStatsDisplay /&gt; &gt; should handle zero decisions gracefully" time="0.004532459">
        </testcase>
    </testsuite>
    <testsuite name="src/ui/hooks/atCommandProcessor.test.ts" timestamp="2025-08-09T13:11:31.670Z" hostname="b4837af7dd83" tests="17" failures="0" errors="0" skipped="0" time="0.016513834">
        <testcase classname="src/ui/hooks/atCommandProcessor.test.ts" name="handleAtCommand &gt; should pass through query if no @ command is present" time="0.003298958">
        </testcase>
        <testcase classname="src/ui/hooks/atCommandProcessor.test.ts" name="handleAtCommand &gt; should pass through original query if only a lone @ symbol is present" time="0.000517125">
        </testcase>
        <testcase classname="src/ui/hooks/atCommandProcessor.test.ts" name="handleAtCommand &gt; should process a valid text file path" time="0.00194025">
        </testcase>
        <testcase classname="src/ui/hooks/atCommandProcessor.test.ts" name="handleAtCommand &gt; should process a valid directory path and convert to glob" time="0.000741375">
        </testcase>
        <testcase classname="src/ui/hooks/atCommandProcessor.test.ts" name="handleAtCommand &gt; should process a valid image file path (as text content for now)" time="0.000299667">
        </testcase>
        <testcase classname="src/ui/hooks/atCommandProcessor.test.ts" name="handleAtCommand &gt; should handle query with text before and after @command" time="0.000407167">
        </testcase>
        <testcase classname="src/ui/hooks/atCommandProcessor.test.ts" name="handleAtCommand &gt; should correctly unescape paths with escaped spaces" time="0.001386791">
        </testcase>
        <testcase classname="src/ui/hooks/atCommandProcessor.test.ts" name="handleAtCommand &gt; should handle multiple @file references" time="0.001223875">
        </testcase>
        <testcase classname="src/ui/hooks/atCommandProcessor.test.ts" name="handleAtCommand &gt; should handle multiple @file references with interleaved text" time="0.0006905">
        </testcase>
        <testcase classname="src/ui/hooks/atCommandProcessor.test.ts" name="handleAtCommand &gt; should handle a mix of valid, invalid, and lone @ references" time="0.001025208">
        </testcase>
        <testcase classname="src/ui/hooks/atCommandProcessor.test.ts" name="handleAtCommand &gt; should return original query if all @paths are invalid or lone @" time="0.000360583">
        </testcase>
        <testcase classname="src/ui/hooks/atCommandProcessor.test.ts" name="handleAtCommand &gt; should process a file path case-insensitively" time="0.000778208">
        </testcase>
        <testcase classname="src/ui/hooks/atCommandProcessor.test.ts" name="handleAtCommand &gt; git-aware filtering &gt; should skip git-ignored files in @ commands" time="0.000420334">
        </testcase>
        <testcase classname="src/ui/hooks/atCommandProcessor.test.ts" name="handleAtCommand &gt; git-aware filtering &gt; should process non-git-ignored files normally" time="0.000644708">
        </testcase>
        <testcase classname="src/ui/hooks/atCommandProcessor.test.ts" name="handleAtCommand &gt; git-aware filtering &gt; should handle mixed git-ignored and valid files" time="0.001070375">
        </testcase>
        <testcase classname="src/ui/hooks/atCommandProcessor.test.ts" name="handleAtCommand &gt; git-aware filtering &gt; should always ignore .git directory files" time="0.000380791">
        </testcase>
        <testcase classname="src/ui/hooks/atCommandProcessor.test.ts" name="handleAtCommand &gt; when recursive file search is disabled &gt; should not use glob search for a nonexistent file" time="0.00043675">
        </testcase>
    </testsuite>
    <testsuite name="src/ui/hooks/shellCommandProcessor.test.ts" timestamp="2025-08-09T13:11:31.675Z" hostname="b4837af7dd83" tests="3" failures="0" errors="0" skipped="0" time="0.032738417">
        <testcase classname="src/ui/hooks/shellCommandProcessor.test.ts" name="useShellCommandProcessor &gt; should execute a command and update history on success" time="0.014727">
        </testcase>
        <testcase classname="src/ui/hooks/shellCommandProcessor.test.ts" name="useShellCommandProcessor &gt; should handle binary output" time="0.010247792">
        </testcase>
        <testcase classname="src/ui/hooks/shellCommandProcessor.test.ts" name="useShellCommandProcessor &gt; should handle command failure" time="0.006892375">
        </testcase>
    </testsuite>
    <testsuite name="src/ui/hooks/slashCommandProcessor.test.ts" timestamp="2025-08-09T13:11:31.676Z" hostname="b4837af7dd83" tests="7" failures="0" errors="0" skipped="0" time="0.384037417">
        <testcase classname="src/ui/hooks/slashCommandProcessor.test.ts" name="useSlashCommandProcessor &gt; New command registry &gt; should execute a command from the new registry" time="0.06261525">
            <system-err>
An update to TestComponent inside a test was not wrapped in act(...).

When testing, code that causes React state updates should be wrapped into act(...):

act(() =&gt; {
  /* fire events that update state */
});
/* assert on the output */

This ensures that you&apos;re testing the behavior the user would see in the browser. Learn more at https://react.dev/link/wrap-tests-with-act

            </system-err>
        </testcase>
        <testcase classname="src/ui/hooks/slashCommandProcessor.test.ts" name="useSlashCommandProcessor &gt; New command registry &gt; should return &quot;schedule_tool&quot; when a new command returns a tool action" time="0.052552417">
            <system-err>
An update to TestComponent inside a test was not wrapped in act(...).

When testing, code that causes React state updates should be wrapped into act(...):

act(() =&gt; {
  /* fire events that update state */
});
/* assert on the output */

This ensures that you&apos;re testing the behavior the user would see in the browser. Learn more at https://react.dev/link/wrap-tests-with-act

            </system-err>
        </testcase>
        <testcase classname="src/ui/hooks/slashCommandProcessor.test.ts" name="useSlashCommandProcessor &gt; New command registry &gt; should return &quot;handled&quot; when a new command returns a message action" time="0.054019667">
            <system-err>
An update to TestComponent inside a test was not wrapped in act(...).

When testing, code that causes React state updates should be wrapped into act(...):

act(() =&gt; {
  /* fire events that update state */
});
/* assert on the output */

This ensures that you&apos;re testing the behavior the user would see in the browser. Learn more at https://react.dev/link/wrap-tests-with-act

            </system-err>
        </testcase>
        <testcase classname="src/ui/hooks/slashCommandProcessor.test.ts" name="useSlashCommandProcessor &gt; New command registry &gt; should return &quot;handled&quot; when a new command returns a dialog action" time="0.051960042">
            <system-err>
An update to TestComponent inside a test was not wrapped in act(...).

When testing, code that causes React state updates should be wrapped into act(...):

act(() =&gt; {
  /* fire events that update state */
});
/* assert on the output */

This ensures that you&apos;re testing the behavior the user would see in the browser. Learn more at https://react.dev/link/wrap-tests-with-act

            </system-err>
        </testcase>
        <testcase classname="src/ui/hooks/slashCommandProcessor.test.ts" name="useSlashCommandProcessor &gt; New command registry &gt; should open the auth dialog when a new command returns an auth dialog action" time="0.052837333">
            <system-err>
An update to TestComponent inside a test was not wrapped in act(...).

When testing, code that causes React state updates should be wrapped into act(...):

act(() =&gt; {
  /* fire events that update state */
});
/* assert on the output */

This ensures that you&apos;re testing the behavior the user would see in the browser. Learn more at https://react.dev/link/wrap-tests-with-act

            </system-err>
        </testcase>
        <testcase classname="src/ui/hooks/slashCommandProcessor.test.ts" name="useSlashCommandProcessor &gt; New command registry &gt; should open the theme dialog when a new command returns a theme dialog action" time="0.052668917">
            <system-err>
An update to TestComponent inside a test was not wrapped in act(...).

When testing, code that causes React state updates should be wrapped into act(...):

act(() =&gt; {
  /* fire events that update state */
});
/* assert on the output */

This ensures that you&apos;re testing the behavior the user would see in the browser. Learn more at https://react.dev/link/wrap-tests-with-act

            </system-err>
        </testcase>
        <testcase classname="src/ui/hooks/slashCommandProcessor.test.ts" name="useSlashCommandProcessor &gt; New command registry &gt; should show help for a parent command with no action" time="0.05288975">
            <system-err>
An update to TestComponent inside a test was not wrapped in act(...).

When testing, code that causes React state updates should be wrapped into act(...):

act(() =&gt; {
  /* fire events that update state */
});
/* assert on the output */

This ensures that you&apos;re testing the behavior the user would see in the browser. Learn more at https://react.dev/link/wrap-tests-with-act

            </system-err>
        </testcase>
    </testsuite>
    <testsuite name="src/ui/hooks/useAutoAcceptIndicator.test.ts" timestamp="2025-08-09T13:11:31.680Z" hostname="b4837af7dd83" tests="6" failures="0" errors="0" skipped="0" time="0.021376333">
        <testcase classname="src/ui/hooks/useAutoAcceptIndicator.test.ts" name="useAutoAcceptIndicator &gt; should initialize with ApprovalMode.AUTO_EDIT if config.getApprovalMode returns ApprovalMode.AUTO_EDIT" time="0.00985625">
        </testcase>
        <testcase classname="src/ui/hooks/useAutoAcceptIndicator.test.ts" name="useAutoAcceptIndicator &gt; should initialize with ApprovalMode.DEFAULT if config.getApprovalMode returns ApprovalMode.DEFAULT" time="0.001585875">
        </testcase>
        <testcase classname="src/ui/hooks/useAutoAcceptIndicator.test.ts" name="useAutoAcceptIndicator &gt; should initialize with ApprovalMode.YOLO if config.getApprovalMode returns ApprovalMode.YOLO" time="0.001655291">
        </testcase>
        <testcase classname="src/ui/hooks/useAutoAcceptIndicator.test.ts" name="useAutoAcceptIndicator &gt; should toggle the indicator and update config when Shift+Tab or Ctrl+Y is pressed" time="0.004109042">
        </testcase>
        <testcase classname="src/ui/hooks/useAutoAcceptIndicator.test.ts" name="useAutoAcceptIndicator &gt; should not toggle if only one key or other keys combinations are pressed" time="0.00170075">
        </testcase>
        <testcase classname="src/ui/hooks/useAutoAcceptIndicator.test.ts" name="useAutoAcceptIndicator &gt; should update indicator when config value changes externally (useEffect dependency)" time="0.0014895">
        </testcase>
    </testsuite>
    <testsuite name="src/ui/hooks/useCompletion.integration.test.ts" timestamp="2025-08-09T13:11:31.681Z" hostname="b4837af7dd83" tests="23" failures="0" errors="0" skipped="0" time="1.701471167">
        <testcase classname="src/ui/hooks/useCompletion.integration.test.ts" name="useCompletion git-aware filtering integration &gt; should filter git-ignored entries from @ completions" time="0.162446875">
        </testcase>
        <testcase classname="src/ui/hooks/useCompletion.integration.test.ts" name="useCompletion git-aware filtering integration &gt; should filter git-ignored directories from @ completions" time="0.152319875">
        </testcase>
        <testcase classname="src/ui/hooks/useCompletion.integration.test.ts" name="useCompletion git-aware filtering integration &gt; should handle recursive search with git-aware filtering" time="0.152126625">
            <system-err>
Error fetching completion suggestions for t: Cannot read properties of undefined (reading &apos;map&apos;)

            </system-err>
        </testcase>
        <testcase classname="src/ui/hooks/useCompletion.integration.test.ts" name="useCompletion git-aware filtering integration &gt; should not perform recursive search when disabled in config" time="0.152429167">
        </testcase>
        <testcase classname="src/ui/hooks/useCompletion.integration.test.ts" name="useCompletion git-aware filtering integration &gt; should work without config (fallback behavior)" time="0.15262825">
        </testcase>
        <testcase classname="src/ui/hooks/useCompletion.integration.test.ts" name="useCompletion git-aware filtering integration &gt; should handle git discovery service initialization failure gracefully" time="0.151743">
        </testcase>
        <testcase classname="src/ui/hooks/useCompletion.integration.test.ts" name="useCompletion git-aware filtering integration &gt; should handle directory-specific completions with git filtering" time="0.152140959">
        </testcase>
        <testcase classname="src/ui/hooks/useCompletion.integration.test.ts" name="useCompletion git-aware filtering integration &gt; should use glob for top-level @ completions when available" time="0.152363209">
        </testcase>
        <testcase classname="src/ui/hooks/useCompletion.integration.test.ts" name="useCompletion git-aware filtering integration &gt; should include dotfiles in glob search when input starts with a dot" time="0.152759167">
        </testcase>
        <testcase classname="src/ui/hooks/useCompletion.integration.test.ts" name="useCompletion git-aware filtering integration &gt; should suggest top-level command names based on partial input" time="0.001370875">
        </testcase>
        <testcase classname="src/ui/hooks/useCompletion.integration.test.ts" name="useCompletion git-aware filtering integration &gt; should not suggest commands when altName is fully typed" time="0.001074541">
        </testcase>
        <testcase classname="src/ui/hooks/useCompletion.integration.test.ts" name="useCompletion git-aware filtering integration &gt; should not suggest commands when altName is fully typed" time="0.001129375">
        </testcase>
        <testcase classname="src/ui/hooks/useCompletion.integration.test.ts" name="useCompletion git-aware filtering integration &gt; should suggest commands based on partial altName matches" time="0.00145475">
        </testcase>
        <testcase classname="src/ui/hooks/useCompletion.integration.test.ts" name="useCompletion git-aware filtering integration &gt; should suggest sub-command names for a parent command" time="0.001308875">
        </testcase>
        <testcase classname="src/ui/hooks/useCompletion.integration.test.ts" name="useCompletion git-aware filtering integration &gt; should suggest all sub-commands when the query ends with the parent command and a space" time="0.001322334">
        </testcase>
        <testcase classname="src/ui/hooks/useCompletion.integration.test.ts" name="useCompletion git-aware filtering integration &gt; should call the command.completion function for argument suggestions" time="0.152744875">
        </testcase>
        <testcase classname="src/ui/hooks/useCompletion.integration.test.ts" name="useCompletion git-aware filtering integration &gt; should not provide suggestions for a fully typed command that has no sub-commands or argument completion" time="0.001219792">
        </testcase>
        <testcase classname="src/ui/hooks/useCompletion.integration.test.ts" name="useCompletion git-aware filtering integration &gt; should not provide suggestions for an unknown command" time="0.001076375">
        </testcase>
        <testcase classname="src/ui/hooks/useCompletion.integration.test.ts" name="useCompletion git-aware filtering integration &gt; should suggest sub-commands for a fully typed parent command without a trailing space" time="0.001143041">
        </testcase>
        <testcase classname="src/ui/hooks/useCompletion.integration.test.ts" name="useCompletion git-aware filtering integration &gt; should NOT provide suggestions for a perfectly typed command that is a leaf node" time="0.001048667">
        </testcase>
        <testcase classname="src/ui/hooks/useCompletion.integration.test.ts" name="useCompletion git-aware filtering integration &gt; should call command.completion with an empty string when args start with a space" time="0.151864875">
        </testcase>
        <testcase classname="src/ui/hooks/useCompletion.integration.test.ts" name="useCompletion git-aware filtering integration &gt; should suggest all top-level commands for the root slash" time="0.001539708">
        </testcase>
        <testcase classname="src/ui/hooks/useCompletion.integration.test.ts" name="useCompletion git-aware filtering integration &gt; should provide no suggestions for an invalid sub-command" time="0.001129583">
        </testcase>
    </testsuite>
    <testsuite name="src/ui/hooks/useCompletion.test.ts" timestamp="2025-08-09T13:11:31.687Z" hostname="b4837af7dd83" tests="36" failures="0" errors="0" skipped="0" time="2.031695626">
        <testcase classname="src/ui/hooks/useCompletion.test.ts" name="useCompletion &gt; Hook initialization and state &gt; should initialize with default state" time="0.010133167">
        </testcase>
        <testcase classname="src/ui/hooks/useCompletion.test.ts" name="useCompletion &gt; Hook initialization and state &gt; should reset state when isActive becomes false" time="0.001641208">
        </testcase>
        <testcase classname="src/ui/hooks/useCompletion.test.ts" name="useCompletion &gt; Hook initialization and state &gt; should provide required functions" time="0.001101125">
        </testcase>
        <testcase classname="src/ui/hooks/useCompletion.test.ts" name="useCompletion &gt; resetCompletionState &gt; should reset all state to default values" time="0.00132925">
        </testcase>
        <testcase classname="src/ui/hooks/useCompletion.test.ts" name="useCompletion &gt; Navigation functions &gt; should handle navigateUp with no suggestions" time="0.001116209">
        </testcase>
        <testcase classname="src/ui/hooks/useCompletion.test.ts" name="useCompletion &gt; Navigation functions &gt; should handle navigateDown with no suggestions" time="0.001028125">
        </testcase>
        <testcase classname="src/ui/hooks/useCompletion.test.ts" name="useCompletion &gt; Navigation functions &gt; should navigate up through suggestions with wrap-around" time="0.001474417">
        </testcase>
        <testcase classname="src/ui/hooks/useCompletion.test.ts" name="useCompletion &gt; Navigation functions &gt; should navigate down through suggestions with wrap-around" time="0.0012235">
        </testcase>
        <testcase classname="src/ui/hooks/useCompletion.test.ts" name="useCompletion &gt; Navigation functions &gt; should handle navigation with multiple suggestions" time="0.001744709">
        </testcase>
        <testcase classname="src/ui/hooks/useCompletion.test.ts" name="useCompletion &gt; Navigation functions &gt; should handle navigation with large suggestion lists and scrolling" time="0.00149825">
        </testcase>
        <testcase classname="src/ui/hooks/useCompletion.test.ts" name="useCompletion &gt; Slash command completion &gt; should show all commands for root slash" time="0.001842875">
        </testcase>
        <testcase classname="src/ui/hooks/useCompletion.test.ts" name="useCompletion &gt; Slash command completion &gt; should filter commands by prefix" time="0.001308292">
        </testcase>
        <testcase classname="src/ui/hooks/useCompletion.test.ts" name="useCompletion &gt; Slash command completion &gt; should not suggest commands when altName is fully typed" time="0.00115">
        </testcase>
        <testcase classname="src/ui/hooks/useCompletion.test.ts" name="useCompletion &gt; Slash command completion &gt; should not suggest commands when altName is fully typed" time="0.001092542">
        </testcase>
        <testcase classname="src/ui/hooks/useCompletion.test.ts" name="useCompletion &gt; Slash command completion &gt; should suggest commands based on partial altName matches" time="0.001221791">
        </testcase>
        <testcase classname="src/ui/hooks/useCompletion.test.ts" name="useCompletion &gt; Slash command completion &gt; should not show suggestions for exact leaf command match" time="0.001149125">
        </testcase>
        <testcase classname="src/ui/hooks/useCompletion.test.ts" name="useCompletion &gt; Slash command completion &gt; should show sub-commands for parent commands" time="0.001225959">
        </testcase>
        <testcase classname="src/ui/hooks/useCompletion.test.ts" name="useCompletion &gt; Slash command completion &gt; should show all sub-commands after parent command with space" time="0.001283584">
        </testcase>
        <testcase classname="src/ui/hooks/useCompletion.test.ts" name="useCompletion &gt; Slash command completion &gt; should filter sub-commands by prefix" time="0.001195875">
        </testcase>
        <testcase classname="src/ui/hooks/useCompletion.test.ts" name="useCompletion &gt; Slash command completion &gt; should handle unknown command gracefully" time="0.001279625">
        </testcase>
        <testcase classname="src/ui/hooks/useCompletion.test.ts" name="useCompletion &gt; Command argument completion &gt; should call completion function for command arguments" time="0.153468166">
        </testcase>
        <testcase classname="src/ui/hooks/useCompletion.test.ts" name="useCompletion &gt; Command argument completion &gt; should call completion function with partial argument" time="0.1523165">
        </testcase>
        <testcase classname="src/ui/hooks/useCompletion.test.ts" name="useCompletion &gt; Command argument completion &gt; should handle completion function that returns null" time="0.15479925">
        </testcase>
        <testcase classname="src/ui/hooks/useCompletion.test.ts" name="useCompletion &gt; File path completion (@-syntax) &gt; should show file completions for @ prefix" time="0.1531875">
        </testcase>
        <testcase classname="src/ui/hooks/useCompletion.test.ts" name="useCompletion &gt; File path completion (@-syntax) &gt; should filter files by prefix" time="0.153213792">
        </testcase>
        <testcase classname="src/ui/hooks/useCompletion.test.ts" name="useCompletion &gt; File path completion (@-syntax) &gt; should include hidden files when prefix starts with dot" time="0.152655375">
        </testcase>
        <testcase classname="src/ui/hooks/useCompletion.test.ts" name="useCompletion &gt; File path completion (@-syntax) &gt; should handle ENOENT error gracefully" time="0.153122417">
            <system-err>
Error fetching completion suggestions for nonexistent: Cannot read properties of undefined (reading &apos;map&apos;)

            </system-err>
        </testcase>
        <testcase classname="src/ui/hooks/useCompletion.test.ts" name="useCompletion &gt; File path completion (@-syntax) &gt; should handle other errors by resetting state" time="0.153152542">
        </testcase>
        <testcase classname="src/ui/hooks/useCompletion.test.ts" name="useCompletion &gt; Debouncing &gt; should debounce file completion requests" time="0.152811166">
        </testcase>
        <testcase classname="src/ui/hooks/useCompletion.test.ts" name="useCompletion &gt; Query handling edge cases &gt; should handle empty query" time="0.001436917">
        </testcase>
        <testcase classname="src/ui/hooks/useCompletion.test.ts" name="useCompletion &gt; Query handling edge cases &gt; should handle query without slash or @" time="0.001438542">
        </testcase>
        <testcase classname="src/ui/hooks/useCompletion.test.ts" name="useCompletion &gt; Query handling edge cases &gt; should handle query with whitespace" time="0.001251875">
        </testcase>
        <testcase classname="src/ui/hooks/useCompletion.test.ts" name="useCompletion &gt; Query handling edge cases &gt; should handle @ at the end of query" time="0.153081333">
            <system-err>
Error fetching completion suggestions for : entries is not iterable

            </system-err>
        </testcase>
        <testcase classname="src/ui/hooks/useCompletion.test.ts" name="useCompletion &gt; File sorting behavior &gt; should prioritize source files over test files with same base name" time="0.153100876">
        </testcase>
        <testcase classname="src/ui/hooks/useCompletion.test.ts" name="useCompletion &gt; Config and FileDiscoveryService integration &gt; should work without config" time="0.15277775">
        </testcase>
        <testcase classname="src/ui/hooks/useCompletion.test.ts" name="useCompletion &gt; Config and FileDiscoveryService integration &gt; should respect file filtering when config is provided" time="0.1534625">
        </testcase>
    </testsuite>
    <testsuite name="src/ui/hooks/useConsoleMessages.test.ts" timestamp="2025-08-09T13:11:31.696Z" hostname="b4837af7dd83" tests="9" failures="0" errors="0" skipped="0" time="0.018655792">
        <testcase classname="src/ui/hooks/useConsoleMessages.test.ts" name="useConsoleMessages &gt; should initialize with an empty array of console messages" time="0.008841125">
        </testcase>
        <testcase classname="src/ui/hooks/useConsoleMessages.test.ts" name="useConsoleMessages &gt; should add a new message" time="0.001730458">
        </testcase>
        <testcase classname="src/ui/hooks/useConsoleMessages.test.ts" name="useConsoleMessages &gt; should consolidate identical consecutive messages" time="0.001084333">
        </testcase>
        <testcase classname="src/ui/hooks/useConsoleMessages.test.ts" name="useConsoleMessages &gt; should not consolidate different messages" time="0.001107208">
        </testcase>
        <testcase classname="src/ui/hooks/useConsoleMessages.test.ts" name="useConsoleMessages &gt; should not consolidate messages if type is different" time="0.000940167">
        </testcase>
        <testcase classname="src/ui/hooks/useConsoleMessages.test.ts" name="useConsoleMessages &gt; should clear console messages" time="0.001366125">
        </testcase>
        <testcase classname="src/ui/hooks/useConsoleMessages.test.ts" name="useConsoleMessages &gt; should clear pending timeout on clearConsoleMessages" time="0.0009675">
        </testcase>
        <testcase classname="src/ui/hooks/useConsoleMessages.test.ts" name="useConsoleMessages &gt; should clear message queue on clearConsoleMessages" time="0.000722625">
        </testcase>
        <testcase classname="src/ui/hooks/useConsoleMessages.test.ts" name="useConsoleMessages &gt; should cleanup timeout on unmount" time="0.000942709">
        </testcase>
    </testsuite>
    <testsuite name="src/ui/hooks/useEditorSettings.test.ts" timestamp="2025-08-09T13:11:31.699Z" hostname="b4837af7dd83" tests="10" failures="0" errors="0" skipped="0" time="0.021259583">
        <testcase classname="src/ui/hooks/useEditorSettings.test.ts" name="useEditorSettings &gt; should initialize with dialog closed" time="0.008758791">
        </testcase>
        <testcase classname="src/ui/hooks/useEditorSettings.test.ts" name="useEditorSettings &gt; should open editor dialog when openEditorDialog is called" time="0.001496708">
        </testcase>
        <testcase classname="src/ui/hooks/useEditorSettings.test.ts" name="useEditorSettings &gt; should close editor dialog when exitEditorDialog is called" time="0.001052625">
        </testcase>
        <testcase classname="src/ui/hooks/useEditorSettings.test.ts" name="useEditorSettings &gt; should handle editor selection successfully" time="0.00264925">
        </testcase>
        <testcase classname="src/ui/hooks/useEditorSettings.test.ts" name="useEditorSettings &gt; should handle clearing editor preference (undefined editor)" time="0.001264417">
        </testcase>
        <testcase classname="src/ui/hooks/useEditorSettings.test.ts" name="useEditorSettings &gt; should handle different editor types" time="0.001156583">
        </testcase>
        <testcase classname="src/ui/hooks/useEditorSettings.test.ts" name="useEditorSettings &gt; should handle different setting scopes" time="0.0010905">
        </testcase>
        <testcase classname="src/ui/hooks/useEditorSettings.test.ts" name="useEditorSettings &gt; should not set preference for unavailable editors" time="0.001016459">
        </testcase>
        <testcase classname="src/ui/hooks/useEditorSettings.test.ts" name="useEditorSettings &gt; should not set preference for editors not allowed in sandbox" time="0.000933">
        </testcase>
        <testcase classname="src/ui/hooks/useEditorSettings.test.ts" name="useEditorSettings &gt; should handle errors during editor selection" time="0.000881333">
        </testcase>
    </testsuite>
    <testsuite name="src/ui/hooks/useGeminiStream.test.tsx" timestamp="2025-08-09T13:11:31.702Z" hostname="b4837af7dd83" tests="22" failures="0" errors="0" skipped="0" time="0.109285417">
        <testcase classname="src/ui/hooks/useGeminiStream.test.tsx" name="mergePartListUnions &gt; should merge multiple PartListUnion arrays" time="0.00105175">
        </testcase>
        <testcase classname="src/ui/hooks/useGeminiStream.test.tsx" name="mergePartListUnions &gt; should handle empty arrays in the input list" time="0.000111167">
        </testcase>
        <testcase classname="src/ui/hooks/useGeminiStream.test.tsx" name="mergePartListUnions &gt; should handle a single PartListUnion array" time="0.00007675">
        </testcase>
        <testcase classname="src/ui/hooks/useGeminiStream.test.tsx" name="mergePartListUnions &gt; should return an empty array if all input arrays are empty" time="0.000061291">
        </testcase>
        <testcase classname="src/ui/hooks/useGeminiStream.test.tsx" name="mergePartListUnions &gt; should handle input list being empty" time="0.000053875">
        </testcase>
        <testcase classname="src/ui/hooks/useGeminiStream.test.tsx" name="mergePartListUnions &gt; should correctly merge when PartListUnion items are single Parts not in arrays" time="0.000084542">
        </testcase>
        <testcase classname="src/ui/hooks/useGeminiStream.test.tsx" name="mergePartListUnions &gt; should handle a mix of arrays and single parts, including empty arrays and undefined/null parts if they were possible (though PartListUnion typing restricts this)" time="0.000085583">
        </testcase>
        <testcase classname="src/ui/hooks/useGeminiStream.test.tsx" name="mergePartListUnions &gt; should preserve the order of parts from the input arrays" time="0.000167041">
        </testcase>
        <testcase classname="src/ui/hooks/useGeminiStream.test.tsx" name="mergePartListUnions &gt; should handle cases where some PartListUnion items are single Parts and others are arrays of Parts" time="0.000097208">
        </testcase>
        <testcase classname="src/ui/hooks/useGeminiStream.test.tsx" name="useGeminiStream &gt; should not submit tool responses if not all tool calls are completed" time="0.010972292">
        </testcase>
        <testcase classname="src/ui/hooks/useGeminiStream.test.tsx" name="useGeminiStream &gt; should submit tool responses when all tool calls are completed and ready" time="0.007067292">
        </testcase>
        <testcase classname="src/ui/hooks/useGeminiStream.test.tsx" name="useGeminiStream &gt; should handle all tool calls being cancelled" time="0.003562458">
        </testcase>
        <testcase classname="src/ui/hooks/useGeminiStream.test.tsx" name="useGeminiStream &gt; should group multiple cancelled tool call responses into a single history entry" time="0.003050334">
        </testcase>
        <testcase classname="src/ui/hooks/useGeminiStream.test.tsx" name="useGeminiStream &gt; should not flicker streaming state to Idle between tool completion and submission" time="0.0038245">
        </testcase>
        <testcase classname="src/ui/hooks/useGeminiStream.test.tsx" name="useGeminiStream &gt; User Cancellation &gt; should cancel an in-progress stream when escape is pressed" time="0.007213875">
        </testcase>
        <testcase classname="src/ui/hooks/useGeminiStream.test.tsx" name="useGeminiStream &gt; User Cancellation &gt; should not do anything if escape is pressed when not responding" time="0.001436708">
        </testcase>
        <testcase classname="src/ui/hooks/useGeminiStream.test.tsx" name="useGeminiStream &gt; User Cancellation &gt; should prevent further processing after cancellation" time="0.054732459">
            <system-err>
An update to TestComponent inside a test was not wrapped in act(...).

When testing, code that causes React state updates should be wrapped into act(...):

act(() =&gt; {
  /* fire events that update state */
});
/* assert on the output */

This ensures that you&apos;re testing the behavior the user would see in the browser. Learn more at https://react.dev/link/wrap-tests-with-act

            </system-err>
        </testcase>
        <testcase classname="src/ui/hooks/useGeminiStream.test.tsx" name="useGeminiStream &gt; User Cancellation &gt; should not cancel if a tool call is in progress (not just responding)" time="0.001970166">
        </testcase>
        <testcase classname="src/ui/hooks/useGeminiStream.test.tsx" name="useGeminiStream &gt; Slash Command Handling &gt; should schedule a tool call when the command processor returns a schedule_tool action" time="0.003560917">
        </testcase>
        <testcase classname="src/ui/hooks/useGeminiStream.test.tsx" name="useGeminiStream &gt; Slash Command Handling &gt; should stop processing and not call Gemini when a command is handled without a tool call" time="0.002249292">
        </testcase>
        <testcase classname="src/ui/hooks/useGeminiStream.test.tsx" name="useGeminiStream &gt; Memory Refresh on save_memory &gt; should call performMemoryRefresh when a save_memory tool call completes successfully" time="0.002986166">
        </testcase>
        <testcase classname="src/ui/hooks/useGeminiStream.test.tsx" name="useGeminiStream &gt; Error Handling &gt; should call parseAndFormatApiError with the correct authType on stream initialization failure" time="0.003766833">
        </testcase>
    </testsuite>
    <testsuite name="src/ui/hooks/useGitBranchName.test.ts" timestamp="2025-08-09T13:11:31.707Z" hostname="b4837af7dd83" tests="7" failures="0" errors="0" skipped="2" time="0.019673584">
        <testcase classname="src/ui/hooks/useGitBranchName.test.ts" name="useGitBranchName &gt; should return branch name" time="0.012908125">
        </testcase>
        <testcase classname="src/ui/hooks/useGitBranchName.test.ts" name="useGitBranchName &gt; should return undefined if git command fails" time="0.001527208">
        </testcase>
        <testcase classname="src/ui/hooks/useGitBranchName.test.ts" name="useGitBranchName &gt; should return short commit hash if branch is HEAD (detached state)" time="0.001199375">
        </testcase>
        <testcase classname="src/ui/hooks/useGitBranchName.test.ts" name="useGitBranchName &gt; should return undefined if branch is HEAD and getting commit hash fails" time="0.001110125">
        </testcase>
        <testcase classname="src/ui/hooks/useGitBranchName.test.ts" name="useGitBranchName &gt; should update branch name when .git/HEAD changes" time="0.000304625">
            <skipped/>
        </testcase>
        <testcase classname="src/ui/hooks/useGitBranchName.test.ts" name="useGitBranchName &gt; should handle watcher setup error silently" time="0.001495833">
        </testcase>
        <testcase classname="src/ui/hooks/useGitBranchName.test.ts" name="useGitBranchName &gt; should cleanup watcher on unmount" time="0.000201042">
            <skipped/>
        </testcase>
    </testsuite>
    <testsuite name="src/ui/hooks/useHistoryManager.test.ts" timestamp="2025-08-09T13:11:31.709Z" hostname="b4837af7dd83" tests="8" failures="0" errors="0" skipped="0" time="0.01792825">
        <testcase classname="src/ui/hooks/useHistoryManager.test.ts" name="useHistoryManager &gt; should initialize with an empty history" time="0.008487541">
        </testcase>
        <testcase classname="src/ui/hooks/useHistoryManager.test.ts" name="useHistoryManager &gt; should add an item to history with a unique ID" time="0.0023785">
        </testcase>
        <testcase classname="src/ui/hooks/useHistoryManager.test.ts" name="useHistoryManager &gt; should generate unique IDs for items added with the same base timestamp" time="0.001127791">
        </testcase>
        <testcase classname="src/ui/hooks/useHistoryManager.test.ts" name="useHistoryManager &gt; should update an existing history item" time="0.0014355">
        </testcase>
        <testcase classname="src/ui/hooks/useHistoryManager.test.ts" name="useHistoryManager &gt; should not change history if updateHistoryItem is called with a non-existent ID" time="0.001027166">
        </testcase>
        <testcase classname="src/ui/hooks/useHistoryManager.test.ts" name="useHistoryManager &gt; should clear the history" time="0.000877958">
        </testcase>
        <testcase classname="src/ui/hooks/useHistoryManager.test.ts" name="useHistoryManager &gt; should not add consecutive duplicate user messages" time="0.000894208">
        </testcase>
        <testcase classname="src/ui/hooks/useHistoryManager.test.ts" name="useHistoryManager &gt; should add duplicate user messages if they are not consecutive" time="0.000775542">
        </testcase>
    </testsuite>
    <testsuite name="src/ui/hooks/useInputHistory.test.ts" timestamp="2025-08-09T13:11:31.712Z" hostname="b4837af7dd83" tests="11" failures="0" errors="0" skipped="0" time="0.020541625">
        <testcase classname="src/ui/hooks/useInputHistory.test.ts" name="useInputHistory &gt; should initialize with historyIndex -1 and empty originalQueryBeforeNav" time="0.00852225">
        </testcase>
        <testcase classname="src/ui/hooks/useInputHistory.test.ts" name="useInputHistory &gt; handleSubmit &gt; should call onSubmit with trimmed value and reset history" time="0.002001875">
        </testcase>
        <testcase classname="src/ui/hooks/useInputHistory.test.ts" name="useInputHistory &gt; handleSubmit &gt; should not call onSubmit if value is empty after trimming" time="0.000950292">
        </testcase>
        <testcase classname="src/ui/hooks/useInputHistory.test.ts" name="useInputHistory &gt; navigateUp &gt; should not navigate if isActive is false" time="0.001160917">
        </testcase>
        <testcase classname="src/ui/hooks/useInputHistory.test.ts" name="useInputHistory &gt; navigateUp &gt; should not navigate if userMessages is empty" time="0.000920166">
        </testcase>
        <testcase classname="src/ui/hooks/useInputHistory.test.ts" name="useInputHistory &gt; navigateUp &gt; should call onChange with the last message when navigating up from initial state" time="0.001261041">
        </testcase>
        <testcase classname="src/ui/hooks/useInputHistory.test.ts" name="useInputHistory &gt; navigateUp &gt; should store currentQuery as originalQueryBeforeNav on first navigateUp" time="0.000936833">
        </testcase>
        <testcase classname="src/ui/hooks/useInputHistory.test.ts" name="useInputHistory &gt; navigateUp &gt; should navigate through history messages on subsequent navigateUp calls" time="0.0009195">
        </testcase>
        <testcase classname="src/ui/hooks/useInputHistory.test.ts" name="useInputHistory &gt; navigateDown &gt; should not navigate if isActive is false" time="0.000944875">
        </testcase>
        <testcase classname="src/ui/hooks/useInputHistory.test.ts" name="useInputHistory &gt; navigateDown &gt; should not navigate if historyIndex is -1 (not in history navigation)" time="0.000756167">
        </testcase>
        <testcase classname="src/ui/hooks/useInputHistory.test.ts" name="useInputHistory &gt; navigateDown &gt; should restore originalQueryBeforeNav when navigating down to initial state" time="0.001057459">
        </testcase>
    </testsuite>
    <testsuite name="src/ui/hooks/useKeypress.test.ts" timestamp="2025-08-09T13:11:31.714Z" hostname="b4837af7dd83" tests="14" failures="0" errors="0" skipped="0" time="0.025630166">
        <testcase classname="src/ui/hooks/useKeypress.test.ts" name="useKeypress &gt; should not listen if isActive is false" time="0.008461458">
        </testcase>
        <testcase classname="src/ui/hooks/useKeypress.test.ts" name="useKeypress &gt; should listen for keypress when active" time="0.002659916">
        </testcase>
        <testcase classname="src/ui/hooks/useKeypress.test.ts" name="useKeypress &gt; should set and release raw mode" time="0.001297625">
        </testcase>
        <testcase classname="src/ui/hooks/useKeypress.test.ts" name="useKeypress &gt; should stop listening after being unmounted" time="0.000936">
        </testcase>
        <testcase classname="src/ui/hooks/useKeypress.test.ts" name="useKeypress &gt; should correctly identify alt+enter (meta key)" time="0.00123125">
        </testcase>
        <testcase classname="src/ui/hooks/useKeypress.test.ts" name="useKeypress &gt; Paste Handling in &apos;Modern Node (&gt;= v20)&apos; &gt; should process a paste as a single event" time="0.001227">
        </testcase>
        <testcase classname="src/ui/hooks/useKeypress.test.ts" name="useKeypress &gt; Paste Handling in &apos;Modern Node (&gt;= v20)&apos; &gt; should handle keypress interspersed with pastes" time="0.00138625">
        </testcase>
        <testcase classname="src/ui/hooks/useKeypress.test.ts" name="useKeypress &gt; Paste Handling in &apos;Modern Node (&gt;= v20)&apos; &gt; should emit partial paste content if unmounted mid-paste" time="0.000918541">
        </testcase>
        <testcase classname="src/ui/hooks/useKeypress.test.ts" name="useKeypress &gt; Paste Handling in &apos;Legacy Node (&lt; v20)&apos; &gt; should process a paste as a single event" time="0.001434583">
        </testcase>
        <testcase classname="src/ui/hooks/useKeypress.test.ts" name="useKeypress &gt; Paste Handling in &apos;Legacy Node (&lt; v20)&apos; &gt; should handle keypress interspersed with pastes" time="0.001309542">
        </testcase>
        <testcase classname="src/ui/hooks/useKeypress.test.ts" name="useKeypress &gt; Paste Handling in &apos;Legacy Node (&lt; v20)&apos; &gt; should emit partial paste content if unmounted mid-paste" time="0.000920458">
        </testcase>
        <testcase classname="src/ui/hooks/useKeypress.test.ts" name="useKeypress &gt; Paste Handling in &apos;Workaround Env Var&apos; &gt; should process a paste as a single event" time="0.0008305">
        </testcase>
        <testcase classname="src/ui/hooks/useKeypress.test.ts" name="useKeypress &gt; Paste Handling in &apos;Workaround Env Var&apos; &gt; should handle keypress interspersed with pastes" time="0.000979708">
        </testcase>
        <testcase classname="src/ui/hooks/useKeypress.test.ts" name="useKeypress &gt; Paste Handling in &apos;Workaround Env Var&apos; &gt; should emit partial paste content if unmounted mid-paste" time="0.00101325">
        </testcase>
    </testsuite>
    <testsuite name="src/ui/hooks/useLoadingIndicator.test.ts" timestamp="2025-08-09T13:11:31.718Z" hostname="b4837af7dd83" tests="5" failures="0" errors="0" skipped="0" time="0.019073416">
        <testcase classname="src/ui/hooks/useLoadingIndicator.test.ts" name="useLoadingIndicator &gt; should initialize with default values when Idle" time="0.009617">
        </testcase>
        <testcase classname="src/ui/hooks/useLoadingIndicator.test.ts" name="useLoadingIndicator &gt; should reflect values when Responding" time="0.00315875">
        </testcase>
        <testcase classname="src/ui/hooks/useLoadingIndicator.test.ts" name="useLoadingIndicator &gt; should show waiting phrase and retain elapsedTime when WaitingForConfirmation" time="0.00212125">
        </testcase>
        <testcase classname="src/ui/hooks/useLoadingIndicator.test.ts" name="useLoadingIndicator &gt; should reset elapsedTime and use a witty phrase when transitioning from WaitingForConfirmation to Responding" time="0.001711958">
        </testcase>
        <testcase classname="src/ui/hooks/useLoadingIndicator.test.ts" name="useLoadingIndicator &gt; should reset timer and phrase when streamingState changes from Responding to Idle" time="0.001442375">
        </testcase>
    </testsuite>
    <testsuite name="src/ui/hooks/usePhraseCycler.test.ts" timestamp="2025-08-09T13:11:31.720Z" hostname="b4837af7dd83" tests="7" failures="0" errors="0" skipped="0" time="0.018900708">
        <testcase classname="src/ui/hooks/usePhraseCycler.test.ts" name="usePhraseCycler &gt; should initialize with the first witty phrase when not active and not waiting" time="0.009244208">
        </testcase>
        <testcase classname="src/ui/hooks/usePhraseCycler.test.ts" name="usePhraseCycler &gt; should show &quot;Waiting for user confirmation...&quot; when isWaiting is true" time="0.001915375">
        </testcase>
        <testcase classname="src/ui/hooks/usePhraseCycler.test.ts" name="usePhraseCycler &gt; should not cycle phrases if isActive is false and not waiting" time="0.000948167">
        </testcase>
        <testcase classname="src/ui/hooks/usePhraseCycler.test.ts" name="usePhraseCycler &gt; should cycle through witty phrases when isActive is true and not waiting" time="0.001532">
        </testcase>
        <testcase classname="src/ui/hooks/usePhraseCycler.test.ts" name="usePhraseCycler &gt; should reset to a witty phrase when isActive becomes true after being false (and not waiting)" time="0.002376292">
        </testcase>
        <testcase classname="src/ui/hooks/usePhraseCycler.test.ts" name="usePhraseCycler &gt; should clear phrase interval on unmount when active" time="0.000795875">
        </testcase>
        <testcase classname="src/ui/hooks/usePhraseCycler.test.ts" name="usePhraseCycler &gt; should reset to a witty phrase when transitioning from waiting to active" time="0.001137042">
        </testcase>
    </testsuite>
    <testsuite name="src/ui/hooks/useShellHistory.test.ts" timestamp="2025-08-09T13:11:31.722Z" hostname="b4837af7dd83" tests="7" failures="0" errors="0" skipped="0" time="0.54723275">
        <testcase classname="src/ui/hooks/useShellHistory.test.ts" name="useShellHistory &gt; should initialize and read the history file from the correct path" time="0.0616025">
        </testcase>
        <testcase classname="src/ui/hooks/useShellHistory.test.ts" name="useShellHistory &gt; should handle a non-existent history file gracefully" time="0.053861292">
        </testcase>
        <testcase classname="src/ui/hooks/useShellHistory.test.ts" name="useShellHistory &gt; should add a command and write to the history file" time="0.1069575">
        </testcase>
        <testcase classname="src/ui/hooks/useShellHistory.test.ts" name="useShellHistory &gt; should navigate history correctly with previous/next commands" time="0.054554125">
        </testcase>
        <testcase classname="src/ui/hooks/useShellHistory.test.ts" name="useShellHistory &gt; should not add empty or whitespace-only commands to history" time="0.054571125">
        </testcase>
        <testcase classname="src/ui/hooks/useShellHistory.test.ts" name="useShellHistory &gt; should truncate history to MAX_HISTORY_LENGTH (100)" time="0.107731667">
        </testcase>
        <testcase classname="src/ui/hooks/useShellHistory.test.ts" name="useShellHistory &gt; should move an existing command to the top when re-added" time="0.107020083">
        </testcase>
    </testsuite>
    <testsuite name="src/ui/hooks/useSynapticMemory.test.ts" timestamp="2025-08-09T13:11:31.723Z" hostname="b4837af7dd83" tests="12" failures="12" errors="0" skipped="0" time="11.050991338">
        <testcase classname="src/ui/hooks/useSynapticMemory.test.ts" name="useSynapticMemory &gt; 初期状態が正しく設定されること" time="0.017139292">
            <failure message="expected undefined to be true // Object.is equality" type="AssertionError">
AssertionError: expected undefined to be true // Object.is equality

- Expected: 
true

+ Received: 
undefined

 ❯ src/ui/hooks/useSynapticMemory.test.ts:108:38
            </failure>
        </testcase>
        <testcase classname="src/ui/hooks/useSynapticMemory.test.ts" name="useSynapticMemory &gt; 初期化後にデータが読み込まれること" time="1.010124251">
            <failure message="expected undefined to be false // Object.is equality

Ignored nodes: comments, script, style
[36m&lt;html&gt;[39m
  [36m&lt;head /&gt;[39m
  [36m&lt;body&gt;[39m
    [36m&lt;div /&gt;[39m
  [36m&lt;/body&gt;[39m
[36m&lt;/html&gt;[39m" type="AssertionError">
AssertionError: expected undefined to be false // Object.is equality

Ignored nodes: comments, script, style
&lt;html&gt;
  &lt;head /&gt;
  &lt;body&gt;
    &lt;div /&gt;
  &lt;/body&gt;
&lt;/html&gt;

- Expected: 
false

+ Received: 
undefined

 ❯ src/ui/hooks/useSynapticMemory.test.ts:117:40
 ❯ runWithExpensiveErrorDiagnosticsDisabled node_modules/@testing-library/dom/dist/config.js:47:12
 ❯ checkCallback node_modules/@testing-library/dom/dist/wait-for.js:124:77
 ❯ Timeout.checkRealTimersCallback node_modules/@testing-library/dom/dist/wait-for.js:118:16
            </failure>
        </testcase>
        <testcase classname="src/ui/hooks/useSynapticMemory.test.ts" name="useSynapticMemory &gt; searchMemoriesが正しく動作すること" time="1.003102333">
            <failure message="expected undefined to be false // Object.is equality

Ignored nodes: comments, script, style
[36m&lt;html&gt;[39m
  [36m&lt;head /&gt;[39m
  [36m&lt;body&gt;[39m
    [36m&lt;div /&gt;[39m
  [36m&lt;/body&gt;[39m
[36m&lt;/html&gt;[39m" type="AssertionError">
AssertionError: expected undefined to be false // Object.is equality

Ignored nodes: comments, script, style
&lt;html&gt;
  &lt;head /&gt;
  &lt;body&gt;
    &lt;div /&gt;
  &lt;/body&gt;
&lt;/html&gt;

- Expected: 
false

+ Received: 
undefined

 ❯ src/ui/hooks/useSynapticMemory.test.ts:131:40
 ❯ runWithExpensiveErrorDiagnosticsDisabled node_modules/@testing-library/dom/dist/config.js:47:12
 ❯ checkCallback node_modules/@testing-library/dom/dist/wait-for.js:124:77
 ❯ Timeout.checkRealTimersCallback node_modules/@testing-library/dom/dist/wait-for.js:118:16
            </failure>
        </testcase>
        <testcase classname="src/ui/hooks/useSynapticMemory.test.ts" name="useSynapticMemory &gt; activateMemoryが正しく動作すること" time="1.002496501">
            <failure message="expected undefined to be false // Object.is equality

Ignored nodes: comments, script, style
[36m&lt;html&gt;[39m
  [36m&lt;head /&gt;[39m
  [36m&lt;body&gt;[39m
    [36m&lt;div /&gt;[39m
  [36m&lt;/body&gt;[39m
[36m&lt;/html&gt;[39m" type="AssertionError">
AssertionError: expected undefined to be false // Object.is equality

Ignored nodes: comments, script, style
&lt;html&gt;
  &lt;head /&gt;
  &lt;body&gt;
    &lt;div /&gt;
  &lt;/body&gt;
&lt;/html&gt;

- Expected: 
false

+ Received: 
undefined

 ❯ src/ui/hooks/useSynapticMemory.test.ts:150:40
 ❯ runWithExpensiveErrorDiagnosticsDisabled node_modules/@testing-library/dom/dist/config.js:47:12
 ❯ checkCallback node_modules/@testing-library/dom/dist/wait-for.js:124:77
 ❯ Timeout.checkRealTimersCallback node_modules/@testing-library/dom/dist/wait-for.js:118:16
            </failure>
        </testcase>
        <testcase classname="src/ui/hooks/useSynapticMemory.test.ts" name="useSynapticMemory &gt; refreshDataが正しく動作すること" time="1.002875417">
            <failure message="expected undefined to be false // Object.is equality

Ignored nodes: comments, script, style
[36m&lt;html&gt;[39m
  [36m&lt;head /&gt;[39m
  [36m&lt;body&gt;[39m
    [36m&lt;div /&gt;[39m
  [36m&lt;/body&gt;[39m
[36m&lt;/html&gt;[39m" type="AssertionError">
AssertionError: expected undefined to be false // Object.is equality

Ignored nodes: comments, script, style
&lt;html&gt;
  &lt;head /&gt;
  &lt;body&gt;
    &lt;div /&gt;
  &lt;/body&gt;
&lt;/html&gt;

- Expected: 
false

+ Received: 
undefined

 ❯ src/ui/hooks/useSynapticMemory.test.ts:173:40
 ❯ runWithExpensiveErrorDiagnosticsDisabled node_modules/@testing-library/dom/dist/config.js:47:12
 ❯ checkCallback node_modules/@testing-library/dom/dist/wait-for.js:124:77
 ❯ Timeout.checkRealTimersCallback node_modules/@testing-library/dom/dist/wait-for.js:118:16
            </failure>
        </testcase>
        <testcase classname="src/ui/hooks/useSynapticMemory.test.ts" name="useSynapticMemory &gt; 初期化エラーが正しくハンドリングされること" time="1.002242375">
            <failure message="expected undefined to be false // Object.is equality

Ignored nodes: comments, script, style
[36m&lt;html&gt;[39m
  [36m&lt;head /&gt;[39m
  [36m&lt;body&gt;[39m
    [36m&lt;div /&gt;[39m
  [36m&lt;/body&gt;[39m
[36m&lt;/html&gt;[39m" type="AssertionError">
AssertionError: expected undefined to be false // Object.is equality

Ignored nodes: comments, script, style
&lt;html&gt;
  &lt;head /&gt;
  &lt;body&gt;
    &lt;div /&gt;
  &lt;/body&gt;
&lt;/html&gt;

- Expected: 
false

+ Received: 
undefined

 ❯ src/ui/hooks/useSynapticMemory.test.ts:201:40
 ❯ runWithExpensiveErrorDiagnosticsDisabled node_modules/@testing-library/dom/dist/config.js:47:12
 ❯ checkCallback node_modules/@testing-library/dom/dist/wait-for.js:124:77
 ❯ Timeout.checkRealTimersCallback node_modules/@testing-library/dom/dist/wait-for.js:118:16
            </failure>
        </testcase>
        <testcase classname="src/ui/hooks/useSynapticMemory.test.ts" name="useSynapticMemory &gt; 検索エラーが正しくハンドリングされること" time="1.002056875">
            <failure message="expected undefined to be false // Object.is equality

Ignored nodes: comments, script, style
[36m&lt;html&gt;[39m
  [36m&lt;head /&gt;[39m
  [36m&lt;body&gt;[39m
    [36m&lt;div /&gt;[39m
  [36m&lt;/body&gt;[39m
[36m&lt;/html&gt;[39m" type="AssertionError">
AssertionError: expected undefined to be false // Object.is equality

Ignored nodes: comments, script, style
&lt;html&gt;
  &lt;head /&gt;
  &lt;body&gt;
    &lt;div /&gt;
  &lt;/body&gt;
&lt;/html&gt;

- Expected: 
false

+ Received: 
undefined

 ❯ src/ui/hooks/useSynapticMemory.test.ts:214:40
 ❯ runWithExpensiveErrorDiagnosticsDisabled node_modules/@testing-library/dom/dist/config.js:47:12
 ❯ checkCallback node_modules/@testing-library/dom/dist/wait-for.js:124:77
 ❯ Timeout.checkRealTimersCallback node_modules/@testing-library/dom/dist/wait-for.js:118:16
            </failure>
        </testcase>
        <testcase classname="src/ui/hooks/useSynapticMemory.test.ts" name="useSynapticMemory &gt; 活性化エラーが正しくハンドリングされること" time="1.001752084">
            <failure message="expected undefined to be false // Object.is equality

Ignored nodes: comments, script, style
[36m&lt;html&gt;[39m
  [36m&lt;head /&gt;[39m
  [36m&lt;body&gt;[39m
    [36m&lt;div /&gt;[39m
  [36m&lt;/body&gt;[39m
[36m&lt;/html&gt;[39m" type="AssertionError">
AssertionError: expected undefined to be false // Object.is equality

Ignored nodes: comments, script, style
&lt;html&gt;
  &lt;head /&gt;
  &lt;body&gt;
    &lt;div /&gt;
  &lt;/body&gt;
&lt;/html&gt;

- Expected: 
false

+ Received: 
undefined

 ❯ src/ui/hooks/useSynapticMemory.test.ts:231:40
 ❯ runWithExpensiveErrorDiagnosticsDisabled node_modules/@testing-library/dom/dist/config.js:47:12
 ❯ checkCallback node_modules/@testing-library/dom/dist/wait-for.js:124:77
 ❯ Timeout.checkRealTimersCallback node_modules/@testing-library/dom/dist/wait-for.js:118:16
            </failure>
        </testcase>
        <testcase classname="src/ui/hooks/useSynapticMemory.test.ts" name="useSynapticMemory &gt; データ更新エラーが正しくハンドリングされること" time="1.002082583">
            <failure message="expected undefined to be false // Object.is equality

Ignored nodes: comments, script, style
[36m&lt;html&gt;[39m
  [36m&lt;head /&gt;[39m
  [36m&lt;body&gt;[39m
    [36m&lt;div /&gt;[39m
  [36m&lt;/body&gt;[39m
[36m&lt;/html&gt;[39m" type="AssertionError">
AssertionError: expected undefined to be false // Object.is equality

Ignored nodes: comments, script, style
&lt;html&gt;
  &lt;head /&gt;
  &lt;body&gt;
    &lt;div /&gt;
  &lt;/body&gt;
&lt;/html&gt;

- Expected: 
false

+ Received: 
undefined

 ❯ src/ui/hooks/useSynapticMemory.test.ts:256:40
 ❯ runWithExpensiveErrorDiagnosticsDisabled node_modules/@testing-library/dom/dist/config.js:47:12
 ❯ checkCallback node_modules/@testing-library/dom/dist/wait-for.js:124:77
 ❯ Timeout.checkRealTimersCallback node_modules/@testing-library/dom/dist/wait-for.js:118:16
            </failure>
        </testcase>
        <testcase classname="src/ui/hooks/useSynapticMemory.test.ts" name="useSynapticMemory &gt; クリーンアップが正しく実行されること" time="1.001838542">
            <failure message="expected undefined to be false // Object.is equality

Ignored nodes: comments, script, style
[36m&lt;html&gt;[39m
  [36m&lt;head /&gt;[39m
  [36m&lt;body&gt;[39m
    [36m&lt;div /&gt;[39m
  [36m&lt;/body&gt;[39m
[36m&lt;/html&gt;[39m" type="AssertionError">
AssertionError: expected undefined to be false // Object.is equality

Ignored nodes: comments, script, style
&lt;html&gt;
  &lt;head /&gt;
  &lt;body&gt;
    &lt;div /&gt;
  &lt;/body&gt;
&lt;/html&gt;

- Expected: 
false

+ Received: 
undefined

 ❯ src/ui/hooks/useSynapticMemory.test.ts:273:40
 ❯ runWithExpensiveErrorDiagnosticsDisabled node_modules/@testing-library/dom/dist/config.js:47:12
 ❯ checkCallback node_modules/@testing-library/dom/dist/wait-for.js:124:77
 ❯ Timeout.checkRealTimersCallback node_modules/@testing-library/dom/dist/wait-for.js:118:16
            </failure>
        </testcase>
        <testcase classname="src/ui/hooks/useSynapticMemory.test.ts" name="useSynapticMemory &gt; 複数回の検索が正しく動作すること" time="1.002090709">
            <failure message="expected undefined to be false // Object.is equality

Ignored nodes: comments, script, style
[36m&lt;html&gt;[39m
  [36m&lt;head /&gt;[39m
  [36m&lt;body&gt;[39m
    [36m&lt;div /&gt;[39m
  [36m&lt;/body&gt;[39m
[36m&lt;/html&gt;[39m" type="AssertionError">
AssertionError: expected undefined to be false // Object.is equality

Ignored nodes: comments, script, style
&lt;html&gt;
  &lt;head /&gt;
  &lt;body&gt;
    &lt;div /&gt;
  &lt;/body&gt;
&lt;/html&gt;

- Expected: 
false

+ Received: 
undefined

 ❯ src/ui/hooks/useSynapticMemory.test.ts:285:40
 ❯ runWithExpensiveErrorDiagnosticsDisabled node_modules/@testing-library/dom/dist/config.js:47:12
 ❯ checkCallback node_modules/@testing-library/dom/dist/wait-for.js:124:77
 ❯ Timeout.checkRealTimersCallback node_modules/@testing-library/dom/dist/wait-for.js:118:16
            </failure>
        </testcase>
        <testcase classname="src/ui/hooks/useSynapticMemory.test.ts" name="useSynapticMemory &gt; 同期的な活性化操作が正しく動作すること" time="1.001871459">
            <failure message="expected undefined to be false // Object.is equality

Ignored nodes: comments, script, style
[36m&lt;html&gt;[39m
  [36m&lt;head /&gt;[39m
  [36m&lt;body&gt;[39m
    [36m&lt;div /&gt;[39m
  [36m&lt;/body&gt;[39m
[36m&lt;/html&gt;[39m" type="AssertionError">
AssertionError: expected undefined to be false // Object.is equality

Ignored nodes: comments, script, style
&lt;html&gt;
  &lt;head /&gt;
  &lt;body&gt;
    &lt;div /&gt;
  &lt;/body&gt;
&lt;/html&gt;

- Expected: 
false

+ Received: 
undefined

 ❯ src/ui/hooks/useSynapticMemory.test.ts:314:40
 ❯ runWithExpensiveErrorDiagnosticsDisabled node_modules/@testing-library/dom/dist/config.js:47:12
 ❯ checkCallback node_modules/@testing-library/dom/dist/wait-for.js:124:77
 ❯ Timeout.checkRealTimersCallback node_modules/@testing-library/dom/dist/wait-for.js:118:16
            </failure>
        </testcase>
    </testsuite>
    <testsuite name="src/ui/hooks/useTimer.test.ts" timestamp="2025-08-09T13:11:31.731Z" hostname="b4837af7dd83" tests="8" failures="0" errors="0" skipped="0" time="0.018598166">
        <testcase classname="src/ui/hooks/useTimer.test.ts" name="useTimer &gt; should initialize with 0" time="0.009124084">
        </testcase>
        <testcase classname="src/ui/hooks/useTimer.test.ts" name="useTimer &gt; should not increment time if isActive is false" time="0.001039625">
        </testcase>
        <testcase classname="src/ui/hooks/useTimer.test.ts" name="useTimer &gt; should increment time every second if isActive is true" time="0.001751833">
        </testcase>
        <testcase classname="src/ui/hooks/useTimer.test.ts" name="useTimer &gt; should reset to 0 and start incrementing when isActive becomes true from false" time="0.001021917">
        </testcase>
        <testcase classname="src/ui/hooks/useTimer.test.ts" name="useTimer &gt; should reset to 0 when resetKey changes while active" time="0.001213958">
        </testcase>
        <testcase classname="src/ui/hooks/useTimer.test.ts" name="useTimer &gt; should be 0 if isActive is false, regardless of resetKey changes" time="0.000846208">
        </testcase>
        <testcase classname="src/ui/hooks/useTimer.test.ts" name="useTimer &gt; should clear timer on unmount" time="0.001415125">
        </testcase>
        <testcase classname="src/ui/hooks/useTimer.test.ts" name="useTimer &gt; should preserve elapsedTime when isActive becomes false, and reset to 0 when it becomes active again" time="0.00123175">
        </testcase>
    </testsuite>
    <testsuite name="src/ui/hooks/useToolScheduler.test.ts" timestamp="2025-08-09T13:11:31.733Z" hostname="b4837af7dd83" tests="21" failures="0" errors="0" skipped="4" time="0.032655917">
        <testcase classname="src/ui/hooks/useToolScheduler.test.ts" name="useReactToolScheduler in YOLO Mode &gt; should skip confirmation and execute tool directly when yoloMode is true" time="0.017778084">
            <system-out>
[DEBUG] Tool execution completed for mockToolRequiresConfirmation (yoloCall): {
  toolResult: [32m&apos;YOLO Confirmed output&apos;[39m,
  returnDisplay: [32m&apos;YOLO Formatted tool output&apos;[39m
}
[DEBUG] Function response created for mockToolRequiresConfirmation (yoloCall): {
  functionResponse: {
    id: [32m&apos;yoloCall&apos;[39m,
    name: [32m&apos;mockToolRequiresConfirmation&apos;[39m,
    response: { output: [32m&apos;YOLO Confirmed output&apos;[39m }
  }
}

            </system-out>
        </testcase>
        <testcase classname="src/ui/hooks/useToolScheduler.test.ts" name="useReactToolScheduler &gt; initial state should be empty" time="0.001261542">
        </testcase>
        <testcase classname="src/ui/hooks/useToolScheduler.test.ts" name="useReactToolScheduler &gt; should schedule and execute a tool call successfully" time="0.003591667">
            <system-out>
[DEBUG] Tool execution completed for mockTool (call1): { toolResult: [32m&apos;Tool output&apos;[39m, returnDisplay: [32m&apos;Formatted tool output&apos;[39m }
[DEBUG] Function response created for mockTool (call1): {
  functionResponse: {
    id: [32m&apos;call1&apos;[39m,
    name: [32m&apos;mockTool&apos;[39m,
    response: { output: [32m&apos;Tool output&apos;[39m }
  }
}

            </system-out>
        </testcase>
        <testcase classname="src/ui/hooks/useToolScheduler.test.ts" name="useReactToolScheduler &gt; should handle tool not found" time="0.001487125">
        </testcase>
        <testcase classname="src/ui/hooks/useToolScheduler.test.ts" name="useReactToolScheduler &gt; should handle error during shouldConfirmExecute" time="0.001516958">
        </testcase>
        <testcase classname="src/ui/hooks/useToolScheduler.test.ts" name="useReactToolScheduler &gt; should handle error during execute" time="0.001906792">
        </testcase>
        <testcase classname="src/ui/hooks/useToolScheduler.test.ts" name="useReactToolScheduler &gt; should handle tool requiring confirmation - approved" time="0">
            <skipped/>
        </testcase>
        <testcase classname="src/ui/hooks/useToolScheduler.test.ts" name="useReactToolScheduler &gt; should handle tool requiring confirmation - cancelled by user" time="0">
            <skipped/>
        </testcase>
        <testcase classname="src/ui/hooks/useToolScheduler.test.ts" name="useReactToolScheduler &gt; should handle live output updates" time="0">
            <skipped/>
        </testcase>
        <testcase classname="src/ui/hooks/useToolScheduler.test.ts" name="useReactToolScheduler &gt; should schedule and execute multiple tool calls" time="0.00231125">
            <system-out>
[DEBUG] Tool execution completed for tool1 (multi1): { toolResult: [32m&apos;Output 1&apos;[39m, returnDisplay: [32m&apos;Display 1&apos;[39m }
[DEBUG] Function response created for tool1 (multi1): {
  functionResponse: { id: [32m&apos;multi1&apos;[39m, name: [32m&apos;tool1&apos;[39m, response: { output: [32m&apos;Output 1&apos;[39m } }
}
[DEBUG] Tool execution completed for tool2 (multi2): { toolResult: [32m&apos;Output 2&apos;[39m, returnDisplay: [32m&apos;Display 2&apos;[39m }
[DEBUG] Function response created for tool2 (multi2): {
  functionResponse: { id: [32m&apos;multi2&apos;[39m, name: [32m&apos;tool2&apos;[39m, response: { output: [32m&apos;Output 2&apos;[39m } }
}

            </system-out>
        </testcase>
        <testcase classname="src/ui/hooks/useToolScheduler.test.ts" name="useReactToolScheduler &gt; should throw error if scheduling while already running" time="0">
            <skipped/>
        </testcase>
        <testcase classname="src/ui/hooks/useToolScheduler.test.ts" name="mapToDisplay &gt; should map ToolCall with status &apos;validating&apos; (validating) correctly" time="0.000448833">
        </testcase>
        <testcase classname="src/ui/hooks/useToolScheduler.test.ts" name="mapToDisplay &gt; should map ToolCall with status &apos;awaiting_approval&apos; (awaiting_approval) correctly" time="0.00016">
        </testcase>
        <testcase classname="src/ui/hooks/useToolScheduler.test.ts" name="mapToDisplay &gt; should map ToolCall with status &apos;scheduled&apos; (scheduled) correctly" time="0.000145333">
        </testcase>
        <testcase classname="src/ui/hooks/useToolScheduler.test.ts" name="mapToDisplay &gt; should map ToolCall with status &apos;executing&apos; (executing no live output) correctly" time="0.000137792">
        </testcase>
        <testcase classname="src/ui/hooks/useToolScheduler.test.ts" name="mapToDisplay &gt; should map ToolCall with status &apos;executing&apos; (executing with live output) correctly" time="0.000142">
        </testcase>
        <testcase classname="src/ui/hooks/useToolScheduler.test.ts" name="mapToDisplay &gt; should map ToolCall with status &apos;success&apos; (success) correctly" time="0.000139417">
        </testcase>
        <testcase classname="src/ui/hooks/useToolScheduler.test.ts" name="mapToDisplay &gt; should map ToolCall with status &apos;error&apos; (error tool not found) correctly" time="0.00016">
        </testcase>
        <testcase classname="src/ui/hooks/useToolScheduler.test.ts" name="mapToDisplay &gt; should map ToolCall with status &apos;error&apos; (error tool execution failed) correctly" time="0.000133">
        </testcase>
        <testcase classname="src/ui/hooks/useToolScheduler.test.ts" name="mapToDisplay &gt; should map ToolCall with status &apos;cancelled&apos; (cancelled) correctly" time="0.00013525">
        </testcase>
        <testcase classname="src/ui/hooks/useToolScheduler.test.ts" name="mapToDisplay &gt; should map an array of ToolCalls correctly" time="0.000183541">
        </testcase>
    </testsuite>
    <testsuite name="src/ui/utils/MarkdownDisplay.test.tsx" timestamp="2025-08-09T13:11:31.740Z" hostname="b4837af7dd83" tests="14" failures="0" errors="0" skipped="0" time="0.137132292">
        <testcase classname="src/ui/utils/MarkdownDisplay.test.tsx" name="&lt;MarkdownDisplay /&gt; &gt; renders nothing for empty text" time="0.009063458">
        </testcase>
        <testcase classname="src/ui/utils/MarkdownDisplay.test.tsx" name="&lt;MarkdownDisplay /&gt; &gt; renders a simple paragraph" time="0.004627542">
        </testcase>
        <testcase classname="src/ui/utils/MarkdownDisplay.test.tsx" name="&lt;MarkdownDisplay /&gt; &gt; renders headers with correct levels" time="0.002323625">
        </testcase>
        <testcase classname="src/ui/utils/MarkdownDisplay.test.tsx" name="&lt;MarkdownDisplay /&gt; &gt; renders a fenced code block with a language" time="0.010517041">
        </testcase>
        <testcase classname="src/ui/utils/MarkdownDisplay.test.tsx" name="&lt;MarkdownDisplay /&gt; &gt; renders a fenced code block without a language" time="0.078812084">
        </testcase>
        <testcase classname="src/ui/utils/MarkdownDisplay.test.tsx" name="&lt;MarkdownDisplay /&gt; &gt; handles unclosed (pending) code blocks" time="0.002211208">
        </testcase>
        <testcase classname="src/ui/utils/MarkdownDisplay.test.tsx" name="&lt;MarkdownDisplay /&gt; &gt; renders unordered lists with different markers" time="0.002575125">
        </testcase>
        <testcase classname="src/ui/utils/MarkdownDisplay.test.tsx" name="&lt;MarkdownDisplay /&gt; &gt; renders nested unordered lists" time="0.001583542">
        </testcase>
        <testcase classname="src/ui/utils/MarkdownDisplay.test.tsx" name="&lt;MarkdownDisplay /&gt; &gt; renders ordered lists" time="0.001429333">
        </testcase>
        <testcase classname="src/ui/utils/MarkdownDisplay.test.tsx" name="&lt;MarkdownDisplay /&gt; &gt; renders horizontal rules" time="0.0016265">
        </testcase>
        <testcase classname="src/ui/utils/MarkdownDisplay.test.tsx" name="&lt;MarkdownDisplay /&gt; &gt; renders tables correctly" time="0.007294208">
        </testcase>
        <testcase classname="src/ui/utils/MarkdownDisplay.test.tsx" name="&lt;MarkdownDisplay /&gt; &gt; handles a table at the end of the input" time="0.001509667">
        </testcase>
        <testcase classname="src/ui/utils/MarkdownDisplay.test.tsx" name="&lt;MarkdownDisplay /&gt; &gt; inserts a single space between paragraphs" time="0.000871375">
        </testcase>
        <testcase classname="src/ui/utils/MarkdownDisplay.test.tsx" name="&lt;MarkdownDisplay /&gt; &gt; correctly parses a mix of markdown elements" time="0.011732791">
        </testcase>
    </testsuite>
    <testsuite name="src/ui/utils/clipboardUtils.test.ts" timestamp="2025-08-09T13:11:31.743Z" hostname="b4837af7dd83" tests="6" failures="0" errors="0" skipped="0" time="0.0030235">
        <testcase classname="src/ui/utils/clipboardUtils.test.ts" name="clipboardUtils &gt; clipboardHasImage &gt; should return false on non-macOS platforms" time="0.000788625">
        </testcase>
        <testcase classname="src/ui/utils/clipboardUtils.test.ts" name="clipboardUtils &gt; clipboardHasImage &gt; should return boolean on macOS" time="0.00008525">
        </testcase>
        <testcase classname="src/ui/utils/clipboardUtils.test.ts" name="clipboardUtils &gt; saveClipboardImage &gt; should return null on non-macOS platforms" time="0.00013225">
        </testcase>
        <testcase classname="src/ui/utils/clipboardUtils.test.ts" name="clipboardUtils &gt; saveClipboardImage &gt; should handle errors gracefully" time="0.000062167">
        </testcase>
        <testcase classname="src/ui/utils/clipboardUtils.test.ts" name="clipboardUtils &gt; cleanupOldClipboardImages &gt; should not throw errors" time="0.000840708">
        </testcase>
        <testcase classname="src/ui/utils/clipboardUtils.test.ts" name="clipboardUtils &gt; cleanupOldClipboardImages &gt; should complete without errors on valid directory" time="0.000253875">
        </testcase>
    </testsuite>
    <testsuite name="src/ui/utils/computeStats.test.ts" timestamp="2025-08-09T13:11:31.745Z" hostname="b4837af7dd83" tests="11" failures="0" errors="0" skipped="0" time="0.003281">
        <testcase classname="src/ui/utils/computeStats.test.ts" name="calculateErrorRate &gt; should return 0 if totalRequests is 0" time="0.000902">
        </testcase>
        <testcase classname="src/ui/utils/computeStats.test.ts" name="calculateErrorRate &gt; should calculate the error rate correctly" time="0.00009375">
        </testcase>
        <testcase classname="src/ui/utils/computeStats.test.ts" name="calculateAverageLatency &gt; should return 0 if totalRequests is 0" time="0.000118292">
        </testcase>
        <testcase classname="src/ui/utils/computeStats.test.ts" name="calculateAverageLatency &gt; should calculate the average latency correctly" time="0.0000585">
        </testcase>
        <testcase classname="src/ui/utils/computeStats.test.ts" name="calculateCacheHitRate &gt; should return 0 if prompt tokens is 0" time="0.000061625">
        </testcase>
        <testcase classname="src/ui/utils/computeStats.test.ts" name="calculateCacheHitRate &gt; should calculate the cache hit rate correctly" time="0.000060584">
        </testcase>
        <testcase classname="src/ui/utils/computeStats.test.ts" name="computeSessionStats &gt; should return all zeros for initial empty metrics" time="0.000502542">
        </testcase>
        <testcase classname="src/ui/utils/computeStats.test.ts" name="computeSessionStats &gt; should correctly calculate API and tool time percentages" time="0.000163125">
        </testcase>
        <testcase classname="src/ui/utils/computeStats.test.ts" name="computeSessionStats &gt; should correctly calculate cache efficiency" time="0.000103292">
        </testcase>
        <testcase classname="src/ui/utils/computeStats.test.ts" name="computeSessionStats &gt; should correctly calculate success and agreement rates" time="0.000082208">
        </testcase>
        <testcase classname="src/ui/utils/computeStats.test.ts" name="computeSessionStats &gt; should handle division by zero gracefully" time="0.000118042">
        </testcase>
    </testsuite>
    <testsuite name="src/ui/utils/displayUtils.test.ts" timestamp="2025-08-09T13:11:31.748Z" hostname="b4837af7dd83" tests="5" failures="0" errors="0" skipped="0" time="0.001958083">
        <testcase classname="src/ui/utils/displayUtils.test.ts" name="displayUtils &gt; getStatusColor &gt; should return green for values &gt;= green threshold" time="0.000796583">
        </testcase>
        <testcase classname="src/ui/utils/displayUtils.test.ts" name="displayUtils &gt; getStatusColor &gt; should return yellow for values &lt; green and &gt;= yellow threshold" time="0.000093667">
        </testcase>
        <testcase classname="src/ui/utils/displayUtils.test.ts" name="displayUtils &gt; getStatusColor &gt; should return red for values &lt; yellow threshold" time="0.0000685">
        </testcase>
        <testcase classname="src/ui/utils/displayUtils.test.ts" name="displayUtils &gt; getStatusColor &gt; should return defaultColor for values &lt; yellow threshold when provided" time="0.00016625">
        </testcase>
        <testcase classname="src/ui/utils/displayUtils.test.ts" name="displayUtils &gt; Threshold Constants &gt; should have the correct values" time="0.000131541">
        </testcase>
    </testsuite>
    <testsuite name="src/ui/utils/errorParsing.test.ts" timestamp="2025-08-09T13:11:31.749Z" hostname="b4837af7dd83" tests="21" failures="0" errors="0" skipped="0" time="0.00357725">
        <testcase classname="src/ui/utils/errorParsing.test.ts" name="parseAndFormatApiError &gt; should format a valid API error JSON" time="0.0008405">
        </testcase>
        <testcase classname="src/ui/utils/errorParsing.test.ts" name="parseAndFormatApiError &gt; should format a 429 API error with the default message" time="0.000245208">
        </testcase>
        <testcase classname="src/ui/utils/errorParsing.test.ts" name="parseAndFormatApiError &gt; should format a 429 API error with the personal message" time="0.000159042">
        </testcase>
        <testcase classname="src/ui/utils/errorParsing.test.ts" name="parseAndFormatApiError &gt; should format a 429 API error with the vertex message" time="0.000070583">
        </testcase>
        <testcase classname="src/ui/utils/errorParsing.test.ts" name="parseAndFormatApiError &gt; should return the original message if it is not a JSON error" time="0.000043708">
        </testcase>
        <testcase classname="src/ui/utils/errorParsing.test.ts" name="parseAndFormatApiError &gt; should return the original message for malformed JSON" time="0.000049667">
        </testcase>
        <testcase classname="src/ui/utils/errorParsing.test.ts" name="parseAndFormatApiError &gt; should handle JSON that does not match the ApiError structure" time="0.000047167">
        </testcase>
        <testcase classname="src/ui/utils/errorParsing.test.ts" name="parseAndFormatApiError &gt; should format a nested API error" time="0.000072542">
        </testcase>
        <testcase classname="src/ui/utils/errorParsing.test.ts" name="parseAndFormatApiError &gt; should format a StructuredError" time="0.000045666">
        </testcase>
        <testcase classname="src/ui/utils/errorParsing.test.ts" name="parseAndFormatApiError &gt; should format a 429 StructuredError with the vertex message" time="0.000062292">
        </testcase>
        <testcase classname="src/ui/utils/errorParsing.test.ts" name="parseAndFormatApiError &gt; should handle an unknown error type" time="0.000037375">
        </testcase>
        <testcase classname="src/ui/utils/errorParsing.test.ts" name="parseAndFormatApiError &gt; should format a 429 API error with Pro quota exceeded message for Google auth (Free tier)" time="0.000115833">
        </testcase>
        <testcase classname="src/ui/utils/errorParsing.test.ts" name="parseAndFormatApiError &gt; should format a regular 429 API error with standard message for Google auth" time="0.0001075">
        </testcase>
        <testcase classname="src/ui/utils/errorParsing.test.ts" name="parseAndFormatApiError &gt; should format a 429 API error with generic quota exceeded message for Google auth" time="0.000090875">
        </testcase>
        <testcase classname="src/ui/utils/errorParsing.test.ts" name="parseAndFormatApiError &gt; should prioritize Pro quota message over generic quota message for Google auth" time="0.000083625">
        </testcase>
        <testcase classname="src/ui/utils/errorParsing.test.ts" name="parseAndFormatApiError &gt; should format a 429 API error with Pro quota exceeded message for Google auth (Standard tier)" time="0.000106083">
        </testcase>
        <testcase classname="src/ui/utils/errorParsing.test.ts" name="parseAndFormatApiError &gt; should format a 429 API error with Pro quota exceeded message for Google auth (Legacy tier)" time="0.000093375">
        </testcase>
        <testcase classname="src/ui/utils/errorParsing.test.ts" name="parseAndFormatApiError &gt; should handle different Gemini 2.5 version strings in Pro quota exceeded errors" time="0.000104542">
        </testcase>
        <testcase classname="src/ui/utils/errorParsing.test.ts" name="parseAndFormatApiError &gt; should not match non-Pro models with similar version strings" time="0.000104458">
        </testcase>
        <testcase classname="src/ui/utils/errorParsing.test.ts" name="parseAndFormatApiError &gt; should format a generic quota exceeded message for Google auth (Standard tier)" time="0.000102708">
        </testcase>
        <testcase classname="src/ui/utils/errorParsing.test.ts" name="parseAndFormatApiError &gt; should format a regular 429 API error with standard message for Google auth (Standard tier)" time="0.000086834">
        </testcase>
    </testsuite>
    <testsuite name="src/ui/utils/formatters.test.ts" timestamp="2025-08-09T13:11:31.754Z" hostname="b4837af7dd83" tests="14" failures="0" errors="0" skipped="0" time="0.002207791">
        <testcase classname="src/ui/utils/formatters.test.ts" name="formatters &gt; formatMemoryUsage &gt; should format bytes into KB" time="0.000745125">
        </testcase>
        <testcase classname="src/ui/utils/formatters.test.ts" name="formatters &gt; formatMemoryUsage &gt; should format bytes into MB" time="0.000085917">
        </testcase>
        <testcase classname="src/ui/utils/formatters.test.ts" name="formatters &gt; formatMemoryUsage &gt; should format bytes into GB" time="0.000054">
        </testcase>
        <testcase classname="src/ui/utils/formatters.test.ts" name="formatters &gt; formatDuration &gt; should format milliseconds less than a second" time="0.000087375">
        </testcase>
        <testcase classname="src/ui/utils/formatters.test.ts" name="formatters &gt; formatDuration &gt; should format a duration of 0" time="0.000048583">
        </testcase>
        <testcase classname="src/ui/utils/formatters.test.ts" name="formatters &gt; formatDuration &gt; should format an exact number of seconds" time="0.000045959">
        </testcase>
        <testcase classname="src/ui/utils/formatters.test.ts" name="formatters &gt; formatDuration &gt; should format a duration in seconds with one decimal place" time="0.000045583">
        </testcase>
        <testcase classname="src/ui/utils/formatters.test.ts" name="formatters &gt; formatDuration &gt; should format an exact number of minutes" time="0.000051417">
        </testcase>
        <testcase classname="src/ui/utils/formatters.test.ts" name="formatters &gt; formatDuration &gt; should format a duration in minutes and seconds" time="0.000049584">
        </testcase>
        <testcase classname="src/ui/utils/formatters.test.ts" name="formatters &gt; formatDuration &gt; should format an exact number of hours" time="0.0000405">
        </testcase>
        <testcase classname="src/ui/utils/formatters.test.ts" name="formatters &gt; formatDuration &gt; should format a duration in hours and seconds" time="0.000043792">
        </testcase>
        <testcase classname="src/ui/utils/formatters.test.ts" name="formatters &gt; formatDuration &gt; should format a duration in hours, minutes, and seconds" time="0.000044083">
        </testcase>
        <testcase classname="src/ui/utils/formatters.test.ts" name="formatters &gt; formatDuration &gt; should handle large durations" time="0.000044666">
        </testcase>
        <testcase classname="src/ui/utils/formatters.test.ts" name="formatters &gt; formatDuration &gt; should handle negative durations" time="0.000041083">
        </testcase>
    </testsuite>
    <testsuite name="src/ui/utils/markdownUtilities.test.ts" timestamp="2025-08-09T13:11:31.758Z" hostname="b4837af7dd83" tests="7" failures="0" errors="0" skipped="0" time="0.001909709">
        <testcase classname="src/ui/utils/markdownUtilities.test.ts" name="markdownUtilities &gt; findLastSafeSplitPoint &gt; should split at the last double newline if not in a code block" time="0.00080975">
        </testcase>
        <testcase classname="src/ui/utils/markdownUtilities.test.ts" name="markdownUtilities &gt; findLastSafeSplitPoint &gt; should return content.length if no safe split point is found" time="0.000086375">
        </testcase>
        <testcase classname="src/ui/utils/markdownUtilities.test.ts" name="markdownUtilities &gt; findLastSafeSplitPoint &gt; should prioritize splitting at 

 over being at the very end of the string if the end is not in a code block" time="0.000054459">
        </testcase>
        <testcase classname="src/ui/utils/markdownUtilities.test.ts" name="markdownUtilities &gt; findLastSafeSplitPoint &gt; should return content.length if the only 

 is inside a code block and the end of content is not" time="0.000047542">
        </testcase>
        <testcase classname="src/ui/utils/markdownUtilities.test.ts" name="markdownUtilities &gt; findLastSafeSplitPoint &gt; should correctly identify the last 

 even if it is followed by text not in a code block" time="0.000051375">
        </testcase>
        <testcase classname="src/ui/utils/markdownUtilities.test.ts" name="markdownUtilities &gt; findLastSafeSplitPoint &gt; should return content.length if content is empty" time="0.000041167">
        </testcase>
        <testcase classname="src/ui/utils/markdownUtilities.test.ts" name="markdownUtilities &gt; findLastSafeSplitPoint &gt; should return content.length if content has no newlines and no code blocks" time="0.000044292">
        </testcase>
    </testsuite>
    <testsuite name="src/ui/utils/textUtils.test.ts" timestamp="2025-08-09T13:11:31.760Z" hostname="b4837af7dd83" tests="5" failures="0" errors="0" skipped="0" time="0.002008792">
        <testcase classname="src/ui/utils/textUtils.test.ts" name="textUtils &gt; isBinary &gt; should return true for a buffer containing a null byte" time="0.000829625">
        </testcase>
        <testcase classname="src/ui/utils/textUtils.test.ts" name="textUtils &gt; isBinary &gt; should return false for a buffer containing only text" time="0.000083833">
        </testcase>
        <testcase classname="src/ui/utils/textUtils.test.ts" name="textUtils &gt; isBinary &gt; should return false for an empty buffer" time="0.0000585">
        </testcase>
        <testcase classname="src/ui/utils/textUtils.test.ts" name="textUtils &gt; isBinary &gt; should return false for a null or undefined buffer" time="0.000059209">
        </testcase>
        <testcase classname="src/ui/utils/textUtils.test.ts" name="textUtils &gt; isBinary &gt; should only check the sample size" time="0.000097208">
        </testcase>
    </testsuite>
    <testsuite name="src/ui/utils/updateCheck.test.ts" timestamp="2025-08-09T13:11:31.761Z" hostname="b4837af7dd83" tests="6" failures="1" errors="0" skipped="0" time="0.015606083">
        <testcase classname="src/ui/utils/updateCheck.test.ts" name="checkForUpdates &gt; should return null if package.json is missing" time="0.000806542">
        </testcase>
        <testcase classname="src/ui/utils/updateCheck.test.ts" name="checkForUpdates &gt; should return null if there is no update" time="0.000096458">
        </testcase>
        <testcase classname="src/ui/utils/updateCheck.test.ts" name="checkForUpdates &gt; should return a message if a newer version is available" time="0.013743375">
            <failure message="the given combination of arguments (null and string) is invalid for this assertion. You can use an array, a map, an object, a set, a string, or a weakset instead of a string" type="AssertionError">
AssertionError: the given combination of arguments (null and string) is invalid for this assertion. You can use an array, a map, an object, a set, a string, or a weakset instead of a string
 ❯ src/ui/utils/updateCheck.test.ts:50:20
            </failure>
        </testcase>
        <testcase classname="src/ui/utils/updateCheck.test.ts" name="checkForUpdates &gt; should return null if the latest version is the same as the current version" time="0.000122375">
        </testcase>
        <testcase classname="src/ui/utils/updateCheck.test.ts" name="checkForUpdates &gt; should return null if the latest version is older than the current version" time="0.000067708">
        </testcase>
        <testcase classname="src/ui/utils/updateCheck.test.ts" name="checkForUpdates &gt; should handle errors gracefully" time="0.000074084">
        </testcase>
    </testsuite>
    <testsuite name="src/ui/components/messages/DiffRenderer.test.tsx" timestamp="2025-08-09T13:11:31.763Z" hostname="b4837af7dd83" tests="13" failures="0" errors="0" skipped="0" time="0.160135834">
        <testcase classname="src/ui/components/messages/DiffRenderer.test.tsx" name="&lt;OverflowProvider&gt;&lt;DiffRenderer /&gt;&lt;/OverflowProvider&gt; &gt; should call colorizeCode with correct language for new file with known extension" time="0.021801916">
        </testcase>
        <testcase classname="src/ui/components/messages/DiffRenderer.test.tsx" name="&lt;OverflowProvider&gt;&lt;DiffRenderer /&gt;&lt;/OverflowProvider&gt; &gt; should call colorizeCode with null language for new file with unknown extension" time="0.081583833">
        </testcase>
        <testcase classname="src/ui/components/messages/DiffRenderer.test.tsx" name="&lt;OverflowProvider&gt;&lt;DiffRenderer /&gt;&lt;/OverflowProvider&gt; &gt; should call colorizeCode with null language for new file if no filename is provided" time="0.01121375">
        </testcase>
        <testcase classname="src/ui/components/messages/DiffRenderer.test.tsx" name="&lt;OverflowProvider&gt;&lt;DiffRenderer /&gt;&lt;/OverflowProvider&gt; &gt; should render diff content for existing file (not calling colorizeCode directly for the whole block)" time="0.002919042">
        </testcase>
        <testcase classname="src/ui/components/messages/DiffRenderer.test.tsx" name="&lt;OverflowProvider&gt;&lt;DiffRenderer /&gt;&lt;/OverflowProvider&gt; &gt; should handle diff with only header and no changes" time="0.001424792">
        </testcase>
        <testcase classname="src/ui/components/messages/DiffRenderer.test.tsx" name="&lt;OverflowProvider&gt;&lt;DiffRenderer /&gt;&lt;/OverflowProvider&gt; &gt; should handle empty diff content" time="0.000574166">
        </testcase>
        <testcase classname="src/ui/components/messages/DiffRenderer.test.tsx" name="&lt;OverflowProvider&gt;&lt;DiffRenderer /&gt;&lt;/OverflowProvider&gt; &gt; should render a gap indicator for skipped lines" time="0.004806209">
        </testcase>
        <testcase classname="src/ui/components/messages/DiffRenderer.test.tsx" name="&lt;OverflowProvider&gt;&lt;DiffRenderer /&gt;&lt;/OverflowProvider&gt; &gt; should not render a gap indicator for small gaps (&lt;= MAX_CONTEXT_LINES_WITHOUT_GAP)" time="0.006557375">
        </testcase>
        <testcase classname="src/ui/components/messages/DiffRenderer.test.tsx" name="&lt;OverflowProvider&gt;&lt;DiffRenderer /&gt;&lt;/OverflowProvider&gt; &gt; should correctly render a diff with multiple hunks and a gap indicator &gt; with terminalWidth 80 and height undefined" time="0.011667208">
        </testcase>
        <testcase classname="src/ui/components/messages/DiffRenderer.test.tsx" name="&lt;OverflowProvider&gt;&lt;DiffRenderer /&gt;&lt;/OverflowProvider&gt; &gt; should correctly render a diff with multiple hunks and a gap indicator &gt; with terminalWidth 80 and height 6" time="0.0044285">
        </testcase>
        <testcase classname="src/ui/components/messages/DiffRenderer.test.tsx" name="&lt;OverflowProvider&gt;&lt;DiffRenderer /&gt;&lt;/OverflowProvider&gt; &gt; should correctly render a diff with multiple hunks and a gap indicator &gt; with terminalWidth 30 and height 6" time="0.003465417">
        </testcase>
        <testcase classname="src/ui/components/messages/DiffRenderer.test.tsx" name="&lt;OverflowProvider&gt;&lt;DiffRenderer /&gt;&lt;/OverflowProvider&gt; &gt; should correctly render a diff with a SVN diff format" time="0.002929916">
        </testcase>
        <testcase classname="src/ui/components/messages/DiffRenderer.test.tsx" name="&lt;OverflowProvider&gt;&lt;DiffRenderer /&gt;&lt;/OverflowProvider&gt; &gt; should correctly render a new file with no file extension correctly" time="0.0056915">
        </testcase>
    </testsuite>
    <testsuite name="src/ui/components/messages/ToolConfirmationMessage.test.tsx" timestamp="2025-08-09T13:11:31.766Z" hostname="b4837af7dd83" tests="2" failures="0" errors="0" skipped="0" time="0.02126925">
        <testcase classname="src/ui/components/messages/ToolConfirmationMessage.test.tsx" name="ToolConfirmationMessage &gt; should not display urls if prompt and url are the same" time="0.016092042">
        </testcase>
        <testcase classname="src/ui/components/messages/ToolConfirmationMessage.test.tsx" name="ToolConfirmationMessage &gt; should display urls if prompt and url are different" time="0.004489917">
        </testcase>
    </testsuite>
    <testsuite name="src/ui/components/messages/ToolMessage.test.tsx" timestamp="2025-08-09T13:11:31.767Z" hostname="b4837af7dd83" tests="11" failures="0" errors="0" skipped="0" time="0.030862708">
        <testcase classname="src/ui/components/messages/ToolMessage.test.tsx" name="&lt;ToolMessage /&gt; &gt; renders basic tool information" time="0.015176125">
        </testcase>
        <testcase classname="src/ui/components/messages/ToolMessage.test.tsx" name="&lt;ToolMessage /&gt; &gt; ToolStatusIndicator rendering &gt; shows ✔ for Success status" time="0.001418833">
        </testcase>
        <testcase classname="src/ui/components/messages/ToolMessage.test.tsx" name="&lt;ToolMessage /&gt; &gt; ToolStatusIndicator rendering &gt; shows o for Pending status" time="0.001226958">
        </testcase>
        <testcase classname="src/ui/components/messages/ToolMessage.test.tsx" name="&lt;ToolMessage /&gt; &gt; ToolStatusIndicator rendering &gt; shows ? for Confirming status" time="0.001275084">
        </testcase>
        <testcase classname="src/ui/components/messages/ToolMessage.test.tsx" name="&lt;ToolMessage /&gt; &gt; ToolStatusIndicator rendering &gt; shows - for Canceled status" time="0.001216583">
        </testcase>
        <testcase classname="src/ui/components/messages/ToolMessage.test.tsx" name="&lt;ToolMessage /&gt; &gt; ToolStatusIndicator rendering &gt; shows x for Error status" time="0.001126792">
        </testcase>
        <testcase classname="src/ui/components/messages/ToolMessage.test.tsx" name="&lt;ToolMessage /&gt; &gt; ToolStatusIndicator rendering &gt; shows paused spinner for Executing status when streamingState is Idle" time="0.001266917">
        </testcase>
        <testcase classname="src/ui/components/messages/ToolMessage.test.tsx" name="&lt;ToolMessage /&gt; &gt; ToolStatusIndicator rendering &gt; shows paused spinner for Executing status when streamingState is WaitingForConfirmation" time="0.001188709">
        </testcase>
        <testcase classname="src/ui/components/messages/ToolMessage.test.tsx" name="&lt;ToolMessage /&gt; &gt; ToolStatusIndicator rendering &gt; shows MockRespondingSpinner for Executing status when streamingState is Responding" time="0.001366333">
        </testcase>
        <testcase classname="src/ui/components/messages/ToolMessage.test.tsx" name="&lt;ToolMessage /&gt; &gt; renders DiffRenderer for diff results" time="0.001738625">
        </testcase>
        <testcase classname="src/ui/components/messages/ToolMessage.test.tsx" name="&lt;ToolMessage /&gt; &gt; renders emphasis correctly" time="0.00301225">
        </testcase>
    </testsuite>
    <testsuite name="src/ui/components/shared/MaxSizedBox.test.tsx" timestamp="2025-08-09T13:11:31.770Z" hostname="b4837af7dd83" tests="21" failures="0" errors="0" skipped="0" time="0.061706625">
        <testcase classname="src/ui/components/shared/MaxSizedBox.test.tsx" name="&lt;MaxSizedBox /&gt; &gt; renders children without truncation when they fit" time="0.013112917">
        </testcase>
        <testcase classname="src/ui/components/shared/MaxSizedBox.test.tsx" name="&lt;MaxSizedBox /&gt; &gt; hides lines when content exceeds maxHeight" time="0.001675209">
        </testcase>
        <testcase classname="src/ui/components/shared/MaxSizedBox.test.tsx" name="&lt;MaxSizedBox /&gt; &gt; hides lines at the end when content exceeds maxHeight and overflowDirection is bottom" time="0.001046333">
        </testcase>
        <testcase classname="src/ui/components/shared/MaxSizedBox.test.tsx" name="&lt;MaxSizedBox /&gt; &gt; wraps text that exceeds maxWidth" time="0.0014155">
        </testcase>
        <testcase classname="src/ui/components/shared/MaxSizedBox.test.tsx" name="&lt;MaxSizedBox /&gt; &gt; handles mixed wrapping and non-wrapping segments" time="0.005094667">
        </testcase>
        <testcase classname="src/ui/components/shared/MaxSizedBox.test.tsx" name="&lt;MaxSizedBox /&gt; &gt; handles words longer than maxWidth by splitting them" time="0.003055625">
        </testcase>
        <testcase classname="src/ui/components/shared/MaxSizedBox.test.tsx" name="&lt;MaxSizedBox /&gt; &gt; does not truncate when maxHeight is undefined" time="0.000820375">
        </testcase>
        <testcase classname="src/ui/components/shared/MaxSizedBox.test.tsx" name="&lt;MaxSizedBox /&gt; &gt; shows plural &quot;lines&quot; when more than one line is hidden" time="0.001074625">
        </testcase>
        <testcase classname="src/ui/components/shared/MaxSizedBox.test.tsx" name="&lt;MaxSizedBox /&gt; &gt; shows plural &quot;lines&quot; when more than one line is hidden and overflowDirection is bottom" time="0.001310375">
        </testcase>
        <testcase classname="src/ui/components/shared/MaxSizedBox.test.tsx" name="&lt;MaxSizedBox /&gt; &gt; renders an empty box for empty children" time="0.00044675">
        </testcase>
        <testcase classname="src/ui/components/shared/MaxSizedBox.test.tsx" name="&lt;MaxSizedBox /&gt; &gt; wraps text with multi-byte unicode characters correctly" time="0.000851541">
        </testcase>
        <testcase classname="src/ui/components/shared/MaxSizedBox.test.tsx" name="&lt;MaxSizedBox /&gt; &gt; wraps text with multi-byte emoji characters correctly" time="0.00091825">
        </testcase>
        <testcase classname="src/ui/components/shared/MaxSizedBox.test.tsx" name="&lt;MaxSizedBox /&gt; &gt; falls back to an ellipsis when width is extremely small" time="0.000731291">
        </testcase>
        <testcase classname="src/ui/components/shared/MaxSizedBox.test.tsx" name="&lt;MaxSizedBox /&gt; &gt; truncates long non-wrapping text with ellipsis" time="0.000876958">
        </testcase>
        <testcase classname="src/ui/components/shared/MaxSizedBox.test.tsx" name="&lt;MaxSizedBox /&gt; &gt; truncates non-wrapping text containing line breaks" time="0.000730792">
        </testcase>
        <testcase classname="src/ui/components/shared/MaxSizedBox.test.tsx" name="&lt;MaxSizedBox /&gt; &gt; truncates emoji characters correctly with ellipsis" time="0.003945167">
        </testcase>
        <testcase classname="src/ui/components/shared/MaxSizedBox.test.tsx" name="&lt;MaxSizedBox /&gt; &gt; shows ellipsis for multiple rows with long non-wrapping text" time="0.004802542">
        </testcase>
        <testcase classname="src/ui/components/shared/MaxSizedBox.test.tsx" name="&lt;MaxSizedBox /&gt; &gt; accounts for additionalHiddenLinesCount" time="0.004238584">
        </testcase>
        <testcase classname="src/ui/components/shared/MaxSizedBox.test.tsx" name="&lt;MaxSizedBox /&gt; &gt; handles React.Fragment as a child" time="0.003916041">
        </testcase>
        <testcase classname="src/ui/components/shared/MaxSizedBox.test.tsx" name="&lt;MaxSizedBox /&gt; &gt; clips a long single text child from the top" time="0.005902917">
        </testcase>
        <testcase classname="src/ui/components/shared/MaxSizedBox.test.tsx" name="&lt;MaxSizedBox /&gt; &gt; clips a long single text child from the bottom" time="0.004587875">
        </testcase>
    </testsuite>
    <testsuite name="src/ui/components/shared/text-buffer.test.ts" timestamp="2025-08-09T13:11:31.775Z" hostname="b4837af7dd83" tests="73" failures="0" errors="0" skipped="0" time="0.110113416">
        <testcase classname="src/ui/components/shared/text-buffer.test.ts" name="textBufferReducer &gt; should return the initial state if state is undefined" time="0.00190025">
            <system-err>
Unknown action encountered: [object Object]

            </system-err>
        </testcase>
        <testcase classname="src/ui/components/shared/text-buffer.test.ts" name="textBufferReducer &gt; set_text action &gt; should set new text and move cursor to the end" time="0.00034325">
        </testcase>
        <testcase classname="src/ui/components/shared/text-buffer.test.ts" name="textBufferReducer &gt; set_text action &gt; should not create an undo snapshot if pushToUndo is false" time="0.000119042">
        </testcase>
        <testcase classname="src/ui/components/shared/text-buffer.test.ts" name="textBufferReducer &gt; insert action &gt; should insert a character" time="0.000279583">
        </testcase>
        <testcase classname="src/ui/components/shared/text-buffer.test.ts" name="textBufferReducer &gt; insert action &gt; should insert a newline" time="0.000128792">
        </testcase>
        <testcase classname="src/ui/components/shared/text-buffer.test.ts" name="textBufferReducer &gt; backspace action &gt; should remove a character" time="0.000091625">
        </testcase>
        <testcase classname="src/ui/components/shared/text-buffer.test.ts" name="textBufferReducer &gt; backspace action &gt; should join lines if at the beginning of a line" time="0.000100666">
        </testcase>
        <testcase classname="src/ui/components/shared/text-buffer.test.ts" name="textBufferReducer &gt; undo/redo actions &gt; should undo and redo a change" time="0.000287708">
        </testcase>
        <testcase classname="src/ui/components/shared/text-buffer.test.ts" name="textBufferReducer &gt; create_undo_snapshot action &gt; should create a snapshot without changing state" time="0.000161">
        </testcase>
        <testcase classname="src/ui/components/shared/text-buffer.test.ts" name="useTextBuffer &gt; Initialization &gt; should initialize with empty text and cursor at (0,0) by default" time="0.00978125">
        </testcase>
        <testcase classname="src/ui/components/shared/text-buffer.test.ts" name="useTextBuffer &gt; Initialization &gt; should initialize with provided initialText" time="0.002181667">
        </testcase>
        <testcase classname="src/ui/components/shared/text-buffer.test.ts" name="useTextBuffer &gt; Initialization &gt; should initialize with initialText and initialCursorOffset" time="0.001273958">
        </testcase>
        <testcase classname="src/ui/components/shared/text-buffer.test.ts" name="useTextBuffer &gt; Initialization &gt; should wrap visual lines" time="0.001128041">
        </testcase>
        <testcase classname="src/ui/components/shared/text-buffer.test.ts" name="useTextBuffer &gt; Initialization &gt; should wrap visual lines with multiple spaces" time="0.001220541">
        </testcase>
        <testcase classname="src/ui/components/shared/text-buffer.test.ts" name="useTextBuffer &gt; Initialization &gt; should wrap visual lines even without spaces" time="0.004900708">
        </testcase>
        <testcase classname="src/ui/components/shared/text-buffer.test.ts" name="useTextBuffer &gt; Initialization &gt; should initialize with multi-byte unicode characters and correct cursor offset" time="0.001809125">
        </testcase>
        <testcase classname="src/ui/components/shared/text-buffer.test.ts" name="useTextBuffer &gt; Basic Editing &gt; insert: should insert a character and update cursor" time="0.001372333">
        </testcase>
        <testcase classname="src/ui/components/shared/text-buffer.test.ts" name="useTextBuffer &gt; Basic Editing &gt; insert: should insert text in the middle of a line" time="0.001233125">
        </testcase>
        <testcase classname="src/ui/components/shared/text-buffer.test.ts" name="useTextBuffer &gt; Basic Editing &gt; newline: should create a new line and move cursor" time="0.001136708">
        </testcase>
        <testcase classname="src/ui/components/shared/text-buffer.test.ts" name="useTextBuffer &gt; Basic Editing &gt; backspace: should delete char to the left or merge lines" time="0.001413667">
        </testcase>
        <testcase classname="src/ui/components/shared/text-buffer.test.ts" name="useTextBuffer &gt; Basic Editing &gt; del: should delete char to the right or merge lines" time="0.001167542">
        </testcase>
        <testcase classname="src/ui/components/shared/text-buffer.test.ts" name="useTextBuffer &gt; Drag and Drop File Paths &gt; should prepend @ to a valid file path on insert" time="0.001020667">
        </testcase>
        <testcase classname="src/ui/components/shared/text-buffer.test.ts" name="useTextBuffer &gt; Drag and Drop File Paths &gt; should not prepend @ to an invalid file path on insert" time="0.000982667">
        </testcase>
        <testcase classname="src/ui/components/shared/text-buffer.test.ts" name="useTextBuffer &gt; Drag and Drop File Paths &gt; should handle quoted paths" time="0.000974416">
        </testcase>
        <testcase classname="src/ui/components/shared/text-buffer.test.ts" name="useTextBuffer &gt; Drag and Drop File Paths &gt; should not prepend @ to short text that is not a path" time="0.000849625">
        </testcase>
        <testcase classname="src/ui/components/shared/text-buffer.test.ts" name="useTextBuffer &gt; Shell Mode Behavior &gt; should not prepend @ to valid file paths when shellModeActive is true" time="0.000958292">
        </testcase>
        <testcase classname="src/ui/components/shared/text-buffer.test.ts" name="useTextBuffer &gt; Shell Mode Behavior &gt; should not prepend @ to quoted paths when shellModeActive is true" time="0.000953333">
        </testcase>
        <testcase classname="src/ui/components/shared/text-buffer.test.ts" name="useTextBuffer &gt; Shell Mode Behavior &gt; should behave normally with invalid paths when shellModeActive is true" time="0.001020375">
        </testcase>
        <testcase classname="src/ui/components/shared/text-buffer.test.ts" name="useTextBuffer &gt; Shell Mode Behavior &gt; should behave normally with short text when shellModeActive is true" time="0.000817417">
        </testcase>
        <testcase classname="src/ui/components/shared/text-buffer.test.ts" name="useTextBuffer &gt; Cursor Movement &gt; move: left/right should work within and across visual lines (due to wrapping)" time="0.00967125">
        </testcase>
        <testcase classname="src/ui/components/shared/text-buffer.test.ts" name="useTextBuffer &gt; Cursor Movement &gt; move: up/down should preserve preferred visual column" time="0.00281275">
        </testcase>
        <testcase classname="src/ui/components/shared/text-buffer.test.ts" name="useTextBuffer &gt; Cursor Movement &gt; move: home/end should go to visual line start/end" time="0.002110667">
        </testcase>
        <testcase classname="src/ui/components/shared/text-buffer.test.ts" name="useTextBuffer &gt; Visual Layout &amp; Viewport &gt; should wrap long lines correctly into visualLines" time="0.001269125">
        </testcase>
        <testcase classname="src/ui/components/shared/text-buffer.test.ts" name="useTextBuffer &gt; Visual Layout &amp; Viewport &gt; should update visualScrollRow when visualCursor moves out of viewport" time="0.002892291">
        </testcase>
        <testcase classname="src/ui/components/shared/text-buffer.test.ts" name="useTextBuffer &gt; Undo/Redo &gt; should undo and redo an insert operation" time="0.001206666">
        </testcase>
        <testcase classname="src/ui/components/shared/text-buffer.test.ts" name="useTextBuffer &gt; Undo/Redo &gt; should undo and redo a newline operation" time="0.001388333">
        </testcase>
        <testcase classname="src/ui/components/shared/text-buffer.test.ts" name="useTextBuffer &gt; Unicode Handling &gt; insert: should correctly handle multi-byte unicode characters" time="0.000854333">
        </testcase>
        <testcase classname="src/ui/components/shared/text-buffer.test.ts" name="useTextBuffer &gt; Unicode Handling &gt; backspace: should correctly delete multi-byte unicode characters" time="0.001646">
        </testcase>
        <testcase classname="src/ui/components/shared/text-buffer.test.ts" name="useTextBuffer &gt; Unicode Handling &gt; move: left/right should treat multi-byte chars as single units for visual cursor" time="0.001162834">
        </testcase>
        <testcase classname="src/ui/components/shared/text-buffer.test.ts" name="useTextBuffer &gt; handleInput &gt; should insert printable characters" time="0.001039209">
        </testcase>
        <testcase classname="src/ui/components/shared/text-buffer.test.ts" name="useTextBuffer &gt; handleInput &gt; should handle &quot;Enter&quot; key as newline" time="0.00139225">
        </testcase>
        <testcase classname="src/ui/components/shared/text-buffer.test.ts" name="useTextBuffer &gt; handleInput &gt; should handle &quot;Backspace&quot; key" time="0.001108791">
        </testcase>
        <testcase classname="src/ui/components/shared/text-buffer.test.ts" name="useTextBuffer &gt; handleInput &gt; should handle multiple delete characters in one input" time="0.001050583">
        </testcase>
        <testcase classname="src/ui/components/shared/text-buffer.test.ts" name="useTextBuffer &gt; handleInput &gt; should handle inserts that contain delete characters " time="0.000929">
        </testcase>
        <testcase classname="src/ui/components/shared/text-buffer.test.ts" name="useTextBuffer &gt; handleInput &gt; should handle inserts with a mix of regular and delete characters " time="0.001008667">
        </testcase>
        <testcase classname="src/ui/components/shared/text-buffer.test.ts" name="useTextBuffer &gt; handleInput &gt; should handle arrow keys for movement" time="0.000898958">
        </testcase>
        <testcase classname="src/ui/components/shared/text-buffer.test.ts" name="useTextBuffer &gt; handleInput &gt; should strip ANSI escape codes when pasting text" time="0.000732542">
        </testcase>
        <testcase classname="src/ui/components/shared/text-buffer.test.ts" name="useTextBuffer &gt; handleInput &gt; should handle VSCode terminal Shift+Enter as newline" time="0.000626625">
        </testcase>
        <testcase classname="src/ui/components/shared/text-buffer.test.ts" name="useTextBuffer &gt; handleInput &gt; should correctly handle repeated pasting of long text" time="0.022234708">
        </testcase>
        <testcase classname="src/ui/components/shared/text-buffer.test.ts" name="useTextBuffer &gt; replaceRange &gt; should replace a single-line range with single-line text" time="0.001180917">
        </testcase>
        <testcase classname="src/ui/components/shared/text-buffer.test.ts" name="useTextBuffer &gt; replaceRange &gt; should replace a multi-line range with single-line text" time="0.000911292">
        </testcase>
        <testcase classname="src/ui/components/shared/text-buffer.test.ts" name="useTextBuffer &gt; replaceRange &gt; should delete a range when replacing with an empty string" time="0.000817167">
        </testcase>
        <testcase classname="src/ui/components/shared/text-buffer.test.ts" name="useTextBuffer &gt; replaceRange &gt; should handle replacing at the beginning of the text" time="0.001265042">
        </testcase>
        <testcase classname="src/ui/components/shared/text-buffer.test.ts" name="useTextBuffer &gt; replaceRange &gt; should handle replacing at the end of the text" time="0.000766834">
        </testcase>
        <testcase classname="src/ui/components/shared/text-buffer.test.ts" name="useTextBuffer &gt; replaceRange &gt; should handle replacing the entire buffer content" time="0.000772792">
        </testcase>
        <testcase classname="src/ui/components/shared/text-buffer.test.ts" name="useTextBuffer &gt; replaceRange &gt; should correctly replace with unicode characters" time="0.000876459">
        </testcase>
        <testcase classname="src/ui/components/shared/text-buffer.test.ts" name="useTextBuffer &gt; replaceRange &gt; should handle invalid range by returning false and not changing text" time="0.000827167">
        </testcase>
        <testcase classname="src/ui/components/shared/text-buffer.test.ts" name="useTextBuffer &gt; replaceRange &gt; replaceRange: multiple lines with a single character" time="0.000707">
        </testcase>
        <testcase classname="src/ui/components/shared/text-buffer.test.ts" name="useTextBuffer &gt; Input Sanitization &gt; should strip ANSI escape codes from input" time="0.00068025">
        </testcase>
        <testcase classname="src/ui/components/shared/text-buffer.test.ts" name="useTextBuffer &gt; Input Sanitization &gt; should strip control characters from input" time="0.000728375">
        </testcase>
        <testcase classname="src/ui/components/shared/text-buffer.test.ts" name="useTextBuffer &gt; Input Sanitization &gt; should strip mixed ANSI and control characters from input" time="0.000678042">
        </testcase>
        <testcase classname="src/ui/components/shared/text-buffer.test.ts" name="useTextBuffer &gt; Input Sanitization &gt; should not strip standard characters or newlines" time="0.000777125">
        </testcase>
        <testcase classname="src/ui/components/shared/text-buffer.test.ts" name="useTextBuffer &gt; Input Sanitization &gt; should sanitize pasted text via handleInput" time="0.000839209">
        </testcase>
        <testcase classname="src/ui/components/shared/text-buffer.test.ts" name="offsetToLogicalPos &gt; should return [0,0] for offset 0" time="0.000079208">
        </testcase>
        <testcase classname="src/ui/components/shared/text-buffer.test.ts" name="offsetToLogicalPos &gt; should handle single line text" time="0.000128792">
        </testcase>
        <testcase classname="src/ui/components/shared/text-buffer.test.ts" name="offsetToLogicalPos &gt; should handle multi-line text" time="0.000217041">
        </testcase>
        <testcase classname="src/ui/components/shared/text-buffer.test.ts" name="offsetToLogicalPos &gt; should handle empty lines" time="0.000115167">
        </testcase>
        <testcase classname="src/ui/components/shared/text-buffer.test.ts" name="offsetToLogicalPos &gt; should handle text ending with a newline" time="0.000084">
        </testcase>
        <testcase classname="src/ui/components/shared/text-buffer.test.ts" name="offsetToLogicalPos &gt; should handle text starting with a newline" time="0.000081792">
        </testcase>
        <testcase classname="src/ui/components/shared/text-buffer.test.ts" name="offsetToLogicalPos &gt; should handle empty string input" time="0.000061833">
        </testcase>
        <testcase classname="src/ui/components/shared/text-buffer.test.ts" name="offsetToLogicalPos &gt; should handle multi-byte unicode characters correctly" time="0.000173125">
        </testcase>
        <testcase classname="src/ui/components/shared/text-buffer.test.ts" name="offsetToLogicalPos &gt; should handle offset exactly at newline character" time="0.000068458">
        </testcase>
        <testcase classname="src/ui/components/shared/text-buffer.test.ts" name="offsetToLogicalPos &gt; should handle offset in the middle of a multi-byte character (should place at start of that char)" time="0.000082083">
        </testcase>
    </testsuite>
</testsuites>
