<?xml version="1.0" encoding="UTF-8" ?>
<testsuites name="vitest tests" tests="757" failures="71" errors="0" time="26.244458425">
    <testsuite name="src/gemini.test.tsx" timestamp="2025-08-12T09:45:13.893Z" hostname="63accec1df8b" tests="1" failures="0" errors="0" skipped="0" time="0.004518417">
        <testcase classname="src/gemini.test.tsx" name="gemini.tsx main function &gt; should call process.exit(1) if settings have errors" time="0.003751625">
        </testcase>
    </testsuite>
    <testsuite name="src/nonInteractiveCli.test.ts" timestamp="2025-08-12T09:45:13.893Z" hostname="63accec1df8b" tests="6" failures="6" errors="0" skipped="0" time="0.015482125">
        <testcase classname="src/nonInteractiveCli.test.ts" name="runNonInteractive &gt; should process input and write text output" time="0.010388708">
            <failure message="Cannot read properties of undefined (reading &apos;file&apos;)" type="TypeError">
TypeError: Cannot read properties of undefined (reading &apos;file&apos;)
 ❯ Module.runNonInteractive src/nonInteractiveCli.ts:71:12
 ❯ src/nonInteractiveCli.test.ts:85:5
            </failure>
        </testcase>
        <testcase classname="src/nonInteractiveCli.test.ts" name="runNonInteractive &gt; should handle a single tool call and respond" time="0.001123833">
            <failure message="Cannot read properties of undefined (reading &apos;file&apos;)" type="TypeError">
TypeError: Cannot read properties of undefined (reading &apos;file&apos;)
 ❯ Module.runNonInteractive src/nonInteractiveCli.ts:71:12
 ❯ src/nonInteractiveCli.test.ts:138:5
            </failure>
        </testcase>
        <testcase classname="src/nonInteractiveCli.test.ts" name="runNonInteractive &gt; should handle error during tool execution" time="0.001058375">
            <failure message="Cannot read properties of undefined (reading &apos;file&apos;)" type="TypeError">
TypeError: Cannot read properties of undefined (reading &apos;file&apos;)
 ❯ Module.runNonInteractive src/nonInteractiveCli.ts:71:12
 ❯ src/nonInteractiveCli.test.ts:198:5
            </failure>
        </testcase>
        <testcase classname="src/nonInteractiveCli.test.ts" name="runNonInteractive &gt; should exit with error if sendMessageStream throws initially" time="0.000506417">
            <failure message="Cannot read properties of undefined (reading &apos;file&apos;)" type="TypeError">
TypeError: Cannot read properties of undefined (reading &apos;file&apos;)
 ❯ Module.runNonInteractive src/nonInteractiveCli.ts:71:12
 ❯ src/nonInteractiveCli.test.ts:222:5
            </failure>
        </testcase>
        <testcase classname="src/nonInteractiveCli.test.ts" name="runNonInteractive &gt; should not exit if a tool is not found, and should send error back to model" time="0.000569083">
            <failure message="Cannot read properties of undefined (reading &apos;file&apos;)" type="TypeError">
TypeError: Cannot read properties of undefined (reading &apos;file&apos;)
 ❯ Module.runNonInteractive src/nonInteractiveCli.ts:71:12
 ❯ src/nonInteractiveCli.test.ts:274:5
            </failure>
        </testcase>
        <testcase classname="src/nonInteractiveCli.test.ts" name="runNonInteractive &gt; should exit when max session turns are exceeded" time="0.000889959">
            <failure message="Cannot read properties of undefined (reading &apos;file&apos;)" type="TypeError">
TypeError: Cannot read properties of undefined (reading &apos;file&apos;)
 ❯ Module.runNonInteractive src/nonInteractiveCli.ts:71:12
 ❯ src/nonInteractiveCli.test.ts:335:5
            </failure>
        </testcase>
    </testsuite>
    <testsuite name="src/config/auth.test.ts" timestamp="2025-08-12T09:45:13.898Z" hostname="63accec1df8b" tests="14" failures="0" errors="0" skipped="0" time="0.006767">
        <testcase classname="src/config/auth.test.ts" name="validateAuthMethod &gt; should return null for LOGIN_WITH_GOOGLE" time="0.001587125">
        </testcase>
        <testcase classname="src/config/auth.test.ts" name="validateAuthMethod &gt; should return null for CLOUD_SHELL" time="0.000252708">
        </testcase>
        <testcase classname="src/config/auth.test.ts" name="validateAuthMethod &gt; USE_GEMINI &gt; should return null if GEMINI_API_KEY is set" time="0.000212292">
        </testcase>
        <testcase classname="src/config/auth.test.ts" name="validateAuthMethod &gt; USE_GEMINI &gt; should return an error message if GEMINI_API_KEY is not set" time="0.000252209">
        </testcase>
        <testcase classname="src/config/auth.test.ts" name="validateAuthMethod &gt; USE_VERTEX_AI &gt; should return null if GOOGLE_CLOUD_PROJECT and GOOGLE_CLOUD_LOCATION are set" time="0.000355458">
        </testcase>
        <testcase classname="src/config/auth.test.ts" name="validateAuthMethod &gt; USE_VERTEX_AI &gt; should return null if GOOGLE_API_KEY is set" time="0.000243458">
        </testcase>
        <testcase classname="src/config/auth.test.ts" name="validateAuthMethod &gt; USE_VERTEX_AI &gt; should return an error message if no required environment variables are set" time="0.000995417">
        </testcase>
        <testcase classname="src/config/auth.test.ts" name="validateAuthMethod &gt; OPENAI_COMPATIBLE &gt; should return null if OPENAI_API_KEY and OPENAI_BASE_URL are set for external API" time="0.000253833">
        </testcase>
        <testcase classname="src/config/auth.test.ts" name="validateAuthMethod &gt; OPENAI_COMPATIBLE &gt; should return null if only base URL is set for local LLM" time="0.000234625">
        </testcase>
        <testcase classname="src/config/auth.test.ts" name="validateAuthMethod &gt; OPENAI_COMPATIBLE &gt; should return null if LOCAL_LLM_BASE_URL is set for local LLM" time="0.00019425">
        </testcase>
        <testcase classname="src/config/auth.test.ts" name="validateAuthMethod &gt; OPENAI_COMPATIBLE &gt; should return null if LOCAL_LLM_BASE_URL is set with host.docker.internal" time="0.000184083">
        </testcase>
        <testcase classname="src/config/auth.test.ts" name="validateAuthMethod &gt; OPENAI_COMPATIBLE &gt; should return an error message if API KEY is not set for external API" time="0.000191">
        </testcase>
        <testcase classname="src/config/auth.test.ts" name="validateAuthMethod &gt; OPENAI_COMPATIBLE &gt; should return an error message if no base URL is set" time="0.00045325">
        </testcase>
        <testcase classname="src/config/auth.test.ts" name="validateAuthMethod &gt; should return an error message for an invalid auth method" time="0.000193208">
        </testcase>
    </testsuite>
    <testsuite name="src/config/config.integration.test.ts" timestamp="2025-08-12T09:45:13.902Z" hostname="63accec1df8b" tests="11" failures="0" errors="0" skipped="0" time="0.04441375">
        <testcase classname="src/config/config.integration.test.ts" name="Configuration Integration Tests &gt; File Filtering Configuration &gt; should load default file filtering settings" time="0.033526916">
        </testcase>
        <testcase classname="src/config/config.integration.test.ts" name="Configuration Integration Tests &gt; File Filtering Configuration &gt; should load custom file filtering settings from configuration" time="0.002366">
        </testcase>
        <testcase classname="src/config/config.integration.test.ts" name="Configuration Integration Tests &gt; File Filtering Configuration &gt; should merge user and workspace file filtering settings" time="0.001021708">
        </testcase>
        <testcase classname="src/config/config.integration.test.ts" name="Configuration Integration Tests &gt; Configuration Integration &gt; should handle partial configuration objects gracefully" time="0.000955417">
        </testcase>
        <testcase classname="src/config/config.integration.test.ts" name="Configuration Integration Tests &gt; Configuration Integration &gt; should handle empty configuration objects gracefully" time="0.000761583">
        </testcase>
        <testcase classname="src/config/config.integration.test.ts" name="Configuration Integration Tests &gt; Configuration Integration &gt; should handle missing configuration sections gracefully" time="0.000712709">
        </testcase>
        <testcase classname="src/config/config.integration.test.ts" name="Configuration Integration Tests &gt; Real-world Configuration Scenarios &gt; should handle a security-focused configuration" time="0.001051375">
        </testcase>
        <testcase classname="src/config/config.integration.test.ts" name="Configuration Integration Tests &gt; Real-world Configuration Scenarios &gt; should handle a CI/CD environment configuration" time="0.000724333">
        </testcase>
        <testcase classname="src/config/config.integration.test.ts" name="Configuration Integration Tests &gt; Checkpointing Configuration &gt; should enable checkpointing when the setting is true" time="0.000611333">
        </testcase>
        <testcase classname="src/config/config.integration.test.ts" name="Configuration Integration Tests &gt; Extension Context Files &gt; should have an empty array for extension context files by default" time="0.000995584">
        </testcase>
        <testcase classname="src/config/config.integration.test.ts" name="Configuration Integration Tests &gt; Extension Context Files &gt; should correctly store and return extension context file paths" time="0.0006095">
        </testcase>
    </testsuite>
    <testsuite name="src/config/config.test.ts" timestamp="2025-08-12T09:45:13.905Z" hostname="63accec1df8b" tests="59" failures="0" errors="0" skipped="0" time="0.730785668">
        <testcase classname="src/config/config.test.ts" name="parseArguments &gt; should throw an error when both --prompt and --prompt-interactive are used together" time="0.068144751">
        </testcase>
        <testcase classname="src/config/config.test.ts" name="parseArguments &gt; should throw an error when using short flags -p and -i together" time="0.023570875">
        </testcase>
        <testcase classname="src/config/config.test.ts" name="parseArguments &gt; should allow --prompt without --prompt-interactive" time="0.011339792">
        </testcase>
        <testcase classname="src/config/config.test.ts" name="parseArguments &gt; should allow --prompt-interactive without --prompt" time="0.006793083">
        </testcase>
        <testcase classname="src/config/config.test.ts" name="parseArguments &gt; should allow -i flag as alias for --prompt-interactive" time="0.004701584">
        </testcase>
        <testcase classname="src/config/config.test.ts" name="loadCliConfig &gt; should set showMemoryUsage to true when --show-memory-usage flag is present" time="0.05194425">
        </testcase>
        <testcase classname="src/config/config.test.ts" name="loadCliConfig &gt; should set showMemoryUsage to false when --memory flag is not present" time="0.015940334">
        </testcase>
        <testcase classname="src/config/config.test.ts" name="loadCliConfig &gt; should set showMemoryUsage to false by default from settings if CLI flag is not present" time="0.021904042">
        </testcase>
        <testcase classname="src/config/config.test.ts" name="loadCliConfig &gt; should prioritize CLI flag over settings for showMemoryUsage (CLI true, settings false)" time="0.013584375">
        </testcase>
        <testcase classname="src/config/config.test.ts" name="loadCliConfig telemetry &gt; should set telemetry to false by default when no flag or setting is present" time="0.01754">
        </testcase>
        <testcase classname="src/config/config.test.ts" name="loadCliConfig telemetry &gt; should set telemetry to true when --telemetry flag is present" time="0.028537292">
            <system-out>
OpenTelemetry SDK started successfully.

            </system-out>
            <system-err>
Accessing resource attributes before async attributes settled

            </system-err>
        </testcase>
        <testcase classname="src/config/config.test.ts" name="loadCliConfig telemetry &gt; should set telemetry to false when --no-telemetry flag is present" time="0.009312292">
        </testcase>
        <testcase classname="src/config/config.test.ts" name="loadCliConfig telemetry &gt; should use telemetry value from settings if CLI flag is not present (settings true)" time="0.006031292">
        </testcase>
        <testcase classname="src/config/config.test.ts" name="loadCliConfig telemetry &gt; should use telemetry value from settings if CLI flag is not present (settings false)" time="0.013960459">
        </testcase>
        <testcase classname="src/config/config.test.ts" name="loadCliConfig telemetry &gt; should prioritize --telemetry CLI flag (true) over settings (false)" time="0.005571458">
        </testcase>
        <testcase classname="src/config/config.test.ts" name="loadCliConfig telemetry &gt; should prioritize --no-telemetry CLI flag (false) over settings (true)" time="0.013178084">
        </testcase>
        <testcase classname="src/config/config.test.ts" name="loadCliConfig telemetry &gt; should use telemetry OTLP endpoint from settings if CLI flag is not present" time="0.01380625">
        </testcase>
        <testcase classname="src/config/config.test.ts" name="loadCliConfig telemetry &gt; should prioritize --telemetry-otlp-endpoint CLI flag over settings" time="0.013753541">
        </testcase>
        <testcase classname="src/config/config.test.ts" name="loadCliConfig telemetry &gt; should use default endpoint if no OTLP endpoint is provided via CLI or settings" time="0.009297625">
        </testcase>
        <testcase classname="src/config/config.test.ts" name="loadCliConfig telemetry &gt; should use telemetry target from settings if CLI flag is not present" time="0.010459125">
        </testcase>
        <testcase classname="src/config/config.test.ts" name="loadCliConfig telemetry &gt; should prioritize --telemetry-target CLI flag over settings" time="0.005884541">
        </testcase>
        <testcase classname="src/config/config.test.ts" name="loadCliConfig telemetry &gt; should use default target if no target is provided via CLI or settings" time="0.0061225">
        </testcase>
        <testcase classname="src/config/config.test.ts" name="loadCliConfig telemetry &gt; should use telemetry log prompts from settings if CLI flag is not present" time="0.016177209">
        </testcase>
        <testcase classname="src/config/config.test.ts" name="loadCliConfig telemetry &gt; should prioritize --telemetry-log-prompts CLI flag (true) over settings (false)" time="0.00730425">
        </testcase>
        <testcase classname="src/config/config.test.ts" name="loadCliConfig telemetry &gt; should prioritize --no-telemetry-log-prompts CLI flag (false) over settings (true)" time="0.005609042">
        </testcase>
        <testcase classname="src/config/config.test.ts" name="loadCliConfig telemetry &gt; should use default log prompts (true) if no value is provided via CLI or settings" time="0.016669917">
        </testcase>
        <testcase classname="src/config/config.test.ts" name="Hierarchical Memory Loading (config.ts) - Placeholder Suite &gt; should pass extension context file paths to loadServerHierarchicalMemory" time="0.008772292">
        </testcase>
        <testcase classname="src/config/config.test.ts" name="mergeMcpServers &gt; should not modify the original settings object" time="0.009056916">
        </testcase>
        <testcase classname="src/config/config.test.ts" name="mergeExcludeTools &gt; should merge excludeTools from settings and extensions" time="0.0077495">
        </testcase>
        <testcase classname="src/config/config.test.ts" name="mergeExcludeTools &gt; should handle overlapping excludeTools between settings and extensions" time="0.012588375">
        </testcase>
        <testcase classname="src/config/config.test.ts" name="mergeExcludeTools &gt; should handle overlapping excludeTools between extensions" time="0.02661325">
        </testcase>
        <testcase classname="src/config/config.test.ts" name="mergeExcludeTools &gt; should return an empty array when no excludeTools are specified" time="0.010594625">
        </testcase>
        <testcase classname="src/config/config.test.ts" name="mergeExcludeTools &gt; should handle settings with excludeTools but no extensions" time="0.008605292">
        </testcase>
        <testcase classname="src/config/config.test.ts" name="mergeExcludeTools &gt; should handle extensions with excludeTools but no settings" time="0.010775959">
        </testcase>
        <testcase classname="src/config/config.test.ts" name="mergeExcludeTools &gt; should not modify the original settings object" time="0.007990667">
        </testcase>
        <testcase classname="src/config/config.test.ts" name="loadCliConfig with allowed-mcp-server-names &gt; should allow all MCP servers if the flag is not provided" time="0.010466875">
        </testcase>
        <testcase classname="src/config/config.test.ts" name="loadCliConfig with allowed-mcp-server-names &gt; should allow only the specified MCP server" time="0.016505167">
        </testcase>
        <testcase classname="src/config/config.test.ts" name="loadCliConfig with allowed-mcp-server-names &gt; should allow multiple specified MCP servers" time="0.006016541">
        </testcase>
        <testcase classname="src/config/config.test.ts" name="loadCliConfig with allowed-mcp-server-names &gt; should handle server names that do not exist" time="0.004732667">
        </testcase>
        <testcase classname="src/config/config.test.ts" name="loadCliConfig with allowed-mcp-server-names &gt; should allow no MCP servers if the flag is provided but empty" time="0.007202667">
        </testcase>
        <testcase classname="src/config/config.test.ts" name="loadCliConfig with allowed-mcp-server-names &gt; should read allowMCPServers from settings" time="0.009940708">
        </testcase>
        <testcase classname="src/config/config.test.ts" name="loadCliConfig with allowed-mcp-server-names &gt; should read excludeMCPServers from settings" time="0.005453125">
        </testcase>
        <testcase classname="src/config/config.test.ts" name="loadCliConfig with allowed-mcp-server-names &gt; should override allowMCPServers with excludeMCPServers if overlapping " time="0.00699625">
        </testcase>
        <testcase classname="src/config/config.test.ts" name="loadCliConfig with allowed-mcp-server-names &gt; should prioritize mcp server flag if set " time="0.014039625">
        </testcase>
        <testcase classname="src/config/config.test.ts" name="loadCliConfig extensions &gt; should not filter extensions if --extensions flag is not used" time="0.014665042">
        </testcase>
        <testcase classname="src/config/config.test.ts" name="loadCliConfig extensions &gt; should filter extensions if --extensions flag is used" time="0.006303583">
            <system-out>
Activated extension: ext1 (version: 1.0.0)
Disabled extension: ext2

            </system-out>
        </testcase>
        <testcase classname="src/config/config.test.ts" name="loadCliConfig ideMode &gt; should be false by default" time="0.011205083">
        </testcase>
        <testcase classname="src/config/config.test.ts" name="loadCliConfig ideMode &gt; should be false if --ide-mode is true but TERM_PROGRAM is not vscode" time="0.00976075">
        </testcase>
        <testcase classname="src/config/config.test.ts" name="loadCliConfig ideMode &gt; should be false if settings.ideMode is true but TERM_PROGRAM is not vscode" time="0.005212">
        </testcase>
        <testcase classname="src/config/config.test.ts" name="loadCliConfig ideMode &gt; should be true when --ide-mode is set and TERM_PROGRAM is vscode" time="0.006727">
        </testcase>
        <testcase classname="src/config/config.test.ts" name="loadCliConfig ideMode &gt; should be true when settings.ideMode is true and TERM_PROGRAM is vscode" time="0.024282834">
        </testcase>
        <testcase classname="src/config/config.test.ts" name="loadCliConfig ideMode &gt; should prioritize --ide-mode (true) over settings (false) when TERM_PROGRAM is vscode" time="0.007744459">
        </testcase>
        <testcase classname="src/config/config.test.ts" name="loadCliConfig ideMode &gt; should prioritize --no-ide-mode (false) over settings (true) even when TERM_PROGRAM is vscode" time="0.006451292">
        </testcase>
        <testcase classname="src/config/config.test.ts" name="loadCliConfig ideMode &gt; should be false when --ide-mode is true, TERM_PROGRAM is vscode, but SANDBOX is set" time="0.005132291">
        </testcase>
        <testcase classname="src/config/config.test.ts" name="loadCliConfig ideMode &gt; should be false when settings.ideMode is true, TERM_PROGRAM is vscode, but SANDBOX is set" time="0.005072833">
        </testcase>
        <testcase classname="src/config/config.test.ts" name="loadCliConfig ideMode &gt; should add _ide_server when ideMode is true" time="0.006060375">
        </testcase>
        <testcase classname="src/config/config.test.ts" name="loadCliConfig ideMode &gt; should throw an error if ideMode is true and no port is set" time="0.009326708">
        </testcase>
        <testcase classname="src/config/config.test.ts" name="loadCliConfig ideMode &gt; should warn and overwrite if settings contain the reserved _ide_server name and ideMode is active" time="0.004311167">
        </testcase>
        <testcase classname="src/config/config.test.ts" name="loadCliConfig ideMode &gt; should NOT warn if settings contain the reserved _ide_server name and ideMode is NOT active" time="0.004318708">
        </testcase>
    </testsuite>
    <testsuite name="src/config/extension.test.ts" timestamp="2025-08-12T09:45:13.919Z" hostname="63accec1df8b" tests="7" failures="1" errors="0" skipped="0" time="0.041042875">
        <testcase classname="src/config/extension.test.ts" name="loadExtensions &gt; should load context file path when GEMINI.md is present" time="0.029284042">
            <system-out>
Loading extension: ext1 (version: 1.0.0)
Loading extension: ext2 (version: 2.0.0)

            </system-out>
            <failure message="expected [] to deeply equal [ Array(1) ]" type="AssertionError">
AssertionError: expected [] to deeply equal [ Array(1) ]

- Expected
+ Received

- [
-   &quot;/tmp/gemini-cli-test-workspace-cbqc5F/.gemini/extensions/ext1/GEMINI.md&quot;,
- ]
+ []

 ❯ src/config/extension.test.ts:59:32
            </failure>
        </testcase>
        <testcase classname="src/config/extension.test.ts" name="loadExtensions &gt; should load context file path from the extension config" time="0.003683583">
            <system-out>
Loading extension: ext1 (version: 1.0.0)

            </system-out>
        </testcase>
        <testcase classname="src/config/extension.test.ts" name="filterActiveExtensions &gt; should return all extensions if no enabled extensions are provided" time="0.000238792">
        </testcase>
        <testcase classname="src/config/extension.test.ts" name="filterActiveExtensions &gt; should return only the enabled extensions" time="0.003384292">
            <system-out>
Activated extension: ext1 (version: 1.0.0)
Disabled extension: ext2
Activated extension: ext3 (version: 1.0.0)

            </system-out>
        </testcase>
        <testcase classname="src/config/extension.test.ts" name="filterActiveExtensions &gt; should return no extensions when &quot;none&quot; is provided" time="0.0002065">
            <system-out>
All extensions are disabled.

            </system-out>
        </testcase>
        <testcase classname="src/config/extension.test.ts" name="filterActiveExtensions &gt; should handle case-insensitivity" time="0.000234542">
            <system-out>
Activated extension: ext1 (version: 1.0.0)
Disabled extension: ext2
Disabled extension: ext3

            </system-out>
        </testcase>
        <testcase classname="src/config/extension.test.ts" name="filterActiveExtensions &gt; should log an error for unknown extensions" time="0.001846333">
        </testcase>
    </testsuite>
    <testsuite name="src/config/settings.test.ts" timestamp="2025-08-12T09:45:13.922Z" hostname="63accec1df8b" tests="25" failures="0" errors="0" skipped="0" time="0.020549708">
        <testcase classname="src/config/settings.test.ts" name="Settings Loading and Merging &gt; loadSettings &gt; should load empty settings if no files exist" time="0.002381208">
        </testcase>
        <testcase classname="src/config/settings.test.ts" name="Settings Loading and Merging &gt; loadSettings &gt; should load system settings if only system file exists" time="0.001259458">
        </testcase>
        <testcase classname="src/config/settings.test.ts" name="Settings Loading and Merging &gt; loadSettings &gt; should load user settings if only user file exists" time="0.000719334">
        </testcase>
        <testcase classname="src/config/settings.test.ts" name="Settings Loading and Merging &gt; loadSettings &gt; should load workspace settings if only workspace file exists" time="0.000580166">
        </testcase>
        <testcase classname="src/config/settings.test.ts" name="Settings Loading and Merging &gt; loadSettings &gt; should merge user and workspace settings, with workspace taking precedence" time="0.00155775">
        </testcase>
        <testcase classname="src/config/settings.test.ts" name="Settings Loading and Merging &gt; loadSettings &gt; should merge system, user and workspace settings, with system taking precedence over workspace, and workspace over user" time="0.001038541">
        </testcase>
        <testcase classname="src/config/settings.test.ts" name="Settings Loading and Merging &gt; loadSettings &gt; should handle contextFileName correctly when only in user settings" time="0.000394958">
        </testcase>
        <testcase classname="src/config/settings.test.ts" name="Settings Loading and Merging &gt; loadSettings &gt; should handle contextFileName correctly when only in workspace settings" time="0.0002645">
        </testcase>
        <testcase classname="src/config/settings.test.ts" name="Settings Loading and Merging &gt; loadSettings &gt; should default contextFileName to undefined if not in any settings file" time="0.000834417">
        </testcase>
        <testcase classname="src/config/settings.test.ts" name="Settings Loading and Merging &gt; loadSettings &gt; should load telemetry setting from user settings" time="0.000286541">
        </testcase>
        <testcase classname="src/config/settings.test.ts" name="Settings Loading and Merging &gt; loadSettings &gt; should load telemetry setting from workspace settings" time="0.00024925">
        </testcase>
        <testcase classname="src/config/settings.test.ts" name="Settings Loading and Merging &gt; loadSettings &gt; should prioritize workspace telemetry setting over user setting" time="0.0006955">
        </testcase>
        <testcase classname="src/config/settings.test.ts" name="Settings Loading and Merging &gt; loadSettings &gt; should have telemetry as undefined if not in any settings file" time="0.000332375">
        </testcase>
        <testcase classname="src/config/settings.test.ts" name="Settings Loading and Merging &gt; loadSettings &gt; should handle JSON parsing errors gracefully" time="0.001244333">
        </testcase>
        <testcase classname="src/config/settings.test.ts" name="Settings Loading and Merging &gt; loadSettings &gt; should resolve environment variables in user settings" time="0.000420042">
        </testcase>
        <testcase classname="src/config/settings.test.ts" name="Settings Loading and Merging &gt; loadSettings &gt; should resolve environment variables in workspace settings" time="0.0003805">
        </testcase>
        <testcase classname="src/config/settings.test.ts" name="Settings Loading and Merging &gt; loadSettings &gt; should prioritize user env variables over workspace env variables if keys clash after resolution" time="0.000834667">
        </testcase>
        <testcase classname="src/config/settings.test.ts" name="Settings Loading and Merging &gt; loadSettings &gt; should prioritize workspace env variables over user env variables if keys clash after resolution" time="0.002431708">
        </testcase>
        <testcase classname="src/config/settings.test.ts" name="Settings Loading and Merging &gt; loadSettings &gt; should prioritize system env variables over workspace env variables if keys clash after resolution" time="0.000781667">
        </testcase>
        <testcase classname="src/config/settings.test.ts" name="Settings Loading and Merging &gt; loadSettings &gt; should leave unresolved environment variables as is" time="0.000407042">
        </testcase>
        <testcase classname="src/config/settings.test.ts" name="Settings Loading and Merging &gt; loadSettings &gt; should resolve multiple environment variables in a single string" time="0.000351625">
        </testcase>
        <testcase classname="src/config/settings.test.ts" name="Settings Loading and Merging &gt; loadSettings &gt; should resolve environment variables in arrays" time="0.000376666">
        </testcase>
        <testcase classname="src/config/settings.test.ts" name="Settings Loading and Merging &gt; loadSettings &gt; should correctly pass through null, boolean, and number types, and handle undefined properties" time="0.00057625">
        </testcase>
        <testcase classname="src/config/settings.test.ts" name="Settings Loading and Merging &gt; loadSettings &gt; should resolve multiple concatenated environment variables in a single string value" time="0.000336667">
        </testcase>
        <testcase classname="src/config/settings.test.ts" name="Settings Loading and Merging &gt; LoadedSettings class &gt; setValue should update the correct scope and recompute merged settings" time="0.000722917">
        </testcase>
    </testsuite>
    <testsuite name="src/services/CommandService.test.ts" timestamp="2025-08-12T09:45:13.928Z" hostname="63accec1df8b" tests="6" failures="4" errors="0" skipped="0" time="0.0182115">
        <testcase classname="src/services/CommandService.test.ts" name="CommandService &gt; when using default production loader &gt; should initialize with an empty command tree" time="0.002052291">
        </testcase>
        <testcase classname="src/services/CommandService.test.ts" name="CommandService &gt; when using default production loader &gt; loadCommands &gt; should load the built-in commands into the command tree" time="0.010503292">
            <failure message="expected 18 to be 17 // Object.is equality" type="AssertionError">
AssertionError: expected 18 to be 17 // Object.is equality

- Expected
+ Received

- 17
+ 18

 ❯ src/services/CommandService.test.ts:117:29
            </failure>
        </testcase>
        <testcase classname="src/services/CommandService.test.ts" name="CommandService &gt; when using default production loader &gt; loadCommands &gt; should include ide command when ideMode is on" time="0.000595625">
            <failure message="expected 19 to be 18 // Object.is equality" type="AssertionError">
AssertionError: expected 19 to be 18 // Object.is equality

- Expected
+ Received

- 18
+ 19

 ❯ src/services/CommandService.test.ts:147:29
            </failure>
        </testcase>
        <testcase classname="src/services/CommandService.test.ts" name="CommandService &gt; when using default production loader &gt; loadCommands &gt; should overwrite any existing commands when called again" time="0.000310084">
            <failure message="expected 18 to be 17 // Object.is equality" type="AssertionError">
AssertionError: expected 18 to be 17 // Object.is equality

- Expected
+ Received

- 17
+ 18

 ❯ src/services/CommandService.test.ts:157:53
            </failure>
        </testcase>
        <testcase classname="src/services/CommandService.test.ts" name="CommandService &gt; when using default production loader &gt; getCommandTree &gt; should return the current command tree" time="0.002351042">
            <failure message="expected 18 to be 17 // Object.is equality" type="AssertionError">
AssertionError: expected 18 to be 17 // Object.is equality

- Expected
+ Received

- 17
+ 18

 ❯ src/services/CommandService.test.ts:176:35
            </failure>
        </testcase>
        <testcase classname="src/services/CommandService.test.ts" name="CommandService &gt; when initialized with an injected loader function &gt; should use the provided loader instead of the built-in one" time="0.001167">
        </testcase>
    </testsuite>
    <testsuite name="src/test-utils/mockCommandContext.test.ts" timestamp="2025-08-12T09:45:13.932Z" hostname="63accec1df8b" tests="3" failures="0" errors="0" skipped="0" time="0.00283525">
        <testcase classname="src/test-utils/mockCommandContext.test.ts" name="createMockCommandContext &gt; should return a valid CommandContext object with default mocks" time="0.001489709">
        </testcase>
        <testcase classname="src/test-utils/mockCommandContext.test.ts" name="createMockCommandContext &gt; should apply top-level overrides correctly" time="0.00042">
        </testcase>
        <testcase classname="src/test-utils/mockCommandContext.test.ts" name="createMockCommandContext &gt; should apply deeply nested overrides correctly" time="0.000207875">
        </testcase>
    </testsuite>
    <testsuite name="src/ui/App.test.tsx" timestamp="2025-08-12T09:45:13.933Z" hostname="63accec1df8b" tests="16" failures="13" errors="0" skipped="0" time="0.691708583">
        <testcase classname="src/ui/App.test.tsx" name="App UI &gt; should display default &quot;GEMINI.md&quot; in footer when contextFileName is not set and count is 1" time="0.140320584">
            <failure message="expected &apos;\n  ERROR  MemoryManager not initiali…&apos; to contain &apos;Using 1 GEMINI.md file&apos;" type="AssertionError">
AssertionError: expected &apos;\n  ERROR  MemoryManager not initiali…&apos; to contain &apos;Using 1 GEMINI.md file&apos;

- Expected
+ Received

- Using 1 GEMINI.md file
+
+   ERROR  MemoryManager not initialized. Please provide config on first call.
+
+  src/memory/memoryManager.ts:333:11
+
+  330:   }
+  331:
+  332:   if (!memoryManagerInstance) {
+  333:     throw new Error(&apos;MemoryManager not initialized. Please provide config on first call.&apos;);
+  334:   }
+  335:
+  336:   return memoryManagerInstance;
+
+  - getMemoryManager (src/memory/memoryManager.ts:333:11)
+  - useMemoryIntegration (src/ui/hooks/useMemoryIntegration.ts:16:32)
+  - App (src/ui/App.tsx:126:7)
+  -Object.react-stack-bottom- (/agents/node_modules/react-reconciler/cjs/react-reconciler.developmen
+   rame                      t.js:15859:20)
+  -renderWithHooks (/agents/node_modules/react-reconciler/cjs/react-reconciler.development.js:3221:2
+                  2)
+  -updateFunctionCompone (/agents/node_modules/react-reconciler/cjs/react-reconciler.development.js:
+   t                    6475:19)
+  - beginWork (/agents/node_modules/react-reconciler/cjs/react-reconciler.development.js:8009:18)
+  -runWithFiberInDEV (/agents/node_modules/react-reconciler/cjs/react-reconciler.development.js:1738
+                    :13)
+  -performUnitOfWor (/agents/node_modules/react-reconciler/cjs/react-reconciler.development.js:12834
+                   :22)
+  -workLoopSync (/agents/node_modules/react-reconciler/cjs/react-reconciler.development.js:12644:41)
+
+  -renderRootSync (/agents/node_modules/react-reconciler/cjs/react-reconciler.development.js:12624:1
+                 1)
+  -performWorkOnRoo (/agents/node_modules/react-reconciler/cjs/react-reconciler.development.js:12135
+                   :44)
+  -performSyncWorkOnRoo (/agents/node_modules/react-reconciler/cjs/react-reconciler.development.js:2
+                       446:7)
+  -flushSyncWorkAcrossRoots_ (/agents/node_modules/react-reconciler/cjs/react-reconciler.development
+   mpl                      .js:2294:21)
+  -Object.flushSyncWor (/agents/node_modules/react-reconciler/cjs/react-reconciler.development.js:12
+                      394:12)
+  - Ink.render (file:///agents/node_modules/ink/src/ink.tsx:226:14)
+

 ❯ src/ui/App.test.tsx:277:25
            </failure>
        </testcase>
        <testcase classname="src/ui/App.test.tsx" name="App UI &gt; should display default &quot;GEMINI.md&quot; with plural when contextFileName is not set and count is &gt; 1" time="0.04562375">
            <failure message="expected &apos;\n  ERROR  MemoryManager not initiali…&apos; to contain &apos;Using 2 GEMINI.md files&apos;" type="AssertionError">
AssertionError: expected &apos;\n  ERROR  MemoryManager not initiali…&apos; to contain &apos;Using 2 GEMINI.md files&apos;

- Expected
+ Received

- Using 2 GEMINI.md files
+
+   ERROR  MemoryManager not initialized. Please provide config on first call.
+
+  src/memory/memoryManager.ts:333:11
+
+  330:   }
+  331:
+  332:   if (!memoryManagerInstance) {
+  333:     throw new Error(&apos;MemoryManager not initialized. Please provide config on first call.&apos;);
+  334:   }
+  335:
+  336:   return memoryManagerInstance;
+
+  - getMemoryManager (src/memory/memoryManager.ts:333:11)
+  - useMemoryIntegration (src/ui/hooks/useMemoryIntegration.ts:16:32)
+  - App (src/ui/App.tsx:126:7)
+  -Object.react-stack-bottom- (/agents/node_modules/react-reconciler/cjs/react-reconciler.developmen
+   rame                      t.js:15859:20)
+  -renderWithHooks (/agents/node_modules/react-reconciler/cjs/react-reconciler.development.js:3221:2
+                  2)
+  -updateFunctionCompone (/agents/node_modules/react-reconciler/cjs/react-reconciler.development.js:
+   t                    6475:19)
+  - beginWork (/agents/node_modules/react-reconciler/cjs/react-reconciler.development.js:8009:18)
+  -runWithFiberInDEV (/agents/node_modules/react-reconciler/cjs/react-reconciler.development.js:1738
+                    :13)
+  -performUnitOfWor (/agents/node_modules/react-reconciler/cjs/react-reconciler.development.js:12834
+                   :22)
+  -workLoopSync (/agents/node_modules/react-reconciler/cjs/react-reconciler.development.js:12644:41)
+
+  -renderRootSync (/agents/node_modules/react-reconciler/cjs/react-reconciler.development.js:12624:1
+                 1)
+  -performWorkOnRoo (/agents/node_modules/react-reconciler/cjs/react-reconciler.development.js:12135
+                   :44)
+  -performSyncWorkOnRoo (/agents/node_modules/react-reconciler/cjs/react-reconciler.development.js:2
+                       446:7)
+  -flushSyncWorkAcrossRoots_ (/agents/node_modules/react-reconciler/cjs/react-reconciler.development
+   mpl                      .js:2294:21)
+  -Object.flushSyncWor (/agents/node_modules/react-reconciler/cjs/react-reconciler.development.js:12
+                      394:12)
+  - Ink.render (file:///agents/node_modules/ink/src/ink.tsx:226:14)
+

 ❯ src/ui/App.test.tsx:294:25
            </failure>
        </testcase>
        <testcase classname="src/ui/App.test.tsx" name="App UI &gt; should display custom contextFileName in footer when set and count is 1" time="0.042301041">
            <failure message="expected &apos;\n  ERROR  MemoryManager not initiali…&apos; to contain &apos;Using 1 AGENTS.md file&apos;" type="AssertionError">
AssertionError: expected &apos;\n  ERROR  MemoryManager not initiali…&apos; to contain &apos;Using 1 AGENTS.md file&apos;

- Expected
+ Received

- Using 1 AGENTS.md file
+
+   ERROR  MemoryManager not initialized. Please provide config on first call.
+
+  src/memory/memoryManager.ts:333:11
+
+  330:   }
+  331:
+  332:   if (!memoryManagerInstance) {
+  333:     throw new Error(&apos;MemoryManager not initialized. Please provide config on first call.&apos;);
+  334:   }
+  335:
+  336:   return memoryManagerInstance;
+
+  - getMemoryManager (src/memory/memoryManager.ts:333:11)
+  - useMemoryIntegration (src/ui/hooks/useMemoryIntegration.ts:16:32)
+  - App (src/ui/App.tsx:126:7)
+  -Object.react-stack-bottom- (/agents/node_modules/react-reconciler/cjs/react-reconciler.developmen
+   rame                      t.js:15859:20)
+  -renderWithHooks (/agents/node_modules/react-reconciler/cjs/react-reconciler.development.js:3221:2
+                  2)
+  -updateFunctionCompone (/agents/node_modules/react-reconciler/cjs/react-reconciler.development.js:
+   t                    6475:19)
+  - beginWork (/agents/node_modules/react-reconciler/cjs/react-reconciler.development.js:8009:18)
+  -runWithFiberInDEV (/agents/node_modules/react-reconciler/cjs/react-reconciler.development.js:1738
+                    :13)
+  -performUnitOfWor (/agents/node_modules/react-reconciler/cjs/react-reconciler.development.js:12834
+                   :22)
+  -workLoopSync (/agents/node_modules/react-reconciler/cjs/react-reconciler.development.js:12644:41)
+
+  -renderRootSync (/agents/node_modules/react-reconciler/cjs/react-reconciler.development.js:12624:1
+                 1)
+  -performWorkOnRoo (/agents/node_modules/react-reconciler/cjs/react-reconciler.development.js:12135
+                   :44)
+  -performSyncWorkOnRoo (/agents/node_modules/react-reconciler/cjs/react-reconciler.development.js:2
+                       446:7)
+  -flushSyncWorkAcrossRoots_ (/agents/node_modules/react-reconciler/cjs/react-reconciler.development
+   mpl                      .js:2294:21)
+  -Object.flushSyncWor (/agents/node_modules/react-reconciler/cjs/react-reconciler.development.js:12
+                      394:12)
+  - Ink.render (file:///agents/node_modules/ink/src/ink.tsx:226:14)
+

 ❯ src/ui/App.test.tsx:314:25
            </failure>
        </testcase>
        <testcase classname="src/ui/App.test.tsx" name="App UI &gt; should display a generic message when multiple context files with different names are provided" time="0.056783625">
            <failure message="expected &apos;\n  ERROR  MemoryManager not initiali…&apos; to contain &apos;Using 2 context files&apos;" type="AssertionError">
AssertionError: expected &apos;\n  ERROR  MemoryManager not initiali…&apos; to contain &apos;Using 2 context files&apos;

- Expected
+ Received

- Using 2 context files
+
+   ERROR  MemoryManager not initialized. Please provide config on first call.
+
+  src/memory/memoryManager.ts:333:11
+
+  330:   }
+  331:
+  332:   if (!memoryManagerInstance) {
+  333:     throw new Error(&apos;MemoryManager not initialized. Please provide config on first call.&apos;);
+  334:   }
+  335:
+  336:   return memoryManagerInstance;
+
+  - getMemoryManager (src/memory/memoryManager.ts:333:11)
+  - useMemoryIntegration (src/ui/hooks/useMemoryIntegration.ts:16:32)
+  - App (src/ui/App.tsx:126:7)
+  -Object.react-stack-bottom- (/agents/node_modules/react-reconciler/cjs/react-reconciler.developmen
+   rame                      t.js:15859:20)
+  -renderWithHooks (/agents/node_modules/react-reconciler/cjs/react-reconciler.development.js:3221:2
+                  2)
+  -updateFunctionCompone (/agents/node_modules/react-reconciler/cjs/react-reconciler.development.js:
+   t                    6475:19)
+  - beginWork (/agents/node_modules/react-reconciler/cjs/react-reconciler.development.js:8009:18)
+  -runWithFiberInDEV (/agents/node_modules/react-reconciler/cjs/react-reconciler.development.js:1738
+                    :13)
+  -performUnitOfWor (/agents/node_modules/react-reconciler/cjs/react-reconciler.development.js:12834
+                   :22)
+  -workLoopSync (/agents/node_modules/react-reconciler/cjs/react-reconciler.development.js:12644:41)
+
+  -renderRootSync (/agents/node_modules/react-reconciler/cjs/react-reconciler.development.js:12624:1
+                 1)
+  -performWorkOnRoo (/agents/node_modules/react-reconciler/cjs/react-reconciler.development.js:12135
+                   :44)
+  -performSyncWorkOnRoo (/agents/node_modules/react-reconciler/cjs/react-reconciler.development.js:2
+                       446:7)
+  -flushSyncWorkAcrossRoots_ (/agents/node_modules/react-reconciler/cjs/react-reconciler.development
+   mpl                      .js:2294:21)
+  -Object.flushSyncWor (/agents/node_modules/react-reconciler/cjs/react-reconciler.development.js:12
+                      394:12)
+  - Ink.render (file:///agents/node_modules/ink/src/ink.tsx:226:14)
+

 ❯ src/ui/App.test.tsx:337:25
            </failure>
        </testcase>
        <testcase classname="src/ui/App.test.tsx" name="App UI &gt; should display custom contextFileName with plural when set and count is &gt; 1" time="0.033311792">
            <failure message="expected &apos;\n  ERROR  MemoryManager not initiali…&apos; to contain &apos;Using 3 MY_NOTES.TXT files&apos;" type="AssertionError">
AssertionError: expected &apos;\n  ERROR  MemoryManager not initiali…&apos; to contain &apos;Using 3 MY_NOTES.TXT files&apos;

- Expected
+ Received

- Using 3 MY_NOTES.TXT files
+
+   ERROR  MemoryManager not initialized. Please provide config on first call.
+
+  src/memory/memoryManager.ts:333:11
+
+  330:   }
+  331:
+  332:   if (!memoryManagerInstance) {
+  333:     throw new Error(&apos;MemoryManager not initialized. Please provide config on first call.&apos;);
+  334:   }
+  335:
+  336:   return memoryManagerInstance;
+
+  - getMemoryManager (src/memory/memoryManager.ts:333:11)
+  - useMemoryIntegration (src/ui/hooks/useMemoryIntegration.ts:16:32)
+  - App (src/ui/App.tsx:126:7)
+  -Object.react-stack-bottom- (/agents/node_modules/react-reconciler/cjs/react-reconciler.developmen
+   rame                      t.js:15859:20)
+  -renderWithHooks (/agents/node_modules/react-reconciler/cjs/react-reconciler.development.js:3221:2
+                  2)
+  -updateFunctionCompone (/agents/node_modules/react-reconciler/cjs/react-reconciler.development.js:
+   t                    6475:19)
+  - beginWork (/agents/node_modules/react-reconciler/cjs/react-reconciler.development.js:8009:18)
+  -runWithFiberInDEV (/agents/node_modules/react-reconciler/cjs/react-reconciler.development.js:1738
+                    :13)
+  -performUnitOfWor (/agents/node_modules/react-reconciler/cjs/react-reconciler.development.js:12834
+                   :22)
+  -workLoopSync (/agents/node_modules/react-reconciler/cjs/react-reconciler.development.js:12644:41)
+
+  -renderRootSync (/agents/node_modules/react-reconciler/cjs/react-reconciler.development.js:12624:1
+                 1)
+  -performWorkOnRoo (/agents/node_modules/react-reconciler/cjs/react-reconciler.development.js:12135
+                   :44)
+  -performSyncWorkOnRoo (/agents/node_modules/react-reconciler/cjs/react-reconciler.development.js:2
+                       446:7)
+  -flushSyncWorkAcrossRoots_ (/agents/node_modules/react-reconciler/cjs/react-reconciler.development
+   mpl                      .js:2294:21)
+  -Object.flushSyncWor (/agents/node_modules/react-reconciler/cjs/react-reconciler.development.js:12
+                      394:12)
+  - Ink.render (file:///agents/node_modules/ink/src/ink.tsx:226:14)
+

 ❯ src/ui/App.test.tsx:357:25
            </failure>
        </testcase>
        <testcase classname="src/ui/App.test.tsx" name="App UI &gt; should not display context file message if count is 0, even if contextFileName is set" time="0.024971">
        </testcase>
        <testcase classname="src/ui/App.test.tsx" name="App UI &gt; should display GEMINI.md and MCP server count when both are present" time="0.023893958">
            <failure message="expected &apos;\n  ERROR  MemoryManager not initiali…&apos; to contain &apos;server&apos;" type="AssertionError">
AssertionError: expected &apos;\n  ERROR  MemoryManager not initiali…&apos; to contain &apos;server&apos;

- Expected
+ Received

- server
+
+   ERROR  MemoryManager not initialized. Please provide config on first call.
+
+  src/memory/memoryManager.ts:333:11
+
+  330:   }
+  331:
+  332:   if (!memoryManagerInstance) {
+  333:     throw new Error(&apos;MemoryManager not initialized. Please provide config on first call.&apos;);
+  334:   }
+  335:
+  336:   return memoryManagerInstance;
+
+  - getMemoryManager (src/memory/memoryManager.ts:333:11)
+  - useMemoryIntegration (src/ui/hooks/useMemoryIntegration.ts:16:32)
+  - App (src/ui/App.tsx:126:7)
+  -Object.react-stack-bottom- (/agents/node_modules/react-reconciler/cjs/react-reconciler.developmen
+   rame                      t.js:15859:20)
+  -renderWithHooks (/agents/node_modules/react-reconciler/cjs/react-reconciler.development.js:3221:2
+                  2)
+  -updateFunctionCompone (/agents/node_modules/react-reconciler/cjs/react-reconciler.development.js:
+   t                    6475:19)
+  - beginWork (/agents/node_modules/react-reconciler/cjs/react-reconciler.development.js:8009:18)
+  -runWithFiberInDEV (/agents/node_modules/react-reconciler/cjs/react-reconciler.development.js:1738
+                    :13)
+  -performUnitOfWor (/agents/node_modules/react-reconciler/cjs/react-reconciler.development.js:12834
+                   :22)
+  -workLoopSync (/agents/node_modules/react-reconciler/cjs/react-reconciler.development.js:12644:41)
+
+  -renderRootSync (/agents/node_modules/react-reconciler/cjs/react-reconciler.development.js:12624:1
+                 1)
+  -performWorkOnRoo (/agents/node_modules/react-reconciler/cjs/react-reconciler.development.js:12135
+                   :44)
+  -performSyncWorkOnRoo (/agents/node_modules/react-reconciler/cjs/react-reconciler.development.js:2
+                       446:7)
+  -flushSyncWorkAcrossRoots_ (/agents/node_modules/react-reconciler/cjs/react-reconciler.development
+   mpl                      .js:2294:21)
+  -Object.flushSyncWor (/agents/node_modules/react-reconciler/cjs/react-reconciler.development.js:12
+                      394:12)
+  - Ink.render (file:///agents/node_modules/ink/src/ink.tsx:226:14)
+

 ❯ src/ui/App.test.tsx:397:25
            </failure>
        </testcase>
        <testcase classname="src/ui/App.test.tsx" name="App UI &gt; should display only MCP server count when GEMINI.md count is 0" time="0.061126125">
            <failure message="expected &apos;\n  ERROR  MemoryManager not initiali…&apos; to contain &apos;Using 2 MCP servers&apos;" type="AssertionError">
AssertionError: expected &apos;\n  ERROR  MemoryManager not initiali…&apos; to contain &apos;Using 2 MCP servers&apos;

- Expected
+ Received

- Using 2 MCP servers
+
+   ERROR  MemoryManager not initialized. Please provide config on first call.
+
+  src/memory/memoryManager.ts:333:11
+
+  330:   }
+  331:
+  332:   if (!memoryManagerInstance) {
+  333:     throw new Error(&apos;MemoryManager not initialized. Please provide config on first call.&apos;);
+  334:   }
+  335:
+  336:   return memoryManagerInstance;
+
+  - getMemoryManager (src/memory/memoryManager.ts:333:11)
+  - useMemoryIntegration (src/ui/hooks/useMemoryIntegration.ts:16:32)
+  - App (src/ui/App.tsx:126:7)
+  -Object.react-stack-bottom- (/agents/node_modules/react-reconciler/cjs/react-reconciler.developmen
+   rame                      t.js:15859:20)
+  -renderWithHooks (/agents/node_modules/react-reconciler/cjs/react-reconciler.development.js:3221:2
+                  2)
+  -updateFunctionCompone (/agents/node_modules/react-reconciler/cjs/react-reconciler.development.js:
+   t                    6475:19)
+  - beginWork (/agents/node_modules/react-reconciler/cjs/react-reconciler.development.js:8009:18)
+  -runWithFiberInDEV (/agents/node_modules/react-reconciler/cjs/react-reconciler.development.js:1738
+                    :13)
+  -performUnitOfWor (/agents/node_modules/react-reconciler/cjs/react-reconciler.development.js:12834
+                   :22)
+  -workLoopSync (/agents/node_modules/react-reconciler/cjs/react-reconciler.development.js:12644:41)
+
+  -renderRootSync (/agents/node_modules/react-reconciler/cjs/react-reconciler.development.js:12624:1
+                 1)
+  -performWorkOnRoo (/agents/node_modules/react-reconciler/cjs/react-reconciler.development.js:12135
+                   :44)
+  -performSyncWorkOnRoo (/agents/node_modules/react-reconciler/cjs/react-reconciler.development.js:2
+                       446:7)
+  -flushSyncWorkAcrossRoots_ (/agents/node_modules/react-reconciler/cjs/react-reconciler.development
+   mpl                      .js:2294:21)
+  -Object.flushSyncWor (/agents/node_modules/react-reconciler/cjs/react-reconciler.development.js:12
+                      394:12)
+  - Ink.render (file:///agents/node_modules/ink/src/ink.tsx:226:14)
+

 ❯ src/ui/App.test.tsx:418:25
            </failure>
        </testcase>
        <testcase classname="src/ui/App.test.tsx" name="App UI &gt; should display Tips component by default" time="0.038246542">
            <failure message="expected &quot;spy&quot; to be called at least once" type="AssertionError">
AssertionError: expected &quot;spy&quot; to be called at least once
 ❯ src/ui/App.test.tsx:431:29
            </failure>
        </testcase>
        <testcase classname="src/ui/App.test.tsx" name="App UI &gt; should not display Tips component when hideTips is true" time="0.030402958">
        </testcase>
        <testcase classname="src/ui/App.test.tsx" name="App UI &gt; should display Header component by default" time="0.025108042">
            <failure message="expected &quot;spy&quot; to be called at least once" type="AssertionError">
AssertionError: expected &quot;spy&quot; to be called at least once
 ❯ src/ui/App.test.tsx:464:31
            </failure>
        </testcase>
        <testcase classname="src/ui/App.test.tsx" name="App UI &gt; should not display Header component when hideBanner is true" time="0.024351958">
        </testcase>
        <testcase classname="src/ui/App.test.tsx" name="App UI &gt; should show tips if system says show, but workspace and user settings say hide" time="0.021142666">
            <failure message="expected &quot;spy&quot; to be called at least once" type="AssertionError">
AssertionError: expected &quot;spy&quot; to be called at least once
 ❯ src/ui/App.test.tsx:501:29
            </failure>
        </testcase>
        <testcase classname="src/ui/App.test.tsx" name="App UI &gt; when no theme is set &gt; should display theme dialog if NO_COLOR is not set" time="0.029311417">
            <failure message="expected &apos;\n  ERROR  MemoryManager not initiali…&apos; to contain &apos;Select Theme&apos;" type="AssertionError">
AssertionError: expected &apos;\n  ERROR  MemoryManager not initiali…&apos; to contain &apos;Select Theme&apos;

- Expected
+ Received

- Select Theme
+
+   ERROR  MemoryManager not initialized. Please provide config on first call.
+
+  src/memory/memoryManager.ts:333:11
+
+  330:   }
+  331:
+  332:   if (!memoryManagerInstance) {
+  333:     throw new Error(&apos;MemoryManager not initialized. Please provide config on first call.&apos;);
+  334:   }
+  335:
+  336:   return memoryManagerInstance;
+
+  - getMemoryManager (src/memory/memoryManager.ts:333:11)
+  - useMemoryIntegration (src/ui/hooks/useMemoryIntegration.ts:16:32)
+  - App (src/ui/App.tsx:126:7)
+  -Object.react-stack-bottom- (/agents/node_modules/react-reconciler/cjs/react-reconciler.developmen
+   rame                      t.js:15859:20)
+  -renderWithHooks (/agents/node_modules/react-reconciler/cjs/react-reconciler.development.js:3221:2
+                  2)
+  -updateFunctionCompone (/agents/node_modules/react-reconciler/cjs/react-reconciler.development.js:
+   t                    6475:19)
+  - beginWork (/agents/node_modules/react-reconciler/cjs/react-reconciler.development.js:8009:18)
+  -runWithFiberInDEV (/agents/node_modules/react-reconciler/cjs/react-reconciler.development.js:1738
+                    :13)
+  -performUnitOfWor (/agents/node_modules/react-reconciler/cjs/react-reconciler.development.js:12834
+                   :22)
+  -workLoopSync (/agents/node_modules/react-reconciler/cjs/react-reconciler.development.js:12644:41)
+
+  -renderRootSync (/agents/node_modules/react-reconciler/cjs/react-reconciler.development.js:12624:1
+                 1)
+  -performWorkOnRoo (/agents/node_modules/react-reconciler/cjs/react-reconciler.development.js:12135
+                   :44)
+  -performSyncWorkOnRoo (/agents/node_modules/react-reconciler/cjs/react-reconciler.development.js:2
+                       446:7)
+  -flushSyncWorkAcrossRoots_ (/agents/node_modules/react-reconciler/cjs/react-reconciler.development
+   mpl                      .js:2294:21)
+  -Object.flushSyncWor (/agents/node_modules/react-reconciler/cjs/react-reconciler.development.js:12
+                      394:12)
+  - Ink.render (file:///agents/node_modules/ink/src/ink.tsx:226:14)
+

 ❯ src/ui/App.test.tsx:531:27
            </failure>
        </testcase>
        <testcase classname="src/ui/App.test.tsx" name="App UI &gt; when no theme is set &gt; should display a message if NO_COLOR is set" time="0.033828">
            <failure message="expected &apos;\n  ERROR  MemoryManager not initiali…&apos; to contain &apos;Theme configuration unavailable due t…&apos;" type="AssertionError">
AssertionError: expected &apos;\n  ERROR  MemoryManager not initiali…&apos; to contain &apos;Theme configuration unavailable due t…&apos;

- Expected
+ Received

- Theme configuration unavailable due to NO_COLOR env variable.
+
+   ERROR  MemoryManager not initialized. Please provide config on first call.
+
+  src/memory/memoryManager.ts:333:11
+
+  330:   }
+  331:
+  332:   if (!memoryManagerInstance) {
+  333:     throw new Error(&apos;MemoryManager not initialized. Please provide config on first call.&apos;);
+  334:   }
+  335:
+  336:   return memoryManagerInstance;
+
+  - getMemoryManager (src/memory/memoryManager.ts:333:11)
+  - useMemoryIntegration (src/ui/hooks/useMemoryIntegration.ts:16:32)
+  - App (src/ui/App.tsx:126:7)
+  -Object.react-stack-bottom- (/agents/node_modules/react-reconciler/cjs/react-reconciler.developmen
+   rame                      t.js:15859:20)
+  -renderWithHooks (/agents/node_modules/react-reconciler/cjs/react-reconciler.development.js:3221:2
+                  2)
+  -updateFunctionCompone (/agents/node_modules/react-reconciler/cjs/react-reconciler.development.js:
+   t                    6475:19)
+  - beginWork (/agents/node_modules/react-reconciler/cjs/react-reconciler.development.js:8009:18)
+  -runWithFiberInDEV (/agents/node_modules/react-reconciler/cjs/react-reconciler.development.js:1738
+                    :13)
+  -performUnitOfWor (/agents/node_modules/react-reconciler/cjs/react-reconciler.development.js:12834
+                   :22)
+  -workLoopSync (/agents/node_modules/react-reconciler/cjs/react-reconciler.development.js:12644:41)
+
+  -renderRootSync (/agents/node_modules/react-reconciler/cjs/react-reconciler.development.js:12624:1
+                 1)
+  -performWorkOnRoo (/agents/node_modules/react-reconciler/cjs/react-reconciler.development.js:12135
+                   :44)
+  -performSyncWorkOnRoo (/agents/node_modules/react-reconciler/cjs/react-reconciler.development.js:2
+                       446:7)
+  -flushSyncWorkAcrossRoots_ (/agents/node_modules/react-reconciler/cjs/react-reconciler.development
+   mpl                      .js:2294:21)
+  -Object.flushSyncWor (/agents/node_modules/react-reconciler/cjs/react-reconciler.development.js:12
+                      394:12)
+  - Ink.render (file:///agents/node_modules/ink/src/ink.tsx:226:14)
+

 ❯ src/ui/App.test.tsx:546:27
            </failure>
        </testcase>
        <testcase classname="src/ui/App.test.tsx" name="App UI &gt; with initial prompt from --prompt-interactive &gt; should submit the initial prompt automatically" time="0.059867542">
            <failure message="expected &quot;spy&quot; to be called with arguments: [ &apos;hello from prompt-interactive&apos; ][90m

Number of calls: [1m0[22m
[39m" type="AssertionError">
AssertionError: expected &quot;spy&quot; to be called with arguments: [ &apos;hello from prompt-interactive&apos; ]

Number of calls: 0

 ❯ src/ui/App.test.tsx:591:31
            </failure>
        </testcase>
    </testsuite>
    <testsuite name="src/utils/startupWarnings.test.ts" timestamp="2025-08-12T09:45:13.943Z" hostname="63accec1df8b" tests="4" failures="0" errors="0" skipped="4" time="0">
        <testcase classname="src/utils/startupWarnings.test.ts" name="startupWarnings &gt; should return warnings from the file and delete it" time="0">
            <skipped/>
        </testcase>
        <testcase classname="src/utils/startupWarnings.test.ts" name="startupWarnings &gt; should return an empty array if the file does not exist" time="0">
            <skipped/>
        </testcase>
        <testcase classname="src/utils/startupWarnings.test.ts" name="startupWarnings &gt; should return an error message if reading the file fails" time="0">
            <skipped/>
        </testcase>
        <testcase classname="src/utils/startupWarnings.test.ts" name="startupWarnings &gt; should return a warning if deleting the file fails" time="0">
            <skipped/>
        </testcase>
    </testsuite>
    <testsuite name="src/utils/userStartupWarnings.test.ts" timestamp="2025-08-12T09:45:13.945Z" hostname="63accec1df8b" tests="3" failures="0" errors="0" skipped="0" time="0.002416375">
        <testcase classname="src/utils/userStartupWarnings.test.ts" name="getUserStartupWarnings &gt; home directory check &gt; should return a warning when running in home directory" time="0.00131725">
        </testcase>
        <testcase classname="src/utils/userStartupWarnings.test.ts" name="getUserStartupWarnings &gt; home directory check &gt; should not return a warning when running in a project directory" time="0.000169834">
        </testcase>
        <testcase classname="src/utils/userStartupWarnings.test.ts" name="getUserStartupWarnings &gt; home directory check &gt; should handle errors when checking directory" time="0.000191125">
        </testcase>
    </testsuite>
    <testsuite name="src/ui/commands/aboutCommand.test.ts" timestamp="2025-08-12T09:45:13.946Z" hostname="63accec1df8b" tests="4" failures="0" errors="0" skipped="0" time="0.005161791">
        <testcase classname="src/ui/commands/aboutCommand.test.ts" name="aboutCommand &gt; should have the correct name and description" time="0.001361417">
        </testcase>
        <testcase classname="src/ui/commands/aboutCommand.test.ts" name="aboutCommand &gt; should call addItem with all version info" time="0.002129958">
        </testcase>
        <testcase classname="src/ui/commands/aboutCommand.test.ts" name="aboutCommand &gt; should show the correct sandbox environment variable" time="0.000646459">
        </testcase>
        <testcase classname="src/ui/commands/aboutCommand.test.ts" name="aboutCommand &gt; should show sandbox-exec profile when applicable" time="0.000298292">
        </testcase>
    </testsuite>
    <testsuite name="src/ui/commands/authCommand.test.ts" timestamp="2025-08-12T09:45:13.948Z" hostname="63accec1df8b" tests="2" failures="0" errors="0" skipped="0" time="0.003496625">
        <testcase classname="src/ui/commands/authCommand.test.ts" name="authCommand &gt; should return a dialog action to open the auth dialog" time="0.002166417">
        </testcase>
        <testcase classname="src/ui/commands/authCommand.test.ts" name="authCommand &gt; should have the correct name and description" time="0.000301125">
        </testcase>
    </testsuite>
    <testsuite name="src/ui/commands/bugCommand.test.ts" timestamp="2025-08-12T09:45:13.948Z" hostname="63accec1df8b" tests="2" failures="0" errors="0" skipped="0" time="0.004310167">
        <testcase classname="src/ui/commands/bugCommand.test.ts" name="bugCommand &gt; should generate the default GitHub issue URL" time="0.003004708">
        </testcase>
        <testcase classname="src/ui/commands/bugCommand.test.ts" name="bugCommand &gt; should use a custom URL template from config if provided" time="0.000445291">
        </testcase>
    </testsuite>
    <testsuite name="src/ui/commands/chatCommand.test.ts" timestamp="2025-08-12T09:45:13.949Z" hostname="63accec1df8b" tests="11" failures="0" errors="0" skipped="0" time="0.008682125">
        <testcase classname="src/ui/commands/chatCommand.test.ts" name="chatCommand &gt; should have the correct main command definition" time="0.001972125">
        </testcase>
        <testcase classname="src/ui/commands/chatCommand.test.ts" name="chatCommand &gt; list subcommand &gt; should inform when no checkpoints are found" time="0.000933083">
        </testcase>
        <testcase classname="src/ui/commands/chatCommand.test.ts" name="chatCommand &gt; list subcommand &gt; should list found checkpoints" time="0.000847208">
        </testcase>
        <testcase classname="src/ui/commands/chatCommand.test.ts" name="chatCommand &gt; save subcommand &gt; should return an error if tag is missing" time="0.000437083">
        </testcase>
        <testcase classname="src/ui/commands/chatCommand.test.ts" name="chatCommand &gt; save subcommand &gt; should inform if conversation history is empty" time="0.000349">
        </testcase>
        <testcase classname="src/ui/commands/chatCommand.test.ts" name="chatCommand &gt; save subcommand &gt; should save the conversation" time="0.000879125">
        </testcase>
        <testcase classname="src/ui/commands/chatCommand.test.ts" name="chatCommand &gt; resume subcommand &gt; should return an error if tag is missing" time="0.000384583">
        </testcase>
        <testcase classname="src/ui/commands/chatCommand.test.ts" name="chatCommand &gt; resume subcommand &gt; should inform if checkpoint is not found" time="0.000444667">
        </testcase>
        <testcase classname="src/ui/commands/chatCommand.test.ts" name="chatCommand &gt; resume subcommand &gt; should resume a conversation" time="0.000412167">
        </testcase>
        <testcase classname="src/ui/commands/chatCommand.test.ts" name="chatCommand &gt; resume subcommand &gt; completion &gt; should provide completion suggestions" time="0.000496958">
        </testcase>
        <testcase classname="src/ui/commands/chatCommand.test.ts" name="chatCommand &gt; resume subcommand &gt; completion &gt; should suggest filenames sorted by modified time (newest first)" time="0.000475709">
        </testcase>
    </testsuite>
    <testsuite name="src/ui/commands/clearCommand.test.ts" timestamp="2025-08-12T09:45:13.952Z" hostname="63accec1df8b" tests="2" failures="0" errors="0" skipped="0" time="0.004082125">
        <testcase classname="src/ui/commands/clearCommand.test.ts" name="clearCommand &gt; should set debug message, reset chat, and clear UI when config is available" time="0.002821458">
        </testcase>
        <testcase classname="src/ui/commands/clearCommand.test.ts" name="clearCommand &gt; should not attempt to reset chat if config service is not available" time="0.00046575">
        </testcase>
    </testsuite>
    <testsuite name="src/ui/commands/compressCommand.test.ts" timestamp="2025-08-12T09:45:13.953Z" hostname="63accec1df8b" tests="5" failures="1" errors="0" skipped="0" time="0.053672792">
        <testcase classname="src/ui/commands/compressCommand.test.ts" name="compressCommand &gt; should do nothing if a compression is already pending" time="0.010999959">
        </testcase>
        <testcase classname="src/ui/commands/compressCommand.test.ts" name="compressCommand &gt; should set pending item, call tryCompressChat, and add result on success" time="0.035767333">
            <failure message="expected &quot;spy&quot; to be called with arguments: [ ObjectContaining{…}, Any&lt;Number&gt; ][90m

Received: 

[1m  1st spy call:

[22m[2m  [[22m
[32m-   ObjectContaining {[90m
[32m-     &quot;compression&quot;: {[90m
[32m-       &quot;isPending&quot;: false,[90m
[32m-       &quot;newTokenCount&quot;: 100,[90m
[32m-       &quot;originalTokenCount&quot;: 200,[90m
[31m+   {[90m
[31m+     &quot;text&quot;: &quot;Failed to compress chat history: context.services.config?.getModel is not a function&quot;,[90m
[31m+     &quot;type&quot;: &quot;error&quot;,[90m
[2m    },[22m
[32m-     &quot;type&quot;: &quot;compression&quot;,[90m
[32m-   },[90m
[32m-   Any&lt;Number&gt;,[90m
[31m+   1754991889742,[90m
[2m  ][22m
[39m[90m

Number of calls: [1m1[22m
[39m" type="AssertionError">
AssertionError: expected &quot;spy&quot; to be called with arguments: [ ObjectContaining{…}, Any&lt;Number&gt; ]

Received: 

  1st spy call:

  [
-   ObjectContaining {
-     &quot;compression&quot;: {
-       &quot;isPending&quot;: false,
-       &quot;newTokenCount&quot;: 100,
-       &quot;originalTokenCount&quot;: 200,
+   {
+     &quot;text&quot;: &quot;Failed to compress chat history: context.services.config?.getModel is not a function&quot;,
+     &quot;type&quot;: &quot;error&quot;,
    },
-     &quot;type&quot;: &quot;compression&quot;,
-   },
-   Any&lt;Number&gt;,
+   1754991889742,
  ]


Number of calls: 1

 ❯ src/ui/commands/compressCommand.test.ts:78:32
            </failure>
        </testcase>
        <testcase classname="src/ui/commands/compressCommand.test.ts" name="compressCommand &gt; should add an error message if tryCompressChat returns falsy" time="0.002383792">
        </testcase>
        <testcase classname="src/ui/commands/compressCommand.test.ts" name="compressCommand &gt; should add an error message if tryCompressChat throws" time="0.002204041">
        </testcase>
        <testcase classname="src/ui/commands/compressCommand.test.ts" name="compressCommand &gt; should clear the pending item in a finally block" time="0.000314666">
        </testcase>
    </testsuite>
    <testsuite name="src/ui/commands/docsCommand.test.ts" timestamp="2025-08-12T09:45:13.954Z" hostname="63accec1df8b" tests="3" failures="0" errors="0" skipped="0" time="0.004873583">
        <testcase classname="src/ui/commands/docsCommand.test.ts" name="docsCommand &gt; should add an info message and call &apos;open&apos; in a non-sandbox environment" time="0.003198833">
        </testcase>
        <testcase classname="src/ui/commands/docsCommand.test.ts" name="docsCommand &gt; should only add an info message in a sandbox environment" time="0.000464709">
        </testcase>
        <testcase classname="src/ui/commands/docsCommand.test.ts" name="docsCommand &gt; should not open browser for &apos;sandbox-exec&apos;" time="0.000275125">
        </testcase>
    </testsuite>
    <testsuite name="src/ui/commands/editorCommand.test.ts" timestamp="2025-08-12T09:45:13.955Z" hostname="63accec1df8b" tests="2" failures="0" errors="0" skipped="0" time="0.002472667">
        <testcase classname="src/ui/commands/editorCommand.test.ts" name="editorCommand &gt; should return a dialog action to open the editor dialog" time="0.001665">
        </testcase>
        <testcase classname="src/ui/commands/editorCommand.test.ts" name="editorCommand &gt; should have the correct name and description" time="0.00013825">
        </testcase>
    </testsuite>
    <testsuite name="src/ui/commands/extensionsCommand.test.ts" timestamp="2025-08-12T09:45:13.956Z" hostname="63accec1df8b" tests="2" failures="0" errors="0" skipped="0" time="0.004372333">
        <testcase classname="src/ui/commands/extensionsCommand.test.ts" name="extensionsCommand &gt; should display &quot;No active extensions.&quot; when none are found" time="0.003184">
        </testcase>
        <testcase classname="src/ui/commands/extensionsCommand.test.ts" name="extensionsCommand &gt; should list active extensions when they are found" time="0.000367459">
        </testcase>
    </testsuite>
    <testsuite name="src/ui/commands/helpCommand.test.ts" timestamp="2025-08-12T09:45:13.957Z" hostname="63accec1df8b" tests="2" failures="0" errors="0" skipped="0" time="0.004638791">
        <testcase classname="src/ui/commands/helpCommand.test.ts" name="helpCommand &gt; should return a dialog action and log a debug message for &apos;/help&apos;" time="0.003527875">
        </testcase>
        <testcase classname="src/ui/commands/helpCommand.test.ts" name="helpCommand &gt; should also be triggered by its alternative name &apos;?&apos;" time="0.00018675">
        </testcase>
    </testsuite>
    <testsuite name="src/ui/commands/ideCommand.test.ts" timestamp="2025-08-12T09:45:13.958Z" hostname="63accec1df8b" tests="1" failures="1" errors="0" skipped="0" time="0">
        <testcase classname="src/ui/commands/ideCommand.test.ts" name="src/ui/commands/ideCommand.test.ts" time="0">
            <failure message="Failed to resolve import &quot;@google/gemini-cli-core&quot; from &quot;src/ui/commands/ideCommand.test.ts&quot;. Does the file exist?" type="Error">
Error: Failed to resolve import &quot;@google/gemini-cli-core&quot; from &quot;src/ui/commands/ideCommand.test.ts&quot;. Does the file exist?
  Plugin: vite:import-analysis
  File: /agents/packages/cli/src/ui/commands/ideCommand.test.ts:14:0
  12 |  const __vi_import_1__ = await import(&quot;child_process&quot;);
  13 |  const __vi_import_2__ = await import(&quot;glob&quot;);
  14 |  const __vi_import_3__ = await import(&quot;@google/gemini-cli-core&quot;);
     |                                       ^
  15 |  /**
  16 |   * @license
 ❯ TransformPluginContext._formatLog ../../node_modules/vite/dist/node/chunks/dep-Bsx9IwL8.js:31446:43
 ❯ TransformPluginContext.error ../../node_modules/vite/dist/node/chunks/dep-Bsx9IwL8.js:31443:14
 ❯ normalizeUrl ../../node_modules/vite/dist/node/chunks/dep-Bsx9IwL8.js:29992:18
 ❯ ../../node_modules/vite/dist/node/chunks/dep-Bsx9IwL8.js:30050:32
 ❯ TransformPluginContext.transform ../../node_modules/vite/dist/node/chunks/dep-Bsx9IwL8.js:30018:4
 ❯ EnvironmentPluginContainer.transform ../../node_modules/vite/dist/node/chunks/dep-Bsx9IwL8.js:31260:14
 ❯ loadAndTransform ../../node_modules/vite/dist/node/chunks/dep-Bsx9IwL8.js:26434:26
            </failure>
        </testcase>
    </testsuite>
    <testsuite name="src/ui/commands/mcpCommand.test.ts" timestamp="2025-08-12T09:45:13.959Z" hostname="63accec1df8b" tests="1" failures="1" errors="0" skipped="0" time="0">
        <testcase classname="src/ui/commands/mcpCommand.test.ts" name="src/ui/commands/mcpCommand.test.ts" time="0">
            <failure message="Failed to resolve import &quot;@google/gemini-cli-core&quot; from &quot;src/ui/commands/mcpCommand.test.ts&quot;. Does the file exist?" type="Error">
Error: Failed to resolve import &quot;@google/gemini-cli-core&quot; from &quot;src/ui/commands/mcpCommand.test.ts&quot;. Does the file exist?
  Plugin: vite:import-analysis
  File: /agents/packages/cli/src/ui/commands/mcpCommand.test.ts:10:0
  12 |  const __vi_import_0__ = await import(&quot;./mcpCommand.js&quot;);
  13 |  const __vi_import_1__ = await import(&quot;../../test-utils/mockCommandContext.js&quot;);
  14 |  const __vi_import_2__ = await import(&quot;@google/gemini-cli-core&quot;);
     |                                       ^
  15 |  const __vi_import_3__ = await import(&quot;open&quot;);
  16 |  const __vi_import_4__ = await import(&quot;@google/genai&quot;);
 ❯ TransformPluginContext._formatLog ../../node_modules/vite/dist/node/chunks/dep-Bsx9IwL8.js:31446:43
 ❯ TransformPluginContext.error ../../node_modules/vite/dist/node/chunks/dep-Bsx9IwL8.js:31443:14
 ❯ normalizeUrl ../../node_modules/vite/dist/node/chunks/dep-Bsx9IwL8.js:29992:18
 ❯ ../../node_modules/vite/dist/node/chunks/dep-Bsx9IwL8.js:30050:32
 ❯ TransformPluginContext.transform ../../node_modules/vite/dist/node/chunks/dep-Bsx9IwL8.js:30018:4
 ❯ EnvironmentPluginContainer.transform ../../node_modules/vite/dist/node/chunks/dep-Bsx9IwL8.js:31260:14
 ❯ loadAndTransform ../../node_modules/vite/dist/node/chunks/dep-Bsx9IwL8.js:26434:26
            </failure>
        </testcase>
    </testsuite>
    <testsuite name="src/ui/commands/memoryCommand.test.ts" timestamp="2025-08-12T09:45:13.960Z" hostname="63accec1df8b" tests="8" failures="0" errors="0" skipped="0" time="0.006994458">
        <testcase classname="src/ui/commands/memoryCommand.test.ts" name="memoryCommand &gt; /memory show &gt; should display a message if memory is empty" time="0.003143541">
        </testcase>
        <testcase classname="src/ui/commands/memoryCommand.test.ts" name="memoryCommand &gt; /memory show &gt; should display the memory content and file count if it exists" time="0.000392666">
        </testcase>
        <testcase classname="src/ui/commands/memoryCommand.test.ts" name="memoryCommand &gt; /memory add &gt; should return an error message if no arguments are provided" time="0.000378958">
        </testcase>
        <testcase classname="src/ui/commands/memoryCommand.test.ts" name="memoryCommand &gt; /memory add &gt; should return a tool action and add an info message when arguments are provided" time="0.000292042">
        </testcase>
        <testcase classname="src/ui/commands/memoryCommand.test.ts" name="memoryCommand &gt; /memory refresh &gt; should display success message when memory is refreshed with content" time="0.000451834">
        </testcase>
        <testcase classname="src/ui/commands/memoryCommand.test.ts" name="memoryCommand &gt; /memory refresh &gt; should display success message when memory is refreshed with no content" time="0.0002835">
        </testcase>
        <testcase classname="src/ui/commands/memoryCommand.test.ts" name="memoryCommand &gt; /memory refresh &gt; should display an error message if refreshing fails" time="0.000493458">
        </testcase>
        <testcase classname="src/ui/commands/memoryCommand.test.ts" name="memoryCommand &gt; /memory refresh &gt; should not throw if config service is unavailable" time="0.000670125">
        </testcase>
    </testsuite>
    <testsuite name="src/ui/commands/privacyCommand.test.ts" timestamp="2025-08-12T09:45:13.962Z" hostname="63accec1df8b" tests="2" failures="0" errors="0" skipped="0" time="0.002856708">
        <testcase classname="src/ui/commands/privacyCommand.test.ts" name="privacyCommand &gt; should return a dialog action to open the privacy dialog" time="0.001877708">
        </testcase>
        <testcase classname="src/ui/commands/privacyCommand.test.ts" name="privacyCommand &gt; should have the correct name and description" time="0.000238916">
        </testcase>
    </testsuite>
    <testsuite name="src/ui/commands/quitCommand.test.ts" timestamp="2025-08-12T09:45:13.963Z" hostname="63accec1df8b" tests="1" failures="0" errors="0" skipped="0" time="0.004202042">
        <testcase classname="src/ui/commands/quitCommand.test.ts" name="quitCommand &gt; returns a QuitActionReturn object with the correct messages" time="0.003413917">
        </testcase>
    </testsuite>
    <testsuite name="src/ui/commands/statsCommand.test.ts" timestamp="2025-08-12T09:45:13.963Z" hostname="63accec1df8b" tests="3" failures="0" errors="0" skipped="0" time="0.005898">
        <testcase classname="src/ui/commands/statsCommand.test.ts" name="statsCommand &gt; should display general session stats when run with no subcommand" time="0.004454333">
        </testcase>
        <testcase classname="src/ui/commands/statsCommand.test.ts" name="statsCommand &gt; should display model stats when using the &quot;model&quot; subcommand" time="0.00036225">
        </testcase>
        <testcase classname="src/ui/commands/statsCommand.test.ts" name="statsCommand &gt; should display tool stats when using the &quot;tools&quot; subcommand" time="0.000257583">
        </testcase>
    </testsuite>
    <testsuite name="src/ui/commands/synapticCommand.test.ts" timestamp="2025-08-12T09:45:13.964Z" hostname="63accec1df8b" tests="17" failures="17" errors="0" skipped="0" time="0.021724625">
        <testcase classname="src/ui/commands/synapticCommand.test.ts" name="synapticCommand &gt; 引数なしでダッシュボードを表示すること" time="0.010896167">
            <failure message="expected undefined to be true // Object.is equality" type="AssertionError">
AssertionError: expected undefined to be true // Object.is equality

- Expected: 
true

+ Received: 
undefined

 ❯ src/ui/commands/synapticCommand.test.ts:45:28
            </failure>
        </testcase>
        <testcase classname="src/ui/commands/synapticCommand.test.ts" name="synapticCommand &gt; helpコマンドでヘルプメッセージを表示すること" time="0.001823959">
            <failure message="expected undefined to be true // Object.is equality" type="AssertionError">
AssertionError: expected undefined to be true // Object.is equality

- Expected: 
true

+ Received: 
undefined

 ❯ src/ui/commands/synapticCommand.test.ts:57:28
            </failure>
        </testcase>
        <testcase classname="src/ui/commands/synapticCommand.test.ts" name="synapticCommand &gt; --helpフラグでヘルプメッセージを表示すること" time="0.000271791">
            <failure message="expected undefined to be true // Object.is equality" type="AssertionError">
AssertionError: expected undefined to be true // Object.is equality

- Expected: 
true

+ Received: 
undefined

 ❯ src/ui/commands/synapticCommand.test.ts:66:28
            </failure>
        </testcase>
        <testcase classname="src/ui/commands/synapticCommand.test.ts" name="synapticCommand &gt; -hフラグでヘルプメッセージを表示すること" time="0.000233375">
            <failure message="expected undefined to be true // Object.is equality" type="AssertionError">
AssertionError: expected undefined to be true // Object.is equality

- Expected: 
true

+ Received: 
undefined

 ❯ src/ui/commands/synapticCommand.test.ts:73:28
            </failure>
        </testcase>
        <testcase classname="src/ui/commands/synapticCommand.test.ts" name="synapticCommand &gt; statusコマンドでシステム状態を表示すること" time="0.000649416">
            <failure message="expected undefined to be true // Object.is equality" type="AssertionError">
AssertionError: expected undefined to be true // Object.is equality

- Expected: 
true

+ Received: 
undefined

 ❯ src/ui/commands/synapticCommand.test.ts:109:28
            </failure>
        </testcase>
        <testcase classname="src/ui/commands/synapticCommand.test.ts" name="synapticCommand &gt; searchコマンドでメモリ検索を実行すること" time="0.000345542">
            <failure message="expected undefined to be true // Object.is equality" type="AssertionError">
AssertionError: expected undefined to be true // Object.is equality

- Expected: 
true

+ Received: 
undefined

 ❯ src/ui/commands/synapticCommand.test.ts:143:28
            </failure>
        </testcase>
        <testcase classname="src/ui/commands/synapticCommand.test.ts" name="synapticCommand &gt; 検索クエリなしでsearchコマンドを実行した場合エラーになること" time="0.000387667">
            <failure message="expected undefined to be false // Object.is equality" type="AssertionError">
AssertionError: expected undefined to be false // Object.is equality

- Expected: 
false

+ Received: 
undefined

 ❯ src/ui/commands/synapticCommand.test.ts:153:28
            </failure>
        </testcase>
        <testcase classname="src/ui/commands/synapticCommand.test.ts" name="synapticCommand &gt; activateコマンドでメモリ活性化を実行すること" time="0.000427583">
            <failure message="expected undefined to be true // Object.is equality" type="AssertionError">
AssertionError: expected undefined to be true // Object.is equality

- Expected: 
true

+ Received: 
undefined

 ❯ src/ui/commands/synapticCommand.test.ts:179:28
            </failure>
        </testcase>
        <testcase classname="src/ui/commands/synapticCommand.test.ts" name="synapticCommand &gt; メモリIDなしでactivateコマンドを実行した場合エラーになること" time="0.000266125">
            <failure message="expected undefined to be false // Object.is equality" type="AssertionError">
AssertionError: expected undefined to be false // Object.is equality

- Expected: 
false

+ Received: 
undefined

 ❯ src/ui/commands/synapticCommand.test.ts:188:28
            </failure>
        </testcase>
        <testcase classname="src/ui/commands/synapticCommand.test.ts" name="synapticCommand &gt; 存在しないサブコマンドでエラーになること" time="0.000227084">
            <failure message="expected undefined to be false // Object.is equality" type="AssertionError">
AssertionError: expected undefined to be false // Object.is equality

- Expected: 
false

+ Received: 
undefined

 ❯ src/ui/commands/synapticCommand.test.ts:195:28
            </failure>
        </testcase>
        <testcase classname="src/ui/commands/synapticCommand.test.ts" name="synapticCommand &gt; ダッシュボード表示エラーをハンドリングすること" time="0.000238833">
            <failure message="expected undefined to be false // Object.is equality" type="AssertionError">
AssertionError: expected undefined to be false // Object.is equality

- Expected: 
false

+ Received: 
undefined

 ❯ src/ui/commands/synapticCommand.test.ts:204:28
            </failure>
        </testcase>
        <testcase classname="src/ui/commands/synapticCommand.test.ts" name="synapticCommand &gt; status取得エラーをハンドリングすること" time="0.000312667">
            <failure message="expected undefined to be false // Object.is equality" type="AssertionError">
AssertionError: expected undefined to be false // Object.is equality

- Expected: 
false

+ Received: 
undefined

 ❯ src/ui/commands/synapticCommand.test.ts:221:28
            </failure>
        </testcase>
        <testcase classname="src/ui/commands/synapticCommand.test.ts" name="synapticCommand &gt; 検索エラーをハンドリングすること" time="0.000338417">
            <failure message="expected undefined to be false // Object.is equality" type="AssertionError">
AssertionError: expected undefined to be false // Object.is equality

- Expected: 
false

+ Received: 
undefined

 ❯ src/ui/commands/synapticCommand.test.ts:236:28
            </failure>
        </testcase>
        <testcase classname="src/ui/commands/synapticCommand.test.ts" name="synapticCommand &gt; 活性化エラーをハンドリングすること" time="0.000289708">
            <failure message="expected undefined to be false // Object.is equality" type="AssertionError">
AssertionError: expected undefined to be false // Object.is equality

- Expected: 
false

+ Received: 
undefined

 ❯ src/ui/commands/synapticCommand.test.ts:253:28
            </failure>
        </testcase>
        <testcase classname="src/ui/commands/synapticCommand.test.ts" name="synapticCommand &gt; 検索結果が空の場合の処理" time="0.000280375">
            <failure message="expected undefined to be true // Object.is equality" type="AssertionError">
AssertionError: expected undefined to be true // Object.is equality

- Expected: 
true

+ Received: 
undefined

 ❯ src/ui/commands/synapticCommand.test.ts:268:28
            </failure>
        </testcase>
        <testcase classname="src/ui/commands/synapticCommand.test.ts" name="synapticCommand &gt; 活性化結果が空の場合の処理" time="0.0002965">
            <failure message="expected undefined to be true // Object.is equality" type="AssertionError">
AssertionError: expected undefined to be true // Object.is equality

- Expected: 
true

+ Received: 
undefined

 ❯ src/ui/commands/synapticCommand.test.ts:285:28
            </failure>
        </testcase>
        <testcase classname="src/ui/commands/synapticCommand.test.ts" name="synapticCommand &gt; 複雑な検索クエリを正しく解析すること" time="0.003316083">
            <failure message="expected &quot;spy&quot; to be called with arguments: [ &apos;複雑な検索クエリ&apos;, 10 ][90m

Number of calls: [1m0[22m
[39m" type="AssertionError">
AssertionError: expected &quot;spy&quot; to be called with arguments: [ &apos;複雑な検索クエリ&apos;, 10 ]

Number of calls: 0

 ❯ src/ui/commands/synapticCommand.test.ts:301:34
            </failure>
        </testcase>
    </testsuite>
    <testsuite name="src/ui/commands/themeCommand.test.ts" timestamp="2025-08-12T09:45:13.974Z" hostname="63accec1df8b" tests="2" failures="0" errors="0" skipped="0" time="0.002924625">
        <testcase classname="src/ui/commands/themeCommand.test.ts" name="themeCommand &gt; should return a dialog action to open the theme dialog" time="0.001934125">
        </testcase>
        <testcase classname="src/ui/commands/themeCommand.test.ts" name="themeCommand &gt; should have the correct name and description" time="0.000244042">
        </testcase>
    </testsuite>
    <testsuite name="src/ui/commands/toolsCommand.test.ts" timestamp="2025-08-12T09:45:13.974Z" hostname="63accec1df8b" tests="4" failures="0" errors="0" skipped="0" time="0.004916375">
        <testcase classname="src/ui/commands/toolsCommand.test.ts" name="toolsCommand &gt; should display an error if the tool registry is unavailable" time="0.002860667">
        </testcase>
        <testcase classname="src/ui/commands/toolsCommand.test.ts" name="toolsCommand &gt; should display &quot;No tools available&quot; when none are found" time="0.000630792">
        </testcase>
        <testcase classname="src/ui/commands/toolsCommand.test.ts" name="toolsCommand &gt; should list tools without descriptions by default" time="0.000511">
        </testcase>
        <testcase classname="src/ui/commands/toolsCommand.test.ts" name="toolsCommand &gt; should list tools with descriptions when &quot;desc&quot; arg is passed" time="0.000219166">
        </testcase>
    </testsuite>
    <testsuite name="src/ui/contexts/SessionContext.test.tsx" timestamp="2025-08-12T09:45:13.976Z" hostname="63accec1df8b" tests="3" failures="0" errors="0" skipped="0" time="0.029370458">
        <testcase classname="src/ui/contexts/SessionContext.test.tsx" name="SessionStatsContext &gt; should provide the correct initial state" time="0.013425166">
            <system-err>
An update to Root inside a test was not wrapped in act(...).

When testing, code that causes React state updates should be wrapped into act(...):

act(() =&gt; {
  /* fire events that update state */
});
/* assert on the output */

This ensures that you&apos;re testing the behavior the user would see in the browser. Learn more at https://react.dev/link/wrap-tests-with-act
An update to SessionStatsProvider inside a test was not wrapped in act(...).

When testing, code that causes React state updates should be wrapped into act(...):

act(() =&gt; {
  /* fire events that update state */
});
/* assert on the output */

This ensures that you&apos;re testing the behavior the user would see in the browser. Learn more at https://react.dev/link/wrap-tests-with-act

            </system-err>
        </testcase>
        <testcase classname="src/ui/contexts/SessionContext.test.tsx" name="SessionStatsContext &gt; should update metrics when the uiTelemetryService emits an update" time="0.002023625">
            <system-err>
An update to Root inside a test was not wrapped in act(...).

When testing, code that causes React state updates should be wrapped into act(...):

act(() =&gt; {
  /* fire events that update state */
});
/* assert on the output */

This ensures that you&apos;re testing the behavior the user would see in the browser. Learn more at https://react.dev/link/wrap-tests-with-act
An update to SessionStatsProvider inside a test was not wrapped in act(...).

When testing, code that causes React state updates should be wrapped into act(...):

act(() =&gt; {
  /* fire events that update state */
});
/* assert on the output */

This ensures that you&apos;re testing the behavior the user would see in the browser. Learn more at https://react.dev/link/wrap-tests-with-act
`ReactDOMTestUtils.act` is deprecated in favor of `React.act`. Import `act` from `react` instead of `react-dom/test-utils`. See https://react.dev/warnings/react-dom-test-utils for more info.

            </system-err>
        </testcase>
        <testcase classname="src/ui/contexts/SessionContext.test.tsx" name="SessionStatsContext &gt; should throw an error when useSessionStats is used outside of a provider" time="0.012773041">
        </testcase>
    </testsuite>
    <testsuite name="src/ui/components/AuthDialog.test.tsx" timestamp="2025-08-12T09:45:13.977Z" hostname="63accec1df8b" tests="10" failures="0" errors="0" skipped="0" time="0.383441333">
        <testcase classname="src/ui/components/AuthDialog.test.tsx" name="AuthDialog &gt; should show an error if the initial auth type is invalid" time="0.023405333">
        </testcase>
        <testcase classname="src/ui/components/AuthDialog.test.tsx" name="AuthDialog &gt; GEMINI_API_KEY environment variable &gt; should detect GEMINI_API_KEY environment variable" time="0.005700875">
        </testcase>
        <testcase classname="src/ui/components/AuthDialog.test.tsx" name="AuthDialog &gt; GEMINI_API_KEY environment variable &gt; should not show the GEMINI_API_KEY message if GEMINI_DEFAULT_AUTH_TYPE is set to something else" time="0.00523075">
        </testcase>
        <testcase classname="src/ui/components/AuthDialog.test.tsx" name="AuthDialog &gt; GEMINI_API_KEY environment variable &gt; should show the GEMINI_API_KEY message if GEMINI_DEFAULT_AUTH_TYPE is set to use api key" time="0.007233458">
        </testcase>
        <testcase classname="src/ui/components/AuthDialog.test.tsx" name="AuthDialog &gt; GEMINI_DEFAULT_AUTH_TYPE environment variable &gt; should select the auth type specified by GEMINI_DEFAULT_AUTH_TYPE" time="0.004454542">
        </testcase>
        <testcase classname="src/ui/components/AuthDialog.test.tsx" name="AuthDialog &gt; GEMINI_DEFAULT_AUTH_TYPE environment variable &gt; should fall back to default if GEMINI_DEFAULT_AUTH_TYPE is not set" time="0.004654667">
        </testcase>
        <testcase classname="src/ui/components/AuthDialog.test.tsx" name="AuthDialog &gt; GEMINI_DEFAULT_AUTH_TYPE environment variable &gt; should show an error and fall back to default if GEMINI_DEFAULT_AUTH_TYPE is invalid" time="0.006493583">
        </testcase>
        <testcase classname="src/ui/components/AuthDialog.test.tsx" name="AuthDialog &gt; should prevent exiting when no auth method is selected and show error message" time="0.109779666">
        </testcase>
        <testcase classname="src/ui/components/AuthDialog.test.tsx" name="AuthDialog &gt; should not exit if there is already an error message" time="0.107597125">
        </testcase>
        <testcase classname="src/ui/components/AuthDialog.test.tsx" name="AuthDialog &gt; should allow exiting when auth method is already selected" time="0.10785325">
        </testcase>
    </testsuite>
    <testsuite name="src/ui/components/HistoryItemDisplay.test.tsx" timestamp="2025-08-12T09:45:13.979Z" hostname="63accec1df8b" tests="6" failures="0" errors="0" skipped="0" time="0.085298208">
        <testcase classname="src/ui/components/HistoryItemDisplay.test.tsx" name="&lt;HistoryItemDisplay /&gt; &gt; renders UserMessage for &quot;user&quot; type" time="0.016470209">
        </testcase>
        <testcase classname="src/ui/components/HistoryItemDisplay.test.tsx" name="&lt;HistoryItemDisplay /&gt; &gt; renders StatsDisplay for &quot;stats&quot; type" time="0.009540125">
        </testcase>
        <testcase classname="src/ui/components/HistoryItemDisplay.test.tsx" name="&lt;HistoryItemDisplay /&gt; &gt; renders AboutBox for &quot;about&quot; type" time="0.005261458">
        </testcase>
        <testcase classname="src/ui/components/HistoryItemDisplay.test.tsx" name="&lt;HistoryItemDisplay /&gt; &gt; renders ModelStatsDisplay for &quot;model_stats&quot; type" time="0.001998583">
        </testcase>
        <testcase classname="src/ui/components/HistoryItemDisplay.test.tsx" name="&lt;HistoryItemDisplay /&gt; &gt; renders ToolStatsDisplay for &quot;tool_stats&quot; type" time="0.002004417">
        </testcase>
        <testcase classname="src/ui/components/HistoryItemDisplay.test.tsx" name="&lt;HistoryItemDisplay /&gt; &gt; renders SessionSummaryDisplay for &quot;quit&quot; type" time="0.049171875">
        </testcase>
    </testsuite>
    <testsuite name="src/ui/components/InputPrompt.test.tsx" timestamp="2025-08-12T09:45:13.981Z" hostname="63accec1df8b" tests="22" failures="0" errors="0" skipped="0" time="2.456678252">
        <testcase classname="src/ui/components/InputPrompt.test.tsx" name="InputPrompt &gt; should call shellHistory.getPreviousCommand on up arrow in shell mode" time="0.124307417">
        </testcase>
        <testcase classname="src/ui/components/InputPrompt.test.tsx" name="InputPrompt &gt; should call shellHistory.getNextCommand on down arrow in shell mode" time="0.105253459">
        </testcase>
        <testcase classname="src/ui/components/InputPrompt.test.tsx" name="InputPrompt &gt; should set the buffer text when a shell history command is retrieved" time="0.106197291">
        </testcase>
        <testcase classname="src/ui/components/InputPrompt.test.tsx" name="InputPrompt &gt; should call shellHistory.addCommandToHistory on submit in shell mode" time="0.108098459">
        </testcase>
        <testcase classname="src/ui/components/InputPrompt.test.tsx" name="InputPrompt &gt; should NOT call shell history methods when not in shell mode" time="0.210778541">
        </testcase>
        <testcase classname="src/ui/components/InputPrompt.test.tsx" name="InputPrompt &gt; clipboard image paste &gt; should handle Ctrl+V when clipboard has an image" time="0.105555125">
        </testcase>
        <testcase classname="src/ui/components/InputPrompt.test.tsx" name="InputPrompt &gt; clipboard image paste &gt; should not insert anything when clipboard has no image" time="0.105188542">
        </testcase>
        <testcase classname="src/ui/components/InputPrompt.test.tsx" name="InputPrompt &gt; clipboard image paste &gt; should handle image save failure gracefully" time="0.105676584">
        </testcase>
        <testcase classname="src/ui/components/InputPrompt.test.tsx" name="InputPrompt &gt; clipboard image paste &gt; should insert image path at cursor position with proper spacing" time="0.110009875">
        </testcase>
        <testcase classname="src/ui/components/InputPrompt.test.tsx" name="InputPrompt &gt; clipboard image paste &gt; should handle errors during clipboard operations" time="0.105501125">
        </testcase>
        <testcase classname="src/ui/components/InputPrompt.test.tsx" name="InputPrompt &gt; should complete a partial parent command and add a space" time="0.106120625">
        </testcase>
        <testcase classname="src/ui/components/InputPrompt.test.tsx" name="InputPrompt &gt; should append a sub-command when the parent command is already complete with a space" time="0.106005958">
        </testcase>
        <testcase classname="src/ui/components/InputPrompt.test.tsx" name="InputPrompt &gt; should handle the &quot;backspace&quot; edge case correctly" time="0.106751501">
        </testcase>
        <testcase classname="src/ui/components/InputPrompt.test.tsx" name="InputPrompt &gt; should complete a partial argument for a command" time="0.105113584">
        </testcase>
        <testcase classname="src/ui/components/InputPrompt.test.tsx" name="InputPrompt &gt; should autocomplete on Enter when suggestions are active, without submitting" time="0.1059805">
        </testcase>
        <testcase classname="src/ui/components/InputPrompt.test.tsx" name="InputPrompt &gt; should complete a command based on its altName" time="0.105849417">
        </testcase>
        <testcase classname="src/ui/components/InputPrompt.test.tsx" name="InputPrompt &gt; should not submit on Enter when the buffer is empty or only contains whitespace" time="0.10569625">
        </testcase>
        <testcase classname="src/ui/components/InputPrompt.test.tsx" name="InputPrompt &gt; should submit directly on Enter when a complete leaf command is typed" time="0.105592625">
        </testcase>
        <testcase classname="src/ui/components/InputPrompt.test.tsx" name="InputPrompt &gt; should autocomplete an @-path on Enter without submitting" time="0.105787125">
        </testcase>
        <testcase classname="src/ui/components/InputPrompt.test.tsx" name="InputPrompt &gt; should add a newline on enter when the line ends with a backslash" time="0.104891792">
        </testcase>
        <testcase classname="src/ui/components/InputPrompt.test.tsx" name="InputPrompt &gt; should clear the buffer on Ctrl+C if it has text" time="0.105011">
        </testcase>
        <testcase classname="src/ui/components/InputPrompt.test.tsx" name="InputPrompt &gt; should NOT clear the buffer on Ctrl+C if it is empty" time="0.105678167">
        </testcase>
    </testsuite>
    <testsuite name="src/ui/components/LoadingIndicator.test.tsx" timestamp="2025-08-12T09:45:13.986Z" hostname="63accec1df8b" tests="11" failures="0" errors="0" skipped="0" time="0.031807916">
        <testcase classname="src/ui/components/LoadingIndicator.test.tsx" name="&lt;LoadingIndicator /&gt; &gt; should not render when streamingState is Idle" time="0.009646125">
        </testcase>
        <testcase classname="src/ui/components/LoadingIndicator.test.tsx" name="&lt;LoadingIndicator /&gt; &gt; should render spinner, phrase, and time when streamingState is Responding" time="0.006237833">
        </testcase>
        <testcase classname="src/ui/components/LoadingIndicator.test.tsx" name="&lt;LoadingIndicator /&gt; &gt; should render spinner (static), phrase but no time/cancel when streamingState is WaitingForConfirmation" time="0.002175833">
        </testcase>
        <testcase classname="src/ui/components/LoadingIndicator.test.tsx" name="&lt;LoadingIndicator /&gt; &gt; should display the currentLoadingPhrase correctly" time="0.001327375">
        </testcase>
        <testcase classname="src/ui/components/LoadingIndicator.test.tsx" name="&lt;LoadingIndicator /&gt; &gt; should display the elapsedTime correctly when Responding" time="0.001288625">
        </testcase>
        <testcase classname="src/ui/components/LoadingIndicator.test.tsx" name="&lt;LoadingIndicator /&gt; &gt; should display the elapsedTime correctly in human-readable format" time="0.001192292">
        </testcase>
        <testcase classname="src/ui/components/LoadingIndicator.test.tsx" name="&lt;LoadingIndicator /&gt; &gt; should render rightContent when provided" time="0.001151625">
        </testcase>
        <testcase classname="src/ui/components/LoadingIndicator.test.tsx" name="&lt;LoadingIndicator /&gt; &gt; should transition correctly between states using rerender" time="0.003573833">
        </testcase>
        <testcase classname="src/ui/components/LoadingIndicator.test.tsx" name="&lt;LoadingIndicator /&gt; &gt; should display fallback phrase if thought is empty" time="0.001283833">
        </testcase>
        <testcase classname="src/ui/components/LoadingIndicator.test.tsx" name="&lt;LoadingIndicator /&gt; &gt; should display the subject of a thought" time="0.001618125">
        </testcase>
        <testcase classname="src/ui/components/LoadingIndicator.test.tsx" name="&lt;LoadingIndicator /&gt; &gt; should prioritize thought.subject over currentLoadingPhrase" time="0.001394666">
        </testcase>
    </testsuite>
    <testsuite name="src/ui/components/ModelStatsDisplay.test.tsx" timestamp="2025-08-12T09:45:13.988Z" hostname="63accec1df8b" tests="6" failures="0" errors="0" skipped="0" time="0.058881583">
        <testcase classname="src/ui/components/ModelStatsDisplay.test.tsx" name="&lt;ModelStatsDisplay /&gt; &gt; should render &quot;no API calls&quot; message when there are no active models" time="0.015647875">
        </testcase>
        <testcase classname="src/ui/components/ModelStatsDisplay.test.tsx" name="&lt;ModelStatsDisplay /&gt; &gt; should not display conditional rows if no model has data for them" time="0.010813833">
        </testcase>
        <testcase classname="src/ui/components/ModelStatsDisplay.test.tsx" name="&lt;ModelStatsDisplay /&gt; &gt; should display conditional rows if at least one model has data" time="0.007669542">
        </testcase>
        <testcase classname="src/ui/components/ModelStatsDisplay.test.tsx" name="&lt;ModelStatsDisplay /&gt; &gt; should display stats for multiple models correctly" time="0.011355916">
        </testcase>
        <testcase classname="src/ui/components/ModelStatsDisplay.test.tsx" name="&lt;ModelStatsDisplay /&gt; &gt; should handle large values without wrapping or overlapping" time="0.006273667">
        </testcase>
        <testcase classname="src/ui/components/ModelStatsDisplay.test.tsx" name="&lt;ModelStatsDisplay /&gt; &gt; should display a single model correctly" time="0.006141167">
        </testcase>
    </testsuite>
    <testsuite name="src/ui/components/SessionSummaryDisplay.test.tsx" timestamp="2025-08-12T09:45:13.990Z" hostname="63accec1df8b" tests="1" failures="0" errors="0" skipped="0" time="0.081501208">
        <testcase classname="src/ui/components/SessionSummaryDisplay.test.tsx" name="&lt;SessionSummaryDisplay /&gt; &gt; renders the summary display with a title" time="0.080589041">
        </testcase>
    </testsuite>
    <testsuite name="src/ui/components/StatsDisplay.test.tsx" timestamp="2025-08-12T09:45:13.990Z" hostname="63accec1df8b" tests="10" failures="0" errors="0" skipped="0" time="0.140639542">
        <testcase classname="src/ui/components/StatsDisplay.test.tsx" name="&lt;StatsDisplay /&gt; &gt; renders only the Performance section in its zero state" time="0.029746542">
        </testcase>
        <testcase classname="src/ui/components/StatsDisplay.test.tsx" name="&lt;StatsDisplay /&gt; &gt; renders a table with two models correctly" time="0.012564666">
        </testcase>
        <testcase classname="src/ui/components/StatsDisplay.test.tsx" name="&lt;StatsDisplay /&gt; &gt; renders all sections when all data is present" time="0.013825542">
        </testcase>
        <testcase classname="src/ui/components/StatsDisplay.test.tsx" name="&lt;StatsDisplay /&gt; &gt; Conditional Rendering Tests &gt; hides User Agreement when no decisions are made" time="0.005497292">
        </testcase>
        <testcase classname="src/ui/components/StatsDisplay.test.tsx" name="&lt;StatsDisplay /&gt; &gt; Conditional Rendering Tests &gt; hides Efficiency section when cache is not used" time="0.006583125">
        </testcase>
        <testcase classname="src/ui/components/StatsDisplay.test.tsx" name="&lt;StatsDisplay /&gt; &gt; Conditional Color Tests &gt; renders success rate in green for high values" time="0.00572225">
        </testcase>
        <testcase classname="src/ui/components/StatsDisplay.test.tsx" name="&lt;StatsDisplay /&gt; &gt; Conditional Color Tests &gt; renders success rate in yellow for medium values" time="0.008126125">
        </testcase>
        <testcase classname="src/ui/components/StatsDisplay.test.tsx" name="&lt;StatsDisplay /&gt; &gt; Conditional Color Tests &gt; renders success rate in red for low values" time="0.004474375">
        </testcase>
        <testcase classname="src/ui/components/StatsDisplay.test.tsx" name="&lt;StatsDisplay /&gt; &gt; Title Rendering &gt; renders the default title when no title prop is provided" time="0.003334708">
        </testcase>
        <testcase classname="src/ui/components/StatsDisplay.test.tsx" name="&lt;StatsDisplay /&gt; &gt; Title Rendering &gt; renders the custom title when a title prop is provided" time="0.049219459">
        </testcase>
    </testsuite>
    <testsuite name="src/ui/components/SynapticMemoryDashboard.test.tsx" timestamp="2025-08-12T09:45:13.993Z" hostname="63accec1df8b" tests="12" failures="12" errors="0" skipped="0" time="4.251746669">
        <testcase classname="src/ui/components/SynapticMemoryDashboard.test.tsx" name="SynapticMemoryDashboard &gt; 正常にレンダリングされること" time="0.07391725">
            <failure message="Unable to find an element with the text: Synaptic Memory Dashboard. This could be because the text is broken up by multiple elements. In this case, you can provide a function for your text matcher to make your matcher more flexible.

Ignored nodes: comments, script, style
[36m&lt;body&gt;[39m
  [36m&lt;div&gt;[39m
    [36m&lt;ink-box[39m
      [33mstyle[39m=[32m&quot;flex-wrap: nowrap; flex-direction: column; flex-grow: 0; flex-shrink: 1; width: 52px; height: 20px; padding: 1px; overflow-x: visible; overflow-y: visible;&quot;[39m
    [36m&gt;[39m
      [36m&lt;ink-box[39m
        [33mstyle[39m=[32m&quot;flex-wrap: nowrap; flex-direction: row; flex-grow: 0; flex-shrink: 1; margin-bottom: 1px; overflow-x: visible; overflow-y: visible;&quot;[39m
      [36m&gt;[39m
        [36m&lt;ink-text[39m
          [33mstyle[39m=[32m&quot;flex-grow: 0; flex-shrink: 1; flex-direction: row; text-wrap: wrap;&quot;[39m
        [36m&gt;[39m
          [0mシナプス記憶システム ダッシュボード[0m
        [36m&lt;/ink-text&gt;[39m
      [36m&lt;/ink-box&gt;[39m
      [36m&lt;ink-box[39m
        [33mstyle[39m=[32m&quot;flex-wrap: nowrap; flex-direction: row; flex-grow: 0; flex-shrink: 1; margin-bottom: 1px; overflow-x: visible; overflow-y: visible;&quot;[39m
      [36m&gt;[39m
        [36m&lt;ink-box[39m
          [33mstyle[39m=[32m&quot;flex-wrap: nowrap; flex-direction: row; flex-grow: 0; flex-shrink: 1; margin-right: 2px; overflow-x: visible; overflow-y: visible;&quot;[39m
        [36m&gt;[39m
          [36m&lt;ink-text[39m
            [33mstyle[39m=[32m&quot;flex-grow: 0; flex-shrink: 1; flex-direction: row; text-wrap: wrap;&quot;[39m
          [36m&gt;[39m
            [0m[[0m
            [0m1[0m
            [0m] [0m
            [0m記憶一覧[0m
          [36m&lt;/ink-text&gt;[39m
        [36m&lt;/ink-box&gt;[39m
        [36m&lt;ink-box[39m
          [33mstyle[39m=[32m&quot;flex-wrap: nowrap; flex-direction: row; flex-grow: 0; flex-shrink: 1; margin-right: 2px; overflow-x: visible; overflow-y: visible;&quot;[39m
        [36m&gt;[39m
          [36m&lt;ink-text[39m
            [33mstyle[39m=[32m&quot;flex-grow: 0; flex-shrink: 1; flex-direction: row; text-wrap: wrap;&quot;[39m
          [36m&gt;[39m
            [0m[[0m
            [0m2[0m
            [0m] [0m
            [0mシナプス結合[0m
          [36m&lt;/ink-text&gt;[39m
        [36m&lt;/ink-box&gt;[39m
        [36m&lt;ink-box[39m
          [33mstyle[39m=[32m&quot;flex-wrap: nowrap; flex-direction: row; flex-grow: 0; flex-shrink: 1; margin-right: 2px; overflow-x: visible; overflow-y: visible;&quot;[39m
        [36m&gt;[39m
          [36m&lt;ink-text[39m
            [33mstyle[39m=[32m&quot;flex-grow: 0; flex-shrink: 1; flex-direction: row; text-wrap: wrap;&quot;[39m
          [36m&gt;[39m
            [0m[[0m
            [0m3[0m
            [0m] [0m
            [0mネットワーク診断[0m
          [36m&lt;/ink-text&gt;[39m
        [36m&lt;/ink-box&gt;[39m
        [36m&lt;ink-box[39m
          [33mstyle[39m=[32m&quot;flex-wrap: nowrap; flex-direction: row; flex-grow: 0; flex-shrink: 1; margin-right: 2px; overflow-x: visible; overflow-y: visible;&quot;[39m
        [36m&gt;[39m
          [36m&lt;ink-text[39m
            [33mstyle[39m=[32m&quot;flex-grow: 0; flex-shrink: 1; flex-direction: row; text-wrap: wrap;&quot;[39m
          [36m&gt;[39m
            [0m[[0m
            [0m4[0m
            [0m] [0m
            [0m設定[0m
          [36m&lt;/ink-text&gt;[39m
        [36m&lt;/ink-box&gt;[39m
      [36m&lt;/ink-box&gt;[39m
      [36m&lt;ink-box[39m
        [33mstyle[39m=[32m&quot;flex-wrap: nowrap; flex-direction: row; flex-grow: 1; flex-shrink: 1; overflow: hidden; overflow-x: hidden; overflow-y: hidden;&quot;[39m
      [36m&gt;[39m
        [36m&lt;ink-box[39m
          [33mstyle[39m=[32m&quot;flex-wrap: nowrap; flex-direction: column; flex-grow: 1; flex-shrink: 1; overflow-x: visible; overflow-y: visible;&quot;[39m
        [36m&gt;[39m
          [36m&lt;ink-box[39m
            [33mstyle[39m=[32m&quot;flex-wrap: nowrap; flex-direction: row; flex-grow: 0; flex-shrink: 1; margin-bottom: 1px; overflow-x: visible; overflow-y: visible;&quot;[39m
          [36m&gt;[39m
            [36m&lt;ink-text[39m
              [33mstyle[39m=[32m&quot;flex-grow: 0; flex-shrink: 1; flex-direction: row; text-wrap: wrap;&quot;[39m
            [36m&gt;[39m
              [0m記憶一覧 ([0m
              [0m3[0m
              [0m件)[0m
            [36m&lt;/ink-text&gt;[39m
          [36m&lt;/ink-box&gt;[39m
          [36m&lt;ink-box[39m
            [33mstyle[39m=[32m&quot;flex-wrap: nowrap; flex-direction: column; flex-grow: 0; flex-shrink: 0; width: 48px; overflow-x: visible; overflow-y: visible;&quot;[39m
          [36m&gt;[39m
            [36m&lt;ink-box[39m
              [33mstyle[39m=[32m&quot;flex-wrap: nowrap; flex-direction: row; flex-grow: 0; flex-shrink: 1; overflow-x: visible; overflow-y: visible;&quot;[39m
            [36m&gt;[39m
              [36m&lt;ink-text[39m
                [33mstyle[39m=[32m&quot;flex-grow: 0; flex-shrink: 1; flex-direction: row; text-wrap: wrap;&quot;[39m
              [36m&gt;[39m
                [0m► [0m
              [36m&lt;/ink-text&gt;[39m
              [36m&lt;ink-text[39m
                [33mstyle[39m=[32m&quot;flex-grow: 0; flex-shrink: 1; flex-direction: row; text-wrap: wrap;&quot;[39m
              [36m&gt;[39m
                [0m[[0m
              [36m&lt;/ink-text&gt;[39m
              [36m&lt;ink-text[39m
                [33mstyle[39m=[32m&quot;flex-grow: 0; flex-shrink: 1; flex-direction: row; text-wrap: wrap;&quot;[39m
              [36m&gt;[39m
                [0mmem-001[0m
              [36m&lt;/ink-text&gt;[39m
              [36m&lt;ink-text[39m
                [33mstyle[39m=[32m&quot;flex-grow: 0; flex-shrink: 1; flex-direction: row; text-wrap: wrap;&quot;[39m
              [36m&gt;[39m
                [0m] [0m
              [36m&lt;/ink-text&gt;[39m
              [36m&lt;ink-text[39m
                [33mstyle[39m=[32m&quot;flex-grow: 0; flex-shrink: 1; flex-direction: row; text-wrap: wrap;&quot;[39m
              [36m&gt;[39m
                [0mGPT-5プロンプトガイドの分析結果[0m
              [36m&lt;/ink-text&gt;[39m
            [36m&lt;/ink-box&gt;[39m
            [36m&lt;ink-box[39m
              [33mstyle[39m=[32m&quot;flex-wrap: nowrap; flex-direction: row; flex-grow: 0; flex-shrink: 1; overflow-x: visible; overflow-y: visible;&quot;[39m
            [36m&gt;[39m
              [36m&lt;ink-text[39m
                [33mstyle[39m=[32m&quot;flex-grow: 0; flex-shrink: 1; flex-direction: row; text-wrap: wrap;&quot;[39m
              [36m&gt;[39m
                [0m  [0m
              [36m&lt;/ink-text&gt;[39m
              [36m&lt;ink-text[39m
                [33mstyle[39m=[32m&quot;flex-grow: 0; flex-shrink: 1; flex-direction: row; text-wrap: wrap;&quot;[39m
              [36m&gt;[39m
                [0m[[0m
              [36m&lt;/ink-text&gt;[39m
              [36m&lt;ink-text[39m
                [33mstyle[39m=[32m&quot;flex-grow: 0; flex-shrink: 1; flex-direction: row; text-wrap: wrap;&quot;[39m
              [36m&gt;[39m
                [0mmem-002[0m
              [36m&lt;/ink-text&gt;[39m
              [36m&lt;ink-text[39m
                [33mstyle[39m=[32m&quot;flex-grow: 0; flex-shrink: 1; flex-direction: row; text-wrap: wrap;&quot;[39m
              [36m&gt;[39m
                [0m] [0m
              [36m&lt;/ink-text&gt;[39m
              [36m&lt;ink-text[39m
                [33mstyle[39m=[32m&quot;flex-grow: 0; flex-shrink: 1; flex-direction: row; text-wrap: wrap;&quot;[39m
              [36m&gt;[39m
                [0mシナプス記憶システムのPhase 2実装完了[0m
              [36m&lt;/ink-text&gt;[39m
            [36m&lt;/ink-box&gt;[39m
            [36m&lt;ink-box[39m
              [33mstyle[39m=[32m&quot;flex-wrap: nowrap; flex-direction: row; flex-grow: 0; flex-shrink: 1; overflow-x: visible; overflow-y: visible;&quot;[39m
            [36m&gt;[39m
              [36m&lt;ink-text[39m
                [33mstyle[39m=[32m&quot;flex-grow: 0; flex-shrink: 1; flex-direction: row; text-wrap: wrap;&quot;[39m
              [36m&gt;[39m
                [0m  [0m
              [36m&lt;/ink-text&gt;[39m
              [36m&lt;ink-text[39m
                [33mstyle[39m=[32m&quot;flex-grow: 0; flex-shrink: 1; flex-direction: row; text-wrap: wrap;&quot;[39m
              [36m&gt;[39m
                [0m[[0m
              [36m&lt;/ink-text&gt;[39m
              [36m&lt;ink-text[39m
                [33mstyle[39m=[32m&quot;flex-grow: 0; flex-shrink: 1; flex-direction: row; text-wrap: wrap;&quot;[39m
              [36m&gt;[39m
                [0mmem-003[0m
              [36m&lt;/ink-text&gt;[39m
              [36m&lt;ink-text[39m
                [33mstyle[39m=[32m&quot;flex-grow: 0; flex-shrink: 1; flex-direction: row; text-wrap: wrap;&quot;[39m
              [36m&gt;[39m
                [0m] [0m
              [36m&lt;/ink-text&gt;[39m
              [36m&lt;ink-text[39m
                [33mstyle[39m=[32m&quot;flex-grow: 0; flex-shrink: 1; flex-direction: row; text-wrap: wrap;&quot;[39m
              [36m&gt;[39m
                [0mRESTful API設計とエンドポイント定義[0m
              [36m&lt;/ink-text&gt;[39m
            [36m&lt;/ink-box&gt;[39m
          [36m&lt;/ink-box&gt;[39m
          [36m&lt;ink-box[39m
            [33mstyle[39m=[32m&quot;flex-wrap: nowrap; flex-direction: row; flex-grow: 0; flex-shrink: 1; margin-top: 1px; border-color: rgb(108, 112, 134); padding: 1px; overflow-x: visible; overflow-y: visible;&quot;[39m
          [36m&gt;[39m
            [36m&lt;ink-box[39m
              [33mstyle[39m=[32m&quot;flex-wrap: nowrap; flex-direction: column; flex-grow: 0; flex-shrink: 1; overflow-x: visible; overflow-y: visible;&quot;[39m
            [36m&gt;[39m
              [36m&lt;ink-text[39m
                [33mstyle[39m=[32m&quot;flex-grow: 0; flex-shrink: 1; flex-direction: row; text-wrap: wrap;&quot;[39m
              [36m&gt;[39m
                [0m詳細:[0m
              [36m&lt;/ink-text&gt;[39m
              [36m&lt;ink-text[39m
                [33mstyle[39m=[32m&quot;flex-grow: 0; flex-shrink: 1; flex-direction: row; text-wrap: wrap;&quot;[39m
              [36m&gt;[39m
                [0mID: [0m
                [0mmem-001[0m
              [36m&lt;/ink-text&gt;[39m
              [36m&lt;ink-text[39m
                [33mstyle[39m=[32m&quot;flex-grow: 0; flex-shrink: 1; flex-direction: row; text-wrap: wrap;&quot;[39m
              [36m&gt;[39m
                [0mアクセス数: [0m
                [0m15[0m
              [36m&lt;/ink-text&gt;[39m
              [36m&lt;ink-text[39m
                [33mstyle[39m=[32m&quot;flex-grow: 0; flex-shrink: 1; flex-direction: row; text-wrap: wrap;&quot;[39m
              [36m&gt;[39m
                [0m成功率: [0m
                [0m92.0[0m
                [0m%[0m
              [36m&lt;/ink-text&gt;[39m
              [36m&lt;ink-text[39m
                [33mstyle[39m=[32m&quot;flex-grow: 0; flex-shrink: 1; flex-direction: row; text-wrap: wrap;&quot;[39m
              [36m&gt;[39m
                [0mタグ: [0m
                [0mgpt5, prompting, analysis[0m
              [36m&lt;/ink-text&gt;[39m
            [36m&lt;/ink-box&gt;[39m
          [36m&lt;/ink-box&gt;[39m
        [36m&lt;/ink-box&gt;[39m
      [36m&lt;/ink-box&gt;[39m
      [36m&lt;ink-box[39m
        [33mstyle[39m=[32m&quot;flex-wrap: nowrap; flex-direction: row; flex-grow: 0; flex-shrink: 1; margin-top: 1px; border-color: rgb(108, 112, 134); padding: 1px; overflow-x: visible; overflow-y: visible;&quot;[39m
      [36m&gt;[39m
        [36m&lt;ink-text[39m
          [33mstyle[39m=[32m&quot;flex-grow: 0; flex-shrink: 1; flex-direction: row; text-wrap: wrap;&quot;[39m
        [36m&gt;[39m
          [0mTab: タブ切替 | ↑↓: 記憶選択 | q: 終了[0m
        [36m&lt;/ink-text&gt;[39m
      [36m&lt;/ink-box&gt;[39m
    [36m&lt;/ink-box&gt;[39m
  [36m&lt;/div&gt;[39m
[36m&lt;/body&gt;[39m" type="TestingLibraryElementError">
TestingLibraryElementError: Unable to find an element with the text: Synaptic Memory Dashboard. This could be because the text is broken up by multiple elements. In this case, you can provide a function for your text matcher to make your matcher more flexible.

Ignored nodes: comments, script, style
&lt;body&gt;
  &lt;div&gt;
    &lt;ink-box
      style=&quot;flex-wrap: nowrap; flex-direction: column; flex-grow: 0; flex-shrink: 1; width: 52px; height: 20px; padding: 1px; overflow-x: visible; overflow-y: visible;&quot;
    &gt;
      &lt;ink-box
        style=&quot;flex-wrap: nowrap; flex-direction: row; flex-grow: 0; flex-shrink: 1; margin-bottom: 1px; overflow-x: visible; overflow-y: visible;&quot;
      &gt;
        &lt;ink-text
          style=&quot;flex-grow: 0; flex-shrink: 1; flex-direction: row; text-wrap: wrap;&quot;
        &gt;
          シナプス記憶システム ダッシュボード
        &lt;/ink-text&gt;
      &lt;/ink-box&gt;
      &lt;ink-box
        style=&quot;flex-wrap: nowrap; flex-direction: row; flex-grow: 0; flex-shrink: 1; margin-bottom: 1px; overflow-x: visible; overflow-y: visible;&quot;
      &gt;
        &lt;ink-box
          style=&quot;flex-wrap: nowrap; flex-direction: row; flex-grow: 0; flex-shrink: 1; margin-right: 2px; overflow-x: visible; overflow-y: visible;&quot;
        &gt;
          &lt;ink-text
            style=&quot;flex-grow: 0; flex-shrink: 1; flex-direction: row; text-wrap: wrap;&quot;
          &gt;
            [
            1
            ] 
            記憶一覧
          &lt;/ink-text&gt;
        &lt;/ink-box&gt;
        &lt;ink-box
          style=&quot;flex-wrap: nowrap; flex-direction: row; flex-grow: 0; flex-shrink: 1; margin-right: 2px; overflow-x: visible; overflow-y: visible;&quot;
        &gt;
          &lt;ink-text
            style=&quot;flex-grow: 0; flex-shrink: 1; flex-direction: row; text-wrap: wrap;&quot;
          &gt;
            [
            2
            ] 
            シナプス結合
          &lt;/ink-text&gt;
        &lt;/ink-box&gt;
        &lt;ink-box
          style=&quot;flex-wrap: nowrap; flex-direction: row; flex-grow: 0; flex-shrink: 1; margin-right: 2px; overflow-x: visible; overflow-y: visible;&quot;
        &gt;
          &lt;ink-text
            style=&quot;flex-grow: 0; flex-shrink: 1; flex-direction: row; text-wrap: wrap;&quot;
          &gt;
            [
            3
            ] 
            ネットワーク診断
          &lt;/ink-text&gt;
        &lt;/ink-box&gt;
        &lt;ink-box
          style=&quot;flex-wrap: nowrap; flex-direction: row; flex-grow: 0; flex-shrink: 1; margin-right: 2px; overflow-x: visible; overflow-y: visible;&quot;
        &gt;
          &lt;ink-text
            style=&quot;flex-grow: 0; flex-shrink: 1; flex-direction: row; text-wrap: wrap;&quot;
          &gt;
            [
            4
            ] 
            設定
          &lt;/ink-text&gt;
        &lt;/ink-box&gt;
      &lt;/ink-box&gt;
      &lt;ink-box
        style=&quot;flex-wrap: nowrap; flex-direction: row; flex-grow: 1; flex-shrink: 1; overflow: hidden; overflow-x: hidden; overflow-y: hidden;&quot;
      &gt;
        &lt;ink-box
          style=&quot;flex-wrap: nowrap; flex-direction: column; flex-grow: 1; flex-shrink: 1; overflow-x: visible; overflow-y: visible;&quot;
        &gt;
          &lt;ink-box
            style=&quot;flex-wrap: nowrap; flex-direction: row; flex-grow: 0; flex-shrink: 1; margin-bottom: 1px; overflow-x: visible; overflow-y: visible;&quot;
          &gt;
            &lt;ink-text
              style=&quot;flex-grow: 0; flex-shrink: 1; flex-direction: row; text-wrap: wrap;&quot;
            &gt;
              記憶一覧 (
              3
              件)
            &lt;/ink-text&gt;
          &lt;/ink-box&gt;
          &lt;ink-box
            style=&quot;flex-wrap: nowrap; flex-direction: column; flex-grow: 0; flex-shrink: 0; width: 48px; overflow-x: visible; overflow-y: visible;&quot;
          &gt;
            &lt;ink-box
              style=&quot;flex-wrap: nowrap; flex-direction: row; flex-grow: 0; flex-shrink: 1; overflow-x: visible; overflow-y: visible;&quot;
            &gt;
              &lt;ink-text
                style=&quot;flex-grow: 0; flex-shrink: 1; flex-direction: row; text-wrap: wrap;&quot;
              &gt;
                ► 
              &lt;/ink-text&gt;
              &lt;ink-text
                style=&quot;flex-grow: 0; flex-shrink: 1; flex-direction: row; text-wrap: wrap;&quot;
              &gt;
                [
              &lt;/ink-text&gt;
              &lt;ink-text
                style=&quot;flex-grow: 0; flex-shrink: 1; flex-direction: row; text-wrap: wrap;&quot;
              &gt;
                mem-001
              &lt;/ink-text&gt;
              &lt;ink-text
                style=&quot;flex-grow: 0; flex-shrink: 1; flex-direction: row; text-wrap: wrap;&quot;
              &gt;
                ] 
              &lt;/ink-text&gt;
              &lt;ink-text
                style=&quot;flex-grow: 0; flex-shrink: 1; flex-direction: row; text-wrap: wrap;&quot;
              &gt;
                GPT-5プロンプトガイドの分析結果
              &lt;/ink-text&gt;
            &lt;/ink-box&gt;
            &lt;ink-box
              style=&quot;flex-wrap: nowrap; flex-direction: row; flex-grow: 0; flex-shrink: 1; overflow-x: visible; overflow-y: visible;&quot;
            &gt;
              &lt;ink-text
                style=&quot;flex-grow: 0; flex-shrink: 1; flex-direction: row; text-wrap: wrap;&quot;
              &gt;
                  
              &lt;/ink-text&gt;
              &lt;ink-text
                style=&quot;flex-grow: 0; flex-shrink: 1; flex-direction: row; text-wrap: wrap;&quot;
              &gt;
                [
              &lt;/ink-text&gt;
              &lt;ink-text
                style=&quot;flex-grow: 0; flex-shrink: 1; flex-direction: row; text-wrap: wrap;&quot;
              &gt;
                mem-002
              &lt;/ink-text&gt;
              &lt;ink-text
                style=&quot;flex-grow: 0; flex-shrink: 1; flex-direction: row; text-wrap: wrap;&quot;
              &gt;
                ] 
              &lt;/ink-text&gt;
              &lt;ink-text
                style=&quot;flex-grow: 0; flex-shrink: 1; flex-direction: row; text-wrap: wrap;&quot;
              &gt;
                シナプス記憶システムのPhase 2実装完了
              &lt;/ink-text&gt;
            &lt;/ink-box&gt;
            &lt;ink-box
              style=&quot;flex-wrap: nowrap; flex-direction: row; flex-grow: 0; flex-shrink: 1; overflow-x: visible; overflow-y: visible;&quot;
            &gt;
              &lt;ink-text
                style=&quot;flex-grow: 0; flex-shrink: 1; flex-direction: row; text-wrap: wrap;&quot;
              &gt;
                  
              &lt;/ink-text&gt;
              &lt;ink-text
                style=&quot;flex-grow: 0; flex-shrink: 1; flex-direction: row; text-wrap: wrap;&quot;
              &gt;
                [
              &lt;/ink-text&gt;
              &lt;ink-text
                style=&quot;flex-grow: 0; flex-shrink: 1; flex-direction: row; text-wrap: wrap;&quot;
              &gt;
                mem-003
              &lt;/ink-text&gt;
              &lt;ink-text
                style=&quot;flex-grow: 0; flex-shrink: 1; flex-direction: row; text-wrap: wrap;&quot;
              &gt;
                ] 
              &lt;/ink-text&gt;
              &lt;ink-text
                style=&quot;flex-grow: 0; flex-shrink: 1; flex-direction: row; text-wrap: wrap;&quot;
              &gt;
                RESTful API設計とエンドポイント定義
              &lt;/ink-text&gt;
            &lt;/ink-box&gt;
          &lt;/ink-box&gt;
          &lt;ink-box
            style=&quot;flex-wrap: nowrap; flex-direction: row; flex-grow: 0; flex-shrink: 1; margin-top: 1px; border-color: rgb(108, 112, 134); padding: 1px; overflow-x: visible; overflow-y: visible;&quot;
          &gt;
            &lt;ink-box
              style=&quot;flex-wrap: nowrap; flex-direction: column; flex-grow: 0; flex-shrink: 1; overflow-x: visible; overflow-y: visible;&quot;
            &gt;
              &lt;ink-text
                style=&quot;flex-grow: 0; flex-shrink: 1; flex-direction: row; text-wrap: wrap;&quot;
              &gt;
                詳細:
              &lt;/ink-text&gt;
              &lt;ink-text
                style=&quot;flex-grow: 0; flex-shrink: 1; flex-direction: row; text-wrap: wrap;&quot;
              &gt;
                ID: 
                mem-001
              &lt;/ink-text&gt;
              &lt;ink-text
                style=&quot;flex-grow: 0; flex-shrink: 1; flex-direction: row; text-wrap: wrap;&quot;
              &gt;
                アクセス数: 
                15
              &lt;/ink-text&gt;
              &lt;ink-text
                style=&quot;flex-grow: 0; flex-shrink: 1; flex-direction: row; text-wrap: wrap;&quot;
              &gt;
                成功率: 
                92.0
                %
              &lt;/ink-text&gt;
              &lt;ink-text
                style=&quot;flex-grow: 0; flex-shrink: 1; flex-direction: row; text-wrap: wrap;&quot;
              &gt;
                タグ: 
                gpt5, prompting, analysis
              &lt;/ink-text&gt;
            &lt;/ink-box&gt;
          &lt;/ink-box&gt;
        &lt;/ink-box&gt;
      &lt;/ink-box&gt;
      &lt;ink-box
        style=&quot;flex-wrap: nowrap; flex-direction: row; flex-grow: 0; flex-shrink: 1; margin-top: 1px; border-color: rgb(108, 112, 134); padding: 1px; overflow-x: visible; overflow-y: visible;&quot;
      &gt;
        &lt;ink-text
          style=&quot;flex-grow: 0; flex-shrink: 1; flex-direction: row; text-wrap: wrap;&quot;
        &gt;
          Tab: タブ切替 | ↑↓: 記憶選択 | q: 終了
        &lt;/ink-text&gt;
      &lt;/ink-box&gt;
    &lt;/ink-box&gt;
  &lt;/div&gt;
&lt;/body&gt;
 ❯ Object.getElementError node_modules/@testing-library/dom/dist/config.js:37:19
 ❯ node_modules/@testing-library/dom/dist/query-helpers.js:76:38
 ❯ node_modules/@testing-library/dom/dist/query-helpers.js:52:17
 ❯ node_modules/@testing-library/dom/dist/query-helpers.js:95:19
 ❯ src/ui/components/SynapticMemoryDashboard.test.tsx:89:19
            </failure>
        </testcase>
        <testcase classname="src/ui/components/SynapticMemoryDashboard.test.tsx" name="SynapticMemoryDashboard &gt; Memoriesタブでメモリ一覧が表示されること" time="0.040722083">
            <failure message="Unable to find an element with the text: Total: 2. This could be because the text is broken up by multiple elements. In this case, you can provide a function for your text matcher to make your matcher more flexible.

Ignored nodes: comments, script, style
[36m&lt;body&gt;[39m
  [36m&lt;div&gt;[39m
    [36m&lt;ink-box[39m
      [33mstyle[39m=[32m&quot;flex-wrap: nowrap; flex-direction: column; flex-grow: 0; flex-shrink: 1; width: 52px; height: 20px; padding: 1px; overflow-x: visible; overflow-y: visible;&quot;[39m
    [36m&gt;[39m
      [36m&lt;ink-box[39m
        [33mstyle[39m=[32m&quot;flex-wrap: nowrap; flex-direction: row; flex-grow: 0; flex-shrink: 1; margin-bottom: 1px; overflow-x: visible; overflow-y: visible;&quot;[39m
      [36m&gt;[39m
        [36m&lt;ink-text[39m
          [33mstyle[39m=[32m&quot;flex-grow: 0; flex-shrink: 1; flex-direction: row; text-wrap: wrap;&quot;[39m
        [36m&gt;[39m
          [0mシナプス記憶システム ダッシュボード[0m
        [36m&lt;/ink-text&gt;[39m
      [36m&lt;/ink-box&gt;[39m
      [36m&lt;ink-box[39m
        [33mstyle[39m=[32m&quot;flex-wrap: nowrap; flex-direction: row; flex-grow: 0; flex-shrink: 1; margin-bottom: 1px; overflow-x: visible; overflow-y: visible;&quot;[39m
      [36m&gt;[39m
        [36m&lt;ink-box[39m
          [33mstyle[39m=[32m&quot;flex-wrap: nowrap; flex-direction: row; flex-grow: 0; flex-shrink: 1; margin-right: 2px; overflow-x: visible; overflow-y: visible;&quot;[39m
        [36m&gt;[39m
          [36m&lt;ink-text[39m
            [33mstyle[39m=[32m&quot;flex-grow: 0; flex-shrink: 1; flex-direction: row; text-wrap: wrap;&quot;[39m
          [36m&gt;[39m
            [0m[[0m
            [0m1[0m
            [0m] [0m
            [0m記憶一覧[0m
          [36m&lt;/ink-text&gt;[39m
        [36m&lt;/ink-box&gt;[39m
        [36m&lt;ink-box[39m
          [33mstyle[39m=[32m&quot;flex-wrap: nowrap; flex-direction: row; flex-grow: 0; flex-shrink: 1; margin-right: 2px; overflow-x: visible; overflow-y: visible;&quot;[39m
        [36m&gt;[39m
          [36m&lt;ink-text[39m
            [33mstyle[39m=[32m&quot;flex-grow: 0; flex-shrink: 1; flex-direction: row; text-wrap: wrap;&quot;[39m
          [36m&gt;[39m
            [0m[[0m
            [0m2[0m
            [0m] [0m
            [0mシナプス結合[0m
          [36m&lt;/ink-text&gt;[39m
        [36m&lt;/ink-box&gt;[39m
        [36m&lt;ink-box[39m
          [33mstyle[39m=[32m&quot;flex-wrap: nowrap; flex-direction: row; flex-grow: 0; flex-shrink: 1; margin-right: 2px; overflow-x: visible; overflow-y: visible;&quot;[39m
        [36m&gt;[39m
          [36m&lt;ink-text[39m
            [33mstyle[39m=[32m&quot;flex-grow: 0; flex-shrink: 1; flex-direction: row; text-wrap: wrap;&quot;[39m
          [36m&gt;[39m
            [0m[[0m
            [0m3[0m
            [0m] [0m
            [0mネットワーク診断[0m
          [36m&lt;/ink-text&gt;[39m
        [36m&lt;/ink-box&gt;[39m
        [36m&lt;ink-box[39m
          [33mstyle[39m=[32m&quot;flex-wrap: nowrap; flex-direction: row; flex-grow: 0; flex-shrink: 1; margin-right: 2px; overflow-x: visible; overflow-y: visible;&quot;[39m
        [36m&gt;[39m
          [36m&lt;ink-text[39m
            [33mstyle[39m=[32m&quot;flex-grow: 0; flex-shrink: 1; flex-direction: row; text-wrap: wrap;&quot;[39m
          [36m&gt;[39m
            [0m[[0m
            [0m4[0m
            [0m] [0m
            [0m設定[0m
          [36m&lt;/ink-text&gt;[39m
        [36m&lt;/ink-box&gt;[39m
      [36m&lt;/ink-box&gt;[39m
      [36m&lt;ink-box[39m
        [33mstyle[39m=[32m&quot;flex-wrap: nowrap; flex-direction: row; flex-grow: 1; flex-shrink: 1; overflow: hidden; overflow-x: hidden; overflow-y: hidden;&quot;[39m
      [36m&gt;[39m
        [36m&lt;ink-box[39m
          [33mstyle[39m=[32m&quot;flex-wrap: nowrap; flex-direction: column; flex-grow: 1; flex-shrink: 1; overflow-x: visible; overflow-y: visible;&quot;[39m
        [36m&gt;[39m
          [36m&lt;ink-box[39m
            [33mstyle[39m=[32m&quot;flex-wrap: nowrap; flex-direction: row; flex-grow: 0; flex-shrink: 1; margin-bottom: 1px; overflow-x: visible; overflow-y: visible;&quot;[39m
          [36m&gt;[39m
            [36m&lt;ink-text[39m
              [33mstyle[39m=[32m&quot;flex-grow: 0; flex-shrink: 1; flex-direction: row; text-wrap: wrap;&quot;[39m
            [36m&gt;[39m
              [0m記憶一覧 ([0m
              [0m3[0m
              [0m件)[0m
            [36m&lt;/ink-text&gt;[39m
          [36m&lt;/ink-box&gt;[39m
          [36m&lt;ink-box[39m
            [33mstyle[39m=[32m&quot;flex-wrap: nowrap; flex-direction: column; flex-grow: 0; flex-shrink: 0; width: 48px; overflow-x: visible; overflow-y: visible;&quot;[39m
          [36m&gt;[39m
            [36m&lt;ink-box[39m
              [33mstyle[39m=[32m&quot;flex-wrap: nowrap; flex-direction: row; flex-grow: 0; flex-shrink: 1; overflow-x: visible; overflow-y: visible;&quot;[39m
            [36m&gt;[39m
              [36m&lt;ink-text[39m
                [33mstyle[39m=[32m&quot;flex-grow: 0; flex-shrink: 1; flex-direction: row; text-wrap: wrap;&quot;[39m
              [36m&gt;[39m
                [0m► [0m
              [36m&lt;/ink-text&gt;[39m
              [36m&lt;ink-text[39m
                [33mstyle[39m=[32m&quot;flex-grow: 0; flex-shrink: 1; flex-direction: row; text-wrap: wrap;&quot;[39m
              [36m&gt;[39m
                [0m[[0m
              [36m&lt;/ink-text&gt;[39m
              [36m&lt;ink-text[39m
                [33mstyle[39m=[32m&quot;flex-grow: 0; flex-shrink: 1; flex-direction: row; text-wrap: wrap;&quot;[39m
              [36m&gt;[39m
                [0mmem-001[0m
              [36m&lt;/ink-text&gt;[39m
              [36m&lt;ink-text[39m
                [33mstyle[39m=[32m&quot;flex-grow: 0; flex-shrink: 1; flex-direction: row; text-wrap: wrap;&quot;[39m
              [36m&gt;[39m
                [0m] [0m
              [36m&lt;/ink-text&gt;[39m
              [36m&lt;ink-text[39m
                [33mstyle[39m=[32m&quot;flex-grow: 0; flex-shrink: 1; flex-direction: row; text-wrap: wrap;&quot;[39m
              [36m&gt;[39m
                [0mGPT-5プロンプトガイドの分析結果[0m
              [36m&lt;/ink-text&gt;[39m
            [36m&lt;/ink-box&gt;[39m
            [36m&lt;ink-box[39m
              [33mstyle[39m=[32m&quot;flex-wrap: nowrap; flex-direction: row; flex-grow: 0; flex-shrink: 1; overflow-x: visible; overflow-y: visible;&quot;[39m
            [36m&gt;[39m
              [36m&lt;ink-text[39m
                [33mstyle[39m=[32m&quot;flex-grow: 0; flex-shrink: 1; flex-direction: row; text-wrap: wrap;&quot;[39m
              [36m&gt;[39m
                [0m  [0m
              [36m&lt;/ink-text&gt;[39m
              [36m&lt;ink-text[39m
                [33mstyle[39m=[32m&quot;flex-grow: 0; flex-shrink: 1; flex-direction: row; text-wrap: wrap;&quot;[39m
              [36m&gt;[39m
                [0m[[0m
              [36m&lt;/ink-text&gt;[39m
              [36m&lt;ink-text[39m
                [33mstyle[39m=[32m&quot;flex-grow: 0; flex-shrink: 1; flex-direction: row; text-wrap: wrap;&quot;[39m
              [36m&gt;[39m
                [0mmem-002[0m
              [36m&lt;/ink-text&gt;[39m
              [36m&lt;ink-text[39m
                [33mstyle[39m=[32m&quot;flex-grow: 0; flex-shrink: 1; flex-direction: row; text-wrap: wrap;&quot;[39m
              [36m&gt;[39m
                [0m] [0m
              [36m&lt;/ink-text&gt;[39m
              [36m&lt;ink-text[39m
                [33mstyle[39m=[32m&quot;flex-grow: 0; flex-shrink: 1; flex-direction: row; text-wrap: wrap;&quot;[39m
              [36m&gt;[39m
                [0mシナプス記憶システムのPhase 2実装完了[0m
              [36m&lt;/ink-text&gt;[39m
            [36m&lt;/ink-box&gt;[39m
            [36m&lt;ink-box[39m
              [33mstyle[39m=[32m&quot;flex-wrap: nowrap; flex-direction: row; flex-grow: 0; flex-shrink: 1; overflow-x: visible; overflow-y: visible;&quot;[39m
            [36m&gt;[39m
              [36m&lt;ink-text[39m
                [33mstyle[39m=[32m&quot;flex-grow: 0; flex-shrink: 1; flex-direction: row; text-wrap: wrap;&quot;[39m
              [36m&gt;[39m
                [0m  [0m
              [36m&lt;/ink-text&gt;[39m
              [36m&lt;ink-text[39m
                [33mstyle[39m=[32m&quot;flex-grow: 0; flex-shrink: 1; flex-direction: row; text-wrap: wrap;&quot;[39m
              [36m&gt;[39m
                [0m[[0m
              [36m&lt;/ink-text&gt;[39m
              [36m&lt;ink-text[39m
                [33mstyle[39m=[32m&quot;flex-grow: 0; flex-shrink: 1; flex-direction: row; text-wrap: wrap;&quot;[39m
              [36m&gt;[39m
                [0mmem-003[0m
              [36m&lt;/ink-text&gt;[39m
              [36m&lt;ink-text[39m
                [33mstyle[39m=[32m&quot;flex-grow: 0; flex-shrink: 1; flex-direction: row; text-wrap: wrap;&quot;[39m
              [36m&gt;[39m
                [0m] [0m
              [36m&lt;/ink-text&gt;[39m
              [36m&lt;ink-text[39m
                [33mstyle[39m=[32m&quot;flex-grow: 0; flex-shrink: 1; flex-direction: row; text-wrap: wrap;&quot;[39m
              [36m&gt;[39m
                [0mRESTful API設計とエンドポイント定義[0m
              [36m&lt;/ink-text&gt;[39m
            [36m&lt;/ink-box&gt;[39m
          [36m&lt;/ink-box&gt;[39m
          [36m&lt;ink-box[39m
            [33mstyle[39m=[32m&quot;flex-wrap: nowrap; flex-direction: row; flex-grow: 0; flex-shrink: 1; margin-top: 1px; border-color: rgb(108, 112, 134); padding: 1px; overflow-x: visible; overflow-y: visible;&quot;[39m
          [36m&gt;[39m
            [36m&lt;ink-box[39m
              [33mstyle[39m=[32m&quot;flex-wrap: nowrap; flex-direction: column; flex-grow: 0; flex-shrink: 1; overflow-x: visible; overflow-y: visible;&quot;[39m
            [36m&gt;[39m
              [36m&lt;ink-text[39m
                [33mstyle[39m=[32m&quot;flex-grow: 0; flex-shrink: 1; flex-direction: row; text-wrap: wrap;&quot;[39m
              [36m&gt;[39m
                [0m詳細:[0m
              [36m&lt;/ink-text&gt;[39m
              [36m&lt;ink-text[39m
                [33mstyle[39m=[32m&quot;flex-grow: 0; flex-shrink: 1; flex-direction: row; text-wrap: wrap;&quot;[39m
              [36m&gt;[39m
                [0mID: [0m
                [0mmem-001[0m
              [36m&lt;/ink-text&gt;[39m
              [36m&lt;ink-text[39m
                [33mstyle[39m=[32m&quot;flex-grow: 0; flex-shrink: 1; flex-direction: row; text-wrap: wrap;&quot;[39m
              [36m&gt;[39m
                [0mアクセス数: [0m
                [0m15[0m
              [36m&lt;/ink-text&gt;[39m
              [36m&lt;ink-text[39m
                [33mstyle[39m=[32m&quot;flex-grow: 0; flex-shrink: 1; flex-direction: row; text-wrap: wrap;&quot;[39m
              [36m&gt;[39m
                [0m成功率: [0m
                [0m92.0[0m
                [0m%[0m
              [36m&lt;/ink-text&gt;[39m
              [36m&lt;ink-text[39m
                [33mstyle[39m=[32m&quot;flex-grow: 0; flex-shrink: 1; flex-direction: row; text-wrap: wrap;&quot;[39m
              [36m&gt;[39m
                [0mタグ: [0m
                [0mgpt5, prompting, analysis[0m
              [36m&lt;/ink-text&gt;[39m
            [36m&lt;/ink-box&gt;[39m
          [36m&lt;/ink-box&gt;[39m
        [36m&lt;/ink-box&gt;[39m
      [36m&lt;/ink-box&gt;[39m
      [36m&lt;ink-box[39m
        [33mstyle[39m=[32m&quot;flex-wrap: nowrap; flex-direction: row; flex-grow: 0; flex-shrink: 1; margin-top: 1px; border-color: rgb(108, 112, 134); padding: 1px; overflow-x: visible; overflow-y: visible;&quot;[39m
      [36m&gt;[39m
        [36m&lt;ink-text[39m
          [33mstyle[39m=[32m&quot;flex-grow: 0; flex-shrink: 1; flex-direction: row; text-wrap: wrap;&quot;[39m
        [36m&gt;[39m
          [0mTab: タブ切替 | ↑↓: 記憶選択 | q: 終了[0m
        [36m&lt;/ink-text&gt;[39m
      [36m&lt;/ink-box&gt;[39m
    [36m&lt;/ink-box&gt;[39m
  [36m&lt;/div&gt;[39m
[36m&lt;/body&gt;[39m" type="TestingLibraryElementError">
TestingLibraryElementError: Unable to find an element with the text: Total: 2. This could be because the text is broken up by multiple elements. In this case, you can provide a function for your text matcher to make your matcher more flexible.

Ignored nodes: comments, script, style
&lt;body&gt;
  &lt;div&gt;
    &lt;ink-box
      style=&quot;flex-wrap: nowrap; flex-direction: column; flex-grow: 0; flex-shrink: 1; width: 52px; height: 20px; padding: 1px; overflow-x: visible; overflow-y: visible;&quot;
    &gt;
      &lt;ink-box
        style=&quot;flex-wrap: nowrap; flex-direction: row; flex-grow: 0; flex-shrink: 1; margin-bottom: 1px; overflow-x: visible; overflow-y: visible;&quot;
      &gt;
        &lt;ink-text
          style=&quot;flex-grow: 0; flex-shrink: 1; flex-direction: row; text-wrap: wrap;&quot;
        &gt;
          シナプス記憶システム ダッシュボード
        &lt;/ink-text&gt;
      &lt;/ink-box&gt;
      &lt;ink-box
        style=&quot;flex-wrap: nowrap; flex-direction: row; flex-grow: 0; flex-shrink: 1; margin-bottom: 1px; overflow-x: visible; overflow-y: visible;&quot;
      &gt;
        &lt;ink-box
          style=&quot;flex-wrap: nowrap; flex-direction: row; flex-grow: 0; flex-shrink: 1; margin-right: 2px; overflow-x: visible; overflow-y: visible;&quot;
        &gt;
          &lt;ink-text
            style=&quot;flex-grow: 0; flex-shrink: 1; flex-direction: row; text-wrap: wrap;&quot;
          &gt;
            [
            1
            ] 
            記憶一覧
          &lt;/ink-text&gt;
        &lt;/ink-box&gt;
        &lt;ink-box
          style=&quot;flex-wrap: nowrap; flex-direction: row; flex-grow: 0; flex-shrink: 1; margin-right: 2px; overflow-x: visible; overflow-y: visible;&quot;
        &gt;
          &lt;ink-text
            style=&quot;flex-grow: 0; flex-shrink: 1; flex-direction: row; text-wrap: wrap;&quot;
          &gt;
            [
            2
            ] 
            シナプス結合
          &lt;/ink-text&gt;
        &lt;/ink-box&gt;
        &lt;ink-box
          style=&quot;flex-wrap: nowrap; flex-direction: row; flex-grow: 0; flex-shrink: 1; margin-right: 2px; overflow-x: visible; overflow-y: visible;&quot;
        &gt;
          &lt;ink-text
            style=&quot;flex-grow: 0; flex-shrink: 1; flex-direction: row; text-wrap: wrap;&quot;
          &gt;
            [
            3
            ] 
            ネットワーク診断
          &lt;/ink-text&gt;
        &lt;/ink-box&gt;
        &lt;ink-box
          style=&quot;flex-wrap: nowrap; flex-direction: row; flex-grow: 0; flex-shrink: 1; margin-right: 2px; overflow-x: visible; overflow-y: visible;&quot;
        &gt;
          &lt;ink-text
            style=&quot;flex-grow: 0; flex-shrink: 1; flex-direction: row; text-wrap: wrap;&quot;
          &gt;
            [
            4
            ] 
            設定
          &lt;/ink-text&gt;
        &lt;/ink-box&gt;
      &lt;/ink-box&gt;
      &lt;ink-box
        style=&quot;flex-wrap: nowrap; flex-direction: row; flex-grow: 1; flex-shrink: 1; overflow: hidden; overflow-x: hidden; overflow-y: hidden;&quot;
      &gt;
        &lt;ink-box
          style=&quot;flex-wrap: nowrap; flex-direction: column; flex-grow: 1; flex-shrink: 1; overflow-x: visible; overflow-y: visible;&quot;
        &gt;
          &lt;ink-box
            style=&quot;flex-wrap: nowrap; flex-direction: row; flex-grow: 0; flex-shrink: 1; margin-bottom: 1px; overflow-x: visible; overflow-y: visible;&quot;
          &gt;
            &lt;ink-text
              style=&quot;flex-grow: 0; flex-shrink: 1; flex-direction: row; text-wrap: wrap;&quot;
            &gt;
              記憶一覧 (
              3
              件)
            &lt;/ink-text&gt;
          &lt;/ink-box&gt;
          &lt;ink-box
            style=&quot;flex-wrap: nowrap; flex-direction: column; flex-grow: 0; flex-shrink: 0; width: 48px; overflow-x: visible; overflow-y: visible;&quot;
          &gt;
            &lt;ink-box
              style=&quot;flex-wrap: nowrap; flex-direction: row; flex-grow: 0; flex-shrink: 1; overflow-x: visible; overflow-y: visible;&quot;
            &gt;
              &lt;ink-text
                style=&quot;flex-grow: 0; flex-shrink: 1; flex-direction: row; text-wrap: wrap;&quot;
              &gt;
                ► 
              &lt;/ink-text&gt;
              &lt;ink-text
                style=&quot;flex-grow: 0; flex-shrink: 1; flex-direction: row; text-wrap: wrap;&quot;
              &gt;
                [
              &lt;/ink-text&gt;
              &lt;ink-text
                style=&quot;flex-grow: 0; flex-shrink: 1; flex-direction: row; text-wrap: wrap;&quot;
              &gt;
                mem-001
              &lt;/ink-text&gt;
              &lt;ink-text
                style=&quot;flex-grow: 0; flex-shrink: 1; flex-direction: row; text-wrap: wrap;&quot;
              &gt;
                ] 
              &lt;/ink-text&gt;
              &lt;ink-text
                style=&quot;flex-grow: 0; flex-shrink: 1; flex-direction: row; text-wrap: wrap;&quot;
              &gt;
                GPT-5プロンプトガイドの分析結果
              &lt;/ink-text&gt;
            &lt;/ink-box&gt;
            &lt;ink-box
              style=&quot;flex-wrap: nowrap; flex-direction: row; flex-grow: 0; flex-shrink: 1; overflow-x: visible; overflow-y: visible;&quot;
            &gt;
              &lt;ink-text
                style=&quot;flex-grow: 0; flex-shrink: 1; flex-direction: row; text-wrap: wrap;&quot;
              &gt;
                  
              &lt;/ink-text&gt;
              &lt;ink-text
                style=&quot;flex-grow: 0; flex-shrink: 1; flex-direction: row; text-wrap: wrap;&quot;
              &gt;
                [
              &lt;/ink-text&gt;
              &lt;ink-text
                style=&quot;flex-grow: 0; flex-shrink: 1; flex-direction: row; text-wrap: wrap;&quot;
              &gt;
                mem-002
              &lt;/ink-text&gt;
              &lt;ink-text
                style=&quot;flex-grow: 0; flex-shrink: 1; flex-direction: row; text-wrap: wrap;&quot;
              &gt;
                ] 
              &lt;/ink-text&gt;
              &lt;ink-text
                style=&quot;flex-grow: 0; flex-shrink: 1; flex-direction: row; text-wrap: wrap;&quot;
              &gt;
                シナプス記憶システムのPhase 2実装完了
              &lt;/ink-text&gt;
            &lt;/ink-box&gt;
            &lt;ink-box
              style=&quot;flex-wrap: nowrap; flex-direction: row; flex-grow: 0; flex-shrink: 1; overflow-x: visible; overflow-y: visible;&quot;
            &gt;
              &lt;ink-text
                style=&quot;flex-grow: 0; flex-shrink: 1; flex-direction: row; text-wrap: wrap;&quot;
              &gt;
                  
              &lt;/ink-text&gt;
              &lt;ink-text
                style=&quot;flex-grow: 0; flex-shrink: 1; flex-direction: row; text-wrap: wrap;&quot;
              &gt;
                [
              &lt;/ink-text&gt;
              &lt;ink-text
                style=&quot;flex-grow: 0; flex-shrink: 1; flex-direction: row; text-wrap: wrap;&quot;
              &gt;
                mem-003
              &lt;/ink-text&gt;
              &lt;ink-text
                style=&quot;flex-grow: 0; flex-shrink: 1; flex-direction: row; text-wrap: wrap;&quot;
              &gt;
                ] 
              &lt;/ink-text&gt;
              &lt;ink-text
                style=&quot;flex-grow: 0; flex-shrink: 1; flex-direction: row; text-wrap: wrap;&quot;
              &gt;
                RESTful API設計とエンドポイント定義
              &lt;/ink-text&gt;
            &lt;/ink-box&gt;
          &lt;/ink-box&gt;
          &lt;ink-box
            style=&quot;flex-wrap: nowrap; flex-direction: row; flex-grow: 0; flex-shrink: 1; margin-top: 1px; border-color: rgb(108, 112, 134); padding: 1px; overflow-x: visible; overflow-y: visible;&quot;
          &gt;
            &lt;ink-box
              style=&quot;flex-wrap: nowrap; flex-direction: column; flex-grow: 0; flex-shrink: 1; overflow-x: visible; overflow-y: visible;&quot;
            &gt;
              &lt;ink-text
                style=&quot;flex-grow: 0; flex-shrink: 1; flex-direction: row; text-wrap: wrap;&quot;
              &gt;
                詳細:
              &lt;/ink-text&gt;
              &lt;ink-text
                style=&quot;flex-grow: 0; flex-shrink: 1; flex-direction: row; text-wrap: wrap;&quot;
              &gt;
                ID: 
                mem-001
              &lt;/ink-text&gt;
              &lt;ink-text
                style=&quot;flex-grow: 0; flex-shrink: 1; flex-direction: row; text-wrap: wrap;&quot;
              &gt;
                アクセス数: 
                15
              &lt;/ink-text&gt;
              &lt;ink-text
                style=&quot;flex-grow: 0; flex-shrink: 1; flex-direction: row; text-wrap: wrap;&quot;
              &gt;
                成功率: 
                92.0
                %
              &lt;/ink-text&gt;
              &lt;ink-text
                style=&quot;flex-grow: 0; flex-shrink: 1; flex-direction: row; text-wrap: wrap;&quot;
              &gt;
                タグ: 
                gpt5, prompting, analysis
              &lt;/ink-text&gt;
            &lt;/ink-box&gt;
          &lt;/ink-box&gt;
        &lt;/ink-box&gt;
      &lt;/ink-box&gt;
      &lt;ink-box
        style=&quot;flex-wrap: nowrap; flex-direction: row; flex-grow: 0; flex-shrink: 1; margin-top: 1px; border-color: rgb(108, 112, 134); padding: 1px; overflow-x: visible; overflow-y: visible;&quot;
      &gt;
        &lt;ink-text
          style=&quot;flex-grow: 0; flex-shrink: 1; flex-direction: row; text-wrap: wrap;&quot;
        &gt;
          Tab: タブ切替 | ↑↓: 記憶選択 | q: 終了
        &lt;/ink-text&gt;
      &lt;/ink-box&gt;
    &lt;/ink-box&gt;
  &lt;/div&gt;
&lt;/body&gt;
 ❯ Object.getElementError node_modules/@testing-library/dom/dist/config.js:37:19
 ❯ node_modules/@testing-library/dom/dist/query-helpers.js:76:38
 ❯ node_modules/@testing-library/dom/dist/query-helpers.js:52:17
 ❯ node_modules/@testing-library/dom/dist/query-helpers.js:95:19
 ❯ src/ui/components/SynapticMemoryDashboard.test.tsx:102:19
            </failure>
        </testcase>
        <testcase classname="src/ui/components/SynapticMemoryDashboard.test.tsx" name="SynapticMemoryDashboard &gt; Synapsesタブでシナプス接続が表示されること" time="0.013895833">
            <failure message="Unable to find an element with the text: Synapses. This could be because the text is broken up by multiple elements. In this case, you can provide a function for your text matcher to make your matcher more flexible.

Ignored nodes: comments, script, style
[36m&lt;body&gt;[39m
  [36m&lt;div&gt;[39m
    [36m&lt;ink-box[39m
      [33mstyle[39m=[32m&quot;flex-wrap: nowrap; flex-direction: column; flex-grow: 0; flex-shrink: 1; width: 52px; height: 20px; padding: 1px; overflow-x: visible; overflow-y: visible;&quot;[39m
    [36m&gt;[39m
      [36m&lt;ink-box[39m
        [33mstyle[39m=[32m&quot;flex-wrap: nowrap; flex-direction: row; flex-grow: 0; flex-shrink: 1; margin-bottom: 1px; overflow-x: visible; overflow-y: visible;&quot;[39m
      [36m&gt;[39m
        [36m&lt;ink-text[39m
          [33mstyle[39m=[32m&quot;flex-grow: 0; flex-shrink: 1; flex-direction: row; text-wrap: wrap;&quot;[39m
        [36m&gt;[39m
          [0mシナプス記憶システム ダッシュボード[0m
        [36m&lt;/ink-text&gt;[39m
      [36m&lt;/ink-box&gt;[39m
      [36m&lt;ink-box[39m
        [33mstyle[39m=[32m&quot;flex-wrap: nowrap; flex-direction: row; flex-grow: 0; flex-shrink: 1; margin-bottom: 1px; overflow-x: visible; overflow-y: visible;&quot;[39m
      [36m&gt;[39m
        [36m&lt;ink-box[39m
          [33mstyle[39m=[32m&quot;flex-wrap: nowrap; flex-direction: row; flex-grow: 0; flex-shrink: 1; margin-right: 2px; overflow-x: visible; overflow-y: visible;&quot;[39m
        [36m&gt;[39m
          [36m&lt;ink-text[39m
            [33mstyle[39m=[32m&quot;flex-grow: 0; flex-shrink: 1; flex-direction: row; text-wrap: wrap;&quot;[39m
          [36m&gt;[39m
            [0m[[0m
            [0m1[0m
            [0m] [0m
            [0m記憶一覧[0m
          [36m&lt;/ink-text&gt;[39m
        [36m&lt;/ink-box&gt;[39m
        [36m&lt;ink-box[39m
          [33mstyle[39m=[32m&quot;flex-wrap: nowrap; flex-direction: row; flex-grow: 0; flex-shrink: 1; margin-right: 2px; overflow-x: visible; overflow-y: visible;&quot;[39m
        [36m&gt;[39m
          [36m&lt;ink-text[39m
            [33mstyle[39m=[32m&quot;flex-grow: 0; flex-shrink: 1; flex-direction: row; text-wrap: wrap;&quot;[39m
          [36m&gt;[39m
            [0m[[0m
            [0m2[0m
            [0m] [0m
            [0mシナプス結合[0m
          [36m&lt;/ink-text&gt;[39m
        [36m&lt;/ink-box&gt;[39m
        [36m&lt;ink-box[39m
          [33mstyle[39m=[32m&quot;flex-wrap: nowrap; flex-direction: row; flex-grow: 0; flex-shrink: 1; margin-right: 2px; overflow-x: visible; overflow-y: visible;&quot;[39m
        [36m&gt;[39m
          [36m&lt;ink-text[39m
            [33mstyle[39m=[32m&quot;flex-grow: 0; flex-shrink: 1; flex-direction: row; text-wrap: wrap;&quot;[39m
          [36m&gt;[39m
            [0m[[0m
            [0m3[0m
            [0m] [0m
            [0mネットワーク診断[0m
          [36m&lt;/ink-text&gt;[39m
        [36m&lt;/ink-box&gt;[39m
        [36m&lt;ink-box[39m
          [33mstyle[39m=[32m&quot;flex-wrap: nowrap; flex-direction: row; flex-grow: 0; flex-shrink: 1; margin-right: 2px; overflow-x: visible; overflow-y: visible;&quot;[39m
        [36m&gt;[39m
          [36m&lt;ink-text[39m
            [33mstyle[39m=[32m&quot;flex-grow: 0; flex-shrink: 1; flex-direction: row; text-wrap: wrap;&quot;[39m
          [36m&gt;[39m
            [0m[[0m
            [0m4[0m
            [0m] [0m
            [0m設定[0m
          [36m&lt;/ink-text&gt;[39m
        [36m&lt;/ink-box&gt;[39m
      [36m&lt;/ink-box&gt;[39m
      [36m&lt;ink-box[39m
        [33mstyle[39m=[32m&quot;flex-wrap: nowrap; flex-direction: row; flex-grow: 1; flex-shrink: 1; overflow: hidden; overflow-x: hidden; overflow-y: hidden;&quot;[39m
      [36m&gt;[39m
        [36m&lt;ink-box[39m
          [33mstyle[39m=[32m&quot;flex-wrap: nowrap; flex-direction: column; flex-grow: 1; flex-shrink: 1; overflow-x: visible; overflow-y: visible;&quot;[39m
        [36m&gt;[39m
          [36m&lt;ink-box[39m
            [33mstyle[39m=[32m&quot;flex-wrap: nowrap; flex-direction: row; flex-grow: 0; flex-shrink: 1; margin-bottom: 1px; overflow-x: visible; overflow-y: visible;&quot;[39m
          [36m&gt;[39m
            [36m&lt;ink-text[39m
              [33mstyle[39m=[32m&quot;flex-grow: 0; flex-shrink: 1; flex-direction: row; text-wrap: wrap;&quot;[39m
            [36m&gt;[39m
              [0m記憶一覧 ([0m
              [0m3[0m
              [0m件)[0m
            [36m&lt;/ink-text&gt;[39m
          [36m&lt;/ink-box&gt;[39m
          [36m&lt;ink-box[39m
            [33mstyle[39m=[32m&quot;flex-wrap: nowrap; flex-direction: column; flex-grow: 0; flex-shrink: 0; width: 48px; overflow-x: visible; overflow-y: visible;&quot;[39m
          [36m&gt;[39m
            [36m&lt;ink-box[39m
              [33mstyle[39m=[32m&quot;flex-wrap: nowrap; flex-direction: row; flex-grow: 0; flex-shrink: 1; overflow-x: visible; overflow-y: visible;&quot;[39m
            [36m&gt;[39m
              [36m&lt;ink-text[39m
                [33mstyle[39m=[32m&quot;flex-grow: 0; flex-shrink: 1; flex-direction: row; text-wrap: wrap;&quot;[39m
              [36m&gt;[39m
                [0m► [0m
              [36m&lt;/ink-text&gt;[39m
              [36m&lt;ink-text[39m
                [33mstyle[39m=[32m&quot;flex-grow: 0; flex-shrink: 1; flex-direction: row; text-wrap: wrap;&quot;[39m
              [36m&gt;[39m
                [0m[[0m
              [36m&lt;/ink-text&gt;[39m
              [36m&lt;ink-text[39m
                [33mstyle[39m=[32m&quot;flex-grow: 0; flex-shrink: 1; flex-direction: row; text-wrap: wrap;&quot;[39m
              [36m&gt;[39m
                [0mmem-001[0m
              [36m&lt;/ink-text&gt;[39m
              [36m&lt;ink-text[39m
                [33mstyle[39m=[32m&quot;flex-grow: 0; flex-shrink: 1; flex-direction: row; text-wrap: wrap;&quot;[39m
              [36m&gt;[39m
                [0m] [0m
              [36m&lt;/ink-text&gt;[39m
              [36m&lt;ink-text[39m
                [33mstyle[39m=[32m&quot;flex-grow: 0; flex-shrink: 1; flex-direction: row; text-wrap: wrap;&quot;[39m
              [36m&gt;[39m
                [0mGPT-5プロンプトガイドの分析結果[0m
              [36m&lt;/ink-text&gt;[39m
            [36m&lt;/ink-box&gt;[39m
            [36m&lt;ink-box[39m
              [33mstyle[39m=[32m&quot;flex-wrap: nowrap; flex-direction: row; flex-grow: 0; flex-shrink: 1; overflow-x: visible; overflow-y: visible;&quot;[39m
            [36m&gt;[39m
              [36m&lt;ink-text[39m
                [33mstyle[39m=[32m&quot;flex-grow: 0; flex-shrink: 1; flex-direction: row; text-wrap: wrap;&quot;[39m
              [36m&gt;[39m
                [0m  [0m
              [36m&lt;/ink-text&gt;[39m
              [36m&lt;ink-text[39m
                [33mstyle[39m=[32m&quot;flex-grow: 0; flex-shrink: 1; flex-direction: row; text-wrap: wrap;&quot;[39m
              [36m&gt;[39m
                [0m[[0m
              [36m&lt;/ink-text&gt;[39m
              [36m&lt;ink-text[39m
                [33mstyle[39m=[32m&quot;flex-grow: 0; flex-shrink: 1; flex-direction: row; text-wrap: wrap;&quot;[39m
              [36m&gt;[39m
                [0mmem-002[0m
              [36m&lt;/ink-text&gt;[39m
              [36m&lt;ink-text[39m
                [33mstyle[39m=[32m&quot;flex-grow: 0; flex-shrink: 1; flex-direction: row; text-wrap: wrap;&quot;[39m
              [36m&gt;[39m
                [0m] [0m
              [36m&lt;/ink-text&gt;[39m
              [36m&lt;ink-text[39m
                [33mstyle[39m=[32m&quot;flex-grow: 0; flex-shrink: 1; flex-direction: row; text-wrap: wrap;&quot;[39m
              [36m&gt;[39m
                [0mシナプス記憶システムのPhase 2実装完了[0m
              [36m&lt;/ink-text&gt;[39m
            [36m&lt;/ink-box&gt;[39m
            [36m&lt;ink-box[39m
              [33mstyle[39m=[32m&quot;flex-wrap: nowrap; flex-direction: row; flex-grow: 0; flex-shrink: 1; overflow-x: visible; overflow-y: visible;&quot;[39m
            [36m&gt;[39m
              [36m&lt;ink-text[39m
                [33mstyle[39m=[32m&quot;flex-grow: 0; flex-shrink: 1; flex-direction: row; text-wrap: wrap;&quot;[39m
              [36m&gt;[39m
                [0m  [0m
              [36m&lt;/ink-text&gt;[39m
              [36m&lt;ink-text[39m
                [33mstyle[39m=[32m&quot;flex-grow: 0; flex-shrink: 1; flex-direction: row; text-wrap: wrap;&quot;[39m
              [36m&gt;[39m
                [0m[[0m
              [36m&lt;/ink-text&gt;[39m
              [36m&lt;ink-text[39m
                [33mstyle[39m=[32m&quot;flex-grow: 0; flex-shrink: 1; flex-direction: row; text-wrap: wrap;&quot;[39m
              [36m&gt;[39m
                [0mmem-003[0m
              [36m&lt;/ink-text&gt;[39m
              [36m&lt;ink-text[39m
                [33mstyle[39m=[32m&quot;flex-grow: 0; flex-shrink: 1; flex-direction: row; text-wrap: wrap;&quot;[39m
              [36m&gt;[39m
                [0m] [0m
              [36m&lt;/ink-text&gt;[39m
              [36m&lt;ink-text[39m
                [33mstyle[39m=[32m&quot;flex-grow: 0; flex-shrink: 1; flex-direction: row; text-wrap: wrap;&quot;[39m
              [36m&gt;[39m
                [0mRESTful API設計とエンドポイント定義[0m
              [36m&lt;/ink-text&gt;[39m
            [36m&lt;/ink-box&gt;[39m
          [36m&lt;/ink-box&gt;[39m
          [36m&lt;ink-box[39m
            [33mstyle[39m=[32m&quot;flex-wrap: nowrap; flex-direction: row; flex-grow: 0; flex-shrink: 1; margin-top: 1px; border-color: rgb(108, 112, 134); padding: 1px; overflow-x: visible; overflow-y: visible;&quot;[39m
          [36m&gt;[39m
            [36m&lt;ink-box[39m
              [33mstyle[39m=[32m&quot;flex-wrap: nowrap; flex-direction: column; flex-grow: 0; flex-shrink: 1; overflow-x: visible; overflow-y: visible;&quot;[39m
            [36m&gt;[39m
              [36m&lt;ink-text[39m
                [33mstyle[39m=[32m&quot;flex-grow: 0; flex-shrink: 1; flex-direction: row; text-wrap: wrap;&quot;[39m
              [36m&gt;[39m
                [0m詳細:[0m
              [36m&lt;/ink-text&gt;[39m
              [36m&lt;ink-text[39m
                [33mstyle[39m=[32m&quot;flex-grow: 0; flex-shrink: 1; flex-direction: row; text-wrap: wrap;&quot;[39m
              [36m&gt;[39m
                [0mID: [0m
                [0mmem-001[0m
              [36m&lt;/ink-text&gt;[39m
              [36m&lt;ink-text[39m
                [33mstyle[39m=[32m&quot;flex-grow: 0; flex-shrink: 1; flex-direction: row; text-wrap: wrap;&quot;[39m
              [36m&gt;[39m
                [0mアクセス数: [0m
                [0m15[0m
              [36m&lt;/ink-text&gt;[39m
              [36m&lt;ink-text[39m
                [33mstyle[39m=[32m&quot;flex-grow: 0; flex-shrink: 1; flex-direction: row; text-wrap: wrap;&quot;[39m
              [36m&gt;[39m
                [0m成功率: [0m
                [0m92.0[0m
                [0m%[0m
              [36m&lt;/ink-text&gt;[39m
              [36m&lt;ink-text[39m
                [33mstyle[39m=[32m&quot;flex-grow: 0; flex-shrink: 1; flex-direction: row; text-wrap: wrap;&quot;[39m
              [36m&gt;[39m
                [0mタグ: [0m
                [0mgpt5, prompting, analysis[0m
              [36m&lt;/ink-text&gt;[39m
            [36m&lt;/ink-box&gt;[39m
          [36m&lt;/ink-box&gt;[39m
        [36m&lt;/ink-box&gt;[39m
      [36m&lt;/ink-box&gt;[39m
      [36m&lt;ink-box[39m
        [33mstyle[39m=[32m&quot;flex-wrap: nowrap; flex-direction: row; flex-grow: 0; flex-shrink: 1; margin-top: 1px; border-color: rgb(108, 112, 134); padding: 1px; overflow-x: visible; overflow-y: visible;&quot;[39m
      [36m&gt;[39m
        [36m&lt;ink-text[39m
          [33mstyle[39m=[32m&quot;flex-grow: 0; flex-shrink: 1; flex-direction: row; text-wrap: wrap;&quot;[39m
        [36m&gt;[39m
          [0mTab: タブ切替 | ↑↓: 記憶選択 | q: 終了[0m
        [36m&lt;/ink-text&gt;[39m
      [36m&lt;/ink-box&gt;[39m
    [36m&lt;/ink-box&gt;[39m
  [36m&lt;/div&gt;[39m
[36m&lt;/body&gt;[39m" type="TestingLibraryElementError">
TestingLibraryElementError: Unable to find an element with the text: Synapses. This could be because the text is broken up by multiple elements. In this case, you can provide a function for your text matcher to make your matcher more flexible.

Ignored nodes: comments, script, style
&lt;body&gt;
  &lt;div&gt;
    &lt;ink-box
      style=&quot;flex-wrap: nowrap; flex-direction: column; flex-grow: 0; flex-shrink: 1; width: 52px; height: 20px; padding: 1px; overflow-x: visible; overflow-y: visible;&quot;
    &gt;
      &lt;ink-box
        style=&quot;flex-wrap: nowrap; flex-direction: row; flex-grow: 0; flex-shrink: 1; margin-bottom: 1px; overflow-x: visible; overflow-y: visible;&quot;
      &gt;
        &lt;ink-text
          style=&quot;flex-grow: 0; flex-shrink: 1; flex-direction: row; text-wrap: wrap;&quot;
        &gt;
          シナプス記憶システム ダッシュボード
        &lt;/ink-text&gt;
      &lt;/ink-box&gt;
      &lt;ink-box
        style=&quot;flex-wrap: nowrap; flex-direction: row; flex-grow: 0; flex-shrink: 1; margin-bottom: 1px; overflow-x: visible; overflow-y: visible;&quot;
      &gt;
        &lt;ink-box
          style=&quot;flex-wrap: nowrap; flex-direction: row; flex-grow: 0; flex-shrink: 1; margin-right: 2px; overflow-x: visible; overflow-y: visible;&quot;
        &gt;
          &lt;ink-text
            style=&quot;flex-grow: 0; flex-shrink: 1; flex-direction: row; text-wrap: wrap;&quot;
          &gt;
            [
            1
            ] 
            記憶一覧
          &lt;/ink-text&gt;
        &lt;/ink-box&gt;
        &lt;ink-box
          style=&quot;flex-wrap: nowrap; flex-direction: row; flex-grow: 0; flex-shrink: 1; margin-right: 2px; overflow-x: visible; overflow-y: visible;&quot;
        &gt;
          &lt;ink-text
            style=&quot;flex-grow: 0; flex-shrink: 1; flex-direction: row; text-wrap: wrap;&quot;
          &gt;
            [
            2
            ] 
            シナプス結合
          &lt;/ink-text&gt;
        &lt;/ink-box&gt;
        &lt;ink-box
          style=&quot;flex-wrap: nowrap; flex-direction: row; flex-grow: 0; flex-shrink: 1; margin-right: 2px; overflow-x: visible; overflow-y: visible;&quot;
        &gt;
          &lt;ink-text
            style=&quot;flex-grow: 0; flex-shrink: 1; flex-direction: row; text-wrap: wrap;&quot;
          &gt;
            [
            3
            ] 
            ネットワーク診断
          &lt;/ink-text&gt;
        &lt;/ink-box&gt;
        &lt;ink-box
          style=&quot;flex-wrap: nowrap; flex-direction: row; flex-grow: 0; flex-shrink: 1; margin-right: 2px; overflow-x: visible; overflow-y: visible;&quot;
        &gt;
          &lt;ink-text
            style=&quot;flex-grow: 0; flex-shrink: 1; flex-direction: row; text-wrap: wrap;&quot;
          &gt;
            [
            4
            ] 
            設定
          &lt;/ink-text&gt;
        &lt;/ink-box&gt;
      &lt;/ink-box&gt;
      &lt;ink-box
        style=&quot;flex-wrap: nowrap; flex-direction: row; flex-grow: 1; flex-shrink: 1; overflow: hidden; overflow-x: hidden; overflow-y: hidden;&quot;
      &gt;
        &lt;ink-box
          style=&quot;flex-wrap: nowrap; flex-direction: column; flex-grow: 1; flex-shrink: 1; overflow-x: visible; overflow-y: visible;&quot;
        &gt;
          &lt;ink-box
            style=&quot;flex-wrap: nowrap; flex-direction: row; flex-grow: 0; flex-shrink: 1; margin-bottom: 1px; overflow-x: visible; overflow-y: visible;&quot;
          &gt;
            &lt;ink-text
              style=&quot;flex-grow: 0; flex-shrink: 1; flex-direction: row; text-wrap: wrap;&quot;
            &gt;
              記憶一覧 (
              3
              件)
            &lt;/ink-text&gt;
          &lt;/ink-box&gt;
          &lt;ink-box
            style=&quot;flex-wrap: nowrap; flex-direction: column; flex-grow: 0; flex-shrink: 0; width: 48px; overflow-x: visible; overflow-y: visible;&quot;
          &gt;
            &lt;ink-box
              style=&quot;flex-wrap: nowrap; flex-direction: row; flex-grow: 0; flex-shrink: 1; overflow-x: visible; overflow-y: visible;&quot;
            &gt;
              &lt;ink-text
                style=&quot;flex-grow: 0; flex-shrink: 1; flex-direction: row; text-wrap: wrap;&quot;
              &gt;
                ► 
              &lt;/ink-text&gt;
              &lt;ink-text
                style=&quot;flex-grow: 0; flex-shrink: 1; flex-direction: row; text-wrap: wrap;&quot;
              &gt;
                [
              &lt;/ink-text&gt;
              &lt;ink-text
                style=&quot;flex-grow: 0; flex-shrink: 1; flex-direction: row; text-wrap: wrap;&quot;
              &gt;
                mem-001
              &lt;/ink-text&gt;
              &lt;ink-text
                style=&quot;flex-grow: 0; flex-shrink: 1; flex-direction: row; text-wrap: wrap;&quot;
              &gt;
                ] 
              &lt;/ink-text&gt;
              &lt;ink-text
                style=&quot;flex-grow: 0; flex-shrink: 1; flex-direction: row; text-wrap: wrap;&quot;
              &gt;
                GPT-5プロンプトガイドの分析結果
              &lt;/ink-text&gt;
            &lt;/ink-box&gt;
            &lt;ink-box
              style=&quot;flex-wrap: nowrap; flex-direction: row; flex-grow: 0; flex-shrink: 1; overflow-x: visible; overflow-y: visible;&quot;
            &gt;
              &lt;ink-text
                style=&quot;flex-grow: 0; flex-shrink: 1; flex-direction: row; text-wrap: wrap;&quot;
              &gt;
                  
              &lt;/ink-text&gt;
              &lt;ink-text
                style=&quot;flex-grow: 0; flex-shrink: 1; flex-direction: row; text-wrap: wrap;&quot;
              &gt;
                [
              &lt;/ink-text&gt;
              &lt;ink-text
                style=&quot;flex-grow: 0; flex-shrink: 1; flex-direction: row; text-wrap: wrap;&quot;
              &gt;
                mem-002
              &lt;/ink-text&gt;
              &lt;ink-text
                style=&quot;flex-grow: 0; flex-shrink: 1; flex-direction: row; text-wrap: wrap;&quot;
              &gt;
                ] 
              &lt;/ink-text&gt;
              &lt;ink-text
                style=&quot;flex-grow: 0; flex-shrink: 1; flex-direction: row; text-wrap: wrap;&quot;
              &gt;
                シナプス記憶システムのPhase 2実装完了
              &lt;/ink-text&gt;
            &lt;/ink-box&gt;
            &lt;ink-box
              style=&quot;flex-wrap: nowrap; flex-direction: row; flex-grow: 0; flex-shrink: 1; overflow-x: visible; overflow-y: visible;&quot;
            &gt;
              &lt;ink-text
                style=&quot;flex-grow: 0; flex-shrink: 1; flex-direction: row; text-wrap: wrap;&quot;
              &gt;
                  
              &lt;/ink-text&gt;
              &lt;ink-text
                style=&quot;flex-grow: 0; flex-shrink: 1; flex-direction: row; text-wrap: wrap;&quot;
              &gt;
                [
              &lt;/ink-text&gt;
              &lt;ink-text
                style=&quot;flex-grow: 0; flex-shrink: 1; flex-direction: row; text-wrap: wrap;&quot;
              &gt;
                mem-003
              &lt;/ink-text&gt;
              &lt;ink-text
                style=&quot;flex-grow: 0; flex-shrink: 1; flex-direction: row; text-wrap: wrap;&quot;
              &gt;
                ] 
              &lt;/ink-text&gt;
              &lt;ink-text
                style=&quot;flex-grow: 0; flex-shrink: 1; flex-direction: row; text-wrap: wrap;&quot;
              &gt;
                RESTful API設計とエンドポイント定義
              &lt;/ink-text&gt;
            &lt;/ink-box&gt;
          &lt;/ink-box&gt;
          &lt;ink-box
            style=&quot;flex-wrap: nowrap; flex-direction: row; flex-grow: 0; flex-shrink: 1; margin-top: 1px; border-color: rgb(108, 112, 134); padding: 1px; overflow-x: visible; overflow-y: visible;&quot;
          &gt;
            &lt;ink-box
              style=&quot;flex-wrap: nowrap; flex-direction: column; flex-grow: 0; flex-shrink: 1; overflow-x: visible; overflow-y: visible;&quot;
            &gt;
              &lt;ink-text
                style=&quot;flex-grow: 0; flex-shrink: 1; flex-direction: row; text-wrap: wrap;&quot;
              &gt;
                詳細:
              &lt;/ink-text&gt;
              &lt;ink-text
                style=&quot;flex-grow: 0; flex-shrink: 1; flex-direction: row; text-wrap: wrap;&quot;
              &gt;
                ID: 
                mem-001
              &lt;/ink-text&gt;
              &lt;ink-text
                style=&quot;flex-grow: 0; flex-shrink: 1; flex-direction: row; text-wrap: wrap;&quot;
              &gt;
                アクセス数: 
                15
              &lt;/ink-text&gt;
              &lt;ink-text
                style=&quot;flex-grow: 0; flex-shrink: 1; flex-direction: row; text-wrap: wrap;&quot;
              &gt;
                成功率: 
                92.0
                %
              &lt;/ink-text&gt;
              &lt;ink-text
                style=&quot;flex-grow: 0; flex-shrink: 1; flex-direction: row; text-wrap: wrap;&quot;
              &gt;
                タグ: 
                gpt5, prompting, analysis
              &lt;/ink-text&gt;
            &lt;/ink-box&gt;
          &lt;/ink-box&gt;
        &lt;/ink-box&gt;
      &lt;/ink-box&gt;
      &lt;ink-box
        style=&quot;flex-wrap: nowrap; flex-direction: row; flex-grow: 0; flex-shrink: 1; margin-top: 1px; border-color: rgb(108, 112, 134); padding: 1px; overflow-x: visible; overflow-y: visible;&quot;
      &gt;
        &lt;ink-text
          style=&quot;flex-grow: 0; flex-shrink: 1; flex-direction: row; text-wrap: wrap;&quot;
        &gt;
          Tab: タブ切替 | ↑↓: 記憶選択 | q: 終了
        &lt;/ink-text&gt;
      &lt;/ink-box&gt;
    &lt;/ink-box&gt;
  &lt;/div&gt;
&lt;/body&gt;
 ❯ Object.getElementError node_modules/@testing-library/dom/dist/config.js:37:19
 ❯ node_modules/@testing-library/dom/dist/query-helpers.js:76:38
 ❯ node_modules/@testing-library/dom/dist/query-helpers.js:52:17
 ❯ node_modules/@testing-library/dom/dist/query-helpers.js:95:19
 ❯ src/ui/components/SynapticMemoryDashboard.test.tsx:113:28
            </failure>
        </testcase>
        <testcase classname="src/ui/components/SynapticMemoryDashboard.test.tsx" name="SynapticMemoryDashboard &gt; Healthタブでネットワーク健康状態が表示されること" time="0.015553667">
            <failure message="Unable to find an element with the text: Health. This could be because the text is broken up by multiple elements. In this case, you can provide a function for your text matcher to make your matcher more flexible.

Ignored nodes: comments, script, style
[36m&lt;body&gt;[39m
  [36m&lt;div&gt;[39m
    [36m&lt;ink-box[39m
      [33mstyle[39m=[32m&quot;flex-wrap: nowrap; flex-direction: column; flex-grow: 0; flex-shrink: 1; width: 52px; height: 20px; padding: 1px; overflow-x: visible; overflow-y: visible;&quot;[39m
    [36m&gt;[39m
      [36m&lt;ink-box[39m
        [33mstyle[39m=[32m&quot;flex-wrap: nowrap; flex-direction: row; flex-grow: 0; flex-shrink: 1; margin-bottom: 1px; overflow-x: visible; overflow-y: visible;&quot;[39m
      [36m&gt;[39m
        [36m&lt;ink-text[39m
          [33mstyle[39m=[32m&quot;flex-grow: 0; flex-shrink: 1; flex-direction: row; text-wrap: wrap;&quot;[39m
        [36m&gt;[39m
          [0mシナプス記憶システム ダッシュボード[0m
        [36m&lt;/ink-text&gt;[39m
      [36m&lt;/ink-box&gt;[39m
      [36m&lt;ink-box[39m
        [33mstyle[39m=[32m&quot;flex-wrap: nowrap; flex-direction: row; flex-grow: 0; flex-shrink: 1; margin-bottom: 1px; overflow-x: visible; overflow-y: visible;&quot;[39m
      [36m&gt;[39m
        [36m&lt;ink-box[39m
          [33mstyle[39m=[32m&quot;flex-wrap: nowrap; flex-direction: row; flex-grow: 0; flex-shrink: 1; margin-right: 2px; overflow-x: visible; overflow-y: visible;&quot;[39m
        [36m&gt;[39m
          [36m&lt;ink-text[39m
            [33mstyle[39m=[32m&quot;flex-grow: 0; flex-shrink: 1; flex-direction: row; text-wrap: wrap;&quot;[39m
          [36m&gt;[39m
            [0m[[0m
            [0m1[0m
            [0m] [0m
            [0m記憶一覧[0m
          [36m&lt;/ink-text&gt;[39m
        [36m&lt;/ink-box&gt;[39m
        [36m&lt;ink-box[39m
          [33mstyle[39m=[32m&quot;flex-wrap: nowrap; flex-direction: row; flex-grow: 0; flex-shrink: 1; margin-right: 2px; overflow-x: visible; overflow-y: visible;&quot;[39m
        [36m&gt;[39m
          [36m&lt;ink-text[39m
            [33mstyle[39m=[32m&quot;flex-grow: 0; flex-shrink: 1; flex-direction: row; text-wrap: wrap;&quot;[39m
          [36m&gt;[39m
            [0m[[0m
            [0m2[0m
            [0m] [0m
            [0mシナプス結合[0m
          [36m&lt;/ink-text&gt;[39m
        [36m&lt;/ink-box&gt;[39m
        [36m&lt;ink-box[39m
          [33mstyle[39m=[32m&quot;flex-wrap: nowrap; flex-direction: row; flex-grow: 0; flex-shrink: 1; margin-right: 2px; overflow-x: visible; overflow-y: visible;&quot;[39m
        [36m&gt;[39m
          [36m&lt;ink-text[39m
            [33mstyle[39m=[32m&quot;flex-grow: 0; flex-shrink: 1; flex-direction: row; text-wrap: wrap;&quot;[39m
          [36m&gt;[39m
            [0m[[0m
            [0m3[0m
            [0m] [0m
            [0mネットワーク診断[0m
          [36m&lt;/ink-text&gt;[39m
        [36m&lt;/ink-box&gt;[39m
        [36m&lt;ink-box[39m
          [33mstyle[39m=[32m&quot;flex-wrap: nowrap; flex-direction: row; flex-grow: 0; flex-shrink: 1; margin-right: 2px; overflow-x: visible; overflow-y: visible;&quot;[39m
        [36m&gt;[39m
          [36m&lt;ink-text[39m
            [33mstyle[39m=[32m&quot;flex-grow: 0; flex-shrink: 1; flex-direction: row; text-wrap: wrap;&quot;[39m
          [36m&gt;[39m
            [0m[[0m
            [0m4[0m
            [0m] [0m
            [0m設定[0m
          [36m&lt;/ink-text&gt;[39m
        [36m&lt;/ink-box&gt;[39m
      [36m&lt;/ink-box&gt;[39m
      [36m&lt;ink-box[39m
        [33mstyle[39m=[32m&quot;flex-wrap: nowrap; flex-direction: row; flex-grow: 1; flex-shrink: 1; overflow: hidden; overflow-x: hidden; overflow-y: hidden;&quot;[39m
      [36m&gt;[39m
        [36m&lt;ink-box[39m
          [33mstyle[39m=[32m&quot;flex-wrap: nowrap; flex-direction: column; flex-grow: 1; flex-shrink: 1; overflow-x: visible; overflow-y: visible;&quot;[39m
        [36m&gt;[39m
          [36m&lt;ink-box[39m
            [33mstyle[39m=[32m&quot;flex-wrap: nowrap; flex-direction: row; flex-grow: 0; flex-shrink: 1; margin-bottom: 1px; overflow-x: visible; overflow-y: visible;&quot;[39m
          [36m&gt;[39m
            [36m&lt;ink-text[39m
              [33mstyle[39m=[32m&quot;flex-grow: 0; flex-shrink: 1; flex-direction: row; text-wrap: wrap;&quot;[39m
            [36m&gt;[39m
              [0m記憶一覧 ([0m
              [0m3[0m
              [0m件)[0m
            [36m&lt;/ink-text&gt;[39m
          [36m&lt;/ink-box&gt;[39m
          [36m&lt;ink-box[39m
            [33mstyle[39m=[32m&quot;flex-wrap: nowrap; flex-direction: column; flex-grow: 0; flex-shrink: 0; width: 48px; overflow-x: visible; overflow-y: visible;&quot;[39m
          [36m&gt;[39m
            [36m&lt;ink-box[39m
              [33mstyle[39m=[32m&quot;flex-wrap: nowrap; flex-direction: row; flex-grow: 0; flex-shrink: 1; overflow-x: visible; overflow-y: visible;&quot;[39m
            [36m&gt;[39m
              [36m&lt;ink-text[39m
                [33mstyle[39m=[32m&quot;flex-grow: 0; flex-shrink: 1; flex-direction: row; text-wrap: wrap;&quot;[39m
              [36m&gt;[39m
                [0m► [0m
              [36m&lt;/ink-text&gt;[39m
              [36m&lt;ink-text[39m
                [33mstyle[39m=[32m&quot;flex-grow: 0; flex-shrink: 1; flex-direction: row; text-wrap: wrap;&quot;[39m
              [36m&gt;[39m
                [0m[[0m
              [36m&lt;/ink-text&gt;[39m
              [36m&lt;ink-text[39m
                [33mstyle[39m=[32m&quot;flex-grow: 0; flex-shrink: 1; flex-direction: row; text-wrap: wrap;&quot;[39m
              [36m&gt;[39m
                [0mmem-001[0m
              [36m&lt;/ink-text&gt;[39m
              [36m&lt;ink-text[39m
                [33mstyle[39m=[32m&quot;flex-grow: 0; flex-shrink: 1; flex-direction: row; text-wrap: wrap;&quot;[39m
              [36m&gt;[39m
                [0m] [0m
              [36m&lt;/ink-text&gt;[39m
              [36m&lt;ink-text[39m
                [33mstyle[39m=[32m&quot;flex-grow: 0; flex-shrink: 1; flex-direction: row; text-wrap: wrap;&quot;[39m
              [36m&gt;[39m
                [0mGPT-5プロンプトガイドの分析結果[0m
              [36m&lt;/ink-text&gt;[39m
            [36m&lt;/ink-box&gt;[39m
            [36m&lt;ink-box[39m
              [33mstyle[39m=[32m&quot;flex-wrap: nowrap; flex-direction: row; flex-grow: 0; flex-shrink: 1; overflow-x: visible; overflow-y: visible;&quot;[39m
            [36m&gt;[39m
              [36m&lt;ink-text[39m
                [33mstyle[39m=[32m&quot;flex-grow: 0; flex-shrink: 1; flex-direction: row; text-wrap: wrap;&quot;[39m
              [36m&gt;[39m
                [0m  [0m
              [36m&lt;/ink-text&gt;[39m
              [36m&lt;ink-text[39m
                [33mstyle[39m=[32m&quot;flex-grow: 0; flex-shrink: 1; flex-direction: row; text-wrap: wrap;&quot;[39m
              [36m&gt;[39m
                [0m[[0m
              [36m&lt;/ink-text&gt;[39m
              [36m&lt;ink-text[39m
                [33mstyle[39m=[32m&quot;flex-grow: 0; flex-shrink: 1; flex-direction: row; text-wrap: wrap;&quot;[39m
              [36m&gt;[39m
                [0mmem-002[0m
              [36m&lt;/ink-text&gt;[39m
              [36m&lt;ink-text[39m
                [33mstyle[39m=[32m&quot;flex-grow: 0; flex-shrink: 1; flex-direction: row; text-wrap: wrap;&quot;[39m
              [36m&gt;[39m
                [0m] [0m
              [36m&lt;/ink-text&gt;[39m
              [36m&lt;ink-text[39m
                [33mstyle[39m=[32m&quot;flex-grow: 0; flex-shrink: 1; flex-direction: row; text-wrap: wrap;&quot;[39m
              [36m&gt;[39m
                [0mシナプス記憶システムのPhase 2実装完了[0m
              [36m&lt;/ink-text&gt;[39m
            [36m&lt;/ink-box&gt;[39m
            [36m&lt;ink-box[39m
              [33mstyle[39m=[32m&quot;flex-wrap: nowrap; flex-direction: row; flex-grow: 0; flex-shrink: 1; overflow-x: visible; overflow-y: visible;&quot;[39m
            [36m&gt;[39m
              [36m&lt;ink-text[39m
                [33mstyle[39m=[32m&quot;flex-grow: 0; flex-shrink: 1; flex-direction: row; text-wrap: wrap;&quot;[39m
              [36m&gt;[39m
                [0m  [0m
              [36m&lt;/ink-text&gt;[39m
              [36m&lt;ink-text[39m
                [33mstyle[39m=[32m&quot;flex-grow: 0; flex-shrink: 1; flex-direction: row; text-wrap: wrap;&quot;[39m
              [36m&gt;[39m
                [0m[[0m
              [36m&lt;/ink-text&gt;[39m
              [36m&lt;ink-text[39m
                [33mstyle[39m=[32m&quot;flex-grow: 0; flex-shrink: 1; flex-direction: row; text-wrap: wrap;&quot;[39m
              [36m&gt;[39m
                [0mmem-003[0m
              [36m&lt;/ink-text&gt;[39m
              [36m&lt;ink-text[39m
                [33mstyle[39m=[32m&quot;flex-grow: 0; flex-shrink: 1; flex-direction: row; text-wrap: wrap;&quot;[39m
              [36m&gt;[39m
                [0m] [0m
              [36m&lt;/ink-text&gt;[39m
              [36m&lt;ink-text[39m
                [33mstyle[39m=[32m&quot;flex-grow: 0; flex-shrink: 1; flex-direction: row; text-wrap: wrap;&quot;[39m
              [36m&gt;[39m
                [0mRESTful API設計とエンドポイント定義[0m
              [36m&lt;/ink-text&gt;[39m
            [36m&lt;/ink-box&gt;[39m
          [36m&lt;/ink-box&gt;[39m
          [36m&lt;ink-box[39m
            [33mstyle[39m=[32m&quot;flex-wrap: nowrap; flex-direction: row; flex-grow: 0; flex-shrink: 1; margin-top: 1px; border-color: rgb(108, 112, 134); padding: 1px; overflow-x: visible; overflow-y: visible;&quot;[39m
          [36m&gt;[39m
            [36m&lt;ink-box[39m
              [33mstyle[39m=[32m&quot;flex-wrap: nowrap; flex-direction: column; flex-grow: 0; flex-shrink: 1; overflow-x: visible; overflow-y: visible;&quot;[39m
            [36m&gt;[39m
              [36m&lt;ink-text[39m
                [33mstyle[39m=[32m&quot;flex-grow: 0; flex-shrink: 1; flex-direction: row; text-wrap: wrap;&quot;[39m
              [36m&gt;[39m
                [0m詳細:[0m
              [36m&lt;/ink-text&gt;[39m
              [36m&lt;ink-text[39m
                [33mstyle[39m=[32m&quot;flex-grow: 0; flex-shrink: 1; flex-direction: row; text-wrap: wrap;&quot;[39m
              [36m&gt;[39m
                [0mID: [0m
                [0mmem-001[0m
              [36m&lt;/ink-text&gt;[39m
              [36m&lt;ink-text[39m
                [33mstyle[39m=[32m&quot;flex-grow: 0; flex-shrink: 1; flex-direction: row; text-wrap: wrap;&quot;[39m
              [36m&gt;[39m
                [0mアクセス数: [0m
                [0m15[0m
              [36m&lt;/ink-text&gt;[39m
              [36m&lt;ink-text[39m
                [33mstyle[39m=[32m&quot;flex-grow: 0; flex-shrink: 1; flex-direction: row; text-wrap: wrap;&quot;[39m
              [36m&gt;[39m
                [0m成功率: [0m
                [0m92.0[0m
                [0m%[0m
              [36m&lt;/ink-text&gt;[39m
              [36m&lt;ink-text[39m
                [33mstyle[39m=[32m&quot;flex-grow: 0; flex-shrink: 1; flex-direction: row; text-wrap: wrap;&quot;[39m
              [36m&gt;[39m
                [0mタグ: [0m
                [0mgpt5, prompting, analysis[0m
              [36m&lt;/ink-text&gt;[39m
            [36m&lt;/ink-box&gt;[39m
          [36m&lt;/ink-box&gt;[39m
        [36m&lt;/ink-box&gt;[39m
      [36m&lt;/ink-box&gt;[39m
      [36m&lt;ink-box[39m
        [33mstyle[39m=[32m&quot;flex-wrap: nowrap; flex-direction: row; flex-grow: 0; flex-shrink: 1; margin-top: 1px; border-color: rgb(108, 112, 134); padding: 1px; overflow-x: visible; overflow-y: visible;&quot;[39m
      [36m&gt;[39m
        [36m&lt;ink-text[39m
          [33mstyle[39m=[32m&quot;flex-grow: 0; flex-shrink: 1; flex-direction: row; text-wrap: wrap;&quot;[39m
        [36m&gt;[39m
          [0mTab: タブ切替 | ↑↓: 記憶選択 | q: 終了[0m
        [36m&lt;/ink-text&gt;[39m
      [36m&lt;/ink-box&gt;[39m
    [36m&lt;/ink-box&gt;[39m
  [36m&lt;/div&gt;[39m
[36m&lt;/body&gt;[39m" type="TestingLibraryElementError">
TestingLibraryElementError: Unable to find an element with the text: Health. This could be because the text is broken up by multiple elements. In this case, you can provide a function for your text matcher to make your matcher more flexible.

Ignored nodes: comments, script, style
&lt;body&gt;
  &lt;div&gt;
    &lt;ink-box
      style=&quot;flex-wrap: nowrap; flex-direction: column; flex-grow: 0; flex-shrink: 1; width: 52px; height: 20px; padding: 1px; overflow-x: visible; overflow-y: visible;&quot;
    &gt;
      &lt;ink-box
        style=&quot;flex-wrap: nowrap; flex-direction: row; flex-grow: 0; flex-shrink: 1; margin-bottom: 1px; overflow-x: visible; overflow-y: visible;&quot;
      &gt;
        &lt;ink-text
          style=&quot;flex-grow: 0; flex-shrink: 1; flex-direction: row; text-wrap: wrap;&quot;
        &gt;
          シナプス記憶システム ダッシュボード
        &lt;/ink-text&gt;
      &lt;/ink-box&gt;
      &lt;ink-box
        style=&quot;flex-wrap: nowrap; flex-direction: row; flex-grow: 0; flex-shrink: 1; margin-bottom: 1px; overflow-x: visible; overflow-y: visible;&quot;
      &gt;
        &lt;ink-box
          style=&quot;flex-wrap: nowrap; flex-direction: row; flex-grow: 0; flex-shrink: 1; margin-right: 2px; overflow-x: visible; overflow-y: visible;&quot;
        &gt;
          &lt;ink-text
            style=&quot;flex-grow: 0; flex-shrink: 1; flex-direction: row; text-wrap: wrap;&quot;
          &gt;
            [
            1
            ] 
            記憶一覧
          &lt;/ink-text&gt;
        &lt;/ink-box&gt;
        &lt;ink-box
          style=&quot;flex-wrap: nowrap; flex-direction: row; flex-grow: 0; flex-shrink: 1; margin-right: 2px; overflow-x: visible; overflow-y: visible;&quot;
        &gt;
          &lt;ink-text
            style=&quot;flex-grow: 0; flex-shrink: 1; flex-direction: row; text-wrap: wrap;&quot;
          &gt;
            [
            2
            ] 
            シナプス結合
          &lt;/ink-text&gt;
        &lt;/ink-box&gt;
        &lt;ink-box
          style=&quot;flex-wrap: nowrap; flex-direction: row; flex-grow: 0; flex-shrink: 1; margin-right: 2px; overflow-x: visible; overflow-y: visible;&quot;
        &gt;
          &lt;ink-text
            style=&quot;flex-grow: 0; flex-shrink: 1; flex-direction: row; text-wrap: wrap;&quot;
          &gt;
            [
            3
            ] 
            ネットワーク診断
          &lt;/ink-text&gt;
        &lt;/ink-box&gt;
        &lt;ink-box
          style=&quot;flex-wrap: nowrap; flex-direction: row; flex-grow: 0; flex-shrink: 1; margin-right: 2px; overflow-x: visible; overflow-y: visible;&quot;
        &gt;
          &lt;ink-text
            style=&quot;flex-grow: 0; flex-shrink: 1; flex-direction: row; text-wrap: wrap;&quot;
          &gt;
            [
            4
            ] 
            設定
          &lt;/ink-text&gt;
        &lt;/ink-box&gt;
      &lt;/ink-box&gt;
      &lt;ink-box
        style=&quot;flex-wrap: nowrap; flex-direction: row; flex-grow: 1; flex-shrink: 1; overflow: hidden; overflow-x: hidden; overflow-y: hidden;&quot;
      &gt;
        &lt;ink-box
          style=&quot;flex-wrap: nowrap; flex-direction: column; flex-grow: 1; flex-shrink: 1; overflow-x: visible; overflow-y: visible;&quot;
        &gt;
          &lt;ink-box
            style=&quot;flex-wrap: nowrap; flex-direction: row; flex-grow: 0; flex-shrink: 1; margin-bottom: 1px; overflow-x: visible; overflow-y: visible;&quot;
          &gt;
            &lt;ink-text
              style=&quot;flex-grow: 0; flex-shrink: 1; flex-direction: row; text-wrap: wrap;&quot;
            &gt;
              記憶一覧 (
              3
              件)
            &lt;/ink-text&gt;
          &lt;/ink-box&gt;
          &lt;ink-box
            style=&quot;flex-wrap: nowrap; flex-direction: column; flex-grow: 0; flex-shrink: 0; width: 48px; overflow-x: visible; overflow-y: visible;&quot;
          &gt;
            &lt;ink-box
              style=&quot;flex-wrap: nowrap; flex-direction: row; flex-grow: 0; flex-shrink: 1; overflow-x: visible; overflow-y: visible;&quot;
            &gt;
              &lt;ink-text
                style=&quot;flex-grow: 0; flex-shrink: 1; flex-direction: row; text-wrap: wrap;&quot;
              &gt;
                ► 
              &lt;/ink-text&gt;
              &lt;ink-text
                style=&quot;flex-grow: 0; flex-shrink: 1; flex-direction: row; text-wrap: wrap;&quot;
              &gt;
                [
              &lt;/ink-text&gt;
              &lt;ink-text
                style=&quot;flex-grow: 0; flex-shrink: 1; flex-direction: row; text-wrap: wrap;&quot;
              &gt;
                mem-001
              &lt;/ink-text&gt;
              &lt;ink-text
                style=&quot;flex-grow: 0; flex-shrink: 1; flex-direction: row; text-wrap: wrap;&quot;
              &gt;
                ] 
              &lt;/ink-text&gt;
              &lt;ink-text
                style=&quot;flex-grow: 0; flex-shrink: 1; flex-direction: row; text-wrap: wrap;&quot;
              &gt;
                GPT-5プロンプトガイドの分析結果
              &lt;/ink-text&gt;
            &lt;/ink-box&gt;
            &lt;ink-box
              style=&quot;flex-wrap: nowrap; flex-direction: row; flex-grow: 0; flex-shrink: 1; overflow-x: visible; overflow-y: visible;&quot;
            &gt;
              &lt;ink-text
                style=&quot;flex-grow: 0; flex-shrink: 1; flex-direction: row; text-wrap: wrap;&quot;
              &gt;
                  
              &lt;/ink-text&gt;
              &lt;ink-text
                style=&quot;flex-grow: 0; flex-shrink: 1; flex-direction: row; text-wrap: wrap;&quot;
              &gt;
                [
              &lt;/ink-text&gt;
              &lt;ink-text
                style=&quot;flex-grow: 0; flex-shrink: 1; flex-direction: row; text-wrap: wrap;&quot;
              &gt;
                mem-002
              &lt;/ink-text&gt;
              &lt;ink-text
                style=&quot;flex-grow: 0; flex-shrink: 1; flex-direction: row; text-wrap: wrap;&quot;
              &gt;
                ] 
              &lt;/ink-text&gt;
              &lt;ink-text
                style=&quot;flex-grow: 0; flex-shrink: 1; flex-direction: row; text-wrap: wrap;&quot;
              &gt;
                シナプス記憶システムのPhase 2実装完了
              &lt;/ink-text&gt;
            &lt;/ink-box&gt;
            &lt;ink-box
              style=&quot;flex-wrap: nowrap; flex-direction: row; flex-grow: 0; flex-shrink: 1; overflow-x: visible; overflow-y: visible;&quot;
            &gt;
              &lt;ink-text
                style=&quot;flex-grow: 0; flex-shrink: 1; flex-direction: row; text-wrap: wrap;&quot;
              &gt;
                  
              &lt;/ink-text&gt;
              &lt;ink-text
                style=&quot;flex-grow: 0; flex-shrink: 1; flex-direction: row; text-wrap: wrap;&quot;
              &gt;
                [
              &lt;/ink-text&gt;
              &lt;ink-text
                style=&quot;flex-grow: 0; flex-shrink: 1; flex-direction: row; text-wrap: wrap;&quot;
              &gt;
                mem-003
              &lt;/ink-text&gt;
              &lt;ink-text
                style=&quot;flex-grow: 0; flex-shrink: 1; flex-direction: row; text-wrap: wrap;&quot;
              &gt;
                ] 
              &lt;/ink-text&gt;
              &lt;ink-text
                style=&quot;flex-grow: 0; flex-shrink: 1; flex-direction: row; text-wrap: wrap;&quot;
              &gt;
                RESTful API設計とエンドポイント定義
              &lt;/ink-text&gt;
            &lt;/ink-box&gt;
          &lt;/ink-box&gt;
          &lt;ink-box
            style=&quot;flex-wrap: nowrap; flex-direction: row; flex-grow: 0; flex-shrink: 1; margin-top: 1px; border-color: rgb(108, 112, 134); padding: 1px; overflow-x: visible; overflow-y: visible;&quot;
          &gt;
            &lt;ink-box
              style=&quot;flex-wrap: nowrap; flex-direction: column; flex-grow: 0; flex-shrink: 1; overflow-x: visible; overflow-y: visible;&quot;
            &gt;
              &lt;ink-text
                style=&quot;flex-grow: 0; flex-shrink: 1; flex-direction: row; text-wrap: wrap;&quot;
              &gt;
                詳細:
              &lt;/ink-text&gt;
              &lt;ink-text
                style=&quot;flex-grow: 0; flex-shrink: 1; flex-direction: row; text-wrap: wrap;&quot;
              &gt;
                ID: 
                mem-001
              &lt;/ink-text&gt;
              &lt;ink-text
                style=&quot;flex-grow: 0; flex-shrink: 1; flex-direction: row; text-wrap: wrap;&quot;
              &gt;
                アクセス数: 
                15
              &lt;/ink-text&gt;
              &lt;ink-text
                style=&quot;flex-grow: 0; flex-shrink: 1; flex-direction: row; text-wrap: wrap;&quot;
              &gt;
                成功率: 
                92.0
                %
              &lt;/ink-text&gt;
              &lt;ink-text
                style=&quot;flex-grow: 0; flex-shrink: 1; flex-direction: row; text-wrap: wrap;&quot;
              &gt;
                タグ: 
                gpt5, prompting, analysis
              &lt;/ink-text&gt;
            &lt;/ink-box&gt;
          &lt;/ink-box&gt;
        &lt;/ink-box&gt;
      &lt;/ink-box&gt;
      &lt;ink-box
        style=&quot;flex-wrap: nowrap; flex-direction: row; flex-grow: 0; flex-shrink: 1; margin-top: 1px; border-color: rgb(108, 112, 134); padding: 1px; overflow-x: visible; overflow-y: visible;&quot;
      &gt;
        &lt;ink-text
          style=&quot;flex-grow: 0; flex-shrink: 1; flex-direction: row; text-wrap: wrap;&quot;
        &gt;
          Tab: タブ切替 | ↑↓: 記憶選択 | q: 終了
        &lt;/ink-text&gt;
      &lt;/ink-box&gt;
    &lt;/ink-box&gt;
  &lt;/div&gt;
&lt;/body&gt;
 ❯ Object.getElementError node_modules/@testing-library/dom/dist/config.js:37:19
 ❯ node_modules/@testing-library/dom/dist/query-helpers.js:76:38
 ❯ node_modules/@testing-library/dom/dist/query-helpers.js:52:17
 ❯ node_modules/@testing-library/dom/dist/query-helpers.js:95:19
 ❯ src/ui/components/SynapticMemoryDashboard.test.tsx:126:28
            </failure>
        </testcase>
        <testcase classname="src/ui/components/SynapticMemoryDashboard.test.tsx" name="SynapticMemoryDashboard &gt; Healthタブで問題と提案が表示されること" time="0.012807625">
            <failure message="Unable to find an element with the text: Health. This could be because the text is broken up by multiple elements. In this case, you can provide a function for your text matcher to make your matcher more flexible.

Ignored nodes: comments, script, style
[36m&lt;body&gt;[39m
  [36m&lt;div&gt;[39m
    [36m&lt;ink-box[39m
      [33mstyle[39m=[32m&quot;flex-wrap: nowrap; flex-direction: column; flex-grow: 0; flex-shrink: 1; width: 52px; height: 20px; padding: 1px; overflow-x: visible; overflow-y: visible;&quot;[39m
    [36m&gt;[39m
      [36m&lt;ink-box[39m
        [33mstyle[39m=[32m&quot;flex-wrap: nowrap; flex-direction: row; flex-grow: 0; flex-shrink: 1; margin-bottom: 1px; overflow-x: visible; overflow-y: visible;&quot;[39m
      [36m&gt;[39m
        [36m&lt;ink-text[39m
          [33mstyle[39m=[32m&quot;flex-grow: 0; flex-shrink: 1; flex-direction: row; text-wrap: wrap;&quot;[39m
        [36m&gt;[39m
          [0mシナプス記憶システム ダッシュボード[0m
        [36m&lt;/ink-text&gt;[39m
      [36m&lt;/ink-box&gt;[39m
      [36m&lt;ink-box[39m
        [33mstyle[39m=[32m&quot;flex-wrap: nowrap; flex-direction: row; flex-grow: 0; flex-shrink: 1; margin-bottom: 1px; overflow-x: visible; overflow-y: visible;&quot;[39m
      [36m&gt;[39m
        [36m&lt;ink-box[39m
          [33mstyle[39m=[32m&quot;flex-wrap: nowrap; flex-direction: row; flex-grow: 0; flex-shrink: 1; margin-right: 2px; overflow-x: visible; overflow-y: visible;&quot;[39m
        [36m&gt;[39m
          [36m&lt;ink-text[39m
            [33mstyle[39m=[32m&quot;flex-grow: 0; flex-shrink: 1; flex-direction: row; text-wrap: wrap;&quot;[39m
          [36m&gt;[39m
            [0m[[0m
            [0m1[0m
            [0m] [0m
            [0m記憶一覧[0m
          [36m&lt;/ink-text&gt;[39m
        [36m&lt;/ink-box&gt;[39m
        [36m&lt;ink-box[39m
          [33mstyle[39m=[32m&quot;flex-wrap: nowrap; flex-direction: row; flex-grow: 0; flex-shrink: 1; margin-right: 2px; overflow-x: visible; overflow-y: visible;&quot;[39m
        [36m&gt;[39m
          [36m&lt;ink-text[39m
            [33mstyle[39m=[32m&quot;flex-grow: 0; flex-shrink: 1; flex-direction: row; text-wrap: wrap;&quot;[39m
          [36m&gt;[39m
            [0m[[0m
            [0m2[0m
            [0m] [0m
            [0mシナプス結合[0m
          [36m&lt;/ink-text&gt;[39m
        [36m&lt;/ink-box&gt;[39m
        [36m&lt;ink-box[39m
          [33mstyle[39m=[32m&quot;flex-wrap: nowrap; flex-direction: row; flex-grow: 0; flex-shrink: 1; margin-right: 2px; overflow-x: visible; overflow-y: visible;&quot;[39m
        [36m&gt;[39m
          [36m&lt;ink-text[39m
            [33mstyle[39m=[32m&quot;flex-grow: 0; flex-shrink: 1; flex-direction: row; text-wrap: wrap;&quot;[39m
          [36m&gt;[39m
            [0m[[0m
            [0m3[0m
            [0m] [0m
            [0mネットワーク診断[0m
          [36m&lt;/ink-text&gt;[39m
        [36m&lt;/ink-box&gt;[39m
        [36m&lt;ink-box[39m
          [33mstyle[39m=[32m&quot;flex-wrap: nowrap; flex-direction: row; flex-grow: 0; flex-shrink: 1; margin-right: 2px; overflow-x: visible; overflow-y: visible;&quot;[39m
        [36m&gt;[39m
          [36m&lt;ink-text[39m
            [33mstyle[39m=[32m&quot;flex-grow: 0; flex-shrink: 1; flex-direction: row; text-wrap: wrap;&quot;[39m
          [36m&gt;[39m
            [0m[[0m
            [0m4[0m
            [0m] [0m
            [0m設定[0m
          [36m&lt;/ink-text&gt;[39m
        [36m&lt;/ink-box&gt;[39m
      [36m&lt;/ink-box&gt;[39m
      [36m&lt;ink-box[39m
        [33mstyle[39m=[32m&quot;flex-wrap: nowrap; flex-direction: row; flex-grow: 1; flex-shrink: 1; overflow: hidden; overflow-x: hidden; overflow-y: hidden;&quot;[39m
      [36m&gt;[39m
        [36m&lt;ink-box[39m
          [33mstyle[39m=[32m&quot;flex-wrap: nowrap; flex-direction: column; flex-grow: 1; flex-shrink: 1; overflow-x: visible; overflow-y: visible;&quot;[39m
        [36m&gt;[39m
          [36m&lt;ink-box[39m
            [33mstyle[39m=[32m&quot;flex-wrap: nowrap; flex-direction: row; flex-grow: 0; flex-shrink: 1; margin-bottom: 1px; overflow-x: visible; overflow-y: visible;&quot;[39m
          [36m&gt;[39m
            [36m&lt;ink-text[39m
              [33mstyle[39m=[32m&quot;flex-grow: 0; flex-shrink: 1; flex-direction: row; text-wrap: wrap;&quot;[39m
            [36m&gt;[39m
              [0m記憶一覧 ([0m
              [0m3[0m
              [0m件)[0m
            [36m&lt;/ink-text&gt;[39m
          [36m&lt;/ink-box&gt;[39m
          [36m&lt;ink-box[39m
            [33mstyle[39m=[32m&quot;flex-wrap: nowrap; flex-direction: column; flex-grow: 0; flex-shrink: 0; width: 48px; overflow-x: visible; overflow-y: visible;&quot;[39m
          [36m&gt;[39m
            [36m&lt;ink-box[39m
              [33mstyle[39m=[32m&quot;flex-wrap: nowrap; flex-direction: row; flex-grow: 0; flex-shrink: 1; overflow-x: visible; overflow-y: visible;&quot;[39m
            [36m&gt;[39m
              [36m&lt;ink-text[39m
                [33mstyle[39m=[32m&quot;flex-grow: 0; flex-shrink: 1; flex-direction: row; text-wrap: wrap;&quot;[39m
              [36m&gt;[39m
                [0m► [0m
              [36m&lt;/ink-text&gt;[39m
              [36m&lt;ink-text[39m
                [33mstyle[39m=[32m&quot;flex-grow: 0; flex-shrink: 1; flex-direction: row; text-wrap: wrap;&quot;[39m
              [36m&gt;[39m
                [0m[[0m
              [36m&lt;/ink-text&gt;[39m
              [36m&lt;ink-text[39m
                [33mstyle[39m=[32m&quot;flex-grow: 0; flex-shrink: 1; flex-direction: row; text-wrap: wrap;&quot;[39m
              [36m&gt;[39m
                [0mmem-001[0m
              [36m&lt;/ink-text&gt;[39m
              [36m&lt;ink-text[39m
                [33mstyle[39m=[32m&quot;flex-grow: 0; flex-shrink: 1; flex-direction: row; text-wrap: wrap;&quot;[39m
              [36m&gt;[39m
                [0m] [0m
              [36m&lt;/ink-text&gt;[39m
              [36m&lt;ink-text[39m
                [33mstyle[39m=[32m&quot;flex-grow: 0; flex-shrink: 1; flex-direction: row; text-wrap: wrap;&quot;[39m
              [36m&gt;[39m
                [0mGPT-5プロンプトガイドの分析結果[0m
              [36m&lt;/ink-text&gt;[39m
            [36m&lt;/ink-box&gt;[39m
            [36m&lt;ink-box[39m
              [33mstyle[39m=[32m&quot;flex-wrap: nowrap; flex-direction: row; flex-grow: 0; flex-shrink: 1; overflow-x: visible; overflow-y: visible;&quot;[39m
            [36m&gt;[39m
              [36m&lt;ink-text[39m
                [33mstyle[39m=[32m&quot;flex-grow: 0; flex-shrink: 1; flex-direction: row; text-wrap: wrap;&quot;[39m
              [36m&gt;[39m
                [0m  [0m
              [36m&lt;/ink-text&gt;[39m
              [36m&lt;ink-text[39m
                [33mstyle[39m=[32m&quot;flex-grow: 0; flex-shrink: 1; flex-direction: row; text-wrap: wrap;&quot;[39m
              [36m&gt;[39m
                [0m[[0m
              [36m&lt;/ink-text&gt;[39m
              [36m&lt;ink-text[39m
                [33mstyle[39m=[32m&quot;flex-grow: 0; flex-shrink: 1; flex-direction: row; text-wrap: wrap;&quot;[39m
              [36m&gt;[39m
                [0mmem-002[0m
              [36m&lt;/ink-text&gt;[39m
              [36m&lt;ink-text[39m
                [33mstyle[39m=[32m&quot;flex-grow: 0; flex-shrink: 1; flex-direction: row; text-wrap: wrap;&quot;[39m
              [36m&gt;[39m
                [0m] [0m
              [36m&lt;/ink-text&gt;[39m
              [36m&lt;ink-text[39m
                [33mstyle[39m=[32m&quot;flex-grow: 0; flex-shrink: 1; flex-direction: row; text-wrap: wrap;&quot;[39m
              [36m&gt;[39m
                [0mシナプス記憶システムのPhase 2実装完了[0m
              [36m&lt;/ink-text&gt;[39m
            [36m&lt;/ink-box&gt;[39m
            [36m&lt;ink-box[39m
              [33mstyle[39m=[32m&quot;flex-wrap: nowrap; flex-direction: row; flex-grow: 0; flex-shrink: 1; overflow-x: visible; overflow-y: visible;&quot;[39m
            [36m&gt;[39m
              [36m&lt;ink-text[39m
                [33mstyle[39m=[32m&quot;flex-grow: 0; flex-shrink: 1; flex-direction: row; text-wrap: wrap;&quot;[39m
              [36m&gt;[39m
                [0m  [0m
              [36m&lt;/ink-text&gt;[39m
              [36m&lt;ink-text[39m
                [33mstyle[39m=[32m&quot;flex-grow: 0; flex-shrink: 1; flex-direction: row; text-wrap: wrap;&quot;[39m
              [36m&gt;[39m
                [0m[[0m
              [36m&lt;/ink-text&gt;[39m
              [36m&lt;ink-text[39m
                [33mstyle[39m=[32m&quot;flex-grow: 0; flex-shrink: 1; flex-direction: row; text-wrap: wrap;&quot;[39m
              [36m&gt;[39m
                [0mmem-003[0m
              [36m&lt;/ink-text&gt;[39m
              [36m&lt;ink-text[39m
                [33mstyle[39m=[32m&quot;flex-grow: 0; flex-shrink: 1; flex-direction: row; text-wrap: wrap;&quot;[39m
              [36m&gt;[39m
                [0m] [0m
              [36m&lt;/ink-text&gt;[39m
              [36m&lt;ink-text[39m
                [33mstyle[39m=[32m&quot;flex-grow: 0; flex-shrink: 1; flex-direction: row; text-wrap: wrap;&quot;[39m
              [36m&gt;[39m
                [0mRESTful API設計とエンドポイント定義[0m
              [36m&lt;/ink-text&gt;[39m
            [36m&lt;/ink-box&gt;[39m
          [36m&lt;/ink-box&gt;[39m
          [36m&lt;ink-box[39m
            [33mstyle[39m=[32m&quot;flex-wrap: nowrap; flex-direction: row; flex-grow: 0; flex-shrink: 1; margin-top: 1px; border-color: rgb(108, 112, 134); padding: 1px; overflow-x: visible; overflow-y: visible;&quot;[39m
          [36m&gt;[39m
            [36m&lt;ink-box[39m
              [33mstyle[39m=[32m&quot;flex-wrap: nowrap; flex-direction: column; flex-grow: 0; flex-shrink: 1; overflow-x: visible; overflow-y: visible;&quot;[39m
            [36m&gt;[39m
              [36m&lt;ink-text[39m
                [33mstyle[39m=[32m&quot;flex-grow: 0; flex-shrink: 1; flex-direction: row; text-wrap: wrap;&quot;[39m
              [36m&gt;[39m
                [0m詳細:[0m
              [36m&lt;/ink-text&gt;[39m
              [36m&lt;ink-text[39m
                [33mstyle[39m=[32m&quot;flex-grow: 0; flex-shrink: 1; flex-direction: row; text-wrap: wrap;&quot;[39m
              [36m&gt;[39m
                [0mID: [0m
                [0mmem-001[0m
              [36m&lt;/ink-text&gt;[39m
              [36m&lt;ink-text[39m
                [33mstyle[39m=[32m&quot;flex-grow: 0; flex-shrink: 1; flex-direction: row; text-wrap: wrap;&quot;[39m
              [36m&gt;[39m
                [0mアクセス数: [0m
                [0m15[0m
              [36m&lt;/ink-text&gt;[39m
              [36m&lt;ink-text[39m
                [33mstyle[39m=[32m&quot;flex-grow: 0; flex-shrink: 1; flex-direction: row; text-wrap: wrap;&quot;[39m
              [36m&gt;[39m
                [0m成功率: [0m
                [0m92.0[0m
                [0m%[0m
              [36m&lt;/ink-text&gt;[39m
              [36m&lt;ink-text[39m
                [33mstyle[39m=[32m&quot;flex-grow: 0; flex-shrink: 1; flex-direction: row; text-wrap: wrap;&quot;[39m
              [36m&gt;[39m
                [0mタグ: [0m
                [0mgpt5, prompting, analysis[0m
              [36m&lt;/ink-text&gt;[39m
            [36m&lt;/ink-box&gt;[39m
          [36m&lt;/ink-box&gt;[39m
        [36m&lt;/ink-box&gt;[39m
      [36m&lt;/ink-box&gt;[39m
      [36m&lt;ink-box[39m
        [33mstyle[39m=[32m&quot;flex-wrap: nowrap; flex-direction: row; flex-grow: 0; flex-shrink: 1; margin-top: 1px; border-color: rgb(108, 112, 134); padding: 1px; overflow-x: visible; overflow-y: visible;&quot;[39m
      [36m&gt;[39m
        [36m&lt;ink-text[39m
          [33mstyle[39m=[32m&quot;flex-grow: 0; flex-shrink: 1; flex-direction: row; text-wrap: wrap;&quot;[39m
        [36m&gt;[39m
          [0mTab: タブ切替 | ↑↓: 記憶選択 | q: 終了[0m
        [36m&lt;/ink-text&gt;[39m
      [36m&lt;/ink-box&gt;[39m
    [36m&lt;/ink-box&gt;[39m
  [36m&lt;/div&gt;[39m
[36m&lt;/body&gt;[39m" type="TestingLibraryElementError">
TestingLibraryElementError: Unable to find an element with the text: Health. This could be because the text is broken up by multiple elements. In this case, you can provide a function for your text matcher to make your matcher more flexible.

Ignored nodes: comments, script, style
&lt;body&gt;
  &lt;div&gt;
    &lt;ink-box
      style=&quot;flex-wrap: nowrap; flex-direction: column; flex-grow: 0; flex-shrink: 1; width: 52px; height: 20px; padding: 1px; overflow-x: visible; overflow-y: visible;&quot;
    &gt;
      &lt;ink-box
        style=&quot;flex-wrap: nowrap; flex-direction: row; flex-grow: 0; flex-shrink: 1; margin-bottom: 1px; overflow-x: visible; overflow-y: visible;&quot;
      &gt;
        &lt;ink-text
          style=&quot;flex-grow: 0; flex-shrink: 1; flex-direction: row; text-wrap: wrap;&quot;
        &gt;
          シナプス記憶システム ダッシュボード
        &lt;/ink-text&gt;
      &lt;/ink-box&gt;
      &lt;ink-box
        style=&quot;flex-wrap: nowrap; flex-direction: row; flex-grow: 0; flex-shrink: 1; margin-bottom: 1px; overflow-x: visible; overflow-y: visible;&quot;
      &gt;
        &lt;ink-box
          style=&quot;flex-wrap: nowrap; flex-direction: row; flex-grow: 0; flex-shrink: 1; margin-right: 2px; overflow-x: visible; overflow-y: visible;&quot;
        &gt;
          &lt;ink-text
            style=&quot;flex-grow: 0; flex-shrink: 1; flex-direction: row; text-wrap: wrap;&quot;
          &gt;
            [
            1
            ] 
            記憶一覧
          &lt;/ink-text&gt;
        &lt;/ink-box&gt;
        &lt;ink-box
          style=&quot;flex-wrap: nowrap; flex-direction: row; flex-grow: 0; flex-shrink: 1; margin-right: 2px; overflow-x: visible; overflow-y: visible;&quot;
        &gt;
          &lt;ink-text
            style=&quot;flex-grow: 0; flex-shrink: 1; flex-direction: row; text-wrap: wrap;&quot;
          &gt;
            [
            2
            ] 
            シナプス結合
          &lt;/ink-text&gt;
        &lt;/ink-box&gt;
        &lt;ink-box
          style=&quot;flex-wrap: nowrap; flex-direction: row; flex-grow: 0; flex-shrink: 1; margin-right: 2px; overflow-x: visible; overflow-y: visible;&quot;
        &gt;
          &lt;ink-text
            style=&quot;flex-grow: 0; flex-shrink: 1; flex-direction: row; text-wrap: wrap;&quot;
          &gt;
            [
            3
            ] 
            ネットワーク診断
          &lt;/ink-text&gt;
        &lt;/ink-box&gt;
        &lt;ink-box
          style=&quot;flex-wrap: nowrap; flex-direction: row; flex-grow: 0; flex-shrink: 1; margin-right: 2px; overflow-x: visible; overflow-y: visible;&quot;
        &gt;
          &lt;ink-text
            style=&quot;flex-grow: 0; flex-shrink: 1; flex-direction: row; text-wrap: wrap;&quot;
          &gt;
            [
            4
            ] 
            設定
          &lt;/ink-text&gt;
        &lt;/ink-box&gt;
      &lt;/ink-box&gt;
      &lt;ink-box
        style=&quot;flex-wrap: nowrap; flex-direction: row; flex-grow: 1; flex-shrink: 1; overflow: hidden; overflow-x: hidden; overflow-y: hidden;&quot;
      &gt;
        &lt;ink-box
          style=&quot;flex-wrap: nowrap; flex-direction: column; flex-grow: 1; flex-shrink: 1; overflow-x: visible; overflow-y: visible;&quot;
        &gt;
          &lt;ink-box
            style=&quot;flex-wrap: nowrap; flex-direction: row; flex-grow: 0; flex-shrink: 1; margin-bottom: 1px; overflow-x: visible; overflow-y: visible;&quot;
          &gt;
            &lt;ink-text
              style=&quot;flex-grow: 0; flex-shrink: 1; flex-direction: row; text-wrap: wrap;&quot;
            &gt;
              記憶一覧 (
              3
              件)
            &lt;/ink-text&gt;
          &lt;/ink-box&gt;
          &lt;ink-box
            style=&quot;flex-wrap: nowrap; flex-direction: column; flex-grow: 0; flex-shrink: 0; width: 48px; overflow-x: visible; overflow-y: visible;&quot;
          &gt;
            &lt;ink-box
              style=&quot;flex-wrap: nowrap; flex-direction: row; flex-grow: 0; flex-shrink: 1; overflow-x: visible; overflow-y: visible;&quot;
            &gt;
              &lt;ink-text
                style=&quot;flex-grow: 0; flex-shrink: 1; flex-direction: row; text-wrap: wrap;&quot;
              &gt;
                ► 
              &lt;/ink-text&gt;
              &lt;ink-text
                style=&quot;flex-grow: 0; flex-shrink: 1; flex-direction: row; text-wrap: wrap;&quot;
              &gt;
                [
              &lt;/ink-text&gt;
              &lt;ink-text
                style=&quot;flex-grow: 0; flex-shrink: 1; flex-direction: row; text-wrap: wrap;&quot;
              &gt;
                mem-001
              &lt;/ink-text&gt;
              &lt;ink-text
                style=&quot;flex-grow: 0; flex-shrink: 1; flex-direction: row; text-wrap: wrap;&quot;
              &gt;
                ] 
              &lt;/ink-text&gt;
              &lt;ink-text
                style=&quot;flex-grow: 0; flex-shrink: 1; flex-direction: row; text-wrap: wrap;&quot;
              &gt;
                GPT-5プロンプトガイドの分析結果
              &lt;/ink-text&gt;
            &lt;/ink-box&gt;
            &lt;ink-box
              style=&quot;flex-wrap: nowrap; flex-direction: row; flex-grow: 0; flex-shrink: 1; overflow-x: visible; overflow-y: visible;&quot;
            &gt;
              &lt;ink-text
                style=&quot;flex-grow: 0; flex-shrink: 1; flex-direction: row; text-wrap: wrap;&quot;
              &gt;
                  
              &lt;/ink-text&gt;
              &lt;ink-text
                style=&quot;flex-grow: 0; flex-shrink: 1; flex-direction: row; text-wrap: wrap;&quot;
              &gt;
                [
              &lt;/ink-text&gt;
              &lt;ink-text
                style=&quot;flex-grow: 0; flex-shrink: 1; flex-direction: row; text-wrap: wrap;&quot;
              &gt;
                mem-002
              &lt;/ink-text&gt;
              &lt;ink-text
                style=&quot;flex-grow: 0; flex-shrink: 1; flex-direction: row; text-wrap: wrap;&quot;
              &gt;
                ] 
              &lt;/ink-text&gt;
              &lt;ink-text
                style=&quot;flex-grow: 0; flex-shrink: 1; flex-direction: row; text-wrap: wrap;&quot;
              &gt;
                シナプス記憶システムのPhase 2実装完了
              &lt;/ink-text&gt;
            &lt;/ink-box&gt;
            &lt;ink-box
              style=&quot;flex-wrap: nowrap; flex-direction: row; flex-grow: 0; flex-shrink: 1; overflow-x: visible; overflow-y: visible;&quot;
            &gt;
              &lt;ink-text
                style=&quot;flex-grow: 0; flex-shrink: 1; flex-direction: row; text-wrap: wrap;&quot;
              &gt;
                  
              &lt;/ink-text&gt;
              &lt;ink-text
                style=&quot;flex-grow: 0; flex-shrink: 1; flex-direction: row; text-wrap: wrap;&quot;
              &gt;
                [
              &lt;/ink-text&gt;
              &lt;ink-text
                style=&quot;flex-grow: 0; flex-shrink: 1; flex-direction: row; text-wrap: wrap;&quot;
              &gt;
                mem-003
              &lt;/ink-text&gt;
              &lt;ink-text
                style=&quot;flex-grow: 0; flex-shrink: 1; flex-direction: row; text-wrap: wrap;&quot;
              &gt;
                ] 
              &lt;/ink-text&gt;
              &lt;ink-text
                style=&quot;flex-grow: 0; flex-shrink: 1; flex-direction: row; text-wrap: wrap;&quot;
              &gt;
                RESTful API設計とエンドポイント定義
              &lt;/ink-text&gt;
            &lt;/ink-box&gt;
          &lt;/ink-box&gt;
          &lt;ink-box
            style=&quot;flex-wrap: nowrap; flex-direction: row; flex-grow: 0; flex-shrink: 1; margin-top: 1px; border-color: rgb(108, 112, 134); padding: 1px; overflow-x: visible; overflow-y: visible;&quot;
          &gt;
            &lt;ink-box
              style=&quot;flex-wrap: nowrap; flex-direction: column; flex-grow: 0; flex-shrink: 1; overflow-x: visible; overflow-y: visible;&quot;
            &gt;
              &lt;ink-text
                style=&quot;flex-grow: 0; flex-shrink: 1; flex-direction: row; text-wrap: wrap;&quot;
              &gt;
                詳細:
              &lt;/ink-text&gt;
              &lt;ink-text
                style=&quot;flex-grow: 0; flex-shrink: 1; flex-direction: row; text-wrap: wrap;&quot;
              &gt;
                ID: 
                mem-001
              &lt;/ink-text&gt;
              &lt;ink-text
                style=&quot;flex-grow: 0; flex-shrink: 1; flex-direction: row; text-wrap: wrap;&quot;
              &gt;
                アクセス数: 
                15
              &lt;/ink-text&gt;
              &lt;ink-text
                style=&quot;flex-grow: 0; flex-shrink: 1; flex-direction: row; text-wrap: wrap;&quot;
              &gt;
                成功率: 
                92.0
                %
              &lt;/ink-text&gt;
              &lt;ink-text
                style=&quot;flex-grow: 0; flex-shrink: 1; flex-direction: row; text-wrap: wrap;&quot;
              &gt;
                タグ: 
                gpt5, prompting, analysis
              &lt;/ink-text&gt;
            &lt;/ink-box&gt;
          &lt;/ink-box&gt;
        &lt;/ink-box&gt;
      &lt;/ink-box&gt;
      &lt;ink-box
        style=&quot;flex-wrap: nowrap; flex-direction: row; flex-grow: 0; flex-shrink: 1; margin-top: 1px; border-color: rgb(108, 112, 134); padding: 1px; overflow-x: visible; overflow-y: visible;&quot;
      &gt;
        &lt;ink-text
          style=&quot;flex-grow: 0; flex-shrink: 1; flex-direction: row; text-wrap: wrap;&quot;
        &gt;
          Tab: タブ切替 | ↑↓: 記憶選択 | q: 終了
        &lt;/ink-text&gt;
      &lt;/ink-box&gt;
    &lt;/ink-box&gt;
  &lt;/div&gt;
&lt;/body&gt;
 ❯ Object.getElementError node_modules/@testing-library/dom/dist/config.js:37:19
 ❯ node_modules/@testing-library/dom/dist/query-helpers.js:76:38
 ❯ node_modules/@testing-library/dom/dist/query-helpers.js:52:17
 ❯ node_modules/@testing-library/dom/dist/query-helpers.js:95:19
 ❯ src/ui/components/SynapticMemoryDashboard.test.tsx:140:28
            </failure>
        </testcase>
        <testcase classname="src/ui/components/SynapticMemoryDashboard.test.tsx" name="SynapticMemoryDashboard &gt; Configタブで設定が表示されること" time="0.012506875">
            <failure message="Unable to find an element with the text: Config. This could be because the text is broken up by multiple elements. In this case, you can provide a function for your text matcher to make your matcher more flexible.

Ignored nodes: comments, script, style
[36m&lt;body&gt;[39m
  [36m&lt;div&gt;[39m
    [36m&lt;ink-box[39m
      [33mstyle[39m=[32m&quot;flex-wrap: nowrap; flex-direction: column; flex-grow: 0; flex-shrink: 1; width: 52px; height: 20px; padding: 1px; overflow-x: visible; overflow-y: visible;&quot;[39m
    [36m&gt;[39m
      [36m&lt;ink-box[39m
        [33mstyle[39m=[32m&quot;flex-wrap: nowrap; flex-direction: row; flex-grow: 0; flex-shrink: 1; margin-bottom: 1px; overflow-x: visible; overflow-y: visible;&quot;[39m
      [36m&gt;[39m
        [36m&lt;ink-text[39m
          [33mstyle[39m=[32m&quot;flex-grow: 0; flex-shrink: 1; flex-direction: row; text-wrap: wrap;&quot;[39m
        [36m&gt;[39m
          [0mシナプス記憶システム ダッシュボード[0m
        [36m&lt;/ink-text&gt;[39m
      [36m&lt;/ink-box&gt;[39m
      [36m&lt;ink-box[39m
        [33mstyle[39m=[32m&quot;flex-wrap: nowrap; flex-direction: row; flex-grow: 0; flex-shrink: 1; margin-bottom: 1px; overflow-x: visible; overflow-y: visible;&quot;[39m
      [36m&gt;[39m
        [36m&lt;ink-box[39m
          [33mstyle[39m=[32m&quot;flex-wrap: nowrap; flex-direction: row; flex-grow: 0; flex-shrink: 1; margin-right: 2px; overflow-x: visible; overflow-y: visible;&quot;[39m
        [36m&gt;[39m
          [36m&lt;ink-text[39m
            [33mstyle[39m=[32m&quot;flex-grow: 0; flex-shrink: 1; flex-direction: row; text-wrap: wrap;&quot;[39m
          [36m&gt;[39m
            [0m[[0m
            [0m1[0m
            [0m] [0m
            [0m記憶一覧[0m
          [36m&lt;/ink-text&gt;[39m
        [36m&lt;/ink-box&gt;[39m
        [36m&lt;ink-box[39m
          [33mstyle[39m=[32m&quot;flex-wrap: nowrap; flex-direction: row; flex-grow: 0; flex-shrink: 1; margin-right: 2px; overflow-x: visible; overflow-y: visible;&quot;[39m
        [36m&gt;[39m
          [36m&lt;ink-text[39m
            [33mstyle[39m=[32m&quot;flex-grow: 0; flex-shrink: 1; flex-direction: row; text-wrap: wrap;&quot;[39m
          [36m&gt;[39m
            [0m[[0m
            [0m2[0m
            [0m] [0m
            [0mシナプス結合[0m
          [36m&lt;/ink-text&gt;[39m
        [36m&lt;/ink-box&gt;[39m
        [36m&lt;ink-box[39m
          [33mstyle[39m=[32m&quot;flex-wrap: nowrap; flex-direction: row; flex-grow: 0; flex-shrink: 1; margin-right: 2px; overflow-x: visible; overflow-y: visible;&quot;[39m
        [36m&gt;[39m
          [36m&lt;ink-text[39m
            [33mstyle[39m=[32m&quot;flex-grow: 0; flex-shrink: 1; flex-direction: row; text-wrap: wrap;&quot;[39m
          [36m&gt;[39m
            [0m[[0m
            [0m3[0m
            [0m] [0m
            [0mネットワーク診断[0m
          [36m&lt;/ink-text&gt;[39m
        [36m&lt;/ink-box&gt;[39m
        [36m&lt;ink-box[39m
          [33mstyle[39m=[32m&quot;flex-wrap: nowrap; flex-direction: row; flex-grow: 0; flex-shrink: 1; margin-right: 2px; overflow-x: visible; overflow-y: visible;&quot;[39m
        [36m&gt;[39m
          [36m&lt;ink-text[39m
            [33mstyle[39m=[32m&quot;flex-grow: 0; flex-shrink: 1; flex-direction: row; text-wrap: wrap;&quot;[39m
          [36m&gt;[39m
            [0m[[0m
            [0m4[0m
            [0m] [0m
            [0m設定[0m
          [36m&lt;/ink-text&gt;[39m
        [36m&lt;/ink-box&gt;[39m
      [36m&lt;/ink-box&gt;[39m
      [36m&lt;ink-box[39m
        [33mstyle[39m=[32m&quot;flex-wrap: nowrap; flex-direction: row; flex-grow: 1; flex-shrink: 1; overflow: hidden; overflow-x: hidden; overflow-y: hidden;&quot;[39m
      [36m&gt;[39m
        [36m&lt;ink-box[39m
          [33mstyle[39m=[32m&quot;flex-wrap: nowrap; flex-direction: column; flex-grow: 1; flex-shrink: 1; overflow-x: visible; overflow-y: visible;&quot;[39m
        [36m&gt;[39m
          [36m&lt;ink-box[39m
            [33mstyle[39m=[32m&quot;flex-wrap: nowrap; flex-direction: row; flex-grow: 0; flex-shrink: 1; margin-bottom: 1px; overflow-x: visible; overflow-y: visible;&quot;[39m
          [36m&gt;[39m
            [36m&lt;ink-text[39m
              [33mstyle[39m=[32m&quot;flex-grow: 0; flex-shrink: 1; flex-direction: row; text-wrap: wrap;&quot;[39m
            [36m&gt;[39m
              [0m記憶一覧 ([0m
              [0m3[0m
              [0m件)[0m
            [36m&lt;/ink-text&gt;[39m
          [36m&lt;/ink-box&gt;[39m
          [36m&lt;ink-box[39m
            [33mstyle[39m=[32m&quot;flex-wrap: nowrap; flex-direction: column; flex-grow: 0; flex-shrink: 0; width: 48px; overflow-x: visible; overflow-y: visible;&quot;[39m
          [36m&gt;[39m
            [36m&lt;ink-box[39m
              [33mstyle[39m=[32m&quot;flex-wrap: nowrap; flex-direction: row; flex-grow: 0; flex-shrink: 1; overflow-x: visible; overflow-y: visible;&quot;[39m
            [36m&gt;[39m
              [36m&lt;ink-text[39m
                [33mstyle[39m=[32m&quot;flex-grow: 0; flex-shrink: 1; flex-direction: row; text-wrap: wrap;&quot;[39m
              [36m&gt;[39m
                [0m► [0m
              [36m&lt;/ink-text&gt;[39m
              [36m&lt;ink-text[39m
                [33mstyle[39m=[32m&quot;flex-grow: 0; flex-shrink: 1; flex-direction: row; text-wrap: wrap;&quot;[39m
              [36m&gt;[39m
                [0m[[0m
              [36m&lt;/ink-text&gt;[39m
              [36m&lt;ink-text[39m
                [33mstyle[39m=[32m&quot;flex-grow: 0; flex-shrink: 1; flex-direction: row; text-wrap: wrap;&quot;[39m
              [36m&gt;[39m
                [0mmem-001[0m
              [36m&lt;/ink-text&gt;[39m
              [36m&lt;ink-text[39m
                [33mstyle[39m=[32m&quot;flex-grow: 0; flex-shrink: 1; flex-direction: row; text-wrap: wrap;&quot;[39m
              [36m&gt;[39m
                [0m] [0m
              [36m&lt;/ink-text&gt;[39m
              [36m&lt;ink-text[39m
                [33mstyle[39m=[32m&quot;flex-grow: 0; flex-shrink: 1; flex-direction: row; text-wrap: wrap;&quot;[39m
              [36m&gt;[39m
                [0mGPT-5プロンプトガイドの分析結果[0m
              [36m&lt;/ink-text&gt;[39m
            [36m&lt;/ink-box&gt;[39m
            [36m&lt;ink-box[39m
              [33mstyle[39m=[32m&quot;flex-wrap: nowrap; flex-direction: row; flex-grow: 0; flex-shrink: 1; overflow-x: visible; overflow-y: visible;&quot;[39m
            [36m&gt;[39m
              [36m&lt;ink-text[39m
                [33mstyle[39m=[32m&quot;flex-grow: 0; flex-shrink: 1; flex-direction: row; text-wrap: wrap;&quot;[39m
              [36m&gt;[39m
                [0m  [0m
              [36m&lt;/ink-text&gt;[39m
              [36m&lt;ink-text[39m
                [33mstyle[39m=[32m&quot;flex-grow: 0; flex-shrink: 1; flex-direction: row; text-wrap: wrap;&quot;[39m
              [36m&gt;[39m
                [0m[[0m
              [36m&lt;/ink-text&gt;[39m
              [36m&lt;ink-text[39m
                [33mstyle[39m=[32m&quot;flex-grow: 0; flex-shrink: 1; flex-direction: row; text-wrap: wrap;&quot;[39m
              [36m&gt;[39m
                [0mmem-002[0m
              [36m&lt;/ink-text&gt;[39m
              [36m&lt;ink-text[39m
                [33mstyle[39m=[32m&quot;flex-grow: 0; flex-shrink: 1; flex-direction: row; text-wrap: wrap;&quot;[39m
              [36m&gt;[39m
                [0m] [0m
              [36m&lt;/ink-text&gt;[39m
              [36m&lt;ink-text[39m
                [33mstyle[39m=[32m&quot;flex-grow: 0; flex-shrink: 1; flex-direction: row; text-wrap: wrap;&quot;[39m
              [36m&gt;[39m
                [0mシナプス記憶システムのPhase 2実装完了[0m
              [36m&lt;/ink-text&gt;[39m
            [36m&lt;/ink-box&gt;[39m
            [36m&lt;ink-box[39m
              [33mstyle[39m=[32m&quot;flex-wrap: nowrap; flex-direction: row; flex-grow: 0; flex-shrink: 1; overflow-x: visible; overflow-y: visible;&quot;[39m
            [36m&gt;[39m
              [36m&lt;ink-text[39m
                [33mstyle[39m=[32m&quot;flex-grow: 0; flex-shrink: 1; flex-direction: row; text-wrap: wrap;&quot;[39m
              [36m&gt;[39m
                [0m  [0m
              [36m&lt;/ink-text&gt;[39m
              [36m&lt;ink-text[39m
                [33mstyle[39m=[32m&quot;flex-grow: 0; flex-shrink: 1; flex-direction: row; text-wrap: wrap;&quot;[39m
              [36m&gt;[39m
                [0m[[0m
              [36m&lt;/ink-text&gt;[39m
              [36m&lt;ink-text[39m
                [33mstyle[39m=[32m&quot;flex-grow: 0; flex-shrink: 1; flex-direction: row; text-wrap: wrap;&quot;[39m
              [36m&gt;[39m
                [0mmem-003[0m
              [36m&lt;/ink-text&gt;[39m
              [36m&lt;ink-text[39m
                [33mstyle[39m=[32m&quot;flex-grow: 0; flex-shrink: 1; flex-direction: row; text-wrap: wrap;&quot;[39m
              [36m&gt;[39m
                [0m] [0m
              [36m&lt;/ink-text&gt;[39m
              [36m&lt;ink-text[39m
                [33mstyle[39m=[32m&quot;flex-grow: 0; flex-shrink: 1; flex-direction: row; text-wrap: wrap;&quot;[39m
              [36m&gt;[39m
                [0mRESTful API設計とエンドポイント定義[0m
              [36m&lt;/ink-text&gt;[39m
            [36m&lt;/ink-box&gt;[39m
          [36m&lt;/ink-box&gt;[39m
          [36m&lt;ink-box[39m
            [33mstyle[39m=[32m&quot;flex-wrap: nowrap; flex-direction: row; flex-grow: 0; flex-shrink: 1; margin-top: 1px; border-color: rgb(108, 112, 134); padding: 1px; overflow-x: visible; overflow-y: visible;&quot;[39m
          [36m&gt;[39m
            [36m&lt;ink-box[39m
              [33mstyle[39m=[32m&quot;flex-wrap: nowrap; flex-direction: column; flex-grow: 0; flex-shrink: 1; overflow-x: visible; overflow-y: visible;&quot;[39m
            [36m&gt;[39m
              [36m&lt;ink-text[39m
                [33mstyle[39m=[32m&quot;flex-grow: 0; flex-shrink: 1; flex-direction: row; text-wrap: wrap;&quot;[39m
              [36m&gt;[39m
                [0m詳細:[0m
              [36m&lt;/ink-text&gt;[39m
              [36m&lt;ink-text[39m
                [33mstyle[39m=[32m&quot;flex-grow: 0; flex-shrink: 1; flex-direction: row; text-wrap: wrap;&quot;[39m
              [36m&gt;[39m
                [0mID: [0m
                [0mmem-001[0m
              [36m&lt;/ink-text&gt;[39m
              [36m&lt;ink-text[39m
                [33mstyle[39m=[32m&quot;flex-grow: 0; flex-shrink: 1; flex-direction: row; text-wrap: wrap;&quot;[39m
              [36m&gt;[39m
                [0mアクセス数: [0m
                [0m15[0m
              [36m&lt;/ink-text&gt;[39m
              [36m&lt;ink-text[39m
                [33mstyle[39m=[32m&quot;flex-grow: 0; flex-shrink: 1; flex-direction: row; text-wrap: wrap;&quot;[39m
              [36m&gt;[39m
                [0m成功率: [0m
                [0m92.0[0m
                [0m%[0m
              [36m&lt;/ink-text&gt;[39m
              [36m&lt;ink-text[39m
                [33mstyle[39m=[32m&quot;flex-grow: 0; flex-shrink: 1; flex-direction: row; text-wrap: wrap;&quot;[39m
              [36m&gt;[39m
                [0mタグ: [0m
                [0mgpt5, prompting, analysis[0m
              [36m&lt;/ink-text&gt;[39m
            [36m&lt;/ink-box&gt;[39m
          [36m&lt;/ink-box&gt;[39m
        [36m&lt;/ink-box&gt;[39m
      [36m&lt;/ink-box&gt;[39m
      [36m&lt;ink-box[39m
        [33mstyle[39m=[32m&quot;flex-wrap: nowrap; flex-direction: row; flex-grow: 0; flex-shrink: 1; margin-top: 1px; border-color: rgb(108, 112, 134); padding: 1px; overflow-x: visible; overflow-y: visible;&quot;[39m
      [36m&gt;[39m
        [36m&lt;ink-text[39m
          [33mstyle[39m=[32m&quot;flex-grow: 0; flex-shrink: 1; flex-direction: row; text-wrap: wrap;&quot;[39m
        [36m&gt;[39m
          [0mTab: タブ切替 | ↑↓: 記憶選択 | q: 終了[0m
        [36m&lt;/ink-text&gt;[39m
      [36m&lt;/ink-box&gt;[39m
    [36m&lt;/ink-box&gt;[39m
  [36m&lt;/div&gt;[39m
[36m&lt;/body&gt;[39m" type="TestingLibraryElementError">
TestingLibraryElementError: Unable to find an element with the text: Config. This could be because the text is broken up by multiple elements. In this case, you can provide a function for your text matcher to make your matcher more flexible.

Ignored nodes: comments, script, style
&lt;body&gt;
  &lt;div&gt;
    &lt;ink-box
      style=&quot;flex-wrap: nowrap; flex-direction: column; flex-grow: 0; flex-shrink: 1; width: 52px; height: 20px; padding: 1px; overflow-x: visible; overflow-y: visible;&quot;
    &gt;
      &lt;ink-box
        style=&quot;flex-wrap: nowrap; flex-direction: row; flex-grow: 0; flex-shrink: 1; margin-bottom: 1px; overflow-x: visible; overflow-y: visible;&quot;
      &gt;
        &lt;ink-text
          style=&quot;flex-grow: 0; flex-shrink: 1; flex-direction: row; text-wrap: wrap;&quot;
        &gt;
          シナプス記憶システム ダッシュボード
        &lt;/ink-text&gt;
      &lt;/ink-box&gt;
      &lt;ink-box
        style=&quot;flex-wrap: nowrap; flex-direction: row; flex-grow: 0; flex-shrink: 1; margin-bottom: 1px; overflow-x: visible; overflow-y: visible;&quot;
      &gt;
        &lt;ink-box
          style=&quot;flex-wrap: nowrap; flex-direction: row; flex-grow: 0; flex-shrink: 1; margin-right: 2px; overflow-x: visible; overflow-y: visible;&quot;
        &gt;
          &lt;ink-text
            style=&quot;flex-grow: 0; flex-shrink: 1; flex-direction: row; text-wrap: wrap;&quot;
          &gt;
            [
            1
            ] 
            記憶一覧
          &lt;/ink-text&gt;
        &lt;/ink-box&gt;
        &lt;ink-box
          style=&quot;flex-wrap: nowrap; flex-direction: row; flex-grow: 0; flex-shrink: 1; margin-right: 2px; overflow-x: visible; overflow-y: visible;&quot;
        &gt;
          &lt;ink-text
            style=&quot;flex-grow: 0; flex-shrink: 1; flex-direction: row; text-wrap: wrap;&quot;
          &gt;
            [
            2
            ] 
            シナプス結合
          &lt;/ink-text&gt;
        &lt;/ink-box&gt;
        &lt;ink-box
          style=&quot;flex-wrap: nowrap; flex-direction: row; flex-grow: 0; flex-shrink: 1; margin-right: 2px; overflow-x: visible; overflow-y: visible;&quot;
        &gt;
          &lt;ink-text
            style=&quot;flex-grow: 0; flex-shrink: 1; flex-direction: row; text-wrap: wrap;&quot;
          &gt;
            [
            3
            ] 
            ネットワーク診断
          &lt;/ink-text&gt;
        &lt;/ink-box&gt;
        &lt;ink-box
          style=&quot;flex-wrap: nowrap; flex-direction: row; flex-grow: 0; flex-shrink: 1; margin-right: 2px; overflow-x: visible; overflow-y: visible;&quot;
        &gt;
          &lt;ink-text
            style=&quot;flex-grow: 0; flex-shrink: 1; flex-direction: row; text-wrap: wrap;&quot;
          &gt;
            [
            4
            ] 
            設定
          &lt;/ink-text&gt;
        &lt;/ink-box&gt;
      &lt;/ink-box&gt;
      &lt;ink-box
        style=&quot;flex-wrap: nowrap; flex-direction: row; flex-grow: 1; flex-shrink: 1; overflow: hidden; overflow-x: hidden; overflow-y: hidden;&quot;
      &gt;
        &lt;ink-box
          style=&quot;flex-wrap: nowrap; flex-direction: column; flex-grow: 1; flex-shrink: 1; overflow-x: visible; overflow-y: visible;&quot;
        &gt;
          &lt;ink-box
            style=&quot;flex-wrap: nowrap; flex-direction: row; flex-grow: 0; flex-shrink: 1; margin-bottom: 1px; overflow-x: visible; overflow-y: visible;&quot;
          &gt;
            &lt;ink-text
              style=&quot;flex-grow: 0; flex-shrink: 1; flex-direction: row; text-wrap: wrap;&quot;
            &gt;
              記憶一覧 (
              3
              件)
            &lt;/ink-text&gt;
          &lt;/ink-box&gt;
          &lt;ink-box
            style=&quot;flex-wrap: nowrap; flex-direction: column; flex-grow: 0; flex-shrink: 0; width: 48px; overflow-x: visible; overflow-y: visible;&quot;
          &gt;
            &lt;ink-box
              style=&quot;flex-wrap: nowrap; flex-direction: row; flex-grow: 0; flex-shrink: 1; overflow-x: visible; overflow-y: visible;&quot;
            &gt;
              &lt;ink-text
                style=&quot;flex-grow: 0; flex-shrink: 1; flex-direction: row; text-wrap: wrap;&quot;
              &gt;
                ► 
              &lt;/ink-text&gt;
              &lt;ink-text
                style=&quot;flex-grow: 0; flex-shrink: 1; flex-direction: row; text-wrap: wrap;&quot;
              &gt;
                [
              &lt;/ink-text&gt;
              &lt;ink-text
                style=&quot;flex-grow: 0; flex-shrink: 1; flex-direction: row; text-wrap: wrap;&quot;
              &gt;
                mem-001
              &lt;/ink-text&gt;
              &lt;ink-text
                style=&quot;flex-grow: 0; flex-shrink: 1; flex-direction: row; text-wrap: wrap;&quot;
              &gt;
                ] 
              &lt;/ink-text&gt;
              &lt;ink-text
                style=&quot;flex-grow: 0; flex-shrink: 1; flex-direction: row; text-wrap: wrap;&quot;
              &gt;
                GPT-5プロンプトガイドの分析結果
              &lt;/ink-text&gt;
            &lt;/ink-box&gt;
            &lt;ink-box
              style=&quot;flex-wrap: nowrap; flex-direction: row; flex-grow: 0; flex-shrink: 1; overflow-x: visible; overflow-y: visible;&quot;
            &gt;
              &lt;ink-text
                style=&quot;flex-grow: 0; flex-shrink: 1; flex-direction: row; text-wrap: wrap;&quot;
              &gt;
                  
              &lt;/ink-text&gt;
              &lt;ink-text
                style=&quot;flex-grow: 0; flex-shrink: 1; flex-direction: row; text-wrap: wrap;&quot;
              &gt;
                [
              &lt;/ink-text&gt;
              &lt;ink-text
                style=&quot;flex-grow: 0; flex-shrink: 1; flex-direction: row; text-wrap: wrap;&quot;
              &gt;
                mem-002
              &lt;/ink-text&gt;
              &lt;ink-text
                style=&quot;flex-grow: 0; flex-shrink: 1; flex-direction: row; text-wrap: wrap;&quot;
              &gt;
                ] 
              &lt;/ink-text&gt;
              &lt;ink-text
                style=&quot;flex-grow: 0; flex-shrink: 1; flex-direction: row; text-wrap: wrap;&quot;
              &gt;
                シナプス記憶システムのPhase 2実装完了
              &lt;/ink-text&gt;
            &lt;/ink-box&gt;
            &lt;ink-box
              style=&quot;flex-wrap: nowrap; flex-direction: row; flex-grow: 0; flex-shrink: 1; overflow-x: visible; overflow-y: visible;&quot;
            &gt;
              &lt;ink-text
                style=&quot;flex-grow: 0; flex-shrink: 1; flex-direction: row; text-wrap: wrap;&quot;
              &gt;
                  
              &lt;/ink-text&gt;
              &lt;ink-text
                style=&quot;flex-grow: 0; flex-shrink: 1; flex-direction: row; text-wrap: wrap;&quot;
              &gt;
                [
              &lt;/ink-text&gt;
              &lt;ink-text
                style=&quot;flex-grow: 0; flex-shrink: 1; flex-direction: row; text-wrap: wrap;&quot;
              &gt;
                mem-003
              &lt;/ink-text&gt;
              &lt;ink-text
                style=&quot;flex-grow: 0; flex-shrink: 1; flex-direction: row; text-wrap: wrap;&quot;
              &gt;
                ] 
              &lt;/ink-text&gt;
              &lt;ink-text
                style=&quot;flex-grow: 0; flex-shrink: 1; flex-direction: row; text-wrap: wrap;&quot;
              &gt;
                RESTful API設計とエンドポイント定義
              &lt;/ink-text&gt;
            &lt;/ink-box&gt;
          &lt;/ink-box&gt;
          &lt;ink-box
            style=&quot;flex-wrap: nowrap; flex-direction: row; flex-grow: 0; flex-shrink: 1; margin-top: 1px; border-color: rgb(108, 112, 134); padding: 1px; overflow-x: visible; overflow-y: visible;&quot;
          &gt;
            &lt;ink-box
              style=&quot;flex-wrap: nowrap; flex-direction: column; flex-grow: 0; flex-shrink: 1; overflow-x: visible; overflow-y: visible;&quot;
            &gt;
              &lt;ink-text
                style=&quot;flex-grow: 0; flex-shrink: 1; flex-direction: row; text-wrap: wrap;&quot;
              &gt;
                詳細:
              &lt;/ink-text&gt;
              &lt;ink-text
                style=&quot;flex-grow: 0; flex-shrink: 1; flex-direction: row; text-wrap: wrap;&quot;
              &gt;
                ID: 
                mem-001
              &lt;/ink-text&gt;
              &lt;ink-text
                style=&quot;flex-grow: 0; flex-shrink: 1; flex-direction: row; text-wrap: wrap;&quot;
              &gt;
                アクセス数: 
                15
              &lt;/ink-text&gt;
              &lt;ink-text
                style=&quot;flex-grow: 0; flex-shrink: 1; flex-direction: row; text-wrap: wrap;&quot;
              &gt;
                成功率: 
                92.0
                %
              &lt;/ink-text&gt;
              &lt;ink-text
                style=&quot;flex-grow: 0; flex-shrink: 1; flex-direction: row; text-wrap: wrap;&quot;
              &gt;
                タグ: 
                gpt5, prompting, analysis
              &lt;/ink-text&gt;
            &lt;/ink-box&gt;
          &lt;/ink-box&gt;
        &lt;/ink-box&gt;
      &lt;/ink-box&gt;
      &lt;ink-box
        style=&quot;flex-wrap: nowrap; flex-direction: row; flex-grow: 0; flex-shrink: 1; margin-top: 1px; border-color: rgb(108, 112, 134); padding: 1px; overflow-x: visible; overflow-y: visible;&quot;
      &gt;
        &lt;ink-text
          style=&quot;flex-grow: 0; flex-shrink: 1; flex-direction: row; text-wrap: wrap;&quot;
        &gt;
          Tab: タブ切替 | ↑↓: 記憶選択 | q: 終了
        &lt;/ink-text&gt;
      &lt;/ink-box&gt;
    &lt;/ink-box&gt;
  &lt;/div&gt;
&lt;/body&gt;
 ❯ Object.getElementError node_modules/@testing-library/dom/dist/config.js:37:19
 ❯ node_modules/@testing-library/dom/dist/query-helpers.js:76:38
 ❯ node_modules/@testing-library/dom/dist/query-helpers.js:52:17
 ❯ node_modules/@testing-library/dom/dist/query-helpers.js:95:19
 ❯ src/ui/components/SynapticMemoryDashboard.test.tsx:154:28
            </failure>
        </testcase>
        <testcase classname="src/ui/components/SynapticMemoryDashboard.test.tsx" name="SynapticMemoryDashboard &gt; Escキーでダッシュボードが閉じられること" time="1.027691959">
            <failure message="expected &quot;spy&quot; to be called at least once

Ignored nodes: comments, script, style
[36m&lt;html&gt;[39m
  [36m&lt;head /&gt;[39m
  [36m&lt;body&gt;[39m
    [36m&lt;div&gt;[39m
      [36m&lt;ink-box[39m
        [33mstyle[39m=[32m&quot;flex-wrap: nowrap; flex-direction: column; flex-grow: 0; flex-shrink: 1; width: 52px; height: 20px; padding: 1px; overflow-x: visible; overflow-y: visible;&quot;[39m
      [36m&gt;[39m
        [36m&lt;ink-box[39m
          [33mstyle[39m=[32m&quot;flex-wrap: nowrap; flex-direction: row; flex-grow: 0; flex-shrink: 1; margin-bottom: 1px; overflow-x: visible; overflow-y: visible;&quot;[39m
        [36m&gt;[39m
          [36m&lt;ink-text[39m
            [33mstyle[39m=[32m&quot;flex-grow: 0; flex-shrink: 1; flex-direction: row; text-wrap: wrap;&quot;[39m
          [36m&gt;[39m
            [0mシナプス記憶システム ダッシュボード[0m
          [36m&lt;/ink-text&gt;[39m
        [36m&lt;/ink-box&gt;[39m
        [36m&lt;ink-box[39m
          [33mstyle[39m=[32m&quot;flex-wrap: nowrap; flex-direction: row; flex-grow: 0; flex-shrink: 1; margin-bottom: 1px; overflow-x: visible; overflow-y: visible;&quot;[39m
        [36m&gt;[39m
          [36m&lt;ink-box[39m
            [33mstyle[39m=[32m&quot;flex-wrap: nowrap; flex-direction: row; flex-grow: 0; flex-shrink: 1; margin-right: 2px; overflow-x: visible; overflow-y: visible;&quot;[39m
          [36m&gt;[39m
            [36m&lt;ink-text[39m
              [33mstyle[39m=[32m&quot;flex-grow: 0; flex-shrink: 1; flex-direction: row; text-wrap: wrap;&quot;[39m
            [36m&gt;[39m
              [0m[[0m
              [0m1[0m
              [0m] [0m
              [0m記憶一覧[0m
            [36m&lt;/ink-text&gt;[39m
          [36m&lt;/ink-box&gt;[39m
          [36m&lt;ink-box[39m
            [33mstyle[39m=[32m&quot;flex-wrap: nowrap; flex-direction: row; flex-grow: 0; flex-shrink: 1; margin-right: 2px; overflow-x: visible; overflow-y: visible;&quot;[39m
          [36m&gt;[39m
            [36m&lt;ink-text[39m
              [33mstyle[39m=[32m&quot;flex-grow: 0; flex-shrink: 1; flex-direction: row; text-wrap: wrap;&quot;[39m
            [36m&gt;[39m
              [0m[[0m
              [0m2[0m
              [0m] [0m
              [0mシナプス結合[0m
            [36m&lt;/ink-text&gt;[39m
          [36m&lt;/ink-box&gt;[39m
          [36m&lt;ink-box[39m
            [33mstyle[39m=[32m&quot;flex-wrap: nowrap; flex-direction: row; flex-grow: 0; flex-shrink: 1; margin-right: 2px; overflow-x: visible; overflow-y: visible;&quot;[39m
          [36m&gt;[39m
            [36m&lt;ink-text[39m
              [33mstyle[39m=[32m&quot;flex-grow: 0; flex-shrink: 1; flex-direction: row; text-wrap: wrap;&quot;[39m
            [36m&gt;[39m
              [0m[[0m
              [0m3[0m
              [0m] [0m
              [0mネットワーク診断[0m
            [36m&lt;/ink-text&gt;[39m
          [36m&lt;/ink-box&gt;[39m
          [36m&lt;ink-box[39m
            [33mstyle[39m=[32m&quot;flex-wrap: nowrap; flex-direction: row; flex-grow: 0; flex-shrink: 1; margin-right: 2px; overflow-x: visible; overflow-y: visible;&quot;[39m
          [36m&gt;[39m
            [36m&lt;ink-text[39m
              [33mstyle[39m=[32m&quot;flex-grow: 0; flex-shrink: 1; flex-direction: row; text-wrap: wrap;&quot;[39m
            [36m&gt;[39m
              [0m[[0m
              [0m4[0m
              [0m] [0m
              [0m設定[0m
            [36m&lt;/ink-text&gt;[39m
          [36m&lt;/ink-box&gt;[39m
        [36m&lt;/ink-box&gt;[39m
        [36m&lt;ink-box[39m
          [33mstyle[39m=[32m&quot;flex-wrap: nowrap; flex-direction: row; flex-grow: 1; flex-shrink: 1; overflow: hidden; overflow-x: hidden; overflow-y: hidden;&quot;[39m
        [36m&gt;[39m
          [36m&lt;ink-box[39m
            [33mstyle[39m=[32m&quot;flex-wrap: nowrap; flex-direction: column; flex-grow: 1; flex-shrink: 1; overflow-x: visible; overflow-y: visible;&quot;[39m
          [36m&gt;[39m
            [36m&lt;ink-box[39m
              [33mstyle[39m=[32m&quot;flex-wrap: nowrap; flex-direction: row; flex-grow: 0; flex-shrink: 1; margin-bottom: 1px; overflow-x: visible; overflow-y: visible;&quot;[39m
            [36m&gt;[39m
              [36m&lt;ink-text[39m
                [33mstyle[39m=[32m&quot;flex-grow: 0; flex-shrink: 1; flex-direction: row; text-wrap: wrap;&quot;[39m
              [36m&gt;[39m
                [0m記憶一覧 ([0m
                [0m3[0m
                [0m件)[0m
              [36m&lt;/ink-text&gt;[39m
            [36m&lt;/ink-box&gt;[39m
            [36m&lt;ink-box[39m
              [33mstyle[39m=[32m&quot;flex-wrap: nowrap; flex-direction: column; flex-grow: 0; flex-shrink: 0; width: 48px; overflow-x: visible; overflow-y: visible;&quot;[39m
            [36m&gt;[39m
              [36m&lt;ink-box[39m
                [33mstyle[39m=[32m&quot;flex-wrap: nowrap; flex-direction: row; flex-grow: 0; flex-shrink: 1; overflow-x: visible; overflow-y: visible;&quot;[39m
              [36m&gt;[39m
                [36m&lt;ink-text[39m
                  [33mstyle[39m=[32m&quot;flex-grow: 0; flex-shrink: 1; flex-direction: row; text-wrap: wrap;&quot;[39m
                [36m&gt;[39m
                  [0m► [0m
                [36m&lt;/ink-text&gt;[39m
                [36m&lt;ink-text[39m
                  [33mstyle[39m=[32m&quot;flex-grow: 0; flex-shrink: 1; flex-direction: row; text-wrap: wrap;&quot;[39m
                [36m&gt;[39m
                  [0m[[0m
                [36m&lt;/ink-text&gt;[39m
                [36m&lt;ink-text[39m
                  [33mstyle[39m=[32m&quot;flex-grow: 0; flex-shrink: 1; flex-direction: row; text-wrap: wrap;&quot;[39m
                [36m&gt;[39m
                  [0mmem-001[0m
                [36m&lt;/ink-text&gt;[39m
                [36m&lt;ink-text[39m
                  [33mstyle[39m=[32m&quot;flex-grow: 0; flex-shrink: 1; flex-direction: row; text-wrap: wrap;&quot;[39m
                [36m&gt;[39m
                  [0m] [0m
                [36m&lt;/ink-text&gt;[39m
                [36m&lt;ink-text[39m
                  [33mstyle[39m=[32m&quot;flex-grow: 0; flex-shrink: 1; flex-direction: row; text-wrap: wrap;&quot;[39m
                [36m&gt;[39m
                  [0mGPT-5プロンプトガイドの分析結果[0m
                [36m&lt;/ink-text&gt;[39m
              [36m&lt;/ink-box&gt;[39m
              [36m&lt;ink-box[39m
                [33mstyle[39m=[32m&quot;flex-wrap: nowrap; flex-direction: row; flex-grow: 0; flex-shrink: 1; overflow-x: visible; overflow-y: visible;&quot;[39m
              [36m&gt;[39m
                [36m&lt;ink-text[39m
                  [33mstyle[39m=[32m&quot;flex-grow: 0; flex-shrink: 1; flex-direction: row; text-wrap: wrap;&quot;[39m
                [36m&gt;[39m
                  [0m  [0m
                [36m&lt;/ink-text&gt;[39m
                [36m&lt;ink-text[39m
                  [33mstyle[39m=[32m&quot;flex-grow: 0; flex-shrink: 1; flex-direction: row; text-wrap: wrap;&quot;[39m
                [36m&gt;[39m
                  [0m[[0m
                [36m&lt;/ink-text&gt;[39m
                [36m&lt;ink-text[39m
                  [33mstyle[39m=[32m&quot;flex-grow: 0; flex-shrink: 1; flex-direction: row; text-wrap: wrap;&quot;[39m
                [36m&gt;[39m
                  [0mmem-002[0m
                [36m&lt;/ink-text&gt;[39m
                [36m&lt;ink-text[39m
                  [33mstyle[39m=[32m&quot;flex-grow: 0; flex-shrink: 1; flex-direction: row; text-wrap: wrap;&quot;[39m
                [36m&gt;[39m
                  [0m] [0m
                [36m&lt;/ink-text&gt;[39m
                [36m&lt;ink-text[39m
                  [33mstyle[39m=[32m&quot;flex-grow: 0; flex-shrink: 1; flex-direction: row; text-wrap: wrap;&quot;[39m
                [36m&gt;[39m
                  [0mシナプス記憶システムのPhase 2実装完了[0m
                [36m&lt;/ink-text&gt;[39m
              [36m&lt;/ink-box&gt;[39m
              [36m&lt;ink-box[39m
                [33mstyle[39m=[32m&quot;flex-wrap: nowrap; flex-direction: row; flex-grow: 0; flex-shrink: 1; overflow-x: visible; overflow-y: visible;&quot;[39m
              [36m&gt;[39m
                [36m&lt;ink-text[39m
                  [33mstyle[39m=[32m&quot;flex-grow: 0; flex-shrink: 1; flex-direction: row; text-wrap: wrap;&quot;[39m
                [36m&gt;[39m
                  [0m  [0m
                [36m&lt;/ink-text&gt;[39m
                [36m&lt;ink-text[39m
                  [33mstyle[39m=[32m&quot;flex-grow: 0; flex-shrink: 1; flex-direction: row; text-wrap: wrap;&quot;[39m
                [36m&gt;[39m
                  [0m[[0m
                [36m&lt;/ink-text&gt;[39m
                [36m&lt;ink-text[39m
                  [33mstyle[39m=[32m&quot;flex-grow: 0; flex-shrink: 1; flex-direction: row; text-wrap: wrap;&quot;[39m
                [36m&gt;[39m
                  [0mmem-003[0m
                [36m&lt;/ink-text&gt;[39m
                [36m&lt;ink-text[39m
                  [33mstyle[39m=[32m&quot;flex-grow: 0; flex-shrink: 1; flex-direction: row; text-wrap: wrap;&quot;[39m
                [36m&gt;[39m
                  [0m] [0m
                [36m&lt;/ink-text&gt;[39m
                [36m&lt;ink-text[39m
                  [33mstyle[39m=[32m&quot;flex-grow: 0; flex-shrink: 1; flex-direction: row; text-wrap: wrap;&quot;[39m
                [36m&gt;[39m
                  [0mRESTful API設計とエンドポイント定義[0m
                [36m&lt;/ink-text&gt;[39m
              [36m&lt;/ink-box&gt;[39m
            [36m&lt;/ink-box&gt;[39m
            [36m&lt;ink-box[39m
              [33mstyle[39m=[32m&quot;flex-wrap: nowrap; flex-direction: row; flex-grow: 0; flex-shrink: 1; margin-top: 1px; border-color: rgb(108, 112, 134); padding: 1px; overflow-x: visible; overflow-y: visible;&quot;[39m
            [36m&gt;[39m
              [36m&lt;ink-box[39m
                [33mstyle[39m=[32m&quot;flex-wrap: nowrap; flex-direction: column; flex-grow: 0; flex-shrink: 1; overflow-x: visible; overflow-y: visible;&quot;[39m
              [36m&gt;[39m
                [36m&lt;ink-text[39m
                  [33mstyle[39m=[32m&quot;flex-grow: 0; flex-shrink: 1; flex-direction: row; text-wrap: wrap;&quot;[39m
                [36m&gt;[39m
                  [0m詳細:[0m
                [36m&lt;/ink-text&gt;[39m
                [36m&lt;ink-text[39m
                  [33mstyle[39m=[32m&quot;flex-grow: 0; flex-shrink: 1; flex-direction: row; text-wrap: wrap;&quot;[39m
                [36m&gt;[39m
                  [0mID: [0m
                  [0mmem-001[0m
                [36m&lt;/ink-text&gt;[39m
                [36m&lt;ink-text[39m
                  [33mstyle[39m=[32m&quot;flex-grow: 0; flex-shrink: 1; flex-direction: row; text-wrap: wrap;&quot;[39m
                [36m&gt;[39m
                  [0mアクセス数: [0m
                  [0m15[0m
                [36m&lt;/ink-text&gt;[39m
                [36m&lt;ink-text[39m
                  [33mstyle[39m=[32m&quot;flex-grow: 0; flex-shrink: 1; flex-direction: row; text-wrap: wrap;&quot;[39m
                [36m&gt;[39m
                  [0m成功率: [0m
                  [0m92.0[0m
                  [0m%[0m
                [36m&lt;/ink-text&gt;[39m
                [36m&lt;ink-text[39m
                  [33mstyle[39m=[32m&quot;flex-grow: 0; flex-shrink: 1; flex-direction: row; text-wrap: wrap;&quot;[39m
                [36m&gt;[39m
                  [0mタグ: [0m
                  [0mgpt5, prompting, analysis[0m
                [36m&lt;/ink-text&gt;[39m
              [36m&lt;/ink-box&gt;[39m
            [36m&lt;/ink-box&gt;[39m
          [36m&lt;/ink-box&gt;[39m
        [36m&lt;/ink-box&gt;[39m
        [36m&lt;ink-box[39m
          [33mstyle[39m=[32m&quot;flex-wrap: nowrap; flex-direction: row; flex-grow: 0; flex-shrink: 1; margin-top: 1px; border-color: rgb(108, 112, 134); padding: 1px; overflow-x: visible; overflow-y: visible;&quot;[39m
        [36m&gt;[39m
          [36m&lt;ink-text[39m
            [33mstyle[39m=[32m&quot;flex-grow: 0; flex-shrink: 1; flex-direction: row; text-wrap: wrap;&quot;[39m
          [36m&gt;[39m
            [0mTab: タブ切替 | ↑↓: 記憶選択 | q: 終了[0m
          [36m&lt;/ink-text&gt;[39m
        [36m&lt;/ink-box&gt;[39m
      [36m&lt;/ink-box&gt;[39m
    [36m&lt;/div&gt;[39m
  [36m&lt;/body&gt;[39m
[36m&lt;/html&gt;[39m" type="AssertionError">
AssertionError: expected &quot;spy&quot; to be called at least once

Ignored nodes: comments, script, style
&lt;html&gt;
  &lt;head /&gt;
  &lt;body&gt;
    &lt;div&gt;
      &lt;ink-box
        style=&quot;flex-wrap: nowrap; flex-direction: column; flex-grow: 0; flex-shrink: 1; width: 52px; height: 20px; padding: 1px; overflow-x: visible; overflow-y: visible;&quot;
      &gt;
        &lt;ink-box
          style=&quot;flex-wrap: nowrap; flex-direction: row; flex-grow: 0; flex-shrink: 1; margin-bottom: 1px; overflow-x: visible; overflow-y: visible;&quot;
        &gt;
          &lt;ink-text
            style=&quot;flex-grow: 0; flex-shrink: 1; flex-direction: row; text-wrap: wrap;&quot;
          &gt;
            シナプス記憶システム ダッシュボード
          &lt;/ink-text&gt;
        &lt;/ink-box&gt;
        &lt;ink-box
          style=&quot;flex-wrap: nowrap; flex-direction: row; flex-grow: 0; flex-shrink: 1; margin-bottom: 1px; overflow-x: visible; overflow-y: visible;&quot;
        &gt;
          &lt;ink-box
            style=&quot;flex-wrap: nowrap; flex-direction: row; flex-grow: 0; flex-shrink: 1; margin-right: 2px; overflow-x: visible; overflow-y: visible;&quot;
          &gt;
            &lt;ink-text
              style=&quot;flex-grow: 0; flex-shrink: 1; flex-direction: row; text-wrap: wrap;&quot;
            &gt;
              [
              1
              ] 
              記憶一覧
            &lt;/ink-text&gt;
          &lt;/ink-box&gt;
          &lt;ink-box
            style=&quot;flex-wrap: nowrap; flex-direction: row; flex-grow: 0; flex-shrink: 1; margin-right: 2px; overflow-x: visible; overflow-y: visible;&quot;
          &gt;
            &lt;ink-text
              style=&quot;flex-grow: 0; flex-shrink: 1; flex-direction: row; text-wrap: wrap;&quot;
            &gt;
              [
              2
              ] 
              シナプス結合
            &lt;/ink-text&gt;
          &lt;/ink-box&gt;
          &lt;ink-box
            style=&quot;flex-wrap: nowrap; flex-direction: row; flex-grow: 0; flex-shrink: 1; margin-right: 2px; overflow-x: visible; overflow-y: visible;&quot;
          &gt;
            &lt;ink-text
              style=&quot;flex-grow: 0; flex-shrink: 1; flex-direction: row; text-wrap: wrap;&quot;
            &gt;
              [
              3
              ] 
              ネットワーク診断
            &lt;/ink-text&gt;
          &lt;/ink-box&gt;
          &lt;ink-box
            style=&quot;flex-wrap: nowrap; flex-direction: row; flex-grow: 0; flex-shrink: 1; margin-right: 2px; overflow-x: visible; overflow-y: visible;&quot;
          &gt;
            &lt;ink-text
              style=&quot;flex-grow: 0; flex-shrink: 1; flex-direction: row; text-wrap: wrap;&quot;
            &gt;
              [
              4
              ] 
              設定
            &lt;/ink-text&gt;
          &lt;/ink-box&gt;
        &lt;/ink-box&gt;
        &lt;ink-box
          style=&quot;flex-wrap: nowrap; flex-direction: row; flex-grow: 1; flex-shrink: 1; overflow: hidden; overflow-x: hidden; overflow-y: hidden;&quot;
        &gt;
          &lt;ink-box
            style=&quot;flex-wrap: nowrap; flex-direction: column; flex-grow: 1; flex-shrink: 1; overflow-x: visible; overflow-y: visible;&quot;
          &gt;
            &lt;ink-box
              style=&quot;flex-wrap: nowrap; flex-direction: row; flex-grow: 0; flex-shrink: 1; margin-bottom: 1px; overflow-x: visible; overflow-y: visible;&quot;
            &gt;
              &lt;ink-text
                style=&quot;flex-grow: 0; flex-shrink: 1; flex-direction: row; text-wrap: wrap;&quot;
              &gt;
                記憶一覧 (
                3
                件)
              &lt;/ink-text&gt;
            &lt;/ink-box&gt;
            &lt;ink-box
              style=&quot;flex-wrap: nowrap; flex-direction: column; flex-grow: 0; flex-shrink: 0; width: 48px; overflow-x: visible; overflow-y: visible;&quot;
            &gt;
              &lt;ink-box
                style=&quot;flex-wrap: nowrap; flex-direction: row; flex-grow: 0; flex-shrink: 1; overflow-x: visible; overflow-y: visible;&quot;
              &gt;
                &lt;ink-text
                  style=&quot;flex-grow: 0; flex-shrink: 1; flex-direction: row; text-wrap: wrap;&quot;
                &gt;
                  ► 
                &lt;/ink-text&gt;
                &lt;ink-text
                  style=&quot;flex-grow: 0; flex-shrink: 1; flex-direction: row; text-wrap: wrap;&quot;
                &gt;
                  [
                &lt;/ink-text&gt;
                &lt;ink-text
                  style=&quot;flex-grow: 0; flex-shrink: 1; flex-direction: row; text-wrap: wrap;&quot;
                &gt;
                  mem-001
                &lt;/ink-text&gt;
                &lt;ink-text
                  style=&quot;flex-grow: 0; flex-shrink: 1; flex-direction: row; text-wrap: wrap;&quot;
                &gt;
                  ] 
                &lt;/ink-text&gt;
                &lt;ink-text
                  style=&quot;flex-grow: 0; flex-shrink: 1; flex-direction: row; text-wrap: wrap;&quot;
                &gt;
                  GPT-5プロンプトガイドの分析結果
                &lt;/ink-text&gt;
              &lt;/ink-box&gt;
              &lt;ink-box
                style=&quot;flex-wrap: nowrap; flex-direction: row; flex-grow: 0; flex-shrink: 1; overflow-x: visible; overflow-y: visible;&quot;
              &gt;
                &lt;ink-text
                  style=&quot;flex-grow: 0; flex-shrink: 1; flex-direction: row; text-wrap: wrap;&quot;
                &gt;
                    
                &lt;/ink-text&gt;
                &lt;ink-text
                  style=&quot;flex-grow: 0; flex-shrink: 1; flex-direction: row; text-wrap: wrap;&quot;
                &gt;
                  [
                &lt;/ink-text&gt;
                &lt;ink-text
                  style=&quot;flex-grow: 0; flex-shrink: 1; flex-direction: row; text-wrap: wrap;&quot;
                &gt;
                  mem-002
                &lt;/ink-text&gt;
                &lt;ink-text
                  style=&quot;flex-grow: 0; flex-shrink: 1; flex-direction: row; text-wrap: wrap;&quot;
                &gt;
                  ] 
                &lt;/ink-text&gt;
                &lt;ink-text
                  style=&quot;flex-grow: 0; flex-shrink: 1; flex-direction: row; text-wrap: wrap;&quot;
                &gt;
                  シナプス記憶システムのPhase 2実装完了
                &lt;/ink-text&gt;
              &lt;/ink-box&gt;
              &lt;ink-box
                style=&quot;flex-wrap: nowrap; flex-direction: row; flex-grow: 0; flex-shrink: 1; overflow-x: visible; overflow-y: visible;&quot;
              &gt;
                &lt;ink-text
                  style=&quot;flex-grow: 0; flex-shrink: 1; flex-direction: row; text-wrap: wrap;&quot;
                &gt;
                    
                &lt;/ink-text&gt;
                &lt;ink-text
                  style=&quot;flex-grow: 0; flex-shrink: 1; flex-direction: row; text-wrap: wrap;&quot;
                &gt;
                  [
                &lt;/ink-text&gt;
                &lt;ink-text
                  style=&quot;flex-grow: 0; flex-shrink: 1; flex-direction: row; text-wrap: wrap;&quot;
                &gt;
                  mem-003
                &lt;/ink-text&gt;
                &lt;ink-text
                  style=&quot;flex-grow: 0; flex-shrink: 1; flex-direction: row; text-wrap: wrap;&quot;
                &gt;
                  ] 
                &lt;/ink-text&gt;
                &lt;ink-text
                  style=&quot;flex-grow: 0; flex-shrink: 1; flex-direction: row; text-wrap: wrap;&quot;
                &gt;
                  RESTful API設計とエンドポイント定義
                &lt;/ink-text&gt;
              &lt;/ink-box&gt;
            &lt;/ink-box&gt;
            &lt;ink-box
              style=&quot;flex-wrap: nowrap; flex-direction: row; flex-grow: 0; flex-shrink: 1; margin-top: 1px; border-color: rgb(108, 112, 134); padding: 1px; overflow-x: visible; overflow-y: visible;&quot;
            &gt;
              &lt;ink-box
                style=&quot;flex-wrap: nowrap; flex-direction: column; flex-grow: 0; flex-shrink: 1; overflow-x: visible; overflow-y: visible;&quot;
              &gt;
                &lt;ink-text
                  style=&quot;flex-grow: 0; flex-shrink: 1; flex-direction: row; text-wrap: wrap;&quot;
                &gt;
                  詳細:
                &lt;/ink-text&gt;
                &lt;ink-text
                  style=&quot;flex-grow: 0; flex-shrink: 1; flex-direction: row; text-wrap: wrap;&quot;
                &gt;
                  ID: 
                  mem-001
                &lt;/ink-text&gt;
                &lt;ink-text
                  style=&quot;flex-grow: 0; flex-shrink: 1; flex-direction: row; text-wrap: wrap;&quot;
                &gt;
                  アクセス数: 
                  15
                &lt;/ink-text&gt;
                &lt;ink-text
                  style=&quot;flex-grow: 0; flex-shrink: 1; flex-direction: row; text-wrap: wrap;&quot;
                &gt;
                  成功率: 
                  92.0
                  %
                &lt;/ink-text&gt;
                &lt;ink-text
                  style=&quot;flex-grow: 0; flex-shrink: 1; flex-direction: row; text-wrap: wrap;&quot;
                &gt;
                  タグ: 
                  gpt5, prompting, analysis
                &lt;/ink-text&gt;
              &lt;/ink-box&gt;
            &lt;/ink-box&gt;
          &lt;/ink-box&gt;
        &lt;/ink-box&gt;
        &lt;ink-box
          style=&quot;flex-wrap: nowrap; flex-direction: row; flex-grow: 0; flex-shrink: 1; margin-top: 1px; border-color: rgb(108, 112, 134); padding: 1px; overflow-x: visible; overflow-y: visible;&quot;
        &gt;
          &lt;ink-text
            style=&quot;flex-grow: 0; flex-shrink: 1; flex-direction: row; text-wrap: wrap;&quot;
          &gt;
            Tab: タブ切替 | ↑↓: 記憶選択 | q: 終了
          &lt;/ink-text&gt;
        &lt;/ink-box&gt;
      &lt;/ink-box&gt;
    &lt;/div&gt;
  &lt;/body&gt;
&lt;/html&gt;
 ❯ src/ui/components/SynapticMemoryDashboard.test.tsx:171:33
 ❯ runWithExpensiveErrorDiagnosticsDisabled node_modules/@testing-library/dom/dist/config.js:47:12
 ❯ checkCallback node_modules/@testing-library/dom/dist/wait-for.js:124:77
 ❯ Timeout.checkRealTimersCallback node_modules/@testing-library/dom/dist/wait-for.js:118:16
            </failure>
        </testcase>
        <testcase classname="src/ui/components/SynapticMemoryDashboard.test.tsx" name="SynapticMemoryDashboard &gt; qキーでダッシュボードが閉じられること" time="1.011660959">
            <failure message="expected &quot;spy&quot; to be called at least once

Ignored nodes: comments, script, style
[36m&lt;html&gt;[39m
  [36m&lt;head /&gt;[39m
  [36m&lt;body&gt;[39m
    [36m&lt;div&gt;[39m
      [36m&lt;ink-box[39m
        [33mstyle[39m=[32m&quot;flex-wrap: nowrap; flex-direction: column; flex-grow: 0; flex-shrink: 1; width: 52px; height: 20px; padding: 1px; overflow-x: visible; overflow-y: visible;&quot;[39m
      [36m&gt;[39m
        [36m&lt;ink-box[39m
          [33mstyle[39m=[32m&quot;flex-wrap: nowrap; flex-direction: row; flex-grow: 0; flex-shrink: 1; margin-bottom: 1px; overflow-x: visible; overflow-y: visible;&quot;[39m
        [36m&gt;[39m
          [36m&lt;ink-text[39m
            [33mstyle[39m=[32m&quot;flex-grow: 0; flex-shrink: 1; flex-direction: row; text-wrap: wrap;&quot;[39m
          [36m&gt;[39m
            [0mシナプス記憶システム ダッシュボード[0m
          [36m&lt;/ink-text&gt;[39m
        [36m&lt;/ink-box&gt;[39m
        [36m&lt;ink-box[39m
          [33mstyle[39m=[32m&quot;flex-wrap: nowrap; flex-direction: row; flex-grow: 0; flex-shrink: 1; margin-bottom: 1px; overflow-x: visible; overflow-y: visible;&quot;[39m
        [36m&gt;[39m
          [36m&lt;ink-box[39m
            [33mstyle[39m=[32m&quot;flex-wrap: nowrap; flex-direction: row; flex-grow: 0; flex-shrink: 1; margin-right: 2px; overflow-x: visible; overflow-y: visible;&quot;[39m
          [36m&gt;[39m
            [36m&lt;ink-text[39m
              [33mstyle[39m=[32m&quot;flex-grow: 0; flex-shrink: 1; flex-direction: row; text-wrap: wrap;&quot;[39m
            [36m&gt;[39m
              [0m[[0m
              [0m1[0m
              [0m] [0m
              [0m記憶一覧[0m
            [36m&lt;/ink-text&gt;[39m
          [36m&lt;/ink-box&gt;[39m
          [36m&lt;ink-box[39m
            [33mstyle[39m=[32m&quot;flex-wrap: nowrap; flex-direction: row; flex-grow: 0; flex-shrink: 1; margin-right: 2px; overflow-x: visible; overflow-y: visible;&quot;[39m
          [36m&gt;[39m
            [36m&lt;ink-text[39m
              [33mstyle[39m=[32m&quot;flex-grow: 0; flex-shrink: 1; flex-direction: row; text-wrap: wrap;&quot;[39m
            [36m&gt;[39m
              [0m[[0m
              [0m2[0m
              [0m] [0m
              [0mシナプス結合[0m
            [36m&lt;/ink-text&gt;[39m
          [36m&lt;/ink-box&gt;[39m
          [36m&lt;ink-box[39m
            [33mstyle[39m=[32m&quot;flex-wrap: nowrap; flex-direction: row; flex-grow: 0; flex-shrink: 1; margin-right: 2px; overflow-x: visible; overflow-y: visible;&quot;[39m
          [36m&gt;[39m
            [36m&lt;ink-text[39m
              [33mstyle[39m=[32m&quot;flex-grow: 0; flex-shrink: 1; flex-direction: row; text-wrap: wrap;&quot;[39m
            [36m&gt;[39m
              [0m[[0m
              [0m3[0m
              [0m] [0m
              [0mネットワーク診断[0m
            [36m&lt;/ink-text&gt;[39m
          [36m&lt;/ink-box&gt;[39m
          [36m&lt;ink-box[39m
            [33mstyle[39m=[32m&quot;flex-wrap: nowrap; flex-direction: row; flex-grow: 0; flex-shrink: 1; margin-right: 2px; overflow-x: visible; overflow-y: visible;&quot;[39m
          [36m&gt;[39m
            [36m&lt;ink-text[39m
              [33mstyle[39m=[32m&quot;flex-grow: 0; flex-shrink: 1; flex-direction: row; text-wrap: wrap;&quot;[39m
            [36m&gt;[39m
              [0m[[0m
              [0m4[0m
              [0m] [0m
              [0m設定[0m
            [36m&lt;/ink-text&gt;[39m
          [36m&lt;/ink-box&gt;[39m
        [36m&lt;/ink-box&gt;[39m
        [36m&lt;ink-box[39m
          [33mstyle[39m=[32m&quot;flex-wrap: nowrap; flex-direction: row; flex-grow: 1; flex-shrink: 1; overflow: hidden; overflow-x: hidden; overflow-y: hidden;&quot;[39m
        [36m&gt;[39m
          [36m&lt;ink-box[39m
            [33mstyle[39m=[32m&quot;flex-wrap: nowrap; flex-direction: column; flex-grow: 1; flex-shrink: 1; overflow-x: visible; overflow-y: visible;&quot;[39m
          [36m&gt;[39m
            [36m&lt;ink-box[39m
              [33mstyle[39m=[32m&quot;flex-wrap: nowrap; flex-direction: row; flex-grow: 0; flex-shrink: 1; margin-bottom: 1px; overflow-x: visible; overflow-y: visible;&quot;[39m
            [36m&gt;[39m
              [36m&lt;ink-text[39m
                [33mstyle[39m=[32m&quot;flex-grow: 0; flex-shrink: 1; flex-direction: row; text-wrap: wrap;&quot;[39m
              [36m&gt;[39m
                [0m記憶一覧 ([0m
                [0m3[0m
                [0m件)[0m
              [36m&lt;/ink-text&gt;[39m
            [36m&lt;/ink-box&gt;[39m
            [36m&lt;ink-box[39m
              [33mstyle[39m=[32m&quot;flex-wrap: nowrap; flex-direction: column; flex-grow: 0; flex-shrink: 0; width: 48px; overflow-x: visible; overflow-y: visible;&quot;[39m
            [36m&gt;[39m
              [36m&lt;ink-box[39m
                [33mstyle[39m=[32m&quot;flex-wrap: nowrap; flex-direction: row; flex-grow: 0; flex-shrink: 1; overflow-x: visible; overflow-y: visible;&quot;[39m
              [36m&gt;[39m
                [36m&lt;ink-text[39m
                  [33mstyle[39m=[32m&quot;flex-grow: 0; flex-shrink: 1; flex-direction: row; text-wrap: wrap;&quot;[39m
                [36m&gt;[39m
                  [0m► [0m
                [36m&lt;/ink-text&gt;[39m
                [36m&lt;ink-text[39m
                  [33mstyle[39m=[32m&quot;flex-grow: 0; flex-shrink: 1; flex-direction: row; text-wrap: wrap;&quot;[39m
                [36m&gt;[39m
                  [0m[[0m
                [36m&lt;/ink-text&gt;[39m
                [36m&lt;ink-text[39m
                  [33mstyle[39m=[32m&quot;flex-grow: 0; flex-shrink: 1; flex-direction: row; text-wrap: wrap;&quot;[39m
                [36m&gt;[39m
                  [0mmem-001[0m
                [36m&lt;/ink-text&gt;[39m
                [36m&lt;ink-text[39m
                  [33mstyle[39m=[32m&quot;flex-grow: 0; flex-shrink: 1; flex-direction: row; text-wrap: wrap;&quot;[39m
                [36m&gt;[39m
                  [0m] [0m
                [36m&lt;/ink-text&gt;[39m
                [36m&lt;ink-text[39m
                  [33mstyle[39m=[32m&quot;flex-grow: 0; flex-shrink: 1; flex-direction: row; text-wrap: wrap;&quot;[39m
                [36m&gt;[39m
                  [0mGPT-5プロンプトガイドの分析結果[0m
                [36m&lt;/ink-text&gt;[39m
              [36m&lt;/ink-box&gt;[39m
              [36m&lt;ink-box[39m
                [33mstyle[39m=[32m&quot;flex-wrap: nowrap; flex-direction: row; flex-grow: 0; flex-shrink: 1; overflow-x: visible; overflow-y: visible;&quot;[39m
              [36m&gt;[39m
                [36m&lt;ink-text[39m
                  [33mstyle[39m=[32m&quot;flex-grow: 0; flex-shrink: 1; flex-direction: row; text-wrap: wrap;&quot;[39m
                [36m&gt;[39m
                  [0m  [0m
                [36m&lt;/ink-text&gt;[39m
                [36m&lt;ink-text[39m
                  [33mstyle[39m=[32m&quot;flex-grow: 0; flex-shrink: 1; flex-direction: row; text-wrap: wrap;&quot;[39m
                [36m&gt;[39m
                  [0m[[0m
                [36m&lt;/ink-text&gt;[39m
                [36m&lt;ink-text[39m
                  [33mstyle[39m=[32m&quot;flex-grow: 0; flex-shrink: 1; flex-direction: row; text-wrap: wrap;&quot;[39m
                [36m&gt;[39m
                  [0mmem-002[0m
                [36m&lt;/ink-text&gt;[39m
                [36m&lt;ink-text[39m
                  [33mstyle[39m=[32m&quot;flex-grow: 0; flex-shrink: 1; flex-direction: row; text-wrap: wrap;&quot;[39m
                [36m&gt;[39m
                  [0m] [0m
                [36m&lt;/ink-text&gt;[39m
                [36m&lt;ink-text[39m
                  [33mstyle[39m=[32m&quot;flex-grow: 0; flex-shrink: 1; flex-direction: row; text-wrap: wrap;&quot;[39m
                [36m&gt;[39m
                  [0mシナプス記憶システムのPhase 2実装完了[0m
                [36m&lt;/ink-text&gt;[39m
              [36m&lt;/ink-box&gt;[39m
              [36m&lt;ink-box[39m
                [33mstyle[39m=[32m&quot;flex-wrap: nowrap; flex-direction: row; flex-grow: 0; flex-shrink: 1; overflow-x: visible; overflow-y: visible;&quot;[39m
              [36m&gt;[39m
                [36m&lt;ink-text[39m
                  [33mstyle[39m=[32m&quot;flex-grow: 0; flex-shrink: 1; flex-direction: row; text-wrap: wrap;&quot;[39m
                [36m&gt;[39m
                  [0m  [0m
                [36m&lt;/ink-text&gt;[39m
                [36m&lt;ink-text[39m
                  [33mstyle[39m=[32m&quot;flex-grow: 0; flex-shrink: 1; flex-direction: row; text-wrap: wrap;&quot;[39m
                [36m&gt;[39m
                  [0m[[0m
                [36m&lt;/ink-text&gt;[39m
                [36m&lt;ink-text[39m
                  [33mstyle[39m=[32m&quot;flex-grow: 0; flex-shrink: 1; flex-direction: row; text-wrap: wrap;&quot;[39m
                [36m&gt;[39m
                  [0mmem-003[0m
                [36m&lt;/ink-text&gt;[39m
                [36m&lt;ink-text[39m
                  [33mstyle[39m=[32m&quot;flex-grow: 0; flex-shrink: 1; flex-direction: row; text-wrap: wrap;&quot;[39m
                [36m&gt;[39m
                  [0m] [0m
                [36m&lt;/ink-text&gt;[39m
                [36m&lt;ink-text[39m
                  [33mstyle[39m=[32m&quot;flex-grow: 0; flex-shrink: 1; flex-direction: row; text-wrap: wrap;&quot;[39m
                [36m&gt;[39m
                  [0mRESTful API設計とエンドポイント定義[0m
                [36m&lt;/ink-text&gt;[39m
              [36m&lt;/ink-box&gt;[39m
            [36m&lt;/ink-box&gt;[39m
            [36m&lt;ink-box[39m
              [33mstyle[39m=[32m&quot;flex-wrap: nowrap; flex-direction: row; flex-grow: 0; flex-shrink: 1; margin-top: 1px; border-color: rgb(108, 112, 134); padding: 1px; overflow-x: visible; overflow-y: visible;&quot;[39m
            [36m&gt;[39m
              [36m&lt;ink-box[39m
                [33mstyle[39m=[32m&quot;flex-wrap: nowrap; flex-direction: column; flex-grow: 0; flex-shrink: 1; overflow-x: visible; overflow-y: visible;&quot;[39m
              [36m&gt;[39m
                [36m&lt;ink-text[39m
                  [33mstyle[39m=[32m&quot;flex-grow: 0; flex-shrink: 1; flex-direction: row; text-wrap: wrap;&quot;[39m
                [36m&gt;[39m
                  [0m詳細:[0m
                [36m&lt;/ink-text&gt;[39m
                [36m&lt;ink-text[39m
                  [33mstyle[39m=[32m&quot;flex-grow: 0; flex-shrink: 1; flex-direction: row; text-wrap: wrap;&quot;[39m
                [36m&gt;[39m
                  [0mID: [0m
                  [0mmem-001[0m
                [36m&lt;/ink-text&gt;[39m
                [36m&lt;ink-text[39m
                  [33mstyle[39m=[32m&quot;flex-grow: 0; flex-shrink: 1; flex-direction: row; text-wrap: wrap;&quot;[39m
                [36m&gt;[39m
                  [0mアクセス数: [0m
                  [0m15[0m
                [36m&lt;/ink-text&gt;[39m
                [36m&lt;ink-text[39m
                  [33mstyle[39m=[32m&quot;flex-grow: 0; flex-shrink: 1; flex-direction: row; text-wrap: wrap;&quot;[39m
                [36m&gt;[39m
                  [0m成功率: [0m
                  [0m92.0[0m
                  [0m%[0m
                [36m&lt;/ink-text&gt;[39m
                [36m&lt;ink-text[39m
                  [33mstyle[39m=[32m&quot;flex-grow: 0; flex-shrink: 1; flex-direction: row; text-wrap: wrap;&quot;[39m
                [36m&gt;[39m
                  [0mタグ: [0m
                  [0mgpt5, prompting, analysis[0m
                [36m&lt;/ink-text&gt;[39m
              [36m&lt;/ink-box&gt;[39m
            [36m&lt;/ink-box&gt;[39m
          [36m&lt;/ink-box&gt;[39m
        [36m&lt;/ink-box&gt;[39m
        [36m&lt;ink-box[39m
          [33mstyle[39m=[32m&quot;flex-wrap: nowrap; flex-direction: row; flex-grow: 0; flex-shrink: 1; margin-top: 1px; border-color: rgb(108, 112, 134); padding: 1px; overflow-x: visible; overflow-y: visible;&quot;[39m
        [36m&gt;[39m
          [36m&lt;ink-text[39m
            [33mstyle[39m=[32m&quot;flex-grow: 0; flex-shrink: 1; flex-direction: row; text-wrap: wrap;&quot;[39m
          [36m&gt;[39m
            [0mTab: タブ切替 | ↑↓: 記憶選択 | q: 終了[0m
          [36m&lt;/ink-text&gt;[39m
        [36m&lt;/ink-box&gt;[39m
      [36m&lt;/ink-box&gt;[39m
    [36m&lt;/div&gt;[39m
  [36m&lt;/body&gt;[39m
[36m&lt;/html&gt;[39m" type="AssertionError">
AssertionError: expected &quot;spy&quot; to be called at least once

Ignored nodes: comments, script, style
&lt;html&gt;
  &lt;head /&gt;
  &lt;body&gt;
    &lt;div&gt;
      &lt;ink-box
        style=&quot;flex-wrap: nowrap; flex-direction: column; flex-grow: 0; flex-shrink: 1; width: 52px; height: 20px; padding: 1px; overflow-x: visible; overflow-y: visible;&quot;
      &gt;
        &lt;ink-box
          style=&quot;flex-wrap: nowrap; flex-direction: row; flex-grow: 0; flex-shrink: 1; margin-bottom: 1px; overflow-x: visible; overflow-y: visible;&quot;
        &gt;
          &lt;ink-text
            style=&quot;flex-grow: 0; flex-shrink: 1; flex-direction: row; text-wrap: wrap;&quot;
          &gt;
            シナプス記憶システム ダッシュボード
          &lt;/ink-text&gt;
        &lt;/ink-box&gt;
        &lt;ink-box
          style=&quot;flex-wrap: nowrap; flex-direction: row; flex-grow: 0; flex-shrink: 1; margin-bottom: 1px; overflow-x: visible; overflow-y: visible;&quot;
        &gt;
          &lt;ink-box
            style=&quot;flex-wrap: nowrap; flex-direction: row; flex-grow: 0; flex-shrink: 1; margin-right: 2px; overflow-x: visible; overflow-y: visible;&quot;
          &gt;
            &lt;ink-text
              style=&quot;flex-grow: 0; flex-shrink: 1; flex-direction: row; text-wrap: wrap;&quot;
            &gt;
              [
              1
              ] 
              記憶一覧
            &lt;/ink-text&gt;
          &lt;/ink-box&gt;
          &lt;ink-box
            style=&quot;flex-wrap: nowrap; flex-direction: row; flex-grow: 0; flex-shrink: 1; margin-right: 2px; overflow-x: visible; overflow-y: visible;&quot;
          &gt;
            &lt;ink-text
              style=&quot;flex-grow: 0; flex-shrink: 1; flex-direction: row; text-wrap: wrap;&quot;
            &gt;
              [
              2
              ] 
              シナプス結合
            &lt;/ink-text&gt;
          &lt;/ink-box&gt;
          &lt;ink-box
            style=&quot;flex-wrap: nowrap; flex-direction: row; flex-grow: 0; flex-shrink: 1; margin-right: 2px; overflow-x: visible; overflow-y: visible;&quot;
          &gt;
            &lt;ink-text
              style=&quot;flex-grow: 0; flex-shrink: 1; flex-direction: row; text-wrap: wrap;&quot;
            &gt;
              [
              3
              ] 
              ネットワーク診断
            &lt;/ink-text&gt;
          &lt;/ink-box&gt;
          &lt;ink-box
            style=&quot;flex-wrap: nowrap; flex-direction: row; flex-grow: 0; flex-shrink: 1; margin-right: 2px; overflow-x: visible; overflow-y: visible;&quot;
          &gt;
            &lt;ink-text
              style=&quot;flex-grow: 0; flex-shrink: 1; flex-direction: row; text-wrap: wrap;&quot;
            &gt;
              [
              4
              ] 
              設定
            &lt;/ink-text&gt;
          &lt;/ink-box&gt;
        &lt;/ink-box&gt;
        &lt;ink-box
          style=&quot;flex-wrap: nowrap; flex-direction: row; flex-grow: 1; flex-shrink: 1; overflow: hidden; overflow-x: hidden; overflow-y: hidden;&quot;
        &gt;
          &lt;ink-box
            style=&quot;flex-wrap: nowrap; flex-direction: column; flex-grow: 1; flex-shrink: 1; overflow-x: visible; overflow-y: visible;&quot;
          &gt;
            &lt;ink-box
              style=&quot;flex-wrap: nowrap; flex-direction: row; flex-grow: 0; flex-shrink: 1; margin-bottom: 1px; overflow-x: visible; overflow-y: visible;&quot;
            &gt;
              &lt;ink-text
                style=&quot;flex-grow: 0; flex-shrink: 1; flex-direction: row; text-wrap: wrap;&quot;
              &gt;
                記憶一覧 (
                3
                件)
              &lt;/ink-text&gt;
            &lt;/ink-box&gt;
            &lt;ink-box
              style=&quot;flex-wrap: nowrap; flex-direction: column; flex-grow: 0; flex-shrink: 0; width: 48px; overflow-x: visible; overflow-y: visible;&quot;
            &gt;
              &lt;ink-box
                style=&quot;flex-wrap: nowrap; flex-direction: row; flex-grow: 0; flex-shrink: 1; overflow-x: visible; overflow-y: visible;&quot;
              &gt;
                &lt;ink-text
                  style=&quot;flex-grow: 0; flex-shrink: 1; flex-direction: row; text-wrap: wrap;&quot;
                &gt;
                  ► 
                &lt;/ink-text&gt;
                &lt;ink-text
                  style=&quot;flex-grow: 0; flex-shrink: 1; flex-direction: row; text-wrap: wrap;&quot;
                &gt;
                  [
                &lt;/ink-text&gt;
                &lt;ink-text
                  style=&quot;flex-grow: 0; flex-shrink: 1; flex-direction: row; text-wrap: wrap;&quot;
                &gt;
                  mem-001
                &lt;/ink-text&gt;
                &lt;ink-text
                  style=&quot;flex-grow: 0; flex-shrink: 1; flex-direction: row; text-wrap: wrap;&quot;
                &gt;
                  ] 
                &lt;/ink-text&gt;
                &lt;ink-text
                  style=&quot;flex-grow: 0; flex-shrink: 1; flex-direction: row; text-wrap: wrap;&quot;
                &gt;
                  GPT-5プロンプトガイドの分析結果
                &lt;/ink-text&gt;
              &lt;/ink-box&gt;
              &lt;ink-box
                style=&quot;flex-wrap: nowrap; flex-direction: row; flex-grow: 0; flex-shrink: 1; overflow-x: visible; overflow-y: visible;&quot;
              &gt;
                &lt;ink-text
                  style=&quot;flex-grow: 0; flex-shrink: 1; flex-direction: row; text-wrap: wrap;&quot;
                &gt;
                    
                &lt;/ink-text&gt;
                &lt;ink-text
                  style=&quot;flex-grow: 0; flex-shrink: 1; flex-direction: row; text-wrap: wrap;&quot;
                &gt;
                  [
                &lt;/ink-text&gt;
                &lt;ink-text
                  style=&quot;flex-grow: 0; flex-shrink: 1; flex-direction: row; text-wrap: wrap;&quot;
                &gt;
                  mem-002
                &lt;/ink-text&gt;
                &lt;ink-text
                  style=&quot;flex-grow: 0; flex-shrink: 1; flex-direction: row; text-wrap: wrap;&quot;
                &gt;
                  ] 
                &lt;/ink-text&gt;
                &lt;ink-text
                  style=&quot;flex-grow: 0; flex-shrink: 1; flex-direction: row; text-wrap: wrap;&quot;
                &gt;
                  シナプス記憶システムのPhase 2実装完了
                &lt;/ink-text&gt;
              &lt;/ink-box&gt;
              &lt;ink-box
                style=&quot;flex-wrap: nowrap; flex-direction: row; flex-grow: 0; flex-shrink: 1; overflow-x: visible; overflow-y: visible;&quot;
              &gt;
                &lt;ink-text
                  style=&quot;flex-grow: 0; flex-shrink: 1; flex-direction: row; text-wrap: wrap;&quot;
                &gt;
                    
                &lt;/ink-text&gt;
                &lt;ink-text
                  style=&quot;flex-grow: 0; flex-shrink: 1; flex-direction: row; text-wrap: wrap;&quot;
                &gt;
                  [
                &lt;/ink-text&gt;
                &lt;ink-text
                  style=&quot;flex-grow: 0; flex-shrink: 1; flex-direction: row; text-wrap: wrap;&quot;
                &gt;
                  mem-003
                &lt;/ink-text&gt;
                &lt;ink-text
                  style=&quot;flex-grow: 0; flex-shrink: 1; flex-direction: row; text-wrap: wrap;&quot;
                &gt;
                  ] 
                &lt;/ink-text&gt;
                &lt;ink-text
                  style=&quot;flex-grow: 0; flex-shrink: 1; flex-direction: row; text-wrap: wrap;&quot;
                &gt;
                  RESTful API設計とエンドポイント定義
                &lt;/ink-text&gt;
              &lt;/ink-box&gt;
            &lt;/ink-box&gt;
            &lt;ink-box
              style=&quot;flex-wrap: nowrap; flex-direction: row; flex-grow: 0; flex-shrink: 1; margin-top: 1px; border-color: rgb(108, 112, 134); padding: 1px; overflow-x: visible; overflow-y: visible;&quot;
            &gt;
              &lt;ink-box
                style=&quot;flex-wrap: nowrap; flex-direction: column; flex-grow: 0; flex-shrink: 1; overflow-x: visible; overflow-y: visible;&quot;
              &gt;
                &lt;ink-text
                  style=&quot;flex-grow: 0; flex-shrink: 1; flex-direction: row; text-wrap: wrap;&quot;
                &gt;
                  詳細:
                &lt;/ink-text&gt;
                &lt;ink-text
                  style=&quot;flex-grow: 0; flex-shrink: 1; flex-direction: row; text-wrap: wrap;&quot;
                &gt;
                  ID: 
                  mem-001
                &lt;/ink-text&gt;
                &lt;ink-text
                  style=&quot;flex-grow: 0; flex-shrink: 1; flex-direction: row; text-wrap: wrap;&quot;
                &gt;
                  アクセス数: 
                  15
                &lt;/ink-text&gt;
                &lt;ink-text
                  style=&quot;flex-grow: 0; flex-shrink: 1; flex-direction: row; text-wrap: wrap;&quot;
                &gt;
                  成功率: 
                  92.0
                  %
                &lt;/ink-text&gt;
                &lt;ink-text
                  style=&quot;flex-grow: 0; flex-shrink: 1; flex-direction: row; text-wrap: wrap;&quot;
                &gt;
                  タグ: 
                  gpt5, prompting, analysis
                &lt;/ink-text&gt;
              &lt;/ink-box&gt;
            &lt;/ink-box&gt;
          &lt;/ink-box&gt;
        &lt;/ink-box&gt;
        &lt;ink-box
          style=&quot;flex-wrap: nowrap; flex-direction: row; flex-grow: 0; flex-shrink: 1; margin-top: 1px; border-color: rgb(108, 112, 134); padding: 1px; overflow-x: visible; overflow-y: visible;&quot;
        &gt;
          &lt;ink-text
            style=&quot;flex-grow: 0; flex-shrink: 1; flex-direction: row; text-wrap: wrap;&quot;
          &gt;
            Tab: タブ切替 | ↑↓: 記憶選択 | q: 終了
          &lt;/ink-text&gt;
        &lt;/ink-box&gt;
      &lt;/ink-box&gt;
    &lt;/div&gt;
  &lt;/body&gt;
&lt;/html&gt;
 ❯ src/ui/components/SynapticMemoryDashboard.test.tsx:182:33
 ❯ runWithExpensiveErrorDiagnosticsDisabled node_modules/@testing-library/dom/dist/config.js:47:12
 ❯ checkCallback node_modules/@testing-library/dom/dist/wait-for.js:124:77
 ❯ Timeout.checkRealTimersCallback node_modules/@testing-library/dom/dist/wait-for.js:118:16
            </failure>
        </testcase>
        <testcase classname="src/ui/components/SynapticMemoryDashboard.test.tsx" name="SynapticMemoryDashboard &gt; ターミナルサイズに応じてレイアウトが調整されること" time="0.00869475">
            <failure message="Unable to find an element with the text: Synaptic Memory Dashboard. This could be because the text is broken up by multiple elements. In this case, you can provide a function for your text matcher to make your matcher more flexible.

Ignored nodes: comments, script, style
[36m&lt;body&gt;[39m
  [36m&lt;div&gt;[39m
    [36m&lt;ink-box[39m
      [33mstyle[39m=[32m&quot;flex-wrap: nowrap; flex-direction: column; flex-grow: 0; flex-shrink: 1; width: 52px; height: 20px; padding: 1px; overflow-x: visible; overflow-y: visible;&quot;[39m
    [36m&gt;[39m
      [36m&lt;ink-box[39m
        [33mstyle[39m=[32m&quot;flex-wrap: nowrap; flex-direction: row; flex-grow: 0; flex-shrink: 1; margin-bottom: 1px; overflow-x: visible; overflow-y: visible;&quot;[39m
      [36m&gt;[39m
        [36m&lt;ink-text[39m
          [33mstyle[39m=[32m&quot;flex-grow: 0; flex-shrink: 1; flex-direction: row; text-wrap: wrap;&quot;[39m
        [36m&gt;[39m
          [0mシナプス記憶システム ダッシュボード[0m
        [36m&lt;/ink-text&gt;[39m
      [36m&lt;/ink-box&gt;[39m
      [36m&lt;ink-box[39m
        [33mstyle[39m=[32m&quot;flex-wrap: nowrap; flex-direction: row; flex-grow: 0; flex-shrink: 1; margin-bottom: 1px; overflow-x: visible; overflow-y: visible;&quot;[39m
      [36m&gt;[39m
        [36m&lt;ink-box[39m
          [33mstyle[39m=[32m&quot;flex-wrap: nowrap; flex-direction: row; flex-grow: 0; flex-shrink: 1; margin-right: 2px; overflow-x: visible; overflow-y: visible;&quot;[39m
        [36m&gt;[39m
          [36m&lt;ink-text[39m
            [33mstyle[39m=[32m&quot;flex-grow: 0; flex-shrink: 1; flex-direction: row; text-wrap: wrap;&quot;[39m
          [36m&gt;[39m
            [0m[[0m
            [0m1[0m
            [0m] [0m
            [0m記憶一覧[0m
          [36m&lt;/ink-text&gt;[39m
        [36m&lt;/ink-box&gt;[39m
        [36m&lt;ink-box[39m
          [33mstyle[39m=[32m&quot;flex-wrap: nowrap; flex-direction: row; flex-grow: 0; flex-shrink: 1; margin-right: 2px; overflow-x: visible; overflow-y: visible;&quot;[39m
        [36m&gt;[39m
          [36m&lt;ink-text[39m
            [33mstyle[39m=[32m&quot;flex-grow: 0; flex-shrink: 1; flex-direction: row; text-wrap: wrap;&quot;[39m
          [36m&gt;[39m
            [0m[[0m
            [0m2[0m
            [0m] [0m
            [0mシナプス結合[0m
          [36m&lt;/ink-text&gt;[39m
        [36m&lt;/ink-box&gt;[39m
        [36m&lt;ink-box[39m
          [33mstyle[39m=[32m&quot;flex-wrap: nowrap; flex-direction: row; flex-grow: 0; flex-shrink: 1; margin-right: 2px; overflow-x: visible; overflow-y: visible;&quot;[39m
        [36m&gt;[39m
          [36m&lt;ink-text[39m
            [33mstyle[39m=[32m&quot;flex-grow: 0; flex-shrink: 1; flex-direction: row; text-wrap: wrap;&quot;[39m
          [36m&gt;[39m
            [0m[[0m
            [0m3[0m
            [0m] [0m
            [0mネットワーク診断[0m
          [36m&lt;/ink-text&gt;[39m
        [36m&lt;/ink-box&gt;[39m
        [36m&lt;ink-box[39m
          [33mstyle[39m=[32m&quot;flex-wrap: nowrap; flex-direction: row; flex-grow: 0; flex-shrink: 1; margin-right: 2px; overflow-x: visible; overflow-y: visible;&quot;[39m
        [36m&gt;[39m
          [36m&lt;ink-text[39m
            [33mstyle[39m=[32m&quot;flex-grow: 0; flex-shrink: 1; flex-direction: row; text-wrap: wrap;&quot;[39m
          [36m&gt;[39m
            [0m[[0m
            [0m4[0m
            [0m] [0m
            [0m設定[0m
          [36m&lt;/ink-text&gt;[39m
        [36m&lt;/ink-box&gt;[39m
      [36m&lt;/ink-box&gt;[39m
      [36m&lt;ink-box[39m
        [33mstyle[39m=[32m&quot;flex-wrap: nowrap; flex-direction: row; flex-grow: 1; flex-shrink: 1; overflow: hidden; overflow-x: hidden; overflow-y: hidden;&quot;[39m
      [36m&gt;[39m
        [36m&lt;ink-box[39m
          [33mstyle[39m=[32m&quot;flex-wrap: nowrap; flex-direction: column; flex-grow: 1; flex-shrink: 1; overflow-x: visible; overflow-y: visible;&quot;[39m
        [36m&gt;[39m
          [36m&lt;ink-box[39m
            [33mstyle[39m=[32m&quot;flex-wrap: nowrap; flex-direction: row; flex-grow: 0; flex-shrink: 1; margin-bottom: 1px; overflow-x: visible; overflow-y: visible;&quot;[39m
          [36m&gt;[39m
            [36m&lt;ink-text[39m
              [33mstyle[39m=[32m&quot;flex-grow: 0; flex-shrink: 1; flex-direction: row; text-wrap: wrap;&quot;[39m
            [36m&gt;[39m
              [0m記憶一覧 ([0m
              [0m3[0m
              [0m件)[0m
            [36m&lt;/ink-text&gt;[39m
          [36m&lt;/ink-box&gt;[39m
          [36m&lt;ink-box[39m
            [33mstyle[39m=[32m&quot;flex-wrap: nowrap; flex-direction: column; flex-grow: 0; flex-shrink: 0; width: 48px; overflow-x: visible; overflow-y: visible;&quot;[39m
          [36m&gt;[39m
            [36m&lt;ink-box[39m
              [33mstyle[39m=[32m&quot;flex-wrap: nowrap; flex-direction: row; flex-grow: 0; flex-shrink: 1; overflow-x: visible; overflow-y: visible;&quot;[39m
            [36m&gt;[39m
              [36m&lt;ink-text[39m
                [33mstyle[39m=[32m&quot;flex-grow: 0; flex-shrink: 1; flex-direction: row; text-wrap: wrap;&quot;[39m
              [36m&gt;[39m
                [0m► [0m
              [36m&lt;/ink-text&gt;[39m
              [36m&lt;ink-text[39m
                [33mstyle[39m=[32m&quot;flex-grow: 0; flex-shrink: 1; flex-direction: row; text-wrap: wrap;&quot;[39m
              [36m&gt;[39m
                [0m[[0m
              [36m&lt;/ink-text&gt;[39m
              [36m&lt;ink-text[39m
                [33mstyle[39m=[32m&quot;flex-grow: 0; flex-shrink: 1; flex-direction: row; text-wrap: wrap;&quot;[39m
              [36m&gt;[39m
                [0mmem-001[0m
              [36m&lt;/ink-text&gt;[39m
              [36m&lt;ink-text[39m
                [33mstyle[39m=[32m&quot;flex-grow: 0; flex-shrink: 1; flex-direction: row; text-wrap: wrap;&quot;[39m
              [36m&gt;[39m
                [0m] [0m
              [36m&lt;/ink-text&gt;[39m
              [36m&lt;ink-text[39m
                [33mstyle[39m=[32m&quot;flex-grow: 0; flex-shrink: 1; flex-direction: row; text-wrap: wrap;&quot;[39m
              [36m&gt;[39m
                [0mGPT-5プロンプトガイドの分析結果[0m
              [36m&lt;/ink-text&gt;[39m
            [36m&lt;/ink-box&gt;[39m
            [36m&lt;ink-box[39m
              [33mstyle[39m=[32m&quot;flex-wrap: nowrap; flex-direction: row; flex-grow: 0; flex-shrink: 1; overflow-x: visible; overflow-y: visible;&quot;[39m
            [36m&gt;[39m
              [36m&lt;ink-text[39m
                [33mstyle[39m=[32m&quot;flex-grow: 0; flex-shrink: 1; flex-direction: row; text-wrap: wrap;&quot;[39m
              [36m&gt;[39m
                [0m  [0m
              [36m&lt;/ink-text&gt;[39m
              [36m&lt;ink-text[39m
                [33mstyle[39m=[32m&quot;flex-grow: 0; flex-shrink: 1; flex-direction: row; text-wrap: wrap;&quot;[39m
              [36m&gt;[39m
                [0m[[0m
              [36m&lt;/ink-text&gt;[39m
              [36m&lt;ink-text[39m
                [33mstyle[39m=[32m&quot;flex-grow: 0; flex-shrink: 1; flex-direction: row; text-wrap: wrap;&quot;[39m
              [36m&gt;[39m
                [0mmem-002[0m
              [36m&lt;/ink-text&gt;[39m
              [36m&lt;ink-text[39m
                [33mstyle[39m=[32m&quot;flex-grow: 0; flex-shrink: 1; flex-direction: row; text-wrap: wrap;&quot;[39m
              [36m&gt;[39m
                [0m] [0m
              [36m&lt;/ink-text&gt;[39m
              [36m&lt;ink-text[39m
                [33mstyle[39m=[32m&quot;flex-grow: 0; flex-shrink: 1; flex-direction: row; text-wrap: wrap;&quot;[39m
              [36m&gt;[39m
                [0mシナプス記憶システムのPhase 2実装完了[0m
              [36m&lt;/ink-text&gt;[39m
            [36m&lt;/ink-box&gt;[39m
            [36m&lt;ink-box[39m
              [33mstyle[39m=[32m&quot;flex-wrap: nowrap; flex-direction: row; flex-grow: 0; flex-shrink: 1; overflow-x: visible; overflow-y: visible;&quot;[39m
            [36m&gt;[39m
              [36m&lt;ink-text[39m
                [33mstyle[39m=[32m&quot;flex-grow: 0; flex-shrink: 1; flex-direction: row; text-wrap: wrap;&quot;[39m
              [36m&gt;[39m
                [0m  [0m
              [36m&lt;/ink-text&gt;[39m
              [36m&lt;ink-text[39m
                [33mstyle[39m=[32m&quot;flex-grow: 0; flex-shrink: 1; flex-direction: row; text-wrap: wrap;&quot;[39m
              [36m&gt;[39m
                [0m[[0m
              [36m&lt;/ink-text&gt;[39m
              [36m&lt;ink-text[39m
                [33mstyle[39m=[32m&quot;flex-grow: 0; flex-shrink: 1; flex-direction: row; text-wrap: wrap;&quot;[39m
              [36m&gt;[39m
                [0mmem-003[0m
              [36m&lt;/ink-text&gt;[39m
              [36m&lt;ink-text[39m
                [33mstyle[39m=[32m&quot;flex-grow: 0; flex-shrink: 1; flex-direction: row; text-wrap: wrap;&quot;[39m
              [36m&gt;[39m
                [0m] [0m
              [36m&lt;/ink-text&gt;[39m
              [36m&lt;ink-text[39m
                [33mstyle[39m=[32m&quot;flex-grow: 0; flex-shrink: 1; flex-direction: row; text-wrap: wrap;&quot;[39m
              [36m&gt;[39m
                [0mRESTful API設計とエンドポイント定義[0m
              [36m&lt;/ink-text&gt;[39m
            [36m&lt;/ink-box&gt;[39m
          [36m&lt;/ink-box&gt;[39m
          [36m&lt;ink-box[39m
            [33mstyle[39m=[32m&quot;flex-wrap: nowrap; flex-direction: row; flex-grow: 0; flex-shrink: 1; margin-top: 1px; border-color: rgb(108, 112, 134); padding: 1px; overflow-x: visible; overflow-y: visible;&quot;[39m
          [36m&gt;[39m
            [36m&lt;ink-box[39m
              [33mstyle[39m=[32m&quot;flex-wrap: nowrap; flex-direction: column; flex-grow: 0; flex-shrink: 1; overflow-x: visible; overflow-y: visible;&quot;[39m
            [36m&gt;[39m
              [36m&lt;ink-text[39m
                [33mstyle[39m=[32m&quot;flex-grow: 0; flex-shrink: 1; flex-direction: row; text-wrap: wrap;&quot;[39m
              [36m&gt;[39m
                [0m詳細:[0m
              [36m&lt;/ink-text&gt;[39m
              [36m&lt;ink-text[39m
                [33mstyle[39m=[32m&quot;flex-grow: 0; flex-shrink: 1; flex-direction: row; text-wrap: wrap;&quot;[39m
              [36m&gt;[39m
                [0mID: [0m
                [0mmem-001[0m
              [36m&lt;/ink-text&gt;[39m
              [36m&lt;ink-text[39m
                [33mstyle[39m=[32m&quot;flex-grow: 0; flex-shrink: 1; flex-direction: row; text-wrap: wrap;&quot;[39m
              [36m&gt;[39m
                [0mアクセス数: [0m
                [0m15[0m
              [36m&lt;/ink-text&gt;[39m
              [36m&lt;ink-text[39m
                [33mstyle[39m=[32m&quot;flex-grow: 0; flex-shrink: 1; flex-direction: row; text-wrap: wrap;&quot;[39m
              [36m&gt;[39m
                [0m成功率: [0m
                [0m92.0[0m
                [0m%[0m
              [36m&lt;/ink-text&gt;[39m
              [36m&lt;ink-text[39m
                [33mstyle[39m=[32m&quot;flex-grow: 0; flex-shrink: 1; flex-direction: row; text-wrap: wrap;&quot;[39m
              [36m&gt;[39m
                [0mタグ: [0m
                [0mgpt5, prompting, analysis[0m
              [36m&lt;/ink-text&gt;[39m
            [36m&lt;/ink-box&gt;[39m
          [36m&lt;/ink-box&gt;[39m
        [36m&lt;/ink-box&gt;[39m
      [36m&lt;/ink-box&gt;[39m
      [36m&lt;ink-box[39m
        [33mstyle[39m=[32m&quot;flex-wrap: nowrap; flex-direction: row; flex-grow: 0; flex-shrink: 1; margin-top: 1px; border-color: rgb(108, 112, 134); padding: 1px; overflow-x: visible; overflow-y: visible;&quot;[39m
      [36m&gt;[39m
        [36m&lt;ink-text[39m
          [33mstyle[39m=[32m&quot;flex-grow: 0; flex-shrink: 1; flex-direction: row; text-wrap: wrap;&quot;[39m
        [36m&gt;[39m
          [0mTab: タブ切替 | ↑↓: 記憶選択 | q: 終了[0m
        [36m&lt;/ink-text&gt;[39m
      [36m&lt;/ink-box&gt;[39m
    [36m&lt;/ink-box&gt;[39m
  [36m&lt;/div&gt;[39m
[36m&lt;/body&gt;[39m" type="TestingLibraryElementError">
TestingLibraryElementError: Unable to find an element with the text: Synaptic Memory Dashboard. This could be because the text is broken up by multiple elements. In this case, you can provide a function for your text matcher to make your matcher more flexible.

Ignored nodes: comments, script, style
&lt;body&gt;
  &lt;div&gt;
    &lt;ink-box
      style=&quot;flex-wrap: nowrap; flex-direction: column; flex-grow: 0; flex-shrink: 1; width: 52px; height: 20px; padding: 1px; overflow-x: visible; overflow-y: visible;&quot;
    &gt;
      &lt;ink-box
        style=&quot;flex-wrap: nowrap; flex-direction: row; flex-grow: 0; flex-shrink: 1; margin-bottom: 1px; overflow-x: visible; overflow-y: visible;&quot;
      &gt;
        &lt;ink-text
          style=&quot;flex-grow: 0; flex-shrink: 1; flex-direction: row; text-wrap: wrap;&quot;
        &gt;
          シナプス記憶システム ダッシュボード
        &lt;/ink-text&gt;
      &lt;/ink-box&gt;
      &lt;ink-box
        style=&quot;flex-wrap: nowrap; flex-direction: row; flex-grow: 0; flex-shrink: 1; margin-bottom: 1px; overflow-x: visible; overflow-y: visible;&quot;
      &gt;
        &lt;ink-box
          style=&quot;flex-wrap: nowrap; flex-direction: row; flex-grow: 0; flex-shrink: 1; margin-right: 2px; overflow-x: visible; overflow-y: visible;&quot;
        &gt;
          &lt;ink-text
            style=&quot;flex-grow: 0; flex-shrink: 1; flex-direction: row; text-wrap: wrap;&quot;
          &gt;
            [
            1
            ] 
            記憶一覧
          &lt;/ink-text&gt;
        &lt;/ink-box&gt;
        &lt;ink-box
          style=&quot;flex-wrap: nowrap; flex-direction: row; flex-grow: 0; flex-shrink: 1; margin-right: 2px; overflow-x: visible; overflow-y: visible;&quot;
        &gt;
          &lt;ink-text
            style=&quot;flex-grow: 0; flex-shrink: 1; flex-direction: row; text-wrap: wrap;&quot;
          &gt;
            [
            2
            ] 
            シナプス結合
          &lt;/ink-text&gt;
        &lt;/ink-box&gt;
        &lt;ink-box
          style=&quot;flex-wrap: nowrap; flex-direction: row; flex-grow: 0; flex-shrink: 1; margin-right: 2px; overflow-x: visible; overflow-y: visible;&quot;
        &gt;
          &lt;ink-text
            style=&quot;flex-grow: 0; flex-shrink: 1; flex-direction: row; text-wrap: wrap;&quot;
          &gt;
            [
            3
            ] 
            ネットワーク診断
          &lt;/ink-text&gt;
        &lt;/ink-box&gt;
        &lt;ink-box
          style=&quot;flex-wrap: nowrap; flex-direction: row; flex-grow: 0; flex-shrink: 1; margin-right: 2px; overflow-x: visible; overflow-y: visible;&quot;
        &gt;
          &lt;ink-text
            style=&quot;flex-grow: 0; flex-shrink: 1; flex-direction: row; text-wrap: wrap;&quot;
          &gt;
            [
            4
            ] 
            設定
          &lt;/ink-text&gt;
        &lt;/ink-box&gt;
      &lt;/ink-box&gt;
      &lt;ink-box
        style=&quot;flex-wrap: nowrap; flex-direction: row; flex-grow: 1; flex-shrink: 1; overflow: hidden; overflow-x: hidden; overflow-y: hidden;&quot;
      &gt;
        &lt;ink-box
          style=&quot;flex-wrap: nowrap; flex-direction: column; flex-grow: 1; flex-shrink: 1; overflow-x: visible; overflow-y: visible;&quot;
        &gt;
          &lt;ink-box
            style=&quot;flex-wrap: nowrap; flex-direction: row; flex-grow: 0; flex-shrink: 1; margin-bottom: 1px; overflow-x: visible; overflow-y: visible;&quot;
          &gt;
            &lt;ink-text
              style=&quot;flex-grow: 0; flex-shrink: 1; flex-direction: row; text-wrap: wrap;&quot;
            &gt;
              記憶一覧 (
              3
              件)
            &lt;/ink-text&gt;
          &lt;/ink-box&gt;
          &lt;ink-box
            style=&quot;flex-wrap: nowrap; flex-direction: column; flex-grow: 0; flex-shrink: 0; width: 48px; overflow-x: visible; overflow-y: visible;&quot;
          &gt;
            &lt;ink-box
              style=&quot;flex-wrap: nowrap; flex-direction: row; flex-grow: 0; flex-shrink: 1; overflow-x: visible; overflow-y: visible;&quot;
            &gt;
              &lt;ink-text
                style=&quot;flex-grow: 0; flex-shrink: 1; flex-direction: row; text-wrap: wrap;&quot;
              &gt;
                ► 
              &lt;/ink-text&gt;
              &lt;ink-text
                style=&quot;flex-grow: 0; flex-shrink: 1; flex-direction: row; text-wrap: wrap;&quot;
              &gt;
                [
              &lt;/ink-text&gt;
              &lt;ink-text
                style=&quot;flex-grow: 0; flex-shrink: 1; flex-direction: row; text-wrap: wrap;&quot;
              &gt;
                mem-001
              &lt;/ink-text&gt;
              &lt;ink-text
                style=&quot;flex-grow: 0; flex-shrink: 1; flex-direction: row; text-wrap: wrap;&quot;
              &gt;
                ] 
              &lt;/ink-text&gt;
              &lt;ink-text
                style=&quot;flex-grow: 0; flex-shrink: 1; flex-direction: row; text-wrap: wrap;&quot;
              &gt;
                GPT-5プロンプトガイドの分析結果
              &lt;/ink-text&gt;
            &lt;/ink-box&gt;
            &lt;ink-box
              style=&quot;flex-wrap: nowrap; flex-direction: row; flex-grow: 0; flex-shrink: 1; overflow-x: visible; overflow-y: visible;&quot;
            &gt;
              &lt;ink-text
                style=&quot;flex-grow: 0; flex-shrink: 1; flex-direction: row; text-wrap: wrap;&quot;
              &gt;
                  
              &lt;/ink-text&gt;
              &lt;ink-text
                style=&quot;flex-grow: 0; flex-shrink: 1; flex-direction: row; text-wrap: wrap;&quot;
              &gt;
                [
              &lt;/ink-text&gt;
              &lt;ink-text
                style=&quot;flex-grow: 0; flex-shrink: 1; flex-direction: row; text-wrap: wrap;&quot;
              &gt;
                mem-002
              &lt;/ink-text&gt;
              &lt;ink-text
                style=&quot;flex-grow: 0; flex-shrink: 1; flex-direction: row; text-wrap: wrap;&quot;
              &gt;
                ] 
              &lt;/ink-text&gt;
              &lt;ink-text
                style=&quot;flex-grow: 0; flex-shrink: 1; flex-direction: row; text-wrap: wrap;&quot;
              &gt;
                シナプス記憶システムのPhase 2実装完了
              &lt;/ink-text&gt;
            &lt;/ink-box&gt;
            &lt;ink-box
              style=&quot;flex-wrap: nowrap; flex-direction: row; flex-grow: 0; flex-shrink: 1; overflow-x: visible; overflow-y: visible;&quot;
            &gt;
              &lt;ink-text
                style=&quot;flex-grow: 0; flex-shrink: 1; flex-direction: row; text-wrap: wrap;&quot;
              &gt;
                  
              &lt;/ink-text&gt;
              &lt;ink-text
                style=&quot;flex-grow: 0; flex-shrink: 1; flex-direction: row; text-wrap: wrap;&quot;
              &gt;
                [
              &lt;/ink-text&gt;
              &lt;ink-text
                style=&quot;flex-grow: 0; flex-shrink: 1; flex-direction: row; text-wrap: wrap;&quot;
              &gt;
                mem-003
              &lt;/ink-text&gt;
              &lt;ink-text
                style=&quot;flex-grow: 0; flex-shrink: 1; flex-direction: row; text-wrap: wrap;&quot;
              &gt;
                ] 
              &lt;/ink-text&gt;
              &lt;ink-text
                style=&quot;flex-grow: 0; flex-shrink: 1; flex-direction: row; text-wrap: wrap;&quot;
              &gt;
                RESTful API設計とエンドポイント定義
              &lt;/ink-text&gt;
            &lt;/ink-box&gt;
          &lt;/ink-box&gt;
          &lt;ink-box
            style=&quot;flex-wrap: nowrap; flex-direction: row; flex-grow: 0; flex-shrink: 1; margin-top: 1px; border-color: rgb(108, 112, 134); padding: 1px; overflow-x: visible; overflow-y: visible;&quot;
          &gt;
            &lt;ink-box
              style=&quot;flex-wrap: nowrap; flex-direction: column; flex-grow: 0; flex-shrink: 1; overflow-x: visible; overflow-y: visible;&quot;
            &gt;
              &lt;ink-text
                style=&quot;flex-grow: 0; flex-shrink: 1; flex-direction: row; text-wrap: wrap;&quot;
              &gt;
                詳細:
              &lt;/ink-text&gt;
              &lt;ink-text
                style=&quot;flex-grow: 0; flex-shrink: 1; flex-direction: row; text-wrap: wrap;&quot;
              &gt;
                ID: 
                mem-001
              &lt;/ink-text&gt;
              &lt;ink-text
                style=&quot;flex-grow: 0; flex-shrink: 1; flex-direction: row; text-wrap: wrap;&quot;
              &gt;
                アクセス数: 
                15
              &lt;/ink-text&gt;
              &lt;ink-text
                style=&quot;flex-grow: 0; flex-shrink: 1; flex-direction: row; text-wrap: wrap;&quot;
              &gt;
                成功率: 
                92.0
                %
              &lt;/ink-text&gt;
              &lt;ink-text
                style=&quot;flex-grow: 0; flex-shrink: 1; flex-direction: row; text-wrap: wrap;&quot;
              &gt;
                タグ: 
                gpt5, prompting, analysis
              &lt;/ink-text&gt;
            &lt;/ink-box&gt;
          &lt;/ink-box&gt;
        &lt;/ink-box&gt;
      &lt;/ink-box&gt;
      &lt;ink-box
        style=&quot;flex-wrap: nowrap; flex-direction: row; flex-grow: 0; flex-shrink: 1; margin-top: 1px; border-color: rgb(108, 112, 134); padding: 1px; overflow-x: visible; overflow-y: visible;&quot;
      &gt;
        &lt;ink-text
          style=&quot;flex-grow: 0; flex-shrink: 1; flex-direction: row; text-wrap: wrap;&quot;
        &gt;
          Tab: タブ切替 | ↑↓: 記憶選択 | q: 終了
        &lt;/ink-text&gt;
      &lt;/ink-box&gt;
    &lt;/ink-box&gt;
  &lt;/div&gt;
&lt;/body&gt;
 ❯ Object.getElementError node_modules/@testing-library/dom/dist/config.js:37:19
 ❯ node_modules/@testing-library/dom/dist/query-helpers.js:76:38
 ❯ node_modules/@testing-library/dom/dist/query-helpers.js:52:17
 ❯ node_modules/@testing-library/dom/dist/query-helpers.js:95:19
 ❯ src/ui/components/SynapticMemoryDashboard.test.tsx:196:19
            </failure>
        </testcase>
        <testcase classname="src/ui/components/SynapticMemoryDashboard.test.tsx" name="SynapticMemoryDashboard &gt; エラー状態が正しく表示されること" time="1.01286875">
            <failure message="Unable to find an element with the text: /Error:/. This could be because the text is broken up by multiple elements. In this case, you can provide a function for your text matcher to make your matcher more flexible.

Ignored nodes: comments, script, style
[36m&lt;body&gt;[39m
  [36m&lt;div&gt;[39m
    [36m&lt;ink-box[39m
      [33mstyle[39m=[32m&quot;flex-wrap: nowrap; flex-direction: column; flex-grow: 0; flex-shrink: 1; width: 52px; height: 20px; padding: 1px; overflow-x: visible; overflow-y: visible;&quot;[39m
    [36m&gt;[39m
      [36m&lt;ink-box[39m
        [33mstyle[39m=[32m&quot;flex-wrap: nowrap; flex-direction: row; flex-grow: 0; flex-shrink: 1; margin-bottom: 1px; overflow-x: visible; overflow-y: visible;&quot;[39m
      [36m&gt;[39m
        [36m&lt;ink-text[39m
          [33mstyle[39m=[32m&quot;flex-grow: 0; flex-shrink: 1; flex-direction: row; text-wrap: wrap;&quot;[39m
        [36m&gt;[39m
          [0mシナプス記憶システム ダッシュボード[0m
        [36m&lt;/ink-text&gt;[39m
      [36m&lt;/ink-box&gt;[39m
      [36m&lt;ink-box[39m
        [33mstyle[39m=[32m&quot;flex-wrap: nowrap; flex-direction: row; flex-grow: 0; flex-shrink: 1; margin-bottom: 1px; overflow-x: visible; overflow-y: visible;&quot;[39m
      [36m&gt;[39m
        [36m&lt;ink-box[39m
          [33mstyle[39m=[32m&quot;flex-wrap: nowrap; flex-direction: row; flex-grow: 0; flex-shrink: 1; margin-right: 2px; overflow-x: visible; overflow-y: visible;&quot;[39m
        [36m&gt;[39m
          [36m&lt;ink-text[39m
            [33mstyle[39m=[32m&quot;flex-grow: 0; flex-shrink: 1; flex-direction: row; text-wrap: wrap;&quot;[39m
          [36m&gt;[39m
            [0m[[0m
            [0m1[0m
            [0m] [0m
            [0m記憶一覧[0m
          [36m&lt;/ink-text&gt;[39m
        [36m&lt;/ink-box&gt;[39m
        [36m&lt;ink-box[39m
          [33mstyle[39m=[32m&quot;flex-wrap: nowrap; flex-direction: row; flex-grow: 0; flex-shrink: 1; margin-right: 2px; overflow-x: visible; overflow-y: visible;&quot;[39m
        [36m&gt;[39m
          [36m&lt;ink-text[39m
            [33mstyle[39m=[32m&quot;flex-grow: 0; flex-shrink: 1; flex-direction: row; text-wrap: wrap;&quot;[39m
          [36m&gt;[39m
            [0m[[0m
            [0m2[0m
            [0m] [0m
            [0mシナプス結合[0m
          [36m&lt;/ink-text&gt;[39m
        [36m&lt;/ink-box&gt;[39m
        [36m&lt;ink-box[39m
          [33mstyle[39m=[32m&quot;flex-wrap: nowrap; flex-direction: row; flex-grow: 0; flex-shrink: 1; margin-right: 2px; overflow-x: visible; overflow-y: visible;&quot;[39m
        [36m&gt;[39m
          [36m&lt;ink-text[39m
            [33mstyle[39m=[32m&quot;flex-grow: 0; flex-shrink: 1; flex-direction: row; text-wrap: wrap;&quot;[39m
          [36m&gt;[39m
            [0m[[0m
            [0m3[0m
            [0m] [0m
            [0mネットワーク診断[0m
          [36m&lt;/ink-text&gt;[39m
        [36m&lt;/ink-box&gt;[39m
        [36m&lt;ink-box[39m
          [33mstyle[39m=[32m&quot;flex-wrap: nowrap; flex-direction: row; flex-grow: 0; flex-shrink: 1; margin-right: 2px; overflow-x: visible; overflow-y: visible;&quot;[39m
        [36m&gt;[39m
          [36m&lt;ink-text[39m
            [33mstyle[39m=[32m&quot;flex-grow: 0; flex-shrink: 1; flex-direction: row; text-wrap: wrap;&quot;[39m
          [36m&gt;[39m
            [0m[[0m
            [0m4[0m
            [0m] [0m
            [0m設定[0m
          [36m&lt;/ink-text&gt;[39m
        [36m&lt;/ink-box&gt;[39m
      [36m&lt;/ink-box&gt;[39m
      [36m&lt;ink-box[39m
        [33mstyle[39m=[32m&quot;flex-wrap: nowrap; flex-direction: row; flex-grow: 1; flex-shrink: 1; overflow: hidden; overflow-x: hidden; overflow-y: hidden;&quot;[39m
      [36m&gt;[39m
        [36m&lt;ink-box[39m
          [33mstyle[39m=[32m&quot;flex-wrap: nowrap; flex-direction: column; flex-grow: 1; flex-shrink: 1; overflow-x: visible; overflow-y: visible;&quot;[39m
        [36m&gt;[39m
          [36m&lt;ink-box[39m
            [33mstyle[39m=[32m&quot;flex-wrap: nowrap; flex-direction: row; flex-grow: 0; flex-shrink: 1; margin-bottom: 1px; overflow-x: visible; overflow-y: visible;&quot;[39m
          [36m&gt;[39m
            [36m&lt;ink-text[39m
              [33mstyle[39m=[32m&quot;flex-grow: 0; flex-shrink: 1; flex-direction: row; text-wrap: wrap;&quot;[39m
            [36m&gt;[39m
              [0m記憶一覧 ([0m
              [0m3[0m
              [0m件)[0m
            [36m&lt;/ink-text&gt;[39m
          [36m&lt;/ink-box&gt;[39m
          [36m&lt;ink-box[39m
            [33mstyle[39m=[32m&quot;flex-wrap: nowrap; flex-direction: column; flex-grow: 0; flex-shrink: 0; width: 48px; overflow-x: visible; overflow-y: visible;&quot;[39m
          [36m&gt;[39m
            [36m&lt;ink-box[39m
              [33mstyle[39m=[32m&quot;flex-wrap: nowrap; flex-direction: row; flex-grow: 0; flex-shrink: 1; overflow-x: visible; overflow-y: visible;&quot;[39m
            [36m&gt;[39m
              [36m&lt;ink-text[39m
                [33mstyle[39m=[32m&quot;flex-grow: 0; flex-shrink: 1; flex-direction: row; text-wrap: wrap;&quot;[39m
              [36m&gt;[39m
                [0m► [0m
              [36m&lt;/ink-text&gt;[39m
              [36m&lt;ink-text[39m
                [33mstyle[39m=[32m&quot;flex-grow: 0; flex-shrink: 1; flex-direction: row; text-wrap: wrap;&quot;[39m
              [36m&gt;[39m
                [0m[[0m
              [36m&lt;/ink-text&gt;[39m
              [36m&lt;ink-text[39m
                [33mstyle[39m=[32m&quot;flex-grow: 0; flex-shrink: 1; flex-direction: row; text-wrap: wrap;&quot;[39m
              [36m&gt;[39m
                [0mmem-001[0m
              [36m&lt;/ink-text&gt;[39m
              [36m&lt;ink-text[39m
                [33mstyle[39m=[32m&quot;flex-grow: 0; flex-shrink: 1; flex-direction: row; text-wrap: wrap;&quot;[39m
              [36m&gt;[39m
                [0m] [0m
              [36m&lt;/ink-text&gt;[39m
              [36m&lt;ink-text[39m
                [33mstyle[39m=[32m&quot;flex-grow: 0; flex-shrink: 1; flex-direction: row; text-wrap: wrap;&quot;[39m
              [36m&gt;[39m
                [0mGPT-5プロンプトガイドの分析結果[0m
              [36m&lt;/ink-text&gt;[39m
            [36m&lt;/ink-box&gt;[39m
            [36m&lt;ink-box[39m
              [33mstyle[39m=[32m&quot;flex-wrap: nowrap; flex-direction: row; flex-grow: 0; flex-shrink: 1; overflow-x: visible; overflow-y: visible;&quot;[39m
            [36m&gt;[39m
              [36m&lt;ink-text[39m
                [33mstyle[39m=[32m&quot;flex-grow: 0; flex-shrink: 1; flex-direction: row; text-wrap: wrap;&quot;[39m
              [36m&gt;[39m
                [0m  [0m
              [36m&lt;/ink-text&gt;[39m
              [36m&lt;ink-text[39m
                [33mstyle[39m=[32m&quot;flex-grow: 0; flex-shrink: 1; flex-direction: row; text-wrap: wrap;&quot;[39m
              [36m&gt;[39m
                [0m[[0m
              [36m&lt;/ink-text&gt;[39m
              [36m&lt;ink-text[39m
                [33mstyle[39m=[32m&quot;flex-grow: 0; flex-shrink: 1; flex-direction: row; text-wrap: wrap;&quot;[39m
              [36m&gt;[39m
                [0mmem-002[0m
              [36m&lt;/ink-text&gt;[39m
              [36m&lt;ink-text[39m
                [33mstyle[39m=[32m&quot;flex-grow: 0; flex-shrink: 1; flex-direction: row; text-wrap: wrap;&quot;[39m
              [36m&gt;[39m
                [0m] [0m
              [36m&lt;/ink-text&gt;[39m
              [36m&lt;ink-text[39m
                [33mstyle[39m=[32m&quot;flex-grow: 0; flex-shrink: 1; flex-direction: row; text-wrap: wrap;&quot;[39m
              [36m&gt;[39m
                [0mシナプス記憶システムのPhase 2実装完了[0m
              [36m&lt;/ink-text&gt;[39m
            [36m&lt;/ink-box&gt;[39m
            [36m&lt;ink-box[39m
              [33mstyle[39m=[32m&quot;flex-wrap: nowrap; flex-direction: row; flex-grow: 0; flex-shrink: 1; overflow-x: visible; overflow-y: visible;&quot;[39m
            [36m&gt;[39m
              [36m&lt;ink-text[39m
                [33mstyle[39m=[32m&quot;flex-grow: 0; flex-shrink: 1; flex-direction: row; text-wrap: wrap;&quot;[39m
              [36m&gt;[39m
                [0m  [0m
              [36m&lt;/ink-text&gt;[39m
              [36m&lt;ink-text[39m
                [33mstyle[39m=[32m&quot;flex-grow: 0; flex-shrink: 1; flex-direction: row; text-wrap: wrap;&quot;[39m
              [36m&gt;[39m
                [0m[[0m
              [36m&lt;/ink-text&gt;[39m
              [36m&lt;ink-text[39m
                [33mstyle[39m=[32m&quot;flex-grow: 0; flex-shrink: 1; flex-direction: row; text-wrap: wrap;&quot;[39m
              [36m&gt;[39m
                [0mmem-003[0m
              [36m&lt;/ink-text&gt;[39m
              [36m&lt;ink-text[39m
                [33mstyle[39m=[32m&quot;flex-grow: 0; flex-shrink: 1; flex-direction: row; text-wrap: wrap;&quot;[39m
              [36m&gt;[39m
                [0m] [0m
              [36m&lt;/ink-text&gt;[39m
              [36m&lt;ink-text[39m
                [33mstyle[39m=[32m&quot;flex-grow: 0; flex-shrink: 1; flex-direction: row; text-wrap: wrap;&quot;[39m
              [36m&gt;[39m
                [0mRESTful API設計とエンドポイント定義[0m
              [36m&lt;/ink-text&gt;[39m
            [36m&lt;/ink-box&gt;[39m
          [36m&lt;/ink-box&gt;[39m
          [36m&lt;ink-box[39m
            [33mstyle[39m=[32m&quot;flex-wrap: nowrap; flex-direction: row; flex-grow: 0; flex-shrink: 1; margin-top: 1px; border-color: rgb(108, 112, 134); padding: 1px; overflow-x: visible; overflow-y: visible;&quot;[39m
          [36m&gt;[39m
            [36m&lt;ink-box[39m
              [33mstyle[39m=[32m&quot;flex-wrap: nowrap; flex-direction: column; flex-grow: 0; flex-shrink: 1; overflow-x: visible; overflow-y: visible;&quot;[39m
            [36m&gt;[39m
              [36m&lt;ink-text[39m
                [33mstyle[39m=[32m&quot;flex-grow: 0; flex-shrink: 1; flex-direction: row; text-wrap: wrap;&quot;[39m
              [36m&gt;[39m
                [0m詳細:[0m
              [36m&lt;/ink-text&gt;[39m
              [36m&lt;ink-text[39m
                [33mstyle[39m=[32m&quot;flex-grow: 0; flex-shrink: 1; flex-direction: row; text-wrap: wrap;&quot;[39m
              [36m&gt;[39m
                [0mID: [0m
                [0mmem-001[0m
              [36m&lt;/ink-text&gt;[39m
              [36m&lt;ink-text[39m
                [33mstyle[39m=[32m&quot;flex-grow: 0; flex-shrink: 1; flex-direction: row; text-wrap: wrap;&quot;[39m
              [36m&gt;[39m
                [0mアクセス数: [0m
                [0m15[0m
              [36m&lt;/ink-text&gt;[39m
              [36m&lt;ink-text[39m
                [33mstyle[39m=[32m&quot;flex-grow: 0; flex-shrink: 1; flex-direction: row; text-wrap: wrap;&quot;[39m
              [36m&gt;[39m
                [0m成功率: [0m
                [0m92.0[0m
                [0m%[0m
              [36m&lt;/ink-text&gt;[39m
              [36m&lt;ink-text[39m
                [33mstyle[39m=[32m&quot;flex-grow: 0; flex-shrink: 1; flex-direction: row; text-wrap: wrap;&quot;[39m
              [36m&gt;[39m
                [0mタグ: [0m
                [0mgpt5, prompting, analysis[0m
              [36m&lt;/ink-text&gt;[39m
            [36m&lt;/ink-box&gt;[39m
          [36m&lt;/ink-box&gt;[39m
        [36m&lt;/ink-box&gt;[39m
      [36m&lt;/ink-box&gt;[39m
      [36m&lt;ink-box[39m
        [33mstyle[39m=[32m&quot;flex-wrap: nowrap; flex-direction: row; flex-grow: 0; flex-shrink: 1; margin-top: 1px; border-color: rgb(108, 112, 134); padding: 1px; overflow-x: visible; overflow-y: visible;&quot;[39m
      [36m&gt;[39m
        [36m&lt;ink-text[39m
          [33mstyle[39m=[32m&quot;flex-grow: 0; flex-shrink: 1; flex-direction: row; text-wrap: wrap;&quot;[39m
        [36m&gt;[39m
          [0mTab: タブ切替 | ↑↓: 記憶選択 | q: 終了[0m
        [36m&lt;/ink-text&gt;[39m
      [36m&lt;/ink-box&gt;[39m
    [36m&lt;/ink-box&gt;[39m
  [36m&lt;/div&gt;[39m
[36m&lt;/body&gt;[39m

Ignored nodes: comments, script, style
[36m&lt;html&gt;[39m
  [36m&lt;head /&gt;[39m
  [36m&lt;body&gt;[39m
    [36m&lt;div&gt;[39m
      [36m&lt;ink-box[39m
        [33mstyle[39m=[32m&quot;flex-wrap: nowrap; flex-direction: column; flex-grow: 0; flex-shrink: 1; width: 52px; height: 20px; padding: 1px; overflow-x: visible; overflow-y: visible;&quot;[39m
      [36m&gt;[39m
        [36m&lt;ink-box[39m
          [33mstyle[39m=[32m&quot;flex-wrap: nowrap; flex-direction: row; flex-grow: 0; flex-shrink: 1; margin-bottom: 1px; overflow-x: visible; overflow-y: visible;&quot;[39m
        [36m&gt;[39m
          [36m&lt;ink-text[39m
            [33mstyle[39m=[32m&quot;flex-grow: 0; flex-shrink: 1; flex-direction: row; text-wrap: wrap;&quot;[39m
          [36m&gt;[39m
            [0mシナプス記憶システム ダッシュボード[0m
          [36m&lt;/ink-text&gt;[39m
        [36m&lt;/ink-box&gt;[39m
        [36m&lt;ink-box[39m
          [33mstyle[39m=[32m&quot;flex-wrap: nowrap; flex-direction: row; flex-grow: 0; flex-shrink: 1; margin-bottom: 1px; overflow-x: visible; overflow-y: visible;&quot;[39m
        [36m&gt;[39m
          [36m&lt;ink-box[39m
            [33mstyle[39m=[32m&quot;flex-wrap: nowrap; flex-direction: row; flex-grow: 0; flex-shrink: 1; margin-right: 2px; overflow-x: visible; overflow-y: visible;&quot;[39m
          [36m&gt;[39m
            [36m&lt;ink-text[39m
              [33mstyle[39m=[32m&quot;flex-grow: 0; flex-shrink: 1; flex-direction: row; text-wrap: wrap;&quot;[39m
            [36m&gt;[39m
              [0m[[0m
              [0m1[0m
              [0m] [0m
              [0m記憶一覧[0m
            [36m&lt;/ink-text&gt;[39m
          [36m&lt;/ink-box&gt;[39m
          [36m&lt;ink-box[39m
            [33mstyle[39m=[32m&quot;flex-wrap: nowrap; flex-direction: row; flex-grow: 0; flex-shrink: 1; margin-right: 2px; overflow-x: visible; overflow-y: visible;&quot;[39m
          [36m&gt;[39m
            [36m&lt;ink-text[39m
              [33mstyle[39m=[32m&quot;flex-grow: 0; flex-shrink: 1; flex-direction: row; text-wrap: wrap;&quot;[39m
            [36m&gt;[39m
              [0m[[0m
              [0m2[0m
              [0m] [0m
              [0mシナプス結合[0m
            [36m&lt;/ink-text&gt;[39m
          [36m&lt;/ink-box&gt;[39m
          [36m&lt;ink-box[39m
            [33mstyle[39m=[32m&quot;flex-wrap: nowrap; flex-direction: row; flex-grow: 0; flex-shrink: 1; margin-right: 2px; overflow-x: visible; overflow-y: visible;&quot;[39m
          [36m&gt;[39m
            [36m&lt;ink-text[39m
              [33mstyle[39m=[32m&quot;flex-grow: 0; flex-shrink: 1; flex-direction: row; text-wrap: wrap;&quot;[39m
            [36m&gt;[39m
              [0m[[0m
              [0m3[0m
              [0m] [0m
              [0mネットワーク診断[0m
            [36m&lt;/ink-text&gt;[39m
          [36m&lt;/ink-box&gt;[39m
          [36m&lt;ink-box[39m
            [33mstyle[39m=[32m&quot;flex-wrap: nowrap; flex-direction: row; flex-grow: 0; flex-shrink: 1; margin-right: 2px; overflow-x: visible; overflow-y: visible;&quot;[39m
          [36m&gt;[39m
            [36m&lt;ink-text[39m
              [33mstyle[39m=[32m&quot;flex-grow: 0; flex-shrink: 1; flex-direction: row; text-wrap: wrap;&quot;[39m
            [36m&gt;[39m
              [0m[[0m
              [0m4[0m
              [0m] [0m
              [0m設定[0m
            [36m&lt;/ink-text&gt;[39m
          [36m&lt;/ink-box&gt;[39m
        [36m&lt;/ink-box&gt;[39m
        [36m&lt;ink-box[39m
          [33mstyle[39m=[32m&quot;flex-wrap: nowrap; flex-direction: row; flex-grow: 1; flex-shrink: 1; overflow: hidden; overflow-x: hidden; overflow-y: hidden;&quot;[39m
        [36m&gt;[39m
          [36m&lt;ink-box[39m
            [33mstyle[39m=[32m&quot;flex-wrap: nowrap; flex-direction: column; flex-grow: 1; flex-shrink: 1; overflow-x: visible; overflow-y: visible;&quot;[39m
          [36m&gt;[39m
            [36m&lt;ink-box[39m
              [33mstyle[39m=[32m&quot;flex-wrap: nowrap; flex-direction: row; flex-grow: 0; flex-shrink: 1; margin-bottom: 1px; overflow-x: visible; overflow-y: visible;&quot;[39m
            [36m&gt;[39m
              [36m&lt;ink-text[39m
                [33mstyle[39m=[32m&quot;flex-grow: 0; flex-shrink: 1; flex-direction: row; text-wrap: wrap;&quot;[39m
              [36m&gt;[39m
                [0m記憶一覧 ([0m
                [0m3[0m
                [0m件)[0m
              [36m&lt;/ink-text&gt;[39m
            [36m&lt;/ink-box&gt;[39m
            [36m&lt;ink-box[39m
              [33mstyle[39m=[32m&quot;flex-wrap: nowrap; flex-direction: column; flex-grow: 0; flex-shrink: 0; width: 48px; overflow-x: visible; overflow-y: visible;&quot;[39m
            [36m&gt;[39m
              [36m&lt;ink-box[39m
                [33mstyle[39m=[32m&quot;flex-wrap: nowrap; flex-direction: row; flex-grow: 0; flex-shrink: 1; overflow-x: visible; overflow-y: visible;&quot;[39m
              [36m&gt;[39m
                [36m&lt;ink-text[39m
                  [33mstyle[39m=[32m&quot;flex-grow: 0; flex-shrink: 1; flex-direction: row; text-wrap: wrap;&quot;[39m
                [36m&gt;[39m
                  [0m► [0m
                [36m&lt;/ink-text&gt;[39m
                [36m&lt;ink-text[39m
                  [33mstyle[39m=[32m&quot;flex-grow: 0; flex-shrink: 1; flex-direction: row; text-wrap: wrap;&quot;[39m
                [36m&gt;[39m
                  [0m[[0m
                [36m&lt;/ink-text&gt;[39m
                [36m&lt;ink-text[39m
                  [33mstyle[39m=[32m&quot;flex-grow: 0; flex-shrink: 1; flex-direction: row; text-wrap: wrap;&quot;[39m
                [36m&gt;[39m
                  [0mmem-001[0m
                [36m&lt;/ink-text&gt;[39m
                [36m&lt;ink-text[39m
                  [33mstyle[39m=[32m&quot;flex-grow: 0; flex-shrink: 1; flex-direction: row; text-wrap: wrap;&quot;[39m
                [36m&gt;[39m
                  [0m] [0m
                [36m&lt;/ink-text&gt;[39m
                [36m&lt;ink-text[39m
                  [33mstyle[39m=[32m&quot;flex-grow: 0; flex-shrink: 1; flex-direction: row; text-wrap: wrap;&quot;[39m
                [36m&gt;[39m
                  [0mGPT-5プロンプトガイドの分析結果[0m
                [36m&lt;/ink-text&gt;[39m
              [36m&lt;/ink-box&gt;[39m
              [36m&lt;ink-box[39m
                [33mstyle[39m=[32m&quot;flex-wrap: nowrap; flex-direction: row; flex-grow: 0; flex-shrink: 1; overflow-x: visible; overflow-y: visible;&quot;[39m
              [36m&gt;[39m
                [36m&lt;ink-text[39m
                  [33mstyle[39m=[32m&quot;flex-grow: 0; flex-shrink: 1; flex-direction: row; text-wrap: wrap;&quot;[39m
                [36m&gt;[39m
                  [0m  [0m
                [36m&lt;/ink-text&gt;[39m
                [36m&lt;ink-text[39m
                  [33mstyle[39m=[32m&quot;flex-grow: 0; flex-shrink: 1; flex-direction: row; text-wrap: wrap;&quot;[39m
                [36m&gt;[39m
                  [0m[[0m
                [36m&lt;/ink-text&gt;[39m
                [36m&lt;ink-text[39m
                  [33mstyle[39m=[32m&quot;flex-grow: 0; flex-shrink: 1; flex-direction: row; text-wrap: wrap;&quot;[39m
                [36m&gt;[39m
                  [0mmem-002[0m
                [36m&lt;/ink-text&gt;[39m
                [36m&lt;ink-text[39m
                  [33mstyle[39m=[32m&quot;flex-grow: 0; flex-shrink: 1; flex-direction: row; text-wrap: wrap;&quot;[39m
                [36m&gt;[39m
                  [0m] [0m
                [36m&lt;/ink-text&gt;[39m
                [36m&lt;ink-text[39m
                  [33mstyle[39m=[32m&quot;flex-grow: 0; flex-shrink: 1; flex-direction: row; text-wrap: wrap;&quot;[39m
                [36m&gt;[39m
                  [0mシナプス記憶システムのPhase 2実装完了[0m
                [36m&lt;/ink-text&gt;[39m
              [36m&lt;/ink-box&gt;[39m
              [36m&lt;ink-box[39m
                [33mstyle[39m=[32m&quot;flex-wrap: nowrap; flex-direction: row; flex-grow: 0; flex-shrink: 1; overflow-x: visible; overflow-y: visible;&quot;[39m
              [36m&gt;[39m
                [36m&lt;ink-text[39m
                  [33mstyle[39m=[32m&quot;flex-grow: 0; flex-shrink: 1; flex-direction: row; text-wrap: wrap;&quot;[39m
                [36m&gt;[39m
                  [0m  [0m
                [36m&lt;/ink-text&gt;[39m
                [36m&lt;ink-text[39m
                  [33mstyle[39m=[32m&quot;flex-grow: 0; flex-shrink: 1; flex-direction: row; text-wrap: wrap;&quot;[39m
                [36m&gt;[39m
                  [0m[[0m
                [36m&lt;/ink-text&gt;[39m
                [36m&lt;ink-text[39m
                  [33mstyle[39m=[32m&quot;flex-grow: 0; flex-shrink: 1; flex-direction: row; text-wrap: wrap;&quot;[39m
                [36m&gt;[39m
                  [0mmem-003[0m
                [36m&lt;/ink-text&gt;[39m
                [36m&lt;ink-text[39m
                  [33mstyle[39m=[32m&quot;flex-grow: 0; flex-shrink: 1; flex-direction: row; text-wrap: wrap;&quot;[39m
                [36m&gt;[39m
                  [0m] [0m
                [36m&lt;/ink-text&gt;[39m
                [36m&lt;ink-text[39m
                  [33mstyle[39m=[32m&quot;flex-grow: 0; flex-shrink: 1; flex-direction: row; text-wrap: wrap;&quot;[39m
                [36m&gt;[39m
                  [0mRESTful API設計とエンドポイント定義[0m
                [36m&lt;/ink-text&gt;[39m
              [36m&lt;/ink-box&gt;[39m
            [36m&lt;/ink-box&gt;[39m
            [36m&lt;ink-box[39m
              [33mstyle[39m=[32m&quot;flex-wrap: nowrap; flex-direction: row; flex-grow: 0; flex-shrink: 1; margin-top: 1px; border-color: rgb(108, 112, 134); padding: 1px; overflow-x: visible; overflow-y: visible;&quot;[39m
            [36m&gt;[39m
              [36m&lt;ink-box[39m
                [33mstyle[39m=[32m&quot;flex-wrap: nowrap; flex-direction: column; flex-grow: 0; flex-shrink: 1; overflow-x: visible; overflow-y: visible;&quot;[39m
              [36m&gt;[39m
                [36m&lt;ink-text[39m
                  [33mstyle[39m=[32m&quot;flex-grow: 0; flex-shrink: 1; flex-direction: row; text-wrap: wrap;&quot;[39m
                [36m&gt;[39m
                  [0m詳細:[0m
                [36m&lt;/ink-text&gt;[39m
                [36m&lt;ink-text[39m
                  [33mstyle[39m=[32m&quot;flex-grow: 0; flex-shrink: 1; flex-direction: row; text-wrap: wrap;&quot;[39m
                [36m&gt;[39m
                  [0mID: [0m
                  [0mmem-001[0m
                [36m&lt;/ink-text&gt;[39m
                [36m&lt;ink-text[39m
                  [33mstyle[39m=[32m&quot;flex-grow: 0; flex-shrink: 1; flex-direction: row; text-wrap: wrap;&quot;[39m
                [36m&gt;[39m
                  [0mアクセス数: [0m
                  [0m15[0m
                [36m&lt;/ink-text&gt;[39m
                [36m&lt;ink-text[39m
                  [33mstyle[39m=[32m&quot;flex-grow: 0; flex-shrink: 1; flex-direction: row; text-wrap: wrap;&quot;[39m
                [36m&gt;[39m
                  [0m成功率: [0m
                  [0m92.0[0m
                  [0m%[0m
                [36m&lt;/ink-text&gt;[39m
                [36m&lt;ink-text[39m
                  [33mstyle[39m=[32m&quot;flex-grow: 0; flex-shrink: 1; flex-direction: row; text-wrap: wrap;&quot;[39m
                [36m&gt;[39m
                  [0mタグ: [0m
                  [0mgpt5, prompting, analysis[0m
                [36m&lt;/ink-text&gt;[39m
              [36m&lt;/ink-box&gt;[39m
            [36m&lt;/ink-box&gt;[39m
          [36m&lt;/ink-box&gt;[39m
        [36m&lt;/ink-box&gt;[39m
        [36m&lt;ink-box[39m
          [33mstyle[39m=[32m&quot;flex-wrap: nowrap; flex-direction: row; flex-grow: 0; flex-shrink: 1; margin-top: 1px; border-color: rgb(108, 112, 134); padding: 1px; overflow-x: visible; overflow-y: visible;&quot;[39m
        [36m&gt;[39m
          [36m&lt;ink-text[39m
            [33mstyle[39m=[32m&quot;flex-grow: 0; flex-shrink: 1; flex-direction: row; text-wrap: wrap;&quot;[39m
          [36m&gt;[39m
            [0mTab: タブ切替 | ↑↓: 記憶選択 | q: 終了[0m
          [36m&lt;/ink-text&gt;[39m
        [36m&lt;/ink-box&gt;[39m
      [36m&lt;/ink-box&gt;[39m
    [36m&lt;/div&gt;[39m
  [36m&lt;/body&gt;[39m
[36m&lt;/html&gt;[39m" type="TestingLibraryElementError">
TestingLibraryElementError: Unable to find an element with the text: /Error:/. This could be because the text is broken up by multiple elements. In this case, you can provide a function for your text matcher to make your matcher more flexible.

Ignored nodes: comments, script, style
&lt;body&gt;
  &lt;div&gt;
    &lt;ink-box
      style=&quot;flex-wrap: nowrap; flex-direction: column; flex-grow: 0; flex-shrink: 1; width: 52px; height: 20px; padding: 1px; overflow-x: visible; overflow-y: visible;&quot;
    &gt;
      &lt;ink-box
        style=&quot;flex-wrap: nowrap; flex-direction: row; flex-grow: 0; flex-shrink: 1; margin-bottom: 1px; overflow-x: visible; overflow-y: visible;&quot;
      &gt;
        &lt;ink-text
          style=&quot;flex-grow: 0; flex-shrink: 1; flex-direction: row; text-wrap: wrap;&quot;
        &gt;
          シナプス記憶システム ダッシュボード
        &lt;/ink-text&gt;
      &lt;/ink-box&gt;
      &lt;ink-box
        style=&quot;flex-wrap: nowrap; flex-direction: row; flex-grow: 0; flex-shrink: 1; margin-bottom: 1px; overflow-x: visible; overflow-y: visible;&quot;
      &gt;
        &lt;ink-box
          style=&quot;flex-wrap: nowrap; flex-direction: row; flex-grow: 0; flex-shrink: 1; margin-right: 2px; overflow-x: visible; overflow-y: visible;&quot;
        &gt;
          &lt;ink-text
            style=&quot;flex-grow: 0; flex-shrink: 1; flex-direction: row; text-wrap: wrap;&quot;
          &gt;
            [
            1
            ] 
            記憶一覧
          &lt;/ink-text&gt;
        &lt;/ink-box&gt;
        &lt;ink-box
          style=&quot;flex-wrap: nowrap; flex-direction: row; flex-grow: 0; flex-shrink: 1; margin-right: 2px; overflow-x: visible; overflow-y: visible;&quot;
        &gt;
          &lt;ink-text
            style=&quot;flex-grow: 0; flex-shrink: 1; flex-direction: row; text-wrap: wrap;&quot;
          &gt;
            [
            2
            ] 
            シナプス結合
          &lt;/ink-text&gt;
        &lt;/ink-box&gt;
        &lt;ink-box
          style=&quot;flex-wrap: nowrap; flex-direction: row; flex-grow: 0; flex-shrink: 1; margin-right: 2px; overflow-x: visible; overflow-y: visible;&quot;
        &gt;
          &lt;ink-text
            style=&quot;flex-grow: 0; flex-shrink: 1; flex-direction: row; text-wrap: wrap;&quot;
          &gt;
            [
            3
            ] 
            ネットワーク診断
          &lt;/ink-text&gt;
        &lt;/ink-box&gt;
        &lt;ink-box
          style=&quot;flex-wrap: nowrap; flex-direction: row; flex-grow: 0; flex-shrink: 1; margin-right: 2px; overflow-x: visible; overflow-y: visible;&quot;
        &gt;
          &lt;ink-text
            style=&quot;flex-grow: 0; flex-shrink: 1; flex-direction: row; text-wrap: wrap;&quot;
          &gt;
            [
            4
            ] 
            設定
          &lt;/ink-text&gt;
        &lt;/ink-box&gt;
      &lt;/ink-box&gt;
      &lt;ink-box
        style=&quot;flex-wrap: nowrap; flex-direction: row; flex-grow: 1; flex-shrink: 1; overflow: hidden; overflow-x: hidden; overflow-y: hidden;&quot;
      &gt;
        &lt;ink-box
          style=&quot;flex-wrap: nowrap; flex-direction: column; flex-grow: 1; flex-shrink: 1; overflow-x: visible; overflow-y: visible;&quot;
        &gt;
          &lt;ink-box
            style=&quot;flex-wrap: nowrap; flex-direction: row; flex-grow: 0; flex-shrink: 1; margin-bottom: 1px; overflow-x: visible; overflow-y: visible;&quot;
          &gt;
            &lt;ink-text
              style=&quot;flex-grow: 0; flex-shrink: 1; flex-direction: row; text-wrap: wrap;&quot;
            &gt;
              記憶一覧 (
              3
              件)
            &lt;/ink-text&gt;
          &lt;/ink-box&gt;
          &lt;ink-box
            style=&quot;flex-wrap: nowrap; flex-direction: column; flex-grow: 0; flex-shrink: 0; width: 48px; overflow-x: visible; overflow-y: visible;&quot;
          &gt;
            &lt;ink-box
              style=&quot;flex-wrap: nowrap; flex-direction: row; flex-grow: 0; flex-shrink: 1; overflow-x: visible; overflow-y: visible;&quot;
            &gt;
              &lt;ink-text
                style=&quot;flex-grow: 0; flex-shrink: 1; flex-direction: row; text-wrap: wrap;&quot;
              &gt;
                ► 
              &lt;/ink-text&gt;
              &lt;ink-text
                style=&quot;flex-grow: 0; flex-shrink: 1; flex-direction: row; text-wrap: wrap;&quot;
              &gt;
                [
              &lt;/ink-text&gt;
              &lt;ink-text
                style=&quot;flex-grow: 0; flex-shrink: 1; flex-direction: row; text-wrap: wrap;&quot;
              &gt;
                mem-001
              &lt;/ink-text&gt;
              &lt;ink-text
                style=&quot;flex-grow: 0; flex-shrink: 1; flex-direction: row; text-wrap: wrap;&quot;
              &gt;
                ] 
              &lt;/ink-text&gt;
              &lt;ink-text
                style=&quot;flex-grow: 0; flex-shrink: 1; flex-direction: row; text-wrap: wrap;&quot;
              &gt;
                GPT-5プロンプトガイドの分析結果
              &lt;/ink-text&gt;
            &lt;/ink-box&gt;
            &lt;ink-box
              style=&quot;flex-wrap: nowrap; flex-direction: row; flex-grow: 0; flex-shrink: 1; overflow-x: visible; overflow-y: visible;&quot;
            &gt;
              &lt;ink-text
                style=&quot;flex-grow: 0; flex-shrink: 1; flex-direction: row; text-wrap: wrap;&quot;
              &gt;
                  
              &lt;/ink-text&gt;
              &lt;ink-text
                style=&quot;flex-grow: 0; flex-shrink: 1; flex-direction: row; text-wrap: wrap;&quot;
              &gt;
                [
              &lt;/ink-text&gt;
              &lt;ink-text
                style=&quot;flex-grow: 0; flex-shrink: 1; flex-direction: row; text-wrap: wrap;&quot;
              &gt;
                mem-002
              &lt;/ink-text&gt;
              &lt;ink-text
                style=&quot;flex-grow: 0; flex-shrink: 1; flex-direction: row; text-wrap: wrap;&quot;
              &gt;
                ] 
              &lt;/ink-text&gt;
              &lt;ink-text
                style=&quot;flex-grow: 0; flex-shrink: 1; flex-direction: row; text-wrap: wrap;&quot;
              &gt;
                シナプス記憶システムのPhase 2実装完了
              &lt;/ink-text&gt;
            &lt;/ink-box&gt;
            &lt;ink-box
              style=&quot;flex-wrap: nowrap; flex-direction: row; flex-grow: 0; flex-shrink: 1; overflow-x: visible; overflow-y: visible;&quot;
            &gt;
              &lt;ink-text
                style=&quot;flex-grow: 0; flex-shrink: 1; flex-direction: row; text-wrap: wrap;&quot;
              &gt;
                  
              &lt;/ink-text&gt;
              &lt;ink-text
                style=&quot;flex-grow: 0; flex-shrink: 1; flex-direction: row; text-wrap: wrap;&quot;
              &gt;
                [
              &lt;/ink-text&gt;
              &lt;ink-text
                style=&quot;flex-grow: 0; flex-shrink: 1; flex-direction: row; text-wrap: wrap;&quot;
              &gt;
                mem-003
              &lt;/ink-text&gt;
              &lt;ink-text
                style=&quot;flex-grow: 0; flex-shrink: 1; flex-direction: row; text-wrap: wrap;&quot;
              &gt;
                ] 
              &lt;/ink-text&gt;
              &lt;ink-text
                style=&quot;flex-grow: 0; flex-shrink: 1; flex-direction: row; text-wrap: wrap;&quot;
              &gt;
                RESTful API設計とエンドポイント定義
              &lt;/ink-text&gt;
            &lt;/ink-box&gt;
          &lt;/ink-box&gt;
          &lt;ink-box
            style=&quot;flex-wrap: nowrap; flex-direction: row; flex-grow: 0; flex-shrink: 1; margin-top: 1px; border-color: rgb(108, 112, 134); padding: 1px; overflow-x: visible; overflow-y: visible;&quot;
          &gt;
            &lt;ink-box
              style=&quot;flex-wrap: nowrap; flex-direction: column; flex-grow: 0; flex-shrink: 1; overflow-x: visible; overflow-y: visible;&quot;
            &gt;
              &lt;ink-text
                style=&quot;flex-grow: 0; flex-shrink: 1; flex-direction: row; text-wrap: wrap;&quot;
              &gt;
                詳細:
              &lt;/ink-text&gt;
              &lt;ink-text
                style=&quot;flex-grow: 0; flex-shrink: 1; flex-direction: row; text-wrap: wrap;&quot;
              &gt;
                ID: 
                mem-001
              &lt;/ink-text&gt;
              &lt;ink-text
                style=&quot;flex-grow: 0; flex-shrink: 1; flex-direction: row; text-wrap: wrap;&quot;
              &gt;
                アクセス数: 
                15
              &lt;/ink-text&gt;
              &lt;ink-text
                style=&quot;flex-grow: 0; flex-shrink: 1; flex-direction: row; text-wrap: wrap;&quot;
              &gt;
                成功率: 
                92.0
                %
              &lt;/ink-text&gt;
              &lt;ink-text
                style=&quot;flex-grow: 0; flex-shrink: 1; flex-direction: row; text-wrap: wrap;&quot;
              &gt;
                タグ: 
                gpt5, prompting, analysis
              &lt;/ink-text&gt;
            &lt;/ink-box&gt;
          &lt;/ink-box&gt;
        &lt;/ink-box&gt;
      &lt;/ink-box&gt;
      &lt;ink-box
        style=&quot;flex-wrap: nowrap; flex-direction: row; flex-grow: 0; flex-shrink: 1; margin-top: 1px; border-color: rgb(108, 112, 134); padding: 1px; overflow-x: visible; overflow-y: visible;&quot;
      &gt;
        &lt;ink-text
          style=&quot;flex-grow: 0; flex-shrink: 1; flex-direction: row; text-wrap: wrap;&quot;
        &gt;
          Tab: タブ切替 | ↑↓: 記憶選択 | q: 終了
        &lt;/ink-text&gt;
      &lt;/ink-box&gt;
    &lt;/ink-box&gt;
  &lt;/div&gt;
&lt;/body&gt;

Ignored nodes: comments, script, style
&lt;html&gt;
  &lt;head /&gt;
  &lt;body&gt;
    &lt;div&gt;
      &lt;ink-box
        style=&quot;flex-wrap: nowrap; flex-direction: column; flex-grow: 0; flex-shrink: 1; width: 52px; height: 20px; padding: 1px; overflow-x: visible; overflow-y: visible;&quot;
      &gt;
        &lt;ink-box
          style=&quot;flex-wrap: nowrap; flex-direction: row; flex-grow: 0; flex-shrink: 1; margin-bottom: 1px; overflow-x: visible; overflow-y: visible;&quot;
        &gt;
          &lt;ink-text
            style=&quot;flex-grow: 0; flex-shrink: 1; flex-direction: row; text-wrap: wrap;&quot;
          &gt;
            シナプス記憶システム ダッシュボード
          &lt;/ink-text&gt;
        &lt;/ink-box&gt;
        &lt;ink-box
          style=&quot;flex-wrap: nowrap; flex-direction: row; flex-grow: 0; flex-shrink: 1; margin-bottom: 1px; overflow-x: visible; overflow-y: visible;&quot;
        &gt;
          &lt;ink-box
            style=&quot;flex-wrap: nowrap; flex-direction: row; flex-grow: 0; flex-shrink: 1; margin-right: 2px; overflow-x: visible; overflow-y: visible;&quot;
          &gt;
            &lt;ink-text
              style=&quot;flex-grow: 0; flex-shrink: 1; flex-direction: row; text-wrap: wrap;&quot;
            &gt;
              [
              1
              ] 
              記憶一覧
            &lt;/ink-text&gt;
          &lt;/ink-box&gt;
          &lt;ink-box
            style=&quot;flex-wrap: nowrap; flex-direction: row; flex-grow: 0; flex-shrink: 1; margin-right: 2px; overflow-x: visible; overflow-y: visible;&quot;
          &gt;
            &lt;ink-text
              style=&quot;flex-grow: 0; flex-shrink: 1; flex-direction: row; text-wrap: wrap;&quot;
            &gt;
              [
              2
              ] 
              シナプス結合
            &lt;/ink-text&gt;
          &lt;/ink-box&gt;
          &lt;ink-box
            style=&quot;flex-wrap: nowrap; flex-direction: row; flex-grow: 0; flex-shrink: 1; margin-right: 2px; overflow-x: visible; overflow-y: visible;&quot;
          &gt;
            &lt;ink-text
              style=&quot;flex-grow: 0; flex-shrink: 1; flex-direction: row; text-wrap: wrap;&quot;
            &gt;
              [
              3
              ] 
              ネットワーク診断
            &lt;/ink-text&gt;
          &lt;/ink-box&gt;
          &lt;ink-box
            style=&quot;flex-wrap: nowrap; flex-direction: row; flex-grow: 0; flex-shrink: 1; margin-right: 2px; overflow-x: visible; overflow-y: visible;&quot;
          &gt;
            &lt;ink-text
              style=&quot;flex-grow: 0; flex-shrink: 1; flex-direction: row; text-wrap: wrap;&quot;
            &gt;
              [
              4
              ] 
              設定
            &lt;/ink-text&gt;
          &lt;/ink-box&gt;
        &lt;/ink-box&gt;
        &lt;ink-box
          style=&quot;flex-wrap: nowrap; flex-direction: row; flex-grow: 1; flex-shrink: 1; overflow: hidden; overflow-x: hidden; overflow-y: hidden;&quot;
        &gt;
          &lt;ink-box
            style=&quot;flex-wrap: nowrap; flex-direction: column; flex-grow: 1; flex-shrink: 1; overflow-x: visible; overflow-y: visible;&quot;
          &gt;
            &lt;ink-box
              style=&quot;flex-wrap: nowrap; flex-direction: row; flex-grow: 0; flex-shrink: 1; margin-bottom: 1px; overflow-x: visible; overflow-y: visible;&quot;
            &gt;
              &lt;ink-text
                style=&quot;flex-grow: 0; flex-shrink: 1; flex-direction: row; text-wrap: wrap;&quot;
              &gt;
                記憶一覧 (
                3
                件)
              &lt;/ink-text&gt;
            &lt;/ink-box&gt;
            &lt;ink-box
              style=&quot;flex-wrap: nowrap; flex-direction: column; flex-grow: 0; flex-shrink: 0; width: 48px; overflow-x: visible; overflow-y: visible;&quot;
            &gt;
              &lt;ink-box
                style=&quot;flex-wrap: nowrap; flex-direction: row; flex-grow: 0; flex-shrink: 1; overflow-x: visible; overflow-y: visible;&quot;
              &gt;
                &lt;ink-text
                  style=&quot;flex-grow: 0; flex-shrink: 1; flex-direction: row; text-wrap: wrap;&quot;
                &gt;
                  ► 
                &lt;/ink-text&gt;
                &lt;ink-text
                  style=&quot;flex-grow: 0; flex-shrink: 1; flex-direction: row; text-wrap: wrap;&quot;
                &gt;
                  [
                &lt;/ink-text&gt;
                &lt;ink-text
                  style=&quot;flex-grow: 0; flex-shrink: 1; flex-direction: row; text-wrap: wrap;&quot;
                &gt;
                  mem-001
                &lt;/ink-text&gt;
                &lt;ink-text
                  style=&quot;flex-grow: 0; flex-shrink: 1; flex-direction: row; text-wrap: wrap;&quot;
                &gt;
                  ] 
                &lt;/ink-text&gt;
                &lt;ink-text
                  style=&quot;flex-grow: 0; flex-shrink: 1; flex-direction: row; text-wrap: wrap;&quot;
                &gt;
                  GPT-5プロンプトガイドの分析結果
                &lt;/ink-text&gt;
              &lt;/ink-box&gt;
              &lt;ink-box
                style=&quot;flex-wrap: nowrap; flex-direction: row; flex-grow: 0; flex-shrink: 1; overflow-x: visible; overflow-y: visible;&quot;
              &gt;
                &lt;ink-text
                  style=&quot;flex-grow: 0; flex-shrink: 1; flex-direction: row; text-wrap: wrap;&quot;
                &gt;
                    
                &lt;/ink-text&gt;
                &lt;ink-text
                  style=&quot;flex-grow: 0; flex-shrink: 1; flex-direction: row; text-wrap: wrap;&quot;
                &gt;
                  [
                &lt;/ink-text&gt;
                &lt;ink-text
                  style=&quot;flex-grow: 0; flex-shrink: 1; flex-direction: row; text-wrap: wrap;&quot;
                &gt;
                  mem-002
                &lt;/ink-text&gt;
                &lt;ink-text
                  style=&quot;flex-grow: 0; flex-shrink: 1; flex-direction: row; text-wrap: wrap;&quot;
                &gt;
                  ] 
                &lt;/ink-text&gt;
                &lt;ink-text
                  style=&quot;flex-grow: 0; flex-shrink: 1; flex-direction: row; text-wrap: wrap;&quot;
                &gt;
                  シナプス記憶システムのPhase 2実装完了
                &lt;/ink-text&gt;
              &lt;/ink-box&gt;
              &lt;ink-box
                style=&quot;flex-wrap: nowrap; flex-direction: row; flex-grow: 0; flex-shrink: 1; overflow-x: visible; overflow-y: visible;&quot;
              &gt;
                &lt;ink-text
                  style=&quot;flex-grow: 0; flex-shrink: 1; flex-direction: row; text-wrap: wrap;&quot;
                &gt;
                    
                &lt;/ink-text&gt;
                &lt;ink-text
                  style=&quot;flex-grow: 0; flex-shrink: 1; flex-direction: row; text-wrap: wrap;&quot;
                &gt;
                  [
                &lt;/ink-text&gt;
                &lt;ink-text
                  style=&quot;flex-grow: 0; flex-shrink: 1; flex-direction: row; text-wrap: wrap;&quot;
                &gt;
                  mem-003
                &lt;/ink-text&gt;
                &lt;ink-text
                  style=&quot;flex-grow: 0; flex-shrink: 1; flex-direction: row; text-wrap: wrap;&quot;
                &gt;
                  ] 
                &lt;/ink-text&gt;
                &lt;ink-text
                  style=&quot;flex-grow: 0; flex-shrink: 1; flex-direction: row; text-wrap: wrap;&quot;
                &gt;
                  RESTful API設計とエンドポイント定義
                &lt;/ink-text&gt;
              &lt;/ink-box&gt;
            &lt;/ink-box&gt;
            &lt;ink-box
              style=&quot;flex-wrap: nowrap; flex-direction: row; flex-grow: 0; flex-shrink: 1; margin-top: 1px; border-color: rgb(108, 112, 134); padding: 1px; overflow-x: visible; overflow-y: visible;&quot;
            &gt;
              &lt;ink-box
                style=&quot;flex-wrap: nowrap; flex-direction: column; flex-grow: 0; flex-shrink: 1; overflow-x: visible; overflow-y: visible;&quot;
              &gt;
                &lt;ink-text
                  style=&quot;flex-grow: 0; flex-shrink: 1; flex-direction: row; text-wrap: wrap;&quot;
                &gt;
                  詳細:
                &lt;/ink-text&gt;
                &lt;ink-text
                  style=&quot;flex-grow: 0; flex-shrink: 1; flex-direction: row; text-wrap: wrap;&quot;
                &gt;
                  ID: 
                  mem-001
                &lt;/ink-text&gt;
                &lt;ink-text
                  style=&quot;flex-grow: 0; flex-shrink: 1; flex-direction: row; text-wrap: wrap;&quot;
                &gt;
                  アクセス数: 
                  15
                &lt;/ink-text&gt;
                &lt;ink-text
                  style=&quot;flex-grow: 0; flex-shrink: 1; flex-direction: row; text-wrap: wrap;&quot;
                &gt;
                  成功率: 
                  92.0
                  %
                &lt;/ink-text&gt;
                &lt;ink-text
                  style=&quot;flex-grow: 0; flex-shrink: 1; flex-direction: row; text-wrap: wrap;&quot;
                &gt;
                  タグ: 
                  gpt5, prompting, analysis
                &lt;/ink-text&gt;
              &lt;/ink-box&gt;
            &lt;/ink-box&gt;
          &lt;/ink-box&gt;
        &lt;/ink-box&gt;
        &lt;ink-box
          style=&quot;flex-wrap: nowrap; flex-direction: row; flex-grow: 0; flex-shrink: 1; margin-top: 1px; border-color: rgb(108, 112, 134); padding: 1px; overflow-x: visible; overflow-y: visible;&quot;
        &gt;
          &lt;ink-text
            style=&quot;flex-grow: 0; flex-shrink: 1; flex-direction: row; text-wrap: wrap;&quot;
          &gt;
            Tab: タブ切替 | ↑↓: 記憶選択 | q: 終了
          &lt;/ink-text&gt;
        &lt;/ink-box&gt;
      &lt;/ink-box&gt;
    &lt;/div&gt;
  &lt;/body&gt;
&lt;/html&gt;
 ❯ Proxy.waitForWrapper node_modules/@testing-library/dom/dist/wait-for.js:163:27
 ❯ src/ui/components/SynapticMemoryDashboard.test.tsx:218:11
            </failure>
        </testcase>
        <testcase classname="src/ui/components/SynapticMemoryDashboard.test.tsx" name="SynapticMemoryDashboard &gt; ローディング状態が正しく表示されること" time="1.01274">
            <failure message="Unable to find an element with the text: Loading.... This could be because the text is broken up by multiple elements. In this case, you can provide a function for your text matcher to make your matcher more flexible.

Ignored nodes: comments, script, style
[36m&lt;body&gt;[39m
  [36m&lt;div&gt;[39m
    [36m&lt;ink-box[39m
      [33mstyle[39m=[32m&quot;flex-wrap: nowrap; flex-direction: column; flex-grow: 0; flex-shrink: 1; width: 52px; height: 20px; padding: 1px; overflow-x: visible; overflow-y: visible;&quot;[39m
    [36m&gt;[39m
      [36m&lt;ink-box[39m
        [33mstyle[39m=[32m&quot;flex-wrap: nowrap; flex-direction: row; flex-grow: 0; flex-shrink: 1; margin-bottom: 1px; overflow-x: visible; overflow-y: visible;&quot;[39m
      [36m&gt;[39m
        [36m&lt;ink-text[39m
          [33mstyle[39m=[32m&quot;flex-grow: 0; flex-shrink: 1; flex-direction: row; text-wrap: wrap;&quot;[39m
        [36m&gt;[39m
          [0mシナプス記憶システム ダッシュボード[0m
        [36m&lt;/ink-text&gt;[39m
      [36m&lt;/ink-box&gt;[39m
      [36m&lt;ink-box[39m
        [33mstyle[39m=[32m&quot;flex-wrap: nowrap; flex-direction: row; flex-grow: 0; flex-shrink: 1; margin-bottom: 1px; overflow-x: visible; overflow-y: visible;&quot;[39m
      [36m&gt;[39m
        [36m&lt;ink-box[39m
          [33mstyle[39m=[32m&quot;flex-wrap: nowrap; flex-direction: row; flex-grow: 0; flex-shrink: 1; margin-right: 2px; overflow-x: visible; overflow-y: visible;&quot;[39m
        [36m&gt;[39m
          [36m&lt;ink-text[39m
            [33mstyle[39m=[32m&quot;flex-grow: 0; flex-shrink: 1; flex-direction: row; text-wrap: wrap;&quot;[39m
          [36m&gt;[39m
            [0m[[0m
            [0m1[0m
            [0m] [0m
            [0m記憶一覧[0m
          [36m&lt;/ink-text&gt;[39m
        [36m&lt;/ink-box&gt;[39m
        [36m&lt;ink-box[39m
          [33mstyle[39m=[32m&quot;flex-wrap: nowrap; flex-direction: row; flex-grow: 0; flex-shrink: 1; margin-right: 2px; overflow-x: visible; overflow-y: visible;&quot;[39m
        [36m&gt;[39m
          [36m&lt;ink-text[39m
            [33mstyle[39m=[32m&quot;flex-grow: 0; flex-shrink: 1; flex-direction: row; text-wrap: wrap;&quot;[39m
          [36m&gt;[39m
            [0m[[0m
            [0m2[0m
            [0m] [0m
            [0mシナプス結合[0m
          [36m&lt;/ink-text&gt;[39m
        [36m&lt;/ink-box&gt;[39m
        [36m&lt;ink-box[39m
          [33mstyle[39m=[32m&quot;flex-wrap: nowrap; flex-direction: row; flex-grow: 0; flex-shrink: 1; margin-right: 2px; overflow-x: visible; overflow-y: visible;&quot;[39m
        [36m&gt;[39m
          [36m&lt;ink-text[39m
            [33mstyle[39m=[32m&quot;flex-grow: 0; flex-shrink: 1; flex-direction: row; text-wrap: wrap;&quot;[39m
          [36m&gt;[39m
            [0m[[0m
            [0m3[0m
            [0m] [0m
            [0mネットワーク診断[0m
          [36m&lt;/ink-text&gt;[39m
        [36m&lt;/ink-box&gt;[39m
        [36m&lt;ink-box[39m
          [33mstyle[39m=[32m&quot;flex-wrap: nowrap; flex-direction: row; flex-grow: 0; flex-shrink: 1; margin-right: 2px; overflow-x: visible; overflow-y: visible;&quot;[39m
        [36m&gt;[39m
          [36m&lt;ink-text[39m
            [33mstyle[39m=[32m&quot;flex-grow: 0; flex-shrink: 1; flex-direction: row; text-wrap: wrap;&quot;[39m
          [36m&gt;[39m
            [0m[[0m
            [0m4[0m
            [0m] [0m
            [0m設定[0m
          [36m&lt;/ink-text&gt;[39m
        [36m&lt;/ink-box&gt;[39m
      [36m&lt;/ink-box&gt;[39m
      [36m&lt;ink-box[39m
        [33mstyle[39m=[32m&quot;flex-wrap: nowrap; flex-direction: row; flex-grow: 1; flex-shrink: 1; overflow: hidden; overflow-x: hidden; overflow-y: hidden;&quot;[39m
      [36m&gt;[39m
        [36m&lt;ink-box[39m
          [33mstyle[39m=[32m&quot;flex-wrap: nowrap; flex-direction: column; flex-grow: 1; flex-shrink: 1; overflow-x: visible; overflow-y: visible;&quot;[39m
        [36m&gt;[39m
          [36m&lt;ink-box[39m
            [33mstyle[39m=[32m&quot;flex-wrap: nowrap; flex-direction: row; flex-grow: 0; flex-shrink: 1; margin-bottom: 1px; overflow-x: visible; overflow-y: visible;&quot;[39m
          [36m&gt;[39m
            [36m&lt;ink-text[39m
              [33mstyle[39m=[32m&quot;flex-grow: 0; flex-shrink: 1; flex-direction: row; text-wrap: wrap;&quot;[39m
            [36m&gt;[39m
              [0m記憶一覧 ([0m
              [0m3[0m
              [0m件)[0m
            [36m&lt;/ink-text&gt;[39m
          [36m&lt;/ink-box&gt;[39m
          [36m&lt;ink-box[39m
            [33mstyle[39m=[32m&quot;flex-wrap: nowrap; flex-direction: column; flex-grow: 0; flex-shrink: 0; width: 48px; overflow-x: visible; overflow-y: visible;&quot;[39m
          [36m&gt;[39m
            [36m&lt;ink-box[39m
              [33mstyle[39m=[32m&quot;flex-wrap: nowrap; flex-direction: row; flex-grow: 0; flex-shrink: 1; overflow-x: visible; overflow-y: visible;&quot;[39m
            [36m&gt;[39m
              [36m&lt;ink-text[39m
                [33mstyle[39m=[32m&quot;flex-grow: 0; flex-shrink: 1; flex-direction: row; text-wrap: wrap;&quot;[39m
              [36m&gt;[39m
                [0m► [0m
              [36m&lt;/ink-text&gt;[39m
              [36m&lt;ink-text[39m
                [33mstyle[39m=[32m&quot;flex-grow: 0; flex-shrink: 1; flex-direction: row; text-wrap: wrap;&quot;[39m
              [36m&gt;[39m
                [0m[[0m
              [36m&lt;/ink-text&gt;[39m
              [36m&lt;ink-text[39m
                [33mstyle[39m=[32m&quot;flex-grow: 0; flex-shrink: 1; flex-direction: row; text-wrap: wrap;&quot;[39m
              [36m&gt;[39m
                [0mmem-001[0m
              [36m&lt;/ink-text&gt;[39m
              [36m&lt;ink-text[39m
                [33mstyle[39m=[32m&quot;flex-grow: 0; flex-shrink: 1; flex-direction: row; text-wrap: wrap;&quot;[39m
              [36m&gt;[39m
                [0m] [0m
              [36m&lt;/ink-text&gt;[39m
              [36m&lt;ink-text[39m
                [33mstyle[39m=[32m&quot;flex-grow: 0; flex-shrink: 1; flex-direction: row; text-wrap: wrap;&quot;[39m
              [36m&gt;[39m
                [0mGPT-5プロンプトガイドの分析結果[0m
              [36m&lt;/ink-text&gt;[39m
            [36m&lt;/ink-box&gt;[39m
            [36m&lt;ink-box[39m
              [33mstyle[39m=[32m&quot;flex-wrap: nowrap; flex-direction: row; flex-grow: 0; flex-shrink: 1; overflow-x: visible; overflow-y: visible;&quot;[39m
            [36m&gt;[39m
              [36m&lt;ink-text[39m
                [33mstyle[39m=[32m&quot;flex-grow: 0; flex-shrink: 1; flex-direction: row; text-wrap: wrap;&quot;[39m
              [36m&gt;[39m
                [0m  [0m
              [36m&lt;/ink-text&gt;[39m
              [36m&lt;ink-text[39m
                [33mstyle[39m=[32m&quot;flex-grow: 0; flex-shrink: 1; flex-direction: row; text-wrap: wrap;&quot;[39m
              [36m&gt;[39m
                [0m[[0m
              [36m&lt;/ink-text&gt;[39m
              [36m&lt;ink-text[39m
                [33mstyle[39m=[32m&quot;flex-grow: 0; flex-shrink: 1; flex-direction: row; text-wrap: wrap;&quot;[39m
              [36m&gt;[39m
                [0mmem-002[0m
              [36m&lt;/ink-text&gt;[39m
              [36m&lt;ink-text[39m
                [33mstyle[39m=[32m&quot;flex-grow: 0; flex-shrink: 1; flex-direction: row; text-wrap: wrap;&quot;[39m
              [36m&gt;[39m
                [0m] [0m
              [36m&lt;/ink-text&gt;[39m
              [36m&lt;ink-text[39m
                [33mstyle[39m=[32m&quot;flex-grow: 0; flex-shrink: 1; flex-direction: row; text-wrap: wrap;&quot;[39m
              [36m&gt;[39m
                [0mシナプス記憶システムのPhase 2実装完了[0m
              [36m&lt;/ink-text&gt;[39m
            [36m&lt;/ink-box&gt;[39m
            [36m&lt;ink-box[39m
              [33mstyle[39m=[32m&quot;flex-wrap: nowrap; flex-direction: row; flex-grow: 0; flex-shrink: 1; overflow-x: visible; overflow-y: visible;&quot;[39m
            [36m&gt;[39m
              [36m&lt;ink-text[39m
                [33mstyle[39m=[32m&quot;flex-grow: 0; flex-shrink: 1; flex-direction: row; text-wrap: wrap;&quot;[39m
              [36m&gt;[39m
                [0m  [0m
              [36m&lt;/ink-text&gt;[39m
              [36m&lt;ink-text[39m
                [33mstyle[39m=[32m&quot;flex-grow: 0; flex-shrink: 1; flex-direction: row; text-wrap: wrap;&quot;[39m
              [36m&gt;[39m
                [0m[[0m
              [36m&lt;/ink-text&gt;[39m
              [36m&lt;ink-text[39m
                [33mstyle[39m=[32m&quot;flex-grow: 0; flex-shrink: 1; flex-direction: row; text-wrap: wrap;&quot;[39m
              [36m&gt;[39m
                [0mmem-003[0m
              [36m&lt;/ink-text&gt;[39m
              [36m&lt;ink-text[39m
                [33mstyle[39m=[32m&quot;flex-grow: 0; flex-shrink: 1; flex-direction: row; text-wrap: wrap;&quot;[39m
              [36m&gt;[39m
                [0m] [0m
              [36m&lt;/ink-text&gt;[39m
              [36m&lt;ink-text[39m
                [33mstyle[39m=[32m&quot;flex-grow: 0; flex-shrink: 1; flex-direction: row; text-wrap: wrap;&quot;[39m
              [36m&gt;[39m
                [0mRESTful API設計とエンドポイント定義[0m
              [36m&lt;/ink-text&gt;[39m
            [36m&lt;/ink-box&gt;[39m
          [36m&lt;/ink-box&gt;[39m
          [36m&lt;ink-box[39m
            [33mstyle[39m=[32m&quot;flex-wrap: nowrap; flex-direction: row; flex-grow: 0; flex-shrink: 1; margin-top: 1px; border-color: rgb(108, 112, 134); padding: 1px; overflow-x: visible; overflow-y: visible;&quot;[39m
          [36m&gt;[39m
            [36m&lt;ink-box[39m
              [33mstyle[39m=[32m&quot;flex-wrap: nowrap; flex-direction: column; flex-grow: 0; flex-shrink: 1; overflow-x: visible; overflow-y: visible;&quot;[39m
            [36m&gt;[39m
              [36m&lt;ink-text[39m
                [33mstyle[39m=[32m&quot;flex-grow: 0; flex-shrink: 1; flex-direction: row; text-wrap: wrap;&quot;[39m
              [36m&gt;[39m
                [0m詳細:[0m
              [36m&lt;/ink-text&gt;[39m
              [36m&lt;ink-text[39m
                [33mstyle[39m=[32m&quot;flex-grow: 0; flex-shrink: 1; flex-direction: row; text-wrap: wrap;&quot;[39m
              [36m&gt;[39m
                [0mID: [0m
                [0mmem-001[0m
              [36m&lt;/ink-text&gt;[39m
              [36m&lt;ink-text[39m
                [33mstyle[39m=[32m&quot;flex-grow: 0; flex-shrink: 1; flex-direction: row; text-wrap: wrap;&quot;[39m
              [36m&gt;[39m
                [0mアクセス数: [0m
                [0m15[0m
              [36m&lt;/ink-text&gt;[39m
              [36m&lt;ink-text[39m
                [33mstyle[39m=[32m&quot;flex-grow: 0; flex-shrink: 1; flex-direction: row; text-wrap: wrap;&quot;[39m
              [36m&gt;[39m
                [0m成功率: [0m
                [0m92.0[0m
                [0m%[0m
              [36m&lt;/ink-text&gt;[39m
              [36m&lt;ink-text[39m
                [33mstyle[39m=[32m&quot;flex-grow: 0; flex-shrink: 1; flex-direction: row; text-wrap: wrap;&quot;[39m
              [36m&gt;[39m
                [0mタグ: [0m
                [0mgpt5, prompting, analysis[0m
              [36m&lt;/ink-text&gt;[39m
            [36m&lt;/ink-box&gt;[39m
          [36m&lt;/ink-box&gt;[39m
        [36m&lt;/ink-box&gt;[39m
      [36m&lt;/ink-box&gt;[39m
      [36m&lt;ink-box[39m
        [33mstyle[39m=[32m&quot;flex-wrap: nowrap; flex-direction: row; flex-grow: 0; flex-shrink: 1; margin-top: 1px; border-color: rgb(108, 112, 134); padding: 1px; overflow-x: visible; overflow-y: visible;&quot;[39m
      [36m&gt;[39m
        [36m&lt;ink-text[39m
          [33mstyle[39m=[32m&quot;flex-grow: 0; flex-shrink: 1; flex-direction: row; text-wrap: wrap;&quot;[39m
        [36m&gt;[39m
          [0mTab: タブ切替 | ↑↓: 記憶選択 | q: 終了[0m
        [36m&lt;/ink-text&gt;[39m
      [36m&lt;/ink-box&gt;[39m
    [36m&lt;/ink-box&gt;[39m
  [36m&lt;/div&gt;[39m
[36m&lt;/body&gt;[39m

Ignored nodes: comments, script, style
[36m&lt;html&gt;[39m
  [36m&lt;head /&gt;[39m
  [36m&lt;body&gt;[39m
    [36m&lt;div&gt;[39m
      [36m&lt;ink-box[39m
        [33mstyle[39m=[32m&quot;flex-wrap: nowrap; flex-direction: column; flex-grow: 0; flex-shrink: 1; width: 52px; height: 20px; padding: 1px; overflow-x: visible; overflow-y: visible;&quot;[39m
      [36m&gt;[39m
        [36m&lt;ink-box[39m
          [33mstyle[39m=[32m&quot;flex-wrap: nowrap; flex-direction: row; flex-grow: 0; flex-shrink: 1; margin-bottom: 1px; overflow-x: visible; overflow-y: visible;&quot;[39m
        [36m&gt;[39m
          [36m&lt;ink-text[39m
            [33mstyle[39m=[32m&quot;flex-grow: 0; flex-shrink: 1; flex-direction: row; text-wrap: wrap;&quot;[39m
          [36m&gt;[39m
            [0mシナプス記憶システム ダッシュボード[0m
          [36m&lt;/ink-text&gt;[39m
        [36m&lt;/ink-box&gt;[39m
        [36m&lt;ink-box[39m
          [33mstyle[39m=[32m&quot;flex-wrap: nowrap; flex-direction: row; flex-grow: 0; flex-shrink: 1; margin-bottom: 1px; overflow-x: visible; overflow-y: visible;&quot;[39m
        [36m&gt;[39m
          [36m&lt;ink-box[39m
            [33mstyle[39m=[32m&quot;flex-wrap: nowrap; flex-direction: row; flex-grow: 0; flex-shrink: 1; margin-right: 2px; overflow-x: visible; overflow-y: visible;&quot;[39m
          [36m&gt;[39m
            [36m&lt;ink-text[39m
              [33mstyle[39m=[32m&quot;flex-grow: 0; flex-shrink: 1; flex-direction: row; text-wrap: wrap;&quot;[39m
            [36m&gt;[39m
              [0m[[0m
              [0m1[0m
              [0m] [0m
              [0m記憶一覧[0m
            [36m&lt;/ink-text&gt;[39m
          [36m&lt;/ink-box&gt;[39m
          [36m&lt;ink-box[39m
            [33mstyle[39m=[32m&quot;flex-wrap: nowrap; flex-direction: row; flex-grow: 0; flex-shrink: 1; margin-right: 2px; overflow-x: visible; overflow-y: visible;&quot;[39m
          [36m&gt;[39m
            [36m&lt;ink-text[39m
              [33mstyle[39m=[32m&quot;flex-grow: 0; flex-shrink: 1; flex-direction: row; text-wrap: wrap;&quot;[39m
            [36m&gt;[39m
              [0m[[0m
              [0m2[0m
              [0m] [0m
              [0mシナプス結合[0m
            [36m&lt;/ink-text&gt;[39m
          [36m&lt;/ink-box&gt;[39m
          [36m&lt;ink-box[39m
            [33mstyle[39m=[32m&quot;flex-wrap: nowrap; flex-direction: row; flex-grow: 0; flex-shrink: 1; margin-right: 2px; overflow-x: visible; overflow-y: visible;&quot;[39m
          [36m&gt;[39m
            [36m&lt;ink-text[39m
              [33mstyle[39m=[32m&quot;flex-grow: 0; flex-shrink: 1; flex-direction: row; text-wrap: wrap;&quot;[39m
            [36m&gt;[39m
              [0m[[0m
              [0m3[0m
              [0m] [0m
              [0mネットワーク診断[0m
            [36m&lt;/ink-text&gt;[39m
          [36m&lt;/ink-box&gt;[39m
          [36m&lt;ink-box[39m
            [33mstyle[39m=[32m&quot;flex-wrap: nowrap; flex-direction: row; flex-grow: 0; flex-shrink: 1; margin-right: 2px; overflow-x: visible; overflow-y: visible;&quot;[39m
          [36m&gt;[39m
            [36m&lt;ink-text[39m
              [33mstyle[39m=[32m&quot;flex-grow: 0; flex-shrink: 1; flex-direction: row; text-wrap: wrap;&quot;[39m
            [36m&gt;[39m
              [0m[[0m
              [0m4[0m
              [0m] [0m
              [0m設定[0m
            [36m&lt;/ink-text&gt;[39m
          [36m&lt;/ink-box&gt;[39m
        [36m&lt;/ink-box&gt;[39m
        [36m&lt;ink-box[39m
          [33mstyle[39m=[32m&quot;flex-wrap: nowrap; flex-direction: row; flex-grow: 1; flex-shrink: 1; overflow: hidden; overflow-x: hidden; overflow-y: hidden;&quot;[39m
        [36m&gt;[39m
          [36m&lt;ink-box[39m
            [33mstyle[39m=[32m&quot;flex-wrap: nowrap; flex-direction: column; flex-grow: 1; flex-shrink: 1; overflow-x: visible; overflow-y: visible;&quot;[39m
          [36m&gt;[39m
            [36m&lt;ink-box[39m
              [33mstyle[39m=[32m&quot;flex-wrap: nowrap; flex-direction: row; flex-grow: 0; flex-shrink: 1; margin-bottom: 1px; overflow-x: visible; overflow-y: visible;&quot;[39m
            [36m&gt;[39m
              [36m&lt;ink-text[39m
                [33mstyle[39m=[32m&quot;flex-grow: 0; flex-shrink: 1; flex-direction: row; text-wrap: wrap;&quot;[39m
              [36m&gt;[39m
                [0m記憶一覧 ([0m
                [0m3[0m
                [0m件)[0m
              [36m&lt;/ink-text&gt;[39m
            [36m&lt;/ink-box&gt;[39m
            [36m&lt;ink-box[39m
              [33mstyle[39m=[32m&quot;flex-wrap: nowrap; flex-direction: column; flex-grow: 0; flex-shrink: 0; width: 48px; overflow-x: visible; overflow-y: visible;&quot;[39m
            [36m&gt;[39m
              [36m&lt;ink-box[39m
                [33mstyle[39m=[32m&quot;flex-wrap: nowrap; flex-direction: row; flex-grow: 0; flex-shrink: 1; overflow-x: visible; overflow-y: visible;&quot;[39m
              [36m&gt;[39m
                [36m&lt;ink-text[39m
                  [33mstyle[39m=[32m&quot;flex-grow: 0; flex-shrink: 1; flex-direction: row; text-wrap: wrap;&quot;[39m
                [36m&gt;[39m
                  [0m► [0m
                [36m&lt;/ink-text&gt;[39m
                [36m&lt;ink-text[39m
                  [33mstyle[39m=[32m&quot;flex-grow: 0; flex-shrink: 1; flex-direction: row; text-wrap: wrap;&quot;[39m
                [36m&gt;[39m
                  [0m[[0m
                [36m&lt;/ink-text&gt;[39m
                [36m&lt;ink-text[39m
                  [33mstyle[39m=[32m&quot;flex-grow: 0; flex-shrink: 1; flex-direction: row; text-wrap: wrap;&quot;[39m
                [36m&gt;[39m
                  [0mmem-001[0m
                [36m&lt;/ink-text&gt;[39m
                [36m&lt;ink-text[39m
                  [33mstyle[39m=[32m&quot;flex-grow: 0; flex-shrink: 1; flex-direction: row; text-wrap: wrap;&quot;[39m
                [36m&gt;[39m
                  [0m] [0m
                [36m&lt;/ink-text&gt;[39m
                [36m&lt;ink-text[39m
                  [33mstyle[39m=[32m&quot;flex-grow: 0; flex-shrink: 1; flex-direction: row; text-wrap: wrap;&quot;[39m
                [36m&gt;[39m
                  [0mGPT-5プロンプトガイドの分析結果[0m
                [36m&lt;/ink-text&gt;[39m
              [36m&lt;/ink-box&gt;[39m
              [36m&lt;ink-box[39m
                [33mstyle[39m=[32m&quot;flex-wrap: nowrap; flex-direction: row; flex-grow: 0; flex-shrink: 1; overflow-x: visible; overflow-y: visible;&quot;[39m
              [36m&gt;[39m
                [36m&lt;ink-text[39m
                  [33mstyle[39m=[32m&quot;flex-grow: 0; flex-shrink: 1; flex-direction: row; text-wrap: wrap;&quot;[39m
                [36m&gt;[39m
                  [0m  [0m
                [36m&lt;/ink-text&gt;[39m
                [36m&lt;ink-text[39m
                  [33mstyle[39m=[32m&quot;flex-grow: 0; flex-shrink: 1; flex-direction: row; text-wrap: wrap;&quot;[39m
                [36m&gt;[39m
                  [0m[[0m
                [36m&lt;/ink-text&gt;[39m
                [36m&lt;ink-text[39m
                  [33mstyle[39m=[32m&quot;flex-grow: 0; flex-shrink: 1; flex-direction: row; text-wrap: wrap;&quot;[39m
                [36m&gt;[39m
                  [0mmem-002[0m
                [36m&lt;/ink-text&gt;[39m
                [36m&lt;ink-text[39m
                  [33mstyle[39m=[32m&quot;flex-grow: 0; flex-shrink: 1; flex-direction: row; text-wrap: wrap;&quot;[39m
                [36m&gt;[39m
                  [0m] [0m
                [36m&lt;/ink-text&gt;[39m
                [36m&lt;ink-text[39m
                  [33mstyle[39m=[32m&quot;flex-grow: 0; flex-shrink: 1; flex-direction: row; text-wrap: wrap;&quot;[39m
                [36m&gt;[39m
                  [0mシナプス記憶システムのPhase 2実装完了[0m
                [36m&lt;/ink-text&gt;[39m
              [36m&lt;/ink-box&gt;[39m
              [36m&lt;ink-box[39m
                [33mstyle[39m=[32m&quot;flex-wrap: nowrap; flex-direction: row; flex-grow: 0; flex-shrink: 1; overflow-x: visible; overflow-y: visible;&quot;[39m
              [36m&gt;[39m
                [36m&lt;ink-text[39m
                  [33mstyle[39m=[32m&quot;flex-grow: 0; flex-shrink: 1; flex-direction: row; text-wrap: wrap;&quot;[39m
                [36m&gt;[39m
                  [0m  [0m
                [36m&lt;/ink-text&gt;[39m
                [36m&lt;ink-text[39m
                  [33mstyle[39m=[32m&quot;flex-grow: 0; flex-shrink: 1; flex-direction: row; text-wrap: wrap;&quot;[39m
                [36m&gt;[39m
                  [0m[[0m
                [36m&lt;/ink-text&gt;[39m
                [36m&lt;ink-text[39m
                  [33mstyle[39m=[32m&quot;flex-grow: 0; flex-shrink: 1; flex-direction: row; text-wrap: wrap;&quot;[39m
                [36m&gt;[39m
                  [0mmem-003[0m
                [36m&lt;/ink-text&gt;[39m
                [36m&lt;ink-text[39m
                  [33mstyle[39m=[32m&quot;flex-grow: 0; flex-shrink: 1; flex-direction: row; text-wrap: wrap;&quot;[39m
                [36m&gt;[39m
                  [0m] [0m
                [36m&lt;/ink-text&gt;[39m
                [36m&lt;ink-text[39m
                  [33mstyle[39m=[32m&quot;flex-grow: 0; flex-shrink: 1; flex-direction: row; text-wrap: wrap;&quot;[39m
                [36m&gt;[39m
                  [0mRESTful API設計とエンドポイント定義[0m
                [36m&lt;/ink-text&gt;[39m
              [36m&lt;/ink-box&gt;[39m
            [36m&lt;/ink-box&gt;[39m
            [36m&lt;ink-box[39m
              [33mstyle[39m=[32m&quot;flex-wrap: nowrap; flex-direction: row; flex-grow: 0; flex-shrink: 1; margin-top: 1px; border-color: rgb(108, 112, 134); padding: 1px; overflow-x: visible; overflow-y: visible;&quot;[39m
            [36m&gt;[39m
              [36m&lt;ink-box[39m
                [33mstyle[39m=[32m&quot;flex-wrap: nowrap; flex-direction: column; flex-grow: 0; flex-shrink: 1; overflow-x: visible; overflow-y: visible;&quot;[39m
              [36m&gt;[39m
                [36m&lt;ink-text[39m
                  [33mstyle[39m=[32m&quot;flex-grow: 0; flex-shrink: 1; flex-direction: row; text-wrap: wrap;&quot;[39m
                [36m&gt;[39m
                  [0m詳細:[0m
                [36m&lt;/ink-text&gt;[39m
                [36m&lt;ink-text[39m
                  [33mstyle[39m=[32m&quot;flex-grow: 0; flex-shrink: 1; flex-direction: row; text-wrap: wrap;&quot;[39m
                [36m&gt;[39m
                  [0mID: [0m
                  [0mmem-001[0m
                [36m&lt;/ink-text&gt;[39m
                [36m&lt;ink-text[39m
                  [33mstyle[39m=[32m&quot;flex-grow: 0; flex-shrink: 1; flex-direction: row; text-wrap: wrap;&quot;[39m
                [36m&gt;[39m
                  [0mアクセス数: [0m
                  [0m15[0m
                [36m&lt;/ink-text&gt;[39m
                [36m&lt;ink-text[39m
                  [33mstyle[39m=[32m&quot;flex-grow: 0; flex-shrink: 1; flex-direction: row; text-wrap: wrap;&quot;[39m
                [36m&gt;[39m
                  [0m成功率: [0m
                  [0m92.0[0m
                  [0m%[0m
                [36m&lt;/ink-text&gt;[39m
                [36m&lt;ink-text[39m
                  [33mstyle[39m=[32m&quot;flex-grow: 0; flex-shrink: 1; flex-direction: row; text-wrap: wrap;&quot;[39m
                [36m&gt;[39m
                  [0mタグ: [0m
                  [0mgpt5, prompting, analysis[0m
                [36m&lt;/ink-text&gt;[39m
              [36m&lt;/ink-box&gt;[39m
            [36m&lt;/ink-box&gt;[39m
          [36m&lt;/ink-box&gt;[39m
        [36m&lt;/ink-box&gt;[39m
        [36m&lt;ink-box[39m
          [33mstyle[39m=[32m&quot;flex-wrap: nowrap; flex-direction: row; flex-grow: 0; flex-shrink: 1; margin-top: 1px; border-color: rgb(108, 112, 134); padding: 1px; overflow-x: visible; overflow-y: visible;&quot;[39m
        [36m&gt;[39m
          [36m&lt;ink-text[39m
            [33mstyle[39m=[32m&quot;flex-grow: 0; flex-shrink: 1; flex-direction: row; text-wrap: wrap;&quot;[39m
          [36m&gt;[39m
            [0mTab: タブ切替 | ↑↓: 記憶選択 | q: 終了[0m
          [36m&lt;/ink-text&gt;[39m
        [36m&lt;/ink-box&gt;[39m
      [36m&lt;/ink-box&gt;[39m
    [36m&lt;/div&gt;[39m
  [36m&lt;/body&gt;[39m
[36m&lt;/html&gt;[39m" type="TestingLibraryElementError">
TestingLibraryElementError: Unable to find an element with the text: Loading.... This could be because the text is broken up by multiple elements. In this case, you can provide a function for your text matcher to make your matcher more flexible.

Ignored nodes: comments, script, style
&lt;body&gt;
  &lt;div&gt;
    &lt;ink-box
      style=&quot;flex-wrap: nowrap; flex-direction: column; flex-grow: 0; flex-shrink: 1; width: 52px; height: 20px; padding: 1px; overflow-x: visible; overflow-y: visible;&quot;
    &gt;
      &lt;ink-box
        style=&quot;flex-wrap: nowrap; flex-direction: row; flex-grow: 0; flex-shrink: 1; margin-bottom: 1px; overflow-x: visible; overflow-y: visible;&quot;
      &gt;
        &lt;ink-text
          style=&quot;flex-grow: 0; flex-shrink: 1; flex-direction: row; text-wrap: wrap;&quot;
        &gt;
          シナプス記憶システム ダッシュボード
        &lt;/ink-text&gt;
      &lt;/ink-box&gt;
      &lt;ink-box
        style=&quot;flex-wrap: nowrap; flex-direction: row; flex-grow: 0; flex-shrink: 1; margin-bottom: 1px; overflow-x: visible; overflow-y: visible;&quot;
      &gt;
        &lt;ink-box
          style=&quot;flex-wrap: nowrap; flex-direction: row; flex-grow: 0; flex-shrink: 1; margin-right: 2px; overflow-x: visible; overflow-y: visible;&quot;
        &gt;
          &lt;ink-text
            style=&quot;flex-grow: 0; flex-shrink: 1; flex-direction: row; text-wrap: wrap;&quot;
          &gt;
            [
            1
            ] 
            記憶一覧
          &lt;/ink-text&gt;
        &lt;/ink-box&gt;
        &lt;ink-box
          style=&quot;flex-wrap: nowrap; flex-direction: row; flex-grow: 0; flex-shrink: 1; margin-right: 2px; overflow-x: visible; overflow-y: visible;&quot;
        &gt;
          &lt;ink-text
            style=&quot;flex-grow: 0; flex-shrink: 1; flex-direction: row; text-wrap: wrap;&quot;
          &gt;
            [
            2
            ] 
            シナプス結合
          &lt;/ink-text&gt;
        &lt;/ink-box&gt;
        &lt;ink-box
          style=&quot;flex-wrap: nowrap; flex-direction: row; flex-grow: 0; flex-shrink: 1; margin-right: 2px; overflow-x: visible; overflow-y: visible;&quot;
        &gt;
          &lt;ink-text
            style=&quot;flex-grow: 0; flex-shrink: 1; flex-direction: row; text-wrap: wrap;&quot;
          &gt;
            [
            3
            ] 
            ネットワーク診断
          &lt;/ink-text&gt;
        &lt;/ink-box&gt;
        &lt;ink-box
          style=&quot;flex-wrap: nowrap; flex-direction: row; flex-grow: 0; flex-shrink: 1; margin-right: 2px; overflow-x: visible; overflow-y: visible;&quot;
        &gt;
          &lt;ink-text
            style=&quot;flex-grow: 0; flex-shrink: 1; flex-direction: row; text-wrap: wrap;&quot;
          &gt;
            [
            4
            ] 
            設定
          &lt;/ink-text&gt;
        &lt;/ink-box&gt;
      &lt;/ink-box&gt;
      &lt;ink-box
        style=&quot;flex-wrap: nowrap; flex-direction: row; flex-grow: 1; flex-shrink: 1; overflow: hidden; overflow-x: hidden; overflow-y: hidden;&quot;
      &gt;
        &lt;ink-box
          style=&quot;flex-wrap: nowrap; flex-direction: column; flex-grow: 1; flex-shrink: 1; overflow-x: visible; overflow-y: visible;&quot;
        &gt;
          &lt;ink-box
            style=&quot;flex-wrap: nowrap; flex-direction: row; flex-grow: 0; flex-shrink: 1; margin-bottom: 1px; overflow-x: visible; overflow-y: visible;&quot;
          &gt;
            &lt;ink-text
              style=&quot;flex-grow: 0; flex-shrink: 1; flex-direction: row; text-wrap: wrap;&quot;
            &gt;
              記憶一覧 (
              3
              件)
            &lt;/ink-text&gt;
          &lt;/ink-box&gt;
          &lt;ink-box
            style=&quot;flex-wrap: nowrap; flex-direction: column; flex-grow: 0; flex-shrink: 0; width: 48px; overflow-x: visible; overflow-y: visible;&quot;
          &gt;
            &lt;ink-box
              style=&quot;flex-wrap: nowrap; flex-direction: row; flex-grow: 0; flex-shrink: 1; overflow-x: visible; overflow-y: visible;&quot;
            &gt;
              &lt;ink-text
                style=&quot;flex-grow: 0; flex-shrink: 1; flex-direction: row; text-wrap: wrap;&quot;
              &gt;
                ► 
              &lt;/ink-text&gt;
              &lt;ink-text
                style=&quot;flex-grow: 0; flex-shrink: 1; flex-direction: row; text-wrap: wrap;&quot;
              &gt;
                [
              &lt;/ink-text&gt;
              &lt;ink-text
                style=&quot;flex-grow: 0; flex-shrink: 1; flex-direction: row; text-wrap: wrap;&quot;
              &gt;
                mem-001
              &lt;/ink-text&gt;
              &lt;ink-text
                style=&quot;flex-grow: 0; flex-shrink: 1; flex-direction: row; text-wrap: wrap;&quot;
              &gt;
                ] 
              &lt;/ink-text&gt;
              &lt;ink-text
                style=&quot;flex-grow: 0; flex-shrink: 1; flex-direction: row; text-wrap: wrap;&quot;
              &gt;
                GPT-5プロンプトガイドの分析結果
              &lt;/ink-text&gt;
            &lt;/ink-box&gt;
            &lt;ink-box
              style=&quot;flex-wrap: nowrap; flex-direction: row; flex-grow: 0; flex-shrink: 1; overflow-x: visible; overflow-y: visible;&quot;
            &gt;
              &lt;ink-text
                style=&quot;flex-grow: 0; flex-shrink: 1; flex-direction: row; text-wrap: wrap;&quot;
              &gt;
                  
              &lt;/ink-text&gt;
              &lt;ink-text
                style=&quot;flex-grow: 0; flex-shrink: 1; flex-direction: row; text-wrap: wrap;&quot;
              &gt;
                [
              &lt;/ink-text&gt;
              &lt;ink-text
                style=&quot;flex-grow: 0; flex-shrink: 1; flex-direction: row; text-wrap: wrap;&quot;
              &gt;
                mem-002
              &lt;/ink-text&gt;
              &lt;ink-text
                style=&quot;flex-grow: 0; flex-shrink: 1; flex-direction: row; text-wrap: wrap;&quot;
              &gt;
                ] 
              &lt;/ink-text&gt;
              &lt;ink-text
                style=&quot;flex-grow: 0; flex-shrink: 1; flex-direction: row; text-wrap: wrap;&quot;
              &gt;
                シナプス記憶システムのPhase 2実装完了
              &lt;/ink-text&gt;
            &lt;/ink-box&gt;
            &lt;ink-box
              style=&quot;flex-wrap: nowrap; flex-direction: row; flex-grow: 0; flex-shrink: 1; overflow-x: visible; overflow-y: visible;&quot;
            &gt;
              &lt;ink-text
                style=&quot;flex-grow: 0; flex-shrink: 1; flex-direction: row; text-wrap: wrap;&quot;
              &gt;
                  
              &lt;/ink-text&gt;
              &lt;ink-text
                style=&quot;flex-grow: 0; flex-shrink: 1; flex-direction: row; text-wrap: wrap;&quot;
              &gt;
                [
              &lt;/ink-text&gt;
              &lt;ink-text
                style=&quot;flex-grow: 0; flex-shrink: 1; flex-direction: row; text-wrap: wrap;&quot;
              &gt;
                mem-003
              &lt;/ink-text&gt;
              &lt;ink-text
                style=&quot;flex-grow: 0; flex-shrink: 1; flex-direction: row; text-wrap: wrap;&quot;
              &gt;
                ] 
              &lt;/ink-text&gt;
              &lt;ink-text
                style=&quot;flex-grow: 0; flex-shrink: 1; flex-direction: row; text-wrap: wrap;&quot;
              &gt;
                RESTful API設計とエンドポイント定義
              &lt;/ink-text&gt;
            &lt;/ink-box&gt;
          &lt;/ink-box&gt;
          &lt;ink-box
            style=&quot;flex-wrap: nowrap; flex-direction: row; flex-grow: 0; flex-shrink: 1; margin-top: 1px; border-color: rgb(108, 112, 134); padding: 1px; overflow-x: visible; overflow-y: visible;&quot;
          &gt;
            &lt;ink-box
              style=&quot;flex-wrap: nowrap; flex-direction: column; flex-grow: 0; flex-shrink: 1; overflow-x: visible; overflow-y: visible;&quot;
            &gt;
              &lt;ink-text
                style=&quot;flex-grow: 0; flex-shrink: 1; flex-direction: row; text-wrap: wrap;&quot;
              &gt;
                詳細:
              &lt;/ink-text&gt;
              &lt;ink-text
                style=&quot;flex-grow: 0; flex-shrink: 1; flex-direction: row; text-wrap: wrap;&quot;
              &gt;
                ID: 
                mem-001
              &lt;/ink-text&gt;
              &lt;ink-text
                style=&quot;flex-grow: 0; flex-shrink: 1; flex-direction: row; text-wrap: wrap;&quot;
              &gt;
                アクセス数: 
                15
              &lt;/ink-text&gt;
              &lt;ink-text
                style=&quot;flex-grow: 0; flex-shrink: 1; flex-direction: row; text-wrap: wrap;&quot;
              &gt;
                成功率: 
                92.0
                %
              &lt;/ink-text&gt;
              &lt;ink-text
                style=&quot;flex-grow: 0; flex-shrink: 1; flex-direction: row; text-wrap: wrap;&quot;
              &gt;
                タグ: 
                gpt5, prompting, analysis
              &lt;/ink-text&gt;
            &lt;/ink-box&gt;
          &lt;/ink-box&gt;
        &lt;/ink-box&gt;
      &lt;/ink-box&gt;
      &lt;ink-box
        style=&quot;flex-wrap: nowrap; flex-direction: row; flex-grow: 0; flex-shrink: 1; margin-top: 1px; border-color: rgb(108, 112, 134); padding: 1px; overflow-x: visible; overflow-y: visible;&quot;
      &gt;
        &lt;ink-text
          style=&quot;flex-grow: 0; flex-shrink: 1; flex-direction: row; text-wrap: wrap;&quot;
        &gt;
          Tab: タブ切替 | ↑↓: 記憶選択 | q: 終了
        &lt;/ink-text&gt;
      &lt;/ink-box&gt;
    &lt;/ink-box&gt;
  &lt;/div&gt;
&lt;/body&gt;

Ignored nodes: comments, script, style
&lt;html&gt;
  &lt;head /&gt;
  &lt;body&gt;
    &lt;div&gt;
      &lt;ink-box
        style=&quot;flex-wrap: nowrap; flex-direction: column; flex-grow: 0; flex-shrink: 1; width: 52px; height: 20px; padding: 1px; overflow-x: visible; overflow-y: visible;&quot;
      &gt;
        &lt;ink-box
          style=&quot;flex-wrap: nowrap; flex-direction: row; flex-grow: 0; flex-shrink: 1; margin-bottom: 1px; overflow-x: visible; overflow-y: visible;&quot;
        &gt;
          &lt;ink-text
            style=&quot;flex-grow: 0; flex-shrink: 1; flex-direction: row; text-wrap: wrap;&quot;
          &gt;
            シナプス記憶システム ダッシュボード
          &lt;/ink-text&gt;
        &lt;/ink-box&gt;
        &lt;ink-box
          style=&quot;flex-wrap: nowrap; flex-direction: row; flex-grow: 0; flex-shrink: 1; margin-bottom: 1px; overflow-x: visible; overflow-y: visible;&quot;
        &gt;
          &lt;ink-box
            style=&quot;flex-wrap: nowrap; flex-direction: row; flex-grow: 0; flex-shrink: 1; margin-right: 2px; overflow-x: visible; overflow-y: visible;&quot;
          &gt;
            &lt;ink-text
              style=&quot;flex-grow: 0; flex-shrink: 1; flex-direction: row; text-wrap: wrap;&quot;
            &gt;
              [
              1
              ] 
              記憶一覧
            &lt;/ink-text&gt;
          &lt;/ink-box&gt;
          &lt;ink-box
            style=&quot;flex-wrap: nowrap; flex-direction: row; flex-grow: 0; flex-shrink: 1; margin-right: 2px; overflow-x: visible; overflow-y: visible;&quot;
          &gt;
            &lt;ink-text
              style=&quot;flex-grow: 0; flex-shrink: 1; flex-direction: row; text-wrap: wrap;&quot;
            &gt;
              [
              2
              ] 
              シナプス結合
            &lt;/ink-text&gt;
          &lt;/ink-box&gt;
          &lt;ink-box
            style=&quot;flex-wrap: nowrap; flex-direction: row; flex-grow: 0; flex-shrink: 1; margin-right: 2px; overflow-x: visible; overflow-y: visible;&quot;
          &gt;
            &lt;ink-text
              style=&quot;flex-grow: 0; flex-shrink: 1; flex-direction: row; text-wrap: wrap;&quot;
            &gt;
              [
              3
              ] 
              ネットワーク診断
            &lt;/ink-text&gt;
          &lt;/ink-box&gt;
          &lt;ink-box
            style=&quot;flex-wrap: nowrap; flex-direction: row; flex-grow: 0; flex-shrink: 1; margin-right: 2px; overflow-x: visible; overflow-y: visible;&quot;
          &gt;
            &lt;ink-text
              style=&quot;flex-grow: 0; flex-shrink: 1; flex-direction: row; text-wrap: wrap;&quot;
            &gt;
              [
              4
              ] 
              設定
            &lt;/ink-text&gt;
          &lt;/ink-box&gt;
        &lt;/ink-box&gt;
        &lt;ink-box
          style=&quot;flex-wrap: nowrap; flex-direction: row; flex-grow: 1; flex-shrink: 1; overflow: hidden; overflow-x: hidden; overflow-y: hidden;&quot;
        &gt;
          &lt;ink-box
            style=&quot;flex-wrap: nowrap; flex-direction: column; flex-grow: 1; flex-shrink: 1; overflow-x: visible; overflow-y: visible;&quot;
          &gt;
            &lt;ink-box
              style=&quot;flex-wrap: nowrap; flex-direction: row; flex-grow: 0; flex-shrink: 1; margin-bottom: 1px; overflow-x: visible; overflow-y: visible;&quot;
            &gt;
              &lt;ink-text
                style=&quot;flex-grow: 0; flex-shrink: 1; flex-direction: row; text-wrap: wrap;&quot;
              &gt;
                記憶一覧 (
                3
                件)
              &lt;/ink-text&gt;
            &lt;/ink-box&gt;
            &lt;ink-box
              style=&quot;flex-wrap: nowrap; flex-direction: column; flex-grow: 0; flex-shrink: 0; width: 48px; overflow-x: visible; overflow-y: visible;&quot;
            &gt;
              &lt;ink-box
                style=&quot;flex-wrap: nowrap; flex-direction: row; flex-grow: 0; flex-shrink: 1; overflow-x: visible; overflow-y: visible;&quot;
              &gt;
                &lt;ink-text
                  style=&quot;flex-grow: 0; flex-shrink: 1; flex-direction: row; text-wrap: wrap;&quot;
                &gt;
                  ► 
                &lt;/ink-text&gt;
                &lt;ink-text
                  style=&quot;flex-grow: 0; flex-shrink: 1; flex-direction: row; text-wrap: wrap;&quot;
                &gt;
                  [
                &lt;/ink-text&gt;
                &lt;ink-text
                  style=&quot;flex-grow: 0; flex-shrink: 1; flex-direction: row; text-wrap: wrap;&quot;
                &gt;
                  mem-001
                &lt;/ink-text&gt;
                &lt;ink-text
                  style=&quot;flex-grow: 0; flex-shrink: 1; flex-direction: row; text-wrap: wrap;&quot;
                &gt;
                  ] 
                &lt;/ink-text&gt;
                &lt;ink-text
                  style=&quot;flex-grow: 0; flex-shrink: 1; flex-direction: row; text-wrap: wrap;&quot;
                &gt;
                  GPT-5プロンプトガイドの分析結果
                &lt;/ink-text&gt;
              &lt;/ink-box&gt;
              &lt;ink-box
                style=&quot;flex-wrap: nowrap; flex-direction: row; flex-grow: 0; flex-shrink: 1; overflow-x: visible; overflow-y: visible;&quot;
              &gt;
                &lt;ink-text
                  style=&quot;flex-grow: 0; flex-shrink: 1; flex-direction: row; text-wrap: wrap;&quot;
                &gt;
                    
                &lt;/ink-text&gt;
                &lt;ink-text
                  style=&quot;flex-grow: 0; flex-shrink: 1; flex-direction: row; text-wrap: wrap;&quot;
                &gt;
                  [
                &lt;/ink-text&gt;
                &lt;ink-text
                  style=&quot;flex-grow: 0; flex-shrink: 1; flex-direction: row; text-wrap: wrap;&quot;
                &gt;
                  mem-002
                &lt;/ink-text&gt;
                &lt;ink-text
                  style=&quot;flex-grow: 0; flex-shrink: 1; flex-direction: row; text-wrap: wrap;&quot;
                &gt;
                  ] 
                &lt;/ink-text&gt;
                &lt;ink-text
                  style=&quot;flex-grow: 0; flex-shrink: 1; flex-direction: row; text-wrap: wrap;&quot;
                &gt;
                  シナプス記憶システムのPhase 2実装完了
                &lt;/ink-text&gt;
              &lt;/ink-box&gt;
              &lt;ink-box
                style=&quot;flex-wrap: nowrap; flex-direction: row; flex-grow: 0; flex-shrink: 1; overflow-x: visible; overflow-y: visible;&quot;
              &gt;
                &lt;ink-text
                  style=&quot;flex-grow: 0; flex-shrink: 1; flex-direction: row; text-wrap: wrap;&quot;
                &gt;
                    
                &lt;/ink-text&gt;
                &lt;ink-text
                  style=&quot;flex-grow: 0; flex-shrink: 1; flex-direction: row; text-wrap: wrap;&quot;
                &gt;
                  [
                &lt;/ink-text&gt;
                &lt;ink-text
                  style=&quot;flex-grow: 0; flex-shrink: 1; flex-direction: row; text-wrap: wrap;&quot;
                &gt;
                  mem-003
                &lt;/ink-text&gt;
                &lt;ink-text
                  style=&quot;flex-grow: 0; flex-shrink: 1; flex-direction: row; text-wrap: wrap;&quot;
                &gt;
                  ] 
                &lt;/ink-text&gt;
                &lt;ink-text
                  style=&quot;flex-grow: 0; flex-shrink: 1; flex-direction: row; text-wrap: wrap;&quot;
                &gt;
                  RESTful API設計とエンドポイント定義
                &lt;/ink-text&gt;
              &lt;/ink-box&gt;
            &lt;/ink-box&gt;
            &lt;ink-box
              style=&quot;flex-wrap: nowrap; flex-direction: row; flex-grow: 0; flex-shrink: 1; margin-top: 1px; border-color: rgb(108, 112, 134); padding: 1px; overflow-x: visible; overflow-y: visible;&quot;
            &gt;
              &lt;ink-box
                style=&quot;flex-wrap: nowrap; flex-direction: column; flex-grow: 0; flex-shrink: 1; overflow-x: visible; overflow-y: visible;&quot;
              &gt;
                &lt;ink-text
                  style=&quot;flex-grow: 0; flex-shrink: 1; flex-direction: row; text-wrap: wrap;&quot;
                &gt;
                  詳細:
                &lt;/ink-text&gt;
                &lt;ink-text
                  style=&quot;flex-grow: 0; flex-shrink: 1; flex-direction: row; text-wrap: wrap;&quot;
                &gt;
                  ID: 
                  mem-001
                &lt;/ink-text&gt;
                &lt;ink-text
                  style=&quot;flex-grow: 0; flex-shrink: 1; flex-direction: row; text-wrap: wrap;&quot;
                &gt;
                  アクセス数: 
                  15
                &lt;/ink-text&gt;
                &lt;ink-text
                  style=&quot;flex-grow: 0; flex-shrink: 1; flex-direction: row; text-wrap: wrap;&quot;
                &gt;
                  成功率: 
                  92.0
                  %
                &lt;/ink-text&gt;
                &lt;ink-text
                  style=&quot;flex-grow: 0; flex-shrink: 1; flex-direction: row; text-wrap: wrap;&quot;
                &gt;
                  タグ: 
                  gpt5, prompting, analysis
                &lt;/ink-text&gt;
              &lt;/ink-box&gt;
            &lt;/ink-box&gt;
          &lt;/ink-box&gt;
        &lt;/ink-box&gt;
        &lt;ink-box
          style=&quot;flex-wrap: nowrap; flex-direction: row; flex-grow: 0; flex-shrink: 1; margin-top: 1px; border-color: rgb(108, 112, 134); padding: 1px; overflow-x: visible; overflow-y: visible;&quot;
        &gt;
          &lt;ink-text
            style=&quot;flex-grow: 0; flex-shrink: 1; flex-direction: row; text-wrap: wrap;&quot;
          &gt;
            Tab: タブ切替 | ↑↓: 記憶選択 | q: 終了
          &lt;/ink-text&gt;
        &lt;/ink-box&gt;
      &lt;/ink-box&gt;
    &lt;/div&gt;
  &lt;/body&gt;
&lt;/html&gt;
 ❯ Proxy.waitForWrapper node_modules/@testing-library/dom/dist/wait-for.js:163:27
 ❯ src/ui/components/SynapticMemoryDashboard.test.tsx:243:11
            </failure>
        </testcase>
        <testcase classname="src/ui/components/SynapticMemoryDashboard.test.tsx" name="SynapticMemoryDashboard &gt; タブ間の切り替えが正しく動作すること" time="0.007260042">
            <failure message="Unable to find an element with the text: テストメモリ1. This could be because the text is broken up by multiple elements. In this case, you can provide a function for your text matcher to make your matcher more flexible.

Ignored nodes: comments, script, style
[36m&lt;body&gt;[39m
  [36m&lt;div&gt;[39m
    [36m&lt;ink-box[39m
      [33mstyle[39m=[32m&quot;flex-wrap: nowrap; flex-direction: column; flex-grow: 0; flex-shrink: 1; width: 52px; height: 20px; padding: 1px; overflow-x: visible; overflow-y: visible;&quot;[39m
    [36m&gt;[39m
      [36m&lt;ink-box[39m
        [33mstyle[39m=[32m&quot;flex-wrap: nowrap; flex-direction: row; flex-grow: 0; flex-shrink: 1; margin-bottom: 1px; overflow-x: visible; overflow-y: visible;&quot;[39m
      [36m&gt;[39m
        [36m&lt;ink-text[39m
          [33mstyle[39m=[32m&quot;flex-grow: 0; flex-shrink: 1; flex-direction: row; text-wrap: wrap;&quot;[39m
        [36m&gt;[39m
          [0mシナプス記憶システム ダッシュボード[0m
        [36m&lt;/ink-text&gt;[39m
      [36m&lt;/ink-box&gt;[39m
      [36m&lt;ink-box[39m
        [33mstyle[39m=[32m&quot;flex-wrap: nowrap; flex-direction: row; flex-grow: 0; flex-shrink: 1; margin-bottom: 1px; overflow-x: visible; overflow-y: visible;&quot;[39m
      [36m&gt;[39m
        [36m&lt;ink-box[39m
          [33mstyle[39m=[32m&quot;flex-wrap: nowrap; flex-direction: row; flex-grow: 0; flex-shrink: 1; margin-right: 2px; overflow-x: visible; overflow-y: visible;&quot;[39m
        [36m&gt;[39m
          [36m&lt;ink-text[39m
            [33mstyle[39m=[32m&quot;flex-grow: 0; flex-shrink: 1; flex-direction: row; text-wrap: wrap;&quot;[39m
          [36m&gt;[39m
            [0m[[0m
            [0m1[0m
            [0m] [0m
            [0m記憶一覧[0m
          [36m&lt;/ink-text&gt;[39m
        [36m&lt;/ink-box&gt;[39m
        [36m&lt;ink-box[39m
          [33mstyle[39m=[32m&quot;flex-wrap: nowrap; flex-direction: row; flex-grow: 0; flex-shrink: 1; margin-right: 2px; overflow-x: visible; overflow-y: visible;&quot;[39m
        [36m&gt;[39m
          [36m&lt;ink-text[39m
            [33mstyle[39m=[32m&quot;flex-grow: 0; flex-shrink: 1; flex-direction: row; text-wrap: wrap;&quot;[39m
          [36m&gt;[39m
            [0m[[0m
            [0m2[0m
            [0m] [0m
            [0mシナプス結合[0m
          [36m&lt;/ink-text&gt;[39m
        [36m&lt;/ink-box&gt;[39m
        [36m&lt;ink-box[39m
          [33mstyle[39m=[32m&quot;flex-wrap: nowrap; flex-direction: row; flex-grow: 0; flex-shrink: 1; margin-right: 2px; overflow-x: visible; overflow-y: visible;&quot;[39m
        [36m&gt;[39m
          [36m&lt;ink-text[39m
            [33mstyle[39m=[32m&quot;flex-grow: 0; flex-shrink: 1; flex-direction: row; text-wrap: wrap;&quot;[39m
          [36m&gt;[39m
            [0m[[0m
            [0m3[0m
            [0m] [0m
            [0mネットワーク診断[0m
          [36m&lt;/ink-text&gt;[39m
        [36m&lt;/ink-box&gt;[39m
        [36m&lt;ink-box[39m
          [33mstyle[39m=[32m&quot;flex-wrap: nowrap; flex-direction: row; flex-grow: 0; flex-shrink: 1; margin-right: 2px; overflow-x: visible; overflow-y: visible;&quot;[39m
        [36m&gt;[39m
          [36m&lt;ink-text[39m
            [33mstyle[39m=[32m&quot;flex-grow: 0; flex-shrink: 1; flex-direction: row; text-wrap: wrap;&quot;[39m
          [36m&gt;[39m
            [0m[[0m
            [0m4[0m
            [0m] [0m
            [0m設定[0m
          [36m&lt;/ink-text&gt;[39m
        [36m&lt;/ink-box&gt;[39m
      [36m&lt;/ink-box&gt;[39m
      [36m&lt;ink-box[39m
        [33mstyle[39m=[32m&quot;flex-wrap: nowrap; flex-direction: row; flex-grow: 1; flex-shrink: 1; overflow: hidden; overflow-x: hidden; overflow-y: hidden;&quot;[39m
      [36m&gt;[39m
        [36m&lt;ink-box[39m
          [33mstyle[39m=[32m&quot;flex-wrap: nowrap; flex-direction: column; flex-grow: 1; flex-shrink: 1; overflow-x: visible; overflow-y: visible;&quot;[39m
        [36m&gt;[39m
          [36m&lt;ink-box[39m
            [33mstyle[39m=[32m&quot;flex-wrap: nowrap; flex-direction: row; flex-grow: 0; flex-shrink: 1; margin-bottom: 1px; overflow-x: visible; overflow-y: visible;&quot;[39m
          [36m&gt;[39m
            [36m&lt;ink-text[39m
              [33mstyle[39m=[32m&quot;flex-grow: 0; flex-shrink: 1; flex-direction: row; text-wrap: wrap;&quot;[39m
            [36m&gt;[39m
              [0m記憶一覧 ([0m
              [0m3[0m
              [0m件)[0m
            [36m&lt;/ink-text&gt;[39m
          [36m&lt;/ink-box&gt;[39m
          [36m&lt;ink-box[39m
            [33mstyle[39m=[32m&quot;flex-wrap: nowrap; flex-direction: column; flex-grow: 0; flex-shrink: 0; width: 48px; overflow-x: visible; overflow-y: visible;&quot;[39m
          [36m&gt;[39m
            [36m&lt;ink-box[39m
              [33mstyle[39m=[32m&quot;flex-wrap: nowrap; flex-direction: row; flex-grow: 0; flex-shrink: 1; overflow-x: visible; overflow-y: visible;&quot;[39m
            [36m&gt;[39m
              [36m&lt;ink-text[39m
                [33mstyle[39m=[32m&quot;flex-grow: 0; flex-shrink: 1; flex-direction: row; text-wrap: wrap;&quot;[39m
              [36m&gt;[39m
                [0m► [0m
              [36m&lt;/ink-text&gt;[39m
              [36m&lt;ink-text[39m
                [33mstyle[39m=[32m&quot;flex-grow: 0; flex-shrink: 1; flex-direction: row; text-wrap: wrap;&quot;[39m
              [36m&gt;[39m
                [0m[[0m
              [36m&lt;/ink-text&gt;[39m
              [36m&lt;ink-text[39m
                [33mstyle[39m=[32m&quot;flex-grow: 0; flex-shrink: 1; flex-direction: row; text-wrap: wrap;&quot;[39m
              [36m&gt;[39m
                [0mmem-001[0m
              [36m&lt;/ink-text&gt;[39m
              [36m&lt;ink-text[39m
                [33mstyle[39m=[32m&quot;flex-grow: 0; flex-shrink: 1; flex-direction: row; text-wrap: wrap;&quot;[39m
              [36m&gt;[39m
                [0m] [0m
              [36m&lt;/ink-text&gt;[39m
              [36m&lt;ink-text[39m
                [33mstyle[39m=[32m&quot;flex-grow: 0; flex-shrink: 1; flex-direction: row; text-wrap: wrap;&quot;[39m
              [36m&gt;[39m
                [0mGPT-5プロンプトガイドの分析結果[0m
              [36m&lt;/ink-text&gt;[39m
            [36m&lt;/ink-box&gt;[39m
            [36m&lt;ink-box[39m
              [33mstyle[39m=[32m&quot;flex-wrap: nowrap; flex-direction: row; flex-grow: 0; flex-shrink: 1; overflow-x: visible; overflow-y: visible;&quot;[39m
            [36m&gt;[39m
              [36m&lt;ink-text[39m
                [33mstyle[39m=[32m&quot;flex-grow: 0; flex-shrink: 1; flex-direction: row; text-wrap: wrap;&quot;[39m
              [36m&gt;[39m
                [0m  [0m
              [36m&lt;/ink-text&gt;[39m
              [36m&lt;ink-text[39m
                [33mstyle[39m=[32m&quot;flex-grow: 0; flex-shrink: 1; flex-direction: row; text-wrap: wrap;&quot;[39m
              [36m&gt;[39m
                [0m[[0m
              [36m&lt;/ink-text&gt;[39m
              [36m&lt;ink-text[39m
                [33mstyle[39m=[32m&quot;flex-grow: 0; flex-shrink: 1; flex-direction: row; text-wrap: wrap;&quot;[39m
              [36m&gt;[39m
                [0mmem-002[0m
              [36m&lt;/ink-text&gt;[39m
              [36m&lt;ink-text[39m
                [33mstyle[39m=[32m&quot;flex-grow: 0; flex-shrink: 1; flex-direction: row; text-wrap: wrap;&quot;[39m
              [36m&gt;[39m
                [0m] [0m
              [36m&lt;/ink-text&gt;[39m
              [36m&lt;ink-text[39m
                [33mstyle[39m=[32m&quot;flex-grow: 0; flex-shrink: 1; flex-direction: row; text-wrap: wrap;&quot;[39m
              [36m&gt;[39m
                [0mシナプス記憶システムのPhase 2実装完了[0m
              [36m&lt;/ink-text&gt;[39m
            [36m&lt;/ink-box&gt;[39m
            [36m&lt;ink-box[39m
              [33mstyle[39m=[32m&quot;flex-wrap: nowrap; flex-direction: row; flex-grow: 0; flex-shrink: 1; overflow-x: visible; overflow-y: visible;&quot;[39m
            [36m&gt;[39m
              [36m&lt;ink-text[39m
                [33mstyle[39m=[32m&quot;flex-grow: 0; flex-shrink: 1; flex-direction: row; text-wrap: wrap;&quot;[39m
              [36m&gt;[39m
                [0m  [0m
              [36m&lt;/ink-text&gt;[39m
              [36m&lt;ink-text[39m
                [33mstyle[39m=[32m&quot;flex-grow: 0; flex-shrink: 1; flex-direction: row; text-wrap: wrap;&quot;[39m
              [36m&gt;[39m
                [0m[[0m
              [36m&lt;/ink-text&gt;[39m
              [36m&lt;ink-text[39m
                [33mstyle[39m=[32m&quot;flex-grow: 0; flex-shrink: 1; flex-direction: row; text-wrap: wrap;&quot;[39m
              [36m&gt;[39m
                [0mmem-003[0m
              [36m&lt;/ink-text&gt;[39m
              [36m&lt;ink-text[39m
                [33mstyle[39m=[32m&quot;flex-grow: 0; flex-shrink: 1; flex-direction: row; text-wrap: wrap;&quot;[39m
              [36m&gt;[39m
                [0m] [0m
              [36m&lt;/ink-text&gt;[39m
              [36m&lt;ink-text[39m
                [33mstyle[39m=[32m&quot;flex-grow: 0; flex-shrink: 1; flex-direction: row; text-wrap: wrap;&quot;[39m
              [36m&gt;[39m
                [0mRESTful API設計とエンドポイント定義[0m
              [36m&lt;/ink-text&gt;[39m
            [36m&lt;/ink-box&gt;[39m
          [36m&lt;/ink-box&gt;[39m
          [36m&lt;ink-box[39m
            [33mstyle[39m=[32m&quot;flex-wrap: nowrap; flex-direction: row; flex-grow: 0; flex-shrink: 1; margin-top: 1px; border-color: rgb(108, 112, 134); padding: 1px; overflow-x: visible; overflow-y: visible;&quot;[39m
          [36m&gt;[39m
            [36m&lt;ink-box[39m
              [33mstyle[39m=[32m&quot;flex-wrap: nowrap; flex-direction: column; flex-grow: 0; flex-shrink: 1; overflow-x: visible; overflow-y: visible;&quot;[39m
            [36m&gt;[39m
              [36m&lt;ink-text[39m
                [33mstyle[39m=[32m&quot;flex-grow: 0; flex-shrink: 1; flex-direction: row; text-wrap: wrap;&quot;[39m
              [36m&gt;[39m
                [0m詳細:[0m
              [36m&lt;/ink-text&gt;[39m
              [36m&lt;ink-text[39m
                [33mstyle[39m=[32m&quot;flex-grow: 0; flex-shrink: 1; flex-direction: row; text-wrap: wrap;&quot;[39m
              [36m&gt;[39m
                [0mID: [0m
                [0mmem-001[0m
              [36m&lt;/ink-text&gt;[39m
              [36m&lt;ink-text[39m
                [33mstyle[39m=[32m&quot;flex-grow: 0; flex-shrink: 1; flex-direction: row; text-wrap: wrap;&quot;[39m
              [36m&gt;[39m
                [0mアクセス数: [0m
                [0m15[0m
              [36m&lt;/ink-text&gt;[39m
              [36m&lt;ink-text[39m
                [33mstyle[39m=[32m&quot;flex-grow: 0; flex-shrink: 1; flex-direction: row; text-wrap: wrap;&quot;[39m
              [36m&gt;[39m
                [0m成功率: [0m
                [0m92.0[0m
                [0m%[0m
              [36m&lt;/ink-text&gt;[39m
              [36m&lt;ink-text[39m
                [33mstyle[39m=[32m&quot;flex-grow: 0; flex-shrink: 1; flex-direction: row; text-wrap: wrap;&quot;[39m
              [36m&gt;[39m
                [0mタグ: [0m
                [0mgpt5, prompting, analysis[0m
              [36m&lt;/ink-text&gt;[39m
            [36m&lt;/ink-box&gt;[39m
          [36m&lt;/ink-box&gt;[39m
        [36m&lt;/ink-box&gt;[39m
      [36m&lt;/ink-box&gt;[39m
      [36m&lt;ink-box[39m
        [33mstyle[39m=[32m&quot;flex-wrap: nowrap; flex-direction: row; flex-grow: 0; flex-shrink: 1; margin-top: 1px; border-color: rgb(108, 112, 134); padding: 1px; overflow-x: visible; overflow-y: visible;&quot;[39m
      [36m&gt;[39m
        [36m&lt;ink-text[39m
          [33mstyle[39m=[32m&quot;flex-grow: 0; flex-shrink: 1; flex-direction: row; text-wrap: wrap;&quot;[39m
        [36m&gt;[39m
          [0mTab: タブ切替 | ↑↓: 記憶選択 | q: 終了[0m
        [36m&lt;/ink-text&gt;[39m
      [36m&lt;/ink-box&gt;[39m
    [36m&lt;/ink-box&gt;[39m
  [36m&lt;/div&gt;[39m
[36m&lt;/body&gt;[39m" type="TestingLibraryElementError">
TestingLibraryElementError: Unable to find an element with the text: テストメモリ1. This could be because the text is broken up by multiple elements. In this case, you can provide a function for your text matcher to make your matcher more flexible.

Ignored nodes: comments, script, style
&lt;body&gt;
  &lt;div&gt;
    &lt;ink-box
      style=&quot;flex-wrap: nowrap; flex-direction: column; flex-grow: 0; flex-shrink: 1; width: 52px; height: 20px; padding: 1px; overflow-x: visible; overflow-y: visible;&quot;
    &gt;
      &lt;ink-box
        style=&quot;flex-wrap: nowrap; flex-direction: row; flex-grow: 0; flex-shrink: 1; margin-bottom: 1px; overflow-x: visible; overflow-y: visible;&quot;
      &gt;
        &lt;ink-text
          style=&quot;flex-grow: 0; flex-shrink: 1; flex-direction: row; text-wrap: wrap;&quot;
        &gt;
          シナプス記憶システム ダッシュボード
        &lt;/ink-text&gt;
      &lt;/ink-box&gt;
      &lt;ink-box
        style=&quot;flex-wrap: nowrap; flex-direction: row; flex-grow: 0; flex-shrink: 1; margin-bottom: 1px; overflow-x: visible; overflow-y: visible;&quot;
      &gt;
        &lt;ink-box
          style=&quot;flex-wrap: nowrap; flex-direction: row; flex-grow: 0; flex-shrink: 1; margin-right: 2px; overflow-x: visible; overflow-y: visible;&quot;
        &gt;
          &lt;ink-text
            style=&quot;flex-grow: 0; flex-shrink: 1; flex-direction: row; text-wrap: wrap;&quot;
          &gt;
            [
            1
            ] 
            記憶一覧
          &lt;/ink-text&gt;
        &lt;/ink-box&gt;
        &lt;ink-box
          style=&quot;flex-wrap: nowrap; flex-direction: row; flex-grow: 0; flex-shrink: 1; margin-right: 2px; overflow-x: visible; overflow-y: visible;&quot;
        &gt;
          &lt;ink-text
            style=&quot;flex-grow: 0; flex-shrink: 1; flex-direction: row; text-wrap: wrap;&quot;
          &gt;
            [
            2
            ] 
            シナプス結合
          &lt;/ink-text&gt;
        &lt;/ink-box&gt;
        &lt;ink-box
          style=&quot;flex-wrap: nowrap; flex-direction: row; flex-grow: 0; flex-shrink: 1; margin-right: 2px; overflow-x: visible; overflow-y: visible;&quot;
        &gt;
          &lt;ink-text
            style=&quot;flex-grow: 0; flex-shrink: 1; flex-direction: row; text-wrap: wrap;&quot;
          &gt;
            [
            3
            ] 
            ネットワーク診断
          &lt;/ink-text&gt;
        &lt;/ink-box&gt;
        &lt;ink-box
          style=&quot;flex-wrap: nowrap; flex-direction: row; flex-grow: 0; flex-shrink: 1; margin-right: 2px; overflow-x: visible; overflow-y: visible;&quot;
        &gt;
          &lt;ink-text
            style=&quot;flex-grow: 0; flex-shrink: 1; flex-direction: row; text-wrap: wrap;&quot;
          &gt;
            [
            4
            ] 
            設定
          &lt;/ink-text&gt;
        &lt;/ink-box&gt;
      &lt;/ink-box&gt;
      &lt;ink-box
        style=&quot;flex-wrap: nowrap; flex-direction: row; flex-grow: 1; flex-shrink: 1; overflow: hidden; overflow-x: hidden; overflow-y: hidden;&quot;
      &gt;
        &lt;ink-box
          style=&quot;flex-wrap: nowrap; flex-direction: column; flex-grow: 1; flex-shrink: 1; overflow-x: visible; overflow-y: visible;&quot;
        &gt;
          &lt;ink-box
            style=&quot;flex-wrap: nowrap; flex-direction: row; flex-grow: 0; flex-shrink: 1; margin-bottom: 1px; overflow-x: visible; overflow-y: visible;&quot;
          &gt;
            &lt;ink-text
              style=&quot;flex-grow: 0; flex-shrink: 1; flex-direction: row; text-wrap: wrap;&quot;
            &gt;
              記憶一覧 (
              3
              件)
            &lt;/ink-text&gt;
          &lt;/ink-box&gt;
          &lt;ink-box
            style=&quot;flex-wrap: nowrap; flex-direction: column; flex-grow: 0; flex-shrink: 0; width: 48px; overflow-x: visible; overflow-y: visible;&quot;
          &gt;
            &lt;ink-box
              style=&quot;flex-wrap: nowrap; flex-direction: row; flex-grow: 0; flex-shrink: 1; overflow-x: visible; overflow-y: visible;&quot;
            &gt;
              &lt;ink-text
                style=&quot;flex-grow: 0; flex-shrink: 1; flex-direction: row; text-wrap: wrap;&quot;
              &gt;
                ► 
              &lt;/ink-text&gt;
              &lt;ink-text
                style=&quot;flex-grow: 0; flex-shrink: 1; flex-direction: row; text-wrap: wrap;&quot;
              &gt;
                [
              &lt;/ink-text&gt;
              &lt;ink-text
                style=&quot;flex-grow: 0; flex-shrink: 1; flex-direction: row; text-wrap: wrap;&quot;
              &gt;
                mem-001
              &lt;/ink-text&gt;
              &lt;ink-text
                style=&quot;flex-grow: 0; flex-shrink: 1; flex-direction: row; text-wrap: wrap;&quot;
              &gt;
                ] 
              &lt;/ink-text&gt;
              &lt;ink-text
                style=&quot;flex-grow: 0; flex-shrink: 1; flex-direction: row; text-wrap: wrap;&quot;
              &gt;
                GPT-5プロンプトガイドの分析結果
              &lt;/ink-text&gt;
            &lt;/ink-box&gt;
            &lt;ink-box
              style=&quot;flex-wrap: nowrap; flex-direction: row; flex-grow: 0; flex-shrink: 1; overflow-x: visible; overflow-y: visible;&quot;
            &gt;
              &lt;ink-text
                style=&quot;flex-grow: 0; flex-shrink: 1; flex-direction: row; text-wrap: wrap;&quot;
              &gt;
                  
              &lt;/ink-text&gt;
              &lt;ink-text
                style=&quot;flex-grow: 0; flex-shrink: 1; flex-direction: row; text-wrap: wrap;&quot;
              &gt;
                [
              &lt;/ink-text&gt;
              &lt;ink-text
                style=&quot;flex-grow: 0; flex-shrink: 1; flex-direction: row; text-wrap: wrap;&quot;
              &gt;
                mem-002
              &lt;/ink-text&gt;
              &lt;ink-text
                style=&quot;flex-grow: 0; flex-shrink: 1; flex-direction: row; text-wrap: wrap;&quot;
              &gt;
                ] 
              &lt;/ink-text&gt;
              &lt;ink-text
                style=&quot;flex-grow: 0; flex-shrink: 1; flex-direction: row; text-wrap: wrap;&quot;
              &gt;
                シナプス記憶システムのPhase 2実装完了
              &lt;/ink-text&gt;
            &lt;/ink-box&gt;
            &lt;ink-box
              style=&quot;flex-wrap: nowrap; flex-direction: row; flex-grow: 0; flex-shrink: 1; overflow-x: visible; overflow-y: visible;&quot;
            &gt;
              &lt;ink-text
                style=&quot;flex-grow: 0; flex-shrink: 1; flex-direction: row; text-wrap: wrap;&quot;
              &gt;
                  
              &lt;/ink-text&gt;
              &lt;ink-text
                style=&quot;flex-grow: 0; flex-shrink: 1; flex-direction: row; text-wrap: wrap;&quot;
              &gt;
                [
              &lt;/ink-text&gt;
              &lt;ink-text
                style=&quot;flex-grow: 0; flex-shrink: 1; flex-direction: row; text-wrap: wrap;&quot;
              &gt;
                mem-003
              &lt;/ink-text&gt;
              &lt;ink-text
                style=&quot;flex-grow: 0; flex-shrink: 1; flex-direction: row; text-wrap: wrap;&quot;
              &gt;
                ] 
              &lt;/ink-text&gt;
              &lt;ink-text
                style=&quot;flex-grow: 0; flex-shrink: 1; flex-direction: row; text-wrap: wrap;&quot;
              &gt;
                RESTful API設計とエンドポイント定義
              &lt;/ink-text&gt;
            &lt;/ink-box&gt;
          &lt;/ink-box&gt;
          &lt;ink-box
            style=&quot;flex-wrap: nowrap; flex-direction: row; flex-grow: 0; flex-shrink: 1; margin-top: 1px; border-color: rgb(108, 112, 134); padding: 1px; overflow-x: visible; overflow-y: visible;&quot;
          &gt;
            &lt;ink-box
              style=&quot;flex-wrap: nowrap; flex-direction: column; flex-grow: 0; flex-shrink: 1; overflow-x: visible; overflow-y: visible;&quot;
            &gt;
              &lt;ink-text
                style=&quot;flex-grow: 0; flex-shrink: 1; flex-direction: row; text-wrap: wrap;&quot;
              &gt;
                詳細:
              &lt;/ink-text&gt;
              &lt;ink-text
                style=&quot;flex-grow: 0; flex-shrink: 1; flex-direction: row; text-wrap: wrap;&quot;
              &gt;
                ID: 
                mem-001
              &lt;/ink-text&gt;
              &lt;ink-text
                style=&quot;flex-grow: 0; flex-shrink: 1; flex-direction: row; text-wrap: wrap;&quot;
              &gt;
                アクセス数: 
                15
              &lt;/ink-text&gt;
              &lt;ink-text
                style=&quot;flex-grow: 0; flex-shrink: 1; flex-direction: row; text-wrap: wrap;&quot;
              &gt;
                成功率: 
                92.0
                %
              &lt;/ink-text&gt;
              &lt;ink-text
                style=&quot;flex-grow: 0; flex-shrink: 1; flex-direction: row; text-wrap: wrap;&quot;
              &gt;
                タグ: 
                gpt5, prompting, analysis
              &lt;/ink-text&gt;
            &lt;/ink-box&gt;
          &lt;/ink-box&gt;
        &lt;/ink-box&gt;
      &lt;/ink-box&gt;
      &lt;ink-box
        style=&quot;flex-wrap: nowrap; flex-direction: row; flex-grow: 0; flex-shrink: 1; margin-top: 1px; border-color: rgb(108, 112, 134); padding: 1px; overflow-x: visible; overflow-y: visible;&quot;
      &gt;
        &lt;ink-text
          style=&quot;flex-grow: 0; flex-shrink: 1; flex-direction: row; text-wrap: wrap;&quot;
        &gt;
          Tab: タブ切替 | ↑↓: 記憶選択 | q: 終了
        &lt;/ink-text&gt;
      &lt;/ink-box&gt;
    &lt;/ink-box&gt;
  &lt;/div&gt;
&lt;/body&gt;
 ❯ Object.getElementError node_modules/@testing-library/dom/dist/config.js:37:19
 ❯ node_modules/@testing-library/dom/dist/query-helpers.js:76:38
 ❯ node_modules/@testing-library/dom/dist/query-helpers.js:52:17
 ❯ node_modules/@testing-library/dom/dist/query-helpers.js:95:19
 ❯ src/ui/components/SynapticMemoryDashboard.test.tsx:252:19
            </failure>
        </testcase>
    </testsuite>
    <testsuite name="src/ui/components/ToolStatsDisplay.test.tsx" timestamp="2025-08-12T09:45:14.006Z" hostname="63accec1df8b" tests="5" failures="0" errors="0" skipped="0" time="0.062676542">
        <testcase classname="src/ui/components/ToolStatsDisplay.test.tsx" name="&lt;ToolStatsDisplay /&gt; &gt; should render &quot;no tool calls&quot; message when there are no active tools" time="0.022200126">
        </testcase>
        <testcase classname="src/ui/components/ToolStatsDisplay.test.tsx" name="&lt;ToolStatsDisplay /&gt; &gt; should display stats for a single tool correctly" time="0.009577958">
        </testcase>
        <testcase classname="src/ui/components/ToolStatsDisplay.test.tsx" name="&lt;ToolStatsDisplay /&gt; &gt; should display stats for multiple tools correctly" time="0.009053292">
        </testcase>
        <testcase classname="src/ui/components/ToolStatsDisplay.test.tsx" name="&lt;ToolStatsDisplay /&gt; &gt; should handle large values without wrapping or overlapping" time="0.008601083">
        </testcase>
        <testcase classname="src/ui/components/ToolStatsDisplay.test.tsx" name="&lt;ToolStatsDisplay /&gt; &gt; should handle zero decisions gracefully" time="0.01203275">
        </testcase>
    </testsuite>
    <testsuite name="src/ui/hooks/atCommandProcessor.test.ts" timestamp="2025-08-12T09:45:14.007Z" hostname="63accec1df8b" tests="17" failures="0" errors="0" skipped="0" time="0.015845125">
        <testcase classname="src/ui/hooks/atCommandProcessor.test.ts" name="handleAtCommand &gt; should pass through query if no @ command is present" time="0.003464792">
        </testcase>
        <testcase classname="src/ui/hooks/atCommandProcessor.test.ts" name="handleAtCommand &gt; should pass through original query if only a lone @ symbol is present" time="0.00050825">
        </testcase>
        <testcase classname="src/ui/hooks/atCommandProcessor.test.ts" name="handleAtCommand &gt; should process a valid text file path" time="0.002157042">
        </testcase>
        <testcase classname="src/ui/hooks/atCommandProcessor.test.ts" name="handleAtCommand &gt; should process a valid directory path and convert to glob" time="0.001042167">
        </testcase>
        <testcase classname="src/ui/hooks/atCommandProcessor.test.ts" name="handleAtCommand &gt; should process a valid image file path (as text content for now)" time="0.000416292">
        </testcase>
        <testcase classname="src/ui/hooks/atCommandProcessor.test.ts" name="handleAtCommand &gt; should handle query with text before and after @command" time="0.000383208">
        </testcase>
        <testcase classname="src/ui/hooks/atCommandProcessor.test.ts" name="handleAtCommand &gt; should correctly unescape paths with escaped spaces" time="0.000655875">
        </testcase>
        <testcase classname="src/ui/hooks/atCommandProcessor.test.ts" name="handleAtCommand &gt; should handle multiple @file references" time="0.000675792">
        </testcase>
        <testcase classname="src/ui/hooks/atCommandProcessor.test.ts" name="handleAtCommand &gt; should handle multiple @file references with interleaved text" time="0.000628417">
        </testcase>
        <testcase classname="src/ui/hooks/atCommandProcessor.test.ts" name="handleAtCommand &gt; should handle a mix of valid, invalid, and lone @ references" time="0.00105575">
        </testcase>
        <testcase classname="src/ui/hooks/atCommandProcessor.test.ts" name="handleAtCommand &gt; should return original query if all @paths are invalid or lone @" time="0.000389834">
        </testcase>
        <testcase classname="src/ui/hooks/atCommandProcessor.test.ts" name="handleAtCommand &gt; should process a file path case-insensitively" time="0.00078">
        </testcase>
        <testcase classname="src/ui/hooks/atCommandProcessor.test.ts" name="handleAtCommand &gt; git-aware filtering &gt; should skip git-ignored files in @ commands" time="0.000532709">
        </testcase>
        <testcase classname="src/ui/hooks/atCommandProcessor.test.ts" name="handleAtCommand &gt; git-aware filtering &gt; should process non-git-ignored files normally" time="0.000715417">
        </testcase>
        <testcase classname="src/ui/hooks/atCommandProcessor.test.ts" name="handleAtCommand &gt; git-aware filtering &gt; should handle mixed git-ignored and valid files" time="0.000697375">
        </testcase>
        <testcase classname="src/ui/hooks/atCommandProcessor.test.ts" name="handleAtCommand &gt; git-aware filtering &gt; should always ignore .git directory files" time="0.000387042">
        </testcase>
        <testcase classname="src/ui/hooks/atCommandProcessor.test.ts" name="handleAtCommand &gt; when recursive file search is disabled &gt; should not use glob search for a nonexistent file" time="0.000396458">
        </testcase>
    </testsuite>
    <testsuite name="src/ui/hooks/shellCommandProcessor.test.ts" timestamp="2025-08-12T09:45:14.011Z" hostname="63accec1df8b" tests="3" failures="0" errors="0" skipped="0" time="0.021690833">
        <testcase classname="src/ui/hooks/shellCommandProcessor.test.ts" name="useShellCommandProcessor &gt; should execute a command and update history on success" time="0.014312208">
        </testcase>
        <testcase classname="src/ui/hooks/shellCommandProcessor.test.ts" name="useShellCommandProcessor &gt; should handle binary output" time="0.003131958">
        </testcase>
        <testcase classname="src/ui/hooks/shellCommandProcessor.test.ts" name="useShellCommandProcessor &gt; should handle command failure" time="0.0030485">
        </testcase>
    </testsuite>
    <testsuite name="src/ui/hooks/slashCommandProcessor.test.ts" timestamp="2025-08-12T09:45:14.012Z" hostname="63accec1df8b" tests="7" failures="0" errors="0" skipped="0" time="0.388236917">
        <testcase classname="src/ui/hooks/slashCommandProcessor.test.ts" name="useSlashCommandProcessor &gt; New command registry &gt; should execute a command from the new registry" time="0.064756666">
            <system-err>
An update to TestComponent inside a test was not wrapped in act(...).

When testing, code that causes React state updates should be wrapped into act(...):

act(() =&gt; {
  /* fire events that update state */
});
/* assert on the output */

This ensures that you&apos;re testing the behavior the user would see in the browser. Learn more at https://react.dev/link/wrap-tests-with-act

            </system-err>
        </testcase>
        <testcase classname="src/ui/hooks/slashCommandProcessor.test.ts" name="useSlashCommandProcessor &gt; New command registry &gt; should return &quot;schedule_tool&quot; when a new command returns a tool action" time="0.052585084">
            <system-err>
An update to TestComponent inside a test was not wrapped in act(...).

When testing, code that causes React state updates should be wrapped into act(...):

act(() =&gt; {
  /* fire events that update state */
});
/* assert on the output */

This ensures that you&apos;re testing the behavior the user would see in the browser. Learn more at https://react.dev/link/wrap-tests-with-act

            </system-err>
        </testcase>
        <testcase classname="src/ui/hooks/slashCommandProcessor.test.ts" name="useSlashCommandProcessor &gt; New command registry &gt; should return &quot;handled&quot; when a new command returns a message action" time="0.0543375">
            <system-err>
An update to TestComponent inside a test was not wrapped in act(...).

When testing, code that causes React state updates should be wrapped into act(...):

act(() =&gt; {
  /* fire events that update state */
});
/* assert on the output */

This ensures that you&apos;re testing the behavior the user would see in the browser. Learn more at https://react.dev/link/wrap-tests-with-act

            </system-err>
        </testcase>
        <testcase classname="src/ui/hooks/slashCommandProcessor.test.ts" name="useSlashCommandProcessor &gt; New command registry &gt; should return &quot;handled&quot; when a new command returns a dialog action" time="0.05263675">
            <system-err>
An update to TestComponent inside a test was not wrapped in act(...).

When testing, code that causes React state updates should be wrapped into act(...):

act(() =&gt; {
  /* fire events that update state */
});
/* assert on the output */

This ensures that you&apos;re testing the behavior the user would see in the browser. Learn more at https://react.dev/link/wrap-tests-with-act

            </system-err>
        </testcase>
        <testcase classname="src/ui/hooks/slashCommandProcessor.test.ts" name="useSlashCommandProcessor &gt; New command registry &gt; should open the auth dialog when a new command returns an auth dialog action" time="0.053932625">
            <system-err>
An update to TestComponent inside a test was not wrapped in act(...).

When testing, code that causes React state updates should be wrapped into act(...):

act(() =&gt; {
  /* fire events that update state */
});
/* assert on the output */

This ensures that you&apos;re testing the behavior the user would see in the browser. Learn more at https://react.dev/link/wrap-tests-with-act

            </system-err>
        </testcase>
        <testcase classname="src/ui/hooks/slashCommandProcessor.test.ts" name="useSlashCommandProcessor &gt; New command registry &gt; should open the theme dialog when a new command returns a theme dialog action" time="0.053949417">
            <system-err>
An update to TestComponent inside a test was not wrapped in act(...).

When testing, code that causes React state updates should be wrapped into act(...):

act(() =&gt; {
  /* fire events that update state */
});
/* assert on the output */

This ensures that you&apos;re testing the behavior the user would see in the browser. Learn more at https://react.dev/link/wrap-tests-with-act

            </system-err>
        </testcase>
        <testcase classname="src/ui/hooks/slashCommandProcessor.test.ts" name="useSlashCommandProcessor &gt; New command registry &gt; should show help for a parent command with no action" time="0.053520875">
            <system-err>
An update to TestComponent inside a test was not wrapped in act(...).

When testing, code that causes React state updates should be wrapped into act(...):

act(() =&gt; {
  /* fire events that update state */
});
/* assert on the output */

This ensures that you&apos;re testing the behavior the user would see in the browser. Learn more at https://react.dev/link/wrap-tests-with-act

            </system-err>
        </testcase>
    </testsuite>
    <testsuite name="src/ui/hooks/useAutoAcceptIndicator.test.ts" timestamp="2025-08-12T09:45:14.015Z" hostname="63accec1df8b" tests="6" failures="0" errors="0" skipped="0" time="0.023628291">
        <testcase classname="src/ui/hooks/useAutoAcceptIndicator.test.ts" name="useAutoAcceptIndicator &gt; should initialize with ApprovalMode.AUTO_EDIT if config.getApprovalMode returns ApprovalMode.AUTO_EDIT" time="0.01146025">
        </testcase>
        <testcase classname="src/ui/hooks/useAutoAcceptIndicator.test.ts" name="useAutoAcceptIndicator &gt; should initialize with ApprovalMode.DEFAULT if config.getApprovalMode returns ApprovalMode.DEFAULT" time="0.001859333">
        </testcase>
        <testcase classname="src/ui/hooks/useAutoAcceptIndicator.test.ts" name="useAutoAcceptIndicator &gt; should initialize with ApprovalMode.YOLO if config.getApprovalMode returns ApprovalMode.YOLO" time="0.001492459">
        </testcase>
        <testcase classname="src/ui/hooks/useAutoAcceptIndicator.test.ts" name="useAutoAcceptIndicator &gt; should toggle the indicator and update config when Shift+Tab or Ctrl+Y is pressed" time="0.003925625">
        </testcase>
        <testcase classname="src/ui/hooks/useAutoAcceptIndicator.test.ts" name="useAutoAcceptIndicator &gt; should not toggle if only one key or other keys combinations are pressed" time="0.001830125">
        </testcase>
        <testcase classname="src/ui/hooks/useAutoAcceptIndicator.test.ts" name="useAutoAcceptIndicator &gt; should update indicator when config value changes externally (useEffect dependency)" time="0.001683208">
        </testcase>
    </testsuite>
    <testsuite name="src/ui/hooks/useCompletion.integration.test.ts" timestamp="2025-08-12T09:45:14.017Z" hostname="63accec1df8b" tests="23" failures="0" errors="0" skipped="0" time="1.712621334">
        <testcase classname="src/ui/hooks/useCompletion.integration.test.ts" name="useCompletion git-aware filtering integration &gt; should filter git-ignored entries from @ completions" time="0.166749042">
        </testcase>
        <testcase classname="src/ui/hooks/useCompletion.integration.test.ts" name="useCompletion git-aware filtering integration &gt; should filter git-ignored directories from @ completions" time="0.153200417">
        </testcase>
        <testcase classname="src/ui/hooks/useCompletion.integration.test.ts" name="useCompletion git-aware filtering integration &gt; should handle recursive search with git-aware filtering" time="0.152660875">
            <system-err>
Error fetching completion suggestions for t: Cannot read properties of undefined (reading &apos;map&apos;)

            </system-err>
        </testcase>
        <testcase classname="src/ui/hooks/useCompletion.integration.test.ts" name="useCompletion git-aware filtering integration &gt; should not perform recursive search when disabled in config" time="0.154490541">
        </testcase>
        <testcase classname="src/ui/hooks/useCompletion.integration.test.ts" name="useCompletion git-aware filtering integration &gt; should work without config (fallback behavior)" time="0.152314084">
        </testcase>
        <testcase classname="src/ui/hooks/useCompletion.integration.test.ts" name="useCompletion git-aware filtering integration &gt; should handle git discovery service initialization failure gracefully" time="0.152864542">
        </testcase>
        <testcase classname="src/ui/hooks/useCompletion.integration.test.ts" name="useCompletion git-aware filtering integration &gt; should handle directory-specific completions with git filtering" time="0.15321475">
        </testcase>
        <testcase classname="src/ui/hooks/useCompletion.integration.test.ts" name="useCompletion git-aware filtering integration &gt; should use glob for top-level @ completions when available" time="0.153124167">
        </testcase>
        <testcase classname="src/ui/hooks/useCompletion.integration.test.ts" name="useCompletion git-aware filtering integration &gt; should include dotfiles in glob search when input starts with a dot" time="0.152962375">
        </testcase>
        <testcase classname="src/ui/hooks/useCompletion.integration.test.ts" name="useCompletion git-aware filtering integration &gt; should suggest top-level command names based on partial input" time="0.001585">
        </testcase>
        <testcase classname="src/ui/hooks/useCompletion.integration.test.ts" name="useCompletion git-aware filtering integration &gt; should not suggest commands when altName is fully typed" time="0.001224541">
        </testcase>
        <testcase classname="src/ui/hooks/useCompletion.integration.test.ts" name="useCompletion git-aware filtering integration &gt; should not suggest commands when altName is fully typed" time="0.0011435">
        </testcase>
        <testcase classname="src/ui/hooks/useCompletion.integration.test.ts" name="useCompletion git-aware filtering integration &gt; should suggest commands based on partial altName matches" time="0.001095458">
        </testcase>
        <testcase classname="src/ui/hooks/useCompletion.integration.test.ts" name="useCompletion git-aware filtering integration &gt; should suggest sub-command names for a parent command" time="0.001129">
        </testcase>
        <testcase classname="src/ui/hooks/useCompletion.integration.test.ts" name="useCompletion git-aware filtering integration &gt; should suggest all sub-commands when the query ends with the parent command and a space" time="0.001132417">
        </testcase>
        <testcase classname="src/ui/hooks/useCompletion.integration.test.ts" name="useCompletion git-aware filtering integration &gt; should call the command.completion function for argument suggestions" time="0.1528185">
        </testcase>
        <testcase classname="src/ui/hooks/useCompletion.integration.test.ts" name="useCompletion git-aware filtering integration &gt; should not provide suggestions for a fully typed command that has no sub-commands or argument completion" time="0.001392083">
        </testcase>
        <testcase classname="src/ui/hooks/useCompletion.integration.test.ts" name="useCompletion git-aware filtering integration &gt; should not provide suggestions for an unknown command" time="0.001021458">
        </testcase>
        <testcase classname="src/ui/hooks/useCompletion.integration.test.ts" name="useCompletion git-aware filtering integration &gt; should suggest sub-commands for a fully typed parent command without a trailing space" time="0.001071291">
        </testcase>
        <testcase classname="src/ui/hooks/useCompletion.integration.test.ts" name="useCompletion git-aware filtering integration &gt; should NOT provide suggestions for a perfectly typed command that is a leaf node" time="0.001035584">
        </testcase>
        <testcase classname="src/ui/hooks/useCompletion.integration.test.ts" name="useCompletion git-aware filtering integration &gt; should call command.completion with an empty string when args start with a space" time="0.152690958">
        </testcase>
        <testcase classname="src/ui/hooks/useCompletion.integration.test.ts" name="useCompletion git-aware filtering integration &gt; should suggest all top-level commands for the root slash" time="0.00122">
        </testcase>
        <testcase classname="src/ui/hooks/useCompletion.integration.test.ts" name="useCompletion git-aware filtering integration &gt; should provide no suggestions for an invalid sub-command" time="0.001060375">
        </testcase>
    </testsuite>
    <testsuite name="src/ui/hooks/useCompletion.test.ts" timestamp="2025-08-12T09:45:14.022Z" hostname="63accec1df8b" tests="36" failures="0" errors="0" skipped="0" time="2.054208751">
        <testcase classname="src/ui/hooks/useCompletion.test.ts" name="useCompletion &gt; Hook initialization and state &gt; should initialize with default state" time="0.013934458">
        </testcase>
        <testcase classname="src/ui/hooks/useCompletion.test.ts" name="useCompletion &gt; Hook initialization and state &gt; should reset state when isActive becomes false" time="0.00248875">
        </testcase>
        <testcase classname="src/ui/hooks/useCompletion.test.ts" name="useCompletion &gt; Hook initialization and state &gt; should provide required functions" time="0.001492542">
        </testcase>
        <testcase classname="src/ui/hooks/useCompletion.test.ts" name="useCompletion &gt; resetCompletionState &gt; should reset all state to default values" time="0.001733875">
        </testcase>
        <testcase classname="src/ui/hooks/useCompletion.test.ts" name="useCompletion &gt; Navigation functions &gt; should handle navigateUp with no suggestions" time="0.001405416">
        </testcase>
        <testcase classname="src/ui/hooks/useCompletion.test.ts" name="useCompletion &gt; Navigation functions &gt; should handle navigateDown with no suggestions" time="0.001272708">
        </testcase>
        <testcase classname="src/ui/hooks/useCompletion.test.ts" name="useCompletion &gt; Navigation functions &gt; should navigate up through suggestions with wrap-around" time="0.00194725">
        </testcase>
        <testcase classname="src/ui/hooks/useCompletion.test.ts" name="useCompletion &gt; Navigation functions &gt; should navigate down through suggestions with wrap-around" time="0.014166209">
        </testcase>
        <testcase classname="src/ui/hooks/useCompletion.test.ts" name="useCompletion &gt; Navigation functions &gt; should handle navigation with multiple suggestions" time="0.002272333">
        </testcase>
        <testcase classname="src/ui/hooks/useCompletion.test.ts" name="useCompletion &gt; Navigation functions &gt; should handle navigation with large suggestion lists and scrolling" time="0.001960042">
        </testcase>
        <testcase classname="src/ui/hooks/useCompletion.test.ts" name="useCompletion &gt; Slash command completion &gt; should show all commands for root slash" time="0.002157333">
        </testcase>
        <testcase classname="src/ui/hooks/useCompletion.test.ts" name="useCompletion &gt; Slash command completion &gt; should filter commands by prefix" time="0.001422416">
        </testcase>
        <testcase classname="src/ui/hooks/useCompletion.test.ts" name="useCompletion &gt; Slash command completion &gt; should not suggest commands when altName is fully typed" time="0.001470291">
        </testcase>
        <testcase classname="src/ui/hooks/useCompletion.test.ts" name="useCompletion &gt; Slash command completion &gt; should not suggest commands when altName is fully typed" time="0.001381625">
        </testcase>
        <testcase classname="src/ui/hooks/useCompletion.test.ts" name="useCompletion &gt; Slash command completion &gt; should suggest commands based on partial altName matches" time="0.001311166">
        </testcase>
        <testcase classname="src/ui/hooks/useCompletion.test.ts" name="useCompletion &gt; Slash command completion &gt; should not show suggestions for exact leaf command match" time="0.001297542">
        </testcase>
        <testcase classname="src/ui/hooks/useCompletion.test.ts" name="useCompletion &gt; Slash command completion &gt; should show sub-commands for parent commands" time="0.00125325">
        </testcase>
        <testcase classname="src/ui/hooks/useCompletion.test.ts" name="useCompletion &gt; Slash command completion &gt; should show all sub-commands after parent command with space" time="0.001283166">
        </testcase>
        <testcase classname="src/ui/hooks/useCompletion.test.ts" name="useCompletion &gt; Slash command completion &gt; should filter sub-commands by prefix" time="0.001219334">
        </testcase>
        <testcase classname="src/ui/hooks/useCompletion.test.ts" name="useCompletion &gt; Slash command completion &gt; should handle unknown command gracefully" time="0.001389625">
        </testcase>
        <testcase classname="src/ui/hooks/useCompletion.test.ts" name="useCompletion &gt; Command argument completion &gt; should call completion function for command arguments" time="0.154736292">
        </testcase>
        <testcase classname="src/ui/hooks/useCompletion.test.ts" name="useCompletion &gt; Command argument completion &gt; should call completion function with partial argument" time="0.152675">
        </testcase>
        <testcase classname="src/ui/hooks/useCompletion.test.ts" name="useCompletion &gt; Command argument completion &gt; should handle completion function that returns null" time="0.153065584">
        </testcase>
        <testcase classname="src/ui/hooks/useCompletion.test.ts" name="useCompletion &gt; File path completion (@-syntax) &gt; should show file completions for @ prefix" time="0.153035167">
        </testcase>
        <testcase classname="src/ui/hooks/useCompletion.test.ts" name="useCompletion &gt; File path completion (@-syntax) &gt; should filter files by prefix" time="0.152708958">
        </testcase>
        <testcase classname="src/ui/hooks/useCompletion.test.ts" name="useCompletion &gt; File path completion (@-syntax) &gt; should include hidden files when prefix starts with dot" time="0.153205625">
        </testcase>
        <testcase classname="src/ui/hooks/useCompletion.test.ts" name="useCompletion &gt; File path completion (@-syntax) &gt; should handle ENOENT error gracefully" time="0.152918542">
            <system-err>
Error fetching completion suggestions for nonexistent: Cannot read properties of undefined (reading &apos;map&apos;)

            </system-err>
        </testcase>
        <testcase classname="src/ui/hooks/useCompletion.test.ts" name="useCompletion &gt; File path completion (@-syntax) &gt; should handle other errors by resetting state" time="0.152930833">
        </testcase>
        <testcase classname="src/ui/hooks/useCompletion.test.ts" name="useCompletion &gt; Debouncing &gt; should debounce file completion requests" time="0.153412">
        </testcase>
        <testcase classname="src/ui/hooks/useCompletion.test.ts" name="useCompletion &gt; Query handling edge cases &gt; should handle empty query" time="0.001919625">
        </testcase>
        <testcase classname="src/ui/hooks/useCompletion.test.ts" name="useCompletion &gt; Query handling edge cases &gt; should handle query without slash or @" time="0.001467833">
        </testcase>
        <testcase classname="src/ui/hooks/useCompletion.test.ts" name="useCompletion &gt; Query handling edge cases &gt; should handle query with whitespace" time="0.00131125">
        </testcase>
        <testcase classname="src/ui/hooks/useCompletion.test.ts" name="useCompletion &gt; Query handling edge cases &gt; should handle @ at the end of query" time="0.152769">
            <system-err>
Error fetching completion suggestions for : entries is not iterable

            </system-err>
        </testcase>
        <testcase classname="src/ui/hooks/useCompletion.test.ts" name="useCompletion &gt; File sorting behavior &gt; should prioritize source files over test files with same base name" time="0.153068583">
        </testcase>
        <testcase classname="src/ui/hooks/useCompletion.test.ts" name="useCompletion &gt; Config and FileDiscoveryService integration &gt; should work without config" time="0.153245208">
        </testcase>
        <testcase classname="src/ui/hooks/useCompletion.test.ts" name="useCompletion &gt; Config and FileDiscoveryService integration &gt; should respect file filtering when config is provided" time="0.152840834">
        </testcase>
    </testsuite>
    <testsuite name="src/ui/hooks/useConsoleMessages.test.ts" timestamp="2025-08-12T09:45:14.031Z" hostname="63accec1df8b" tests="9" failures="0" errors="0" skipped="0" time="0.02678475">
        <testcase classname="src/ui/hooks/useConsoleMessages.test.ts" name="useConsoleMessages &gt; should initialize with an empty array of console messages" time="0.010859708">
        </testcase>
        <testcase classname="src/ui/hooks/useConsoleMessages.test.ts" name="useConsoleMessages &gt; should add a new message" time="0.002619916">
        </testcase>
        <testcase classname="src/ui/hooks/useConsoleMessages.test.ts" name="useConsoleMessages &gt; should consolidate identical consecutive messages" time="0.001661958">
        </testcase>
        <testcase classname="src/ui/hooks/useConsoleMessages.test.ts" name="useConsoleMessages &gt; should not consolidate different messages" time="0.001732584">
        </testcase>
        <testcase classname="src/ui/hooks/useConsoleMessages.test.ts" name="useConsoleMessages &gt; should not consolidate messages if type is different" time="0.002063375">
        </testcase>
        <testcase classname="src/ui/hooks/useConsoleMessages.test.ts" name="useConsoleMessages &gt; should clear console messages" time="0.002209292">
        </testcase>
        <testcase classname="src/ui/hooks/useConsoleMessages.test.ts" name="useConsoleMessages &gt; should clear pending timeout on clearConsoleMessages" time="0.001478875">
        </testcase>
        <testcase classname="src/ui/hooks/useConsoleMessages.test.ts" name="useConsoleMessages &gt; should clear message queue on clearConsoleMessages" time="0.001659">
        </testcase>
        <testcase classname="src/ui/hooks/useConsoleMessages.test.ts" name="useConsoleMessages &gt; should cleanup timeout on unmount" time="0.001414875">
        </testcase>
    </testsuite>
    <testsuite name="src/ui/hooks/useEditorSettings.test.ts" timestamp="2025-08-12T09:45:14.033Z" hostname="63accec1df8b" tests="10" failures="0" errors="0" skipped="0" time="0.027689208">
        <testcase classname="src/ui/hooks/useEditorSettings.test.ts" name="useEditorSettings &gt; should initialize with dialog closed" time="0.011366292">
        </testcase>
        <testcase classname="src/ui/hooks/useEditorSettings.test.ts" name="useEditorSettings &gt; should open editor dialog when openEditorDialog is called" time="0.001932875">
        </testcase>
        <testcase classname="src/ui/hooks/useEditorSettings.test.ts" name="useEditorSettings &gt; should close editor dialog when exitEditorDialog is called" time="0.001382375">
        </testcase>
        <testcase classname="src/ui/hooks/useEditorSettings.test.ts" name="useEditorSettings &gt; should handle editor selection successfully" time="0.003406958">
        </testcase>
        <testcase classname="src/ui/hooks/useEditorSettings.test.ts" name="useEditorSettings &gt; should handle clearing editor preference (undefined editor)" time="0.001303125">
        </testcase>
        <testcase classname="src/ui/hooks/useEditorSettings.test.ts" name="useEditorSettings &gt; should handle different editor types" time="0.001511459">
        </testcase>
        <testcase classname="src/ui/hooks/useEditorSettings.test.ts" name="useEditorSettings &gt; should handle different setting scopes" time="0.001221708">
        </testcase>
        <testcase classname="src/ui/hooks/useEditorSettings.test.ts" name="useEditorSettings &gt; should not set preference for unavailable editors" time="0.00117625">
        </testcase>
        <testcase classname="src/ui/hooks/useEditorSettings.test.ts" name="useEditorSettings &gt; should not set preference for editors not allowed in sandbox" time="0.001505334">
        </testcase>
        <testcase classname="src/ui/hooks/useEditorSettings.test.ts" name="useEditorSettings &gt; should handle errors during editor selection" time="0.001399083">
        </testcase>
    </testsuite>
    <testsuite name="src/ui/hooks/useGeminiStream.test.tsx" timestamp="2025-08-12T09:45:14.035Z" hostname="63accec1df8b" tests="22" failures="0" errors="0" skipped="0" time="0.133826209">
        <testcase classname="src/ui/hooks/useGeminiStream.test.tsx" name="mergePartListUnions &gt; should merge multiple PartListUnion arrays" time="0.001283666">
        </testcase>
        <testcase classname="src/ui/hooks/useGeminiStream.test.tsx" name="mergePartListUnions &gt; should handle empty arrays in the input list" time="0.00012225">
        </testcase>
        <testcase classname="src/ui/hooks/useGeminiStream.test.tsx" name="mergePartListUnions &gt; should handle a single PartListUnion array" time="0.000085209">
        </testcase>
        <testcase classname="src/ui/hooks/useGeminiStream.test.tsx" name="mergePartListUnions &gt; should return an empty array if all input arrays are empty" time="0.0000675">
        </testcase>
        <testcase classname="src/ui/hooks/useGeminiStream.test.tsx" name="mergePartListUnions &gt; should handle input list being empty" time="0.000062375">
        </testcase>
        <testcase classname="src/ui/hooks/useGeminiStream.test.tsx" name="mergePartListUnions &gt; should correctly merge when PartListUnion items are single Parts not in arrays" time="0.000094792">
        </testcase>
        <testcase classname="src/ui/hooks/useGeminiStream.test.tsx" name="mergePartListUnions &gt; should handle a mix of arrays and single parts, including empty arrays and undefined/null parts if they were possible (though PartListUnion typing restricts this)" time="0.000093334">
        </testcase>
        <testcase classname="src/ui/hooks/useGeminiStream.test.tsx" name="mergePartListUnions &gt; should preserve the order of parts from the input arrays" time="0.000089834">
        </testcase>
        <testcase classname="src/ui/hooks/useGeminiStream.test.tsx" name="mergePartListUnions &gt; should handle cases where some PartListUnion items are single Parts and others are arrays of Parts" time="0.000113">
        </testcase>
        <testcase classname="src/ui/hooks/useGeminiStream.test.tsx" name="useGeminiStream &gt; should not submit tool responses if not all tool calls are completed" time="0.011213042">
        </testcase>
        <testcase classname="src/ui/hooks/useGeminiStream.test.tsx" name="useGeminiStream &gt; should submit tool responses when all tool calls are completed and ready" time="0.007742417">
        </testcase>
        <testcase classname="src/ui/hooks/useGeminiStream.test.tsx" name="useGeminiStream &gt; should handle all tool calls being cancelled" time="0.003419667">
        </testcase>
        <testcase classname="src/ui/hooks/useGeminiStream.test.tsx" name="useGeminiStream &gt; should group multiple cancelled tool call responses into a single history entry" time="0.004163042">
        </testcase>
        <testcase classname="src/ui/hooks/useGeminiStream.test.tsx" name="useGeminiStream &gt; should not flicker streaming state to Idle between tool completion and submission" time="0.00467525">
        </testcase>
        <testcase classname="src/ui/hooks/useGeminiStream.test.tsx" name="useGeminiStream &gt; User Cancellation &gt; should cancel an in-progress stream when escape is pressed" time="0.024028792">
            <system-out>
Memory pattern search failed: Error: MemoryManager not initialized. Please provide config on first call.
    at getMemoryManager [90m(/agents/packages/cli/[39msrc/memory/memoryManager.ts:333:11[90m)[39m
    at Object.submitQuery [90m(/agents/packages/cli/[39msrc/ui/hooks/useGeminiStream.ts:606:33[90m)[39m
    at [90m/agents/packages/cli/[39msrc/ui/hooks/useGeminiStream.test.tsx:891:24
    at [90m/agents/packages/cli/[39mnode_modules/[4m@testing-library[24m/react/dist/act-compat.js:48:24
    at process.env.NODE_ENV.exports.act (/agents/node_modules/[4mreact[24m/cjs/react.development.js:789:22)
    at Proxy.&lt;anonymous&gt; [90m(/agents/packages/cli/[39mnode_modules/[4m@testing-library[24m/react/dist/act-compat.js:47:25[90m)[39m
    at [90m/agents/packages/cli/[39msrc/ui/hooks/useGeminiStream.test.tsx:890:13
    at file:///agents/node_modules/[4m@vitest[24m/runner/dist/chunk-hooks.js:155:11
    at file:///agents/node_modules/[4m@vitest[24m/runner/dist/chunk-hooks.js:752:26
    at file:///agents/node_modules/[4m@vitest[24m/runner/dist/chunk-hooks.js:1897:20
    at new Promise (&lt;anonymous&gt;)
    at runWithTimeout (file:///agents/node_modules/[4m@vitest[24m/runner/dist/chunk-hooks.js:1863:10)
    at runTest (file:///agents/node_modules/[4m@vitest[24m/runner/dist/chunk-hooks.js:1574:12)
    at runSuite (file:///agents/node_modules/[4m@vitest[24m/runner/dist/chunk-hooks.js:1729:8)
    at runSuite (file:///agents/node_modules/[4m@vitest[24m/runner/dist/chunk-hooks.js:1729:8)
    at runSuite (file:///agents/node_modules/[4m@vitest[24m/runner/dist/chunk-hooks.js:1729:8)

            </system-out>
        </testcase>
        <testcase classname="src/ui/hooks/useGeminiStream.test.tsx" name="useGeminiStream &gt; User Cancellation &gt; should not do anything if escape is pressed when not responding" time="0.001730959">
        </testcase>
        <testcase classname="src/ui/hooks/useGeminiStream.test.tsx" name="useGeminiStream &gt; User Cancellation &gt; should prevent further processing after cancellation" time="0.055283833">
            <system-out>
Memory pattern search failed: Error: MemoryManager not initialized. Please provide config on first call.
    at getMemoryManager [90m(/agents/packages/cli/[39msrc/memory/memoryManager.ts:333:11[90m)[39m
    at Object.submitQuery [90m(/agents/packages/cli/[39msrc/ui/hooks/useGeminiStream.ts:606:33[90m)[39m
    at [90m/agents/packages/cli/[39msrc/ui/hooks/useGeminiStream.test.tsx:950:24
    at [90m/agents/packages/cli/[39mnode_modules/[4m@testing-library[24m/react/dist/act-compat.js:48:24
    at process.env.NODE_ENV.exports.act (/agents/node_modules/[4mreact[24m/cjs/react.development.js:789:22)
    at Proxy.&lt;anonymous&gt; [90m(/agents/packages/cli/[39mnode_modules/[4m@testing-library[24m/react/dist/act-compat.js:47:25[90m)[39m
    at [90m/agents/packages/cli/[39msrc/ui/hooks/useGeminiStream.test.tsx:949:13
    at file:///agents/node_modules/[4m@vitest[24m/runner/dist/chunk-hooks.js:155:11
    at file:///agents/node_modules/[4m@vitest[24m/runner/dist/chunk-hooks.js:752:26
    at file:///agents/node_modules/[4m@vitest[24m/runner/dist/chunk-hooks.js:1897:20
    at new Promise (&lt;anonymous&gt;)
    at runWithTimeout (file:///agents/node_modules/[4m@vitest[24m/runner/dist/chunk-hooks.js:1863:10)
    at runTest (file:///agents/node_modules/[4m@vitest[24m/runner/dist/chunk-hooks.js:1574:12)
    at runSuite (file:///agents/node_modules/[4m@vitest[24m/runner/dist/chunk-hooks.js:1729:8)
    at runSuite (file:///agents/node_modules/[4m@vitest[24m/runner/dist/chunk-hooks.js:1729:8)
    at runSuite (file:///agents/node_modules/[4m@vitest[24m/runner/dist/chunk-hooks.js:1729:8)

            </system-out>
            <system-err>
An update to TestComponent inside a test was not wrapped in act(...).

When testing, code that causes React state updates should be wrapped into act(...):

act(() =&gt; {
  /* fire events that update state */
});
/* assert on the output */

This ensures that you&apos;re testing the behavior the user would see in the browser. Learn more at https://react.dev/link/wrap-tests-with-act

            </system-err>
        </testcase>
        <testcase classname="src/ui/hooks/useGeminiStream.test.tsx" name="useGeminiStream &gt; User Cancellation &gt; should not cancel if a tool call is in progress (not just responding)" time="0.00186625">
        </testcase>
        <testcase classname="src/ui/hooks/useGeminiStream.test.tsx" name="useGeminiStream &gt; Slash Command Handling &gt; should schedule a tool call when the command processor returns a schedule_tool action" time="0.003844333">
            <system-out>
Memory pattern search failed: Error: MemoryManager not initialized. Please provide config on first call.
    at getMemoryManager [90m(/agents/packages/cli/[39msrc/memory/memoryManager.ts:333:11[90m)[39m
    at Object.submitQuery [90m(/agents/packages/cli/[39msrc/ui/hooks/useGeminiStream.ts:606:33[90m)[39m
    at [90m/agents/packages/cli/[39msrc/ui/hooks/useGeminiStream.test.tsx:1020:30
    at [90m/agents/packages/cli/[39mnode_modules/[4m@testing-library[24m/react/dist/act-compat.js:48:24
    at process.env.NODE_ENV.exports.act (/agents/node_modules/[4mreact[24m/cjs/react.development.js:789:22)
    at Proxy.&lt;anonymous&gt; [90m(/agents/packages/cli/[39mnode_modules/[4m@testing-library[24m/react/dist/act-compat.js:47:25[90m)[39m
    at [90m/agents/packages/cli/[39msrc/ui/hooks/useGeminiStream.test.tsx:1019:13
    at file:///agents/node_modules/[4m@vitest[24m/runner/dist/chunk-hooks.js:155:11
    at file:///agents/node_modules/[4m@vitest[24m/runner/dist/chunk-hooks.js:752:26
    at file:///agents/node_modules/[4m@vitest[24m/runner/dist/chunk-hooks.js:1897:20
    at new Promise (&lt;anonymous&gt;)
    at runWithTimeout (file:///agents/node_modules/[4m@vitest[24m/runner/dist/chunk-hooks.js:1863:10)
    at runTest (file:///agents/node_modules/[4m@vitest[24m/runner/dist/chunk-hooks.js:1574:12)
    at runSuite (file:///agents/node_modules/[4m@vitest[24m/runner/dist/chunk-hooks.js:1729:8)
    at runSuite (file:///agents/node_modules/[4m@vitest[24m/runner/dist/chunk-hooks.js:1729:8)
    at runSuite (file:///agents/node_modules/[4m@vitest[24m/runner/dist/chunk-hooks.js:1729:8)

            </system-out>
        </testcase>
        <testcase classname="src/ui/hooks/useGeminiStream.test.tsx" name="useGeminiStream &gt; Slash Command Handling &gt; should stop processing and not call Gemini when a command is handled without a tool call" time="0.004035875">
            <system-out>
Memory pattern search failed: Error: MemoryManager not initialized. Please provide config on first call.
    at getMemoryManager [90m(/agents/packages/cli/[39msrc/memory/memoryManager.ts:333:11[90m)[39m
    at Object.submitQuery [90m(/agents/packages/cli/[39msrc/ui/hooks/useGeminiStream.ts:606:33[90m)[39m
    at [90m/agents/packages/cli/[39msrc/ui/hooks/useGeminiStream.test.tsx:1047:30
    at [90m/agents/packages/cli/[39mnode_modules/[4m@testing-library[24m/react/dist/act-compat.js:48:24
    at process.env.NODE_ENV.exports.act (/agents/node_modules/[4mreact[24m/cjs/react.development.js:789:22)
    at Proxy.&lt;anonymous&gt; [90m(/agents/packages/cli/[39mnode_modules/[4m@testing-library[24m/react/dist/act-compat.js:47:25[90m)[39m
    at [90m/agents/packages/cli/[39msrc/ui/hooks/useGeminiStream.test.tsx:1046:13
    at file:///agents/node_modules/[4m@vitest[24m/runner/dist/chunk-hooks.js:155:11
    at file:///agents/node_modules/[4m@vitest[24m/runner/dist/chunk-hooks.js:752:26
    at file:///agents/node_modules/[4m@vitest[24m/runner/dist/chunk-hooks.js:1897:20
    at new Promise (&lt;anonymous&gt;)
    at runWithTimeout (file:///agents/node_modules/[4m@vitest[24m/runner/dist/chunk-hooks.js:1863:10)
    at runTest (file:///agents/node_modules/[4m@vitest[24m/runner/dist/chunk-hooks.js:1574:12)
    at runSuite (file:///agents/node_modules/[4m@vitest[24m/runner/dist/chunk-hooks.js:1729:8)
    at runSuite (file:///agents/node_modules/[4m@vitest[24m/runner/dist/chunk-hooks.js:1729:8)
    at runSuite (file:///agents/node_modules/[4m@vitest[24m/runner/dist/chunk-hooks.js:1729:8)

            </system-out>
        </testcase>
        <testcase classname="src/ui/hooks/useGeminiStream.test.tsx" name="useGeminiStream &gt; Memory Refresh on save_memory &gt; should call performMemoryRefresh when a save_memory tool call completes successfully" time="0.004183292">
        </testcase>
        <testcase classname="src/ui/hooks/useGeminiStream.test.tsx" name="useGeminiStream &gt; Error Handling &gt; should call parseAndFormatApiError with the correct authType on stream initialization failure" time="0.004226875">
            <system-out>
Memory pattern search failed: Error: MemoryManager not initialized. Please provide config on first call.
    at getMemoryManager [90m(/agents/packages/cli/[39msrc/memory/memoryManager.ts:333:11[90m)[39m
    at Object.submitQuery [90m(/agents/packages/cli/[39msrc/ui/hooks/useGeminiStream.ts:606:33[90m)[39m
    at [90m/agents/packages/cli/[39msrc/ui/hooks/useGeminiStream.test.tsx:1166:30
    at [90m/agents/packages/cli/[39mnode_modules/[4m@testing-library[24m/react/dist/act-compat.js:48:24
    at process.env.NODE_ENV.exports.act (/agents/node_modules/[4mreact[24m/cjs/react.development.js:789:22)
    at Proxy.&lt;anonymous&gt; [90m(/agents/packages/cli/[39mnode_modules/[4m@testing-library[24m/react/dist/act-compat.js:47:25[90m)[39m
    at [90m/agents/packages/cli/[39msrc/ui/hooks/useGeminiStream.test.tsx:1165:13
    at file:///agents/node_modules/[4m@vitest[24m/runner/dist/chunk-hooks.js:155:11
    at file:///agents/node_modules/[4m@vitest[24m/runner/dist/chunk-hooks.js:752:26
    at file:///agents/node_modules/[4m@vitest[24m/runner/dist/chunk-hooks.js:1897:20
    at new Promise (&lt;anonymous&gt;)
    at runWithTimeout (file:///agents/node_modules/[4m@vitest[24m/runner/dist/chunk-hooks.js:1863:10)
    at runTest (file:///agents/node_modules/[4m@vitest[24m/runner/dist/chunk-hooks.js:1574:12)
    at runSuite (file:///agents/node_modules/[4m@vitest[24m/runner/dist/chunk-hooks.js:1729:8)
    at runSuite (file:///agents/node_modules/[4m@vitest[24m/runner/dist/chunk-hooks.js:1729:8)
    at runSuite (file:///agents/node_modules/[4m@vitest[24m/runner/dist/chunk-hooks.js:1729:8)

            </system-out>
        </testcase>
    </testsuite>
    <testsuite name="src/ui/hooks/useGitBranchName.test.ts" timestamp="2025-08-12T09:45:14.042Z" hostname="63accec1df8b" tests="7" failures="0" errors="0" skipped="2" time="0.028936375">
        <testcase classname="src/ui/hooks/useGitBranchName.test.ts" name="useGitBranchName &gt; should return branch name" time="0.016495583">
        </testcase>
        <testcase classname="src/ui/hooks/useGitBranchName.test.ts" name="useGitBranchName &gt; should return undefined if git command fails" time="0.005121041">
        </testcase>
        <testcase classname="src/ui/hooks/useGitBranchName.test.ts" name="useGitBranchName &gt; should return short commit hash if branch is HEAD (detached state)" time="0.00174575">
        </testcase>
        <testcase classname="src/ui/hooks/useGitBranchName.test.ts" name="useGitBranchName &gt; should return undefined if branch is HEAD and getting commit hash fails" time="0.001337">
        </testcase>
        <testcase classname="src/ui/hooks/useGitBranchName.test.ts" name="useGitBranchName &gt; should update branch name when .git/HEAD changes" time="0.000529667">
            <skipped/>
        </testcase>
        <testcase classname="src/ui/hooks/useGitBranchName.test.ts" name="useGitBranchName &gt; should handle watcher setup error silently" time="0.002188708">
        </testcase>
        <testcase classname="src/ui/hooks/useGitBranchName.test.ts" name="useGitBranchName &gt; should cleanup watcher on unmount" time="0.000286666">
            <skipped/>
        </testcase>
    </testsuite>
    <testsuite name="src/ui/hooks/useHistoryManager.test.ts" timestamp="2025-08-12T09:45:14.044Z" hostname="63accec1df8b" tests="8" failures="0" errors="0" skipped="0" time="0.020847625">
        <testcase classname="src/ui/hooks/useHistoryManager.test.ts" name="useHistoryManager &gt; should initialize with an empty history" time="0.010771458">
        </testcase>
        <testcase classname="src/ui/hooks/useHistoryManager.test.ts" name="useHistoryManager &gt; should add an item to history with a unique ID" time="0.002724542">
        </testcase>
        <testcase classname="src/ui/hooks/useHistoryManager.test.ts" name="useHistoryManager &gt; should generate unique IDs for items added with the same base timestamp" time="0.001189458">
        </testcase>
        <testcase classname="src/ui/hooks/useHistoryManager.test.ts" name="useHistoryManager &gt; should update an existing history item" time="0.001095416">
        </testcase>
        <testcase classname="src/ui/hooks/useHistoryManager.test.ts" name="useHistoryManager &gt; should not change history if updateHistoryItem is called with a non-existent ID" time="0.000924375">
        </testcase>
        <testcase classname="src/ui/hooks/useHistoryManager.test.ts" name="useHistoryManager &gt; should clear the history" time="0.000974125">
        </testcase>
        <testcase classname="src/ui/hooks/useHistoryManager.test.ts" name="useHistoryManager &gt; should not add consecutive duplicate user messages" time="0.001051959">
        </testcase>
        <testcase classname="src/ui/hooks/useHistoryManager.test.ts" name="useHistoryManager &gt; should add duplicate user messages if they are not consecutive" time="0.000963125">
        </testcase>
    </testsuite>
    <testsuite name="src/ui/hooks/useInputHistory.test.ts" timestamp="2025-08-12T09:45:14.046Z" hostname="63accec1df8b" tests="11" failures="0" errors="0" skipped="0" time="0.023406416">
        <testcase classname="src/ui/hooks/useInputHistory.test.ts" name="useInputHistory &gt; should initialize with historyIndex -1 and empty originalQueryBeforeNav" time="0.008895917">
        </testcase>
        <testcase classname="src/ui/hooks/useInputHistory.test.ts" name="useInputHistory &gt; handleSubmit &gt; should call onSubmit with trimmed value and reset history" time="0.002055333">
        </testcase>
        <testcase classname="src/ui/hooks/useInputHistory.test.ts" name="useInputHistory &gt; handleSubmit &gt; should not call onSubmit if value is empty after trimming" time="0.000881625">
        </testcase>
        <testcase classname="src/ui/hooks/useInputHistory.test.ts" name="useInputHistory &gt; navigateUp &gt; should not navigate if isActive is false" time="0.0008545">
        </testcase>
        <testcase classname="src/ui/hooks/useInputHistory.test.ts" name="useInputHistory &gt; navigateUp &gt; should not navigate if userMessages is empty" time="0.000705334">
        </testcase>
        <testcase classname="src/ui/hooks/useInputHistory.test.ts" name="useInputHistory &gt; navigateUp &gt; should call onChange with the last message when navigating up from initial state" time="0.004175958">
        </testcase>
        <testcase classname="src/ui/hooks/useInputHistory.test.ts" name="useInputHistory &gt; navigateUp &gt; should store currentQuery as originalQueryBeforeNav on first navigateUp" time="0.001147708">
        </testcase>
        <testcase classname="src/ui/hooks/useInputHistory.test.ts" name="useInputHistory &gt; navigateUp &gt; should navigate through history messages on subsequent navigateUp calls" time="0.001027083">
        </testcase>
        <testcase classname="src/ui/hooks/useInputHistory.test.ts" name="useInputHistory &gt; navigateDown &gt; should not navigate if isActive is false" time="0.000964375">
        </testcase>
        <testcase classname="src/ui/hooks/useInputHistory.test.ts" name="useInputHistory &gt; navigateDown &gt; should not navigate if historyIndex is -1 (not in history navigation)" time="0.0006695">
        </testcase>
        <testcase classname="src/ui/hooks/useInputHistory.test.ts" name="useInputHistory &gt; navigateDown &gt; should restore originalQueryBeforeNav when navigating down to initial state" time="0.000949792">
        </testcase>
    </testsuite>
    <testsuite name="src/ui/hooks/useKeypress.test.ts" timestamp="2025-08-12T09:45:14.048Z" hostname="63accec1df8b" tests="14" failures="0" errors="0" skipped="0" time="0.027678042">
        <testcase classname="src/ui/hooks/useKeypress.test.ts" name="useKeypress &gt; should not listen if isActive is false" time="0.009733959">
        </testcase>
        <testcase classname="src/ui/hooks/useKeypress.test.ts" name="useKeypress &gt; should listen for keypress when active" time="0.003059917">
        </testcase>
        <testcase classname="src/ui/hooks/useKeypress.test.ts" name="useKeypress &gt; should set and release raw mode" time="0.001270333">
        </testcase>
        <testcase classname="src/ui/hooks/useKeypress.test.ts" name="useKeypress &gt; should stop listening after being unmounted" time="0.000814125">
        </testcase>
        <testcase classname="src/ui/hooks/useKeypress.test.ts" name="useKeypress &gt; should correctly identify alt+enter (meta key)" time="0.000870792">
        </testcase>
        <testcase classname="src/ui/hooks/useKeypress.test.ts" name="useKeypress &gt; Paste Handling in &apos;Modern Node (&gt;= v20)&apos; &gt; should process a paste as a single event" time="0.001228458">
        </testcase>
        <testcase classname="src/ui/hooks/useKeypress.test.ts" name="useKeypress &gt; Paste Handling in &apos;Modern Node (&gt;= v20)&apos; &gt; should handle keypress interspersed with pastes" time="0.001082083">
        </testcase>
        <testcase classname="src/ui/hooks/useKeypress.test.ts" name="useKeypress &gt; Paste Handling in &apos;Modern Node (&gt;= v20)&apos; &gt; should emit partial paste content if unmounted mid-paste" time="0.000910208">
        </testcase>
        <testcase classname="src/ui/hooks/useKeypress.test.ts" name="useKeypress &gt; Paste Handling in &apos;Legacy Node (&lt; v20)&apos; &gt; should process a paste as a single event" time="0.001956625">
        </testcase>
        <testcase classname="src/ui/hooks/useKeypress.test.ts" name="useKeypress &gt; Paste Handling in &apos;Legacy Node (&lt; v20)&apos; &gt; should handle keypress interspersed with pastes" time="0.001066417">
        </testcase>
        <testcase classname="src/ui/hooks/useKeypress.test.ts" name="useKeypress &gt; Paste Handling in &apos;Legacy Node (&lt; v20)&apos; &gt; should emit partial paste content if unmounted mid-paste" time="0.001317709">
        </testcase>
        <testcase classname="src/ui/hooks/useKeypress.test.ts" name="useKeypress &gt; Paste Handling in &apos;Workaround Env Var&apos; &gt; should process a paste as a single event" time="0.001069625">
        </testcase>
        <testcase classname="src/ui/hooks/useKeypress.test.ts" name="useKeypress &gt; Paste Handling in &apos;Workaround Env Var&apos; &gt; should handle keypress interspersed with pastes" time="0.001118125">
        </testcase>
        <testcase classname="src/ui/hooks/useKeypress.test.ts" name="useKeypress &gt; Paste Handling in &apos;Workaround Env Var&apos; &gt; should emit partial paste content if unmounted mid-paste" time="0.001054875">
        </testcase>
    </testsuite>
    <testsuite name="src/ui/hooks/useLoadingIndicator.test.ts" timestamp="2025-08-12T09:45:14.051Z" hostname="63accec1df8b" tests="5" failures="0" errors="0" skipped="0" time="0.0231905">
        <testcase classname="src/ui/hooks/useLoadingIndicator.test.ts" name="useLoadingIndicator &gt; should initialize with default values when Idle" time="0.011886042">
        </testcase>
        <testcase classname="src/ui/hooks/useLoadingIndicator.test.ts" name="useLoadingIndicator &gt; should reflect values when Responding" time="0.003712584">
        </testcase>
        <testcase classname="src/ui/hooks/useLoadingIndicator.test.ts" name="useLoadingIndicator &gt; should show waiting phrase and retain elapsedTime when WaitingForConfirmation" time="0.002356">
        </testcase>
        <testcase classname="src/ui/hooks/useLoadingIndicator.test.ts" name="useLoadingIndicator &gt; should reset elapsedTime and use a witty phrase when transitioning from WaitingForConfirmation to Responding" time="0.002281125">
        </testcase>
        <testcase classname="src/ui/hooks/useLoadingIndicator.test.ts" name="useLoadingIndicator &gt; should reset timer and phrase when streamingState changes from Responding to Idle" time="0.001838875">
        </testcase>
    </testsuite>
    <testsuite name="src/ui/hooks/usePhraseCycler.test.ts" timestamp="2025-08-12T09:45:14.052Z" hostname="63accec1df8b" tests="7" failures="0" errors="0" skipped="0" time="0.025994958">
        <testcase classname="src/ui/hooks/usePhraseCycler.test.ts" name="usePhraseCycler &gt; should initialize with the first witty phrase when not active and not waiting" time="0.012624083">
        </testcase>
        <testcase classname="src/ui/hooks/usePhraseCycler.test.ts" name="usePhraseCycler &gt; should show &quot;Waiting for user confirmation...&quot; when isWaiting is true" time="0.002405042">
        </testcase>
        <testcase classname="src/ui/hooks/usePhraseCycler.test.ts" name="usePhraseCycler &gt; should not cycle phrases if isActive is false and not waiting" time="0.001402166">
        </testcase>
        <testcase classname="src/ui/hooks/usePhraseCycler.test.ts" name="usePhraseCycler &gt; should cycle through witty phrases when isActive is true and not waiting" time="0.00195375">
        </testcase>
        <testcase classname="src/ui/hooks/usePhraseCycler.test.ts" name="usePhraseCycler &gt; should reset to a witty phrase when isActive becomes true after being false (and not waiting)" time="0.002981042">
        </testcase>
        <testcase classname="src/ui/hooks/usePhraseCycler.test.ts" name="usePhraseCycler &gt; should clear phrase interval on unmount when active" time="0.001291083">
        </testcase>
        <testcase classname="src/ui/hooks/usePhraseCycler.test.ts" name="usePhraseCycler &gt; should reset to a witty phrase when transitioning from waiting to active" time="0.001903083">
        </testcase>
    </testsuite>
    <testsuite name="src/ui/hooks/useShellHistory.test.ts" timestamp="2025-08-12T09:45:14.054Z" hostname="63accec1df8b" tests="7" failures="0" errors="0" skipped="0" time="0.559654125">
        <testcase classname="src/ui/hooks/useShellHistory.test.ts" name="useShellHistory &gt; should initialize and read the history file from the correct path" time="0.068037584">
        </testcase>
        <testcase classname="src/ui/hooks/useShellHistory.test.ts" name="useShellHistory &gt; should handle a non-existent history file gracefully" time="0.055610917">
        </testcase>
        <testcase classname="src/ui/hooks/useShellHistory.test.ts" name="useShellHistory &gt; should add a command and write to the history file" time="0.108499375">
        </testcase>
        <testcase classname="src/ui/hooks/useShellHistory.test.ts" name="useShellHistory &gt; should navigate history correctly with previous/next commands" time="0.055235042">
        </testcase>
        <testcase classname="src/ui/hooks/useShellHistory.test.ts" name="useShellHistory &gt; should not add empty or whitespace-only commands to history" time="0.055181792">
        </testcase>
        <testcase classname="src/ui/hooks/useShellHistory.test.ts" name="useShellHistory &gt; should truncate history to MAX_HISTORY_LENGTH (100)" time="0.108874292">
        </testcase>
        <testcase classname="src/ui/hooks/useShellHistory.test.ts" name="useShellHistory &gt; should move an existing command to the top when re-added" time="0.1069245">
        </testcase>
    </testsuite>
    <testsuite name="src/ui/hooks/useSynapticMemory.test.ts" timestamp="2025-08-12T09:45:14.056Z" hostname="63accec1df8b" tests="12" failures="12" errors="0" skipped="0" time="11.064793422">
        <testcase classname="src/ui/hooks/useSynapticMemory.test.ts" name="useSynapticMemory &gt; 初期状態が正しく設定されること" time="0.019538333">
            <failure message="expected undefined to be true // Object.is equality" type="AssertionError">
AssertionError: expected undefined to be true // Object.is equality

- Expected: 
true

+ Received: 
undefined

 ❯ src/ui/hooks/useSynapticMemory.test.ts:108:38
            </failure>
        </testcase>
        <testcase classname="src/ui/hooks/useSynapticMemory.test.ts" name="useSynapticMemory &gt; 初期化後にデータが読み込まれること" time="1.017388209">
            <failure message="expected undefined to be false // Object.is equality

Ignored nodes: comments, script, style
[36m&lt;html&gt;[39m
  [36m&lt;head /&gt;[39m
  [36m&lt;body&gt;[39m
    [36m&lt;div /&gt;[39m
  [36m&lt;/body&gt;[39m
[36m&lt;/html&gt;[39m" type="AssertionError">
AssertionError: expected undefined to be false // Object.is equality

Ignored nodes: comments, script, style
&lt;html&gt;
  &lt;head /&gt;
  &lt;body&gt;
    &lt;div /&gt;
  &lt;/body&gt;
&lt;/html&gt;

- Expected: 
false

+ Received: 
undefined

 ❯ src/ui/hooks/useSynapticMemory.test.ts:117:40
 ❯ runWithExpensiveErrorDiagnosticsDisabled node_modules/@testing-library/dom/dist/config.js:47:12
 ❯ checkCallback node_modules/@testing-library/dom/dist/wait-for.js:124:77
 ❯ Timeout.checkRealTimersCallback node_modules/@testing-library/dom/dist/wait-for.js:118:16
            </failure>
        </testcase>
        <testcase classname="src/ui/hooks/useSynapticMemory.test.ts" name="useSynapticMemory &gt; searchMemoriesが正しく動作すること" time="1.002672417">
            <failure message="expected undefined to be false // Object.is equality

Ignored nodes: comments, script, style
[36m&lt;html&gt;[39m
  [36m&lt;head /&gt;[39m
  [36m&lt;body&gt;[39m
    [36m&lt;div /&gt;[39m
  [36m&lt;/body&gt;[39m
[36m&lt;/html&gt;[39m" type="AssertionError">
AssertionError: expected undefined to be false // Object.is equality

Ignored nodes: comments, script, style
&lt;html&gt;
  &lt;head /&gt;
  &lt;body&gt;
    &lt;div /&gt;
  &lt;/body&gt;
&lt;/html&gt;

- Expected: 
false

+ Received: 
undefined

 ❯ src/ui/hooks/useSynapticMemory.test.ts:131:40
 ❯ runWithExpensiveErrorDiagnosticsDisabled node_modules/@testing-library/dom/dist/config.js:47:12
 ❯ checkCallback node_modules/@testing-library/dom/dist/wait-for.js:124:77
 ❯ Timeout.checkRealTimersCallback node_modules/@testing-library/dom/dist/wait-for.js:118:16
            </failure>
        </testcase>
        <testcase classname="src/ui/hooks/useSynapticMemory.test.ts" name="useSynapticMemory &gt; activateMemoryが正しく動作すること" time="1.002744209">
            <failure message="expected undefined to be false // Object.is equality

Ignored nodes: comments, script, style
[36m&lt;html&gt;[39m
  [36m&lt;head /&gt;[39m
  [36m&lt;body&gt;[39m
    [36m&lt;div /&gt;[39m
  [36m&lt;/body&gt;[39m
[36m&lt;/html&gt;[39m" type="AssertionError">
AssertionError: expected undefined to be false // Object.is equality

Ignored nodes: comments, script, style
&lt;html&gt;
  &lt;head /&gt;
  &lt;body&gt;
    &lt;div /&gt;
  &lt;/body&gt;
&lt;/html&gt;

- Expected: 
false

+ Received: 
undefined

 ❯ src/ui/hooks/useSynapticMemory.test.ts:150:40
 ❯ runWithExpensiveErrorDiagnosticsDisabled node_modules/@testing-library/dom/dist/config.js:47:12
 ❯ checkCallback node_modules/@testing-library/dom/dist/wait-for.js:124:77
 ❯ Timeout.checkRealTimersCallback node_modules/@testing-library/dom/dist/wait-for.js:118:16
            </failure>
        </testcase>
        <testcase classname="src/ui/hooks/useSynapticMemory.test.ts" name="useSynapticMemory &gt; refreshDataが正しく動作すること" time="1.002217458">
            <failure message="expected undefined to be false // Object.is equality

Ignored nodes: comments, script, style
[36m&lt;html&gt;[39m
  [36m&lt;head /&gt;[39m
  [36m&lt;body&gt;[39m
    [36m&lt;div /&gt;[39m
  [36m&lt;/body&gt;[39m
[36m&lt;/html&gt;[39m" type="AssertionError">
AssertionError: expected undefined to be false // Object.is equality

Ignored nodes: comments, script, style
&lt;html&gt;
  &lt;head /&gt;
  &lt;body&gt;
    &lt;div /&gt;
  &lt;/body&gt;
&lt;/html&gt;

- Expected: 
false

+ Received: 
undefined

 ❯ src/ui/hooks/useSynapticMemory.test.ts:173:40
 ❯ runWithExpensiveErrorDiagnosticsDisabled node_modules/@testing-library/dom/dist/config.js:47:12
 ❯ checkCallback node_modules/@testing-library/dom/dist/wait-for.js:124:77
 ❯ Timeout.checkRealTimersCallback node_modules/@testing-library/dom/dist/wait-for.js:118:16
            </failure>
        </testcase>
        <testcase classname="src/ui/hooks/useSynapticMemory.test.ts" name="useSynapticMemory &gt; 初期化エラーが正しくハンドリングされること" time="1.001801167">
            <failure message="expected undefined to be false // Object.is equality

Ignored nodes: comments, script, style
[36m&lt;html&gt;[39m
  [36m&lt;head /&gt;[39m
  [36m&lt;body&gt;[39m
    [36m&lt;div /&gt;[39m
  [36m&lt;/body&gt;[39m
[36m&lt;/html&gt;[39m" type="AssertionError">
AssertionError: expected undefined to be false // Object.is equality

Ignored nodes: comments, script, style
&lt;html&gt;
  &lt;head /&gt;
  &lt;body&gt;
    &lt;div /&gt;
  &lt;/body&gt;
&lt;/html&gt;

- Expected: 
false

+ Received: 
undefined

 ❯ src/ui/hooks/useSynapticMemory.test.ts:201:40
 ❯ runWithExpensiveErrorDiagnosticsDisabled node_modules/@testing-library/dom/dist/config.js:47:12
 ❯ checkCallback node_modules/@testing-library/dom/dist/wait-for.js:124:77
 ❯ Timeout.checkRealTimersCallback node_modules/@testing-library/dom/dist/wait-for.js:118:16
            </failure>
        </testcase>
        <testcase classname="src/ui/hooks/useSynapticMemory.test.ts" name="useSynapticMemory &gt; 検索エラーが正しくハンドリングされること" time="1.00253575">
            <failure message="expected undefined to be false // Object.is equality

Ignored nodes: comments, script, style
[36m&lt;html&gt;[39m
  [36m&lt;head /&gt;[39m
  [36m&lt;body&gt;[39m
    [36m&lt;div /&gt;[39m
  [36m&lt;/body&gt;[39m
[36m&lt;/html&gt;[39m" type="AssertionError">
AssertionError: expected undefined to be false // Object.is equality

Ignored nodes: comments, script, style
&lt;html&gt;
  &lt;head /&gt;
  &lt;body&gt;
    &lt;div /&gt;
  &lt;/body&gt;
&lt;/html&gt;

- Expected: 
false

+ Received: 
undefined

 ❯ src/ui/hooks/useSynapticMemory.test.ts:214:40
 ❯ runWithExpensiveErrorDiagnosticsDisabled node_modules/@testing-library/dom/dist/config.js:47:12
 ❯ checkCallback node_modules/@testing-library/dom/dist/wait-for.js:124:77
 ❯ Timeout.checkRealTimersCallback node_modules/@testing-library/dom/dist/wait-for.js:118:16
            </failure>
        </testcase>
        <testcase classname="src/ui/hooks/useSynapticMemory.test.ts" name="useSynapticMemory &gt; 活性化エラーが正しくハンドリングされること" time="1.002922084">
            <failure message="expected undefined to be false // Object.is equality

Ignored nodes: comments, script, style
[36m&lt;html&gt;[39m
  [36m&lt;head /&gt;[39m
  [36m&lt;body&gt;[39m
    [36m&lt;div /&gt;[39m
  [36m&lt;/body&gt;[39m
[36m&lt;/html&gt;[39m" type="AssertionError">
AssertionError: expected undefined to be false // Object.is equality

Ignored nodes: comments, script, style
&lt;html&gt;
  &lt;head /&gt;
  &lt;body&gt;
    &lt;div /&gt;
  &lt;/body&gt;
&lt;/html&gt;

- Expected: 
false

+ Received: 
undefined

 ❯ src/ui/hooks/useSynapticMemory.test.ts:231:40
 ❯ runWithExpensiveErrorDiagnosticsDisabled node_modules/@testing-library/dom/dist/config.js:47:12
 ❯ checkCallback node_modules/@testing-library/dom/dist/wait-for.js:124:77
 ❯ Timeout.checkRealTimersCallback node_modules/@testing-library/dom/dist/wait-for.js:118:16
            </failure>
        </testcase>
        <testcase classname="src/ui/hooks/useSynapticMemory.test.ts" name="useSynapticMemory &gt; データ更新エラーが正しくハンドリングされること" time="1.003271376">
            <failure message="expected undefined to be false // Object.is equality

Ignored nodes: comments, script, style
[36m&lt;html&gt;[39m
  [36m&lt;head /&gt;[39m
  [36m&lt;body&gt;[39m
    [36m&lt;div /&gt;[39m
  [36m&lt;/body&gt;[39m
[36m&lt;/html&gt;[39m" type="AssertionError">
AssertionError: expected undefined to be false // Object.is equality

Ignored nodes: comments, script, style
&lt;html&gt;
  &lt;head /&gt;
  &lt;body&gt;
    &lt;div /&gt;
  &lt;/body&gt;
&lt;/html&gt;

- Expected: 
false

+ Received: 
undefined

 ❯ src/ui/hooks/useSynapticMemory.test.ts:256:40
 ❯ runWithExpensiveErrorDiagnosticsDisabled node_modules/@testing-library/dom/dist/config.js:47:12
 ❯ checkCallback node_modules/@testing-library/dom/dist/wait-for.js:124:77
 ❯ Timeout.checkRealTimersCallback node_modules/@testing-library/dom/dist/wait-for.js:118:16
            </failure>
        </testcase>
        <testcase classname="src/ui/hooks/useSynapticMemory.test.ts" name="useSynapticMemory &gt; クリーンアップが正しく実行されること" time="1.002505084">
            <failure message="expected undefined to be false // Object.is equality

Ignored nodes: comments, script, style
[36m&lt;html&gt;[39m
  [36m&lt;head /&gt;[39m
  [36m&lt;body&gt;[39m
    [36m&lt;div /&gt;[39m
  [36m&lt;/body&gt;[39m
[36m&lt;/html&gt;[39m" type="AssertionError">
AssertionError: expected undefined to be false // Object.is equality

Ignored nodes: comments, script, style
&lt;html&gt;
  &lt;head /&gt;
  &lt;body&gt;
    &lt;div /&gt;
  &lt;/body&gt;
&lt;/html&gt;

- Expected: 
false

+ Received: 
undefined

 ❯ src/ui/hooks/useSynapticMemory.test.ts:273:40
 ❯ runWithExpensiveErrorDiagnosticsDisabled node_modules/@testing-library/dom/dist/config.js:47:12
 ❯ checkCallback node_modules/@testing-library/dom/dist/wait-for.js:124:77
 ❯ Timeout.checkRealTimersCallback node_modules/@testing-library/dom/dist/wait-for.js:118:16
            </failure>
        </testcase>
        <testcase classname="src/ui/hooks/useSynapticMemory.test.ts" name="useSynapticMemory &gt; 複数回の検索が正しく動作すること" time="1.003227126">
            <failure message="expected undefined to be false // Object.is equality

Ignored nodes: comments, script, style
[36m&lt;html&gt;[39m
  [36m&lt;head /&gt;[39m
  [36m&lt;body&gt;[39m
    [36m&lt;div /&gt;[39m
  [36m&lt;/body&gt;[39m
[36m&lt;/html&gt;[39m" type="AssertionError">
AssertionError: expected undefined to be false // Object.is equality

Ignored nodes: comments, script, style
&lt;html&gt;
  &lt;head /&gt;
  &lt;body&gt;
    &lt;div /&gt;
  &lt;/body&gt;
&lt;/html&gt;

- Expected: 
false

+ Received: 
undefined

 ❯ src/ui/hooks/useSynapticMemory.test.ts:285:40
 ❯ runWithExpensiveErrorDiagnosticsDisabled node_modules/@testing-library/dom/dist/config.js:47:12
 ❯ checkCallback node_modules/@testing-library/dom/dist/wait-for.js:124:77
 ❯ Timeout.checkRealTimersCallback node_modules/@testing-library/dom/dist/wait-for.js:118:16
            </failure>
        </testcase>
        <testcase classname="src/ui/hooks/useSynapticMemory.test.ts" name="useSynapticMemory &gt; 同期的な活性化操作が正しく動作すること" time="1.00260225">
            <failure message="expected undefined to be false // Object.is equality

Ignored nodes: comments, script, style
[36m&lt;html&gt;[39m
  [36m&lt;head /&gt;[39m
  [36m&lt;body&gt;[39m
    [36m&lt;div /&gt;[39m
  [36m&lt;/body&gt;[39m
[36m&lt;/html&gt;[39m" type="AssertionError">
AssertionError: expected undefined to be false // Object.is equality

Ignored nodes: comments, script, style
&lt;html&gt;
  &lt;head /&gt;
  &lt;body&gt;
    &lt;div /&gt;
  &lt;/body&gt;
&lt;/html&gt;

- Expected: 
false

+ Received: 
undefined

 ❯ src/ui/hooks/useSynapticMemory.test.ts:314:40
 ❯ runWithExpensiveErrorDiagnosticsDisabled node_modules/@testing-library/dom/dist/config.js:47:12
 ❯ checkCallback node_modules/@testing-library/dom/dist/wait-for.js:124:77
 ❯ Timeout.checkRealTimersCallback node_modules/@testing-library/dom/dist/wait-for.js:118:16
            </failure>
        </testcase>
    </testsuite>
    <testsuite name="src/ui/hooks/useTimer.test.ts" timestamp="2025-08-12T09:45:14.063Z" hostname="63accec1df8b" tests="8" failures="0" errors="0" skipped="0" time="0.022343125">
        <testcase classname="src/ui/hooks/useTimer.test.ts" name="useTimer &gt; should initialize with 0" time="0.010928084">
        </testcase>
        <testcase classname="src/ui/hooks/useTimer.test.ts" name="useTimer &gt; should not increment time if isActive is false" time="0.001712959">
        </testcase>
        <testcase classname="src/ui/hooks/useTimer.test.ts" name="useTimer &gt; should increment time every second if isActive is true" time="0.001959791">
        </testcase>
        <testcase classname="src/ui/hooks/useTimer.test.ts" name="useTimer &gt; should reset to 0 and start incrementing when isActive becomes true from false" time="0.001082666">
        </testcase>
        <testcase classname="src/ui/hooks/useTimer.test.ts" name="useTimer &gt; should reset to 0 when resetKey changes while active" time="0.001097292">
        </testcase>
        <testcase classname="src/ui/hooks/useTimer.test.ts" name="useTimer &gt; should be 0 if isActive is false, regardless of resetKey changes" time="0.000822375">
        </testcase>
        <testcase classname="src/ui/hooks/useTimer.test.ts" name="useTimer &gt; should clear timer on unmount" time="0.001804208">
        </testcase>
        <testcase classname="src/ui/hooks/useTimer.test.ts" name="useTimer &gt; should preserve elapsedTime when isActive becomes false, and reset to 0 when it becomes active again" time="0.001624084">
        </testcase>
    </testsuite>
    <testsuite name="src/ui/hooks/useToolScheduler.test.ts" timestamp="2025-08-12T09:45:14.066Z" hostname="63accec1df8b" tests="21" failures="2" errors="0" skipped="4" time="0.056427959">
        <testcase classname="src/ui/hooks/useToolScheduler.test.ts" name="useReactToolScheduler in YOLO Mode &gt; should skip confirmation and execute tool directly when yoloMode is true" time="0.035332417">
            <system-out>
[DEBUG] Tool execution completed for mockToolRequiresConfirmation (yoloCall): {
  toolResult: [32m&apos;YOLO Confirmed output&apos;[39m,
  returnDisplay: [32m&apos;YOLO Formatted tool output&apos;[39m
}
[DEBUG] Function response created for mockToolRequiresConfirmation (yoloCall): {
  functionResponse: {
    id: [32m&apos;yoloCall&apos;[39m,
    name: [32m&apos;mockToolRequiresConfirmation&apos;[39m,
    response: { output: [32m&apos;YOLO Confirmed output&apos;[39m }
  }
}

            </system-out>
            <failure message="expected &quot;spy&quot; to be called with arguments: [ [ ObjectContaining{…} ] ][90m

Number of calls: [1m0[22m
[39m" type="AssertionError">
AssertionError: expected &quot;spy&quot; to be called with arguments: [ [ ObjectContaining{…} ] ]

Number of calls: 0

 ❯ src/ui/hooks/useToolScheduler.test.ts:169:24
            </failure>
        </testcase>
        <testcase classname="src/ui/hooks/useToolScheduler.test.ts" name="useReactToolScheduler &gt; initial state should be empty" time="0.002397416">
        </testcase>
        <testcase classname="src/ui/hooks/useToolScheduler.test.ts" name="useReactToolScheduler &gt; should schedule and execute a tool call successfully" time="0.00273275">
            <system-out>
[DEBUG] Tool execution completed for mockTool (call1): { toolResult: [32m&apos;Tool output&apos;[39m, returnDisplay: [32m&apos;Formatted tool output&apos;[39m }
[DEBUG] Function response created for mockTool (call1): {
  functionResponse: {
    id: [32m&apos;call1&apos;[39m,
    name: [32m&apos;mockTool&apos;[39m,
    response: { output: [32m&apos;Tool output&apos;[39m }
  }
}

            </system-out>
            <failure message="expected &quot;spy&quot; to be called with arguments: [ [ ObjectContaining{…} ] ][90m

Number of calls: [1m0[22m
[39m" type="AssertionError">
AssertionError: expected &quot;spy&quot; to be called with arguments: [ [ ObjectContaining{…} ] ]

Number of calls: 0

 ❯ src/ui/hooks/useToolScheduler.test.ts:314:24
            </failure>
        </testcase>
        <testcase classname="src/ui/hooks/useToolScheduler.test.ts" name="useReactToolScheduler &gt; should handle tool not found" time="0.00444775">
            <system-out>
Failed to record tool execution in memory: Error: MemoryManager not initialized. Please provide config on first call.
    at getMemoryManager [90m(/agents/packages/cli/[39msrc/memory/memoryManager.ts:333:11[90m)[39m
    at CoreToolScheduler.onAllToolCallsComplete [90m(/agents/packages/cli/[39msrc/ui/hooks/useReactToolScheduler.ts:113:31[90m)[39m
[90m    at processTicksAndRejections (node:internal/process/task_queues:95:5)[39m
Failed to record tool execution in memory: Error: MemoryManager not initialized. Please provide config on first call.
    at getMemoryManager [90m(/agents/packages/cli/[39msrc/memory/memoryManager.ts:333:11[90m)[39m
    at CoreToolScheduler.onAllToolCallsComplete [90m(/agents/packages/cli/[39msrc/ui/hooks/useReactToolScheduler.ts:113:31[90m)[39m
[90m    at processTicksAndRejections (node:internal/process/task_queues:95:5)[39m
Failed to record tool execution in memory: Error: MemoryManager not initialized. Please provide config on first call.
    at getMemoryManager [90m(/agents/packages/cli/[39msrc/memory/memoryManager.ts:333:11[90m)[39m
    at CoreToolScheduler.onAllToolCallsComplete [90m(/agents/packages/cli/[39msrc/ui/hooks/useReactToolScheduler.ts:113:31[90m)[39m
[90m    at processTicksAndRejections (node:internal/process/task_queues:95:5)[39m

            </system-out>
        </testcase>
        <testcase classname="src/ui/hooks/useToolScheduler.test.ts" name="useReactToolScheduler &gt; should handle error during shouldConfirmExecute" time="0.00215525">
            <system-out>
Failed to record tool execution in memory: Error: MemoryManager not initialized. Please provide config on first call.
    at getMemoryManager [90m(/agents/packages/cli/[39msrc/memory/memoryManager.ts:333:11[90m)[39m
    at CoreToolScheduler.onAllToolCallsComplete [90m(/agents/packages/cli/[39msrc/ui/hooks/useReactToolScheduler.ts:113:31[90m)[39m

            </system-out>
        </testcase>
        <testcase classname="src/ui/hooks/useToolScheduler.test.ts" name="useReactToolScheduler &gt; should handle error during execute" time="0.001872291">
            <system-out>
Failed to record tool execution in memory: Error: MemoryManager not initialized. Please provide config on first call.
    at getMemoryManager [90m(/agents/packages/cli/[39msrc/memory/memoryManager.ts:333:11[90m)[39m
    at CoreToolScheduler.onAllToolCallsComplete [90m(/agents/packages/cli/[39msrc/ui/hooks/useReactToolScheduler.ts:113:31[90m)[39m

            </system-out>
        </testcase>
        <testcase classname="src/ui/hooks/useToolScheduler.test.ts" name="useReactToolScheduler &gt; should handle tool requiring confirmation - approved" time="0">
            <skipped/>
        </testcase>
        <testcase classname="src/ui/hooks/useToolScheduler.test.ts" name="useReactToolScheduler &gt; should handle tool requiring confirmation - cancelled by user" time="0">
            <skipped/>
        </testcase>
        <testcase classname="src/ui/hooks/useToolScheduler.test.ts" name="useReactToolScheduler &gt; should handle live output updates" time="0">
            <skipped/>
        </testcase>
        <testcase classname="src/ui/hooks/useToolScheduler.test.ts" name="useReactToolScheduler &gt; should schedule and execute multiple tool calls" time="0.003560625">
            <system-out>
[DEBUG] Tool execution completed for tool1 (multi1): { toolResult: [32m&apos;Output 1&apos;[39m, returnDisplay: [32m&apos;Display 1&apos;[39m }
[DEBUG] Function response created for tool1 (multi1): {
  functionResponse: { id: [32m&apos;multi1&apos;[39m, name: [32m&apos;tool1&apos;[39m, response: { output: [32m&apos;Output 1&apos;[39m } }
}
[DEBUG] Tool execution completed for tool2 (multi2): { toolResult: [32m&apos;Output 2&apos;[39m, returnDisplay: [32m&apos;Display 2&apos;[39m }
[DEBUG] Function response created for tool2 (multi2): {
  functionResponse: { id: [32m&apos;multi2&apos;[39m, name: [32m&apos;tool2&apos;[39m, response: { output: [32m&apos;Output 2&apos;[39m } }
}

Failed to record tool execution in memory: Error: MemoryManager not initialized. Please provide config on first call.
    at getMemoryManager [90m(/agents/packages/cli/[39msrc/memory/memoryManager.ts:333:11[90m)[39m
    at CoreToolScheduler.onAllToolCallsComplete [90m(/agents/packages/cli/[39msrc/ui/hooks/useReactToolScheduler.ts:113:31[90m)[39m

            </system-out>
        </testcase>
        <testcase classname="src/ui/hooks/useToolScheduler.test.ts" name="useReactToolScheduler &gt; should throw error if scheduling while already running" time="0">
            <skipped/>
        </testcase>
        <testcase classname="src/ui/hooks/useToolScheduler.test.ts" name="mapToDisplay &gt; should map ToolCall with status &apos;validating&apos; (validating) correctly" time="0.000481875">
        </testcase>
        <testcase classname="src/ui/hooks/useToolScheduler.test.ts" name="mapToDisplay &gt; should map ToolCall with status &apos;awaiting_approval&apos; (awaiting_approval) correctly" time="0.000207834">
        </testcase>
        <testcase classname="src/ui/hooks/useToolScheduler.test.ts" name="mapToDisplay &gt; should map ToolCall with status &apos;scheduled&apos; (scheduled) correctly" time="0.000337">
        </testcase>
        <testcase classname="src/ui/hooks/useToolScheduler.test.ts" name="mapToDisplay &gt; should map ToolCall with status &apos;executing&apos; (executing no live output) correctly" time="0.00027625">
        </testcase>
        <testcase classname="src/ui/hooks/useToolScheduler.test.ts" name="mapToDisplay &gt; should map ToolCall with status &apos;executing&apos; (executing with live output) correctly" time="0.00020225">
        </testcase>
        <testcase classname="src/ui/hooks/useToolScheduler.test.ts" name="mapToDisplay &gt; should map ToolCall with status &apos;success&apos; (success) correctly" time="0.000188916">
        </testcase>
        <testcase classname="src/ui/hooks/useToolScheduler.test.ts" name="mapToDisplay &gt; should map ToolCall with status &apos;error&apos; (error tool not found) correctly" time="0.000217916">
        </testcase>
        <testcase classname="src/ui/hooks/useToolScheduler.test.ts" name="mapToDisplay &gt; should map ToolCall with status &apos;error&apos; (error tool execution failed) correctly" time="0.000213292">
        </testcase>
        <testcase classname="src/ui/hooks/useToolScheduler.test.ts" name="mapToDisplay &gt; should map ToolCall with status &apos;cancelled&apos; (cancelled) correctly" time="0.000192458">
        </testcase>
        <testcase classname="src/ui/hooks/useToolScheduler.test.ts" name="mapToDisplay &gt; should map an array of ToolCalls correctly" time="0.000311375">
        </testcase>
    </testsuite>
    <testsuite name="src/ui/utils/MarkdownDisplay.test.tsx" timestamp="2025-08-12T09:45:14.073Z" hostname="63accec1df8b" tests="14" failures="0" errors="0" skipped="0" time="0.171396667">
        <testcase classname="src/ui/utils/MarkdownDisplay.test.tsx" name="&lt;MarkdownDisplay /&gt; &gt; renders nothing for empty text" time="0.010849333">
        </testcase>
        <testcase classname="src/ui/utils/MarkdownDisplay.test.tsx" name="&lt;MarkdownDisplay /&gt; &gt; renders a simple paragraph" time="0.005489">
        </testcase>
        <testcase classname="src/ui/utils/MarkdownDisplay.test.tsx" name="&lt;MarkdownDisplay /&gt; &gt; renders headers with correct levels" time="0.002860625">
        </testcase>
        <testcase classname="src/ui/utils/MarkdownDisplay.test.tsx" name="&lt;MarkdownDisplay /&gt; &gt; renders a fenced code block with a language" time="0.012460417">
        </testcase>
        <testcase classname="src/ui/utils/MarkdownDisplay.test.tsx" name="&lt;MarkdownDisplay /&gt; &gt; renders a fenced code block without a language" time="0.099571">
        </testcase>
        <testcase classname="src/ui/utils/MarkdownDisplay.test.tsx" name="&lt;MarkdownDisplay /&gt; &gt; handles unclosed (pending) code blocks" time="0.002733167">
        </testcase>
        <testcase classname="src/ui/utils/MarkdownDisplay.test.tsx" name="&lt;MarkdownDisplay /&gt; &gt; renders unordered lists with different markers" time="0.002334375">
        </testcase>
        <testcase classname="src/ui/utils/MarkdownDisplay.test.tsx" name="&lt;MarkdownDisplay /&gt; &gt; renders nested unordered lists" time="0.001949291">
        </testcase>
        <testcase classname="src/ui/utils/MarkdownDisplay.test.tsx" name="&lt;MarkdownDisplay /&gt; &gt; renders ordered lists" time="0.001895458">
        </testcase>
        <testcase classname="src/ui/utils/MarkdownDisplay.test.tsx" name="&lt;MarkdownDisplay /&gt; &gt; renders horizontal rules" time="0.002094041">
        </testcase>
        <testcase classname="src/ui/utils/MarkdownDisplay.test.tsx" name="&lt;MarkdownDisplay /&gt; &gt; renders tables correctly" time="0.006075041">
        </testcase>
        <testcase classname="src/ui/utils/MarkdownDisplay.test.tsx" name="&lt;MarkdownDisplay /&gt; &gt; handles a table at the end of the input" time="0.001954416">
        </testcase>
        <testcase classname="src/ui/utils/MarkdownDisplay.test.tsx" name="&lt;MarkdownDisplay /&gt; &gt; inserts a single space between paragraphs" time="0.001186958">
        </testcase>
        <testcase classname="src/ui/utils/MarkdownDisplay.test.tsx" name="&lt;MarkdownDisplay /&gt; &gt; correctly parses a mix of markdown elements" time="0.018788875">
        </testcase>
    </testsuite>
    <testsuite name="src/ui/utils/clipboardUtils.test.ts" timestamp="2025-08-12T09:45:14.076Z" hostname="63accec1df8b" tests="6" failures="0" errors="0" skipped="0" time="0.003289667">
        <testcase classname="src/ui/utils/clipboardUtils.test.ts" name="clipboardUtils &gt; clipboardHasImage &gt; should return false on non-macOS platforms" time="0.000814083">
        </testcase>
        <testcase classname="src/ui/utils/clipboardUtils.test.ts" name="clipboardUtils &gt; clipboardHasImage &gt; should return boolean on macOS" time="0.000132458">
        </testcase>
        <testcase classname="src/ui/utils/clipboardUtils.test.ts" name="clipboardUtils &gt; saveClipboardImage &gt; should return null on non-macOS platforms" time="0.000159083">
        </testcase>
        <testcase classname="src/ui/utils/clipboardUtils.test.ts" name="clipboardUtils &gt; saveClipboardImage &gt; should handle errors gracefully" time="0.00006075">
        </testcase>
        <testcase classname="src/ui/utils/clipboardUtils.test.ts" name="clipboardUtils &gt; cleanupOldClipboardImages &gt; should not throw errors" time="0.000788875">
        </testcase>
        <testcase classname="src/ui/utils/clipboardUtils.test.ts" name="clipboardUtils &gt; cleanupOldClipboardImages &gt; should complete without errors on valid directory" time="0.000254417">
        </testcase>
    </testsuite>
    <testsuite name="src/ui/utils/computeStats.test.ts" timestamp="2025-08-12T09:45:14.078Z" hostname="63accec1df8b" tests="11" failures="0" errors="0" skipped="0" time="0.003201417">
        <testcase classname="src/ui/utils/computeStats.test.ts" name="calculateErrorRate &gt; should return 0 if totalRequests is 0" time="0.000917209">
        </testcase>
        <testcase classname="src/ui/utils/computeStats.test.ts" name="calculateErrorRate &gt; should calculate the error rate correctly" time="0.000113833">
        </testcase>
        <testcase classname="src/ui/utils/computeStats.test.ts" name="calculateAverageLatency &gt; should return 0 if totalRequests is 0" time="0.000081291">
        </testcase>
        <testcase classname="src/ui/utils/computeStats.test.ts" name="calculateAverageLatency &gt; should calculate the average latency correctly" time="0.000054292">
        </testcase>
        <testcase classname="src/ui/utils/computeStats.test.ts" name="calculateCacheHitRate &gt; should return 0 if prompt tokens is 0" time="0.00006375">
        </testcase>
        <testcase classname="src/ui/utils/computeStats.test.ts" name="calculateCacheHitRate &gt; should calculate the cache hit rate correctly" time="0.000049958">
        </testcase>
        <testcase classname="src/ui/utils/computeStats.test.ts" name="computeSessionStats &gt; should return all zeros for initial empty metrics" time="0.000552834">
        </testcase>
        <testcase classname="src/ui/utils/computeStats.test.ts" name="computeSessionStats &gt; should correctly calculate API and tool time percentages" time="0.000167083">
        </testcase>
        <testcase classname="src/ui/utils/computeStats.test.ts" name="computeSessionStats &gt; should correctly calculate cache efficiency" time="0.000109625">
        </testcase>
        <testcase classname="src/ui/utils/computeStats.test.ts" name="computeSessionStats &gt; should correctly calculate success and agreement rates" time="0.000079792">
        </testcase>
        <testcase classname="src/ui/utils/computeStats.test.ts" name="computeSessionStats &gt; should handle division by zero gracefully" time="0.000112875">
        </testcase>
    </testsuite>
    <testsuite name="src/ui/utils/displayUtils.test.ts" timestamp="2025-08-12T09:45:14.080Z" hostname="63accec1df8b" tests="5" failures="0" errors="0" skipped="0" time="0.002256875">
        <testcase classname="src/ui/utils/displayUtils.test.ts" name="displayUtils &gt; getStatusColor &gt; should return green for values &gt;= green threshold" time="0.000978375">
        </testcase>
        <testcase classname="src/ui/utils/displayUtils.test.ts" name="displayUtils &gt; getStatusColor &gt; should return yellow for values &lt; green and &gt;= yellow threshold" time="0.00011175">
        </testcase>
        <testcase classname="src/ui/utils/displayUtils.test.ts" name="displayUtils &gt; getStatusColor &gt; should return red for values &lt; yellow threshold" time="0.000084583">
        </testcase>
        <testcase classname="src/ui/utils/displayUtils.test.ts" name="displayUtils &gt; getStatusColor &gt; should return defaultColor for values &lt; yellow threshold when provided" time="0.000063791">
        </testcase>
        <testcase classname="src/ui/utils/displayUtils.test.ts" name="displayUtils &gt; Threshold Constants &gt; should have the correct values" time="0.000159458">
        </testcase>
    </testsuite>
    <testsuite name="src/ui/utils/errorParsing.test.ts" timestamp="2025-08-12T09:45:14.082Z" hostname="63accec1df8b" tests="21" failures="0" errors="0" skipped="0" time="0.004484833">
        <testcase classname="src/ui/utils/errorParsing.test.ts" name="parseAndFormatApiError &gt; should format a valid API error JSON" time="0.001033334">
        </testcase>
        <testcase classname="src/ui/utils/errorParsing.test.ts" name="parseAndFormatApiError &gt; should format a 429 API error with the default message" time="0.000261792">
        </testcase>
        <testcase classname="src/ui/utils/errorParsing.test.ts" name="parseAndFormatApiError &gt; should format a 429 API error with the personal message" time="0.00019575">
        </testcase>
        <testcase classname="src/ui/utils/errorParsing.test.ts" name="parseAndFormatApiError &gt; should format a 429 API error with the vertex message" time="0.000088">
        </testcase>
        <testcase classname="src/ui/utils/errorParsing.test.ts" name="parseAndFormatApiError &gt; should return the original message if it is not a JSON error" time="0.000056875">
        </testcase>
        <testcase classname="src/ui/utils/errorParsing.test.ts" name="parseAndFormatApiError &gt; should return the original message for malformed JSON" time="0.000055666">
        </testcase>
        <testcase classname="src/ui/utils/errorParsing.test.ts" name="parseAndFormatApiError &gt; should handle JSON that does not match the ApiError structure" time="0.0000645">
        </testcase>
        <testcase classname="src/ui/utils/errorParsing.test.ts" name="parseAndFormatApiError &gt; should format a nested API error" time="0.000097875">
        </testcase>
        <testcase classname="src/ui/utils/errorParsing.test.ts" name="parseAndFormatApiError &gt; should format a StructuredError" time="0.00005225">
        </testcase>
        <testcase classname="src/ui/utils/errorParsing.test.ts" name="parseAndFormatApiError &gt; should format a 429 StructuredError with the vertex message" time="0.00006975">
        </testcase>
        <testcase classname="src/ui/utils/errorParsing.test.ts" name="parseAndFormatApiError &gt; should handle an unknown error type" time="0.000044875">
        </testcase>
        <testcase classname="src/ui/utils/errorParsing.test.ts" name="parseAndFormatApiError &gt; should format a 429 API error with Pro quota exceeded message for Google auth (Free tier)" time="0.000114917">
        </testcase>
        <testcase classname="src/ui/utils/errorParsing.test.ts" name="parseAndFormatApiError &gt; should format a regular 429 API error with standard message for Google auth" time="0.000127417">
        </testcase>
        <testcase classname="src/ui/utils/errorParsing.test.ts" name="parseAndFormatApiError &gt; should format a 429 API error with generic quota exceeded message for Google auth" time="0.000123667">
        </testcase>
        <testcase classname="src/ui/utils/errorParsing.test.ts" name="parseAndFormatApiError &gt; should prioritize Pro quota message over generic quota message for Google auth" time="0.000384375">
        </testcase>
        <testcase classname="src/ui/utils/errorParsing.test.ts" name="parseAndFormatApiError &gt; should format a 429 API error with Pro quota exceeded message for Google auth (Standard tier)" time="0.000145125">
        </testcase>
        <testcase classname="src/ui/utils/errorParsing.test.ts" name="parseAndFormatApiError &gt; should format a 429 API error with Pro quota exceeded message for Google auth (Legacy tier)" time="0.000120834">
        </testcase>
        <testcase classname="src/ui/utils/errorParsing.test.ts" name="parseAndFormatApiError &gt; should handle different Gemini 2.5 version strings in Pro quota exceeded errors" time="0.000131625">
        </testcase>
        <testcase classname="src/ui/utils/errorParsing.test.ts" name="parseAndFormatApiError &gt; should not match non-Pro models with similar version strings" time="0.000145042">
        </testcase>
        <testcase classname="src/ui/utils/errorParsing.test.ts" name="parseAndFormatApiError &gt; should format a generic quota exceeded message for Google auth (Standard tier)" time="0.000128042">
        </testcase>
        <testcase classname="src/ui/utils/errorParsing.test.ts" name="parseAndFormatApiError &gt; should format a regular 429 API error with standard message for Google auth (Standard tier)" time="0.000108417">
        </testcase>
    </testsuite>
    <testsuite name="src/ui/utils/formatters.test.ts" timestamp="2025-08-12T09:45:14.086Z" hostname="63accec1df8b" tests="14" failures="0" errors="0" skipped="0" time="0.002183333">
        <testcase classname="src/ui/utils/formatters.test.ts" name="formatters &gt; formatMemoryUsage &gt; should format bytes into KB" time="0.000780917">
        </testcase>
        <testcase classname="src/ui/utils/formatters.test.ts" name="formatters &gt; formatMemoryUsage &gt; should format bytes into MB" time="0.000071334">
        </testcase>
        <testcase classname="src/ui/utils/formatters.test.ts" name="formatters &gt; formatMemoryUsage &gt; should format bytes into GB" time="0.000060625">
        </testcase>
        <testcase classname="src/ui/utils/formatters.test.ts" name="formatters &gt; formatDuration &gt; should format milliseconds less than a second" time="0.000091542">
        </testcase>
        <testcase classname="src/ui/utils/formatters.test.ts" name="formatters &gt; formatDuration &gt; should format a duration of 0" time="0.000046667">
        </testcase>
        <testcase classname="src/ui/utils/formatters.test.ts" name="formatters &gt; formatDuration &gt; should format an exact number of seconds" time="0.000048584">
        </testcase>
        <testcase classname="src/ui/utils/formatters.test.ts" name="formatters &gt; formatDuration &gt; should format a duration in seconds with one decimal place" time="0.000040917">
        </testcase>
        <testcase classname="src/ui/utils/formatters.test.ts" name="formatters &gt; formatDuration &gt; should format an exact number of minutes" time="0.000046791">
        </testcase>
        <testcase classname="src/ui/utils/formatters.test.ts" name="formatters &gt; formatDuration &gt; should format a duration in minutes and seconds" time="0.000040375">
        </testcase>
        <testcase classname="src/ui/utils/formatters.test.ts" name="formatters &gt; formatDuration &gt; should format an exact number of hours" time="0.000037625">
        </testcase>
        <testcase classname="src/ui/utils/formatters.test.ts" name="formatters &gt; formatDuration &gt; should format a duration in hours and seconds" time="0.000038625">
        </testcase>
        <testcase classname="src/ui/utils/formatters.test.ts" name="formatters &gt; formatDuration &gt; should format a duration in hours, minutes, and seconds" time="0.000043125">
        </testcase>
        <testcase classname="src/ui/utils/formatters.test.ts" name="formatters &gt; formatDuration &gt; should handle large durations" time="0.000039458">
        </testcase>
        <testcase classname="src/ui/utils/formatters.test.ts" name="formatters &gt; formatDuration &gt; should handle negative durations" time="0.000038666">
        </testcase>
    </testsuite>
    <testsuite name="src/ui/utils/markdownUtilities.test.ts" timestamp="2025-08-12T09:45:14.090Z" hostname="63accec1df8b" tests="7" failures="0" errors="0" skipped="0" time="0.0020845">
        <testcase classname="src/ui/utils/markdownUtilities.test.ts" name="markdownUtilities &gt; findLastSafeSplitPoint &gt; should split at the last double newline if not in a code block" time="0.000889208">
        </testcase>
        <testcase classname="src/ui/utils/markdownUtilities.test.ts" name="markdownUtilities &gt; findLastSafeSplitPoint &gt; should return content.length if no safe split point is found" time="0.000083375">
        </testcase>
        <testcase classname="src/ui/utils/markdownUtilities.test.ts" name="markdownUtilities &gt; findLastSafeSplitPoint &gt; should prioritize splitting at 

 over being at the very end of the string if the end is not in a code block" time="0.000055209">
        </testcase>
        <testcase classname="src/ui/utils/markdownUtilities.test.ts" name="markdownUtilities &gt; findLastSafeSplitPoint &gt; should return content.length if the only 

 is inside a code block and the end of content is not" time="0.000048583">
        </testcase>
        <testcase classname="src/ui/utils/markdownUtilities.test.ts" name="markdownUtilities &gt; findLastSafeSplitPoint &gt; should correctly identify the last 

 even if it is followed by text not in a code block" time="0.000044917">
        </testcase>
        <testcase classname="src/ui/utils/markdownUtilities.test.ts" name="markdownUtilities &gt; findLastSafeSplitPoint &gt; should return content.length if content is empty" time="0.000042834">
        </testcase>
        <testcase classname="src/ui/utils/markdownUtilities.test.ts" name="markdownUtilities &gt; findLastSafeSplitPoint &gt; should return content.length if content has no newlines and no code blocks" time="0.000041958">
        </testcase>
    </testsuite>
    <testsuite name="src/ui/utils/textUtils.test.ts" timestamp="2025-08-12T09:45:14.091Z" hostname="63accec1df8b" tests="5" failures="0" errors="0" skipped="0" time="0.001938292">
        <testcase classname="src/ui/utils/textUtils.test.ts" name="textUtils &gt; isBinary &gt; should return true for a buffer containing a null byte" time="0.000792375">
        </testcase>
        <testcase classname="src/ui/utils/textUtils.test.ts" name="textUtils &gt; isBinary &gt; should return false for a buffer containing only text" time="0.000082">
        </testcase>
        <testcase classname="src/ui/utils/textUtils.test.ts" name="textUtils &gt; isBinary &gt; should return false for an empty buffer" time="0.000052375">
        </testcase>
        <testcase classname="src/ui/utils/textUtils.test.ts" name="textUtils &gt; isBinary &gt; should return false for a null or undefined buffer" time="0.000058959">
        </testcase>
        <testcase classname="src/ui/utils/textUtils.test.ts" name="textUtils &gt; isBinary &gt; should only check the sample size" time="0.000186125">
        </testcase>
    </testsuite>
    <testsuite name="src/ui/utils/updateCheck.test.ts" timestamp="2025-08-12T09:45:14.093Z" hostname="63accec1df8b" tests="6" failures="1" errors="0" skipped="0" time="0.016772416">
        <testcase classname="src/ui/utils/updateCheck.test.ts" name="checkForUpdates &gt; should return null if package.json is missing" time="0.001094875">
        </testcase>
        <testcase classname="src/ui/utils/updateCheck.test.ts" name="checkForUpdates &gt; should return null if there is no update" time="0.000121834">
        </testcase>
        <testcase classname="src/ui/utils/updateCheck.test.ts" name="checkForUpdates &gt; should return a message if a newer version is available" time="0.011513166">
            <failure message="the given combination of arguments (null and string) is invalid for this assertion. You can use an array, a map, an object, a set, a string, or a weakset instead of a string" type="AssertionError">
AssertionError: the given combination of arguments (null and string) is invalid for this assertion. You can use an array, a map, an object, a set, a string, or a weakset instead of a string
 ❯ src/ui/utils/updateCheck.test.ts:50:20
            </failure>
        </testcase>
        <testcase classname="src/ui/utils/updateCheck.test.ts" name="checkForUpdates &gt; should return null if the latest version is the same as the current version" time="0.00104025">
        </testcase>
        <testcase classname="src/ui/utils/updateCheck.test.ts" name="checkForUpdates &gt; should return null if the latest version is older than the current version" time="0.000543292">
        </testcase>
        <testcase classname="src/ui/utils/updateCheck.test.ts" name="checkForUpdates &gt; should handle errors gracefully" time="0.000729042">
        </testcase>
    </testsuite>
    <testsuite name="src/ui/components/shared/MaxSizedBox.test.tsx" timestamp="2025-08-12T09:45:14.094Z" hostname="63accec1df8b" tests="21" failures="0" errors="0" skipped="0" time="0.0695175">
        <testcase classname="src/ui/components/shared/MaxSizedBox.test.tsx" name="&lt;MaxSizedBox /&gt; &gt; renders children without truncation when they fit" time="0.018736084">
        </testcase>
        <testcase classname="src/ui/components/shared/MaxSizedBox.test.tsx" name="&lt;MaxSizedBox /&gt; &gt; hides lines when content exceeds maxHeight" time="0.0033495">
        </testcase>
        <testcase classname="src/ui/components/shared/MaxSizedBox.test.tsx" name="&lt;MaxSizedBox /&gt; &gt; hides lines at the end when content exceeds maxHeight and overflowDirection is bottom" time="0.001852875">
        </testcase>
        <testcase classname="src/ui/components/shared/MaxSizedBox.test.tsx" name="&lt;MaxSizedBox /&gt; &gt; wraps text that exceeds maxWidth" time="0.002149083">
        </testcase>
        <testcase classname="src/ui/components/shared/MaxSizedBox.test.tsx" name="&lt;MaxSizedBox /&gt; &gt; handles mixed wrapping and non-wrapping segments" time="0.008584">
        </testcase>
        <testcase classname="src/ui/components/shared/MaxSizedBox.test.tsx" name="&lt;MaxSizedBox /&gt; &gt; handles words longer than maxWidth by splitting them" time="0.004625209">
        </testcase>
        <testcase classname="src/ui/components/shared/MaxSizedBox.test.tsx" name="&lt;MaxSizedBox /&gt; &gt; does not truncate when maxHeight is undefined" time="0.001273959">
        </testcase>
        <testcase classname="src/ui/components/shared/MaxSizedBox.test.tsx" name="&lt;MaxSizedBox /&gt; &gt; shows plural &quot;lines&quot; when more than one line is hidden" time="0.001171291">
        </testcase>
        <testcase classname="src/ui/components/shared/MaxSizedBox.test.tsx" name="&lt;MaxSizedBox /&gt; &gt; shows plural &quot;lines&quot; when more than one line is hidden and overflowDirection is bottom" time="0.00112025">
        </testcase>
        <testcase classname="src/ui/components/shared/MaxSizedBox.test.tsx" name="&lt;MaxSizedBox /&gt; &gt; renders an empty box for empty children" time="0.000472917">
        </testcase>
        <testcase classname="src/ui/components/shared/MaxSizedBox.test.tsx" name="&lt;MaxSizedBox /&gt; &gt; wraps text with multi-byte unicode characters correctly" time="0.00119225">
        </testcase>
        <testcase classname="src/ui/components/shared/MaxSizedBox.test.tsx" name="&lt;MaxSizedBox /&gt; &gt; wraps text with multi-byte emoji characters correctly" time="0.00158075">
        </testcase>
        <testcase classname="src/ui/components/shared/MaxSizedBox.test.tsx" name="&lt;MaxSizedBox /&gt; &gt; falls back to an ellipsis when width is extremely small" time="0.001677708">
        </testcase>
        <testcase classname="src/ui/components/shared/MaxSizedBox.test.tsx" name="&lt;MaxSizedBox /&gt; &gt; truncates long non-wrapping text with ellipsis" time="0.000966041">
        </testcase>
        <testcase classname="src/ui/components/shared/MaxSizedBox.test.tsx" name="&lt;MaxSizedBox /&gt; &gt; truncates non-wrapping text containing line breaks" time="0.001343125">
        </testcase>
        <testcase classname="src/ui/components/shared/MaxSizedBox.test.tsx" name="&lt;MaxSizedBox /&gt; &gt; truncates emoji characters correctly with ellipsis" time="0.000883708">
        </testcase>
        <testcase classname="src/ui/components/shared/MaxSizedBox.test.tsx" name="&lt;MaxSizedBox /&gt; &gt; shows ellipsis for multiple rows with long non-wrapping text" time="0.001650916">
        </testcase>
        <testcase classname="src/ui/components/shared/MaxSizedBox.test.tsx" name="&lt;MaxSizedBox /&gt; &gt; accounts for additionalHiddenLinesCount" time="0.001215709">
        </testcase>
        <testcase classname="src/ui/components/shared/MaxSizedBox.test.tsx" name="&lt;MaxSizedBox /&gt; &gt; handles React.Fragment as a child" time="0.002807208">
        </testcase>
        <testcase classname="src/ui/components/shared/MaxSizedBox.test.tsx" name="&lt;MaxSizedBox /&gt; &gt; clips a long single text child from the top" time="0.004014083">
        </testcase>
        <testcase classname="src/ui/components/shared/MaxSizedBox.test.tsx" name="&lt;MaxSizedBox /&gt; &gt; clips a long single text child from the bottom" time="0.007751458">
        </testcase>
    </testsuite>
    <testsuite name="src/ui/components/shared/text-buffer.test.ts" timestamp="2025-08-12T09:45:14.099Z" hostname="63accec1df8b" tests="73" failures="0" errors="0" skipped="0" time="0.129937583">
        <testcase classname="src/ui/components/shared/text-buffer.test.ts" name="textBufferReducer &gt; should return the initial state if state is undefined" time="0.003053666">
            <system-err>
Unknown action encountered: [object Object]

            </system-err>
        </testcase>
        <testcase classname="src/ui/components/shared/text-buffer.test.ts" name="textBufferReducer &gt; set_text action &gt; should set new text and move cursor to the end" time="0.000507541">
        </testcase>
        <testcase classname="src/ui/components/shared/text-buffer.test.ts" name="textBufferReducer &gt; set_text action &gt; should not create an undo snapshot if pushToUndo is false" time="0.000155667">
        </testcase>
        <testcase classname="src/ui/components/shared/text-buffer.test.ts" name="textBufferReducer &gt; insert action &gt; should insert a character" time="0.00038075">
        </testcase>
        <testcase classname="src/ui/components/shared/text-buffer.test.ts" name="textBufferReducer &gt; insert action &gt; should insert a newline" time="0.000148583">
        </testcase>
        <testcase classname="src/ui/components/shared/text-buffer.test.ts" name="textBufferReducer &gt; backspace action &gt; should remove a character" time="0.000608709">
        </testcase>
        <testcase classname="src/ui/components/shared/text-buffer.test.ts" name="textBufferReducer &gt; backspace action &gt; should join lines if at the beginning of a line" time="0.000250375">
        </testcase>
        <testcase classname="src/ui/components/shared/text-buffer.test.ts" name="textBufferReducer &gt; undo/redo actions &gt; should undo and redo a change" time="0.000451625">
        </testcase>
        <testcase classname="src/ui/components/shared/text-buffer.test.ts" name="textBufferReducer &gt; create_undo_snapshot action &gt; should create a snapshot without changing state" time="0.000272792">
        </testcase>
        <testcase classname="src/ui/components/shared/text-buffer.test.ts" name="useTextBuffer &gt; Initialization &gt; should initialize with empty text and cursor at (0,0) by default" time="0.011936292">
        </testcase>
        <testcase classname="src/ui/components/shared/text-buffer.test.ts" name="useTextBuffer &gt; Initialization &gt; should initialize with provided initialText" time="0.002264291">
        </testcase>
        <testcase classname="src/ui/components/shared/text-buffer.test.ts" name="useTextBuffer &gt; Initialization &gt; should initialize with initialText and initialCursorOffset" time="0.0012485">
        </testcase>
        <testcase classname="src/ui/components/shared/text-buffer.test.ts" name="useTextBuffer &gt; Initialization &gt; should wrap visual lines" time="0.001345875">
        </testcase>
        <testcase classname="src/ui/components/shared/text-buffer.test.ts" name="useTextBuffer &gt; Initialization &gt; should wrap visual lines with multiple spaces" time="0.001125875">
        </testcase>
        <testcase classname="src/ui/components/shared/text-buffer.test.ts" name="useTextBuffer &gt; Initialization &gt; should wrap visual lines even without spaces" time="0.000978042">
        </testcase>
        <testcase classname="src/ui/components/shared/text-buffer.test.ts" name="useTextBuffer &gt; Initialization &gt; should initialize with multi-byte unicode characters and correct cursor offset" time="0.002001">
        </testcase>
        <testcase classname="src/ui/components/shared/text-buffer.test.ts" name="useTextBuffer &gt; Basic Editing &gt; insert: should insert a character and update cursor" time="0.002035917">
        </testcase>
        <testcase classname="src/ui/components/shared/text-buffer.test.ts" name="useTextBuffer &gt; Basic Editing &gt; insert: should insert text in the middle of a line" time="0.001561458">
        </testcase>
        <testcase classname="src/ui/components/shared/text-buffer.test.ts" name="useTextBuffer &gt; Basic Editing &gt; newline: should create a new line and move cursor" time="0.0013655">
        </testcase>
        <testcase classname="src/ui/components/shared/text-buffer.test.ts" name="useTextBuffer &gt; Basic Editing &gt; backspace: should delete char to the left or merge lines" time="0.001876708">
        </testcase>
        <testcase classname="src/ui/components/shared/text-buffer.test.ts" name="useTextBuffer &gt; Basic Editing &gt; del: should delete char to the right or merge lines" time="0.001379083">
        </testcase>
        <testcase classname="src/ui/components/shared/text-buffer.test.ts" name="useTextBuffer &gt; Drag and Drop File Paths &gt; should prepend @ to a valid file path on insert" time="0.001338375">
        </testcase>
        <testcase classname="src/ui/components/shared/text-buffer.test.ts" name="useTextBuffer &gt; Drag and Drop File Paths &gt; should not prepend @ to an invalid file path on insert" time="0.001603167">
        </testcase>
        <testcase classname="src/ui/components/shared/text-buffer.test.ts" name="useTextBuffer &gt; Drag and Drop File Paths &gt; should handle quoted paths" time="0.001298375">
        </testcase>
        <testcase classname="src/ui/components/shared/text-buffer.test.ts" name="useTextBuffer &gt; Drag and Drop File Paths &gt; should not prepend @ to short text that is not a path" time="0.000919542">
        </testcase>
        <testcase classname="src/ui/components/shared/text-buffer.test.ts" name="useTextBuffer &gt; Shell Mode Behavior &gt; should not prepend @ to valid file paths when shellModeActive is true" time="0.000948375">
        </testcase>
        <testcase classname="src/ui/components/shared/text-buffer.test.ts" name="useTextBuffer &gt; Shell Mode Behavior &gt; should not prepend @ to quoted paths when shellModeActive is true" time="0.000983167">
        </testcase>
        <testcase classname="src/ui/components/shared/text-buffer.test.ts" name="useTextBuffer &gt; Shell Mode Behavior &gt; should behave normally with invalid paths when shellModeActive is true" time="0.000966875">
        </testcase>
        <testcase classname="src/ui/components/shared/text-buffer.test.ts" name="useTextBuffer &gt; Shell Mode Behavior &gt; should behave normally with short text when shellModeActive is true" time="0.0008305">
        </testcase>
        <testcase classname="src/ui/components/shared/text-buffer.test.ts" name="useTextBuffer &gt; Cursor Movement &gt; move: left/right should work within and across visual lines (due to wrapping)" time="0.003307042">
        </testcase>
        <testcase classname="src/ui/components/shared/text-buffer.test.ts" name="useTextBuffer &gt; Cursor Movement &gt; move: up/down should preserve preferred visual column" time="0.00313675">
        </testcase>
        <testcase classname="src/ui/components/shared/text-buffer.test.ts" name="useTextBuffer &gt; Cursor Movement &gt; move: home/end should go to visual line start/end" time="0.006554167">
        </testcase>
        <testcase classname="src/ui/components/shared/text-buffer.test.ts" name="useTextBuffer &gt; Visual Layout &amp; Viewport &gt; should wrap long lines correctly into visualLines" time="0.002278709">
        </testcase>
        <testcase classname="src/ui/components/shared/text-buffer.test.ts" name="useTextBuffer &gt; Visual Layout &amp; Viewport &gt; should update visualScrollRow when visualCursor moves out of viewport" time="0.002905084">
        </testcase>
        <testcase classname="src/ui/components/shared/text-buffer.test.ts" name="useTextBuffer &gt; Undo/Redo &gt; should undo and redo an insert operation" time="0.001354209">
        </testcase>
        <testcase classname="src/ui/components/shared/text-buffer.test.ts" name="useTextBuffer &gt; Undo/Redo &gt; should undo and redo a newline operation" time="0.00143425">
        </testcase>
        <testcase classname="src/ui/components/shared/text-buffer.test.ts" name="useTextBuffer &gt; Unicode Handling &gt; insert: should correctly handle multi-byte unicode characters" time="0.001039458">
        </testcase>
        <testcase classname="src/ui/components/shared/text-buffer.test.ts" name="useTextBuffer &gt; Unicode Handling &gt; backspace: should correctly delete multi-byte unicode characters" time="0.001153208">
        </testcase>
        <testcase classname="src/ui/components/shared/text-buffer.test.ts" name="useTextBuffer &gt; Unicode Handling &gt; move: left/right should treat multi-byte chars as single units for visual cursor" time="0.001314708">
        </testcase>
        <testcase classname="src/ui/components/shared/text-buffer.test.ts" name="useTextBuffer &gt; handleInput &gt; should insert printable characters" time="0.001636458">
        </testcase>
        <testcase classname="src/ui/components/shared/text-buffer.test.ts" name="useTextBuffer &gt; handleInput &gt; should handle &quot;Enter&quot; key as newline" time="0.001130416">
        </testcase>
        <testcase classname="src/ui/components/shared/text-buffer.test.ts" name="useTextBuffer &gt; handleInput &gt; should handle &quot;Backspace&quot; key" time="0.001959375">
        </testcase>
        <testcase classname="src/ui/components/shared/text-buffer.test.ts" name="useTextBuffer &gt; handleInput &gt; should handle multiple delete characters in one input" time="0.001458708">
        </testcase>
        <testcase classname="src/ui/components/shared/text-buffer.test.ts" name="useTextBuffer &gt; handleInput &gt; should handle inserts that contain delete characters " time="0.001261959">
        </testcase>
        <testcase classname="src/ui/components/shared/text-buffer.test.ts" name="useTextBuffer &gt; handleInput &gt; should handle inserts with a mix of regular and delete characters " time="0.001423042">
        </testcase>
        <testcase classname="src/ui/components/shared/text-buffer.test.ts" name="useTextBuffer &gt; handleInput &gt; should handle arrow keys for movement" time="0.001320708">
        </testcase>
        <testcase classname="src/ui/components/shared/text-buffer.test.ts" name="useTextBuffer &gt; handleInput &gt; should strip ANSI escape codes when pasting text" time="0.001671459">
        </testcase>
        <testcase classname="src/ui/components/shared/text-buffer.test.ts" name="useTextBuffer &gt; handleInput &gt; should handle VSCode terminal Shift+Enter as newline" time="0.001290042">
        </testcase>
        <testcase classname="src/ui/components/shared/text-buffer.test.ts" name="useTextBuffer &gt; handleInput &gt; should correctly handle repeated pasting of long text" time="0.022795709">
        </testcase>
        <testcase classname="src/ui/components/shared/text-buffer.test.ts" name="useTextBuffer &gt; replaceRange &gt; should replace a single-line range with single-line text" time="0.001529917">
        </testcase>
        <testcase classname="src/ui/components/shared/text-buffer.test.ts" name="useTextBuffer &gt; replaceRange &gt; should replace a multi-line range with single-line text" time="0.001404541">
        </testcase>
        <testcase classname="src/ui/components/shared/text-buffer.test.ts" name="useTextBuffer &gt; replaceRange &gt; should delete a range when replacing with an empty string" time="0.001711958">
        </testcase>
        <testcase classname="src/ui/components/shared/text-buffer.test.ts" name="useTextBuffer &gt; replaceRange &gt; should handle replacing at the beginning of the text" time="0.00113125">
        </testcase>
        <testcase classname="src/ui/components/shared/text-buffer.test.ts" name="useTextBuffer &gt; replaceRange &gt; should handle replacing at the end of the text" time="0.001071208">
        </testcase>
        <testcase classname="src/ui/components/shared/text-buffer.test.ts" name="useTextBuffer &gt; replaceRange &gt; should handle replacing the entire buffer content" time="0.000926584">
        </testcase>
        <testcase classname="src/ui/components/shared/text-buffer.test.ts" name="useTextBuffer &gt; replaceRange &gt; should correctly replace with unicode characters" time="0.001286625">
        </testcase>
        <testcase classname="src/ui/components/shared/text-buffer.test.ts" name="useTextBuffer &gt; replaceRange &gt; should handle invalid range by returning false and not changing text" time="0.000973167">
        </testcase>
        <testcase classname="src/ui/components/shared/text-buffer.test.ts" name="useTextBuffer &gt; replaceRange &gt; replaceRange: multiple lines with a single character" time="0.000880042">
        </testcase>
        <testcase classname="src/ui/components/shared/text-buffer.test.ts" name="useTextBuffer &gt; Input Sanitization &gt; should strip ANSI escape codes from input" time="0.000818792">
        </testcase>
        <testcase classname="src/ui/components/shared/text-buffer.test.ts" name="useTextBuffer &gt; Input Sanitization &gt; should strip control characters from input" time="0.000885833">
        </testcase>
        <testcase classname="src/ui/components/shared/text-buffer.test.ts" name="useTextBuffer &gt; Input Sanitization &gt; should strip mixed ANSI and control characters from input" time="0.00078475">
        </testcase>
        <testcase classname="src/ui/components/shared/text-buffer.test.ts" name="useTextBuffer &gt; Input Sanitization &gt; should not strip standard characters or newlines" time="0.000875708">
        </testcase>
        <testcase classname="src/ui/components/shared/text-buffer.test.ts" name="useTextBuffer &gt; Input Sanitization &gt; should sanitize pasted text via handleInput" time="0.007546709">
        </testcase>
        <testcase classname="src/ui/components/shared/text-buffer.test.ts" name="offsetToLogicalPos &gt; should return [0,0] for offset 0" time="0.000176583">
        </testcase>
        <testcase classname="src/ui/components/shared/text-buffer.test.ts" name="offsetToLogicalPos &gt; should handle single line text" time="0.000169708">
        </testcase>
        <testcase classname="src/ui/components/shared/text-buffer.test.ts" name="offsetToLogicalPos &gt; should handle multi-line text" time="0.000391542">
        </testcase>
        <testcase classname="src/ui/components/shared/text-buffer.test.ts" name="offsetToLogicalPos &gt; should handle empty lines" time="0.000161459">
        </testcase>
        <testcase classname="src/ui/components/shared/text-buffer.test.ts" name="offsetToLogicalPos &gt; should handle text ending with a newline" time="0.00012375">
        </testcase>
        <testcase classname="src/ui/components/shared/text-buffer.test.ts" name="offsetToLogicalPos &gt; should handle text starting with a newline" time="0.000099625">
        </testcase>
        <testcase classname="src/ui/components/shared/text-buffer.test.ts" name="offsetToLogicalPos &gt; should handle empty string input" time="0.000076208">
        </testcase>
        <testcase classname="src/ui/components/shared/text-buffer.test.ts" name="offsetToLogicalPos &gt; should handle multi-byte unicode characters correctly" time="0.000189875">
        </testcase>
        <testcase classname="src/ui/components/shared/text-buffer.test.ts" name="offsetToLogicalPos &gt; should handle offset exactly at newline character" time="0.000099917">
        </testcase>
        <testcase classname="src/ui/components/shared/text-buffer.test.ts" name="offsetToLogicalPos &gt; should handle offset in the middle of a multi-byte character (should place at start of that char)" time="0.000103292">
        </testcase>
    </testsuite>
    <testsuite name="src/ui/components/messages/DiffRenderer.test.tsx" timestamp="2025-08-12T09:45:14.115Z" hostname="63accec1df8b" tests="13" failures="0" errors="0" skipped="0" time="0.207294167">
        <testcase classname="src/ui/components/messages/DiffRenderer.test.tsx" name="&lt;OverflowProvider&gt;&lt;DiffRenderer /&gt;&lt;/OverflowProvider&gt; &gt; should call colorizeCode with correct language for new file with known extension" time="0.027332166">
        </testcase>
        <testcase classname="src/ui/components/messages/DiffRenderer.test.tsx" name="&lt;OverflowProvider&gt;&lt;DiffRenderer /&gt;&lt;/OverflowProvider&gt; &gt; should call colorizeCode with null language for new file with unknown extension" time="0.106307917">
        </testcase>
        <testcase classname="src/ui/components/messages/DiffRenderer.test.tsx" name="&lt;OverflowProvider&gt;&lt;DiffRenderer /&gt;&lt;/OverflowProvider&gt; &gt; should call colorizeCode with null language for new file if no filename is provided" time="0.0157585">
        </testcase>
        <testcase classname="src/ui/components/messages/DiffRenderer.test.tsx" name="&lt;OverflowProvider&gt;&lt;DiffRenderer /&gt;&lt;/OverflowProvider&gt; &gt; should render diff content for existing file (not calling colorizeCode directly for the whole block)" time="0.003994125">
        </testcase>
        <testcase classname="src/ui/components/messages/DiffRenderer.test.tsx" name="&lt;OverflowProvider&gt;&lt;DiffRenderer /&gt;&lt;/OverflowProvider&gt; &gt; should handle diff with only header and no changes" time="0.002177959">
        </testcase>
        <testcase classname="src/ui/components/messages/DiffRenderer.test.tsx" name="&lt;OverflowProvider&gt;&lt;DiffRenderer /&gt;&lt;/OverflowProvider&gt; &gt; should handle empty diff content" time="0.000796208">
        </testcase>
        <testcase classname="src/ui/components/messages/DiffRenderer.test.tsx" name="&lt;OverflowProvider&gt;&lt;DiffRenderer /&gt;&lt;/OverflowProvider&gt; &gt; should render a gap indicator for skipped lines" time="0.007251375">
        </testcase>
        <testcase classname="src/ui/components/messages/DiffRenderer.test.tsx" name="&lt;OverflowProvider&gt;&lt;DiffRenderer /&gt;&lt;/OverflowProvider&gt; &gt; should not render a gap indicator for small gaps (&lt;= MAX_CONTEXT_LINES_WITHOUT_GAP)" time="0.009403834">
        </testcase>
        <testcase classname="src/ui/components/messages/DiffRenderer.test.tsx" name="&lt;OverflowProvider&gt;&lt;DiffRenderer /&gt;&lt;/OverflowProvider&gt; &gt; should correctly render a diff with multiple hunks and a gap indicator &gt; with terminalWidth 80 and height undefined" time="0.010632541">
        </testcase>
        <testcase classname="src/ui/components/messages/DiffRenderer.test.tsx" name="&lt;OverflowProvider&gt;&lt;DiffRenderer /&gt;&lt;/OverflowProvider&gt; &gt; should correctly render a diff with multiple hunks and a gap indicator &gt; with terminalWidth 80 and height 6" time="0.005036666">
        </testcase>
        <testcase classname="src/ui/components/messages/DiffRenderer.test.tsx" name="&lt;OverflowProvider&gt;&lt;DiffRenderer /&gt;&lt;/OverflowProvider&gt; &gt; should correctly render a diff with multiple hunks and a gap indicator &gt; with terminalWidth 30 and height 6" time="0.004580042">
        </testcase>
        <testcase classname="src/ui/components/messages/DiffRenderer.test.tsx" name="&lt;OverflowProvider&gt;&lt;DiffRenderer /&gt;&lt;/OverflowProvider&gt; &gt; should correctly render a diff with a SVN diff format" time="0.004123333">
        </testcase>
        <testcase classname="src/ui/components/messages/DiffRenderer.test.tsx" name="&lt;OverflowProvider&gt;&lt;DiffRenderer /&gt;&lt;/OverflowProvider&gt; &gt; should correctly render a new file with no file extension correctly" time="0.008671625">
        </testcase>
    </testsuite>
    <testsuite name="src/ui/components/messages/ToolConfirmationMessage.test.tsx" timestamp="2025-08-12T09:45:14.118Z" hostname="63accec1df8b" tests="2" failures="0" errors="0" skipped="0" time="0.027273833">
        <testcase classname="src/ui/components/messages/ToolConfirmationMessage.test.tsx" name="ToolConfirmationMessage &gt; should not display urls if prompt and url are the same" time="0.020436375">
        </testcase>
        <testcase classname="src/ui/components/messages/ToolConfirmationMessage.test.tsx" name="ToolConfirmationMessage &gt; should display urls if prompt and url are different" time="0.005929791">
        </testcase>
    </testsuite>
    <testsuite name="src/ui/components/messages/ToolMessage.test.tsx" timestamp="2025-08-12T09:45:14.118Z" hostname="63accec1df8b" tests="11" failures="0" errors="0" skipped="0" time="0.038970583">
        <testcase classname="src/ui/components/messages/ToolMessage.test.tsx" name="&lt;ToolMessage /&gt; &gt; renders basic tool information" time="0.018845667">
        </testcase>
        <testcase classname="src/ui/components/messages/ToolMessage.test.tsx" name="&lt;ToolMessage /&gt; &gt; ToolStatusIndicator rendering &gt; shows ✔ for Success status" time="0.001724833">
        </testcase>
        <testcase classname="src/ui/components/messages/ToolMessage.test.tsx" name="&lt;ToolMessage /&gt; &gt; ToolStatusIndicator rendering &gt; shows o for Pending status" time="0.001527333">
        </testcase>
        <testcase classname="src/ui/components/messages/ToolMessage.test.tsx" name="&lt;ToolMessage /&gt; &gt; ToolStatusIndicator rendering &gt; shows ? for Confirming status" time="0.00157825">
        </testcase>
        <testcase classname="src/ui/components/messages/ToolMessage.test.tsx" name="&lt;ToolMessage /&gt; &gt; ToolStatusIndicator rendering &gt; shows - for Canceled status" time="0.00136">
        </testcase>
        <testcase classname="src/ui/components/messages/ToolMessage.test.tsx" name="&lt;ToolMessage /&gt; &gt; ToolStatusIndicator rendering &gt; shows x for Error status" time="0.001627416">
        </testcase>
        <testcase classname="src/ui/components/messages/ToolMessage.test.tsx" name="&lt;ToolMessage /&gt; &gt; ToolStatusIndicator rendering &gt; shows paused spinner for Executing status when streamingState is Idle" time="0.001845208">
        </testcase>
        <testcase classname="src/ui/components/messages/ToolMessage.test.tsx" name="&lt;ToolMessage /&gt; &gt; ToolStatusIndicator rendering &gt; shows paused spinner for Executing status when streamingState is WaitingForConfirmation" time="0.001519916">
        </testcase>
        <testcase classname="src/ui/components/messages/ToolMessage.test.tsx" name="&lt;ToolMessage /&gt; &gt; ToolStatusIndicator rendering &gt; shows MockRespondingSpinner for Executing status when streamingState is Responding" time="0.001838625">
        </testcase>
        <testcase classname="src/ui/components/messages/ToolMessage.test.tsx" name="&lt;ToolMessage /&gt; &gt; renders DiffRenderer for diff results" time="0.002521917">
        </testcase>
        <testcase classname="src/ui/components/messages/ToolMessage.test.tsx" name="&lt;ToolMessage /&gt; &gt; renders emphasis correctly" time="0.003543">
        </testcase>
    </testsuite>
</testsuites>
