<?xml version="1.0" encoding="UTF-8" ?>
<testsuites name="vitest tests" tests="757" failures="66" errors="0" time="25.187662385">
    <testsuite name="src/gemini.test.tsx" timestamp="2025-08-11T04:30:27.365Z" hostname="63accec1df8b" tests="1" failures="0" errors="0" skipped="0" time="0.0039145">
        <testcase classname="src/gemini.test.tsx" name="gemini.tsx main function &gt; should call process.exit(1) if settings have errors" time="0.003220834">
        </testcase>
    </testsuite>
    <testsuite name="src/nonInteractiveCli.test.ts" timestamp="2025-08-11T04:30:27.366Z" hostname="63accec1df8b" tests="6" failures="6" errors="0" skipped="0" time="0.009464167">
        <testcase classname="src/nonInteractiveCli.test.ts" name="runNonInteractive &gt; should process input and write text output" time="0.005993458">
            <failure message="Cannot read properties of undefined (reading &apos;file&apos;)" type="TypeError">
TypeError: Cannot read properties of undefined (reading &apos;file&apos;)
 ❯ Module.runNonInteractive src/nonInteractiveCli.ts:71:12
 ❯ src/nonInteractiveCli.test.ts:85:5
            </failure>
        </testcase>
        <testcase classname="src/nonInteractiveCli.test.ts" name="runNonInteractive &gt; should handle a single tool call and respond" time="0.000573">
            <failure message="Cannot read properties of undefined (reading &apos;file&apos;)" type="TypeError">
TypeError: Cannot read properties of undefined (reading &apos;file&apos;)
 ❯ Module.runNonInteractive src/nonInteractiveCli.ts:71:12
 ❯ src/nonInteractiveCli.test.ts:138:5
            </failure>
        </testcase>
        <testcase classname="src/nonInteractiveCli.test.ts" name="runNonInteractive &gt; should handle error during tool execution" time="0.000697959">
            <failure message="Cannot read properties of undefined (reading &apos;file&apos;)" type="TypeError">
TypeError: Cannot read properties of undefined (reading &apos;file&apos;)
 ❯ Module.runNonInteractive src/nonInteractiveCli.ts:71:12
 ❯ src/nonInteractiveCli.test.ts:198:5
            </failure>
        </testcase>
        <testcase classname="src/nonInteractiveCli.test.ts" name="runNonInteractive &gt; should exit with error if sendMessageStream throws initially" time="0.000505791">
            <failure message="Cannot read properties of undefined (reading &apos;file&apos;)" type="TypeError">
TypeError: Cannot read properties of undefined (reading &apos;file&apos;)
 ❯ Module.runNonInteractive src/nonInteractiveCli.ts:71:12
 ❯ src/nonInteractiveCli.test.ts:222:5
            </failure>
        </testcase>
        <testcase classname="src/nonInteractiveCli.test.ts" name="runNonInteractive &gt; should not exit if a tool is not found, and should send error back to model" time="0.000517291">
            <failure message="Cannot read properties of undefined (reading &apos;file&apos;)" type="TypeError">
TypeError: Cannot read properties of undefined (reading &apos;file&apos;)
 ❯ Module.runNonInteractive src/nonInteractiveCli.ts:71:12
 ❯ src/nonInteractiveCli.test.ts:274:5
            </failure>
        </testcase>
        <testcase classname="src/nonInteractiveCli.test.ts" name="runNonInteractive &gt; should exit when max session turns are exceeded" time="0.000445167">
            <failure message="Cannot read properties of undefined (reading &apos;file&apos;)" type="TypeError">
TypeError: Cannot read properties of undefined (reading &apos;file&apos;)
 ❯ Module.runNonInteractive src/nonInteractiveCli.ts:71:12
 ❯ src/nonInteractiveCli.test.ts:335:5
            </failure>
        </testcase>
    </testsuite>
    <testsuite name="src/config/auth.test.ts" timestamp="2025-08-11T04:30:27.371Z" hostname="63accec1df8b" tests="14" failures="0" errors="0" skipped="0" time="0.004616916">
        <testcase classname="src/config/auth.test.ts" name="validateAuthMethod &gt; should return null for LOGIN_WITH_GOOGLE" time="0.001191708">
        </testcase>
        <testcase classname="src/config/auth.test.ts" name="validateAuthMethod &gt; should return null for CLOUD_SHELL" time="0.000197083">
        </testcase>
        <testcase classname="src/config/auth.test.ts" name="validateAuthMethod &gt; USE_GEMINI &gt; should return null if GEMINI_API_KEY is set" time="0.000197833">
        </testcase>
        <testcase classname="src/config/auth.test.ts" name="validateAuthMethod &gt; USE_GEMINI &gt; should return an error message if GEMINI_API_KEY is not set" time="0.000242875">
        </testcase>
        <testcase classname="src/config/auth.test.ts" name="validateAuthMethod &gt; USE_VERTEX_AI &gt; should return null if GOOGLE_CLOUD_PROJECT and GOOGLE_CLOUD_LOCATION are set" time="0.00018975">
        </testcase>
        <testcase classname="src/config/auth.test.ts" name="validateAuthMethod &gt; USE_VERTEX_AI &gt; should return null if GOOGLE_API_KEY is set" time="0.000448041">
        </testcase>
        <testcase classname="src/config/auth.test.ts" name="validateAuthMethod &gt; USE_VERTEX_AI &gt; should return an error message if no required environment variables are set" time="0.00025">
        </testcase>
        <testcase classname="src/config/auth.test.ts" name="validateAuthMethod &gt; OPENAI_COMPATIBLE &gt; should return null if OPENAI_API_KEY and OPENAI_BASE_URL are set for external API" time="0.000213541">
        </testcase>
        <testcase classname="src/config/auth.test.ts" name="validateAuthMethod &gt; OPENAI_COMPATIBLE &gt; should return null if only base URL is set for local LLM" time="0.00017">
        </testcase>
        <testcase classname="src/config/auth.test.ts" name="validateAuthMethod &gt; OPENAI_COMPATIBLE &gt; should return null if LOCAL_LLM_BASE_URL is set for local LLM" time="0.00014675">
        </testcase>
        <testcase classname="src/config/auth.test.ts" name="validateAuthMethod &gt; OPENAI_COMPATIBLE &gt; should return null if LOCAL_LLM_BASE_URL is set with host.docker.internal" time="0.000136959">
        </testcase>
        <testcase classname="src/config/auth.test.ts" name="validateAuthMethod &gt; OPENAI_COMPATIBLE &gt; should return an error message if API KEY is not set for external API" time="0.000139208">
        </testcase>
        <testcase classname="src/config/auth.test.ts" name="validateAuthMethod &gt; OPENAI_COMPATIBLE &gt; should return an error message if no base URL is set" time="0.000157417">
        </testcase>
        <testcase classname="src/config/auth.test.ts" name="validateAuthMethod &gt; should return an error message for an invalid auth method" time="0.000132458">
        </testcase>
    </testsuite>
    <testsuite name="src/config/config.integration.test.ts" timestamp="2025-08-11T04:30:27.374Z" hostname="63accec1df8b" tests="11" failures="0" errors="0" skipped="0" time="0.034018083">
        <testcase classname="src/config/config.integration.test.ts" name="Configuration Integration Tests &gt; File Filtering Configuration &gt; should load default file filtering settings" time="0.02441225">
            <system-out>
[Config] getModel() returning initial model: undefined

            </system-out>
        </testcase>
        <testcase classname="src/config/config.integration.test.ts" name="Configuration Integration Tests &gt; File Filtering Configuration &gt; should load custom file filtering settings from configuration" time="0.001109333">
            <system-out>
[Config] getModel() returning initial model: undefined

            </system-out>
        </testcase>
        <testcase classname="src/config/config.integration.test.ts" name="Configuration Integration Tests &gt; File Filtering Configuration &gt; should merge user and workspace file filtering settings" time="0.000781583">
            <system-out>
[Config] getModel() returning initial model: undefined

            </system-out>
        </testcase>
        <testcase classname="src/config/config.integration.test.ts" name="Configuration Integration Tests &gt; Configuration Integration &gt; should handle partial configuration objects gracefully" time="0.000719916">
            <system-out>
[Config] getModel() returning initial model: undefined

            </system-out>
        </testcase>
        <testcase classname="src/config/config.integration.test.ts" name="Configuration Integration Tests &gt; Configuration Integration &gt; should handle empty configuration objects gracefully" time="0.000763541">
            <system-out>
[Config] getModel() returning initial model: undefined

            </system-out>
        </testcase>
        <testcase classname="src/config/config.integration.test.ts" name="Configuration Integration Tests &gt; Configuration Integration &gt; should handle missing configuration sections gracefully" time="0.000672291">
            <system-out>
[Config] getModel() returning initial model: undefined

            </system-out>
        </testcase>
        <testcase classname="src/config/config.integration.test.ts" name="Configuration Integration Tests &gt; Real-world Configuration Scenarios &gt; should handle a security-focused configuration" time="0.000650792">
            <system-out>
[Config] getModel() returning initial model: undefined

            </system-out>
        </testcase>
        <testcase classname="src/config/config.integration.test.ts" name="Configuration Integration Tests &gt; Real-world Configuration Scenarios &gt; should handle a CI/CD environment configuration" time="0.000573083">
            <system-out>
[Config] getModel() returning initial model: undefined

            </system-out>
        </testcase>
        <testcase classname="src/config/config.integration.test.ts" name="Configuration Integration Tests &gt; Checkpointing Configuration &gt; should enable checkpointing when the setting is true" time="0.001027625">
            <system-out>
[Config] getModel() returning initial model: undefined

            </system-out>
        </testcase>
        <testcase classname="src/config/config.integration.test.ts" name="Configuration Integration Tests &gt; Extension Context Files &gt; should have an empty array for extension context files by default" time="0.001433834">
            <system-out>
[Config] getModel() returning initial model: undefined

            </system-out>
        </testcase>
        <testcase classname="src/config/config.integration.test.ts" name="Configuration Integration Tests &gt; Extension Context Files &gt; should correctly store and return extension context file paths" time="0.000744625">
            <system-out>
[Config] getModel() returning initial model: undefined

            </system-out>
        </testcase>
    </testsuite>
    <testsuite name="src/config/config.test.ts" timestamp="2025-08-11T04:30:27.380Z" hostname="63accec1df8b" tests="59" failures="0" errors="0" skipped="0" time="0.372787292">
        <testcase classname="src/config/config.test.ts" name="parseArguments &gt; should throw an error when both --prompt and --prompt-interactive are used together" time="0.0338165">
        </testcase>
        <testcase classname="src/config/config.test.ts" name="parseArguments &gt; should throw an error when using short flags -p and -i together" time="0.005798125">
        </testcase>
        <testcase classname="src/config/config.test.ts" name="parseArguments &gt; should allow --prompt without --prompt-interactive" time="0.005892958">
        </testcase>
        <testcase classname="src/config/config.test.ts" name="parseArguments &gt; should allow --prompt-interactive without --prompt" time="0.0023995">
        </testcase>
        <testcase classname="src/config/config.test.ts" name="parseArguments &gt; should allow -i flag as alias for --prompt-interactive" time="0.002300958">
        </testcase>
        <testcase classname="src/config/config.test.ts" name="loadCliConfig &gt; should set showMemoryUsage to true when --show-memory-usage flag is present" time="0.028367917">
            <system-out>
[Config] authType: undefined, AuthType.OPENAI_COMPATIBLE: openai-compatible
[Config] LOCAL_LLM_MODEL: undefined, localModel: undefined
[Config] GEMINI_MODEL: undefined, DEFAULT_GEMINI_MODEL: gemini-2.5-pro
[Config] Final modelName: gemini-2.5-pro

[Config] getModel() returning initial model: gemini-2.5-pro

            </system-out>
        </testcase>
        <testcase classname="src/config/config.test.ts" name="loadCliConfig &gt; should set showMemoryUsage to false when --memory flag is not present" time="0.004016125">
            <system-out>
[Config] authType: undefined, AuthType.OPENAI_COMPATIBLE: openai-compatible
[Config] LOCAL_LLM_MODEL: undefined, localModel: undefined
[Config] GEMINI_MODEL: undefined, DEFAULT_GEMINI_MODEL: gemini-2.5-pro
[Config] Final modelName: gemini-2.5-pro

[Config] getModel() returning initial model: gemini-2.5-pro

            </system-out>
        </testcase>
        <testcase classname="src/config/config.test.ts" name="loadCliConfig &gt; should set showMemoryUsage to false by default from settings if CLI flag is not present" time="0.005090167">
            <system-out>
[Config] authType: undefined, AuthType.OPENAI_COMPATIBLE: openai-compatible
[Config] LOCAL_LLM_MODEL: undefined, localModel: undefined
[Config] GEMINI_MODEL: undefined, DEFAULT_GEMINI_MODEL: gemini-2.5-pro
[Config] Final modelName: gemini-2.5-pro

[Config] getModel() returning initial model: gemini-2.5-pro

            </system-out>
        </testcase>
        <testcase classname="src/config/config.test.ts" name="loadCliConfig &gt; should prioritize CLI flag over settings for showMemoryUsage (CLI true, settings false)" time="0.0089275">
            <system-out>
[Config] authType: undefined, AuthType.OPENAI_COMPATIBLE: openai-compatible
[Config] LOCAL_LLM_MODEL: undefined, localModel: undefined
[Config] GEMINI_MODEL: undefined, DEFAULT_GEMINI_MODEL: gemini-2.5-pro
[Config] Final modelName: gemini-2.5-pro

[Config] getModel() returning initial model: gemini-2.5-pro

            </system-out>
        </testcase>
        <testcase classname="src/config/config.test.ts" name="loadCliConfig telemetry &gt; should set telemetry to false by default when no flag or setting is present" time="0.003397084">
            <system-out>
[Config] authType: undefined, AuthType.OPENAI_COMPATIBLE: openai-compatible
[Config] LOCAL_LLM_MODEL: undefined, localModel: undefined
[Config] GEMINI_MODEL: undefined, DEFAULT_GEMINI_MODEL: gemini-2.5-pro
[Config] Final modelName: gemini-2.5-pro

[Config] getModel() returning initial model: gemini-2.5-pro

            </system-out>
        </testcase>
        <testcase classname="src/config/config.test.ts" name="loadCliConfig telemetry &gt; should set telemetry to true when --telemetry flag is present" time="0.011818667">
            <system-out>
[Config] authType: undefined, AuthType.OPENAI_COMPATIBLE: openai-compatible
[Config] LOCAL_LLM_MODEL: undefined, localModel: undefined
[Config] GEMINI_MODEL: undefined, DEFAULT_GEMINI_MODEL: gemini-2.5-pro
[Config] Final modelName: gemini-2.5-pro

OpenTelemetry SDK started successfully.
[Config] getModel() returning initial model: gemini-2.5-pro

            </system-out>
            <system-err>
Accessing resource attributes before async attributes settled

            </system-err>
        </testcase>
        <testcase classname="src/config/config.test.ts" name="loadCliConfig telemetry &gt; should set telemetry to false when --no-telemetry flag is present" time="0.006932583">
            <system-out>
[Config] authType: undefined, AuthType.OPENAI_COMPATIBLE: openai-compatible
[Config] LOCAL_LLM_MODEL: undefined, localModel: undefined
[Config] GEMINI_MODEL: undefined, DEFAULT_GEMINI_MODEL: gemini-2.5-pro
[Config] Final modelName: gemini-2.5-pro

[Config] getModel() returning initial model: gemini-2.5-pro

            </system-out>
        </testcase>
        <testcase classname="src/config/config.test.ts" name="loadCliConfig telemetry &gt; should use telemetry value from settings if CLI flag is not present (settings true)" time="0.004241792">
            <system-out>
[Config] authType: undefined, AuthType.OPENAI_COMPATIBLE: openai-compatible
[Config] LOCAL_LLM_MODEL: undefined, localModel: undefined
[Config] GEMINI_MODEL: undefined, DEFAULT_GEMINI_MODEL: gemini-2.5-pro
[Config] Final modelName: gemini-2.5-pro

[Config] getModel() returning initial model: gemini-2.5-pro

            </system-out>
        </testcase>
        <testcase classname="src/config/config.test.ts" name="loadCliConfig telemetry &gt; should use telemetry value from settings if CLI flag is not present (settings false)" time="0.004365417">
            <system-out>
[Config] authType: undefined, AuthType.OPENAI_COMPATIBLE: openai-compatible
[Config] LOCAL_LLM_MODEL: undefined, localModel: undefined
[Config] GEMINI_MODEL: undefined, DEFAULT_GEMINI_MODEL: gemini-2.5-pro
[Config] Final modelName: gemini-2.5-pro

[Config] getModel() returning initial model: gemini-2.5-pro

            </system-out>
        </testcase>
        <testcase classname="src/config/config.test.ts" name="loadCliConfig telemetry &gt; should prioritize --telemetry CLI flag (true) over settings (false)" time="0.003754334">
            <system-out>
[Config] authType: undefined, AuthType.OPENAI_COMPATIBLE: openai-compatible
[Config] LOCAL_LLM_MODEL: undefined, localModel: undefined
[Config] GEMINI_MODEL: undefined, DEFAULT_GEMINI_MODEL: gemini-2.5-pro
[Config] Final modelName: gemini-2.5-pro

[Config] getModel() returning initial model: gemini-2.5-pro

            </system-out>
        </testcase>
        <testcase classname="src/config/config.test.ts" name="loadCliConfig telemetry &gt; should prioritize --no-telemetry CLI flag (false) over settings (true)" time="0.00610725">
            <system-out>
[Config] authType: undefined, AuthType.OPENAI_COMPATIBLE: openai-compatible
[Config] LOCAL_LLM_MODEL: undefined, localModel: undefined
[Config] GEMINI_MODEL: undefined, DEFAULT_GEMINI_MODEL: gemini-2.5-pro
[Config] Final modelName: gemini-2.5-pro

[Config] getModel() returning initial model: gemini-2.5-pro

            </system-out>
        </testcase>
        <testcase classname="src/config/config.test.ts" name="loadCliConfig telemetry &gt; should use telemetry OTLP endpoint from settings if CLI flag is not present" time="0.003941625">
            <system-out>
[Config] authType: undefined, AuthType.OPENAI_COMPATIBLE: openai-compatible
[Config] LOCAL_LLM_MODEL: undefined, localModel: undefined
[Config] GEMINI_MODEL: undefined, DEFAULT_GEMINI_MODEL: gemini-2.5-pro
[Config] Final modelName: gemini-2.5-pro

[Config] getModel() returning initial model: gemini-2.5-pro

            </system-out>
        </testcase>
        <testcase classname="src/config/config.test.ts" name="loadCliConfig telemetry &gt; should prioritize --telemetry-otlp-endpoint CLI flag over settings" time="0.008540417">
            <system-out>
[Config] authType: undefined, AuthType.OPENAI_COMPATIBLE: openai-compatible
[Config] LOCAL_LLM_MODEL: undefined, localModel: undefined
[Config] GEMINI_MODEL: undefined, DEFAULT_GEMINI_MODEL: gemini-2.5-pro
[Config] Final modelName: gemini-2.5-pro

[Config] getModel() returning initial model: gemini-2.5-pro

            </system-out>
        </testcase>
        <testcase classname="src/config/config.test.ts" name="loadCliConfig telemetry &gt; should use default endpoint if no OTLP endpoint is provided via CLI or settings" time="0.010231459">
            <system-out>
[Config] authType: undefined, AuthType.OPENAI_COMPATIBLE: openai-compatible
[Config] LOCAL_LLM_MODEL: undefined, localModel: undefined
[Config] GEMINI_MODEL: undefined, DEFAULT_GEMINI_MODEL: gemini-2.5-pro
[Config] Final modelName: gemini-2.5-pro

[Config] getModel() returning initial model: gemini-2.5-pro

            </system-out>
        </testcase>
        <testcase classname="src/config/config.test.ts" name="loadCliConfig telemetry &gt; should use telemetry target from settings if CLI flag is not present" time="0.006850583">
            <system-out>
[Config] authType: undefined, AuthType.OPENAI_COMPATIBLE: openai-compatible
[Config] LOCAL_LLM_MODEL: undefined, localModel: undefined
[Config] GEMINI_MODEL: undefined, DEFAULT_GEMINI_MODEL: gemini-2.5-pro
[Config] Final modelName: gemini-2.5-pro

[Config] getModel() returning initial model: gemini-2.5-pro

            </system-out>
        </testcase>
        <testcase classname="src/config/config.test.ts" name="loadCliConfig telemetry &gt; should prioritize --telemetry-target CLI flag over settings" time="0.004637916">
            <system-out>
[Config] authType: undefined, AuthType.OPENAI_COMPATIBLE: openai-compatible
[Config] LOCAL_LLM_MODEL: undefined, localModel: undefined
[Config] GEMINI_MODEL: undefined, DEFAULT_GEMINI_MODEL: gemini-2.5-pro
[Config] Final modelName: gemini-2.5-pro

[Config] getModel() returning initial model: gemini-2.5-pro

            </system-out>
        </testcase>
        <testcase classname="src/config/config.test.ts" name="loadCliConfig telemetry &gt; should use default target if no target is provided via CLI or settings" time="0.003728709">
            <system-out>
[Config] authType: undefined, AuthType.OPENAI_COMPATIBLE: openai-compatible
[Config] LOCAL_LLM_MODEL: undefined, localModel: undefined
[Config] GEMINI_MODEL: undefined, DEFAULT_GEMINI_MODEL: gemini-2.5-pro
[Config] Final modelName: gemini-2.5-pro

[Config] getModel() returning initial model: gemini-2.5-pro

            </system-out>
        </testcase>
        <testcase classname="src/config/config.test.ts" name="loadCliConfig telemetry &gt; should use telemetry log prompts from settings if CLI flag is not present" time="0.007066292">
            <system-out>
[Config] authType: undefined, AuthType.OPENAI_COMPATIBLE: openai-compatible
[Config] LOCAL_LLM_MODEL: undefined, localModel: undefined
[Config] GEMINI_MODEL: undefined, DEFAULT_GEMINI_MODEL: gemini-2.5-pro
[Config] Final modelName: gemini-2.5-pro

[Config] getModel() returning initial model: gemini-2.5-pro

            </system-out>
        </testcase>
        <testcase classname="src/config/config.test.ts" name="loadCliConfig telemetry &gt; should prioritize --telemetry-log-prompts CLI flag (true) over settings (false)" time="0.00476125">
            <system-out>
[Config] authType: undefined, AuthType.OPENAI_COMPATIBLE: openai-compatible
[Config] LOCAL_LLM_MODEL: undefined, localModel: undefined
[Config] GEMINI_MODEL: undefined, DEFAULT_GEMINI_MODEL: gemini-2.5-pro
[Config] Final modelName: gemini-2.5-pro

[Config] getModel() returning initial model: gemini-2.5-pro

            </system-out>
        </testcase>
        <testcase classname="src/config/config.test.ts" name="loadCliConfig telemetry &gt; should prioritize --no-telemetry-log-prompts CLI flag (false) over settings (true)" time="0.004420958">
            <system-out>
[Config] authType: undefined, AuthType.OPENAI_COMPATIBLE: openai-compatible
[Config] LOCAL_LLM_MODEL: undefined, localModel: undefined
[Config] GEMINI_MODEL: undefined, DEFAULT_GEMINI_MODEL: gemini-2.5-pro
[Config] Final modelName: gemini-2.5-pro

[Config] getModel() returning initial model: gemini-2.5-pro

            </system-out>
        </testcase>
        <testcase classname="src/config/config.test.ts" name="loadCliConfig telemetry &gt; should use default log prompts (true) if no value is provided via CLI or settings" time="0.005674916">
            <system-out>
[Config] authType: undefined, AuthType.OPENAI_COMPATIBLE: openai-compatible
[Config] LOCAL_LLM_MODEL: undefined, localModel: undefined
[Config] GEMINI_MODEL: undefined, DEFAULT_GEMINI_MODEL: gemini-2.5-pro
[Config] Final modelName: gemini-2.5-pro

[Config] getModel() returning initial model: gemini-2.5-pro

            </system-out>
        </testcase>
        <testcase classname="src/config/config.test.ts" name="Hierarchical Memory Loading (config.ts) - Placeholder Suite &gt; should pass extension context file paths to loadServerHierarchicalMemory" time="0.004758542">
            <system-out>
[Config] authType: undefined, AuthType.OPENAI_COMPATIBLE: openai-compatible
[Config] LOCAL_LLM_MODEL: undefined, localModel: undefined
[Config] GEMINI_MODEL: undefined, DEFAULT_GEMINI_MODEL: gemini-2.5-pro
[Config] Final modelName: gemini-2.5-pro

[Config] getModel() returning initial model: gemini-2.5-pro

            </system-out>
        </testcase>
        <testcase classname="src/config/config.test.ts" name="mergeMcpServers &gt; should not modify the original settings object" time="0.008532875">
            <system-out>
[Config] authType: undefined, AuthType.OPENAI_COMPATIBLE: openai-compatible
[Config] LOCAL_LLM_MODEL: undefined, localModel: undefined
[Config] GEMINI_MODEL: undefined, DEFAULT_GEMINI_MODEL: gemini-2.5-pro
[Config] Final modelName: gemini-2.5-pro

[Config] getModel() returning initial model: gemini-2.5-pro

            </system-out>
        </testcase>
        <testcase classname="src/config/config.test.ts" name="mergeExcludeTools &gt; should merge excludeTools from settings and extensions" time="0.005066417">
            <system-out>
[Config] authType: undefined, AuthType.OPENAI_COMPATIBLE: openai-compatible
[Config] LOCAL_LLM_MODEL: undefined, localModel: undefined
[Config] GEMINI_MODEL: undefined, DEFAULT_GEMINI_MODEL: gemini-2.5-pro
[Config] Final modelName: gemini-2.5-pro

[Config] getModel() returning initial model: gemini-2.5-pro

            </system-out>
        </testcase>
        <testcase classname="src/config/config.test.ts" name="mergeExcludeTools &gt; should handle overlapping excludeTools between settings and extensions" time="0.005056708">
            <system-out>
[Config] authType: undefined, AuthType.OPENAI_COMPATIBLE: openai-compatible
[Config] LOCAL_LLM_MODEL: undefined, localModel: undefined
[Config] GEMINI_MODEL: undefined, DEFAULT_GEMINI_MODEL: gemini-2.5-pro
[Config] Final modelName: gemini-2.5-pro

[Config] getModel() returning initial model: gemini-2.5-pro

            </system-out>
        </testcase>
        <testcase classname="src/config/config.test.ts" name="mergeExcludeTools &gt; should handle overlapping excludeTools between extensions" time="0.004925458">
            <system-out>
[Config] authType: undefined, AuthType.OPENAI_COMPATIBLE: openai-compatible
[Config] LOCAL_LLM_MODEL: undefined, localModel: undefined
[Config] GEMINI_MODEL: undefined, DEFAULT_GEMINI_MODEL: gemini-2.5-pro
[Config] Final modelName: gemini-2.5-pro

[Config] getModel() returning initial model: gemini-2.5-pro

            </system-out>
        </testcase>
        <testcase classname="src/config/config.test.ts" name="mergeExcludeTools &gt; should return an empty array when no excludeTools are specified" time="0.004132417">
            <system-out>
[Config] authType: undefined, AuthType.OPENAI_COMPATIBLE: openai-compatible
[Config] LOCAL_LLM_MODEL: undefined, localModel: undefined
[Config] GEMINI_MODEL: undefined, DEFAULT_GEMINI_MODEL: gemini-2.5-pro
[Config] Final modelName: gemini-2.5-pro

[Config] getModel() returning initial model: gemini-2.5-pro

            </system-out>
        </testcase>
        <testcase classname="src/config/config.test.ts" name="mergeExcludeTools &gt; should handle settings with excludeTools but no extensions" time="0.007411041">
            <system-out>
[Config] authType: undefined, AuthType.OPENAI_COMPATIBLE: openai-compatible
[Config] LOCAL_LLM_MODEL: undefined, localModel: undefined
[Config] GEMINI_MODEL: undefined, DEFAULT_GEMINI_MODEL: gemini-2.5-pro
[Config] Final modelName: gemini-2.5-pro

[Config] getModel() returning initial model: gemini-2.5-pro

            </system-out>
        </testcase>
        <testcase classname="src/config/config.test.ts" name="mergeExcludeTools &gt; should handle extensions with excludeTools but no settings" time="0.003791208">
            <system-out>
[Config] authType: undefined, AuthType.OPENAI_COMPATIBLE: openai-compatible
[Config] LOCAL_LLM_MODEL: undefined, localModel: undefined
[Config] GEMINI_MODEL: undefined, DEFAULT_GEMINI_MODEL: gemini-2.5-pro
[Config] Final modelName: gemini-2.5-pro

[Config] getModel() returning initial model: gemini-2.5-pro

            </system-out>
        </testcase>
        <testcase classname="src/config/config.test.ts" name="mergeExcludeTools &gt; should not modify the original settings object" time="0.0049265">
            <system-out>
[Config] authType: undefined, AuthType.OPENAI_COMPATIBLE: openai-compatible
[Config] LOCAL_LLM_MODEL: undefined, localModel: undefined
[Config] GEMINI_MODEL: undefined, DEFAULT_GEMINI_MODEL: gemini-2.5-pro
[Config] Final modelName: gemini-2.5-pro

[Config] getModel() returning initial model: gemini-2.5-pro

            </system-out>
        </testcase>
        <testcase classname="src/config/config.test.ts" name="loadCliConfig with allowed-mcp-server-names &gt; should allow all MCP servers if the flag is not provided" time="0.003547583">
            <system-out>
[Config] authType: undefined, AuthType.OPENAI_COMPATIBLE: openai-compatible
[Config] LOCAL_LLM_MODEL: undefined, localModel: undefined
[Config] GEMINI_MODEL: undefined, DEFAULT_GEMINI_MODEL: gemini-2.5-pro
[Config] Final modelName: gemini-2.5-pro

[Config] getModel() returning initial model: gemini-2.5-pro

            </system-out>
        </testcase>
        <testcase classname="src/config/config.test.ts" name="loadCliConfig with allowed-mcp-server-names &gt; should allow only the specified MCP server" time="0.004827917">
            <system-out>
[Config] authType: undefined, AuthType.OPENAI_COMPATIBLE: openai-compatible
[Config] LOCAL_LLM_MODEL: undefined, localModel: undefined
[Config] GEMINI_MODEL: undefined, DEFAULT_GEMINI_MODEL: gemini-2.5-pro
[Config] Final modelName: gemini-2.5-pro

[Config] getModel() returning initial model: gemini-2.5-pro

            </system-out>
        </testcase>
        <testcase classname="src/config/config.test.ts" name="loadCliConfig with allowed-mcp-server-names &gt; should allow multiple specified MCP servers" time="0.006917417">
            <system-out>
[Config] authType: undefined, AuthType.OPENAI_COMPATIBLE: openai-compatible
[Config] LOCAL_LLM_MODEL: undefined, localModel: undefined
[Config] GEMINI_MODEL: undefined, DEFAULT_GEMINI_MODEL: gemini-2.5-pro
[Config] Final modelName: gemini-2.5-pro

[Config] getModel() returning initial model: gemini-2.5-pro

            </system-out>
        </testcase>
        <testcase classname="src/config/config.test.ts" name="loadCliConfig with allowed-mcp-server-names &gt; should handle server names that do not exist" time="0.005695542">
            <system-out>
[Config] authType: undefined, AuthType.OPENAI_COMPATIBLE: openai-compatible
[Config] LOCAL_LLM_MODEL: undefined, localModel: undefined
[Config] GEMINI_MODEL: undefined, DEFAULT_GEMINI_MODEL: gemini-2.5-pro
[Config] Final modelName: gemini-2.5-pro

[Config] getModel() returning initial model: gemini-2.5-pro

            </system-out>
        </testcase>
        <testcase classname="src/config/config.test.ts" name="loadCliConfig with allowed-mcp-server-names &gt; should allow no MCP servers if the flag is provided but empty" time="0.010236083">
            <system-out>
[Config] authType: undefined, AuthType.OPENAI_COMPATIBLE: openai-compatible
[Config] LOCAL_LLM_MODEL: undefined, localModel: undefined
[Config] GEMINI_MODEL: undefined, DEFAULT_GEMINI_MODEL: gemini-2.5-pro
[Config] Final modelName: gemini-2.5-pro

[Config] getModel() returning initial model: gemini-2.5-pro

            </system-out>
        </testcase>
        <testcase classname="src/config/config.test.ts" name="loadCliConfig with allowed-mcp-server-names &gt; should read allowMCPServers from settings" time="0.005749917">
            <system-out>
[Config] authType: undefined, AuthType.OPENAI_COMPATIBLE: openai-compatible
[Config] LOCAL_LLM_MODEL: undefined, localModel: undefined
[Config] GEMINI_MODEL: undefined, DEFAULT_GEMINI_MODEL: gemini-2.5-pro
[Config] Final modelName: gemini-2.5-pro

[Config] getModel() returning initial model: gemini-2.5-pro

            </system-out>
        </testcase>
        <testcase classname="src/config/config.test.ts" name="loadCliConfig with allowed-mcp-server-names &gt; should read excludeMCPServers from settings" time="0.004213375">
            <system-out>
[Config] authType: undefined, AuthType.OPENAI_COMPATIBLE: openai-compatible
[Config] LOCAL_LLM_MODEL: undefined, localModel: undefined
[Config] GEMINI_MODEL: undefined, DEFAULT_GEMINI_MODEL: gemini-2.5-pro
[Config] Final modelName: gemini-2.5-pro

[Config] getModel() returning initial model: gemini-2.5-pro

            </system-out>
        </testcase>
        <testcase classname="src/config/config.test.ts" name="loadCliConfig with allowed-mcp-server-names &gt; should override allowMCPServers with excludeMCPServers if overlapping " time="0.006485208">
            <system-out>
[Config] authType: undefined, AuthType.OPENAI_COMPATIBLE: openai-compatible
[Config] LOCAL_LLM_MODEL: undefined, localModel: undefined
[Config] GEMINI_MODEL: undefined, DEFAULT_GEMINI_MODEL: gemini-2.5-pro
[Config] Final modelName: gemini-2.5-pro

[Config] getModel() returning initial model: gemini-2.5-pro

            </system-out>
        </testcase>
        <testcase classname="src/config/config.test.ts" name="loadCliConfig with allowed-mcp-server-names &gt; should prioritize mcp server flag if set " time="0.007467542">
            <system-out>
[Config] authType: undefined, AuthType.OPENAI_COMPATIBLE: openai-compatible
[Config] LOCAL_LLM_MODEL: undefined, localModel: undefined
[Config] GEMINI_MODEL: undefined, DEFAULT_GEMINI_MODEL: gemini-2.5-pro
[Config] Final modelName: gemini-2.5-pro

[Config] getModel() returning initial model: gemini-2.5-pro

            </system-out>
        </testcase>
        <testcase classname="src/config/config.test.ts" name="loadCliConfig extensions &gt; should not filter extensions if --extensions flag is not used" time="0.003679959">
            <system-out>
[Config] authType: undefined, AuthType.OPENAI_COMPATIBLE: openai-compatible
[Config] LOCAL_LLM_MODEL: undefined, localModel: undefined
[Config] GEMINI_MODEL: undefined, DEFAULT_GEMINI_MODEL: gemini-2.5-pro
[Config] Final modelName: gemini-2.5-pro

[Config] getModel() returning initial model: gemini-2.5-pro

            </system-out>
        </testcase>
        <testcase classname="src/config/config.test.ts" name="loadCliConfig extensions &gt; should filter extensions if --extensions flag is used" time="0.004157625">
            <system-out>
Activated extension: ext1 (version: 1.0.0)
Disabled extension: ext2

[Config] authType: undefined, AuthType.OPENAI_COMPATIBLE: openai-compatible
[Config] LOCAL_LLM_MODEL: undefined, localModel: undefined
[Config] GEMINI_MODEL: undefined, DEFAULT_GEMINI_MODEL: gemini-2.5-pro
[Config] Final modelName: gemini-2.5-pro

[Config] getModel() returning initial model: gemini-2.5-pro

            </system-out>
        </testcase>
        <testcase classname="src/config/config.test.ts" name="loadCliConfig ideMode &gt; should be false by default" time="0.004493208">
            <system-out>
[Config] authType: undefined, AuthType.OPENAI_COMPATIBLE: openai-compatible
[Config] LOCAL_LLM_MODEL: undefined, localModel: undefined
[Config] GEMINI_MODEL: undefined, DEFAULT_GEMINI_MODEL: gemini-2.5-pro
[Config] Final modelName: gemini-2.5-pro

[Config] getModel() returning initial model: gemini-2.5-pro

            </system-out>
        </testcase>
        <testcase classname="src/config/config.test.ts" name="loadCliConfig ideMode &gt; should be false if --ide-mode is true but TERM_PROGRAM is not vscode" time="0.008619625">
            <system-out>
[Config] authType: undefined, AuthType.OPENAI_COMPATIBLE: openai-compatible
[Config] LOCAL_LLM_MODEL: undefined, localModel: undefined
[Config] GEMINI_MODEL: undefined, DEFAULT_GEMINI_MODEL: gemini-2.5-pro
[Config] Final modelName: gemini-2.5-pro

[Config] getModel() returning initial model: gemini-2.5-pro

            </system-out>
        </testcase>
        <testcase classname="src/config/config.test.ts" name="loadCliConfig ideMode &gt; should be false if settings.ideMode is true but TERM_PROGRAM is not vscode" time="0.00464">
            <system-out>
[Config] authType: undefined, AuthType.OPENAI_COMPATIBLE: openai-compatible
[Config] LOCAL_LLM_MODEL: undefined, localModel: undefined
[Config] GEMINI_MODEL: undefined, DEFAULT_GEMINI_MODEL: gemini-2.5-pro
[Config] Final modelName: gemini-2.5-pro

[Config] getModel() returning initial model: gemini-2.5-pro

            </system-out>
        </testcase>
        <testcase classname="src/config/config.test.ts" name="loadCliConfig ideMode &gt; should be true when --ide-mode is set and TERM_PROGRAM is vscode" time="0.005853833">
            <system-out>
[Config] authType: undefined, AuthType.OPENAI_COMPATIBLE: openai-compatible
[Config] LOCAL_LLM_MODEL: undefined, localModel: undefined
[Config] GEMINI_MODEL: undefined, DEFAULT_GEMINI_MODEL: gemini-2.5-pro
[Config] Final modelName: gemini-2.5-pro

[Config] getModel() returning initial model: gemini-2.5-pro

            </system-out>
        </testcase>
        <testcase classname="src/config/config.test.ts" name="loadCliConfig ideMode &gt; should be true when settings.ideMode is true and TERM_PROGRAM is vscode" time="0.003421667">
            <system-out>
[Config] authType: undefined, AuthType.OPENAI_COMPATIBLE: openai-compatible
[Config] LOCAL_LLM_MODEL: undefined, localModel: undefined
[Config] GEMINI_MODEL: undefined, DEFAULT_GEMINI_MODEL: gemini-2.5-pro
[Config] Final modelName: gemini-2.5-pro

[Config] getModel() returning initial model: gemini-2.5-pro

            </system-out>
        </testcase>
        <testcase classname="src/config/config.test.ts" name="loadCliConfig ideMode &gt; should prioritize --ide-mode (true) over settings (false) when TERM_PROGRAM is vscode" time="0.003646459">
            <system-out>
[Config] authType: undefined, AuthType.OPENAI_COMPATIBLE: openai-compatible
[Config] LOCAL_LLM_MODEL: undefined, localModel: undefined
[Config] GEMINI_MODEL: undefined, DEFAULT_GEMINI_MODEL: gemini-2.5-pro
[Config] Final modelName: gemini-2.5-pro

[Config] getModel() returning initial model: gemini-2.5-pro

            </system-out>
        </testcase>
        <testcase classname="src/config/config.test.ts" name="loadCliConfig ideMode &gt; should prioritize --no-ide-mode (false) over settings (true) even when TERM_PROGRAM is vscode" time="0.003829584">
            <system-out>
[Config] authType: undefined, AuthType.OPENAI_COMPATIBLE: openai-compatible
[Config] LOCAL_LLM_MODEL: undefined, localModel: undefined
[Config] GEMINI_MODEL: undefined, DEFAULT_GEMINI_MODEL: gemini-2.5-pro
[Config] Final modelName: gemini-2.5-pro

[Config] getModel() returning initial model: gemini-2.5-pro

            </system-out>
        </testcase>
        <testcase classname="src/config/config.test.ts" name="loadCliConfig ideMode &gt; should be false when --ide-mode is true, TERM_PROGRAM is vscode, but SANDBOX is set" time="0.003327375">
            <system-out>
[Config] authType: undefined, AuthType.OPENAI_COMPATIBLE: openai-compatible
[Config] LOCAL_LLM_MODEL: undefined, localModel: undefined
[Config] GEMINI_MODEL: undefined, DEFAULT_GEMINI_MODEL: gemini-2.5-pro
[Config] Final modelName: gemini-2.5-pro

[Config] getModel() returning initial model: gemini-2.5-pro

            </system-out>
        </testcase>
        <testcase classname="src/config/config.test.ts" name="loadCliConfig ideMode &gt; should be false when settings.ideMode is true, TERM_PROGRAM is vscode, but SANDBOX is set" time="0.00282175">
            <system-out>
[Config] authType: undefined, AuthType.OPENAI_COMPATIBLE: openai-compatible
[Config] LOCAL_LLM_MODEL: undefined, localModel: undefined
[Config] GEMINI_MODEL: undefined, DEFAULT_GEMINI_MODEL: gemini-2.5-pro
[Config] Final modelName: gemini-2.5-pro

[Config] getModel() returning initial model: gemini-2.5-pro

            </system-out>
        </testcase>
        <testcase classname="src/config/config.test.ts" name="loadCliConfig ideMode &gt; should add _ide_server when ideMode is true" time="0.004619958">
            <system-out>
[Config] authType: undefined, AuthType.OPENAI_COMPATIBLE: openai-compatible
[Config] LOCAL_LLM_MODEL: undefined, localModel: undefined
[Config] GEMINI_MODEL: undefined, DEFAULT_GEMINI_MODEL: gemini-2.5-pro
[Config] Final modelName: gemini-2.5-pro

[Config] getModel() returning initial model: gemini-2.5-pro

            </system-out>
        </testcase>
        <testcase classname="src/config/config.test.ts" name="loadCliConfig ideMode &gt; should throw an error if ideMode is true and no port is set" time="0.0055445">
            <system-out>
[Config] authType: undefined, AuthType.OPENAI_COMPATIBLE: openai-compatible
[Config] LOCAL_LLM_MODEL: undefined, localModel: undefined
[Config] GEMINI_MODEL: undefined, DEFAULT_GEMINI_MODEL: gemini-2.5-pro
[Config] Final modelName: gemini-2.5-pro

            </system-out>
        </testcase>
        <testcase classname="src/config/config.test.ts" name="loadCliConfig ideMode &gt; should warn and overwrite if settings contain the reserved _ide_server name and ideMode is active" time="0.006602584">
            <system-out>
[Config] authType: undefined, AuthType.OPENAI_COMPATIBLE: openai-compatible
[Config] LOCAL_LLM_MODEL: undefined, localModel: undefined
[Config] GEMINI_MODEL: undefined, DEFAULT_GEMINI_MODEL: gemini-2.5-pro
[Config] Final modelName: gemini-2.5-pro

[Config] getModel() returning initial model: gemini-2.5-pro

            </system-out>
        </testcase>
        <testcase classname="src/config/config.test.ts" name="loadCliConfig ideMode &gt; should NOT warn if settings contain the reserved _ide_server name and ideMode is NOT active" time="0.004920333">
            <system-out>
[Config] authType: undefined, AuthType.OPENAI_COMPATIBLE: openai-compatible
[Config] LOCAL_LLM_MODEL: undefined, localModel: undefined
[Config] GEMINI_MODEL: undefined, DEFAULT_GEMINI_MODEL: gemini-2.5-pro
[Config] Final modelName: gemini-2.5-pro

[Config] getModel() returning initial model: gemini-2.5-pro

            </system-out>
        </testcase>
    </testsuite>
    <testsuite name="src/config/extension.test.ts" timestamp="2025-08-11T04:30:27.414Z" hostname="63accec1df8b" tests="7" failures="1" errors="0" skipped="0" time="0.022540125">
        <testcase classname="src/config/extension.test.ts" name="loadExtensions &gt; should load context file path when GEMINI.md is present" time="0.016236125">
            <system-out>
Loading extension: ext1 (version: 1.0.0)
Loading extension: ext2 (version: 2.0.0)

            </system-out>
            <failure message="expected [] to deeply equal [ Array(1) ]" type="AssertionError">
AssertionError: expected [] to deeply equal [ Array(1) ]

- Expected
+ Received

- [
-   &quot;/tmp/gemini-cli-test-workspace-fNnMF3/.gemini/extensions/ext1/GEMINI.md&quot;,
- ]
+ []

 ❯ src/config/extension.test.ts:59:32
            </failure>
        </testcase>
        <testcase classname="src/config/extension.test.ts" name="loadExtensions &gt; should load context file path from the extension config" time="0.002072667">
            <system-out>
Loading extension: ext1 (version: 1.0.0)

            </system-out>
        </testcase>
        <testcase classname="src/config/extension.test.ts" name="filterActiveExtensions &gt; should return all extensions if no enabled extensions are provided" time="0.000156375">
        </testcase>
        <testcase classname="src/config/extension.test.ts" name="filterActiveExtensions &gt; should return only the enabled extensions" time="0.0002685">
            <system-out>
Activated extension: ext1 (version: 1.0.0)
Disabled extension: ext2
Activated extension: ext3 (version: 1.0.0)

            </system-out>
        </testcase>
        <testcase classname="src/config/extension.test.ts" name="filterActiveExtensions &gt; should return no extensions when &quot;none&quot; is provided" time="0.000111375">
            <system-out>
All extensions are disabled.

            </system-out>
        </testcase>
        <testcase classname="src/config/extension.test.ts" name="filterActiveExtensions &gt; should handle case-insensitivity" time="0.000144375">
            <system-out>
Activated extension: ext1 (version: 1.0.0)
Disabled extension: ext2
Disabled extension: ext3

            </system-out>
        </testcase>
        <testcase classname="src/config/extension.test.ts" name="filterActiveExtensions &gt; should log an error for unknown extensions" time="0.002343958">
        </testcase>
    </testsuite>
    <testsuite name="src/config/settings.test.ts" timestamp="2025-08-11T04:30:27.418Z" hostname="63accec1df8b" tests="25" failures="0" errors="0" skipped="0" time="0.014475625">
        <testcase classname="src/config/settings.test.ts" name="Settings Loading and Merging &gt; loadSettings &gt; should load empty settings if no files exist" time="0.001851208">
        </testcase>
        <testcase classname="src/config/settings.test.ts" name="Settings Loading and Merging &gt; loadSettings &gt; should load system settings if only system file exists" time="0.001014584">
        </testcase>
        <testcase classname="src/config/settings.test.ts" name="Settings Loading and Merging &gt; loadSettings &gt; should load user settings if only user file exists" time="0.000782958">
        </testcase>
        <testcase classname="src/config/settings.test.ts" name="Settings Loading and Merging &gt; loadSettings &gt; should load workspace settings if only workspace file exists" time="0.000609208">
        </testcase>
        <testcase classname="src/config/settings.test.ts" name="Settings Loading and Merging &gt; loadSettings &gt; should merge user and workspace settings, with workspace taking precedence" time="0.000954958">
        </testcase>
        <testcase classname="src/config/settings.test.ts" name="Settings Loading and Merging &gt; loadSettings &gt; should merge system, user and workspace settings, with system taking precedence over workspace, and workspace over user" time="0.000596459">
        </testcase>
        <testcase classname="src/config/settings.test.ts" name="Settings Loading and Merging &gt; loadSettings &gt; should handle contextFileName correctly when only in user settings" time="0.000374917">
        </testcase>
        <testcase classname="src/config/settings.test.ts" name="Settings Loading and Merging &gt; loadSettings &gt; should handle contextFileName correctly when only in workspace settings" time="0.000244584">
        </testcase>
        <testcase classname="src/config/settings.test.ts" name="Settings Loading and Merging &gt; loadSettings &gt; should default contextFileName to undefined if not in any settings file" time="0.000424542">
        </testcase>
        <testcase classname="src/config/settings.test.ts" name="Settings Loading and Merging &gt; loadSettings &gt; should load telemetry setting from user settings" time="0.000278542">
        </testcase>
        <testcase classname="src/config/settings.test.ts" name="Settings Loading and Merging &gt; loadSettings &gt; should load telemetry setting from workspace settings" time="0.000232125">
        </testcase>
        <testcase classname="src/config/settings.test.ts" name="Settings Loading and Merging &gt; loadSettings &gt; should prioritize workspace telemetry setting over user setting" time="0.00043625">
        </testcase>
        <testcase classname="src/config/settings.test.ts" name="Settings Loading and Merging &gt; loadSettings &gt; should have telemetry as undefined if not in any settings file" time="0.000244083">
        </testcase>
        <testcase classname="src/config/settings.test.ts" name="Settings Loading and Merging &gt; loadSettings &gt; should handle JSON parsing errors gracefully" time="0.000762459">
        </testcase>
        <testcase classname="src/config/settings.test.ts" name="Settings Loading and Merging &gt; loadSettings &gt; should resolve environment variables in user settings" time="0.000325208">
        </testcase>
        <testcase classname="src/config/settings.test.ts" name="Settings Loading and Merging &gt; loadSettings &gt; should resolve environment variables in workspace settings" time="0.000271041">
        </testcase>
        <testcase classname="src/config/settings.test.ts" name="Settings Loading and Merging &gt; loadSettings &gt; should prioritize user env variables over workspace env variables if keys clash after resolution" time="0.000456666">
        </testcase>
        <testcase classname="src/config/settings.test.ts" name="Settings Loading and Merging &gt; loadSettings &gt; should prioritize workspace env variables over user env variables if keys clash after resolution" time="0.000497375">
        </testcase>
        <testcase classname="src/config/settings.test.ts" name="Settings Loading and Merging &gt; loadSettings &gt; should prioritize system env variables over workspace env variables if keys clash after resolution" time="0.000661375">
        </testcase>
        <testcase classname="src/config/settings.test.ts" name="Settings Loading and Merging &gt; loadSettings &gt; should leave unresolved environment variables as is" time="0.000304625">
        </testcase>
        <testcase classname="src/config/settings.test.ts" name="Settings Loading and Merging &gt; loadSettings &gt; should resolve multiple environment variables in a single string" time="0.000449833">
        </testcase>
        <testcase classname="src/config/settings.test.ts" name="Settings Loading and Merging &gt; loadSettings &gt; should resolve environment variables in arrays" time="0.000317083">
        </testcase>
        <testcase classname="src/config/settings.test.ts" name="Settings Loading and Merging &gt; loadSettings &gt; should correctly pass through null, boolean, and number types, and handle undefined properties" time="0.000522375">
        </testcase>
        <testcase classname="src/config/settings.test.ts" name="Settings Loading and Merging &gt; loadSettings &gt; should resolve multiple concatenated environment variables in a single string value" time="0.000371083">
        </testcase>
        <testcase classname="src/config/settings.test.ts" name="Settings Loading and Merging &gt; LoadedSettings class &gt; setValue should update the correct scope and recompute merged settings" time="0.00060625">
        </testcase>
    </testsuite>
    <testsuite name="src/services/CommandService.test.ts" timestamp="2025-08-11T04:30:27.423Z" hostname="63accec1df8b" tests="6" failures="0" errors="0" skipped="0" time="0.003994833">
        <testcase classname="src/services/CommandService.test.ts" name="CommandService &gt; when using default production loader &gt; should initialize with an empty command tree" time="0.000961917">
        </testcase>
        <testcase classname="src/services/CommandService.test.ts" name="CommandService &gt; when using default production loader &gt; loadCommands &gt; should load the built-in commands into the command tree" time="0.001163291">
        </testcase>
        <testcase classname="src/services/CommandService.test.ts" name="CommandService &gt; when using default production loader &gt; loadCommands &gt; should include ide command when ideMode is on" time="0.000190084">
        </testcase>
        <testcase classname="src/services/CommandService.test.ts" name="CommandService &gt; when using default production loader &gt; loadCommands &gt; should overwrite any existing commands when called again" time="0.000108875">
        </testcase>
        <testcase classname="src/services/CommandService.test.ts" name="CommandService &gt; when using default production loader &gt; getCommandTree &gt; should return the current command tree" time="0.000505083">
        </testcase>
        <testcase classname="src/services/CommandService.test.ts" name="CommandService &gt; when initialized with an injected loader function &gt; should use the provided loader instead of the built-in one" time="0.000296792">
        </testcase>
    </testsuite>
    <testsuite name="src/test-utils/mockCommandContext.test.ts" timestamp="2025-08-11T04:30:27.425Z" hostname="63accec1df8b" tests="3" failures="0" errors="0" skipped="0" time="0.002652458">
        <testcase classname="src/test-utils/mockCommandContext.test.ts" name="createMockCommandContext &gt; should return a valid CommandContext object with default mocks" time="0.001429792">
        </testcase>
        <testcase classname="src/test-utils/mockCommandContext.test.ts" name="createMockCommandContext &gt; should apply top-level overrides correctly" time="0.000368083">
        </testcase>
        <testcase classname="src/test-utils/mockCommandContext.test.ts" name="createMockCommandContext &gt; should apply deeply nested overrides correctly" time="0.000195917">
        </testcase>
    </testsuite>
    <testsuite name="src/ui/App.test.tsx" timestamp="2025-08-11T04:30:27.426Z" hostname="63accec1df8b" tests="16" failures="13" errors="0" skipped="0" time="0.575838458">
        <testcase classname="src/ui/App.test.tsx" name="App UI &gt; should display default &quot;GEMINI.md&quot; in footer when contextFileName is not set and count is 1" time="0.131409416">
            <failure message="expected &apos;\n  ERROR  MemoryManager not initiali…&apos; to contain &apos;Using 1 GEMINI.md file&apos;" type="AssertionError">
AssertionError: expected &apos;\n  ERROR  MemoryManager not initiali…&apos; to contain &apos;Using 1 GEMINI.md file&apos;

- Expected
+ Received

- Using 1 GEMINI.md file
+
+   ERROR  MemoryManager not initialized. Please provide config on first call.
+
+  src/memory/memoryManager.ts:239:11
+
+  236:   }
+  237:
+  238:   if (!memoryManagerInstance) {
+  239:     throw new Error(&apos;MemoryManager not initialized. Please provide config on first call.&apos;);
+  240:   }
+  241:
+  242:   return memoryManagerInstance;
+
+  - getMemoryManager (src/memory/memoryManager.ts:239:11)
+  - useMemoryIntegration (src/ui/hooks/useMemoryIntegration.ts:16:32)
+  - App (src/ui/App.tsx:126:7)
+  -Object.react-stack-bottom- (/agents/node_modules/react-reconciler/cjs/react-reconciler.developmen
+   rame                      t.js:15859:20)
+  -renderWithHooks (/agents/node_modules/react-reconciler/cjs/react-reconciler.development.js:3221:2
+                  2)
+  -updateFunctionCompone (/agents/node_modules/react-reconciler/cjs/react-reconciler.development.js:
+   t                    6475:19)
+  - beginWork (/agents/node_modules/react-reconciler/cjs/react-reconciler.development.js:8009:18)
+  -runWithFiberInDEV (/agents/node_modules/react-reconciler/cjs/react-reconciler.development.js:1738
+                    :13)
+  -performUnitOfWor (/agents/node_modules/react-reconciler/cjs/react-reconciler.development.js:12834
+                   :22)
+  -workLoopSync (/agents/node_modules/react-reconciler/cjs/react-reconciler.development.js:12644:41)
+
+  -renderRootSync (/agents/node_modules/react-reconciler/cjs/react-reconciler.development.js:12624:1
+                 1)
+  -performWorkOnRoo (/agents/node_modules/react-reconciler/cjs/react-reconciler.development.js:12135
+                   :44)
+  -performSyncWorkOnRoo (/agents/node_modules/react-reconciler/cjs/react-reconciler.development.js:2
+                       446:7)
+  -flushSyncWorkAcrossRoots_ (/agents/node_modules/react-reconciler/cjs/react-reconciler.development
+   mpl                      .js:2294:21)
+  -Object.flushSyncWor (/agents/node_modules/react-reconciler/cjs/react-reconciler.development.js:12
+                      394:12)
+  - Ink.render (file:///agents/node_modules/ink/src/ink.tsx:226:14)
+

 ❯ src/ui/App.test.tsx:277:25
            </failure>
        </testcase>
        <testcase classname="src/ui/App.test.tsx" name="App UI &gt; should display default &quot;GEMINI.md&quot; with plural when contextFileName is not set and count is &gt; 1" time="0.032696">
            <failure message="expected &apos;\n  ERROR  MemoryManager not initiali…&apos; to contain &apos;Using 2 GEMINI.md files&apos;" type="AssertionError">
AssertionError: expected &apos;\n  ERROR  MemoryManager not initiali…&apos; to contain &apos;Using 2 GEMINI.md files&apos;

- Expected
+ Received

- Using 2 GEMINI.md files
+
+   ERROR  MemoryManager not initialized. Please provide config on first call.
+
+  src/memory/memoryManager.ts:239:11
+
+  236:   }
+  237:
+  238:   if (!memoryManagerInstance) {
+  239:     throw new Error(&apos;MemoryManager not initialized. Please provide config on first call.&apos;);
+  240:   }
+  241:
+  242:   return memoryManagerInstance;
+
+  - getMemoryManager (src/memory/memoryManager.ts:239:11)
+  - useMemoryIntegration (src/ui/hooks/useMemoryIntegration.ts:16:32)
+  - App (src/ui/App.tsx:126:7)
+  -Object.react-stack-bottom- (/agents/node_modules/react-reconciler/cjs/react-reconciler.developmen
+   rame                      t.js:15859:20)
+  -renderWithHooks (/agents/node_modules/react-reconciler/cjs/react-reconciler.development.js:3221:2
+                  2)
+  -updateFunctionCompone (/agents/node_modules/react-reconciler/cjs/react-reconciler.development.js:
+   t                    6475:19)
+  - beginWork (/agents/node_modules/react-reconciler/cjs/react-reconciler.development.js:8009:18)
+  -runWithFiberInDEV (/agents/node_modules/react-reconciler/cjs/react-reconciler.development.js:1738
+                    :13)
+  -performUnitOfWor (/agents/node_modules/react-reconciler/cjs/react-reconciler.development.js:12834
+                   :22)
+  -workLoopSync (/agents/node_modules/react-reconciler/cjs/react-reconciler.development.js:12644:41)
+
+  -renderRootSync (/agents/node_modules/react-reconciler/cjs/react-reconciler.development.js:12624:1
+                 1)
+  -performWorkOnRoo (/agents/node_modules/react-reconciler/cjs/react-reconciler.development.js:12135
+                   :44)
+  -performSyncWorkOnRoo (/agents/node_modules/react-reconciler/cjs/react-reconciler.development.js:2
+                       446:7)
+  -flushSyncWorkAcrossRoots_ (/agents/node_modules/react-reconciler/cjs/react-reconciler.development
+   mpl                      .js:2294:21)
+  -Object.flushSyncWor (/agents/node_modules/react-reconciler/cjs/react-reconciler.development.js:12
+                      394:12)
+  - Ink.render (file:///agents/node_modules/ink/src/ink.tsx:226:14)
+

 ❯ src/ui/App.test.tsx:294:25
            </failure>
        </testcase>
        <testcase classname="src/ui/App.test.tsx" name="App UI &gt; should display custom contextFileName in footer when set and count is 1" time="0.026370042">
            <failure message="expected &apos;\n  ERROR  MemoryManager not initiali…&apos; to contain &apos;Using 1 AGENTS.md file&apos;" type="AssertionError">
AssertionError: expected &apos;\n  ERROR  MemoryManager not initiali…&apos; to contain &apos;Using 1 AGENTS.md file&apos;

- Expected
+ Received

- Using 1 AGENTS.md file
+
+   ERROR  MemoryManager not initialized. Please provide config on first call.
+
+  src/memory/memoryManager.ts:239:11
+
+  236:   }
+  237:
+  238:   if (!memoryManagerInstance) {
+  239:     throw new Error(&apos;MemoryManager not initialized. Please provide config on first call.&apos;);
+  240:   }
+  241:
+  242:   return memoryManagerInstance;
+
+  - getMemoryManager (src/memory/memoryManager.ts:239:11)
+  - useMemoryIntegration (src/ui/hooks/useMemoryIntegration.ts:16:32)
+  - App (src/ui/App.tsx:126:7)
+  -Object.react-stack-bottom- (/agents/node_modules/react-reconciler/cjs/react-reconciler.developmen
+   rame                      t.js:15859:20)
+  -renderWithHooks (/agents/node_modules/react-reconciler/cjs/react-reconciler.development.js:3221:2
+                  2)
+  -updateFunctionCompone (/agents/node_modules/react-reconciler/cjs/react-reconciler.development.js:
+   t                    6475:19)
+  - beginWork (/agents/node_modules/react-reconciler/cjs/react-reconciler.development.js:8009:18)
+  -runWithFiberInDEV (/agents/node_modules/react-reconciler/cjs/react-reconciler.development.js:1738
+                    :13)
+  -performUnitOfWor (/agents/node_modules/react-reconciler/cjs/react-reconciler.development.js:12834
+                   :22)
+  -workLoopSync (/agents/node_modules/react-reconciler/cjs/react-reconciler.development.js:12644:41)
+
+  -renderRootSync (/agents/node_modules/react-reconciler/cjs/react-reconciler.development.js:12624:1
+                 1)
+  -performWorkOnRoo (/agents/node_modules/react-reconciler/cjs/react-reconciler.development.js:12135
+                   :44)
+  -performSyncWorkOnRoo (/agents/node_modules/react-reconciler/cjs/react-reconciler.development.js:2
+                       446:7)
+  -flushSyncWorkAcrossRoots_ (/agents/node_modules/react-reconciler/cjs/react-reconciler.development
+   mpl                      .js:2294:21)
+  -Object.flushSyncWor (/agents/node_modules/react-reconciler/cjs/react-reconciler.development.js:12
+                      394:12)
+  - Ink.render (file:///agents/node_modules/ink/src/ink.tsx:226:14)
+

 ❯ src/ui/App.test.tsx:314:25
            </failure>
        </testcase>
        <testcase classname="src/ui/App.test.tsx" name="App UI &gt; should display a generic message when multiple context files with different names are provided" time="0.029883833">
            <failure message="expected &apos;\n  ERROR  MemoryManager not initiali…&apos; to contain &apos;Using 2 context files&apos;" type="AssertionError">
AssertionError: expected &apos;\n  ERROR  MemoryManager not initiali…&apos; to contain &apos;Using 2 context files&apos;

- Expected
+ Received

- Using 2 context files
+
+   ERROR  MemoryManager not initialized. Please provide config on first call.
+
+  src/memory/memoryManager.ts:239:11
+
+  236:   }
+  237:
+  238:   if (!memoryManagerInstance) {
+  239:     throw new Error(&apos;MemoryManager not initialized. Please provide config on first call.&apos;);
+  240:   }
+  241:
+  242:   return memoryManagerInstance;
+
+  - getMemoryManager (src/memory/memoryManager.ts:239:11)
+  - useMemoryIntegration (src/ui/hooks/useMemoryIntegration.ts:16:32)
+  - App (src/ui/App.tsx:126:7)
+  -Object.react-stack-bottom- (/agents/node_modules/react-reconciler/cjs/react-reconciler.developmen
+   rame                      t.js:15859:20)
+  -renderWithHooks (/agents/node_modules/react-reconciler/cjs/react-reconciler.development.js:3221:2
+                  2)
+  -updateFunctionCompone (/agents/node_modules/react-reconciler/cjs/react-reconciler.development.js:
+   t                    6475:19)
+  - beginWork (/agents/node_modules/react-reconciler/cjs/react-reconciler.development.js:8009:18)
+  -runWithFiberInDEV (/agents/node_modules/react-reconciler/cjs/react-reconciler.development.js:1738
+                    :13)
+  -performUnitOfWor (/agents/node_modules/react-reconciler/cjs/react-reconciler.development.js:12834
+                   :22)
+  -workLoopSync (/agents/node_modules/react-reconciler/cjs/react-reconciler.development.js:12644:41)
+
+  -renderRootSync (/agents/node_modules/react-reconciler/cjs/react-reconciler.development.js:12624:1
+                 1)
+  -performWorkOnRoo (/agents/node_modules/react-reconciler/cjs/react-reconciler.development.js:12135
+                   :44)
+  -performSyncWorkOnRoo (/agents/node_modules/react-reconciler/cjs/react-reconciler.development.js:2
+                       446:7)
+  -flushSyncWorkAcrossRoots_ (/agents/node_modules/react-reconciler/cjs/react-reconciler.development
+   mpl                      .js:2294:21)
+  -Object.flushSyncWor (/agents/node_modules/react-reconciler/cjs/react-reconciler.development.js:12
+                      394:12)
+  - Ink.render (file:///agents/node_modules/ink/src/ink.tsx:226:14)
+

 ❯ src/ui/App.test.tsx:337:25
            </failure>
        </testcase>
        <testcase classname="src/ui/App.test.tsx" name="App UI &gt; should display custom contextFileName with plural when set and count is &gt; 1" time="0.039666917">
            <failure message="expected &apos;\n  ERROR  MemoryManager not initiali…&apos; to contain &apos;Using 3 MY_NOTES.TXT files&apos;" type="AssertionError">
AssertionError: expected &apos;\n  ERROR  MemoryManager not initiali…&apos; to contain &apos;Using 3 MY_NOTES.TXT files&apos;

- Expected
+ Received

- Using 3 MY_NOTES.TXT files
+
+   ERROR  MemoryManager not initialized. Please provide config on first call.
+
+  src/memory/memoryManager.ts:239:11
+
+  236:   }
+  237:
+  238:   if (!memoryManagerInstance) {
+  239:     throw new Error(&apos;MemoryManager not initialized. Please provide config on first call.&apos;);
+  240:   }
+  241:
+  242:   return memoryManagerInstance;
+
+  - getMemoryManager (src/memory/memoryManager.ts:239:11)
+  - useMemoryIntegration (src/ui/hooks/useMemoryIntegration.ts:16:32)
+  - App (src/ui/App.tsx:126:7)
+  -Object.react-stack-bottom- (/agents/node_modules/react-reconciler/cjs/react-reconciler.developmen
+   rame                      t.js:15859:20)
+  -renderWithHooks (/agents/node_modules/react-reconciler/cjs/react-reconciler.development.js:3221:2
+                  2)
+  -updateFunctionCompone (/agents/node_modules/react-reconciler/cjs/react-reconciler.development.js:
+   t                    6475:19)
+  - beginWork (/agents/node_modules/react-reconciler/cjs/react-reconciler.development.js:8009:18)
+  -runWithFiberInDEV (/agents/node_modules/react-reconciler/cjs/react-reconciler.development.js:1738
+                    :13)
+  -performUnitOfWor (/agents/node_modules/react-reconciler/cjs/react-reconciler.development.js:12834
+                   :22)
+  -workLoopSync (/agents/node_modules/react-reconciler/cjs/react-reconciler.development.js:12644:41)
+
+  -renderRootSync (/agents/node_modules/react-reconciler/cjs/react-reconciler.development.js:12624:1
+                 1)
+  -performWorkOnRoo (/agents/node_modules/react-reconciler/cjs/react-reconciler.development.js:12135
+                   :44)
+  -performSyncWorkOnRoo (/agents/node_modules/react-reconciler/cjs/react-reconciler.development.js:2
+                       446:7)
+  -flushSyncWorkAcrossRoots_ (/agents/node_modules/react-reconciler/cjs/react-reconciler.development
+   mpl                      .js:2294:21)
+  -Object.flushSyncWor (/agents/node_modules/react-reconciler/cjs/react-reconciler.development.js:12
+                      394:12)
+  - Ink.render (file:///agents/node_modules/ink/src/ink.tsx:226:14)
+

 ❯ src/ui/App.test.tsx:357:25
            </failure>
        </testcase>
        <testcase classname="src/ui/App.test.tsx" name="App UI &gt; should not display context file message if count is 0, even if contextFileName is set" time="0.031523334">
        </testcase>
        <testcase classname="src/ui/App.test.tsx" name="App UI &gt; should display GEMINI.md and MCP server count when both are present" time="0.025806083">
            <failure message="expected &apos;\n  ERROR  MemoryManager not initiali…&apos; to contain &apos;server&apos;" type="AssertionError">
AssertionError: expected &apos;\n  ERROR  MemoryManager not initiali…&apos; to contain &apos;server&apos;

- Expected
+ Received

- server
+
+   ERROR  MemoryManager not initialized. Please provide config on first call.
+
+  src/memory/memoryManager.ts:239:11
+
+  236:   }
+  237:
+  238:   if (!memoryManagerInstance) {
+  239:     throw new Error(&apos;MemoryManager not initialized. Please provide config on first call.&apos;);
+  240:   }
+  241:
+  242:   return memoryManagerInstance;
+
+  - getMemoryManager (src/memory/memoryManager.ts:239:11)
+  - useMemoryIntegration (src/ui/hooks/useMemoryIntegration.ts:16:32)
+  - App (src/ui/App.tsx:126:7)
+  -Object.react-stack-bottom- (/agents/node_modules/react-reconciler/cjs/react-reconciler.developmen
+   rame                      t.js:15859:20)
+  -renderWithHooks (/agents/node_modules/react-reconciler/cjs/react-reconciler.development.js:3221:2
+                  2)
+  -updateFunctionCompone (/agents/node_modules/react-reconciler/cjs/react-reconciler.development.js:
+   t                    6475:19)
+  - beginWork (/agents/node_modules/react-reconciler/cjs/react-reconciler.development.js:8009:18)
+  -runWithFiberInDEV (/agents/node_modules/react-reconciler/cjs/react-reconciler.development.js:1738
+                    :13)
+  -performUnitOfWor (/agents/node_modules/react-reconciler/cjs/react-reconciler.development.js:12834
+                   :22)
+  -workLoopSync (/agents/node_modules/react-reconciler/cjs/react-reconciler.development.js:12644:41)
+
+  -renderRootSync (/agents/node_modules/react-reconciler/cjs/react-reconciler.development.js:12624:1
+                 1)
+  -performWorkOnRoo (/agents/node_modules/react-reconciler/cjs/react-reconciler.development.js:12135
+                   :44)
+  -performSyncWorkOnRoo (/agents/node_modules/react-reconciler/cjs/react-reconciler.development.js:2
+                       446:7)
+  -flushSyncWorkAcrossRoots_ (/agents/node_modules/react-reconciler/cjs/react-reconciler.development
+   mpl                      .js:2294:21)
+  -Object.flushSyncWor (/agents/node_modules/react-reconciler/cjs/react-reconciler.development.js:12
+                      394:12)
+  - Ink.render (file:///agents/node_modules/ink/src/ink.tsx:226:14)
+

 ❯ src/ui/App.test.tsx:397:25
            </failure>
        </testcase>
        <testcase classname="src/ui/App.test.tsx" name="App UI &gt; should display only MCP server count when GEMINI.md count is 0" time="0.023642708">
            <failure message="expected &apos;\n  ERROR  MemoryManager not initiali…&apos; to contain &apos;Using 2 MCP servers&apos;" type="AssertionError">
AssertionError: expected &apos;\n  ERROR  MemoryManager not initiali…&apos; to contain &apos;Using 2 MCP servers&apos;

- Expected
+ Received

- Using 2 MCP servers
+
+   ERROR  MemoryManager not initialized. Please provide config on first call.
+
+  src/memory/memoryManager.ts:239:11
+
+  236:   }
+  237:
+  238:   if (!memoryManagerInstance) {
+  239:     throw new Error(&apos;MemoryManager not initialized. Please provide config on first call.&apos;);
+  240:   }
+  241:
+  242:   return memoryManagerInstance;
+
+  - getMemoryManager (src/memory/memoryManager.ts:239:11)
+  - useMemoryIntegration (src/ui/hooks/useMemoryIntegration.ts:16:32)
+  - App (src/ui/App.tsx:126:7)
+  -Object.react-stack-bottom- (/agents/node_modules/react-reconciler/cjs/react-reconciler.developmen
+   rame                      t.js:15859:20)
+  -renderWithHooks (/agents/node_modules/react-reconciler/cjs/react-reconciler.development.js:3221:2
+                  2)
+  -updateFunctionCompone (/agents/node_modules/react-reconciler/cjs/react-reconciler.development.js:
+   t                    6475:19)
+  - beginWork (/agents/node_modules/react-reconciler/cjs/react-reconciler.development.js:8009:18)
+  -runWithFiberInDEV (/agents/node_modules/react-reconciler/cjs/react-reconciler.development.js:1738
+                    :13)
+  -performUnitOfWor (/agents/node_modules/react-reconciler/cjs/react-reconciler.development.js:12834
+                   :22)
+  -workLoopSync (/agents/node_modules/react-reconciler/cjs/react-reconciler.development.js:12644:41)
+
+  -renderRootSync (/agents/node_modules/react-reconciler/cjs/react-reconciler.development.js:12624:1
+                 1)
+  -performWorkOnRoo (/agents/node_modules/react-reconciler/cjs/react-reconciler.development.js:12135
+                   :44)
+  -performSyncWorkOnRoo (/agents/node_modules/react-reconciler/cjs/react-reconciler.development.js:2
+                       446:7)
+  -flushSyncWorkAcrossRoots_ (/agents/node_modules/react-reconciler/cjs/react-reconciler.development
+   mpl                      .js:2294:21)
+  -Object.flushSyncWor (/agents/node_modules/react-reconciler/cjs/react-reconciler.development.js:12
+                      394:12)
+  - Ink.render (file:///agents/node_modules/ink/src/ink.tsx:226:14)
+

 ❯ src/ui/App.test.tsx:418:25
            </failure>
        </testcase>
        <testcase classname="src/ui/App.test.tsx" name="App UI &gt; should display Tips component by default" time="0.028900292">
            <failure message="expected &quot;spy&quot; to be called at least once" type="AssertionError">
AssertionError: expected &quot;spy&quot; to be called at least once
 ❯ src/ui/App.test.tsx:431:29
            </failure>
        </testcase>
        <testcase classname="src/ui/App.test.tsx" name="App UI &gt; should not display Tips component when hideTips is true" time="0.023482209">
        </testcase>
        <testcase classname="src/ui/App.test.tsx" name="App UI &gt; should display Header component by default" time="0.030895291">
            <failure message="expected &quot;spy&quot; to be called at least once" type="AssertionError">
AssertionError: expected &quot;spy&quot; to be called at least once
 ❯ src/ui/App.test.tsx:464:31
            </failure>
        </testcase>
        <testcase classname="src/ui/App.test.tsx" name="App UI &gt; should not display Header component when hideBanner is true" time="0.022631">
        </testcase>
        <testcase classname="src/ui/App.test.tsx" name="App UI &gt; should show tips if system says show, but workspace and user settings say hide" time="0.020913">
            <failure message="expected &quot;spy&quot; to be called at least once" type="AssertionError">
AssertionError: expected &quot;spy&quot; to be called at least once
 ❯ src/ui/App.test.tsx:501:29
            </failure>
        </testcase>
        <testcase classname="src/ui/App.test.tsx" name="App UI &gt; when no theme is set &gt; should display theme dialog if NO_COLOR is not set" time="0.032297042">
            <failure message="expected &apos;\n  ERROR  MemoryManager not initiali…&apos; to contain &apos;Select Theme&apos;" type="AssertionError">
AssertionError: expected &apos;\n  ERROR  MemoryManager not initiali…&apos; to contain &apos;Select Theme&apos;

- Expected
+ Received

- Select Theme
+
+   ERROR  MemoryManager not initialized. Please provide config on first call.
+
+  src/memory/memoryManager.ts:239:11
+
+  236:   }
+  237:
+  238:   if (!memoryManagerInstance) {
+  239:     throw new Error(&apos;MemoryManager not initialized. Please provide config on first call.&apos;);
+  240:   }
+  241:
+  242:   return memoryManagerInstance;
+
+  - getMemoryManager (src/memory/memoryManager.ts:239:11)
+  - useMemoryIntegration (src/ui/hooks/useMemoryIntegration.ts:16:32)
+  - App (src/ui/App.tsx:126:7)
+  -Object.react-stack-bottom- (/agents/node_modules/react-reconciler/cjs/react-reconciler.developmen
+   rame                      t.js:15859:20)
+  -renderWithHooks (/agents/node_modules/react-reconciler/cjs/react-reconciler.development.js:3221:2
+                  2)
+  -updateFunctionCompone (/agents/node_modules/react-reconciler/cjs/react-reconciler.development.js:
+   t                    6475:19)
+  - beginWork (/agents/node_modules/react-reconciler/cjs/react-reconciler.development.js:8009:18)
+  -runWithFiberInDEV (/agents/node_modules/react-reconciler/cjs/react-reconciler.development.js:1738
+                    :13)
+  -performUnitOfWor (/agents/node_modules/react-reconciler/cjs/react-reconciler.development.js:12834
+                   :22)
+  -workLoopSync (/agents/node_modules/react-reconciler/cjs/react-reconciler.development.js:12644:41)
+
+  -renderRootSync (/agents/node_modules/react-reconciler/cjs/react-reconciler.development.js:12624:1
+                 1)
+  -performWorkOnRoo (/agents/node_modules/react-reconciler/cjs/react-reconciler.development.js:12135
+                   :44)
+  -performSyncWorkOnRoo (/agents/node_modules/react-reconciler/cjs/react-reconciler.development.js:2
+                       446:7)
+  -flushSyncWorkAcrossRoots_ (/agents/node_modules/react-reconciler/cjs/react-reconciler.development
+   mpl                      .js:2294:21)
+  -Object.flushSyncWor (/agents/node_modules/react-reconciler/cjs/react-reconciler.development.js:12
+                      394:12)
+  - Ink.render (file:///agents/node_modules/ink/src/ink.tsx:226:14)
+

 ❯ src/ui/App.test.tsx:531:27
            </failure>
        </testcase>
        <testcase classname="src/ui/App.test.tsx" name="App UI &gt; when no theme is set &gt; should display a message if NO_COLOR is set" time="0.023011667">
            <failure message="expected &apos;\n  ERROR  MemoryManager not initiali…&apos; to contain &apos;Theme configuration unavailable due t…&apos;" type="AssertionError">
AssertionError: expected &apos;\n  ERROR  MemoryManager not initiali…&apos; to contain &apos;Theme configuration unavailable due t…&apos;

- Expected
+ Received

- Theme configuration unavailable due to NO_COLOR env variable.
+
+   ERROR  MemoryManager not initialized. Please provide config on first call.
+
+  src/memory/memoryManager.ts:239:11
+
+  236:   }
+  237:
+  238:   if (!memoryManagerInstance) {
+  239:     throw new Error(&apos;MemoryManager not initialized. Please provide config on first call.&apos;);
+  240:   }
+  241:
+  242:   return memoryManagerInstance;
+
+  - getMemoryManager (src/memory/memoryManager.ts:239:11)
+  - useMemoryIntegration (src/ui/hooks/useMemoryIntegration.ts:16:32)
+  - App (src/ui/App.tsx:126:7)
+  -Object.react-stack-bottom- (/agents/node_modules/react-reconciler/cjs/react-reconciler.developmen
+   rame                      t.js:15859:20)
+  -renderWithHooks (/agents/node_modules/react-reconciler/cjs/react-reconciler.development.js:3221:2
+                  2)
+  -updateFunctionCompone (/agents/node_modules/react-reconciler/cjs/react-reconciler.development.js:
+   t                    6475:19)
+  - beginWork (/agents/node_modules/react-reconciler/cjs/react-reconciler.development.js:8009:18)
+  -runWithFiberInDEV (/agents/node_modules/react-reconciler/cjs/react-reconciler.development.js:1738
+                    :13)
+  -performUnitOfWor (/agents/node_modules/react-reconciler/cjs/react-reconciler.development.js:12834
+                   :22)
+  -workLoopSync (/agents/node_modules/react-reconciler/cjs/react-reconciler.development.js:12644:41)
+
+  -renderRootSync (/agents/node_modules/react-reconciler/cjs/react-reconciler.development.js:12624:1
+                 1)
+  -performWorkOnRoo (/agents/node_modules/react-reconciler/cjs/react-reconciler.development.js:12135
+                   :44)
+  -performSyncWorkOnRoo (/agents/node_modules/react-reconciler/cjs/react-reconciler.development.js:2
+                       446:7)
+  -flushSyncWorkAcrossRoots_ (/agents/node_modules/react-reconciler/cjs/react-reconciler.development
+   mpl                      .js:2294:21)
+  -Object.flushSyncWor (/agents/node_modules/react-reconciler/cjs/react-reconciler.development.js:12
+                      394:12)
+  - Ink.render (file:///agents/node_modules/ink/src/ink.tsx:226:14)
+

 ❯ src/ui/App.test.tsx:546:27
            </failure>
        </testcase>
        <testcase classname="src/ui/App.test.tsx" name="App UI &gt; with initial prompt from --prompt-interactive &gt; should submit the initial prompt automatically" time="0.051730833">
            <failure message="expected &quot;spy&quot; to be called with arguments: [ &apos;hello from prompt-interactive&apos; ][90m

Number of calls: [1m0[22m
[39m" type="AssertionError">
AssertionError: expected &quot;spy&quot; to be called with arguments: [ &apos;hello from prompt-interactive&apos; ]

Number of calls: 0

 ❯ src/ui/App.test.tsx:591:31
            </failure>
        </testcase>
    </testsuite>
    <testsuite name="src/utils/startupWarnings.test.ts" timestamp="2025-08-11T04:30:27.435Z" hostname="63accec1df8b" tests="4" failures="0" errors="0" skipped="4" time="0">
        <testcase classname="src/utils/startupWarnings.test.ts" name="startupWarnings &gt; should return warnings from the file and delete it" time="0">
            <skipped/>
        </testcase>
        <testcase classname="src/utils/startupWarnings.test.ts" name="startupWarnings &gt; should return an empty array if the file does not exist" time="0">
            <skipped/>
        </testcase>
        <testcase classname="src/utils/startupWarnings.test.ts" name="startupWarnings &gt; should return an error message if reading the file fails" time="0">
            <skipped/>
        </testcase>
        <testcase classname="src/utils/startupWarnings.test.ts" name="startupWarnings &gt; should return a warning if deleting the file fails" time="0">
            <skipped/>
        </testcase>
    </testsuite>
    <testsuite name="src/utils/userStartupWarnings.test.ts" timestamp="2025-08-11T04:30:27.437Z" hostname="63accec1df8b" tests="3" failures="0" errors="0" skipped="0" time="0.002341417">
        <testcase classname="src/utils/userStartupWarnings.test.ts" name="getUserStartupWarnings &gt; home directory check &gt; should return a warning when running in home directory" time="0.001266">
        </testcase>
        <testcase classname="src/utils/userStartupWarnings.test.ts" name="getUserStartupWarnings &gt; home directory check &gt; should not return a warning when running in a project directory" time="0.000159458">
        </testcase>
        <testcase classname="src/utils/userStartupWarnings.test.ts" name="getUserStartupWarnings &gt; home directory check &gt; should handle errors when checking directory" time="0.000190375">
        </testcase>
    </testsuite>
    <testsuite name="src/ui/commands/aboutCommand.test.ts" timestamp="2025-08-11T04:30:27.438Z" hostname="63accec1df8b" tests="4" failures="0" errors="0" skipped="0" time="0.004714959">
        <testcase classname="src/ui/commands/aboutCommand.test.ts" name="aboutCommand &gt; should have the correct name and description" time="0.001389084">
        </testcase>
        <testcase classname="src/ui/commands/aboutCommand.test.ts" name="aboutCommand &gt; should call addItem with all version info" time="0.00176875">
        </testcase>
        <testcase classname="src/ui/commands/aboutCommand.test.ts" name="aboutCommand &gt; should show the correct sandbox environment variable" time="0.000612584">
        </testcase>
        <testcase classname="src/ui/commands/aboutCommand.test.ts" name="aboutCommand &gt; should show sandbox-exec profile when applicable" time="0.000267292">
        </testcase>
    </testsuite>
    <testsuite name="src/ui/commands/authCommand.test.ts" timestamp="2025-08-11T04:30:27.439Z" hostname="63accec1df8b" tests="2" failures="0" errors="0" skipped="0" time="0.002858458">
        <testcase classname="src/ui/commands/authCommand.test.ts" name="authCommand &gt; should return a dialog action to open the auth dialog" time="0.001822083">
        </testcase>
        <testcase classname="src/ui/commands/authCommand.test.ts" name="authCommand &gt; should have the correct name and description" time="0.000276833">
        </testcase>
    </testsuite>
    <testsuite name="src/ui/commands/bugCommand.test.ts" timestamp="2025-08-11T04:30:27.440Z" hostname="63accec1df8b" tests="2" failures="0" errors="0" skipped="0" time="0.003578">
        <testcase classname="src/ui/commands/bugCommand.test.ts" name="bugCommand &gt; should generate the default GitHub issue URL" time="0.002353958">
        </testcase>
        <testcase classname="src/ui/commands/bugCommand.test.ts" name="bugCommand &gt; should use a custom URL template from config if provided" time="0.00046175">
        </testcase>
    </testsuite>
    <testsuite name="src/ui/commands/chatCommand.test.ts" timestamp="2025-08-11T04:30:27.440Z" hostname="63accec1df8b" tests="11" failures="0" errors="0" skipped="0" time="0.007181083">
        <testcase classname="src/ui/commands/chatCommand.test.ts" name="chatCommand &gt; should have the correct main command definition" time="0.001769167">
        </testcase>
        <testcase classname="src/ui/commands/chatCommand.test.ts" name="chatCommand &gt; list subcommand &gt; should inform when no checkpoints are found" time="0.000855834">
        </testcase>
        <testcase classname="src/ui/commands/chatCommand.test.ts" name="chatCommand &gt; list subcommand &gt; should list found checkpoints" time="0.00049175">
        </testcase>
        <testcase classname="src/ui/commands/chatCommand.test.ts" name="chatCommand &gt; save subcommand &gt; should return an error if tag is missing" time="0.00031475">
        </testcase>
        <testcase classname="src/ui/commands/chatCommand.test.ts" name="chatCommand &gt; save subcommand &gt; should inform if conversation history is empty" time="0.00029225">
        </testcase>
        <testcase classname="src/ui/commands/chatCommand.test.ts" name="chatCommand &gt; save subcommand &gt; should save the conversation" time="0.000724458">
        </testcase>
        <testcase classname="src/ui/commands/chatCommand.test.ts" name="chatCommand &gt; resume subcommand &gt; should return an error if tag is missing" time="0.000349792">
        </testcase>
        <testcase classname="src/ui/commands/chatCommand.test.ts" name="chatCommand &gt; resume subcommand &gt; should inform if checkpoint is not found" time="0.000381084">
        </testcase>
        <testcase classname="src/ui/commands/chatCommand.test.ts" name="chatCommand &gt; resume subcommand &gt; should resume a conversation" time="0.000357375">
        </testcase>
        <testcase classname="src/ui/commands/chatCommand.test.ts" name="chatCommand &gt; resume subcommand &gt; completion &gt; should provide completion suggestions" time="0.000387167">
        </testcase>
        <testcase classname="src/ui/commands/chatCommand.test.ts" name="chatCommand &gt; resume subcommand &gt; completion &gt; should suggest filenames sorted by modified time (newest first)" time="0.000419834">
        </testcase>
    </testsuite>
    <testsuite name="src/ui/commands/clearCommand.test.ts" timestamp="2025-08-11T04:30:27.443Z" hostname="63accec1df8b" tests="2" failures="0" errors="0" skipped="0" time="0.00359">
        <testcase classname="src/ui/commands/clearCommand.test.ts" name="clearCommand &gt; should set debug message, reset chat, and clear UI when config is available" time="0.002465">
        </testcase>
        <testcase classname="src/ui/commands/clearCommand.test.ts" name="clearCommand &gt; should not attempt to reset chat if config service is not available" time="0.000422334">
        </testcase>
    </testsuite>
    <testsuite name="src/ui/commands/compressCommand.test.ts" timestamp="2025-08-11T04:30:27.444Z" hostname="63accec1df8b" tests="5" failures="0" errors="0" skipped="0" time="0.005555125">
        <testcase classname="src/ui/commands/compressCommand.test.ts" name="compressCommand &gt; should do nothing if a compression is already pending" time="0.003006917">
        </testcase>
        <testcase classname="src/ui/commands/compressCommand.test.ts" name="compressCommand &gt; should set pending item, call tryCompressChat, and add result on success" time="0.000882958">
        </testcase>
        <testcase classname="src/ui/commands/compressCommand.test.ts" name="compressCommand &gt; should add an error message if tryCompressChat returns falsy" time="0.000301958">
        </testcase>
        <testcase classname="src/ui/commands/compressCommand.test.ts" name="compressCommand &gt; should add an error message if tryCompressChat throws" time="0.000377541">
        </testcase>
        <testcase classname="src/ui/commands/compressCommand.test.ts" name="compressCommand &gt; should clear the pending item in a finally block" time="0.000184833">
        </testcase>
    </testsuite>
    <testsuite name="src/ui/commands/docsCommand.test.ts" timestamp="2025-08-11T04:30:27.445Z" hostname="63accec1df8b" tests="3" failures="0" errors="0" skipped="0" time="0.004103542">
        <testcase classname="src/ui/commands/docsCommand.test.ts" name="docsCommand &gt; should add an info message and call &apos;open&apos; in a non-sandbox environment" time="0.002706875">
        </testcase>
        <testcase classname="src/ui/commands/docsCommand.test.ts" name="docsCommand &gt; should only add an info message in a sandbox environment" time="0.000427292">
        </testcase>
        <testcase classname="src/ui/commands/docsCommand.test.ts" name="docsCommand &gt; should not open browser for &apos;sandbox-exec&apos;" time="0.000255833">
        </testcase>
    </testsuite>
    <testsuite name="src/ui/commands/editorCommand.test.ts" timestamp="2025-08-11T04:30:27.446Z" hostname="63accec1df8b" tests="2" failures="0" errors="0" skipped="0" time="0.002403792">
        <testcase classname="src/ui/commands/editorCommand.test.ts" name="editorCommand &gt; should return a dialog action to open the editor dialog" time="0.001593792">
        </testcase>
        <testcase classname="src/ui/commands/editorCommand.test.ts" name="editorCommand &gt; should have the correct name and description" time="0.000142083">
        </testcase>
    </testsuite>
    <testsuite name="src/ui/commands/extensionsCommand.test.ts" timestamp="2025-08-11T04:30:27.447Z" hostname="63accec1df8b" tests="2" failures="0" errors="0" skipped="0" time="0.004116542">
        <testcase classname="src/ui/commands/extensionsCommand.test.ts" name="extensionsCommand &gt; should display &quot;No active extensions.&quot; when none are found" time="0.003071583">
        </testcase>
        <testcase classname="src/ui/commands/extensionsCommand.test.ts" name="extensionsCommand &gt; should list active extensions when they are found" time="0.000328708">
        </testcase>
    </testsuite>
    <testsuite name="src/ui/commands/helpCommand.test.ts" timestamp="2025-08-11T04:30:27.447Z" hostname="63accec1df8b" tests="2" failures="0" errors="0" skipped="0" time="0.002980542">
        <testcase classname="src/ui/commands/helpCommand.test.ts" name="helpCommand &gt; should return a dialog action and log a debug message for &apos;/help&apos;" time="0.002098834">
        </testcase>
        <testcase classname="src/ui/commands/helpCommand.test.ts" name="helpCommand &gt; should also be triggered by its alternative name &apos;?&apos;" time="0.000129833">
        </testcase>
    </testsuite>
    <testsuite name="src/ui/commands/ideCommand.test.ts" timestamp="2025-08-11T04:30:27.448Z" hostname="63accec1df8b" tests="1" failures="1" errors="0" skipped="0" time="0">
        <testcase classname="src/ui/commands/ideCommand.test.ts" name="src/ui/commands/ideCommand.test.ts" time="0">
            <failure message="Failed to resolve import &quot;@google/gemini-cli-core&quot; from &quot;src/ui/commands/ideCommand.test.ts&quot;. Does the file exist?" type="Error">
Error: Failed to resolve import &quot;@google/gemini-cli-core&quot; from &quot;src/ui/commands/ideCommand.test.ts&quot;. Does the file exist?
  Plugin: vite:import-analysis
  File: /agents/packages/cli/src/ui/commands/ideCommand.test.ts:14:0
  12 |  const __vi_import_1__ = await import(&quot;child_process&quot;);
  13 |  const __vi_import_2__ = await import(&quot;glob&quot;);
  14 |  const __vi_import_3__ = await import(&quot;@google/gemini-cli-core&quot;);
     |                                       ^
  15 |  /**
  16 |   * @license
 ❯ TransformPluginContext._formatLog ../../node_modules/vite/dist/node/chunks/dep-Bsx9IwL8.js:31446:43
 ❯ TransformPluginContext.error ../../node_modules/vite/dist/node/chunks/dep-Bsx9IwL8.js:31443:14
 ❯ normalizeUrl ../../node_modules/vite/dist/node/chunks/dep-Bsx9IwL8.js:29992:18
 ❯ ../../node_modules/vite/dist/node/chunks/dep-Bsx9IwL8.js:30050:32
 ❯ TransformPluginContext.transform ../../node_modules/vite/dist/node/chunks/dep-Bsx9IwL8.js:30018:4
 ❯ EnvironmentPluginContainer.transform ../../node_modules/vite/dist/node/chunks/dep-Bsx9IwL8.js:31260:14
 ❯ loadAndTransform ../../node_modules/vite/dist/node/chunks/dep-Bsx9IwL8.js:26434:26
            </failure>
        </testcase>
    </testsuite>
    <testsuite name="src/ui/commands/mcpCommand.test.ts" timestamp="2025-08-11T04:30:27.449Z" hostname="63accec1df8b" tests="1" failures="1" errors="0" skipped="0" time="0">
        <testcase classname="src/ui/commands/mcpCommand.test.ts" name="src/ui/commands/mcpCommand.test.ts" time="0">
            <failure message="Failed to resolve import &quot;@google/gemini-cli-core&quot; from &quot;src/ui/commands/mcpCommand.test.ts&quot;. Does the file exist?" type="Error">
Error: Failed to resolve import &quot;@google/gemini-cli-core&quot; from &quot;src/ui/commands/mcpCommand.test.ts&quot;. Does the file exist?
  Plugin: vite:import-analysis
  File: /agents/packages/cli/src/ui/commands/mcpCommand.test.ts:10:0
  12 |  const __vi_import_0__ = await import(&quot;./mcpCommand.js&quot;);
  13 |  const __vi_import_1__ = await import(&quot;../../test-utils/mockCommandContext.js&quot;);
  14 |  const __vi_import_2__ = await import(&quot;@google/gemini-cli-core&quot;);
     |                                       ^
  15 |  const __vi_import_3__ = await import(&quot;open&quot;);
  16 |  const __vi_import_4__ = await import(&quot;@google/genai&quot;);
 ❯ TransformPluginContext._formatLog ../../node_modules/vite/dist/node/chunks/dep-Bsx9IwL8.js:31446:43
 ❯ TransformPluginContext.error ../../node_modules/vite/dist/node/chunks/dep-Bsx9IwL8.js:31443:14
 ❯ normalizeUrl ../../node_modules/vite/dist/node/chunks/dep-Bsx9IwL8.js:29992:18
 ❯ ../../node_modules/vite/dist/node/chunks/dep-Bsx9IwL8.js:30050:32
 ❯ TransformPluginContext.transform ../../node_modules/vite/dist/node/chunks/dep-Bsx9IwL8.js:30018:4
 ❯ EnvironmentPluginContainer.transform ../../node_modules/vite/dist/node/chunks/dep-Bsx9IwL8.js:31260:14
 ❯ loadAndTransform ../../node_modules/vite/dist/node/chunks/dep-Bsx9IwL8.js:26434:26
            </failure>
        </testcase>
    </testsuite>
    <testsuite name="src/ui/commands/memoryCommand.test.ts" timestamp="2025-08-11T04:30:27.450Z" hostname="63accec1df8b" tests="8" failures="0" errors="0" skipped="0" time="0.006270375">
        <testcase classname="src/ui/commands/memoryCommand.test.ts" name="memoryCommand &gt; /memory show &gt; should display a message if memory is empty" time="0.002573708">
        </testcase>
        <testcase classname="src/ui/commands/memoryCommand.test.ts" name="memoryCommand &gt; /memory show &gt; should display the memory content and file count if it exists" time="0.000350917">
        </testcase>
        <testcase classname="src/ui/commands/memoryCommand.test.ts" name="memoryCommand &gt; /memory add &gt; should return an error message if no arguments are provided" time="0.000337292">
        </testcase>
        <testcase classname="src/ui/commands/memoryCommand.test.ts" name="memoryCommand &gt; /memory add &gt; should return a tool action and add an info message when arguments are provided" time="0.000244959">
        </testcase>
        <testcase classname="src/ui/commands/memoryCommand.test.ts" name="memoryCommand &gt; /memory refresh &gt; should display success message when memory is refreshed with content" time="0.000398917">
        </testcase>
        <testcase classname="src/ui/commands/memoryCommand.test.ts" name="memoryCommand &gt; /memory refresh &gt; should display success message when memory is refreshed with no content" time="0.000223542">
        </testcase>
        <testcase classname="src/ui/commands/memoryCommand.test.ts" name="memoryCommand &gt; /memory refresh &gt; should display an error message if refreshing fails" time="0.000586834">
        </testcase>
        <testcase classname="src/ui/commands/memoryCommand.test.ts" name="memoryCommand &gt; /memory refresh &gt; should not throw if config service is unavailable" time="0.000722958">
        </testcase>
    </testsuite>
    <testsuite name="src/ui/commands/privacyCommand.test.ts" timestamp="2025-08-11T04:30:27.452Z" hostname="63accec1df8b" tests="2" failures="0" errors="0" skipped="0" time="0.002767833">
        <testcase classname="src/ui/commands/privacyCommand.test.ts" name="privacyCommand &gt; should return a dialog action to open the privacy dialog" time="0.00178475">
        </testcase>
        <testcase classname="src/ui/commands/privacyCommand.test.ts" name="privacyCommand &gt; should have the correct name and description" time="0.000257542">
        </testcase>
    </testsuite>
    <testsuite name="src/ui/commands/quitCommand.test.ts" timestamp="2025-08-11T04:30:27.452Z" hostname="63accec1df8b" tests="1" failures="0" errors="0" skipped="0" time="0.003820208">
        <testcase classname="src/ui/commands/quitCommand.test.ts" name="quitCommand &gt; returns a QuitActionReturn object with the correct messages" time="0.003129916">
        </testcase>
    </testsuite>
    <testsuite name="src/ui/commands/statsCommand.test.ts" timestamp="2025-08-11T04:30:27.453Z" hostname="63accec1df8b" tests="3" failures="0" errors="0" skipped="0" time="0.005054084">
        <testcase classname="src/ui/commands/statsCommand.test.ts" name="statsCommand &gt; should display general session stats when run with no subcommand" time="0.003796167">
        </testcase>
        <testcase classname="src/ui/commands/statsCommand.test.ts" name="statsCommand &gt; should display model stats when using the &quot;model&quot; subcommand" time="0.000307125">
        </testcase>
        <testcase classname="src/ui/commands/statsCommand.test.ts" name="statsCommand &gt; should display tool stats when using the &quot;tools&quot; subcommand" time="0.000238083">
        </testcase>
    </testsuite>
    <testsuite name="src/ui/commands/synapticCommand.test.ts" timestamp="2025-08-11T04:30:27.454Z" hostname="63accec1df8b" tests="17" failures="17" errors="0" skipped="0" time="0.024617291">
        <testcase classname="src/ui/commands/synapticCommand.test.ts" name="synapticCommand &gt; 引数なしでダッシュボードを表示すること" time="0.010218208">
            <failure message="expected undefined to be true // Object.is equality" type="AssertionError">
AssertionError: expected undefined to be true // Object.is equality

- Expected: 
true

+ Received: 
undefined

 ❯ src/ui/commands/synapticCommand.test.ts:45:28
            </failure>
        </testcase>
        <testcase classname="src/ui/commands/synapticCommand.test.ts" name="synapticCommand &gt; helpコマンドでヘルプメッセージを表示すること" time="0.000494333">
            <failure message="expected undefined to be true // Object.is equality" type="AssertionError">
AssertionError: expected undefined to be true // Object.is equality

- Expected: 
true

+ Received: 
undefined

 ❯ src/ui/commands/synapticCommand.test.ts:57:28
            </failure>
        </testcase>
        <testcase classname="src/ui/commands/synapticCommand.test.ts" name="synapticCommand &gt; --helpフラグでヘルプメッセージを表示すること" time="0.000231042">
            <failure message="expected undefined to be true // Object.is equality" type="AssertionError">
AssertionError: expected undefined to be true // Object.is equality

- Expected: 
true

+ Received: 
undefined

 ❯ src/ui/commands/synapticCommand.test.ts:66:28
            </failure>
        </testcase>
        <testcase classname="src/ui/commands/synapticCommand.test.ts" name="synapticCommand &gt; -hフラグでヘルプメッセージを表示すること" time="0.000179792">
            <failure message="expected undefined to be true // Object.is equality" type="AssertionError">
AssertionError: expected undefined to be true // Object.is equality

- Expected: 
true

+ Received: 
undefined

 ❯ src/ui/commands/synapticCommand.test.ts:73:28
            </failure>
        </testcase>
        <testcase classname="src/ui/commands/synapticCommand.test.ts" name="synapticCommand &gt; statusコマンドでシステム状態を表示すること" time="0.000584625">
            <failure message="expected undefined to be true // Object.is equality" type="AssertionError">
AssertionError: expected undefined to be true // Object.is equality

- Expected: 
true

+ Received: 
undefined

 ❯ src/ui/commands/synapticCommand.test.ts:109:28
            </failure>
        </testcase>
        <testcase classname="src/ui/commands/synapticCommand.test.ts" name="synapticCommand &gt; searchコマンドでメモリ検索を実行すること" time="0.000322209">
            <failure message="expected undefined to be true // Object.is equality" type="AssertionError">
AssertionError: expected undefined to be true // Object.is equality

- Expected: 
true

+ Received: 
undefined

 ❯ src/ui/commands/synapticCommand.test.ts:143:28
            </failure>
        </testcase>
        <testcase classname="src/ui/commands/synapticCommand.test.ts" name="synapticCommand &gt; 検索クエリなしでsearchコマンドを実行した場合エラーになること" time="0.000174708">
            <failure message="expected undefined to be false // Object.is equality" type="AssertionError">
AssertionError: expected undefined to be false // Object.is equality

- Expected: 
false

+ Received: 
undefined

 ❯ src/ui/commands/synapticCommand.test.ts:153:28
            </failure>
        </testcase>
        <testcase classname="src/ui/commands/synapticCommand.test.ts" name="synapticCommand &gt; activateコマンドでメモリ活性化を実行すること" time="0.000422333">
            <failure message="expected undefined to be true // Object.is equality" type="AssertionError">
AssertionError: expected undefined to be true // Object.is equality

- Expected: 
true

+ Received: 
undefined

 ❯ src/ui/commands/synapticCommand.test.ts:179:28
            </failure>
        </testcase>
        <testcase classname="src/ui/commands/synapticCommand.test.ts" name="synapticCommand &gt; メモリIDなしでactivateコマンドを実行した場合エラーになること" time="0.000191708">
            <failure message="expected undefined to be false // Object.is equality" type="AssertionError">
AssertionError: expected undefined to be false // Object.is equality

- Expected: 
false

+ Received: 
undefined

 ❯ src/ui/commands/synapticCommand.test.ts:188:28
            </failure>
        </testcase>
        <testcase classname="src/ui/commands/synapticCommand.test.ts" name="synapticCommand &gt; 存在しないサブコマンドでエラーになること" time="0.000183292">
            <failure message="expected undefined to be false // Object.is equality" type="AssertionError">
AssertionError: expected undefined to be false // Object.is equality

- Expected: 
false

+ Received: 
undefined

 ❯ src/ui/commands/synapticCommand.test.ts:195:28
            </failure>
        </testcase>
        <testcase classname="src/ui/commands/synapticCommand.test.ts" name="synapticCommand &gt; ダッシュボード表示エラーをハンドリングすること" time="0.000177333">
            <failure message="expected undefined to be false // Object.is equality" type="AssertionError">
AssertionError: expected undefined to be false // Object.is equality

- Expected: 
false

+ Received: 
undefined

 ❯ src/ui/commands/synapticCommand.test.ts:204:28
            </failure>
        </testcase>
        <testcase classname="src/ui/commands/synapticCommand.test.ts" name="synapticCommand &gt; status取得エラーをハンドリングすること" time="0.000267667">
            <failure message="expected undefined to be false // Object.is equality" type="AssertionError">
AssertionError: expected undefined to be false // Object.is equality

- Expected: 
false

+ Received: 
undefined

 ❯ src/ui/commands/synapticCommand.test.ts:221:28
            </failure>
        </testcase>
        <testcase classname="src/ui/commands/synapticCommand.test.ts" name="synapticCommand &gt; 検索エラーをハンドリングすること" time="0.000224292">
            <failure message="expected undefined to be false // Object.is equality" type="AssertionError">
AssertionError: expected undefined to be false // Object.is equality

- Expected: 
false

+ Received: 
undefined

 ❯ src/ui/commands/synapticCommand.test.ts:236:28
            </failure>
        </testcase>
        <testcase classname="src/ui/commands/synapticCommand.test.ts" name="synapticCommand &gt; 活性化エラーをハンドリングすること" time="0.000206625">
            <failure message="expected undefined to be false // Object.is equality" type="AssertionError">
AssertionError: expected undefined to be false // Object.is equality

- Expected: 
false

+ Received: 
undefined

 ❯ src/ui/commands/synapticCommand.test.ts:253:28
            </failure>
        </testcase>
        <testcase classname="src/ui/commands/synapticCommand.test.ts" name="synapticCommand &gt; 検索結果が空の場合の処理" time="0.000202291">
            <failure message="expected undefined to be true // Object.is equality" type="AssertionError">
AssertionError: expected undefined to be true // Object.is equality

- Expected: 
true

+ Received: 
undefined

 ❯ src/ui/commands/synapticCommand.test.ts:268:28
            </failure>
        </testcase>
        <testcase classname="src/ui/commands/synapticCommand.test.ts" name="synapticCommand &gt; 活性化結果が空の場合の処理" time="0.000215042">
            <failure message="expected undefined to be true // Object.is equality" type="AssertionError">
AssertionError: expected undefined to be true // Object.is equality

- Expected: 
true

+ Received: 
undefined

 ❯ src/ui/commands/synapticCommand.test.ts:285:28
            </failure>
        </testcase>
        <testcase classname="src/ui/commands/synapticCommand.test.ts" name="synapticCommand &gt; 複雑な検索クエリを正しく解析すること" time="0.00951225">
            <failure message="expected &quot;spy&quot; to be called with arguments: [ &apos;複雑な検索クエリ&apos;, 10 ][90m

Number of calls: [1m0[22m
[39m" type="AssertionError">
AssertionError: expected &quot;spy&quot; to be called with arguments: [ &apos;複雑な検索クエリ&apos;, 10 ]

Number of calls: 0

 ❯ src/ui/commands/synapticCommand.test.ts:301:34
            </failure>
        </testcase>
    </testsuite>
    <testsuite name="src/ui/commands/themeCommand.test.ts" timestamp="2025-08-11T04:30:27.464Z" hostname="63accec1df8b" tests="2" failures="0" errors="0" skipped="0" time="0.002661167">
        <testcase classname="src/ui/commands/themeCommand.test.ts" name="themeCommand &gt; should return a dialog action to open the theme dialog" time="0.001729208">
        </testcase>
        <testcase classname="src/ui/commands/themeCommand.test.ts" name="themeCommand &gt; should have the correct name and description" time="0.000227416">
        </testcase>
    </testsuite>
    <testsuite name="src/ui/commands/toolsCommand.test.ts" timestamp="2025-08-11T04:30:27.465Z" hostname="63accec1df8b" tests="4" failures="0" errors="0" skipped="0" time="0.0048395">
        <testcase classname="src/ui/commands/toolsCommand.test.ts" name="toolsCommand &gt; should display an error if the tool registry is unavailable" time="0.00294125">
        </testcase>
        <testcase classname="src/ui/commands/toolsCommand.test.ts" name="toolsCommand &gt; should display &quot;No tools available&quot; when none are found" time="0.000639458">
        </testcase>
        <testcase classname="src/ui/commands/toolsCommand.test.ts" name="toolsCommand &gt; should list tools without descriptions by default" time="0.000346125">
        </testcase>
        <testcase classname="src/ui/commands/toolsCommand.test.ts" name="toolsCommand &gt; should list tools with descriptions when &quot;desc&quot; arg is passed" time="0.000187917">
        </testcase>
    </testsuite>
    <testsuite name="src/ui/contexts/SessionContext.test.tsx" timestamp="2025-08-11T04:30:27.466Z" hostname="63accec1df8b" tests="3" failures="0" errors="0" skipped="0" time="0.023898291">
        <testcase classname="src/ui/contexts/SessionContext.test.tsx" name="SessionStatsContext &gt; should provide the correct initial state" time="0.011051834">
            <system-err>
An update to Root inside a test was not wrapped in act(...).

When testing, code that causes React state updates should be wrapped into act(...):

act(() =&gt; {
  /* fire events that update state */
});
/* assert on the output */

This ensures that you&apos;re testing the behavior the user would see in the browser. Learn more at https://react.dev/link/wrap-tests-with-act
An update to SessionStatsProvider inside a test was not wrapped in act(...).

When testing, code that causes React state updates should be wrapped into act(...):

act(() =&gt; {
  /* fire events that update state */
});
/* assert on the output */

This ensures that you&apos;re testing the behavior the user would see in the browser. Learn more at https://react.dev/link/wrap-tests-with-act

            </system-err>
        </testcase>
        <testcase classname="src/ui/contexts/SessionContext.test.tsx" name="SessionStatsContext &gt; should update metrics when the uiTelemetryService emits an update" time="0.001711916">
            <system-err>
An update to Root inside a test was not wrapped in act(...).

When testing, code that causes React state updates should be wrapped into act(...):

act(() =&gt; {
  /* fire events that update state */
});
/* assert on the output */

This ensures that you&apos;re testing the behavior the user would see in the browser. Learn more at https://react.dev/link/wrap-tests-with-act
An update to SessionStatsProvider inside a test was not wrapped in act(...).

When testing, code that causes React state updates should be wrapped into act(...):

act(() =&gt; {
  /* fire events that update state */
});
/* assert on the output */

This ensures that you&apos;re testing the behavior the user would see in the browser. Learn more at https://react.dev/link/wrap-tests-with-act
`ReactDOMTestUtils.act` is deprecated in favor of `React.act`. Import `act` from `react` instead of `react-dom/test-utils`. See https://react.dev/warnings/react-dom-test-utils for more info.

            </system-err>
        </testcase>
        <testcase classname="src/ui/contexts/SessionContext.test.tsx" name="SessionStatsContext &gt; should throw an error when useSessionStats is used outside of a provider" time="0.0102045">
        </testcase>
    </testsuite>
    <testsuite name="src/ui/components/AuthDialog.test.tsx" timestamp="2025-08-11T04:30:27.467Z" hostname="63accec1df8b" tests="10" failures="0" errors="0" skipped="0" time="0.373404125">
        <testcase classname="src/ui/components/AuthDialog.test.tsx" name="AuthDialog &gt; should show an error if the initial auth type is invalid" time="0.020383583">
        </testcase>
        <testcase classname="src/ui/components/AuthDialog.test.tsx" name="AuthDialog &gt; GEMINI_API_KEY environment variable &gt; should detect GEMINI_API_KEY environment variable" time="0.005854917">
        </testcase>
        <testcase classname="src/ui/components/AuthDialog.test.tsx" name="AuthDialog &gt; GEMINI_API_KEY environment variable &gt; should not show the GEMINI_API_KEY message if GEMINI_DEFAULT_AUTH_TYPE is set to something else" time="0.004807292">
        </testcase>
        <testcase classname="src/ui/components/AuthDialog.test.tsx" name="AuthDialog &gt; GEMINI_API_KEY environment variable &gt; should show the GEMINI_API_KEY message if GEMINI_DEFAULT_AUTH_TYPE is set to use api key" time="0.006758667">
        </testcase>
        <testcase classname="src/ui/components/AuthDialog.test.tsx" name="AuthDialog &gt; GEMINI_DEFAULT_AUTH_TYPE environment variable &gt; should select the auth type specified by GEMINI_DEFAULT_AUTH_TYPE" time="0.003390333">
        </testcase>
        <testcase classname="src/ui/components/AuthDialog.test.tsx" name="AuthDialog &gt; GEMINI_DEFAULT_AUTH_TYPE environment variable &gt; should fall back to default if GEMINI_DEFAULT_AUTH_TYPE is not set" time="0.004015667">
        </testcase>
        <testcase classname="src/ui/components/AuthDialog.test.tsx" name="AuthDialog &gt; GEMINI_DEFAULT_AUTH_TYPE environment variable &gt; should show an error and fall back to default if GEMINI_DEFAULT_AUTH_TYPE is invalid" time="0.005226125">
        </testcase>
        <testcase classname="src/ui/components/AuthDialog.test.tsx" name="AuthDialog &gt; should prevent exiting when no auth method is selected and show error message" time="0.108362">
        </testcase>
        <testcase classname="src/ui/components/AuthDialog.test.tsx" name="AuthDialog &gt; should not exit if there is already an error message" time="0.106944042">
        </testcase>
        <testcase classname="src/ui/components/AuthDialog.test.tsx" name="AuthDialog &gt; should allow exiting when auth method is already selected" time="0.106828583">
        </testcase>
    </testsuite>
    <testsuite name="src/ui/components/HistoryItemDisplay.test.tsx" timestamp="2025-08-11T04:30:27.470Z" hostname="63accec1df8b" tests="6" failures="0" errors="0" skipped="0" time="0.076298">
        <testcase classname="src/ui/components/HistoryItemDisplay.test.tsx" name="&lt;HistoryItemDisplay /&gt; &gt; renders UserMessage for &quot;user&quot; type" time="0.013809625">
        </testcase>
        <testcase classname="src/ui/components/HistoryItemDisplay.test.tsx" name="&lt;HistoryItemDisplay /&gt; &gt; renders StatsDisplay for &quot;stats&quot; type" time="0.005576625">
        </testcase>
        <testcase classname="src/ui/components/HistoryItemDisplay.test.tsx" name="&lt;HistoryItemDisplay /&gt; &gt; renders AboutBox for &quot;about&quot; type" time="0.006492791">
        </testcase>
        <testcase classname="src/ui/components/HistoryItemDisplay.test.tsx" name="&lt;HistoryItemDisplay /&gt; &gt; renders ModelStatsDisplay for &quot;model_stats&quot; type" time="0.00190425">
        </testcase>
        <testcase classname="src/ui/components/HistoryItemDisplay.test.tsx" name="&lt;HistoryItemDisplay /&gt; &gt; renders ToolStatsDisplay for &quot;tool_stats&quot; type" time="0.007425791">
        </testcase>
        <testcase classname="src/ui/components/HistoryItemDisplay.test.tsx" name="&lt;HistoryItemDisplay /&gt; &gt; renders SessionSummaryDisplay for &quot;quit&quot; type" time="0.040265208">
        </testcase>
    </testsuite>
    <testsuite name="src/ui/components/InputPrompt.test.tsx" timestamp="2025-08-11T04:30:27.471Z" hostname="63accec1df8b" tests="22" failures="0" errors="0" skipped="0" time="2.433695376">
        <testcase classname="src/ui/components/InputPrompt.test.tsx" name="InputPrompt &gt; should call shellHistory.getPreviousCommand on up arrow in shell mode" time="0.120428292">
        </testcase>
        <testcase classname="src/ui/components/InputPrompt.test.tsx" name="InputPrompt &gt; should call shellHistory.getNextCommand on down arrow in shell mode" time="0.105096458">
        </testcase>
        <testcase classname="src/ui/components/InputPrompt.test.tsx" name="InputPrompt &gt; should set the buffer text when a shell history command is retrieved" time="0.106302292">
        </testcase>
        <testcase classname="src/ui/components/InputPrompt.test.tsx" name="InputPrompt &gt; should call shellHistory.addCommandToHistory on submit in shell mode" time="0.105818625">
        </testcase>
        <testcase classname="src/ui/components/InputPrompt.test.tsx" name="InputPrompt &gt; should NOT call shell history methods when not in shell mode" time="0.207777625">
        </testcase>
        <testcase classname="src/ui/components/InputPrompt.test.tsx" name="InputPrompt &gt; clipboard image paste &gt; should handle Ctrl+V when clipboard has an image" time="0.104530625">
        </testcase>
        <testcase classname="src/ui/components/InputPrompt.test.tsx" name="InputPrompt &gt; clipboard image paste &gt; should not insert anything when clipboard has no image" time="0.104591958">
        </testcase>
        <testcase classname="src/ui/components/InputPrompt.test.tsx" name="InputPrompt &gt; clipboard image paste &gt; should handle image save failure gracefully" time="0.104945458">
        </testcase>
        <testcase classname="src/ui/components/InputPrompt.test.tsx" name="InputPrompt &gt; clipboard image paste &gt; should insert image path at cursor position with proper spacing" time="0.104162709">
        </testcase>
        <testcase classname="src/ui/components/InputPrompt.test.tsx" name="InputPrompt &gt; clipboard image paste &gt; should handle errors during clipboard operations" time="0.105483542">
        </testcase>
        <testcase classname="src/ui/components/InputPrompt.test.tsx" name="InputPrompt &gt; should complete a partial parent command and add a space" time="0.1055245">
        </testcase>
        <testcase classname="src/ui/components/InputPrompt.test.tsx" name="InputPrompt &gt; should append a sub-command when the parent command is already complete with a space" time="0.104824958">
        </testcase>
        <testcase classname="src/ui/components/InputPrompt.test.tsx" name="InputPrompt &gt; should handle the &quot;backspace&quot; edge case correctly" time="0.107022375">
        </testcase>
        <testcase classname="src/ui/components/InputPrompt.test.tsx" name="InputPrompt &gt; should complete a partial argument for a command" time="0.105218208">
        </testcase>
        <testcase classname="src/ui/components/InputPrompt.test.tsx" name="InputPrompt &gt; should autocomplete on Enter when suggestions are active, without submitting" time="0.105659625">
        </testcase>
        <testcase classname="src/ui/components/InputPrompt.test.tsx" name="InputPrompt &gt; should complete a command based on its altName" time="0.104964541">
        </testcase>
        <testcase classname="src/ui/components/InputPrompt.test.tsx" name="InputPrompt &gt; should not submit on Enter when the buffer is empty or only contains whitespace" time="0.105306417">
        </testcase>
        <testcase classname="src/ui/components/InputPrompt.test.tsx" name="InputPrompt &gt; should submit directly on Enter when a complete leaf command is typed" time="0.104694751">
        </testcase>
        <testcase classname="src/ui/components/InputPrompt.test.tsx" name="InputPrompt &gt; should autocomplete an @-path on Enter without submitting" time="0.104918667">
        </testcase>
        <testcase classname="src/ui/components/InputPrompt.test.tsx" name="InputPrompt &gt; should add a newline on enter when the line ends with a backslash" time="0.104913209">
        </testcase>
        <testcase classname="src/ui/components/InputPrompt.test.tsx" name="InputPrompt &gt; should clear the buffer on Ctrl+C if it has text" time="0.105442375">
        </testcase>
        <testcase classname="src/ui/components/InputPrompt.test.tsx" name="InputPrompt &gt; should NOT clear the buffer on Ctrl+C if it is empty" time="0.104666417">
        </testcase>
    </testsuite>
    <testsuite name="src/ui/components/LoadingIndicator.test.tsx" timestamp="2025-08-11T04:30:27.476Z" hostname="63accec1df8b" tests="11" failures="0" errors="0" skipped="0" time="0.0271925">
        <testcase classname="src/ui/components/LoadingIndicator.test.tsx" name="&lt;LoadingIndicator /&gt; &gt; should not render when streamingState is Idle" time="0.008485875">
        </testcase>
        <testcase classname="src/ui/components/LoadingIndicator.test.tsx" name="&lt;LoadingIndicator /&gt; &gt; should render spinner, phrase, and time when streamingState is Responding" time="0.00523825">
        </testcase>
        <testcase classname="src/ui/components/LoadingIndicator.test.tsx" name="&lt;LoadingIndicator /&gt; &gt; should render spinner (static), phrase but no time/cancel when streamingState is WaitingForConfirmation" time="0.001794583">
        </testcase>
        <testcase classname="src/ui/components/LoadingIndicator.test.tsx" name="&lt;LoadingIndicator /&gt; &gt; should display the currentLoadingPhrase correctly" time="0.001047667">
        </testcase>
        <testcase classname="src/ui/components/LoadingIndicator.test.tsx" name="&lt;LoadingIndicator /&gt; &gt; should display the elapsedTime correctly when Responding" time="0.001320667">
        </testcase>
        <testcase classname="src/ui/components/LoadingIndicator.test.tsx" name="&lt;LoadingIndicator /&gt; &gt; should display the elapsedTime correctly in human-readable format" time="0.001202834">
        </testcase>
        <testcase classname="src/ui/components/LoadingIndicator.test.tsx" name="&lt;LoadingIndicator /&gt; &gt; should render rightContent when provided" time="0.001037375">
        </testcase>
        <testcase classname="src/ui/components/LoadingIndicator.test.tsx" name="&lt;LoadingIndicator /&gt; &gt; should transition correctly between states using rerender" time="0.003156583">
        </testcase>
        <testcase classname="src/ui/components/LoadingIndicator.test.tsx" name="&lt;LoadingIndicator /&gt; &gt; should display fallback phrase if thought is empty" time="0.000930333">
        </testcase>
        <testcase classname="src/ui/components/LoadingIndicator.test.tsx" name="&lt;LoadingIndicator /&gt; &gt; should display the subject of a thought" time="0.001147917">
        </testcase>
        <testcase classname="src/ui/components/LoadingIndicator.test.tsx" name="&lt;LoadingIndicator /&gt; &gt; should prioritize thought.subject over currentLoadingPhrase" time="0.001064167">
        </testcase>
    </testsuite>
    <testsuite name="src/ui/components/ModelStatsDisplay.test.tsx" timestamp="2025-08-11T04:30:27.479Z" hostname="63accec1df8b" tests="6" failures="0" errors="0" skipped="0" time="0.061664834">
        <testcase classname="src/ui/components/ModelStatsDisplay.test.tsx" name="&lt;ModelStatsDisplay /&gt; &gt; should render &quot;no API calls&quot; message when there are no active models" time="0.014299542">
        </testcase>
        <testcase classname="src/ui/components/ModelStatsDisplay.test.tsx" name="&lt;ModelStatsDisplay /&gt; &gt; should not display conditional rows if no model has data for them" time="0.012960333">
        </testcase>
        <testcase classname="src/ui/components/ModelStatsDisplay.test.tsx" name="&lt;ModelStatsDisplay /&gt; &gt; should display conditional rows if at least one model has data" time="0.010178333">
        </testcase>
        <testcase classname="src/ui/components/ModelStatsDisplay.test.tsx" name="&lt;ModelStatsDisplay /&gt; &gt; should display stats for multiple models correctly" time="0.010162834">
        </testcase>
        <testcase classname="src/ui/components/ModelStatsDisplay.test.tsx" name="&lt;ModelStatsDisplay /&gt; &gt; should handle large values without wrapping or overlapping" time="0.006656416">
        </testcase>
        <testcase classname="src/ui/components/ModelStatsDisplay.test.tsx" name="&lt;ModelStatsDisplay /&gt; &gt; should display a single model correctly" time="0.006041583">
        </testcase>
    </testsuite>
    <testsuite name="src/ui/components/SessionSummaryDisplay.test.tsx" timestamp="2025-08-11T04:30:27.480Z" hostname="63accec1df8b" tests="1" failures="0" errors="0" skipped="0" time="0.0594895">
        <testcase classname="src/ui/components/SessionSummaryDisplay.test.tsx" name="&lt;SessionSummaryDisplay /&gt; &gt; renders the summary display with a title" time="0.058811959">
        </testcase>
    </testsuite>
    <testsuite name="src/ui/components/StatsDisplay.test.tsx" timestamp="2025-08-11T04:30:27.481Z" hostname="63accec1df8b" tests="10" failures="0" errors="0" skipped="0" time="0.094887417">
        <testcase classname="src/ui/components/StatsDisplay.test.tsx" name="&lt;StatsDisplay /&gt; &gt; renders only the Performance section in its zero state" time="0.016960875">
        </testcase>
        <testcase classname="src/ui/components/StatsDisplay.test.tsx" name="&lt;StatsDisplay /&gt; &gt; renders a table with two models correctly" time="0.010034708">
        </testcase>
        <testcase classname="src/ui/components/StatsDisplay.test.tsx" name="&lt;StatsDisplay /&gt; &gt; renders all sections when all data is present" time="0.008467">
        </testcase>
        <testcase classname="src/ui/components/StatsDisplay.test.tsx" name="&lt;StatsDisplay /&gt; &gt; Conditional Rendering Tests &gt; hides User Agreement when no decisions are made" time="0.005944416">
        </testcase>
        <testcase classname="src/ui/components/StatsDisplay.test.tsx" name="&lt;StatsDisplay /&gt; &gt; Conditional Rendering Tests &gt; hides Efficiency section when cache is not used" time="0.003766708">
        </testcase>
        <testcase classname="src/ui/components/StatsDisplay.test.tsx" name="&lt;StatsDisplay /&gt; &gt; Conditional Color Tests &gt; renders success rate in green for high values" time="0.003207417">
        </testcase>
        <testcase classname="src/ui/components/StatsDisplay.test.tsx" name="&lt;StatsDisplay /&gt; &gt; Conditional Color Tests &gt; renders success rate in yellow for medium values" time="0.003197458">
        </testcase>
        <testcase classname="src/ui/components/StatsDisplay.test.tsx" name="&lt;StatsDisplay /&gt; &gt; Conditional Color Tests &gt; renders success rate in red for low values" time="0.003410958">
        </testcase>
        <testcase classname="src/ui/components/StatsDisplay.test.tsx" name="&lt;StatsDisplay /&gt; &gt; Title Rendering &gt; renders the default title when no title prop is provided" time="0.002899125">
        </testcase>
        <testcase classname="src/ui/components/StatsDisplay.test.tsx" name="&lt;StatsDisplay /&gt; &gt; Title Rendering &gt; renders the custom title when a title prop is provided" time="0.036145083">
        </testcase>
    </testsuite>
    <testsuite name="src/ui/components/SynapticMemoryDashboard.test.tsx" timestamp="2025-08-11T04:30:27.483Z" hostname="63accec1df8b" tests="12" failures="12" errors="0" skipped="0" time="4.194629044">
        <testcase classname="src/ui/components/SynapticMemoryDashboard.test.tsx" name="SynapticMemoryDashboard &gt; 正常にレンダリングされること" time="0.050625042">
            <failure message="Unable to find an element with the text: Synaptic Memory Dashboard. This could be because the text is broken up by multiple elements. In this case, you can provide a function for your text matcher to make your matcher more flexible.

Ignored nodes: comments, script, style
[36m&lt;body&gt;[39m
  [36m&lt;div&gt;[39m
    [36m&lt;ink-box[39m
      [33mstyle[39m=[32m&quot;flex-wrap: nowrap; flex-direction: column; flex-grow: 0; flex-shrink: 1; width: 52px; height: 20px; padding: 1px; overflow-x: visible; overflow-y: visible;&quot;[39m
    [36m&gt;[39m
      [36m&lt;ink-box[39m
        [33mstyle[39m=[32m&quot;flex-wrap: nowrap; flex-direction: row; flex-grow: 0; flex-shrink: 1; margin-bottom: 1px; overflow-x: visible; overflow-y: visible;&quot;[39m
      [36m&gt;[39m
        [36m&lt;ink-text[39m
          [33mstyle[39m=[32m&quot;flex-grow: 0; flex-shrink: 1; flex-direction: row; text-wrap: wrap;&quot;[39m
        [36m&gt;[39m
          [0mシナプス記憶システム ダッシュボード[0m
        [36m&lt;/ink-text&gt;[39m
      [36m&lt;/ink-box&gt;[39m
      [36m&lt;ink-box[39m
        [33mstyle[39m=[32m&quot;flex-wrap: nowrap; flex-direction: row; flex-grow: 0; flex-shrink: 1; margin-bottom: 1px; overflow-x: visible; overflow-y: visible;&quot;[39m
      [36m&gt;[39m
        [36m&lt;ink-box[39m
          [33mstyle[39m=[32m&quot;flex-wrap: nowrap; flex-direction: row; flex-grow: 0; flex-shrink: 1; margin-right: 2px; overflow-x: visible; overflow-y: visible;&quot;[39m
        [36m&gt;[39m
          [36m&lt;ink-text[39m
            [33mstyle[39m=[32m&quot;flex-grow: 0; flex-shrink: 1; flex-direction: row; text-wrap: wrap;&quot;[39m
          [36m&gt;[39m
            [0m[[0m
            [0m1[0m
            [0m] [0m
            [0m記憶一覧[0m
          [36m&lt;/ink-text&gt;[39m
        [36m&lt;/ink-box&gt;[39m
        [36m&lt;ink-box[39m
          [33mstyle[39m=[32m&quot;flex-wrap: nowrap; flex-direction: row; flex-grow: 0; flex-shrink: 1; margin-right: 2px; overflow-x: visible; overflow-y: visible;&quot;[39m
        [36m&gt;[39m
          [36m&lt;ink-text[39m
            [33mstyle[39m=[32m&quot;flex-grow: 0; flex-shrink: 1; flex-direction: row; text-wrap: wrap;&quot;[39m
          [36m&gt;[39m
            [0m[[0m
            [0m2[0m
            [0m] [0m
            [0mシナプス結合[0m
          [36m&lt;/ink-text&gt;[39m
        [36m&lt;/ink-box&gt;[39m
        [36m&lt;ink-box[39m
          [33mstyle[39m=[32m&quot;flex-wrap: nowrap; flex-direction: row; flex-grow: 0; flex-shrink: 1; margin-right: 2px; overflow-x: visible; overflow-y: visible;&quot;[39m
        [36m&gt;[39m
          [36m&lt;ink-text[39m
            [33mstyle[39m=[32m&quot;flex-grow: 0; flex-shrink: 1; flex-direction: row; text-wrap: wrap;&quot;[39m
          [36m&gt;[39m
            [0m[[0m
            [0m3[0m
            [0m] [0m
            [0mネットワーク診断[0m
          [36m&lt;/ink-text&gt;[39m
        [36m&lt;/ink-box&gt;[39m
        [36m&lt;ink-box[39m
          [33mstyle[39m=[32m&quot;flex-wrap: nowrap; flex-direction: row; flex-grow: 0; flex-shrink: 1; margin-right: 2px; overflow-x: visible; overflow-y: visible;&quot;[39m
        [36m&gt;[39m
          [36m&lt;ink-text[39m
            [33mstyle[39m=[32m&quot;flex-grow: 0; flex-shrink: 1; flex-direction: row; text-wrap: wrap;&quot;[39m
          [36m&gt;[39m
            [0m[[0m
            [0m4[0m
            [0m] [0m
            [0m設定[0m
          [36m&lt;/ink-text&gt;[39m
        [36m&lt;/ink-box&gt;[39m
      [36m&lt;/ink-box&gt;[39m
      [36m&lt;ink-box[39m
        [33mstyle[39m=[32m&quot;flex-wrap: nowrap; flex-direction: row; flex-grow: 1; flex-shrink: 1; overflow: hidden; overflow-x: hidden; overflow-y: hidden;&quot;[39m
      [36m&gt;[39m
        [36m&lt;ink-box[39m
          [33mstyle[39m=[32m&quot;flex-wrap: nowrap; flex-direction: column; flex-grow: 1; flex-shrink: 1; overflow-x: visible; overflow-y: visible;&quot;[39m
        [36m&gt;[39m
          [36m&lt;ink-box[39m
            [33mstyle[39m=[32m&quot;flex-wrap: nowrap; flex-direction: row; flex-grow: 0; flex-shrink: 1; margin-bottom: 1px; overflow-x: visible; overflow-y: visible;&quot;[39m
          [36m&gt;[39m
            [36m&lt;ink-text[39m
              [33mstyle[39m=[32m&quot;flex-grow: 0; flex-shrink: 1; flex-direction: row; text-wrap: wrap;&quot;[39m
            [36m&gt;[39m
              [0m記憶一覧 ([0m
              [0m3[0m
              [0m件)[0m
            [36m&lt;/ink-text&gt;[39m
          [36m&lt;/ink-box&gt;[39m
          [36m&lt;ink-box[39m
            [33mstyle[39m=[32m&quot;flex-wrap: nowrap; flex-direction: column; flex-grow: 0; flex-shrink: 0; width: 48px; overflow-x: visible; overflow-y: visible;&quot;[39m
          [36m&gt;[39m
            [36m&lt;ink-box[39m
              [33mstyle[39m=[32m&quot;flex-wrap: nowrap; flex-direction: row; flex-grow: 0; flex-shrink: 1; overflow-x: visible; overflow-y: visible;&quot;[39m
            [36m&gt;[39m
              [36m&lt;ink-text[39m
                [33mstyle[39m=[32m&quot;flex-grow: 0; flex-shrink: 1; flex-direction: row; text-wrap: wrap;&quot;[39m
              [36m&gt;[39m
                [0m► [0m
              [36m&lt;/ink-text&gt;[39m
              [36m&lt;ink-text[39m
                [33mstyle[39m=[32m&quot;flex-grow: 0; flex-shrink: 1; flex-direction: row; text-wrap: wrap;&quot;[39m
              [36m&gt;[39m
                [0m[[0m
              [36m&lt;/ink-text&gt;[39m
              [36m&lt;ink-text[39m
                [33mstyle[39m=[32m&quot;flex-grow: 0; flex-shrink: 1; flex-direction: row; text-wrap: wrap;&quot;[39m
              [36m&gt;[39m
                [0mmem-001[0m
              [36m&lt;/ink-text&gt;[39m
              [36m&lt;ink-text[39m
                [33mstyle[39m=[32m&quot;flex-grow: 0; flex-shrink: 1; flex-direction: row; text-wrap: wrap;&quot;[39m
              [36m&gt;[39m
                [0m] [0m
              [36m&lt;/ink-text&gt;[39m
              [36m&lt;ink-text[39m
                [33mstyle[39m=[32m&quot;flex-grow: 0; flex-shrink: 1; flex-direction: row; text-wrap: wrap;&quot;[39m
              [36m&gt;[39m
                [0mGPT-5プロンプトガイドの分析結果[0m
              [36m&lt;/ink-text&gt;[39m
            [36m&lt;/ink-box&gt;[39m
            [36m&lt;ink-box[39m
              [33mstyle[39m=[32m&quot;flex-wrap: nowrap; flex-direction: row; flex-grow: 0; flex-shrink: 1; overflow-x: visible; overflow-y: visible;&quot;[39m
            [36m&gt;[39m
              [36m&lt;ink-text[39m
                [33mstyle[39m=[32m&quot;flex-grow: 0; flex-shrink: 1; flex-direction: row; text-wrap: wrap;&quot;[39m
              [36m&gt;[39m
                [0m  [0m
              [36m&lt;/ink-text&gt;[39m
              [36m&lt;ink-text[39m
                [33mstyle[39m=[32m&quot;flex-grow: 0; flex-shrink: 1; flex-direction: row; text-wrap: wrap;&quot;[39m
              [36m&gt;[39m
                [0m[[0m
              [36m&lt;/ink-text&gt;[39m
              [36m&lt;ink-text[39m
                [33mstyle[39m=[32m&quot;flex-grow: 0; flex-shrink: 1; flex-direction: row; text-wrap: wrap;&quot;[39m
              [36m&gt;[39m
                [0mmem-002[0m
              [36m&lt;/ink-text&gt;[39m
              [36m&lt;ink-text[39m
                [33mstyle[39m=[32m&quot;flex-grow: 0; flex-shrink: 1; flex-direction: row; text-wrap: wrap;&quot;[39m
              [36m&gt;[39m
                [0m] [0m
              [36m&lt;/ink-text&gt;[39m
              [36m&lt;ink-text[39m
                [33mstyle[39m=[32m&quot;flex-grow: 0; flex-shrink: 1; flex-direction: row; text-wrap: wrap;&quot;[39m
              [36m&gt;[39m
                [0mシナプス記憶システムのPhase 2実装完了[0m
              [36m&lt;/ink-text&gt;[39m
            [36m&lt;/ink-box&gt;[39m
            [36m&lt;ink-box[39m
              [33mstyle[39m=[32m&quot;flex-wrap: nowrap; flex-direction: row; flex-grow: 0; flex-shrink: 1; overflow-x: visible; overflow-y: visible;&quot;[39m
            [36m&gt;[39m
              [36m&lt;ink-text[39m
                [33mstyle[39m=[32m&quot;flex-grow: 0; flex-shrink: 1; flex-direction: row; text-wrap: wrap;&quot;[39m
              [36m&gt;[39m
                [0m  [0m
              [36m&lt;/ink-text&gt;[39m
              [36m&lt;ink-text[39m
                [33mstyle[39m=[32m&quot;flex-grow: 0; flex-shrink: 1; flex-direction: row; text-wrap: wrap;&quot;[39m
              [36m&gt;[39m
                [0m[[0m
              [36m&lt;/ink-text&gt;[39m
              [36m&lt;ink-text[39m
                [33mstyle[39m=[32m&quot;flex-grow: 0; flex-shrink: 1; flex-direction: row; text-wrap: wrap;&quot;[39m
              [36m&gt;[39m
                [0mmem-003[0m
              [36m&lt;/ink-text&gt;[39m
              [36m&lt;ink-text[39m
                [33mstyle[39m=[32m&quot;flex-grow: 0; flex-shrink: 1; flex-direction: row; text-wrap: wrap;&quot;[39m
              [36m&gt;[39m
                [0m] [0m
              [36m&lt;/ink-text&gt;[39m
              [36m&lt;ink-text[39m
                [33mstyle[39m=[32m&quot;flex-grow: 0; flex-shrink: 1; flex-direction: row; text-wrap: wrap;&quot;[39m
              [36m&gt;[39m
                [0mRESTful API設計とエンドポイント定義[0m
              [36m&lt;/ink-text&gt;[39m
            [36m&lt;/ink-box&gt;[39m
          [36m&lt;/ink-box&gt;[39m
          [36m&lt;ink-box[39m
            [33mstyle[39m=[32m&quot;flex-wrap: nowrap; flex-direction: row; flex-grow: 0; flex-shrink: 1; margin-top: 1px; border-color: rgb(108, 112, 134); padding: 1px; overflow-x: visible; overflow-y: visible;&quot;[39m
          [36m&gt;[39m
            [36m&lt;ink-box[39m
              [33mstyle[39m=[32m&quot;flex-wrap: nowrap; flex-direction: column; flex-grow: 0; flex-shrink: 1; overflow-x: visible; overflow-y: visible;&quot;[39m
            [36m&gt;[39m
              [36m&lt;ink-text[39m
                [33mstyle[39m=[32m&quot;flex-grow: 0; flex-shrink: 1; flex-direction: row; text-wrap: wrap;&quot;[39m
              [36m&gt;[39m
                [0m詳細:[0m
              [36m&lt;/ink-text&gt;[39m
              [36m&lt;ink-text[39m
                [33mstyle[39m=[32m&quot;flex-grow: 0; flex-shrink: 1; flex-direction: row; text-wrap: wrap;&quot;[39m
              [36m&gt;[39m
                [0mID: [0m
                [0mmem-001[0m
              [36m&lt;/ink-text&gt;[39m
              [36m&lt;ink-text[39m
                [33mstyle[39m=[32m&quot;flex-grow: 0; flex-shrink: 1; flex-direction: row; text-wrap: wrap;&quot;[39m
              [36m&gt;[39m
                [0mアクセス数: [0m
                [0m15[0m
              [36m&lt;/ink-text&gt;[39m
              [36m&lt;ink-text[39m
                [33mstyle[39m=[32m&quot;flex-grow: 0; flex-shrink: 1; flex-direction: row; text-wrap: wrap;&quot;[39m
              [36m&gt;[39m
                [0m成功率: [0m
                [0m92.0[0m
                [0m%[0m
              [36m&lt;/ink-text&gt;[39m
              [36m&lt;ink-text[39m
                [33mstyle[39m=[32m&quot;flex-grow: 0; flex-shrink: 1; flex-direction: row; text-wrap: wrap;&quot;[39m
              [36m&gt;[39m
                [0mタグ: [0m
                [0mgpt5, prompting, analysis[0m
              [36m&lt;/ink-text&gt;[39m
            [36m&lt;/ink-box&gt;[39m
          [36m&lt;/ink-box&gt;[39m
        [36m&lt;/ink-box&gt;[39m
      [36m&lt;/ink-box&gt;[39m
      [36m&lt;ink-box[39m
        [33mstyle[39m=[32m&quot;flex-wrap: nowrap; flex-direction: row; flex-grow: 0; flex-shrink: 1; margin-top: 1px; border-color: rgb(108, 112, 134); padding: 1px; overflow-x: visible; overflow-y: visible;&quot;[39m
      [36m&gt;[39m
        [36m&lt;ink-text[39m
          [33mstyle[39m=[32m&quot;flex-grow: 0; flex-shrink: 1; flex-direction: row; text-wrap: wrap;&quot;[39m
        [36m&gt;[39m
          [0mTab: タブ切替 | ↑↓: 記憶選択 | q: 終了[0m
        [36m&lt;/ink-text&gt;[39m
      [36m&lt;/ink-box&gt;[39m
    [36m&lt;/ink-box&gt;[39m
  [36m&lt;/div&gt;[39m
[36m&lt;/body&gt;[39m" type="TestingLibraryElementError">
TestingLibraryElementError: Unable to find an element with the text: Synaptic Memory Dashboard. This could be because the text is broken up by multiple elements. In this case, you can provide a function for your text matcher to make your matcher more flexible.

Ignored nodes: comments, script, style
&lt;body&gt;
  &lt;div&gt;
    &lt;ink-box
      style=&quot;flex-wrap: nowrap; flex-direction: column; flex-grow: 0; flex-shrink: 1; width: 52px; height: 20px; padding: 1px; overflow-x: visible; overflow-y: visible;&quot;
    &gt;
      &lt;ink-box
        style=&quot;flex-wrap: nowrap; flex-direction: row; flex-grow: 0; flex-shrink: 1; margin-bottom: 1px; overflow-x: visible; overflow-y: visible;&quot;
      &gt;
        &lt;ink-text
          style=&quot;flex-grow: 0; flex-shrink: 1; flex-direction: row; text-wrap: wrap;&quot;
        &gt;
          シナプス記憶システム ダッシュボード
        &lt;/ink-text&gt;
      &lt;/ink-box&gt;
      &lt;ink-box
        style=&quot;flex-wrap: nowrap; flex-direction: row; flex-grow: 0; flex-shrink: 1; margin-bottom: 1px; overflow-x: visible; overflow-y: visible;&quot;
      &gt;
        &lt;ink-box
          style=&quot;flex-wrap: nowrap; flex-direction: row; flex-grow: 0; flex-shrink: 1; margin-right: 2px; overflow-x: visible; overflow-y: visible;&quot;
        &gt;
          &lt;ink-text
            style=&quot;flex-grow: 0; flex-shrink: 1; flex-direction: row; text-wrap: wrap;&quot;
          &gt;
            [
            1
            ] 
            記憶一覧
          &lt;/ink-text&gt;
        &lt;/ink-box&gt;
        &lt;ink-box
          style=&quot;flex-wrap: nowrap; flex-direction: row; flex-grow: 0; flex-shrink: 1; margin-right: 2px; overflow-x: visible; overflow-y: visible;&quot;
        &gt;
          &lt;ink-text
            style=&quot;flex-grow: 0; flex-shrink: 1; flex-direction: row; text-wrap: wrap;&quot;
          &gt;
            [
            2
            ] 
            シナプス結合
          &lt;/ink-text&gt;
        &lt;/ink-box&gt;
        &lt;ink-box
          style=&quot;flex-wrap: nowrap; flex-direction: row; flex-grow: 0; flex-shrink: 1; margin-right: 2px; overflow-x: visible; overflow-y: visible;&quot;
        &gt;
          &lt;ink-text
            style=&quot;flex-grow: 0; flex-shrink: 1; flex-direction: row; text-wrap: wrap;&quot;
          &gt;
            [
            3
            ] 
            ネットワーク診断
          &lt;/ink-text&gt;
        &lt;/ink-box&gt;
        &lt;ink-box
          style=&quot;flex-wrap: nowrap; flex-direction: row; flex-grow: 0; flex-shrink: 1; margin-right: 2px; overflow-x: visible; overflow-y: visible;&quot;
        &gt;
          &lt;ink-text
            style=&quot;flex-grow: 0; flex-shrink: 1; flex-direction: row; text-wrap: wrap;&quot;
          &gt;
            [
            4
            ] 
            設定
          &lt;/ink-text&gt;
        &lt;/ink-box&gt;
      &lt;/ink-box&gt;
      &lt;ink-box
        style=&quot;flex-wrap: nowrap; flex-direction: row; flex-grow: 1; flex-shrink: 1; overflow: hidden; overflow-x: hidden; overflow-y: hidden;&quot;
      &gt;
        &lt;ink-box
          style=&quot;flex-wrap: nowrap; flex-direction: column; flex-grow: 1; flex-shrink: 1; overflow-x: visible; overflow-y: visible;&quot;
        &gt;
          &lt;ink-box
            style=&quot;flex-wrap: nowrap; flex-direction: row; flex-grow: 0; flex-shrink: 1; margin-bottom: 1px; overflow-x: visible; overflow-y: visible;&quot;
          &gt;
            &lt;ink-text
              style=&quot;flex-grow: 0; flex-shrink: 1; flex-direction: row; text-wrap: wrap;&quot;
            &gt;
              記憶一覧 (
              3
              件)
            &lt;/ink-text&gt;
          &lt;/ink-box&gt;
          &lt;ink-box
            style=&quot;flex-wrap: nowrap; flex-direction: column; flex-grow: 0; flex-shrink: 0; width: 48px; overflow-x: visible; overflow-y: visible;&quot;
          &gt;
            &lt;ink-box
              style=&quot;flex-wrap: nowrap; flex-direction: row; flex-grow: 0; flex-shrink: 1; overflow-x: visible; overflow-y: visible;&quot;
            &gt;
              &lt;ink-text
                style=&quot;flex-grow: 0; flex-shrink: 1; flex-direction: row; text-wrap: wrap;&quot;
              &gt;
                ► 
              &lt;/ink-text&gt;
              &lt;ink-text
                style=&quot;flex-grow: 0; flex-shrink: 1; flex-direction: row; text-wrap: wrap;&quot;
              &gt;
                [
              &lt;/ink-text&gt;
              &lt;ink-text
                style=&quot;flex-grow: 0; flex-shrink: 1; flex-direction: row; text-wrap: wrap;&quot;
              &gt;
                mem-001
              &lt;/ink-text&gt;
              &lt;ink-text
                style=&quot;flex-grow: 0; flex-shrink: 1; flex-direction: row; text-wrap: wrap;&quot;
              &gt;
                ] 
              &lt;/ink-text&gt;
              &lt;ink-text
                style=&quot;flex-grow: 0; flex-shrink: 1; flex-direction: row; text-wrap: wrap;&quot;
              &gt;
                GPT-5プロンプトガイドの分析結果
              &lt;/ink-text&gt;
            &lt;/ink-box&gt;
            &lt;ink-box
              style=&quot;flex-wrap: nowrap; flex-direction: row; flex-grow: 0; flex-shrink: 1; overflow-x: visible; overflow-y: visible;&quot;
            &gt;
              &lt;ink-text
                style=&quot;flex-grow: 0; flex-shrink: 1; flex-direction: row; text-wrap: wrap;&quot;
              &gt;
                  
              &lt;/ink-text&gt;
              &lt;ink-text
                style=&quot;flex-grow: 0; flex-shrink: 1; flex-direction: row; text-wrap: wrap;&quot;
              &gt;
                [
              &lt;/ink-text&gt;
              &lt;ink-text
                style=&quot;flex-grow: 0; flex-shrink: 1; flex-direction: row; text-wrap: wrap;&quot;
              &gt;
                mem-002
              &lt;/ink-text&gt;
              &lt;ink-text
                style=&quot;flex-grow: 0; flex-shrink: 1; flex-direction: row; text-wrap: wrap;&quot;
              &gt;
                ] 
              &lt;/ink-text&gt;
              &lt;ink-text
                style=&quot;flex-grow: 0; flex-shrink: 1; flex-direction: row; text-wrap: wrap;&quot;
              &gt;
                シナプス記憶システムのPhase 2実装完了
              &lt;/ink-text&gt;
            &lt;/ink-box&gt;
            &lt;ink-box
              style=&quot;flex-wrap: nowrap; flex-direction: row; flex-grow: 0; flex-shrink: 1; overflow-x: visible; overflow-y: visible;&quot;
            &gt;
              &lt;ink-text
                style=&quot;flex-grow: 0; flex-shrink: 1; flex-direction: row; text-wrap: wrap;&quot;
              &gt;
                  
              &lt;/ink-text&gt;
              &lt;ink-text
                style=&quot;flex-grow: 0; flex-shrink: 1; flex-direction: row; text-wrap: wrap;&quot;
              &gt;
                [
              &lt;/ink-text&gt;
              &lt;ink-text
                style=&quot;flex-grow: 0; flex-shrink: 1; flex-direction: row; text-wrap: wrap;&quot;
              &gt;
                mem-003
              &lt;/ink-text&gt;
              &lt;ink-text
                style=&quot;flex-grow: 0; flex-shrink: 1; flex-direction: row; text-wrap: wrap;&quot;
              &gt;
                ] 
              &lt;/ink-text&gt;
              &lt;ink-text
                style=&quot;flex-grow: 0; flex-shrink: 1; flex-direction: row; text-wrap: wrap;&quot;
              &gt;
                RESTful API設計とエンドポイント定義
              &lt;/ink-text&gt;
            &lt;/ink-box&gt;
          &lt;/ink-box&gt;
          &lt;ink-box
            style=&quot;flex-wrap: nowrap; flex-direction: row; flex-grow: 0; flex-shrink: 1; margin-top: 1px; border-color: rgb(108, 112, 134); padding: 1px; overflow-x: visible; overflow-y: visible;&quot;
          &gt;
            &lt;ink-box
              style=&quot;flex-wrap: nowrap; flex-direction: column; flex-grow: 0; flex-shrink: 1; overflow-x: visible; overflow-y: visible;&quot;
            &gt;
              &lt;ink-text
                style=&quot;flex-grow: 0; flex-shrink: 1; flex-direction: row; text-wrap: wrap;&quot;
              &gt;
                詳細:
              &lt;/ink-text&gt;
              &lt;ink-text
                style=&quot;flex-grow: 0; flex-shrink: 1; flex-direction: row; text-wrap: wrap;&quot;
              &gt;
                ID: 
                mem-001
              &lt;/ink-text&gt;
              &lt;ink-text
                style=&quot;flex-grow: 0; flex-shrink: 1; flex-direction: row; text-wrap: wrap;&quot;
              &gt;
                アクセス数: 
                15
              &lt;/ink-text&gt;
              &lt;ink-text
                style=&quot;flex-grow: 0; flex-shrink: 1; flex-direction: row; text-wrap: wrap;&quot;
              &gt;
                成功率: 
                92.0
                %
              &lt;/ink-text&gt;
              &lt;ink-text
                style=&quot;flex-grow: 0; flex-shrink: 1; flex-direction: row; text-wrap: wrap;&quot;
              &gt;
                タグ: 
                gpt5, prompting, analysis
              &lt;/ink-text&gt;
            &lt;/ink-box&gt;
          &lt;/ink-box&gt;
        &lt;/ink-box&gt;
      &lt;/ink-box&gt;
      &lt;ink-box
        style=&quot;flex-wrap: nowrap; flex-direction: row; flex-grow: 0; flex-shrink: 1; margin-top: 1px; border-color: rgb(108, 112, 134); padding: 1px; overflow-x: visible; overflow-y: visible;&quot;
      &gt;
        &lt;ink-text
          style=&quot;flex-grow: 0; flex-shrink: 1; flex-direction: row; text-wrap: wrap;&quot;
        &gt;
          Tab: タブ切替 | ↑↓: 記憶選択 | q: 終了
        &lt;/ink-text&gt;
      &lt;/ink-box&gt;
    &lt;/ink-box&gt;
  &lt;/div&gt;
&lt;/body&gt;
 ❯ Object.getElementError node_modules/@testing-library/dom/dist/config.js:37:19
 ❯ node_modules/@testing-library/dom/dist/query-helpers.js:76:38
 ❯ node_modules/@testing-library/dom/dist/query-helpers.js:52:17
 ❯ node_modules/@testing-library/dom/dist/query-helpers.js:95:19
 ❯ src/ui/components/SynapticMemoryDashboard.test.tsx:89:19
            </failure>
        </testcase>
        <testcase classname="src/ui/components/SynapticMemoryDashboard.test.tsx" name="SynapticMemoryDashboard &gt; Memoriesタブでメモリ一覧が表示されること" time="0.01551325">
            <failure message="Unable to find an element with the text: Total: 2. This could be because the text is broken up by multiple elements. In this case, you can provide a function for your text matcher to make your matcher more flexible.

Ignored nodes: comments, script, style
[36m&lt;body&gt;[39m
  [36m&lt;div&gt;[39m
    [36m&lt;ink-box[39m
      [33mstyle[39m=[32m&quot;flex-wrap: nowrap; flex-direction: column; flex-grow: 0; flex-shrink: 1; width: 52px; height: 20px; padding: 1px; overflow-x: visible; overflow-y: visible;&quot;[39m
    [36m&gt;[39m
      [36m&lt;ink-box[39m
        [33mstyle[39m=[32m&quot;flex-wrap: nowrap; flex-direction: row; flex-grow: 0; flex-shrink: 1; margin-bottom: 1px; overflow-x: visible; overflow-y: visible;&quot;[39m
      [36m&gt;[39m
        [36m&lt;ink-text[39m
          [33mstyle[39m=[32m&quot;flex-grow: 0; flex-shrink: 1; flex-direction: row; text-wrap: wrap;&quot;[39m
        [36m&gt;[39m
          [0mシナプス記憶システム ダッシュボード[0m
        [36m&lt;/ink-text&gt;[39m
      [36m&lt;/ink-box&gt;[39m
      [36m&lt;ink-box[39m
        [33mstyle[39m=[32m&quot;flex-wrap: nowrap; flex-direction: row; flex-grow: 0; flex-shrink: 1; margin-bottom: 1px; overflow-x: visible; overflow-y: visible;&quot;[39m
      [36m&gt;[39m
        [36m&lt;ink-box[39m
          [33mstyle[39m=[32m&quot;flex-wrap: nowrap; flex-direction: row; flex-grow: 0; flex-shrink: 1; margin-right: 2px; overflow-x: visible; overflow-y: visible;&quot;[39m
        [36m&gt;[39m
          [36m&lt;ink-text[39m
            [33mstyle[39m=[32m&quot;flex-grow: 0; flex-shrink: 1; flex-direction: row; text-wrap: wrap;&quot;[39m
          [36m&gt;[39m
            [0m[[0m
            [0m1[0m
            [0m] [0m
            [0m記憶一覧[0m
          [36m&lt;/ink-text&gt;[39m
        [36m&lt;/ink-box&gt;[39m
        [36m&lt;ink-box[39m
          [33mstyle[39m=[32m&quot;flex-wrap: nowrap; flex-direction: row; flex-grow: 0; flex-shrink: 1; margin-right: 2px; overflow-x: visible; overflow-y: visible;&quot;[39m
        [36m&gt;[39m
          [36m&lt;ink-text[39m
            [33mstyle[39m=[32m&quot;flex-grow: 0; flex-shrink: 1; flex-direction: row; text-wrap: wrap;&quot;[39m
          [36m&gt;[39m
            [0m[[0m
            [0m2[0m
            [0m] [0m
            [0mシナプス結合[0m
          [36m&lt;/ink-text&gt;[39m
        [36m&lt;/ink-box&gt;[39m
        [36m&lt;ink-box[39m
          [33mstyle[39m=[32m&quot;flex-wrap: nowrap; flex-direction: row; flex-grow: 0; flex-shrink: 1; margin-right: 2px; overflow-x: visible; overflow-y: visible;&quot;[39m
        [36m&gt;[39m
          [36m&lt;ink-text[39m
            [33mstyle[39m=[32m&quot;flex-grow: 0; flex-shrink: 1; flex-direction: row; text-wrap: wrap;&quot;[39m
          [36m&gt;[39m
            [0m[[0m
            [0m3[0m
            [0m] [0m
            [0mネットワーク診断[0m
          [36m&lt;/ink-text&gt;[39m
        [36m&lt;/ink-box&gt;[39m
        [36m&lt;ink-box[39m
          [33mstyle[39m=[32m&quot;flex-wrap: nowrap; flex-direction: row; flex-grow: 0; flex-shrink: 1; margin-right: 2px; overflow-x: visible; overflow-y: visible;&quot;[39m
        [36m&gt;[39m
          [36m&lt;ink-text[39m
            [33mstyle[39m=[32m&quot;flex-grow: 0; flex-shrink: 1; flex-direction: row; text-wrap: wrap;&quot;[39m
          [36m&gt;[39m
            [0m[[0m
            [0m4[0m
            [0m] [0m
            [0m設定[0m
          [36m&lt;/ink-text&gt;[39m
        [36m&lt;/ink-box&gt;[39m
      [36m&lt;/ink-box&gt;[39m
      [36m&lt;ink-box[39m
        [33mstyle[39m=[32m&quot;flex-wrap: nowrap; flex-direction: row; flex-grow: 1; flex-shrink: 1; overflow: hidden; overflow-x: hidden; overflow-y: hidden;&quot;[39m
      [36m&gt;[39m
        [36m&lt;ink-box[39m
          [33mstyle[39m=[32m&quot;flex-wrap: nowrap; flex-direction: column; flex-grow: 1; flex-shrink: 1; overflow-x: visible; overflow-y: visible;&quot;[39m
        [36m&gt;[39m
          [36m&lt;ink-box[39m
            [33mstyle[39m=[32m&quot;flex-wrap: nowrap; flex-direction: row; flex-grow: 0; flex-shrink: 1; margin-bottom: 1px; overflow-x: visible; overflow-y: visible;&quot;[39m
          [36m&gt;[39m
            [36m&lt;ink-text[39m
              [33mstyle[39m=[32m&quot;flex-grow: 0; flex-shrink: 1; flex-direction: row; text-wrap: wrap;&quot;[39m
            [36m&gt;[39m
              [0m記憶一覧 ([0m
              [0m3[0m
              [0m件)[0m
            [36m&lt;/ink-text&gt;[39m
          [36m&lt;/ink-box&gt;[39m
          [36m&lt;ink-box[39m
            [33mstyle[39m=[32m&quot;flex-wrap: nowrap; flex-direction: column; flex-grow: 0; flex-shrink: 0; width: 48px; overflow-x: visible; overflow-y: visible;&quot;[39m
          [36m&gt;[39m
            [36m&lt;ink-box[39m
              [33mstyle[39m=[32m&quot;flex-wrap: nowrap; flex-direction: row; flex-grow: 0; flex-shrink: 1; overflow-x: visible; overflow-y: visible;&quot;[39m
            [36m&gt;[39m
              [36m&lt;ink-text[39m
                [33mstyle[39m=[32m&quot;flex-grow: 0; flex-shrink: 1; flex-direction: row; text-wrap: wrap;&quot;[39m
              [36m&gt;[39m
                [0m► [0m
              [36m&lt;/ink-text&gt;[39m
              [36m&lt;ink-text[39m
                [33mstyle[39m=[32m&quot;flex-grow: 0; flex-shrink: 1; flex-direction: row; text-wrap: wrap;&quot;[39m
              [36m&gt;[39m
                [0m[[0m
              [36m&lt;/ink-text&gt;[39m
              [36m&lt;ink-text[39m
                [33mstyle[39m=[32m&quot;flex-grow: 0; flex-shrink: 1; flex-direction: row; text-wrap: wrap;&quot;[39m
              [36m&gt;[39m
                [0mmem-001[0m
              [36m&lt;/ink-text&gt;[39m
              [36m&lt;ink-text[39m
                [33mstyle[39m=[32m&quot;flex-grow: 0; flex-shrink: 1; flex-direction: row; text-wrap: wrap;&quot;[39m
              [36m&gt;[39m
                [0m] [0m
              [36m&lt;/ink-text&gt;[39m
              [36m&lt;ink-text[39m
                [33mstyle[39m=[32m&quot;flex-grow: 0; flex-shrink: 1; flex-direction: row; text-wrap: wrap;&quot;[39m
              [36m&gt;[39m
                [0mGPT-5プロンプトガイドの分析結果[0m
              [36m&lt;/ink-text&gt;[39m
            [36m&lt;/ink-box&gt;[39m
            [36m&lt;ink-box[39m
              [33mstyle[39m=[32m&quot;flex-wrap: nowrap; flex-direction: row; flex-grow: 0; flex-shrink: 1; overflow-x: visible; overflow-y: visible;&quot;[39m
            [36m&gt;[39m
              [36m&lt;ink-text[39m
                [33mstyle[39m=[32m&quot;flex-grow: 0; flex-shrink: 1; flex-direction: row; text-wrap: wrap;&quot;[39m
              [36m&gt;[39m
                [0m  [0m
              [36m&lt;/ink-text&gt;[39m
              [36m&lt;ink-text[39m
                [33mstyle[39m=[32m&quot;flex-grow: 0; flex-shrink: 1; flex-direction: row; text-wrap: wrap;&quot;[39m
              [36m&gt;[39m
                [0m[[0m
              [36m&lt;/ink-text&gt;[39m
              [36m&lt;ink-text[39m
                [33mstyle[39m=[32m&quot;flex-grow: 0; flex-shrink: 1; flex-direction: row; text-wrap: wrap;&quot;[39m
              [36m&gt;[39m
                [0mmem-002[0m
              [36m&lt;/ink-text&gt;[39m
              [36m&lt;ink-text[39m
                [33mstyle[39m=[32m&quot;flex-grow: 0; flex-shrink: 1; flex-direction: row; text-wrap: wrap;&quot;[39m
              [36m&gt;[39m
                [0m] [0m
              [36m&lt;/ink-text&gt;[39m
              [36m&lt;ink-text[39m
                [33mstyle[39m=[32m&quot;flex-grow: 0; flex-shrink: 1; flex-direction: row; text-wrap: wrap;&quot;[39m
              [36m&gt;[39m
                [0mシナプス記憶システムのPhase 2実装完了[0m
              [36m&lt;/ink-text&gt;[39m
            [36m&lt;/ink-box&gt;[39m
            [36m&lt;ink-box[39m
              [33mstyle[39m=[32m&quot;flex-wrap: nowrap; flex-direction: row; flex-grow: 0; flex-shrink: 1; overflow-x: visible; overflow-y: visible;&quot;[39m
            [36m&gt;[39m
              [36m&lt;ink-text[39m
                [33mstyle[39m=[32m&quot;flex-grow: 0; flex-shrink: 1; flex-direction: row; text-wrap: wrap;&quot;[39m
              [36m&gt;[39m
                [0m  [0m
              [36m&lt;/ink-text&gt;[39m
              [36m&lt;ink-text[39m
                [33mstyle[39m=[32m&quot;flex-grow: 0; flex-shrink: 1; flex-direction: row; text-wrap: wrap;&quot;[39m
              [36m&gt;[39m
                [0m[[0m
              [36m&lt;/ink-text&gt;[39m
              [36m&lt;ink-text[39m
                [33mstyle[39m=[32m&quot;flex-grow: 0; flex-shrink: 1; flex-direction: row; text-wrap: wrap;&quot;[39m
              [36m&gt;[39m
                [0mmem-003[0m
              [36m&lt;/ink-text&gt;[39m
              [36m&lt;ink-text[39m
                [33mstyle[39m=[32m&quot;flex-grow: 0; flex-shrink: 1; flex-direction: row; text-wrap: wrap;&quot;[39m
              [36m&gt;[39m
                [0m] [0m
              [36m&lt;/ink-text&gt;[39m
              [36m&lt;ink-text[39m
                [33mstyle[39m=[32m&quot;flex-grow: 0; flex-shrink: 1; flex-direction: row; text-wrap: wrap;&quot;[39m
              [36m&gt;[39m
                [0mRESTful API設計とエンドポイント定義[0m
              [36m&lt;/ink-text&gt;[39m
            [36m&lt;/ink-box&gt;[39m
          [36m&lt;/ink-box&gt;[39m
          [36m&lt;ink-box[39m
            [33mstyle[39m=[32m&quot;flex-wrap: nowrap; flex-direction: row; flex-grow: 0; flex-shrink: 1; margin-top: 1px; border-color: rgb(108, 112, 134); padding: 1px; overflow-x: visible; overflow-y: visible;&quot;[39m
          [36m&gt;[39m
            [36m&lt;ink-box[39m
              [33mstyle[39m=[32m&quot;flex-wrap: nowrap; flex-direction: column; flex-grow: 0; flex-shrink: 1; overflow-x: visible; overflow-y: visible;&quot;[39m
            [36m&gt;[39m
              [36m&lt;ink-text[39m
                [33mstyle[39m=[32m&quot;flex-grow: 0; flex-shrink: 1; flex-direction: row; text-wrap: wrap;&quot;[39m
              [36m&gt;[39m
                [0m詳細:[0m
              [36m&lt;/ink-text&gt;[39m
              [36m&lt;ink-text[39m
                [33mstyle[39m=[32m&quot;flex-grow: 0; flex-shrink: 1; flex-direction: row; text-wrap: wrap;&quot;[39m
              [36m&gt;[39m
                [0mID: [0m
                [0mmem-001[0m
              [36m&lt;/ink-text&gt;[39m
              [36m&lt;ink-text[39m
                [33mstyle[39m=[32m&quot;flex-grow: 0; flex-shrink: 1; flex-direction: row; text-wrap: wrap;&quot;[39m
              [36m&gt;[39m
                [0mアクセス数: [0m
                [0m15[0m
              [36m&lt;/ink-text&gt;[39m
              [36m&lt;ink-text[39m
                [33mstyle[39m=[32m&quot;flex-grow: 0; flex-shrink: 1; flex-direction: row; text-wrap: wrap;&quot;[39m
              [36m&gt;[39m
                [0m成功率: [0m
                [0m92.0[0m
                [0m%[0m
              [36m&lt;/ink-text&gt;[39m
              [36m&lt;ink-text[39m
                [33mstyle[39m=[32m&quot;flex-grow: 0; flex-shrink: 1; flex-direction: row; text-wrap: wrap;&quot;[39m
              [36m&gt;[39m
                [0mタグ: [0m
                [0mgpt5, prompting, analysis[0m
              [36m&lt;/ink-text&gt;[39m
            [36m&lt;/ink-box&gt;[39m
          [36m&lt;/ink-box&gt;[39m
        [36m&lt;/ink-box&gt;[39m
      [36m&lt;/ink-box&gt;[39m
      [36m&lt;ink-box[39m
        [33mstyle[39m=[32m&quot;flex-wrap: nowrap; flex-direction: row; flex-grow: 0; flex-shrink: 1; margin-top: 1px; border-color: rgb(108, 112, 134); padding: 1px; overflow-x: visible; overflow-y: visible;&quot;[39m
      [36m&gt;[39m
        [36m&lt;ink-text[39m
          [33mstyle[39m=[32m&quot;flex-grow: 0; flex-shrink: 1; flex-direction: row; text-wrap: wrap;&quot;[39m
        [36m&gt;[39m
          [0mTab: タブ切替 | ↑↓: 記憶選択 | q: 終了[0m
        [36m&lt;/ink-text&gt;[39m
      [36m&lt;/ink-box&gt;[39m
    [36m&lt;/ink-box&gt;[39m
  [36m&lt;/div&gt;[39m
[36m&lt;/body&gt;[39m" type="TestingLibraryElementError">
TestingLibraryElementError: Unable to find an element with the text: Total: 2. This could be because the text is broken up by multiple elements. In this case, you can provide a function for your text matcher to make your matcher more flexible.

Ignored nodes: comments, script, style
&lt;body&gt;
  &lt;div&gt;
    &lt;ink-box
      style=&quot;flex-wrap: nowrap; flex-direction: column; flex-grow: 0; flex-shrink: 1; width: 52px; height: 20px; padding: 1px; overflow-x: visible; overflow-y: visible;&quot;
    &gt;
      &lt;ink-box
        style=&quot;flex-wrap: nowrap; flex-direction: row; flex-grow: 0; flex-shrink: 1; margin-bottom: 1px; overflow-x: visible; overflow-y: visible;&quot;
      &gt;
        &lt;ink-text
          style=&quot;flex-grow: 0; flex-shrink: 1; flex-direction: row; text-wrap: wrap;&quot;
        &gt;
          シナプス記憶システム ダッシュボード
        &lt;/ink-text&gt;
      &lt;/ink-box&gt;
      &lt;ink-box
        style=&quot;flex-wrap: nowrap; flex-direction: row; flex-grow: 0; flex-shrink: 1; margin-bottom: 1px; overflow-x: visible; overflow-y: visible;&quot;
      &gt;
        &lt;ink-box
          style=&quot;flex-wrap: nowrap; flex-direction: row; flex-grow: 0; flex-shrink: 1; margin-right: 2px; overflow-x: visible; overflow-y: visible;&quot;
        &gt;
          &lt;ink-text
            style=&quot;flex-grow: 0; flex-shrink: 1; flex-direction: row; text-wrap: wrap;&quot;
          &gt;
            [
            1
            ] 
            記憶一覧
          &lt;/ink-text&gt;
        &lt;/ink-box&gt;
        &lt;ink-box
          style=&quot;flex-wrap: nowrap; flex-direction: row; flex-grow: 0; flex-shrink: 1; margin-right: 2px; overflow-x: visible; overflow-y: visible;&quot;
        &gt;
          &lt;ink-text
            style=&quot;flex-grow: 0; flex-shrink: 1; flex-direction: row; text-wrap: wrap;&quot;
          &gt;
            [
            2
            ] 
            シナプス結合
          &lt;/ink-text&gt;
        &lt;/ink-box&gt;
        &lt;ink-box
          style=&quot;flex-wrap: nowrap; flex-direction: row; flex-grow: 0; flex-shrink: 1; margin-right: 2px; overflow-x: visible; overflow-y: visible;&quot;
        &gt;
          &lt;ink-text
            style=&quot;flex-grow: 0; flex-shrink: 1; flex-direction: row; text-wrap: wrap;&quot;
          &gt;
            [
            3
            ] 
            ネットワーク診断
          &lt;/ink-text&gt;
        &lt;/ink-box&gt;
        &lt;ink-box
          style=&quot;flex-wrap: nowrap; flex-direction: row; flex-grow: 0; flex-shrink: 1; margin-right: 2px; overflow-x: visible; overflow-y: visible;&quot;
        &gt;
          &lt;ink-text
            style=&quot;flex-grow: 0; flex-shrink: 1; flex-direction: row; text-wrap: wrap;&quot;
          &gt;
            [
            4
            ] 
            設定
          &lt;/ink-text&gt;
        &lt;/ink-box&gt;
      &lt;/ink-box&gt;
      &lt;ink-box
        style=&quot;flex-wrap: nowrap; flex-direction: row; flex-grow: 1; flex-shrink: 1; overflow: hidden; overflow-x: hidden; overflow-y: hidden;&quot;
      &gt;
        &lt;ink-box
          style=&quot;flex-wrap: nowrap; flex-direction: column; flex-grow: 1; flex-shrink: 1; overflow-x: visible; overflow-y: visible;&quot;
        &gt;
          &lt;ink-box
            style=&quot;flex-wrap: nowrap; flex-direction: row; flex-grow: 0; flex-shrink: 1; margin-bottom: 1px; overflow-x: visible; overflow-y: visible;&quot;
          &gt;
            &lt;ink-text
              style=&quot;flex-grow: 0; flex-shrink: 1; flex-direction: row; text-wrap: wrap;&quot;
            &gt;
              記憶一覧 (
              3
              件)
            &lt;/ink-text&gt;
          &lt;/ink-box&gt;
          &lt;ink-box
            style=&quot;flex-wrap: nowrap; flex-direction: column; flex-grow: 0; flex-shrink: 0; width: 48px; overflow-x: visible; overflow-y: visible;&quot;
          &gt;
            &lt;ink-box
              style=&quot;flex-wrap: nowrap; flex-direction: row; flex-grow: 0; flex-shrink: 1; overflow-x: visible; overflow-y: visible;&quot;
            &gt;
              &lt;ink-text
                style=&quot;flex-grow: 0; flex-shrink: 1; flex-direction: row; text-wrap: wrap;&quot;
              &gt;
                ► 
              &lt;/ink-text&gt;
              &lt;ink-text
                style=&quot;flex-grow: 0; flex-shrink: 1; flex-direction: row; text-wrap: wrap;&quot;
              &gt;
                [
              &lt;/ink-text&gt;
              &lt;ink-text
                style=&quot;flex-grow: 0; flex-shrink: 1; flex-direction: row; text-wrap: wrap;&quot;
              &gt;
                mem-001
              &lt;/ink-text&gt;
              &lt;ink-text
                style=&quot;flex-grow: 0; flex-shrink: 1; flex-direction: row; text-wrap: wrap;&quot;
              &gt;
                ] 
              &lt;/ink-text&gt;
              &lt;ink-text
                style=&quot;flex-grow: 0; flex-shrink: 1; flex-direction: row; text-wrap: wrap;&quot;
              &gt;
                GPT-5プロンプトガイドの分析結果
              &lt;/ink-text&gt;
            &lt;/ink-box&gt;
            &lt;ink-box
              style=&quot;flex-wrap: nowrap; flex-direction: row; flex-grow: 0; flex-shrink: 1; overflow-x: visible; overflow-y: visible;&quot;
            &gt;
              &lt;ink-text
                style=&quot;flex-grow: 0; flex-shrink: 1; flex-direction: row; text-wrap: wrap;&quot;
              &gt;
                  
              &lt;/ink-text&gt;
              &lt;ink-text
                style=&quot;flex-grow: 0; flex-shrink: 1; flex-direction: row; text-wrap: wrap;&quot;
              &gt;
                [
              &lt;/ink-text&gt;
              &lt;ink-text
                style=&quot;flex-grow: 0; flex-shrink: 1; flex-direction: row; text-wrap: wrap;&quot;
              &gt;
                mem-002
              &lt;/ink-text&gt;
              &lt;ink-text
                style=&quot;flex-grow: 0; flex-shrink: 1; flex-direction: row; text-wrap: wrap;&quot;
              &gt;
                ] 
              &lt;/ink-text&gt;
              &lt;ink-text
                style=&quot;flex-grow: 0; flex-shrink: 1; flex-direction: row; text-wrap: wrap;&quot;
              &gt;
                シナプス記憶システムのPhase 2実装完了
              &lt;/ink-text&gt;
            &lt;/ink-box&gt;
            &lt;ink-box
              style=&quot;flex-wrap: nowrap; flex-direction: row; flex-grow: 0; flex-shrink: 1; overflow-x: visible; overflow-y: visible;&quot;
            &gt;
              &lt;ink-text
                style=&quot;flex-grow: 0; flex-shrink: 1; flex-direction: row; text-wrap: wrap;&quot;
              &gt;
                  
              &lt;/ink-text&gt;
              &lt;ink-text
                style=&quot;flex-grow: 0; flex-shrink: 1; flex-direction: row; text-wrap: wrap;&quot;
              &gt;
                [
              &lt;/ink-text&gt;
              &lt;ink-text
                style=&quot;flex-grow: 0; flex-shrink: 1; flex-direction: row; text-wrap: wrap;&quot;
              &gt;
                mem-003
              &lt;/ink-text&gt;
              &lt;ink-text
                style=&quot;flex-grow: 0; flex-shrink: 1; flex-direction: row; text-wrap: wrap;&quot;
              &gt;
                ] 
              &lt;/ink-text&gt;
              &lt;ink-text
                style=&quot;flex-grow: 0; flex-shrink: 1; flex-direction: row; text-wrap: wrap;&quot;
              &gt;
                RESTful API設計とエンドポイント定義
              &lt;/ink-text&gt;
            &lt;/ink-box&gt;
          &lt;/ink-box&gt;
          &lt;ink-box
            style=&quot;flex-wrap: nowrap; flex-direction: row; flex-grow: 0; flex-shrink: 1; margin-top: 1px; border-color: rgb(108, 112, 134); padding: 1px; overflow-x: visible; overflow-y: visible;&quot;
          &gt;
            &lt;ink-box
              style=&quot;flex-wrap: nowrap; flex-direction: column; flex-grow: 0; flex-shrink: 1; overflow-x: visible; overflow-y: visible;&quot;
            &gt;
              &lt;ink-text
                style=&quot;flex-grow: 0; flex-shrink: 1; flex-direction: row; text-wrap: wrap;&quot;
              &gt;
                詳細:
              &lt;/ink-text&gt;
              &lt;ink-text
                style=&quot;flex-grow: 0; flex-shrink: 1; flex-direction: row; text-wrap: wrap;&quot;
              &gt;
                ID: 
                mem-001
              &lt;/ink-text&gt;
              &lt;ink-text
                style=&quot;flex-grow: 0; flex-shrink: 1; flex-direction: row; text-wrap: wrap;&quot;
              &gt;
                アクセス数: 
                15
              &lt;/ink-text&gt;
              &lt;ink-text
                style=&quot;flex-grow: 0; flex-shrink: 1; flex-direction: row; text-wrap: wrap;&quot;
              &gt;
                成功率: 
                92.0
                %
              &lt;/ink-text&gt;
              &lt;ink-text
                style=&quot;flex-grow: 0; flex-shrink: 1; flex-direction: row; text-wrap: wrap;&quot;
              &gt;
                タグ: 
                gpt5, prompting, analysis
              &lt;/ink-text&gt;
            &lt;/ink-box&gt;
          &lt;/ink-box&gt;
        &lt;/ink-box&gt;
      &lt;/ink-box&gt;
      &lt;ink-box
        style=&quot;flex-wrap: nowrap; flex-direction: row; flex-grow: 0; flex-shrink: 1; margin-top: 1px; border-color: rgb(108, 112, 134); padding: 1px; overflow-x: visible; overflow-y: visible;&quot;
      &gt;
        &lt;ink-text
          style=&quot;flex-grow: 0; flex-shrink: 1; flex-direction: row; text-wrap: wrap;&quot;
        &gt;
          Tab: タブ切替 | ↑↓: 記憶選択 | q: 終了
        &lt;/ink-text&gt;
      &lt;/ink-box&gt;
    &lt;/ink-box&gt;
  &lt;/div&gt;
&lt;/body&gt;
 ❯ Object.getElementError node_modules/@testing-library/dom/dist/config.js:37:19
 ❯ node_modules/@testing-library/dom/dist/query-helpers.js:76:38
 ❯ node_modules/@testing-library/dom/dist/query-helpers.js:52:17
 ❯ node_modules/@testing-library/dom/dist/query-helpers.js:95:19
 ❯ src/ui/components/SynapticMemoryDashboard.test.tsx:102:19
            </failure>
        </testcase>
        <testcase classname="src/ui/components/SynapticMemoryDashboard.test.tsx" name="SynapticMemoryDashboard &gt; Synapsesタブでシナプス接続が表示されること" time="0.009696542">
            <failure message="Unable to find an element with the text: Synapses. This could be because the text is broken up by multiple elements. In this case, you can provide a function for your text matcher to make your matcher more flexible.

Ignored nodes: comments, script, style
[36m&lt;body&gt;[39m
  [36m&lt;div&gt;[39m
    [36m&lt;ink-box[39m
      [33mstyle[39m=[32m&quot;flex-wrap: nowrap; flex-direction: column; flex-grow: 0; flex-shrink: 1; width: 52px; height: 20px; padding: 1px; overflow-x: visible; overflow-y: visible;&quot;[39m
    [36m&gt;[39m
      [36m&lt;ink-box[39m
        [33mstyle[39m=[32m&quot;flex-wrap: nowrap; flex-direction: row; flex-grow: 0; flex-shrink: 1; margin-bottom: 1px; overflow-x: visible; overflow-y: visible;&quot;[39m
      [36m&gt;[39m
        [36m&lt;ink-text[39m
          [33mstyle[39m=[32m&quot;flex-grow: 0; flex-shrink: 1; flex-direction: row; text-wrap: wrap;&quot;[39m
        [36m&gt;[39m
          [0mシナプス記憶システム ダッシュボード[0m
        [36m&lt;/ink-text&gt;[39m
      [36m&lt;/ink-box&gt;[39m
      [36m&lt;ink-box[39m
        [33mstyle[39m=[32m&quot;flex-wrap: nowrap; flex-direction: row; flex-grow: 0; flex-shrink: 1; margin-bottom: 1px; overflow-x: visible; overflow-y: visible;&quot;[39m
      [36m&gt;[39m
        [36m&lt;ink-box[39m
          [33mstyle[39m=[32m&quot;flex-wrap: nowrap; flex-direction: row; flex-grow: 0; flex-shrink: 1; margin-right: 2px; overflow-x: visible; overflow-y: visible;&quot;[39m
        [36m&gt;[39m
          [36m&lt;ink-text[39m
            [33mstyle[39m=[32m&quot;flex-grow: 0; flex-shrink: 1; flex-direction: row; text-wrap: wrap;&quot;[39m
          [36m&gt;[39m
            [0m[[0m
            [0m1[0m
            [0m] [0m
            [0m記憶一覧[0m
          [36m&lt;/ink-text&gt;[39m
        [36m&lt;/ink-box&gt;[39m
        [36m&lt;ink-box[39m
          [33mstyle[39m=[32m&quot;flex-wrap: nowrap; flex-direction: row; flex-grow: 0; flex-shrink: 1; margin-right: 2px; overflow-x: visible; overflow-y: visible;&quot;[39m
        [36m&gt;[39m
          [36m&lt;ink-text[39m
            [33mstyle[39m=[32m&quot;flex-grow: 0; flex-shrink: 1; flex-direction: row; text-wrap: wrap;&quot;[39m
          [36m&gt;[39m
            [0m[[0m
            [0m2[0m
            [0m] [0m
            [0mシナプス結合[0m
          [36m&lt;/ink-text&gt;[39m
        [36m&lt;/ink-box&gt;[39m
        [36m&lt;ink-box[39m
          [33mstyle[39m=[32m&quot;flex-wrap: nowrap; flex-direction: row; flex-grow: 0; flex-shrink: 1; margin-right: 2px; overflow-x: visible; overflow-y: visible;&quot;[39m
        [36m&gt;[39m
          [36m&lt;ink-text[39m
            [33mstyle[39m=[32m&quot;flex-grow: 0; flex-shrink: 1; flex-direction: row; text-wrap: wrap;&quot;[39m
          [36m&gt;[39m
            [0m[[0m
            [0m3[0m
            [0m] [0m
            [0mネットワーク診断[0m
          [36m&lt;/ink-text&gt;[39m
        [36m&lt;/ink-box&gt;[39m
        [36m&lt;ink-box[39m
          [33mstyle[39m=[32m&quot;flex-wrap: nowrap; flex-direction: row; flex-grow: 0; flex-shrink: 1; margin-right: 2px; overflow-x: visible; overflow-y: visible;&quot;[39m
        [36m&gt;[39m
          [36m&lt;ink-text[39m
            [33mstyle[39m=[32m&quot;flex-grow: 0; flex-shrink: 1; flex-direction: row; text-wrap: wrap;&quot;[39m
          [36m&gt;[39m
            [0m[[0m
            [0m4[0m
            [0m] [0m
            [0m設定[0m
          [36m&lt;/ink-text&gt;[39m
        [36m&lt;/ink-box&gt;[39m
      [36m&lt;/ink-box&gt;[39m
      [36m&lt;ink-box[39m
        [33mstyle[39m=[32m&quot;flex-wrap: nowrap; flex-direction: row; flex-grow: 1; flex-shrink: 1; overflow: hidden; overflow-x: hidden; overflow-y: hidden;&quot;[39m
      [36m&gt;[39m
        [36m&lt;ink-box[39m
          [33mstyle[39m=[32m&quot;flex-wrap: nowrap; flex-direction: column; flex-grow: 1; flex-shrink: 1; overflow-x: visible; overflow-y: visible;&quot;[39m
        [36m&gt;[39m
          [36m&lt;ink-box[39m
            [33mstyle[39m=[32m&quot;flex-wrap: nowrap; flex-direction: row; flex-grow: 0; flex-shrink: 1; margin-bottom: 1px; overflow-x: visible; overflow-y: visible;&quot;[39m
          [36m&gt;[39m
            [36m&lt;ink-text[39m
              [33mstyle[39m=[32m&quot;flex-grow: 0; flex-shrink: 1; flex-direction: row; text-wrap: wrap;&quot;[39m
            [36m&gt;[39m
              [0m記憶一覧 ([0m
              [0m3[0m
              [0m件)[0m
            [36m&lt;/ink-text&gt;[39m
          [36m&lt;/ink-box&gt;[39m
          [36m&lt;ink-box[39m
            [33mstyle[39m=[32m&quot;flex-wrap: nowrap; flex-direction: column; flex-grow: 0; flex-shrink: 0; width: 48px; overflow-x: visible; overflow-y: visible;&quot;[39m
          [36m&gt;[39m
            [36m&lt;ink-box[39m
              [33mstyle[39m=[32m&quot;flex-wrap: nowrap; flex-direction: row; flex-grow: 0; flex-shrink: 1; overflow-x: visible; overflow-y: visible;&quot;[39m
            [36m&gt;[39m
              [36m&lt;ink-text[39m
                [33mstyle[39m=[32m&quot;flex-grow: 0; flex-shrink: 1; flex-direction: row; text-wrap: wrap;&quot;[39m
              [36m&gt;[39m
                [0m► [0m
              [36m&lt;/ink-text&gt;[39m
              [36m&lt;ink-text[39m
                [33mstyle[39m=[32m&quot;flex-grow: 0; flex-shrink: 1; flex-direction: row; text-wrap: wrap;&quot;[39m
              [36m&gt;[39m
                [0m[[0m
              [36m&lt;/ink-text&gt;[39m
              [36m&lt;ink-text[39m
                [33mstyle[39m=[32m&quot;flex-grow: 0; flex-shrink: 1; flex-direction: row; text-wrap: wrap;&quot;[39m
              [36m&gt;[39m
                [0mmem-001[0m
              [36m&lt;/ink-text&gt;[39m
              [36m&lt;ink-text[39m
                [33mstyle[39m=[32m&quot;flex-grow: 0; flex-shrink: 1; flex-direction: row; text-wrap: wrap;&quot;[39m
              [36m&gt;[39m
                [0m] [0m
              [36m&lt;/ink-text&gt;[39m
              [36m&lt;ink-text[39m
                [33mstyle[39m=[32m&quot;flex-grow: 0; flex-shrink: 1; flex-direction: row; text-wrap: wrap;&quot;[39m
              [36m&gt;[39m
                [0mGPT-5プロンプトガイドの分析結果[0m
              [36m&lt;/ink-text&gt;[39m
            [36m&lt;/ink-box&gt;[39m
            [36m&lt;ink-box[39m
              [33mstyle[39m=[32m&quot;flex-wrap: nowrap; flex-direction: row; flex-grow: 0; flex-shrink: 1; overflow-x: visible; overflow-y: visible;&quot;[39m
            [36m&gt;[39m
              [36m&lt;ink-text[39m
                [33mstyle[39m=[32m&quot;flex-grow: 0; flex-shrink: 1; flex-direction: row; text-wrap: wrap;&quot;[39m
              [36m&gt;[39m
                [0m  [0m
              [36m&lt;/ink-text&gt;[39m
              [36m&lt;ink-text[39m
                [33mstyle[39m=[32m&quot;flex-grow: 0; flex-shrink: 1; flex-direction: row; text-wrap: wrap;&quot;[39m
              [36m&gt;[39m
                [0m[[0m
              [36m&lt;/ink-text&gt;[39m
              [36m&lt;ink-text[39m
                [33mstyle[39m=[32m&quot;flex-grow: 0; flex-shrink: 1; flex-direction: row; text-wrap: wrap;&quot;[39m
              [36m&gt;[39m
                [0mmem-002[0m
              [36m&lt;/ink-text&gt;[39m
              [36m&lt;ink-text[39m
                [33mstyle[39m=[32m&quot;flex-grow: 0; flex-shrink: 1; flex-direction: row; text-wrap: wrap;&quot;[39m
              [36m&gt;[39m
                [0m] [0m
              [36m&lt;/ink-text&gt;[39m
              [36m&lt;ink-text[39m
                [33mstyle[39m=[32m&quot;flex-grow: 0; flex-shrink: 1; flex-direction: row; text-wrap: wrap;&quot;[39m
              [36m&gt;[39m
                [0mシナプス記憶システムのPhase 2実装完了[0m
              [36m&lt;/ink-text&gt;[39m
            [36m&lt;/ink-box&gt;[39m
            [36m&lt;ink-box[39m
              [33mstyle[39m=[32m&quot;flex-wrap: nowrap; flex-direction: row; flex-grow: 0; flex-shrink: 1; overflow-x: visible; overflow-y: visible;&quot;[39m
            [36m&gt;[39m
              [36m&lt;ink-text[39m
                [33mstyle[39m=[32m&quot;flex-grow: 0; flex-shrink: 1; flex-direction: row; text-wrap: wrap;&quot;[39m
              [36m&gt;[39m
                [0m  [0m
              [36m&lt;/ink-text&gt;[39m
              [36m&lt;ink-text[39m
                [33mstyle[39m=[32m&quot;flex-grow: 0; flex-shrink: 1; flex-direction: row; text-wrap: wrap;&quot;[39m
              [36m&gt;[39m
                [0m[[0m
              [36m&lt;/ink-text&gt;[39m
              [36m&lt;ink-text[39m
                [33mstyle[39m=[32m&quot;flex-grow: 0; flex-shrink: 1; flex-direction: row; text-wrap: wrap;&quot;[39m
              [36m&gt;[39m
                [0mmem-003[0m
              [36m&lt;/ink-text&gt;[39m
              [36m&lt;ink-text[39m
                [33mstyle[39m=[32m&quot;flex-grow: 0; flex-shrink: 1; flex-direction: row; text-wrap: wrap;&quot;[39m
              [36m&gt;[39m
                [0m] [0m
              [36m&lt;/ink-text&gt;[39m
              [36m&lt;ink-text[39m
                [33mstyle[39m=[32m&quot;flex-grow: 0; flex-shrink: 1; flex-direction: row; text-wrap: wrap;&quot;[39m
              [36m&gt;[39m
                [0mRESTful API設計とエンドポイント定義[0m
              [36m&lt;/ink-text&gt;[39m
            [36m&lt;/ink-box&gt;[39m
          [36m&lt;/ink-box&gt;[39m
          [36m&lt;ink-box[39m
            [33mstyle[39m=[32m&quot;flex-wrap: nowrap; flex-direction: row; flex-grow: 0; flex-shrink: 1; margin-top: 1px; border-color: rgb(108, 112, 134); padding: 1px; overflow-x: visible; overflow-y: visible;&quot;[39m
          [36m&gt;[39m
            [36m&lt;ink-box[39m
              [33mstyle[39m=[32m&quot;flex-wrap: nowrap; flex-direction: column; flex-grow: 0; flex-shrink: 1; overflow-x: visible; overflow-y: visible;&quot;[39m
            [36m&gt;[39m
              [36m&lt;ink-text[39m
                [33mstyle[39m=[32m&quot;flex-grow: 0; flex-shrink: 1; flex-direction: row; text-wrap: wrap;&quot;[39m
              [36m&gt;[39m
                [0m詳細:[0m
              [36m&lt;/ink-text&gt;[39m
              [36m&lt;ink-text[39m
                [33mstyle[39m=[32m&quot;flex-grow: 0; flex-shrink: 1; flex-direction: row; text-wrap: wrap;&quot;[39m
              [36m&gt;[39m
                [0mID: [0m
                [0mmem-001[0m
              [36m&lt;/ink-text&gt;[39m
              [36m&lt;ink-text[39m
                [33mstyle[39m=[32m&quot;flex-grow: 0; flex-shrink: 1; flex-direction: row; text-wrap: wrap;&quot;[39m
              [36m&gt;[39m
                [0mアクセス数: [0m
                [0m15[0m
              [36m&lt;/ink-text&gt;[39m
              [36m&lt;ink-text[39m
                [33mstyle[39m=[32m&quot;flex-grow: 0; flex-shrink: 1; flex-direction: row; text-wrap: wrap;&quot;[39m
              [36m&gt;[39m
                [0m成功率: [0m
                [0m92.0[0m
                [0m%[0m
              [36m&lt;/ink-text&gt;[39m
              [36m&lt;ink-text[39m
                [33mstyle[39m=[32m&quot;flex-grow: 0; flex-shrink: 1; flex-direction: row; text-wrap: wrap;&quot;[39m
              [36m&gt;[39m
                [0mタグ: [0m
                [0mgpt5, prompting, analysis[0m
              [36m&lt;/ink-text&gt;[39m
            [36m&lt;/ink-box&gt;[39m
          [36m&lt;/ink-box&gt;[39m
        [36m&lt;/ink-box&gt;[39m
      [36m&lt;/ink-box&gt;[39m
      [36m&lt;ink-box[39m
        [33mstyle[39m=[32m&quot;flex-wrap: nowrap; flex-direction: row; flex-grow: 0; flex-shrink: 1; margin-top: 1px; border-color: rgb(108, 112, 134); padding: 1px; overflow-x: visible; overflow-y: visible;&quot;[39m
      [36m&gt;[39m
        [36m&lt;ink-text[39m
          [33mstyle[39m=[32m&quot;flex-grow: 0; flex-shrink: 1; flex-direction: row; text-wrap: wrap;&quot;[39m
        [36m&gt;[39m
          [0mTab: タブ切替 | ↑↓: 記憶選択 | q: 終了[0m
        [36m&lt;/ink-text&gt;[39m
      [36m&lt;/ink-box&gt;[39m
    [36m&lt;/ink-box&gt;[39m
  [36m&lt;/div&gt;[39m
[36m&lt;/body&gt;[39m" type="TestingLibraryElementError">
TestingLibraryElementError: Unable to find an element with the text: Synapses. This could be because the text is broken up by multiple elements. In this case, you can provide a function for your text matcher to make your matcher more flexible.

Ignored nodes: comments, script, style
&lt;body&gt;
  &lt;div&gt;
    &lt;ink-box
      style=&quot;flex-wrap: nowrap; flex-direction: column; flex-grow: 0; flex-shrink: 1; width: 52px; height: 20px; padding: 1px; overflow-x: visible; overflow-y: visible;&quot;
    &gt;
      &lt;ink-box
        style=&quot;flex-wrap: nowrap; flex-direction: row; flex-grow: 0; flex-shrink: 1; margin-bottom: 1px; overflow-x: visible; overflow-y: visible;&quot;
      &gt;
        &lt;ink-text
          style=&quot;flex-grow: 0; flex-shrink: 1; flex-direction: row; text-wrap: wrap;&quot;
        &gt;
          シナプス記憶システム ダッシュボード
        &lt;/ink-text&gt;
      &lt;/ink-box&gt;
      &lt;ink-box
        style=&quot;flex-wrap: nowrap; flex-direction: row; flex-grow: 0; flex-shrink: 1; margin-bottom: 1px; overflow-x: visible; overflow-y: visible;&quot;
      &gt;
        &lt;ink-box
          style=&quot;flex-wrap: nowrap; flex-direction: row; flex-grow: 0; flex-shrink: 1; margin-right: 2px; overflow-x: visible; overflow-y: visible;&quot;
        &gt;
          &lt;ink-text
            style=&quot;flex-grow: 0; flex-shrink: 1; flex-direction: row; text-wrap: wrap;&quot;
          &gt;
            [
            1
            ] 
            記憶一覧
          &lt;/ink-text&gt;
        &lt;/ink-box&gt;
        &lt;ink-box
          style=&quot;flex-wrap: nowrap; flex-direction: row; flex-grow: 0; flex-shrink: 1; margin-right: 2px; overflow-x: visible; overflow-y: visible;&quot;
        &gt;
          &lt;ink-text
            style=&quot;flex-grow: 0; flex-shrink: 1; flex-direction: row; text-wrap: wrap;&quot;
          &gt;
            [
            2
            ] 
            シナプス結合
          &lt;/ink-text&gt;
        &lt;/ink-box&gt;
        &lt;ink-box
          style=&quot;flex-wrap: nowrap; flex-direction: row; flex-grow: 0; flex-shrink: 1; margin-right: 2px; overflow-x: visible; overflow-y: visible;&quot;
        &gt;
          &lt;ink-text
            style=&quot;flex-grow: 0; flex-shrink: 1; flex-direction: row; text-wrap: wrap;&quot;
          &gt;
            [
            3
            ] 
            ネットワーク診断
          &lt;/ink-text&gt;
        &lt;/ink-box&gt;
        &lt;ink-box
          style=&quot;flex-wrap: nowrap; flex-direction: row; flex-grow: 0; flex-shrink: 1; margin-right: 2px; overflow-x: visible; overflow-y: visible;&quot;
        &gt;
          &lt;ink-text
            style=&quot;flex-grow: 0; flex-shrink: 1; flex-direction: row; text-wrap: wrap;&quot;
          &gt;
            [
            4
            ] 
            設定
          &lt;/ink-text&gt;
        &lt;/ink-box&gt;
      &lt;/ink-box&gt;
      &lt;ink-box
        style=&quot;flex-wrap: nowrap; flex-direction: row; flex-grow: 1; flex-shrink: 1; overflow: hidden; overflow-x: hidden; overflow-y: hidden;&quot;
      &gt;
        &lt;ink-box
          style=&quot;flex-wrap: nowrap; flex-direction: column; flex-grow: 1; flex-shrink: 1; overflow-x: visible; overflow-y: visible;&quot;
        &gt;
          &lt;ink-box
            style=&quot;flex-wrap: nowrap; flex-direction: row; flex-grow: 0; flex-shrink: 1; margin-bottom: 1px; overflow-x: visible; overflow-y: visible;&quot;
          &gt;
            &lt;ink-text
              style=&quot;flex-grow: 0; flex-shrink: 1; flex-direction: row; text-wrap: wrap;&quot;
            &gt;
              記憶一覧 (
              3
              件)
            &lt;/ink-text&gt;
          &lt;/ink-box&gt;
          &lt;ink-box
            style=&quot;flex-wrap: nowrap; flex-direction: column; flex-grow: 0; flex-shrink: 0; width: 48px; overflow-x: visible; overflow-y: visible;&quot;
          &gt;
            &lt;ink-box
              style=&quot;flex-wrap: nowrap; flex-direction: row; flex-grow: 0; flex-shrink: 1; overflow-x: visible; overflow-y: visible;&quot;
            &gt;
              &lt;ink-text
                style=&quot;flex-grow: 0; flex-shrink: 1; flex-direction: row; text-wrap: wrap;&quot;
              &gt;
                ► 
              &lt;/ink-text&gt;
              &lt;ink-text
                style=&quot;flex-grow: 0; flex-shrink: 1; flex-direction: row; text-wrap: wrap;&quot;
              &gt;
                [
              &lt;/ink-text&gt;
              &lt;ink-text
                style=&quot;flex-grow: 0; flex-shrink: 1; flex-direction: row; text-wrap: wrap;&quot;
              &gt;
                mem-001
              &lt;/ink-text&gt;
              &lt;ink-text
                style=&quot;flex-grow: 0; flex-shrink: 1; flex-direction: row; text-wrap: wrap;&quot;
              &gt;
                ] 
              &lt;/ink-text&gt;
              &lt;ink-text
                style=&quot;flex-grow: 0; flex-shrink: 1; flex-direction: row; text-wrap: wrap;&quot;
              &gt;
                GPT-5プロンプトガイドの分析結果
              &lt;/ink-text&gt;
            &lt;/ink-box&gt;
            &lt;ink-box
              style=&quot;flex-wrap: nowrap; flex-direction: row; flex-grow: 0; flex-shrink: 1; overflow-x: visible; overflow-y: visible;&quot;
            &gt;
              &lt;ink-text
                style=&quot;flex-grow: 0; flex-shrink: 1; flex-direction: row; text-wrap: wrap;&quot;
              &gt;
                  
              &lt;/ink-text&gt;
              &lt;ink-text
                style=&quot;flex-grow: 0; flex-shrink: 1; flex-direction: row; text-wrap: wrap;&quot;
              &gt;
                [
              &lt;/ink-text&gt;
              &lt;ink-text
                style=&quot;flex-grow: 0; flex-shrink: 1; flex-direction: row; text-wrap: wrap;&quot;
              &gt;
                mem-002
              &lt;/ink-text&gt;
              &lt;ink-text
                style=&quot;flex-grow: 0; flex-shrink: 1; flex-direction: row; text-wrap: wrap;&quot;
              &gt;
                ] 
              &lt;/ink-text&gt;
              &lt;ink-text
                style=&quot;flex-grow: 0; flex-shrink: 1; flex-direction: row; text-wrap: wrap;&quot;
              &gt;
                シナプス記憶システムのPhase 2実装完了
              &lt;/ink-text&gt;
            &lt;/ink-box&gt;
            &lt;ink-box
              style=&quot;flex-wrap: nowrap; flex-direction: row; flex-grow: 0; flex-shrink: 1; overflow-x: visible; overflow-y: visible;&quot;
            &gt;
              &lt;ink-text
                style=&quot;flex-grow: 0; flex-shrink: 1; flex-direction: row; text-wrap: wrap;&quot;
              &gt;
                  
              &lt;/ink-text&gt;
              &lt;ink-text
                style=&quot;flex-grow: 0; flex-shrink: 1; flex-direction: row; text-wrap: wrap;&quot;
              &gt;
                [
              &lt;/ink-text&gt;
              &lt;ink-text
                style=&quot;flex-grow: 0; flex-shrink: 1; flex-direction: row; text-wrap: wrap;&quot;
              &gt;
                mem-003
              &lt;/ink-text&gt;
              &lt;ink-text
                style=&quot;flex-grow: 0; flex-shrink: 1; flex-direction: row; text-wrap: wrap;&quot;
              &gt;
                ] 
              &lt;/ink-text&gt;
              &lt;ink-text
                style=&quot;flex-grow: 0; flex-shrink: 1; flex-direction: row; text-wrap: wrap;&quot;
              &gt;
                RESTful API設計とエンドポイント定義
              &lt;/ink-text&gt;
            &lt;/ink-box&gt;
          &lt;/ink-box&gt;
          &lt;ink-box
            style=&quot;flex-wrap: nowrap; flex-direction: row; flex-grow: 0; flex-shrink: 1; margin-top: 1px; border-color: rgb(108, 112, 134); padding: 1px; overflow-x: visible; overflow-y: visible;&quot;
          &gt;
            &lt;ink-box
              style=&quot;flex-wrap: nowrap; flex-direction: column; flex-grow: 0; flex-shrink: 1; overflow-x: visible; overflow-y: visible;&quot;
            &gt;
              &lt;ink-text
                style=&quot;flex-grow: 0; flex-shrink: 1; flex-direction: row; text-wrap: wrap;&quot;
              &gt;
                詳細:
              &lt;/ink-text&gt;
              &lt;ink-text
                style=&quot;flex-grow: 0; flex-shrink: 1; flex-direction: row; text-wrap: wrap;&quot;
              &gt;
                ID: 
                mem-001
              &lt;/ink-text&gt;
              &lt;ink-text
                style=&quot;flex-grow: 0; flex-shrink: 1; flex-direction: row; text-wrap: wrap;&quot;
              &gt;
                アクセス数: 
                15
              &lt;/ink-text&gt;
              &lt;ink-text
                style=&quot;flex-grow: 0; flex-shrink: 1; flex-direction: row; text-wrap: wrap;&quot;
              &gt;
                成功率: 
                92.0
                %
              &lt;/ink-text&gt;
              &lt;ink-text
                style=&quot;flex-grow: 0; flex-shrink: 1; flex-direction: row; text-wrap: wrap;&quot;
              &gt;
                タグ: 
                gpt5, prompting, analysis
              &lt;/ink-text&gt;
            &lt;/ink-box&gt;
          &lt;/ink-box&gt;
        &lt;/ink-box&gt;
      &lt;/ink-box&gt;
      &lt;ink-box
        style=&quot;flex-wrap: nowrap; flex-direction: row; flex-grow: 0; flex-shrink: 1; margin-top: 1px; border-color: rgb(108, 112, 134); padding: 1px; overflow-x: visible; overflow-y: visible;&quot;
      &gt;
        &lt;ink-text
          style=&quot;flex-grow: 0; flex-shrink: 1; flex-direction: row; text-wrap: wrap;&quot;
        &gt;
          Tab: タブ切替 | ↑↓: 記憶選択 | q: 終了
        &lt;/ink-text&gt;
      &lt;/ink-box&gt;
    &lt;/ink-box&gt;
  &lt;/div&gt;
&lt;/body&gt;
 ❯ Object.getElementError node_modules/@testing-library/dom/dist/config.js:37:19
 ❯ node_modules/@testing-library/dom/dist/query-helpers.js:76:38
 ❯ node_modules/@testing-library/dom/dist/query-helpers.js:52:17
 ❯ node_modules/@testing-library/dom/dist/query-helpers.js:95:19
 ❯ src/ui/components/SynapticMemoryDashboard.test.tsx:113:28
            </failure>
        </testcase>
        <testcase classname="src/ui/components/SynapticMemoryDashboard.test.tsx" name="SynapticMemoryDashboard &gt; Healthタブでネットワーク健康状態が表示されること" time="0.009198959">
            <failure message="Unable to find an element with the text: Health. This could be because the text is broken up by multiple elements. In this case, you can provide a function for your text matcher to make your matcher more flexible.

Ignored nodes: comments, script, style
[36m&lt;body&gt;[39m
  [36m&lt;div&gt;[39m
    [36m&lt;ink-box[39m
      [33mstyle[39m=[32m&quot;flex-wrap: nowrap; flex-direction: column; flex-grow: 0; flex-shrink: 1; width: 52px; height: 20px; padding: 1px; overflow-x: visible; overflow-y: visible;&quot;[39m
    [36m&gt;[39m
      [36m&lt;ink-box[39m
        [33mstyle[39m=[32m&quot;flex-wrap: nowrap; flex-direction: row; flex-grow: 0; flex-shrink: 1; margin-bottom: 1px; overflow-x: visible; overflow-y: visible;&quot;[39m
      [36m&gt;[39m
        [36m&lt;ink-text[39m
          [33mstyle[39m=[32m&quot;flex-grow: 0; flex-shrink: 1; flex-direction: row; text-wrap: wrap;&quot;[39m
        [36m&gt;[39m
          [0mシナプス記憶システム ダッシュボード[0m
        [36m&lt;/ink-text&gt;[39m
      [36m&lt;/ink-box&gt;[39m
      [36m&lt;ink-box[39m
        [33mstyle[39m=[32m&quot;flex-wrap: nowrap; flex-direction: row; flex-grow: 0; flex-shrink: 1; margin-bottom: 1px; overflow-x: visible; overflow-y: visible;&quot;[39m
      [36m&gt;[39m
        [36m&lt;ink-box[39m
          [33mstyle[39m=[32m&quot;flex-wrap: nowrap; flex-direction: row; flex-grow: 0; flex-shrink: 1; margin-right: 2px; overflow-x: visible; overflow-y: visible;&quot;[39m
        [36m&gt;[39m
          [36m&lt;ink-text[39m
            [33mstyle[39m=[32m&quot;flex-grow: 0; flex-shrink: 1; flex-direction: row; text-wrap: wrap;&quot;[39m
          [36m&gt;[39m
            [0m[[0m
            [0m1[0m
            [0m] [0m
            [0m記憶一覧[0m
          [36m&lt;/ink-text&gt;[39m
        [36m&lt;/ink-box&gt;[39m
        [36m&lt;ink-box[39m
          [33mstyle[39m=[32m&quot;flex-wrap: nowrap; flex-direction: row; flex-grow: 0; flex-shrink: 1; margin-right: 2px; overflow-x: visible; overflow-y: visible;&quot;[39m
        [36m&gt;[39m
          [36m&lt;ink-text[39m
            [33mstyle[39m=[32m&quot;flex-grow: 0; flex-shrink: 1; flex-direction: row; text-wrap: wrap;&quot;[39m
          [36m&gt;[39m
            [0m[[0m
            [0m2[0m
            [0m] [0m
            [0mシナプス結合[0m
          [36m&lt;/ink-text&gt;[39m
        [36m&lt;/ink-box&gt;[39m
        [36m&lt;ink-box[39m
          [33mstyle[39m=[32m&quot;flex-wrap: nowrap; flex-direction: row; flex-grow: 0; flex-shrink: 1; margin-right: 2px; overflow-x: visible; overflow-y: visible;&quot;[39m
        [36m&gt;[39m
          [36m&lt;ink-text[39m
            [33mstyle[39m=[32m&quot;flex-grow: 0; flex-shrink: 1; flex-direction: row; text-wrap: wrap;&quot;[39m
          [36m&gt;[39m
            [0m[[0m
            [0m3[0m
            [0m] [0m
            [0mネットワーク診断[0m
          [36m&lt;/ink-text&gt;[39m
        [36m&lt;/ink-box&gt;[39m
        [36m&lt;ink-box[39m
          [33mstyle[39m=[32m&quot;flex-wrap: nowrap; flex-direction: row; flex-grow: 0; flex-shrink: 1; margin-right: 2px; overflow-x: visible; overflow-y: visible;&quot;[39m
        [36m&gt;[39m
          [36m&lt;ink-text[39m
            [33mstyle[39m=[32m&quot;flex-grow: 0; flex-shrink: 1; flex-direction: row; text-wrap: wrap;&quot;[39m
          [36m&gt;[39m
            [0m[[0m
            [0m4[0m
            [0m] [0m
            [0m設定[0m
          [36m&lt;/ink-text&gt;[39m
        [36m&lt;/ink-box&gt;[39m
      [36m&lt;/ink-box&gt;[39m
      [36m&lt;ink-box[39m
        [33mstyle[39m=[32m&quot;flex-wrap: nowrap; flex-direction: row; flex-grow: 1; flex-shrink: 1; overflow: hidden; overflow-x: hidden; overflow-y: hidden;&quot;[39m
      [36m&gt;[39m
        [36m&lt;ink-box[39m
          [33mstyle[39m=[32m&quot;flex-wrap: nowrap; flex-direction: column; flex-grow: 1; flex-shrink: 1; overflow-x: visible; overflow-y: visible;&quot;[39m
        [36m&gt;[39m
          [36m&lt;ink-box[39m
            [33mstyle[39m=[32m&quot;flex-wrap: nowrap; flex-direction: row; flex-grow: 0; flex-shrink: 1; margin-bottom: 1px; overflow-x: visible; overflow-y: visible;&quot;[39m
          [36m&gt;[39m
            [36m&lt;ink-text[39m
              [33mstyle[39m=[32m&quot;flex-grow: 0; flex-shrink: 1; flex-direction: row; text-wrap: wrap;&quot;[39m
            [36m&gt;[39m
              [0m記憶一覧 ([0m
              [0m3[0m
              [0m件)[0m
            [36m&lt;/ink-text&gt;[39m
          [36m&lt;/ink-box&gt;[39m
          [36m&lt;ink-box[39m
            [33mstyle[39m=[32m&quot;flex-wrap: nowrap; flex-direction: column; flex-grow: 0; flex-shrink: 0; width: 48px; overflow-x: visible; overflow-y: visible;&quot;[39m
          [36m&gt;[39m
            [36m&lt;ink-box[39m
              [33mstyle[39m=[32m&quot;flex-wrap: nowrap; flex-direction: row; flex-grow: 0; flex-shrink: 1; overflow-x: visible; overflow-y: visible;&quot;[39m
            [36m&gt;[39m
              [36m&lt;ink-text[39m
                [33mstyle[39m=[32m&quot;flex-grow: 0; flex-shrink: 1; flex-direction: row; text-wrap: wrap;&quot;[39m
              [36m&gt;[39m
                [0m► [0m
              [36m&lt;/ink-text&gt;[39m
              [36m&lt;ink-text[39m
                [33mstyle[39m=[32m&quot;flex-grow: 0; flex-shrink: 1; flex-direction: row; text-wrap: wrap;&quot;[39m
              [36m&gt;[39m
                [0m[[0m
              [36m&lt;/ink-text&gt;[39m
              [36m&lt;ink-text[39m
                [33mstyle[39m=[32m&quot;flex-grow: 0; flex-shrink: 1; flex-direction: row; text-wrap: wrap;&quot;[39m
              [36m&gt;[39m
                [0mmem-001[0m
              [36m&lt;/ink-text&gt;[39m
              [36m&lt;ink-text[39m
                [33mstyle[39m=[32m&quot;flex-grow: 0; flex-shrink: 1; flex-direction: row; text-wrap: wrap;&quot;[39m
              [36m&gt;[39m
                [0m] [0m
              [36m&lt;/ink-text&gt;[39m
              [36m&lt;ink-text[39m
                [33mstyle[39m=[32m&quot;flex-grow: 0; flex-shrink: 1; flex-direction: row; text-wrap: wrap;&quot;[39m
              [36m&gt;[39m
                [0mGPT-5プロンプトガイドの分析結果[0m
              [36m&lt;/ink-text&gt;[39m
            [36m&lt;/ink-box&gt;[39m
            [36m&lt;ink-box[39m
              [33mstyle[39m=[32m&quot;flex-wrap: nowrap; flex-direction: row; flex-grow: 0; flex-shrink: 1; overflow-x: visible; overflow-y: visible;&quot;[39m
            [36m&gt;[39m
              [36m&lt;ink-text[39m
                [33mstyle[39m=[32m&quot;flex-grow: 0; flex-shrink: 1; flex-direction: row; text-wrap: wrap;&quot;[39m
              [36m&gt;[39m
                [0m  [0m
              [36m&lt;/ink-text&gt;[39m
              [36m&lt;ink-text[39m
                [33mstyle[39m=[32m&quot;flex-grow: 0; flex-shrink: 1; flex-direction: row; text-wrap: wrap;&quot;[39m
              [36m&gt;[39m
                [0m[[0m
              [36m&lt;/ink-text&gt;[39m
              [36m&lt;ink-text[39m
                [33mstyle[39m=[32m&quot;flex-grow: 0; flex-shrink: 1; flex-direction: row; text-wrap: wrap;&quot;[39m
              [36m&gt;[39m
                [0mmem-002[0m
              [36m&lt;/ink-text&gt;[39m
              [36m&lt;ink-text[39m
                [33mstyle[39m=[32m&quot;flex-grow: 0; flex-shrink: 1; flex-direction: row; text-wrap: wrap;&quot;[39m
              [36m&gt;[39m
                [0m] [0m
              [36m&lt;/ink-text&gt;[39m
              [36m&lt;ink-text[39m
                [33mstyle[39m=[32m&quot;flex-grow: 0; flex-shrink: 1; flex-direction: row; text-wrap: wrap;&quot;[39m
              [36m&gt;[39m
                [0mシナプス記憶システムのPhase 2実装完了[0m
              [36m&lt;/ink-text&gt;[39m
            [36m&lt;/ink-box&gt;[39m
            [36m&lt;ink-box[39m
              [33mstyle[39m=[32m&quot;flex-wrap: nowrap; flex-direction: row; flex-grow: 0; flex-shrink: 1; overflow-x: visible; overflow-y: visible;&quot;[39m
            [36m&gt;[39m
              [36m&lt;ink-text[39m
                [33mstyle[39m=[32m&quot;flex-grow: 0; flex-shrink: 1; flex-direction: row; text-wrap: wrap;&quot;[39m
              [36m&gt;[39m
                [0m  [0m
              [36m&lt;/ink-text&gt;[39m
              [36m&lt;ink-text[39m
                [33mstyle[39m=[32m&quot;flex-grow: 0; flex-shrink: 1; flex-direction: row; text-wrap: wrap;&quot;[39m
              [36m&gt;[39m
                [0m[[0m
              [36m&lt;/ink-text&gt;[39m
              [36m&lt;ink-text[39m
                [33mstyle[39m=[32m&quot;flex-grow: 0; flex-shrink: 1; flex-direction: row; text-wrap: wrap;&quot;[39m
              [36m&gt;[39m
                [0mmem-003[0m
              [36m&lt;/ink-text&gt;[39m
              [36m&lt;ink-text[39m
                [33mstyle[39m=[32m&quot;flex-grow: 0; flex-shrink: 1; flex-direction: row; text-wrap: wrap;&quot;[39m
              [36m&gt;[39m
                [0m] [0m
              [36m&lt;/ink-text&gt;[39m
              [36m&lt;ink-text[39m
                [33mstyle[39m=[32m&quot;flex-grow: 0; flex-shrink: 1; flex-direction: row; text-wrap: wrap;&quot;[39m
              [36m&gt;[39m
                [0mRESTful API設計とエンドポイント定義[0m
              [36m&lt;/ink-text&gt;[39m
            [36m&lt;/ink-box&gt;[39m
          [36m&lt;/ink-box&gt;[39m
          [36m&lt;ink-box[39m
            [33mstyle[39m=[32m&quot;flex-wrap: nowrap; flex-direction: row; flex-grow: 0; flex-shrink: 1; margin-top: 1px; border-color: rgb(108, 112, 134); padding: 1px; overflow-x: visible; overflow-y: visible;&quot;[39m
          [36m&gt;[39m
            [36m&lt;ink-box[39m
              [33mstyle[39m=[32m&quot;flex-wrap: nowrap; flex-direction: column; flex-grow: 0; flex-shrink: 1; overflow-x: visible; overflow-y: visible;&quot;[39m
            [36m&gt;[39m
              [36m&lt;ink-text[39m
                [33mstyle[39m=[32m&quot;flex-grow: 0; flex-shrink: 1; flex-direction: row; text-wrap: wrap;&quot;[39m
              [36m&gt;[39m
                [0m詳細:[0m
              [36m&lt;/ink-text&gt;[39m
              [36m&lt;ink-text[39m
                [33mstyle[39m=[32m&quot;flex-grow: 0; flex-shrink: 1; flex-direction: row; text-wrap: wrap;&quot;[39m
              [36m&gt;[39m
                [0mID: [0m
                [0mmem-001[0m
              [36m&lt;/ink-text&gt;[39m
              [36m&lt;ink-text[39m
                [33mstyle[39m=[32m&quot;flex-grow: 0; flex-shrink: 1; flex-direction: row; text-wrap: wrap;&quot;[39m
              [36m&gt;[39m
                [0mアクセス数: [0m
                [0m15[0m
              [36m&lt;/ink-text&gt;[39m
              [36m&lt;ink-text[39m
                [33mstyle[39m=[32m&quot;flex-grow: 0; flex-shrink: 1; flex-direction: row; text-wrap: wrap;&quot;[39m
              [36m&gt;[39m
                [0m成功率: [0m
                [0m92.0[0m
                [0m%[0m
              [36m&lt;/ink-text&gt;[39m
              [36m&lt;ink-text[39m
                [33mstyle[39m=[32m&quot;flex-grow: 0; flex-shrink: 1; flex-direction: row; text-wrap: wrap;&quot;[39m
              [36m&gt;[39m
                [0mタグ: [0m
                [0mgpt5, prompting, analysis[0m
              [36m&lt;/ink-text&gt;[39m
            [36m&lt;/ink-box&gt;[39m
          [36m&lt;/ink-box&gt;[39m
        [36m&lt;/ink-box&gt;[39m
      [36m&lt;/ink-box&gt;[39m
      [36m&lt;ink-box[39m
        [33mstyle[39m=[32m&quot;flex-wrap: nowrap; flex-direction: row; flex-grow: 0; flex-shrink: 1; margin-top: 1px; border-color: rgb(108, 112, 134); padding: 1px; overflow-x: visible; overflow-y: visible;&quot;[39m
      [36m&gt;[39m
        [36m&lt;ink-text[39m
          [33mstyle[39m=[32m&quot;flex-grow: 0; flex-shrink: 1; flex-direction: row; text-wrap: wrap;&quot;[39m
        [36m&gt;[39m
          [0mTab: タブ切替 | ↑↓: 記憶選択 | q: 終了[0m
        [36m&lt;/ink-text&gt;[39m
      [36m&lt;/ink-box&gt;[39m
    [36m&lt;/ink-box&gt;[39m
  [36m&lt;/div&gt;[39m
[36m&lt;/body&gt;[39m" type="TestingLibraryElementError">
TestingLibraryElementError: Unable to find an element with the text: Health. This could be because the text is broken up by multiple elements. In this case, you can provide a function for your text matcher to make your matcher more flexible.

Ignored nodes: comments, script, style
&lt;body&gt;
  &lt;div&gt;
    &lt;ink-box
      style=&quot;flex-wrap: nowrap; flex-direction: column; flex-grow: 0; flex-shrink: 1; width: 52px; height: 20px; padding: 1px; overflow-x: visible; overflow-y: visible;&quot;
    &gt;
      &lt;ink-box
        style=&quot;flex-wrap: nowrap; flex-direction: row; flex-grow: 0; flex-shrink: 1; margin-bottom: 1px; overflow-x: visible; overflow-y: visible;&quot;
      &gt;
        &lt;ink-text
          style=&quot;flex-grow: 0; flex-shrink: 1; flex-direction: row; text-wrap: wrap;&quot;
        &gt;
          シナプス記憶システム ダッシュボード
        &lt;/ink-text&gt;
      &lt;/ink-box&gt;
      &lt;ink-box
        style=&quot;flex-wrap: nowrap; flex-direction: row; flex-grow: 0; flex-shrink: 1; margin-bottom: 1px; overflow-x: visible; overflow-y: visible;&quot;
      &gt;
        &lt;ink-box
          style=&quot;flex-wrap: nowrap; flex-direction: row; flex-grow: 0; flex-shrink: 1; margin-right: 2px; overflow-x: visible; overflow-y: visible;&quot;
        &gt;
          &lt;ink-text
            style=&quot;flex-grow: 0; flex-shrink: 1; flex-direction: row; text-wrap: wrap;&quot;
          &gt;
            [
            1
            ] 
            記憶一覧
          &lt;/ink-text&gt;
        &lt;/ink-box&gt;
        &lt;ink-box
          style=&quot;flex-wrap: nowrap; flex-direction: row; flex-grow: 0; flex-shrink: 1; margin-right: 2px; overflow-x: visible; overflow-y: visible;&quot;
        &gt;
          &lt;ink-text
            style=&quot;flex-grow: 0; flex-shrink: 1; flex-direction: row; text-wrap: wrap;&quot;
          &gt;
            [
            2
            ] 
            シナプス結合
          &lt;/ink-text&gt;
        &lt;/ink-box&gt;
        &lt;ink-box
          style=&quot;flex-wrap: nowrap; flex-direction: row; flex-grow: 0; flex-shrink: 1; margin-right: 2px; overflow-x: visible; overflow-y: visible;&quot;
        &gt;
          &lt;ink-text
            style=&quot;flex-grow: 0; flex-shrink: 1; flex-direction: row; text-wrap: wrap;&quot;
          &gt;
            [
            3
            ] 
            ネットワーク診断
          &lt;/ink-text&gt;
        &lt;/ink-box&gt;
        &lt;ink-box
          style=&quot;flex-wrap: nowrap; flex-direction: row; flex-grow: 0; flex-shrink: 1; margin-right: 2px; overflow-x: visible; overflow-y: visible;&quot;
        &gt;
          &lt;ink-text
            style=&quot;flex-grow: 0; flex-shrink: 1; flex-direction: row; text-wrap: wrap;&quot;
          &gt;
            [
            4
            ] 
            設定
          &lt;/ink-text&gt;
        &lt;/ink-box&gt;
      &lt;/ink-box&gt;
      &lt;ink-box
        style=&quot;flex-wrap: nowrap; flex-direction: row; flex-grow: 1; flex-shrink: 1; overflow: hidden; overflow-x: hidden; overflow-y: hidden;&quot;
      &gt;
        &lt;ink-box
          style=&quot;flex-wrap: nowrap; flex-direction: column; flex-grow: 1; flex-shrink: 1; overflow-x: visible; overflow-y: visible;&quot;
        &gt;
          &lt;ink-box
            style=&quot;flex-wrap: nowrap; flex-direction: row; flex-grow: 0; flex-shrink: 1; margin-bottom: 1px; overflow-x: visible; overflow-y: visible;&quot;
          &gt;
            &lt;ink-text
              style=&quot;flex-grow: 0; flex-shrink: 1; flex-direction: row; text-wrap: wrap;&quot;
            &gt;
              記憶一覧 (
              3
              件)
            &lt;/ink-text&gt;
          &lt;/ink-box&gt;
          &lt;ink-box
            style=&quot;flex-wrap: nowrap; flex-direction: column; flex-grow: 0; flex-shrink: 0; width: 48px; overflow-x: visible; overflow-y: visible;&quot;
          &gt;
            &lt;ink-box
              style=&quot;flex-wrap: nowrap; flex-direction: row; flex-grow: 0; flex-shrink: 1; overflow-x: visible; overflow-y: visible;&quot;
            &gt;
              &lt;ink-text
                style=&quot;flex-grow: 0; flex-shrink: 1; flex-direction: row; text-wrap: wrap;&quot;
              &gt;
                ► 
              &lt;/ink-text&gt;
              &lt;ink-text
                style=&quot;flex-grow: 0; flex-shrink: 1; flex-direction: row; text-wrap: wrap;&quot;
              &gt;
                [
              &lt;/ink-text&gt;
              &lt;ink-text
                style=&quot;flex-grow: 0; flex-shrink: 1; flex-direction: row; text-wrap: wrap;&quot;
              &gt;
                mem-001
              &lt;/ink-text&gt;
              &lt;ink-text
                style=&quot;flex-grow: 0; flex-shrink: 1; flex-direction: row; text-wrap: wrap;&quot;
              &gt;
                ] 
              &lt;/ink-text&gt;
              &lt;ink-text
                style=&quot;flex-grow: 0; flex-shrink: 1; flex-direction: row; text-wrap: wrap;&quot;
              &gt;
                GPT-5プロンプトガイドの分析結果
              &lt;/ink-text&gt;
            &lt;/ink-box&gt;
            &lt;ink-box
              style=&quot;flex-wrap: nowrap; flex-direction: row; flex-grow: 0; flex-shrink: 1; overflow-x: visible; overflow-y: visible;&quot;
            &gt;
              &lt;ink-text
                style=&quot;flex-grow: 0; flex-shrink: 1; flex-direction: row; text-wrap: wrap;&quot;
              &gt;
                  
              &lt;/ink-text&gt;
              &lt;ink-text
                style=&quot;flex-grow: 0; flex-shrink: 1; flex-direction: row; text-wrap: wrap;&quot;
              &gt;
                [
              &lt;/ink-text&gt;
              &lt;ink-text
                style=&quot;flex-grow: 0; flex-shrink: 1; flex-direction: row; text-wrap: wrap;&quot;
              &gt;
                mem-002
              &lt;/ink-text&gt;
              &lt;ink-text
                style=&quot;flex-grow: 0; flex-shrink: 1; flex-direction: row; text-wrap: wrap;&quot;
              &gt;
                ] 
              &lt;/ink-text&gt;
              &lt;ink-text
                style=&quot;flex-grow: 0; flex-shrink: 1; flex-direction: row; text-wrap: wrap;&quot;
              &gt;
                シナプス記憶システムのPhase 2実装完了
              &lt;/ink-text&gt;
            &lt;/ink-box&gt;
            &lt;ink-box
              style=&quot;flex-wrap: nowrap; flex-direction: row; flex-grow: 0; flex-shrink: 1; overflow-x: visible; overflow-y: visible;&quot;
            &gt;
              &lt;ink-text
                style=&quot;flex-grow: 0; flex-shrink: 1; flex-direction: row; text-wrap: wrap;&quot;
              &gt;
                  
              &lt;/ink-text&gt;
              &lt;ink-text
                style=&quot;flex-grow: 0; flex-shrink: 1; flex-direction: row; text-wrap: wrap;&quot;
              &gt;
                [
              &lt;/ink-text&gt;
              &lt;ink-text
                style=&quot;flex-grow: 0; flex-shrink: 1; flex-direction: row; text-wrap: wrap;&quot;
              &gt;
                mem-003
              &lt;/ink-text&gt;
              &lt;ink-text
                style=&quot;flex-grow: 0; flex-shrink: 1; flex-direction: row; text-wrap: wrap;&quot;
              &gt;
                ] 
              &lt;/ink-text&gt;
              &lt;ink-text
                style=&quot;flex-grow: 0; flex-shrink: 1; flex-direction: row; text-wrap: wrap;&quot;
              &gt;
                RESTful API設計とエンドポイント定義
              &lt;/ink-text&gt;
            &lt;/ink-box&gt;
          &lt;/ink-box&gt;
          &lt;ink-box
            style=&quot;flex-wrap: nowrap; flex-direction: row; flex-grow: 0; flex-shrink: 1; margin-top: 1px; border-color: rgb(108, 112, 134); padding: 1px; overflow-x: visible; overflow-y: visible;&quot;
          &gt;
            &lt;ink-box
              style=&quot;flex-wrap: nowrap; flex-direction: column; flex-grow: 0; flex-shrink: 1; overflow-x: visible; overflow-y: visible;&quot;
            &gt;
              &lt;ink-text
                style=&quot;flex-grow: 0; flex-shrink: 1; flex-direction: row; text-wrap: wrap;&quot;
              &gt;
                詳細:
              &lt;/ink-text&gt;
              &lt;ink-text
                style=&quot;flex-grow: 0; flex-shrink: 1; flex-direction: row; text-wrap: wrap;&quot;
              &gt;
                ID: 
                mem-001
              &lt;/ink-text&gt;
              &lt;ink-text
                style=&quot;flex-grow: 0; flex-shrink: 1; flex-direction: row; text-wrap: wrap;&quot;
              &gt;
                アクセス数: 
                15
              &lt;/ink-text&gt;
              &lt;ink-text
                style=&quot;flex-grow: 0; flex-shrink: 1; flex-direction: row; text-wrap: wrap;&quot;
              &gt;
                成功率: 
                92.0
                %
              &lt;/ink-text&gt;
              &lt;ink-text
                style=&quot;flex-grow: 0; flex-shrink: 1; flex-direction: row; text-wrap: wrap;&quot;
              &gt;
                タグ: 
                gpt5, prompting, analysis
              &lt;/ink-text&gt;
            &lt;/ink-box&gt;
          &lt;/ink-box&gt;
        &lt;/ink-box&gt;
      &lt;/ink-box&gt;
      &lt;ink-box
        style=&quot;flex-wrap: nowrap; flex-direction: row; flex-grow: 0; flex-shrink: 1; margin-top: 1px; border-color: rgb(108, 112, 134); padding: 1px; overflow-x: visible; overflow-y: visible;&quot;
      &gt;
        &lt;ink-text
          style=&quot;flex-grow: 0; flex-shrink: 1; flex-direction: row; text-wrap: wrap;&quot;
        &gt;
          Tab: タブ切替 | ↑↓: 記憶選択 | q: 終了
        &lt;/ink-text&gt;
      &lt;/ink-box&gt;
    &lt;/ink-box&gt;
  &lt;/div&gt;
&lt;/body&gt;
 ❯ Object.getElementError node_modules/@testing-library/dom/dist/config.js:37:19
 ❯ node_modules/@testing-library/dom/dist/query-helpers.js:76:38
 ❯ node_modules/@testing-library/dom/dist/query-helpers.js:52:17
 ❯ node_modules/@testing-library/dom/dist/query-helpers.js:95:19
 ❯ src/ui/components/SynapticMemoryDashboard.test.tsx:126:28
            </failure>
        </testcase>
        <testcase classname="src/ui/components/SynapticMemoryDashboard.test.tsx" name="SynapticMemoryDashboard &gt; Healthタブで問題と提案が表示されること" time="0.010832833">
            <failure message="Unable to find an element with the text: Health. This could be because the text is broken up by multiple elements. In this case, you can provide a function for your text matcher to make your matcher more flexible.

Ignored nodes: comments, script, style
[36m&lt;body&gt;[39m
  [36m&lt;div&gt;[39m
    [36m&lt;ink-box[39m
      [33mstyle[39m=[32m&quot;flex-wrap: nowrap; flex-direction: column; flex-grow: 0; flex-shrink: 1; width: 52px; height: 20px; padding: 1px; overflow-x: visible; overflow-y: visible;&quot;[39m
    [36m&gt;[39m
      [36m&lt;ink-box[39m
        [33mstyle[39m=[32m&quot;flex-wrap: nowrap; flex-direction: row; flex-grow: 0; flex-shrink: 1; margin-bottom: 1px; overflow-x: visible; overflow-y: visible;&quot;[39m
      [36m&gt;[39m
        [36m&lt;ink-text[39m
          [33mstyle[39m=[32m&quot;flex-grow: 0; flex-shrink: 1; flex-direction: row; text-wrap: wrap;&quot;[39m
        [36m&gt;[39m
          [0mシナプス記憶システム ダッシュボード[0m
        [36m&lt;/ink-text&gt;[39m
      [36m&lt;/ink-box&gt;[39m
      [36m&lt;ink-box[39m
        [33mstyle[39m=[32m&quot;flex-wrap: nowrap; flex-direction: row; flex-grow: 0; flex-shrink: 1; margin-bottom: 1px; overflow-x: visible; overflow-y: visible;&quot;[39m
      [36m&gt;[39m
        [36m&lt;ink-box[39m
          [33mstyle[39m=[32m&quot;flex-wrap: nowrap; flex-direction: row; flex-grow: 0; flex-shrink: 1; margin-right: 2px; overflow-x: visible; overflow-y: visible;&quot;[39m
        [36m&gt;[39m
          [36m&lt;ink-text[39m
            [33mstyle[39m=[32m&quot;flex-grow: 0; flex-shrink: 1; flex-direction: row; text-wrap: wrap;&quot;[39m
          [36m&gt;[39m
            [0m[[0m
            [0m1[0m
            [0m] [0m
            [0m記憶一覧[0m
          [36m&lt;/ink-text&gt;[39m
        [36m&lt;/ink-box&gt;[39m
        [36m&lt;ink-box[39m
          [33mstyle[39m=[32m&quot;flex-wrap: nowrap; flex-direction: row; flex-grow: 0; flex-shrink: 1; margin-right: 2px; overflow-x: visible; overflow-y: visible;&quot;[39m
        [36m&gt;[39m
          [36m&lt;ink-text[39m
            [33mstyle[39m=[32m&quot;flex-grow: 0; flex-shrink: 1; flex-direction: row; text-wrap: wrap;&quot;[39m
          [36m&gt;[39m
            [0m[[0m
            [0m2[0m
            [0m] [0m
            [0mシナプス結合[0m
          [36m&lt;/ink-text&gt;[39m
        [36m&lt;/ink-box&gt;[39m
        [36m&lt;ink-box[39m
          [33mstyle[39m=[32m&quot;flex-wrap: nowrap; flex-direction: row; flex-grow: 0; flex-shrink: 1; margin-right: 2px; overflow-x: visible; overflow-y: visible;&quot;[39m
        [36m&gt;[39m
          [36m&lt;ink-text[39m
            [33mstyle[39m=[32m&quot;flex-grow: 0; flex-shrink: 1; flex-direction: row; text-wrap: wrap;&quot;[39m
          [36m&gt;[39m
            [0m[[0m
            [0m3[0m
            [0m] [0m
            [0mネットワーク診断[0m
          [36m&lt;/ink-text&gt;[39m
        [36m&lt;/ink-box&gt;[39m
        [36m&lt;ink-box[39m
          [33mstyle[39m=[32m&quot;flex-wrap: nowrap; flex-direction: row; flex-grow: 0; flex-shrink: 1; margin-right: 2px; overflow-x: visible; overflow-y: visible;&quot;[39m
        [36m&gt;[39m
          [36m&lt;ink-text[39m
            [33mstyle[39m=[32m&quot;flex-grow: 0; flex-shrink: 1; flex-direction: row; text-wrap: wrap;&quot;[39m
          [36m&gt;[39m
            [0m[[0m
            [0m4[0m
            [0m] [0m
            [0m設定[0m
          [36m&lt;/ink-text&gt;[39m
        [36m&lt;/ink-box&gt;[39m
      [36m&lt;/ink-box&gt;[39m
      [36m&lt;ink-box[39m
        [33mstyle[39m=[32m&quot;flex-wrap: nowrap; flex-direction: row; flex-grow: 1; flex-shrink: 1; overflow: hidden; overflow-x: hidden; overflow-y: hidden;&quot;[39m
      [36m&gt;[39m
        [36m&lt;ink-box[39m
          [33mstyle[39m=[32m&quot;flex-wrap: nowrap; flex-direction: column; flex-grow: 1; flex-shrink: 1; overflow-x: visible; overflow-y: visible;&quot;[39m
        [36m&gt;[39m
          [36m&lt;ink-box[39m
            [33mstyle[39m=[32m&quot;flex-wrap: nowrap; flex-direction: row; flex-grow: 0; flex-shrink: 1; margin-bottom: 1px; overflow-x: visible; overflow-y: visible;&quot;[39m
          [36m&gt;[39m
            [36m&lt;ink-text[39m
              [33mstyle[39m=[32m&quot;flex-grow: 0; flex-shrink: 1; flex-direction: row; text-wrap: wrap;&quot;[39m
            [36m&gt;[39m
              [0m記憶一覧 ([0m
              [0m3[0m
              [0m件)[0m
            [36m&lt;/ink-text&gt;[39m
          [36m&lt;/ink-box&gt;[39m
          [36m&lt;ink-box[39m
            [33mstyle[39m=[32m&quot;flex-wrap: nowrap; flex-direction: column; flex-grow: 0; flex-shrink: 0; width: 48px; overflow-x: visible; overflow-y: visible;&quot;[39m
          [36m&gt;[39m
            [36m&lt;ink-box[39m
              [33mstyle[39m=[32m&quot;flex-wrap: nowrap; flex-direction: row; flex-grow: 0; flex-shrink: 1; overflow-x: visible; overflow-y: visible;&quot;[39m
            [36m&gt;[39m
              [36m&lt;ink-text[39m
                [33mstyle[39m=[32m&quot;flex-grow: 0; flex-shrink: 1; flex-direction: row; text-wrap: wrap;&quot;[39m
              [36m&gt;[39m
                [0m► [0m
              [36m&lt;/ink-text&gt;[39m
              [36m&lt;ink-text[39m
                [33mstyle[39m=[32m&quot;flex-grow: 0; flex-shrink: 1; flex-direction: row; text-wrap: wrap;&quot;[39m
              [36m&gt;[39m
                [0m[[0m
              [36m&lt;/ink-text&gt;[39m
              [36m&lt;ink-text[39m
                [33mstyle[39m=[32m&quot;flex-grow: 0; flex-shrink: 1; flex-direction: row; text-wrap: wrap;&quot;[39m
              [36m&gt;[39m
                [0mmem-001[0m
              [36m&lt;/ink-text&gt;[39m
              [36m&lt;ink-text[39m
                [33mstyle[39m=[32m&quot;flex-grow: 0; flex-shrink: 1; flex-direction: row; text-wrap: wrap;&quot;[39m
              [36m&gt;[39m
                [0m] [0m
              [36m&lt;/ink-text&gt;[39m
              [36m&lt;ink-text[39m
                [33mstyle[39m=[32m&quot;flex-grow: 0; flex-shrink: 1; flex-direction: row; text-wrap: wrap;&quot;[39m
              [36m&gt;[39m
                [0mGPT-5プロンプトガイドの分析結果[0m
              [36m&lt;/ink-text&gt;[39m
            [36m&lt;/ink-box&gt;[39m
            [36m&lt;ink-box[39m
              [33mstyle[39m=[32m&quot;flex-wrap: nowrap; flex-direction: row; flex-grow: 0; flex-shrink: 1; overflow-x: visible; overflow-y: visible;&quot;[39m
            [36m&gt;[39m
              [36m&lt;ink-text[39m
                [33mstyle[39m=[32m&quot;flex-grow: 0; flex-shrink: 1; flex-direction: row; text-wrap: wrap;&quot;[39m
              [36m&gt;[39m
                [0m  [0m
              [36m&lt;/ink-text&gt;[39m
              [36m&lt;ink-text[39m
                [33mstyle[39m=[32m&quot;flex-grow: 0; flex-shrink: 1; flex-direction: row; text-wrap: wrap;&quot;[39m
              [36m&gt;[39m
                [0m[[0m
              [36m&lt;/ink-text&gt;[39m
              [36m&lt;ink-text[39m
                [33mstyle[39m=[32m&quot;flex-grow: 0; flex-shrink: 1; flex-direction: row; text-wrap: wrap;&quot;[39m
              [36m&gt;[39m
                [0mmem-002[0m
              [36m&lt;/ink-text&gt;[39m
              [36m&lt;ink-text[39m
                [33mstyle[39m=[32m&quot;flex-grow: 0; flex-shrink: 1; flex-direction: row; text-wrap: wrap;&quot;[39m
              [36m&gt;[39m
                [0m] [0m
              [36m&lt;/ink-text&gt;[39m
              [36m&lt;ink-text[39m
                [33mstyle[39m=[32m&quot;flex-grow: 0; flex-shrink: 1; flex-direction: row; text-wrap: wrap;&quot;[39m
              [36m&gt;[39m
                [0mシナプス記憶システムのPhase 2実装完了[0m
              [36m&lt;/ink-text&gt;[39m
            [36m&lt;/ink-box&gt;[39m
            [36m&lt;ink-box[39m
              [33mstyle[39m=[32m&quot;flex-wrap: nowrap; flex-direction: row; flex-grow: 0; flex-shrink: 1; overflow-x: visible; overflow-y: visible;&quot;[39m
            [36m&gt;[39m
              [36m&lt;ink-text[39m
                [33mstyle[39m=[32m&quot;flex-grow: 0; flex-shrink: 1; flex-direction: row; text-wrap: wrap;&quot;[39m
              [36m&gt;[39m
                [0m  [0m
              [36m&lt;/ink-text&gt;[39m
              [36m&lt;ink-text[39m
                [33mstyle[39m=[32m&quot;flex-grow: 0; flex-shrink: 1; flex-direction: row; text-wrap: wrap;&quot;[39m
              [36m&gt;[39m
                [0m[[0m
              [36m&lt;/ink-text&gt;[39m
              [36m&lt;ink-text[39m
                [33mstyle[39m=[32m&quot;flex-grow: 0; flex-shrink: 1; flex-direction: row; text-wrap: wrap;&quot;[39m
              [36m&gt;[39m
                [0mmem-003[0m
              [36m&lt;/ink-text&gt;[39m
              [36m&lt;ink-text[39m
                [33mstyle[39m=[32m&quot;flex-grow: 0; flex-shrink: 1; flex-direction: row; text-wrap: wrap;&quot;[39m
              [36m&gt;[39m
                [0m] [0m
              [36m&lt;/ink-text&gt;[39m
              [36m&lt;ink-text[39m
                [33mstyle[39m=[32m&quot;flex-grow: 0; flex-shrink: 1; flex-direction: row; text-wrap: wrap;&quot;[39m
              [36m&gt;[39m
                [0mRESTful API設計とエンドポイント定義[0m
              [36m&lt;/ink-text&gt;[39m
            [36m&lt;/ink-box&gt;[39m
          [36m&lt;/ink-box&gt;[39m
          [36m&lt;ink-box[39m
            [33mstyle[39m=[32m&quot;flex-wrap: nowrap; flex-direction: row; flex-grow: 0; flex-shrink: 1; margin-top: 1px; border-color: rgb(108, 112, 134); padding: 1px; overflow-x: visible; overflow-y: visible;&quot;[39m
          [36m&gt;[39m
            [36m&lt;ink-box[39m
              [33mstyle[39m=[32m&quot;flex-wrap: nowrap; flex-direction: column; flex-grow: 0; flex-shrink: 1; overflow-x: visible; overflow-y: visible;&quot;[39m
            [36m&gt;[39m
              [36m&lt;ink-text[39m
                [33mstyle[39m=[32m&quot;flex-grow: 0; flex-shrink: 1; flex-direction: row; text-wrap: wrap;&quot;[39m
              [36m&gt;[39m
                [0m詳細:[0m
              [36m&lt;/ink-text&gt;[39m
              [36m&lt;ink-text[39m
                [33mstyle[39m=[32m&quot;flex-grow: 0; flex-shrink: 1; flex-direction: row; text-wrap: wrap;&quot;[39m
              [36m&gt;[39m
                [0mID: [0m
                [0mmem-001[0m
              [36m&lt;/ink-text&gt;[39m
              [36m&lt;ink-text[39m
                [33mstyle[39m=[32m&quot;flex-grow: 0; flex-shrink: 1; flex-direction: row; text-wrap: wrap;&quot;[39m
              [36m&gt;[39m
                [0mアクセス数: [0m
                [0m15[0m
              [36m&lt;/ink-text&gt;[39m
              [36m&lt;ink-text[39m
                [33mstyle[39m=[32m&quot;flex-grow: 0; flex-shrink: 1; flex-direction: row; text-wrap: wrap;&quot;[39m
              [36m&gt;[39m
                [0m成功率: [0m
                [0m92.0[0m
                [0m%[0m
              [36m&lt;/ink-text&gt;[39m
              [36m&lt;ink-text[39m
                [33mstyle[39m=[32m&quot;flex-grow: 0; flex-shrink: 1; flex-direction: row; text-wrap: wrap;&quot;[39m
              [36m&gt;[39m
                [0mタグ: [0m
                [0mgpt5, prompting, analysis[0m
              [36m&lt;/ink-text&gt;[39m
            [36m&lt;/ink-box&gt;[39m
          [36m&lt;/ink-box&gt;[39m
        [36m&lt;/ink-box&gt;[39m
      [36m&lt;/ink-box&gt;[39m
      [36m&lt;ink-box[39m
        [33mstyle[39m=[32m&quot;flex-wrap: nowrap; flex-direction: row; flex-grow: 0; flex-shrink: 1; margin-top: 1px; border-color: rgb(108, 112, 134); padding: 1px; overflow-x: visible; overflow-y: visible;&quot;[39m
      [36m&gt;[39m
        [36m&lt;ink-text[39m
          [33mstyle[39m=[32m&quot;flex-grow: 0; flex-shrink: 1; flex-direction: row; text-wrap: wrap;&quot;[39m
        [36m&gt;[39m
          [0mTab: タブ切替 | ↑↓: 記憶選択 | q: 終了[0m
        [36m&lt;/ink-text&gt;[39m
      [36m&lt;/ink-box&gt;[39m
    [36m&lt;/ink-box&gt;[39m
  [36m&lt;/div&gt;[39m
[36m&lt;/body&gt;[39m" type="TestingLibraryElementError">
TestingLibraryElementError: Unable to find an element with the text: Health. This could be because the text is broken up by multiple elements. In this case, you can provide a function for your text matcher to make your matcher more flexible.

Ignored nodes: comments, script, style
&lt;body&gt;
  &lt;div&gt;
    &lt;ink-box
      style=&quot;flex-wrap: nowrap; flex-direction: column; flex-grow: 0; flex-shrink: 1; width: 52px; height: 20px; padding: 1px; overflow-x: visible; overflow-y: visible;&quot;
    &gt;
      &lt;ink-box
        style=&quot;flex-wrap: nowrap; flex-direction: row; flex-grow: 0; flex-shrink: 1; margin-bottom: 1px; overflow-x: visible; overflow-y: visible;&quot;
      &gt;
        &lt;ink-text
          style=&quot;flex-grow: 0; flex-shrink: 1; flex-direction: row; text-wrap: wrap;&quot;
        &gt;
          シナプス記憶システム ダッシュボード
        &lt;/ink-text&gt;
      &lt;/ink-box&gt;
      &lt;ink-box
        style=&quot;flex-wrap: nowrap; flex-direction: row; flex-grow: 0; flex-shrink: 1; margin-bottom: 1px; overflow-x: visible; overflow-y: visible;&quot;
      &gt;
        &lt;ink-box
          style=&quot;flex-wrap: nowrap; flex-direction: row; flex-grow: 0; flex-shrink: 1; margin-right: 2px; overflow-x: visible; overflow-y: visible;&quot;
        &gt;
          &lt;ink-text
            style=&quot;flex-grow: 0; flex-shrink: 1; flex-direction: row; text-wrap: wrap;&quot;
          &gt;
            [
            1
            ] 
            記憶一覧
          &lt;/ink-text&gt;
        &lt;/ink-box&gt;
        &lt;ink-box
          style=&quot;flex-wrap: nowrap; flex-direction: row; flex-grow: 0; flex-shrink: 1; margin-right: 2px; overflow-x: visible; overflow-y: visible;&quot;
        &gt;
          &lt;ink-text
            style=&quot;flex-grow: 0; flex-shrink: 1; flex-direction: row; text-wrap: wrap;&quot;
          &gt;
            [
            2
            ] 
            シナプス結合
          &lt;/ink-text&gt;
        &lt;/ink-box&gt;
        &lt;ink-box
          style=&quot;flex-wrap: nowrap; flex-direction: row; flex-grow: 0; flex-shrink: 1; margin-right: 2px; overflow-x: visible; overflow-y: visible;&quot;
        &gt;
          &lt;ink-text
            style=&quot;flex-grow: 0; flex-shrink: 1; flex-direction: row; text-wrap: wrap;&quot;
          &gt;
            [
            3
            ] 
            ネットワーク診断
          &lt;/ink-text&gt;
        &lt;/ink-box&gt;
        &lt;ink-box
          style=&quot;flex-wrap: nowrap; flex-direction: row; flex-grow: 0; flex-shrink: 1; margin-right: 2px; overflow-x: visible; overflow-y: visible;&quot;
        &gt;
          &lt;ink-text
            style=&quot;flex-grow: 0; flex-shrink: 1; flex-direction: row; text-wrap: wrap;&quot;
          &gt;
            [
            4
            ] 
            設定
          &lt;/ink-text&gt;
        &lt;/ink-box&gt;
      &lt;/ink-box&gt;
      &lt;ink-box
        style=&quot;flex-wrap: nowrap; flex-direction: row; flex-grow: 1; flex-shrink: 1; overflow: hidden; overflow-x: hidden; overflow-y: hidden;&quot;
      &gt;
        &lt;ink-box
          style=&quot;flex-wrap: nowrap; flex-direction: column; flex-grow: 1; flex-shrink: 1; overflow-x: visible; overflow-y: visible;&quot;
        &gt;
          &lt;ink-box
            style=&quot;flex-wrap: nowrap; flex-direction: row; flex-grow: 0; flex-shrink: 1; margin-bottom: 1px; overflow-x: visible; overflow-y: visible;&quot;
          &gt;
            &lt;ink-text
              style=&quot;flex-grow: 0; flex-shrink: 1; flex-direction: row; text-wrap: wrap;&quot;
            &gt;
              記憶一覧 (
              3
              件)
            &lt;/ink-text&gt;
          &lt;/ink-box&gt;
          &lt;ink-box
            style=&quot;flex-wrap: nowrap; flex-direction: column; flex-grow: 0; flex-shrink: 0; width: 48px; overflow-x: visible; overflow-y: visible;&quot;
          &gt;
            &lt;ink-box
              style=&quot;flex-wrap: nowrap; flex-direction: row; flex-grow: 0; flex-shrink: 1; overflow-x: visible; overflow-y: visible;&quot;
            &gt;
              &lt;ink-text
                style=&quot;flex-grow: 0; flex-shrink: 1; flex-direction: row; text-wrap: wrap;&quot;
              &gt;
                ► 
              &lt;/ink-text&gt;
              &lt;ink-text
                style=&quot;flex-grow: 0; flex-shrink: 1; flex-direction: row; text-wrap: wrap;&quot;
              &gt;
                [
              &lt;/ink-text&gt;
              &lt;ink-text
                style=&quot;flex-grow: 0; flex-shrink: 1; flex-direction: row; text-wrap: wrap;&quot;
              &gt;
                mem-001
              &lt;/ink-text&gt;
              &lt;ink-text
                style=&quot;flex-grow: 0; flex-shrink: 1; flex-direction: row; text-wrap: wrap;&quot;
              &gt;
                ] 
              &lt;/ink-text&gt;
              &lt;ink-text
                style=&quot;flex-grow: 0; flex-shrink: 1; flex-direction: row; text-wrap: wrap;&quot;
              &gt;
                GPT-5プロンプトガイドの分析結果
              &lt;/ink-text&gt;
            &lt;/ink-box&gt;
            &lt;ink-box
              style=&quot;flex-wrap: nowrap; flex-direction: row; flex-grow: 0; flex-shrink: 1; overflow-x: visible; overflow-y: visible;&quot;
            &gt;
              &lt;ink-text
                style=&quot;flex-grow: 0; flex-shrink: 1; flex-direction: row; text-wrap: wrap;&quot;
              &gt;
                  
              &lt;/ink-text&gt;
              &lt;ink-text
                style=&quot;flex-grow: 0; flex-shrink: 1; flex-direction: row; text-wrap: wrap;&quot;
              &gt;
                [
              &lt;/ink-text&gt;
              &lt;ink-text
                style=&quot;flex-grow: 0; flex-shrink: 1; flex-direction: row; text-wrap: wrap;&quot;
              &gt;
                mem-002
              &lt;/ink-text&gt;
              &lt;ink-text
                style=&quot;flex-grow: 0; flex-shrink: 1; flex-direction: row; text-wrap: wrap;&quot;
              &gt;
                ] 
              &lt;/ink-text&gt;
              &lt;ink-text
                style=&quot;flex-grow: 0; flex-shrink: 1; flex-direction: row; text-wrap: wrap;&quot;
              &gt;
                シナプス記憶システムのPhase 2実装完了
              &lt;/ink-text&gt;
            &lt;/ink-box&gt;
            &lt;ink-box
              style=&quot;flex-wrap: nowrap; flex-direction: row; flex-grow: 0; flex-shrink: 1; overflow-x: visible; overflow-y: visible;&quot;
            &gt;
              &lt;ink-text
                style=&quot;flex-grow: 0; flex-shrink: 1; flex-direction: row; text-wrap: wrap;&quot;
              &gt;
                  
              &lt;/ink-text&gt;
              &lt;ink-text
                style=&quot;flex-grow: 0; flex-shrink: 1; flex-direction: row; text-wrap: wrap;&quot;
              &gt;
                [
              &lt;/ink-text&gt;
              &lt;ink-text
                style=&quot;flex-grow: 0; flex-shrink: 1; flex-direction: row; text-wrap: wrap;&quot;
              &gt;
                mem-003
              &lt;/ink-text&gt;
              &lt;ink-text
                style=&quot;flex-grow: 0; flex-shrink: 1; flex-direction: row; text-wrap: wrap;&quot;
              &gt;
                ] 
              &lt;/ink-text&gt;
              &lt;ink-text
                style=&quot;flex-grow: 0; flex-shrink: 1; flex-direction: row; text-wrap: wrap;&quot;
              &gt;
                RESTful API設計とエンドポイント定義
              &lt;/ink-text&gt;
            &lt;/ink-box&gt;
          &lt;/ink-box&gt;
          &lt;ink-box
            style=&quot;flex-wrap: nowrap; flex-direction: row; flex-grow: 0; flex-shrink: 1; margin-top: 1px; border-color: rgb(108, 112, 134); padding: 1px; overflow-x: visible; overflow-y: visible;&quot;
          &gt;
            &lt;ink-box
              style=&quot;flex-wrap: nowrap; flex-direction: column; flex-grow: 0; flex-shrink: 1; overflow-x: visible; overflow-y: visible;&quot;
            &gt;
              &lt;ink-text
                style=&quot;flex-grow: 0; flex-shrink: 1; flex-direction: row; text-wrap: wrap;&quot;
              &gt;
                詳細:
              &lt;/ink-text&gt;
              &lt;ink-text
                style=&quot;flex-grow: 0; flex-shrink: 1; flex-direction: row; text-wrap: wrap;&quot;
              &gt;
                ID: 
                mem-001
              &lt;/ink-text&gt;
              &lt;ink-text
                style=&quot;flex-grow: 0; flex-shrink: 1; flex-direction: row; text-wrap: wrap;&quot;
              &gt;
                アクセス数: 
                15
              &lt;/ink-text&gt;
              &lt;ink-text
                style=&quot;flex-grow: 0; flex-shrink: 1; flex-direction: row; text-wrap: wrap;&quot;
              &gt;
                成功率: 
                92.0
                %
              &lt;/ink-text&gt;
              &lt;ink-text
                style=&quot;flex-grow: 0; flex-shrink: 1; flex-direction: row; text-wrap: wrap;&quot;
              &gt;
                タグ: 
                gpt5, prompting, analysis
              &lt;/ink-text&gt;
            &lt;/ink-box&gt;
          &lt;/ink-box&gt;
        &lt;/ink-box&gt;
      &lt;/ink-box&gt;
      &lt;ink-box
        style=&quot;flex-wrap: nowrap; flex-direction: row; flex-grow: 0; flex-shrink: 1; margin-top: 1px; border-color: rgb(108, 112, 134); padding: 1px; overflow-x: visible; overflow-y: visible;&quot;
      &gt;
        &lt;ink-text
          style=&quot;flex-grow: 0; flex-shrink: 1; flex-direction: row; text-wrap: wrap;&quot;
        &gt;
          Tab: タブ切替 | ↑↓: 記憶選択 | q: 終了
        &lt;/ink-text&gt;
      &lt;/ink-box&gt;
    &lt;/ink-box&gt;
  &lt;/div&gt;
&lt;/body&gt;
 ❯ Object.getElementError node_modules/@testing-library/dom/dist/config.js:37:19
 ❯ node_modules/@testing-library/dom/dist/query-helpers.js:76:38
 ❯ node_modules/@testing-library/dom/dist/query-helpers.js:52:17
 ❯ node_modules/@testing-library/dom/dist/query-helpers.js:95:19
 ❯ src/ui/components/SynapticMemoryDashboard.test.tsx:140:28
            </failure>
        </testcase>
        <testcase classname="src/ui/components/SynapticMemoryDashboard.test.tsx" name="SynapticMemoryDashboard &gt; Configタブで設定が表示されること" time="0.01754625">
            <failure message="Unable to find an element with the text: Config. This could be because the text is broken up by multiple elements. In this case, you can provide a function for your text matcher to make your matcher more flexible.

Ignored nodes: comments, script, style
[36m&lt;body&gt;[39m
  [36m&lt;div&gt;[39m
    [36m&lt;ink-box[39m
      [33mstyle[39m=[32m&quot;flex-wrap: nowrap; flex-direction: column; flex-grow: 0; flex-shrink: 1; width: 52px; height: 20px; padding: 1px; overflow-x: visible; overflow-y: visible;&quot;[39m
    [36m&gt;[39m
      [36m&lt;ink-box[39m
        [33mstyle[39m=[32m&quot;flex-wrap: nowrap; flex-direction: row; flex-grow: 0; flex-shrink: 1; margin-bottom: 1px; overflow-x: visible; overflow-y: visible;&quot;[39m
      [36m&gt;[39m
        [36m&lt;ink-text[39m
          [33mstyle[39m=[32m&quot;flex-grow: 0; flex-shrink: 1; flex-direction: row; text-wrap: wrap;&quot;[39m
        [36m&gt;[39m
          [0mシナプス記憶システム ダッシュボード[0m
        [36m&lt;/ink-text&gt;[39m
      [36m&lt;/ink-box&gt;[39m
      [36m&lt;ink-box[39m
        [33mstyle[39m=[32m&quot;flex-wrap: nowrap; flex-direction: row; flex-grow: 0; flex-shrink: 1; margin-bottom: 1px; overflow-x: visible; overflow-y: visible;&quot;[39m
      [36m&gt;[39m
        [36m&lt;ink-box[39m
          [33mstyle[39m=[32m&quot;flex-wrap: nowrap; flex-direction: row; flex-grow: 0; flex-shrink: 1; margin-right: 2px; overflow-x: visible; overflow-y: visible;&quot;[39m
        [36m&gt;[39m
          [36m&lt;ink-text[39m
            [33mstyle[39m=[32m&quot;flex-grow: 0; flex-shrink: 1; flex-direction: row; text-wrap: wrap;&quot;[39m
          [36m&gt;[39m
            [0m[[0m
            [0m1[0m
            [0m] [0m
            [0m記憶一覧[0m
          [36m&lt;/ink-text&gt;[39m
        [36m&lt;/ink-box&gt;[39m
        [36m&lt;ink-box[39m
          [33mstyle[39m=[32m&quot;flex-wrap: nowrap; flex-direction: row; flex-grow: 0; flex-shrink: 1; margin-right: 2px; overflow-x: visible; overflow-y: visible;&quot;[39m
        [36m&gt;[39m
          [36m&lt;ink-text[39m
            [33mstyle[39m=[32m&quot;flex-grow: 0; flex-shrink: 1; flex-direction: row; text-wrap: wrap;&quot;[39m
          [36m&gt;[39m
            [0m[[0m
            [0m2[0m
            [0m] [0m
            [0mシナプス結合[0m
          [36m&lt;/ink-text&gt;[39m
        [36m&lt;/ink-box&gt;[39m
        [36m&lt;ink-box[39m
          [33mstyle[39m=[32m&quot;flex-wrap: nowrap; flex-direction: row; flex-grow: 0; flex-shrink: 1; margin-right: 2px; overflow-x: visible; overflow-y: visible;&quot;[39m
        [36m&gt;[39m
          [36m&lt;ink-text[39m
            [33mstyle[39m=[32m&quot;flex-grow: 0; flex-shrink: 1; flex-direction: row; text-wrap: wrap;&quot;[39m
          [36m&gt;[39m
            [0m[[0m
            [0m3[0m
            [0m] [0m
            [0mネットワーク診断[0m
          [36m&lt;/ink-text&gt;[39m
        [36m&lt;/ink-box&gt;[39m
        [36m&lt;ink-box[39m
          [33mstyle[39m=[32m&quot;flex-wrap: nowrap; flex-direction: row; flex-grow: 0; flex-shrink: 1; margin-right: 2px; overflow-x: visible; overflow-y: visible;&quot;[39m
        [36m&gt;[39m
          [36m&lt;ink-text[39m
            [33mstyle[39m=[32m&quot;flex-grow: 0; flex-shrink: 1; flex-direction: row; text-wrap: wrap;&quot;[39m
          [36m&gt;[39m
            [0m[[0m
            [0m4[0m
            [0m] [0m
            [0m設定[0m
          [36m&lt;/ink-text&gt;[39m
        [36m&lt;/ink-box&gt;[39m
      [36m&lt;/ink-box&gt;[39m
      [36m&lt;ink-box[39m
        [33mstyle[39m=[32m&quot;flex-wrap: nowrap; flex-direction: row; flex-grow: 1; flex-shrink: 1; overflow: hidden; overflow-x: hidden; overflow-y: hidden;&quot;[39m
      [36m&gt;[39m
        [36m&lt;ink-box[39m
          [33mstyle[39m=[32m&quot;flex-wrap: nowrap; flex-direction: column; flex-grow: 1; flex-shrink: 1; overflow-x: visible; overflow-y: visible;&quot;[39m
        [36m&gt;[39m
          [36m&lt;ink-box[39m
            [33mstyle[39m=[32m&quot;flex-wrap: nowrap; flex-direction: row; flex-grow: 0; flex-shrink: 1; margin-bottom: 1px; overflow-x: visible; overflow-y: visible;&quot;[39m
          [36m&gt;[39m
            [36m&lt;ink-text[39m
              [33mstyle[39m=[32m&quot;flex-grow: 0; flex-shrink: 1; flex-direction: row; text-wrap: wrap;&quot;[39m
            [36m&gt;[39m
              [0m記憶一覧 ([0m
              [0m3[0m
              [0m件)[0m
            [36m&lt;/ink-text&gt;[39m
          [36m&lt;/ink-box&gt;[39m
          [36m&lt;ink-box[39m
            [33mstyle[39m=[32m&quot;flex-wrap: nowrap; flex-direction: column; flex-grow: 0; flex-shrink: 0; width: 48px; overflow-x: visible; overflow-y: visible;&quot;[39m
          [36m&gt;[39m
            [36m&lt;ink-box[39m
              [33mstyle[39m=[32m&quot;flex-wrap: nowrap; flex-direction: row; flex-grow: 0; flex-shrink: 1; overflow-x: visible; overflow-y: visible;&quot;[39m
            [36m&gt;[39m
              [36m&lt;ink-text[39m
                [33mstyle[39m=[32m&quot;flex-grow: 0; flex-shrink: 1; flex-direction: row; text-wrap: wrap;&quot;[39m
              [36m&gt;[39m
                [0m► [0m
              [36m&lt;/ink-text&gt;[39m
              [36m&lt;ink-text[39m
                [33mstyle[39m=[32m&quot;flex-grow: 0; flex-shrink: 1; flex-direction: row; text-wrap: wrap;&quot;[39m
              [36m&gt;[39m
                [0m[[0m
              [36m&lt;/ink-text&gt;[39m
              [36m&lt;ink-text[39m
                [33mstyle[39m=[32m&quot;flex-grow: 0; flex-shrink: 1; flex-direction: row; text-wrap: wrap;&quot;[39m
              [36m&gt;[39m
                [0mmem-001[0m
              [36m&lt;/ink-text&gt;[39m
              [36m&lt;ink-text[39m
                [33mstyle[39m=[32m&quot;flex-grow: 0; flex-shrink: 1; flex-direction: row; text-wrap: wrap;&quot;[39m
              [36m&gt;[39m
                [0m] [0m
              [36m&lt;/ink-text&gt;[39m
              [36m&lt;ink-text[39m
                [33mstyle[39m=[32m&quot;flex-grow: 0; flex-shrink: 1; flex-direction: row; text-wrap: wrap;&quot;[39m
              [36m&gt;[39m
                [0mGPT-5プロンプトガイドの分析結果[0m
              [36m&lt;/ink-text&gt;[39m
            [36m&lt;/ink-box&gt;[39m
            [36m&lt;ink-box[39m
              [33mstyle[39m=[32m&quot;flex-wrap: nowrap; flex-direction: row; flex-grow: 0; flex-shrink: 1; overflow-x: visible; overflow-y: visible;&quot;[39m
            [36m&gt;[39m
              [36m&lt;ink-text[39m
                [33mstyle[39m=[32m&quot;flex-grow: 0; flex-shrink: 1; flex-direction: row; text-wrap: wrap;&quot;[39m
              [36m&gt;[39m
                [0m  [0m
              [36m&lt;/ink-text&gt;[39m
              [36m&lt;ink-text[39m
                [33mstyle[39m=[32m&quot;flex-grow: 0; flex-shrink: 1; flex-direction: row; text-wrap: wrap;&quot;[39m
              [36m&gt;[39m
                [0m[[0m
              [36m&lt;/ink-text&gt;[39m
              [36m&lt;ink-text[39m
                [33mstyle[39m=[32m&quot;flex-grow: 0; flex-shrink: 1; flex-direction: row; text-wrap: wrap;&quot;[39m
              [36m&gt;[39m
                [0mmem-002[0m
              [36m&lt;/ink-text&gt;[39m
              [36m&lt;ink-text[39m
                [33mstyle[39m=[32m&quot;flex-grow: 0; flex-shrink: 1; flex-direction: row; text-wrap: wrap;&quot;[39m
              [36m&gt;[39m
                [0m] [0m
              [36m&lt;/ink-text&gt;[39m
              [36m&lt;ink-text[39m
                [33mstyle[39m=[32m&quot;flex-grow: 0; flex-shrink: 1; flex-direction: row; text-wrap: wrap;&quot;[39m
              [36m&gt;[39m
                [0mシナプス記憶システムのPhase 2実装完了[0m
              [36m&lt;/ink-text&gt;[39m
            [36m&lt;/ink-box&gt;[39m
            [36m&lt;ink-box[39m
              [33mstyle[39m=[32m&quot;flex-wrap: nowrap; flex-direction: row; flex-grow: 0; flex-shrink: 1; overflow-x: visible; overflow-y: visible;&quot;[39m
            [36m&gt;[39m
              [36m&lt;ink-text[39m
                [33mstyle[39m=[32m&quot;flex-grow: 0; flex-shrink: 1; flex-direction: row; text-wrap: wrap;&quot;[39m
              [36m&gt;[39m
                [0m  [0m
              [36m&lt;/ink-text&gt;[39m
              [36m&lt;ink-text[39m
                [33mstyle[39m=[32m&quot;flex-grow: 0; flex-shrink: 1; flex-direction: row; text-wrap: wrap;&quot;[39m
              [36m&gt;[39m
                [0m[[0m
              [36m&lt;/ink-text&gt;[39m
              [36m&lt;ink-text[39m
                [33mstyle[39m=[32m&quot;flex-grow: 0; flex-shrink: 1; flex-direction: row; text-wrap: wrap;&quot;[39m
              [36m&gt;[39m
                [0mmem-003[0m
              [36m&lt;/ink-text&gt;[39m
              [36m&lt;ink-text[39m
                [33mstyle[39m=[32m&quot;flex-grow: 0; flex-shrink: 1; flex-direction: row; text-wrap: wrap;&quot;[39m
              [36m&gt;[39m
                [0m] [0m
              [36m&lt;/ink-text&gt;[39m
              [36m&lt;ink-text[39m
                [33mstyle[39m=[32m&quot;flex-grow: 0; flex-shrink: 1; flex-direction: row; text-wrap: wrap;&quot;[39m
              [36m&gt;[39m
                [0mRESTful API設計とエンドポイント定義[0m
              [36m&lt;/ink-text&gt;[39m
            [36m&lt;/ink-box&gt;[39m
          [36m&lt;/ink-box&gt;[39m
          [36m&lt;ink-box[39m
            [33mstyle[39m=[32m&quot;flex-wrap: nowrap; flex-direction: row; flex-grow: 0; flex-shrink: 1; margin-top: 1px; border-color: rgb(108, 112, 134); padding: 1px; overflow-x: visible; overflow-y: visible;&quot;[39m
          [36m&gt;[39m
            [36m&lt;ink-box[39m
              [33mstyle[39m=[32m&quot;flex-wrap: nowrap; flex-direction: column; flex-grow: 0; flex-shrink: 1; overflow-x: visible; overflow-y: visible;&quot;[39m
            [36m&gt;[39m
              [36m&lt;ink-text[39m
                [33mstyle[39m=[32m&quot;flex-grow: 0; flex-shrink: 1; flex-direction: row; text-wrap: wrap;&quot;[39m
              [36m&gt;[39m
                [0m詳細:[0m
              [36m&lt;/ink-text&gt;[39m
              [36m&lt;ink-text[39m
                [33mstyle[39m=[32m&quot;flex-grow: 0; flex-shrink: 1; flex-direction: row; text-wrap: wrap;&quot;[39m
              [36m&gt;[39m
                [0mID: [0m
                [0mmem-001[0m
              [36m&lt;/ink-text&gt;[39m
              [36m&lt;ink-text[39m
                [33mstyle[39m=[32m&quot;flex-grow: 0; flex-shrink: 1; flex-direction: row; text-wrap: wrap;&quot;[39m
              [36m&gt;[39m
                [0mアクセス数: [0m
                [0m15[0m
              [36m&lt;/ink-text&gt;[39m
              [36m&lt;ink-text[39m
                [33mstyle[39m=[32m&quot;flex-grow: 0; flex-shrink: 1; flex-direction: row; text-wrap: wrap;&quot;[39m
              [36m&gt;[39m
                [0m成功率: [0m
                [0m92.0[0m
                [0m%[0m
              [36m&lt;/ink-text&gt;[39m
              [36m&lt;ink-text[39m
                [33mstyle[39m=[32m&quot;flex-grow: 0; flex-shrink: 1; flex-direction: row; text-wrap: wrap;&quot;[39m
              [36m&gt;[39m
                [0mタグ: [0m
                [0mgpt5, prompting, analysis[0m
              [36m&lt;/ink-text&gt;[39m
            [36m&lt;/ink-box&gt;[39m
          [36m&lt;/ink-box&gt;[39m
        [36m&lt;/ink-box&gt;[39m
      [36m&lt;/ink-box&gt;[39m
      [36m&lt;ink-box[39m
        [33mstyle[39m=[32m&quot;flex-wrap: nowrap; flex-direction: row; flex-grow: 0; flex-shrink: 1; margin-top: 1px; border-color: rgb(108, 112, 134); padding: 1px; overflow-x: visible; overflow-y: visible;&quot;[39m
      [36m&gt;[39m
        [36m&lt;ink-text[39m
          [33mstyle[39m=[32m&quot;flex-grow: 0; flex-shrink: 1; flex-direction: row; text-wrap: wrap;&quot;[39m
        [36m&gt;[39m
          [0mTab: タブ切替 | ↑↓: 記憶選択 | q: 終了[0m
        [36m&lt;/ink-text&gt;[39m
      [36m&lt;/ink-box&gt;[39m
    [36m&lt;/ink-box&gt;[39m
  [36m&lt;/div&gt;[39m
[36m&lt;/body&gt;[39m" type="TestingLibraryElementError">
TestingLibraryElementError: Unable to find an element with the text: Config. This could be because the text is broken up by multiple elements. In this case, you can provide a function for your text matcher to make your matcher more flexible.

Ignored nodes: comments, script, style
&lt;body&gt;
  &lt;div&gt;
    &lt;ink-box
      style=&quot;flex-wrap: nowrap; flex-direction: column; flex-grow: 0; flex-shrink: 1; width: 52px; height: 20px; padding: 1px; overflow-x: visible; overflow-y: visible;&quot;
    &gt;
      &lt;ink-box
        style=&quot;flex-wrap: nowrap; flex-direction: row; flex-grow: 0; flex-shrink: 1; margin-bottom: 1px; overflow-x: visible; overflow-y: visible;&quot;
      &gt;
        &lt;ink-text
          style=&quot;flex-grow: 0; flex-shrink: 1; flex-direction: row; text-wrap: wrap;&quot;
        &gt;
          シナプス記憶システム ダッシュボード
        &lt;/ink-text&gt;
      &lt;/ink-box&gt;
      &lt;ink-box
        style=&quot;flex-wrap: nowrap; flex-direction: row; flex-grow: 0; flex-shrink: 1; margin-bottom: 1px; overflow-x: visible; overflow-y: visible;&quot;
      &gt;
        &lt;ink-box
          style=&quot;flex-wrap: nowrap; flex-direction: row; flex-grow: 0; flex-shrink: 1; margin-right: 2px; overflow-x: visible; overflow-y: visible;&quot;
        &gt;
          &lt;ink-text
            style=&quot;flex-grow: 0; flex-shrink: 1; flex-direction: row; text-wrap: wrap;&quot;
          &gt;
            [
            1
            ] 
            記憶一覧
          &lt;/ink-text&gt;
        &lt;/ink-box&gt;
        &lt;ink-box
          style=&quot;flex-wrap: nowrap; flex-direction: row; flex-grow: 0; flex-shrink: 1; margin-right: 2px; overflow-x: visible; overflow-y: visible;&quot;
        &gt;
          &lt;ink-text
            style=&quot;flex-grow: 0; flex-shrink: 1; flex-direction: row; text-wrap: wrap;&quot;
          &gt;
            [
            2
            ] 
            シナプス結合
          &lt;/ink-text&gt;
        &lt;/ink-box&gt;
        &lt;ink-box
          style=&quot;flex-wrap: nowrap; flex-direction: row; flex-grow: 0; flex-shrink: 1; margin-right: 2px; overflow-x: visible; overflow-y: visible;&quot;
        &gt;
          &lt;ink-text
            style=&quot;flex-grow: 0; flex-shrink: 1; flex-direction: row; text-wrap: wrap;&quot;
          &gt;
            [
            3
            ] 
            ネットワーク診断
          &lt;/ink-text&gt;
        &lt;/ink-box&gt;
        &lt;ink-box
          style=&quot;flex-wrap: nowrap; flex-direction: row; flex-grow: 0; flex-shrink: 1; margin-right: 2px; overflow-x: visible; overflow-y: visible;&quot;
        &gt;
          &lt;ink-text
            style=&quot;flex-grow: 0; flex-shrink: 1; flex-direction: row; text-wrap: wrap;&quot;
          &gt;
            [
            4
            ] 
            設定
          &lt;/ink-text&gt;
        &lt;/ink-box&gt;
      &lt;/ink-box&gt;
      &lt;ink-box
        style=&quot;flex-wrap: nowrap; flex-direction: row; flex-grow: 1; flex-shrink: 1; overflow: hidden; overflow-x: hidden; overflow-y: hidden;&quot;
      &gt;
        &lt;ink-box
          style=&quot;flex-wrap: nowrap; flex-direction: column; flex-grow: 1; flex-shrink: 1; overflow-x: visible; overflow-y: visible;&quot;
        &gt;
          &lt;ink-box
            style=&quot;flex-wrap: nowrap; flex-direction: row; flex-grow: 0; flex-shrink: 1; margin-bottom: 1px; overflow-x: visible; overflow-y: visible;&quot;
          &gt;
            &lt;ink-text
              style=&quot;flex-grow: 0; flex-shrink: 1; flex-direction: row; text-wrap: wrap;&quot;
            &gt;
              記憶一覧 (
              3
              件)
            &lt;/ink-text&gt;
          &lt;/ink-box&gt;
          &lt;ink-box
            style=&quot;flex-wrap: nowrap; flex-direction: column; flex-grow: 0; flex-shrink: 0; width: 48px; overflow-x: visible; overflow-y: visible;&quot;
          &gt;
            &lt;ink-box
              style=&quot;flex-wrap: nowrap; flex-direction: row; flex-grow: 0; flex-shrink: 1; overflow-x: visible; overflow-y: visible;&quot;
            &gt;
              &lt;ink-text
                style=&quot;flex-grow: 0; flex-shrink: 1; flex-direction: row; text-wrap: wrap;&quot;
              &gt;
                ► 
              &lt;/ink-text&gt;
              &lt;ink-text
                style=&quot;flex-grow: 0; flex-shrink: 1; flex-direction: row; text-wrap: wrap;&quot;
              &gt;
                [
              &lt;/ink-text&gt;
              &lt;ink-text
                style=&quot;flex-grow: 0; flex-shrink: 1; flex-direction: row; text-wrap: wrap;&quot;
              &gt;
                mem-001
              &lt;/ink-text&gt;
              &lt;ink-text
                style=&quot;flex-grow: 0; flex-shrink: 1; flex-direction: row; text-wrap: wrap;&quot;
              &gt;
                ] 
              &lt;/ink-text&gt;
              &lt;ink-text
                style=&quot;flex-grow: 0; flex-shrink: 1; flex-direction: row; text-wrap: wrap;&quot;
              &gt;
                GPT-5プロンプトガイドの分析結果
              &lt;/ink-text&gt;
            &lt;/ink-box&gt;
            &lt;ink-box
              style=&quot;flex-wrap: nowrap; flex-direction: row; flex-grow: 0; flex-shrink: 1; overflow-x: visible; overflow-y: visible;&quot;
            &gt;
              &lt;ink-text
                style=&quot;flex-grow: 0; flex-shrink: 1; flex-direction: row; text-wrap: wrap;&quot;
              &gt;
                  
              &lt;/ink-text&gt;
              &lt;ink-text
                style=&quot;flex-grow: 0; flex-shrink: 1; flex-direction: row; text-wrap: wrap;&quot;
              &gt;
                [
              &lt;/ink-text&gt;
              &lt;ink-text
                style=&quot;flex-grow: 0; flex-shrink: 1; flex-direction: row; text-wrap: wrap;&quot;
              &gt;
                mem-002
              &lt;/ink-text&gt;
              &lt;ink-text
                style=&quot;flex-grow: 0; flex-shrink: 1; flex-direction: row; text-wrap: wrap;&quot;
              &gt;
                ] 
              &lt;/ink-text&gt;
              &lt;ink-text
                style=&quot;flex-grow: 0; flex-shrink: 1; flex-direction: row; text-wrap: wrap;&quot;
              &gt;
                シナプス記憶システムのPhase 2実装完了
              &lt;/ink-text&gt;
            &lt;/ink-box&gt;
            &lt;ink-box
              style=&quot;flex-wrap: nowrap; flex-direction: row; flex-grow: 0; flex-shrink: 1; overflow-x: visible; overflow-y: visible;&quot;
            &gt;
              &lt;ink-text
                style=&quot;flex-grow: 0; flex-shrink: 1; flex-direction: row; text-wrap: wrap;&quot;
              &gt;
                  
              &lt;/ink-text&gt;
              &lt;ink-text
                style=&quot;flex-grow: 0; flex-shrink: 1; flex-direction: row; text-wrap: wrap;&quot;
              &gt;
                [
              &lt;/ink-text&gt;
              &lt;ink-text
                style=&quot;flex-grow: 0; flex-shrink: 1; flex-direction: row; text-wrap: wrap;&quot;
              &gt;
                mem-003
              &lt;/ink-text&gt;
              &lt;ink-text
                style=&quot;flex-grow: 0; flex-shrink: 1; flex-direction: row; text-wrap: wrap;&quot;
              &gt;
                ] 
              &lt;/ink-text&gt;
              &lt;ink-text
                style=&quot;flex-grow: 0; flex-shrink: 1; flex-direction: row; text-wrap: wrap;&quot;
              &gt;
                RESTful API設計とエンドポイント定義
              &lt;/ink-text&gt;
            &lt;/ink-box&gt;
          &lt;/ink-box&gt;
          &lt;ink-box
            style=&quot;flex-wrap: nowrap; flex-direction: row; flex-grow: 0; flex-shrink: 1; margin-top: 1px; border-color: rgb(108, 112, 134); padding: 1px; overflow-x: visible; overflow-y: visible;&quot;
          &gt;
            &lt;ink-box
              style=&quot;flex-wrap: nowrap; flex-direction: column; flex-grow: 0; flex-shrink: 1; overflow-x: visible; overflow-y: visible;&quot;
            &gt;
              &lt;ink-text
                style=&quot;flex-grow: 0; flex-shrink: 1; flex-direction: row; text-wrap: wrap;&quot;
              &gt;
                詳細:
              &lt;/ink-text&gt;
              &lt;ink-text
                style=&quot;flex-grow: 0; flex-shrink: 1; flex-direction: row; text-wrap: wrap;&quot;
              &gt;
                ID: 
                mem-001
              &lt;/ink-text&gt;
              &lt;ink-text
                style=&quot;flex-grow: 0; flex-shrink: 1; flex-direction: row; text-wrap: wrap;&quot;
              &gt;
                アクセス数: 
                15
              &lt;/ink-text&gt;
              &lt;ink-text
                style=&quot;flex-grow: 0; flex-shrink: 1; flex-direction: row; text-wrap: wrap;&quot;
              &gt;
                成功率: 
                92.0
                %
              &lt;/ink-text&gt;
              &lt;ink-text
                style=&quot;flex-grow: 0; flex-shrink: 1; flex-direction: row; text-wrap: wrap;&quot;
              &gt;
                タグ: 
                gpt5, prompting, analysis
              &lt;/ink-text&gt;
            &lt;/ink-box&gt;
          &lt;/ink-box&gt;
        &lt;/ink-box&gt;
      &lt;/ink-box&gt;
      &lt;ink-box
        style=&quot;flex-wrap: nowrap; flex-direction: row; flex-grow: 0; flex-shrink: 1; margin-top: 1px; border-color: rgb(108, 112, 134); padding: 1px; overflow-x: visible; overflow-y: visible;&quot;
      &gt;
        &lt;ink-text
          style=&quot;flex-grow: 0; flex-shrink: 1; flex-direction: row; text-wrap: wrap;&quot;
        &gt;
          Tab: タブ切替 | ↑↓: 記憶選択 | q: 終了
        &lt;/ink-text&gt;
      &lt;/ink-box&gt;
    &lt;/ink-box&gt;
  &lt;/div&gt;
&lt;/body&gt;
 ❯ Object.getElementError node_modules/@testing-library/dom/dist/config.js:37:19
 ❯ node_modules/@testing-library/dom/dist/query-helpers.js:76:38
 ❯ node_modules/@testing-library/dom/dist/query-helpers.js:52:17
 ❯ node_modules/@testing-library/dom/dist/query-helpers.js:95:19
 ❯ src/ui/components/SynapticMemoryDashboard.test.tsx:154:28
            </failure>
        </testcase>
        <testcase classname="src/ui/components/SynapticMemoryDashboard.test.tsx" name="SynapticMemoryDashboard &gt; Escキーでダッシュボードが閉じられること" time="1.027997459">
            <failure message="expected &quot;spy&quot; to be called at least once

Ignored nodes: comments, script, style
[36m&lt;html&gt;[39m
  [36m&lt;head /&gt;[39m
  [36m&lt;body&gt;[39m
    [36m&lt;div&gt;[39m
      [36m&lt;ink-box[39m
        [33mstyle[39m=[32m&quot;flex-wrap: nowrap; flex-direction: column; flex-grow: 0; flex-shrink: 1; width: 52px; height: 20px; padding: 1px; overflow-x: visible; overflow-y: visible;&quot;[39m
      [36m&gt;[39m
        [36m&lt;ink-box[39m
          [33mstyle[39m=[32m&quot;flex-wrap: nowrap; flex-direction: row; flex-grow: 0; flex-shrink: 1; margin-bottom: 1px; overflow-x: visible; overflow-y: visible;&quot;[39m
        [36m&gt;[39m
          [36m&lt;ink-text[39m
            [33mstyle[39m=[32m&quot;flex-grow: 0; flex-shrink: 1; flex-direction: row; text-wrap: wrap;&quot;[39m
          [36m&gt;[39m
            [0mシナプス記憶システム ダッシュボード[0m
          [36m&lt;/ink-text&gt;[39m
        [36m&lt;/ink-box&gt;[39m
        [36m&lt;ink-box[39m
          [33mstyle[39m=[32m&quot;flex-wrap: nowrap; flex-direction: row; flex-grow: 0; flex-shrink: 1; margin-bottom: 1px; overflow-x: visible; overflow-y: visible;&quot;[39m
        [36m&gt;[39m
          [36m&lt;ink-box[39m
            [33mstyle[39m=[32m&quot;flex-wrap: nowrap; flex-direction: row; flex-grow: 0; flex-shrink: 1; margin-right: 2px; overflow-x: visible; overflow-y: visible;&quot;[39m
          [36m&gt;[39m
            [36m&lt;ink-text[39m
              [33mstyle[39m=[32m&quot;flex-grow: 0; flex-shrink: 1; flex-direction: row; text-wrap: wrap;&quot;[39m
            [36m&gt;[39m
              [0m[[0m
              [0m1[0m
              [0m] [0m
              [0m記憶一覧[0m
            [36m&lt;/ink-text&gt;[39m
          [36m&lt;/ink-box&gt;[39m
          [36m&lt;ink-box[39m
            [33mstyle[39m=[32m&quot;flex-wrap: nowrap; flex-direction: row; flex-grow: 0; flex-shrink: 1; margin-right: 2px; overflow-x: visible; overflow-y: visible;&quot;[39m
          [36m&gt;[39m
            [36m&lt;ink-text[39m
              [33mstyle[39m=[32m&quot;flex-grow: 0; flex-shrink: 1; flex-direction: row; text-wrap: wrap;&quot;[39m
            [36m&gt;[39m
              [0m[[0m
              [0m2[0m
              [0m] [0m
              [0mシナプス結合[0m
            [36m&lt;/ink-text&gt;[39m
          [36m&lt;/ink-box&gt;[39m
          [36m&lt;ink-box[39m
            [33mstyle[39m=[32m&quot;flex-wrap: nowrap; flex-direction: row; flex-grow: 0; flex-shrink: 1; margin-right: 2px; overflow-x: visible; overflow-y: visible;&quot;[39m
          [36m&gt;[39m
            [36m&lt;ink-text[39m
              [33mstyle[39m=[32m&quot;flex-grow: 0; flex-shrink: 1; flex-direction: row; text-wrap: wrap;&quot;[39m
            [36m&gt;[39m
              [0m[[0m
              [0m3[0m
              [0m] [0m
              [0mネットワーク診断[0m
            [36m&lt;/ink-text&gt;[39m
          [36m&lt;/ink-box&gt;[39m
          [36m&lt;ink-box[39m
            [33mstyle[39m=[32m&quot;flex-wrap: nowrap; flex-direction: row; flex-grow: 0; flex-shrink: 1; margin-right: 2px; overflow-x: visible; overflow-y: visible;&quot;[39m
          [36m&gt;[39m
            [36m&lt;ink-text[39m
              [33mstyle[39m=[32m&quot;flex-grow: 0; flex-shrink: 1; flex-direction: row; text-wrap: wrap;&quot;[39m
            [36m&gt;[39m
              [0m[[0m
              [0m4[0m
              [0m] [0m
              [0m設定[0m
            [36m&lt;/ink-text&gt;[39m
          [36m&lt;/ink-box&gt;[39m
        [36m&lt;/ink-box&gt;[39m
        [36m&lt;ink-box[39m
          [33mstyle[39m=[32m&quot;flex-wrap: nowrap; flex-direction: row; flex-grow: 1; flex-shrink: 1; overflow: hidden; overflow-x: hidden; overflow-y: hidden;&quot;[39m
        [36m&gt;[39m
          [36m&lt;ink-box[39m
            [33mstyle[39m=[32m&quot;flex-wrap: nowrap; flex-direction: column; flex-grow: 1; flex-shrink: 1; overflow-x: visible; overflow-y: visible;&quot;[39m
          [36m&gt;[39m
            [36m&lt;ink-box[39m
              [33mstyle[39m=[32m&quot;flex-wrap: nowrap; flex-direction: row; flex-grow: 0; flex-shrink: 1; margin-bottom: 1px; overflow-x: visible; overflow-y: visible;&quot;[39m
            [36m&gt;[39m
              [36m&lt;ink-text[39m
                [33mstyle[39m=[32m&quot;flex-grow: 0; flex-shrink: 1; flex-direction: row; text-wrap: wrap;&quot;[39m
              [36m&gt;[39m
                [0m記憶一覧 ([0m
                [0m3[0m
                [0m件)[0m
              [36m&lt;/ink-text&gt;[39m
            [36m&lt;/ink-box&gt;[39m
            [36m&lt;ink-box[39m
              [33mstyle[39m=[32m&quot;flex-wrap: nowrap; flex-direction: column; flex-grow: 0; flex-shrink: 0; width: 48px; overflow-x: visible; overflow-y: visible;&quot;[39m
            [36m&gt;[39m
              [36m&lt;ink-box[39m
                [33mstyle[39m=[32m&quot;flex-wrap: nowrap; flex-direction: row; flex-grow: 0; flex-shrink: 1; overflow-x: visible; overflow-y: visible;&quot;[39m
              [36m&gt;[39m
                [36m&lt;ink-text[39m
                  [33mstyle[39m=[32m&quot;flex-grow: 0; flex-shrink: 1; flex-direction: row; text-wrap: wrap;&quot;[39m
                [36m&gt;[39m
                  [0m► [0m
                [36m&lt;/ink-text&gt;[39m
                [36m&lt;ink-text[39m
                  [33mstyle[39m=[32m&quot;flex-grow: 0; flex-shrink: 1; flex-direction: row; text-wrap: wrap;&quot;[39m
                [36m&gt;[39m
                  [0m[[0m
                [36m&lt;/ink-text&gt;[39m
                [36m&lt;ink-text[39m
                  [33mstyle[39m=[32m&quot;flex-grow: 0; flex-shrink: 1; flex-direction: row; text-wrap: wrap;&quot;[39m
                [36m&gt;[39m
                  [0mmem-001[0m
                [36m&lt;/ink-text&gt;[39m
                [36m&lt;ink-text[39m
                  [33mstyle[39m=[32m&quot;flex-grow: 0; flex-shrink: 1; flex-direction: row; text-wrap: wrap;&quot;[39m
                [36m&gt;[39m
                  [0m] [0m
                [36m&lt;/ink-text&gt;[39m
                [36m&lt;ink-text[39m
                  [33mstyle[39m=[32m&quot;flex-grow: 0; flex-shrink: 1; flex-direction: row; text-wrap: wrap;&quot;[39m
                [36m&gt;[39m
                  [0mGPT-5プロンプトガイドの分析結果[0m
                [36m&lt;/ink-text&gt;[39m
              [36m&lt;/ink-box&gt;[39m
              [36m&lt;ink-box[39m
                [33mstyle[39m=[32m&quot;flex-wrap: nowrap; flex-direction: row; flex-grow: 0; flex-shrink: 1; overflow-x: visible; overflow-y: visible;&quot;[39m
              [36m&gt;[39m
                [36m&lt;ink-text[39m
                  [33mstyle[39m=[32m&quot;flex-grow: 0; flex-shrink: 1; flex-direction: row; text-wrap: wrap;&quot;[39m
                [36m&gt;[39m
                  [0m  [0m
                [36m&lt;/ink-text&gt;[39m
                [36m&lt;ink-text[39m
                  [33mstyle[39m=[32m&quot;flex-grow: 0; flex-shrink: 1; flex-direction: row; text-wrap: wrap;&quot;[39m
                [36m&gt;[39m
                  [0m[[0m
                [36m&lt;/ink-text&gt;[39m
                [36m&lt;ink-text[39m
                  [33mstyle[39m=[32m&quot;flex-grow: 0; flex-shrink: 1; flex-direction: row; text-wrap: wrap;&quot;[39m
                [36m&gt;[39m
                  [0mmem-002[0m
                [36m&lt;/ink-text&gt;[39m
                [36m&lt;ink-text[39m
                  [33mstyle[39m=[32m&quot;flex-grow: 0; flex-shrink: 1; flex-direction: row; text-wrap: wrap;&quot;[39m
                [36m&gt;[39m
                  [0m] [0m
                [36m&lt;/ink-text&gt;[39m
                [36m&lt;ink-text[39m
                  [33mstyle[39m=[32m&quot;flex-grow: 0; flex-shrink: 1; flex-direction: row; text-wrap: wrap;&quot;[39m
                [36m&gt;[39m
                  [0mシナプス記憶システムのPhase 2実装完了[0m
                [36m&lt;/ink-text&gt;[39m
              [36m&lt;/ink-box&gt;[39m
              [36m&lt;ink-box[39m
                [33mstyle[39m=[32m&quot;flex-wrap: nowrap; flex-direction: row; flex-grow: 0; flex-shrink: 1; overflow-x: visible; overflow-y: visible;&quot;[39m
              [36m&gt;[39m
                [36m&lt;ink-text[39m
                  [33mstyle[39m=[32m&quot;flex-grow: 0; flex-shrink: 1; flex-direction: row; text-wrap: wrap;&quot;[39m
                [36m&gt;[39m
                  [0m  [0m
                [36m&lt;/ink-text&gt;[39m
                [36m&lt;ink-text[39m
                  [33mstyle[39m=[32m&quot;flex-grow: 0; flex-shrink: 1; flex-direction: row; text-wrap: wrap;&quot;[39m
                [36m&gt;[39m
                  [0m[[0m
                [36m&lt;/ink-text&gt;[39m
                [36m&lt;ink-text[39m
                  [33mstyle[39m=[32m&quot;flex-grow: 0; flex-shrink: 1; flex-direction: row; text-wrap: wrap;&quot;[39m
                [36m&gt;[39m
                  [0mmem-003[0m
                [36m&lt;/ink-text&gt;[39m
                [36m&lt;ink-text[39m
                  [33mstyle[39m=[32m&quot;flex-grow: 0; flex-shrink: 1; flex-direction: row; text-wrap: wrap;&quot;[39m
                [36m&gt;[39m
                  [0m] [0m
                [36m&lt;/ink-text&gt;[39m
                [36m&lt;ink-text[39m
                  [33mstyle[39m=[32m&quot;flex-grow: 0; flex-shrink: 1; flex-direction: row; text-wrap: wrap;&quot;[39m
                [36m&gt;[39m
                  [0mRESTful API設計とエンドポイント定義[0m
                [36m&lt;/ink-text&gt;[39m
              [36m&lt;/ink-box&gt;[39m
            [36m&lt;/ink-box&gt;[39m
            [36m&lt;ink-box[39m
              [33mstyle[39m=[32m&quot;flex-wrap: nowrap; flex-direction: row; flex-grow: 0; flex-shrink: 1; margin-top: 1px; border-color: rgb(108, 112, 134); padding: 1px; overflow-x: visible; overflow-y: visible;&quot;[39m
            [36m&gt;[39m
              [36m&lt;ink-box[39m
                [33mstyle[39m=[32m&quot;flex-wrap: nowrap; flex-direction: column; flex-grow: 0; flex-shrink: 1; overflow-x: visible; overflow-y: visible;&quot;[39m
              [36m&gt;[39m
                [36m&lt;ink-text[39m
                  [33mstyle[39m=[32m&quot;flex-grow: 0; flex-shrink: 1; flex-direction: row; text-wrap: wrap;&quot;[39m
                [36m&gt;[39m
                  [0m詳細:[0m
                [36m&lt;/ink-text&gt;[39m
                [36m&lt;ink-text[39m
                  [33mstyle[39m=[32m&quot;flex-grow: 0; flex-shrink: 1; flex-direction: row; text-wrap: wrap;&quot;[39m
                [36m&gt;[39m
                  [0mID: [0m
                  [0mmem-001[0m
                [36m&lt;/ink-text&gt;[39m
                [36m&lt;ink-text[39m
                  [33mstyle[39m=[32m&quot;flex-grow: 0; flex-shrink: 1; flex-direction: row; text-wrap: wrap;&quot;[39m
                [36m&gt;[39m
                  [0mアクセス数: [0m
                  [0m15[0m
                [36m&lt;/ink-text&gt;[39m
                [36m&lt;ink-text[39m
                  [33mstyle[39m=[32m&quot;flex-grow: 0; flex-shrink: 1; flex-direction: row; text-wrap: wrap;&quot;[39m
                [36m&gt;[39m
                  [0m成功率: [0m
                  [0m92.0[0m
                  [0m%[0m
                [36m&lt;/ink-text&gt;[39m
                [36m&lt;ink-text[39m
                  [33mstyle[39m=[32m&quot;flex-grow: 0; flex-shrink: 1; flex-direction: row; text-wrap: wrap;&quot;[39m
                [36m&gt;[39m
                  [0mタグ: [0m
                  [0mgpt5, prompting, analysis[0m
                [36m&lt;/ink-text&gt;[39m
              [36m&lt;/ink-box&gt;[39m
            [36m&lt;/ink-box&gt;[39m
          [36m&lt;/ink-box&gt;[39m
        [36m&lt;/ink-box&gt;[39m
        [36m&lt;ink-box[39m
          [33mstyle[39m=[32m&quot;flex-wrap: nowrap; flex-direction: row; flex-grow: 0; flex-shrink: 1; margin-top: 1px; border-color: rgb(108, 112, 134); padding: 1px; overflow-x: visible; overflow-y: visible;&quot;[39m
        [36m&gt;[39m
          [36m&lt;ink-text[39m
            [33mstyle[39m=[32m&quot;flex-grow: 0; flex-shrink: 1; flex-direction: row; text-wrap: wrap;&quot;[39m
          [36m&gt;[39m
            [0mTab: タブ切替 | ↑↓: 記憶選択 | q: 終了[0m
          [36m&lt;/ink-text&gt;[39m
        [36m&lt;/ink-box&gt;[39m
      [36m&lt;/ink-box&gt;[39m
    [36m&lt;/div&gt;[39m
  [36m&lt;/body&gt;[39m
[36m&lt;/html&gt;[39m" type="AssertionError">
AssertionError: expected &quot;spy&quot; to be called at least once

Ignored nodes: comments, script, style
&lt;html&gt;
  &lt;head /&gt;
  &lt;body&gt;
    &lt;div&gt;
      &lt;ink-box
        style=&quot;flex-wrap: nowrap; flex-direction: column; flex-grow: 0; flex-shrink: 1; width: 52px; height: 20px; padding: 1px; overflow-x: visible; overflow-y: visible;&quot;
      &gt;
        &lt;ink-box
          style=&quot;flex-wrap: nowrap; flex-direction: row; flex-grow: 0; flex-shrink: 1; margin-bottom: 1px; overflow-x: visible; overflow-y: visible;&quot;
        &gt;
          &lt;ink-text
            style=&quot;flex-grow: 0; flex-shrink: 1; flex-direction: row; text-wrap: wrap;&quot;
          &gt;
            シナプス記憶システム ダッシュボード
          &lt;/ink-text&gt;
        &lt;/ink-box&gt;
        &lt;ink-box
          style=&quot;flex-wrap: nowrap; flex-direction: row; flex-grow: 0; flex-shrink: 1; margin-bottom: 1px; overflow-x: visible; overflow-y: visible;&quot;
        &gt;
          &lt;ink-box
            style=&quot;flex-wrap: nowrap; flex-direction: row; flex-grow: 0; flex-shrink: 1; margin-right: 2px; overflow-x: visible; overflow-y: visible;&quot;
          &gt;
            &lt;ink-text
              style=&quot;flex-grow: 0; flex-shrink: 1; flex-direction: row; text-wrap: wrap;&quot;
            &gt;
              [
              1
              ] 
              記憶一覧
            &lt;/ink-text&gt;
          &lt;/ink-box&gt;
          &lt;ink-box
            style=&quot;flex-wrap: nowrap; flex-direction: row; flex-grow: 0; flex-shrink: 1; margin-right: 2px; overflow-x: visible; overflow-y: visible;&quot;
          &gt;
            &lt;ink-text
              style=&quot;flex-grow: 0; flex-shrink: 1; flex-direction: row; text-wrap: wrap;&quot;
            &gt;
              [
              2
              ] 
              シナプス結合
            &lt;/ink-text&gt;
          &lt;/ink-box&gt;
          &lt;ink-box
            style=&quot;flex-wrap: nowrap; flex-direction: row; flex-grow: 0; flex-shrink: 1; margin-right: 2px; overflow-x: visible; overflow-y: visible;&quot;
          &gt;
            &lt;ink-text
              style=&quot;flex-grow: 0; flex-shrink: 1; flex-direction: row; text-wrap: wrap;&quot;
            &gt;
              [
              3
              ] 
              ネットワーク診断
            &lt;/ink-text&gt;
          &lt;/ink-box&gt;
          &lt;ink-box
            style=&quot;flex-wrap: nowrap; flex-direction: row; flex-grow: 0; flex-shrink: 1; margin-right: 2px; overflow-x: visible; overflow-y: visible;&quot;
          &gt;
            &lt;ink-text
              style=&quot;flex-grow: 0; flex-shrink: 1; flex-direction: row; text-wrap: wrap;&quot;
            &gt;
              [
              4
              ] 
              設定
            &lt;/ink-text&gt;
          &lt;/ink-box&gt;
        &lt;/ink-box&gt;
        &lt;ink-box
          style=&quot;flex-wrap: nowrap; flex-direction: row; flex-grow: 1; flex-shrink: 1; overflow: hidden; overflow-x: hidden; overflow-y: hidden;&quot;
        &gt;
          &lt;ink-box
            style=&quot;flex-wrap: nowrap; flex-direction: column; flex-grow: 1; flex-shrink: 1; overflow-x: visible; overflow-y: visible;&quot;
          &gt;
            &lt;ink-box
              style=&quot;flex-wrap: nowrap; flex-direction: row; flex-grow: 0; flex-shrink: 1; margin-bottom: 1px; overflow-x: visible; overflow-y: visible;&quot;
            &gt;
              &lt;ink-text
                style=&quot;flex-grow: 0; flex-shrink: 1; flex-direction: row; text-wrap: wrap;&quot;
              &gt;
                記憶一覧 (
                3
                件)
              &lt;/ink-text&gt;
            &lt;/ink-box&gt;
            &lt;ink-box
              style=&quot;flex-wrap: nowrap; flex-direction: column; flex-grow: 0; flex-shrink: 0; width: 48px; overflow-x: visible; overflow-y: visible;&quot;
            &gt;
              &lt;ink-box
                style=&quot;flex-wrap: nowrap; flex-direction: row; flex-grow: 0; flex-shrink: 1; overflow-x: visible; overflow-y: visible;&quot;
              &gt;
                &lt;ink-text
                  style=&quot;flex-grow: 0; flex-shrink: 1; flex-direction: row; text-wrap: wrap;&quot;
                &gt;
                  ► 
                &lt;/ink-text&gt;
                &lt;ink-text
                  style=&quot;flex-grow: 0; flex-shrink: 1; flex-direction: row; text-wrap: wrap;&quot;
                &gt;
                  [
                &lt;/ink-text&gt;
                &lt;ink-text
                  style=&quot;flex-grow: 0; flex-shrink: 1; flex-direction: row; text-wrap: wrap;&quot;
                &gt;
                  mem-001
                &lt;/ink-text&gt;
                &lt;ink-text
                  style=&quot;flex-grow: 0; flex-shrink: 1; flex-direction: row; text-wrap: wrap;&quot;
                &gt;
                  ] 
                &lt;/ink-text&gt;
                &lt;ink-text
                  style=&quot;flex-grow: 0; flex-shrink: 1; flex-direction: row; text-wrap: wrap;&quot;
                &gt;
                  GPT-5プロンプトガイドの分析結果
                &lt;/ink-text&gt;
              &lt;/ink-box&gt;
              &lt;ink-box
                style=&quot;flex-wrap: nowrap; flex-direction: row; flex-grow: 0; flex-shrink: 1; overflow-x: visible; overflow-y: visible;&quot;
              &gt;
                &lt;ink-text
                  style=&quot;flex-grow: 0; flex-shrink: 1; flex-direction: row; text-wrap: wrap;&quot;
                &gt;
                    
                &lt;/ink-text&gt;
                &lt;ink-text
                  style=&quot;flex-grow: 0; flex-shrink: 1; flex-direction: row; text-wrap: wrap;&quot;
                &gt;
                  [
                &lt;/ink-text&gt;
                &lt;ink-text
                  style=&quot;flex-grow: 0; flex-shrink: 1; flex-direction: row; text-wrap: wrap;&quot;
                &gt;
                  mem-002
                &lt;/ink-text&gt;
                &lt;ink-text
                  style=&quot;flex-grow: 0; flex-shrink: 1; flex-direction: row; text-wrap: wrap;&quot;
                &gt;
                  ] 
                &lt;/ink-text&gt;
                &lt;ink-text
                  style=&quot;flex-grow: 0; flex-shrink: 1; flex-direction: row; text-wrap: wrap;&quot;
                &gt;
                  シナプス記憶システムのPhase 2実装完了
                &lt;/ink-text&gt;
              &lt;/ink-box&gt;
              &lt;ink-box
                style=&quot;flex-wrap: nowrap; flex-direction: row; flex-grow: 0; flex-shrink: 1; overflow-x: visible; overflow-y: visible;&quot;
              &gt;
                &lt;ink-text
                  style=&quot;flex-grow: 0; flex-shrink: 1; flex-direction: row; text-wrap: wrap;&quot;
                &gt;
                    
                &lt;/ink-text&gt;
                &lt;ink-text
                  style=&quot;flex-grow: 0; flex-shrink: 1; flex-direction: row; text-wrap: wrap;&quot;
                &gt;
                  [
                &lt;/ink-text&gt;
                &lt;ink-text
                  style=&quot;flex-grow: 0; flex-shrink: 1; flex-direction: row; text-wrap: wrap;&quot;
                &gt;
                  mem-003
                &lt;/ink-text&gt;
                &lt;ink-text
                  style=&quot;flex-grow: 0; flex-shrink: 1; flex-direction: row; text-wrap: wrap;&quot;
                &gt;
                  ] 
                &lt;/ink-text&gt;
                &lt;ink-text
                  style=&quot;flex-grow: 0; flex-shrink: 1; flex-direction: row; text-wrap: wrap;&quot;
                &gt;
                  RESTful API設計とエンドポイント定義
                &lt;/ink-text&gt;
              &lt;/ink-box&gt;
            &lt;/ink-box&gt;
            &lt;ink-box
              style=&quot;flex-wrap: nowrap; flex-direction: row; flex-grow: 0; flex-shrink: 1; margin-top: 1px; border-color: rgb(108, 112, 134); padding: 1px; overflow-x: visible; overflow-y: visible;&quot;
            &gt;
              &lt;ink-box
                style=&quot;flex-wrap: nowrap; flex-direction: column; flex-grow: 0; flex-shrink: 1; overflow-x: visible; overflow-y: visible;&quot;
              &gt;
                &lt;ink-text
                  style=&quot;flex-grow: 0; flex-shrink: 1; flex-direction: row; text-wrap: wrap;&quot;
                &gt;
                  詳細:
                &lt;/ink-text&gt;
                &lt;ink-text
                  style=&quot;flex-grow: 0; flex-shrink: 1; flex-direction: row; text-wrap: wrap;&quot;
                &gt;
                  ID: 
                  mem-001
                &lt;/ink-text&gt;
                &lt;ink-text
                  style=&quot;flex-grow: 0; flex-shrink: 1; flex-direction: row; text-wrap: wrap;&quot;
                &gt;
                  アクセス数: 
                  15
                &lt;/ink-text&gt;
                &lt;ink-text
                  style=&quot;flex-grow: 0; flex-shrink: 1; flex-direction: row; text-wrap: wrap;&quot;
                &gt;
                  成功率: 
                  92.0
                  %
                &lt;/ink-text&gt;
                &lt;ink-text
                  style=&quot;flex-grow: 0; flex-shrink: 1; flex-direction: row; text-wrap: wrap;&quot;
                &gt;
                  タグ: 
                  gpt5, prompting, analysis
                &lt;/ink-text&gt;
              &lt;/ink-box&gt;
            &lt;/ink-box&gt;
          &lt;/ink-box&gt;
        &lt;/ink-box&gt;
        &lt;ink-box
          style=&quot;flex-wrap: nowrap; flex-direction: row; flex-grow: 0; flex-shrink: 1; margin-top: 1px; border-color: rgb(108, 112, 134); padding: 1px; overflow-x: visible; overflow-y: visible;&quot;
        &gt;
          &lt;ink-text
            style=&quot;flex-grow: 0; flex-shrink: 1; flex-direction: row; text-wrap: wrap;&quot;
          &gt;
            Tab: タブ切替 | ↑↓: 記憶選択 | q: 終了
          &lt;/ink-text&gt;
        &lt;/ink-box&gt;
      &lt;/ink-box&gt;
    &lt;/div&gt;
  &lt;/body&gt;
&lt;/html&gt;
 ❯ src/ui/components/SynapticMemoryDashboard.test.tsx:171:33
 ❯ runWithExpensiveErrorDiagnosticsDisabled node_modules/@testing-library/dom/dist/config.js:47:12
 ❯ checkCallback node_modules/@testing-library/dom/dist/wait-for.js:124:77
 ❯ Timeout.checkRealTimersCallback node_modules/@testing-library/dom/dist/wait-for.js:118:16
            </failure>
        </testcase>
        <testcase classname="src/ui/components/SynapticMemoryDashboard.test.tsx" name="SynapticMemoryDashboard &gt; qキーでダッシュボードが閉じられること" time="1.011600001">
            <failure message="expected &quot;spy&quot; to be called at least once

Ignored nodes: comments, script, style
[36m&lt;html&gt;[39m
  [36m&lt;head /&gt;[39m
  [36m&lt;body&gt;[39m
    [36m&lt;div&gt;[39m
      [36m&lt;ink-box[39m
        [33mstyle[39m=[32m&quot;flex-wrap: nowrap; flex-direction: column; flex-grow: 0; flex-shrink: 1; width: 52px; height: 20px; padding: 1px; overflow-x: visible; overflow-y: visible;&quot;[39m
      [36m&gt;[39m
        [36m&lt;ink-box[39m
          [33mstyle[39m=[32m&quot;flex-wrap: nowrap; flex-direction: row; flex-grow: 0; flex-shrink: 1; margin-bottom: 1px; overflow-x: visible; overflow-y: visible;&quot;[39m
        [36m&gt;[39m
          [36m&lt;ink-text[39m
            [33mstyle[39m=[32m&quot;flex-grow: 0; flex-shrink: 1; flex-direction: row; text-wrap: wrap;&quot;[39m
          [36m&gt;[39m
            [0mシナプス記憶システム ダッシュボード[0m
          [36m&lt;/ink-text&gt;[39m
        [36m&lt;/ink-box&gt;[39m
        [36m&lt;ink-box[39m
          [33mstyle[39m=[32m&quot;flex-wrap: nowrap; flex-direction: row; flex-grow: 0; flex-shrink: 1; margin-bottom: 1px; overflow-x: visible; overflow-y: visible;&quot;[39m
        [36m&gt;[39m
          [36m&lt;ink-box[39m
            [33mstyle[39m=[32m&quot;flex-wrap: nowrap; flex-direction: row; flex-grow: 0; flex-shrink: 1; margin-right: 2px; overflow-x: visible; overflow-y: visible;&quot;[39m
          [36m&gt;[39m
            [36m&lt;ink-text[39m
              [33mstyle[39m=[32m&quot;flex-grow: 0; flex-shrink: 1; flex-direction: row; text-wrap: wrap;&quot;[39m
            [36m&gt;[39m
              [0m[[0m
              [0m1[0m
              [0m] [0m
              [0m記憶一覧[0m
            [36m&lt;/ink-text&gt;[39m
          [36m&lt;/ink-box&gt;[39m
          [36m&lt;ink-box[39m
            [33mstyle[39m=[32m&quot;flex-wrap: nowrap; flex-direction: row; flex-grow: 0; flex-shrink: 1; margin-right: 2px; overflow-x: visible; overflow-y: visible;&quot;[39m
          [36m&gt;[39m
            [36m&lt;ink-text[39m
              [33mstyle[39m=[32m&quot;flex-grow: 0; flex-shrink: 1; flex-direction: row; text-wrap: wrap;&quot;[39m
            [36m&gt;[39m
              [0m[[0m
              [0m2[0m
              [0m] [0m
              [0mシナプス結合[0m
            [36m&lt;/ink-text&gt;[39m
          [36m&lt;/ink-box&gt;[39m
          [36m&lt;ink-box[39m
            [33mstyle[39m=[32m&quot;flex-wrap: nowrap; flex-direction: row; flex-grow: 0; flex-shrink: 1; margin-right: 2px; overflow-x: visible; overflow-y: visible;&quot;[39m
          [36m&gt;[39m
            [36m&lt;ink-text[39m
              [33mstyle[39m=[32m&quot;flex-grow: 0; flex-shrink: 1; flex-direction: row; text-wrap: wrap;&quot;[39m
            [36m&gt;[39m
              [0m[[0m
              [0m3[0m
              [0m] [0m
              [0mネットワーク診断[0m
            [36m&lt;/ink-text&gt;[39m
          [36m&lt;/ink-box&gt;[39m
          [36m&lt;ink-box[39m
            [33mstyle[39m=[32m&quot;flex-wrap: nowrap; flex-direction: row; flex-grow: 0; flex-shrink: 1; margin-right: 2px; overflow-x: visible; overflow-y: visible;&quot;[39m
          [36m&gt;[39m
            [36m&lt;ink-text[39m
              [33mstyle[39m=[32m&quot;flex-grow: 0; flex-shrink: 1; flex-direction: row; text-wrap: wrap;&quot;[39m
            [36m&gt;[39m
              [0m[[0m
              [0m4[0m
              [0m] [0m
              [0m設定[0m
            [36m&lt;/ink-text&gt;[39m
          [36m&lt;/ink-box&gt;[39m
        [36m&lt;/ink-box&gt;[39m
        [36m&lt;ink-box[39m
          [33mstyle[39m=[32m&quot;flex-wrap: nowrap; flex-direction: row; flex-grow: 1; flex-shrink: 1; overflow: hidden; overflow-x: hidden; overflow-y: hidden;&quot;[39m
        [36m&gt;[39m
          [36m&lt;ink-box[39m
            [33mstyle[39m=[32m&quot;flex-wrap: nowrap; flex-direction: column; flex-grow: 1; flex-shrink: 1; overflow-x: visible; overflow-y: visible;&quot;[39m
          [36m&gt;[39m
            [36m&lt;ink-box[39m
              [33mstyle[39m=[32m&quot;flex-wrap: nowrap; flex-direction: row; flex-grow: 0; flex-shrink: 1; margin-bottom: 1px; overflow-x: visible; overflow-y: visible;&quot;[39m
            [36m&gt;[39m
              [36m&lt;ink-text[39m
                [33mstyle[39m=[32m&quot;flex-grow: 0; flex-shrink: 1; flex-direction: row; text-wrap: wrap;&quot;[39m
              [36m&gt;[39m
                [0m記憶一覧 ([0m
                [0m3[0m
                [0m件)[0m
              [36m&lt;/ink-text&gt;[39m
            [36m&lt;/ink-box&gt;[39m
            [36m&lt;ink-box[39m
              [33mstyle[39m=[32m&quot;flex-wrap: nowrap; flex-direction: column; flex-grow: 0; flex-shrink: 0; width: 48px; overflow-x: visible; overflow-y: visible;&quot;[39m
            [36m&gt;[39m
              [36m&lt;ink-box[39m
                [33mstyle[39m=[32m&quot;flex-wrap: nowrap; flex-direction: row; flex-grow: 0; flex-shrink: 1; overflow-x: visible; overflow-y: visible;&quot;[39m
              [36m&gt;[39m
                [36m&lt;ink-text[39m
                  [33mstyle[39m=[32m&quot;flex-grow: 0; flex-shrink: 1; flex-direction: row; text-wrap: wrap;&quot;[39m
                [36m&gt;[39m
                  [0m► [0m
                [36m&lt;/ink-text&gt;[39m
                [36m&lt;ink-text[39m
                  [33mstyle[39m=[32m&quot;flex-grow: 0; flex-shrink: 1; flex-direction: row; text-wrap: wrap;&quot;[39m
                [36m&gt;[39m
                  [0m[[0m
                [36m&lt;/ink-text&gt;[39m
                [36m&lt;ink-text[39m
                  [33mstyle[39m=[32m&quot;flex-grow: 0; flex-shrink: 1; flex-direction: row; text-wrap: wrap;&quot;[39m
                [36m&gt;[39m
                  [0mmem-001[0m
                [36m&lt;/ink-text&gt;[39m
                [36m&lt;ink-text[39m
                  [33mstyle[39m=[32m&quot;flex-grow: 0; flex-shrink: 1; flex-direction: row; text-wrap: wrap;&quot;[39m
                [36m&gt;[39m
                  [0m] [0m
                [36m&lt;/ink-text&gt;[39m
                [36m&lt;ink-text[39m
                  [33mstyle[39m=[32m&quot;flex-grow: 0; flex-shrink: 1; flex-direction: row; text-wrap: wrap;&quot;[39m
                [36m&gt;[39m
                  [0mGPT-5プロンプトガイドの分析結果[0m
                [36m&lt;/ink-text&gt;[39m
              [36m&lt;/ink-box&gt;[39m
              [36m&lt;ink-box[39m
                [33mstyle[39m=[32m&quot;flex-wrap: nowrap; flex-direction: row; flex-grow: 0; flex-shrink: 1; overflow-x: visible; overflow-y: visible;&quot;[39m
              [36m&gt;[39m
                [36m&lt;ink-text[39m
                  [33mstyle[39m=[32m&quot;flex-grow: 0; flex-shrink: 1; flex-direction: row; text-wrap: wrap;&quot;[39m
                [36m&gt;[39m
                  [0m  [0m
                [36m&lt;/ink-text&gt;[39m
                [36m&lt;ink-text[39m
                  [33mstyle[39m=[32m&quot;flex-grow: 0; flex-shrink: 1; flex-direction: row; text-wrap: wrap;&quot;[39m
                [36m&gt;[39m
                  [0m[[0m
                [36m&lt;/ink-text&gt;[39m
                [36m&lt;ink-text[39m
                  [33mstyle[39m=[32m&quot;flex-grow: 0; flex-shrink: 1; flex-direction: row; text-wrap: wrap;&quot;[39m
                [36m&gt;[39m
                  [0mmem-002[0m
                [36m&lt;/ink-text&gt;[39m
                [36m&lt;ink-text[39m
                  [33mstyle[39m=[32m&quot;flex-grow: 0; flex-shrink: 1; flex-direction: row; text-wrap: wrap;&quot;[39m
                [36m&gt;[39m
                  [0m] [0m
                [36m&lt;/ink-text&gt;[39m
                [36m&lt;ink-text[39m
                  [33mstyle[39m=[32m&quot;flex-grow: 0; flex-shrink: 1; flex-direction: row; text-wrap: wrap;&quot;[39m
                [36m&gt;[39m
                  [0mシナプス記憶システムのPhase 2実装完了[0m
                [36m&lt;/ink-text&gt;[39m
              [36m&lt;/ink-box&gt;[39m
              [36m&lt;ink-box[39m
                [33mstyle[39m=[32m&quot;flex-wrap: nowrap; flex-direction: row; flex-grow: 0; flex-shrink: 1; overflow-x: visible; overflow-y: visible;&quot;[39m
              [36m&gt;[39m
                [36m&lt;ink-text[39m
                  [33mstyle[39m=[32m&quot;flex-grow: 0; flex-shrink: 1; flex-direction: row; text-wrap: wrap;&quot;[39m
                [36m&gt;[39m
                  [0m  [0m
                [36m&lt;/ink-text&gt;[39m
                [36m&lt;ink-text[39m
                  [33mstyle[39m=[32m&quot;flex-grow: 0; flex-shrink: 1; flex-direction: row; text-wrap: wrap;&quot;[39m
                [36m&gt;[39m
                  [0m[[0m
                [36m&lt;/ink-text&gt;[39m
                [36m&lt;ink-text[39m
                  [33mstyle[39m=[32m&quot;flex-grow: 0; flex-shrink: 1; flex-direction: row; text-wrap: wrap;&quot;[39m
                [36m&gt;[39m
                  [0mmem-003[0m
                [36m&lt;/ink-text&gt;[39m
                [36m&lt;ink-text[39m
                  [33mstyle[39m=[32m&quot;flex-grow: 0; flex-shrink: 1; flex-direction: row; text-wrap: wrap;&quot;[39m
                [36m&gt;[39m
                  [0m] [0m
                [36m&lt;/ink-text&gt;[39m
                [36m&lt;ink-text[39m
                  [33mstyle[39m=[32m&quot;flex-grow: 0; flex-shrink: 1; flex-direction: row; text-wrap: wrap;&quot;[39m
                [36m&gt;[39m
                  [0mRESTful API設計とエンドポイント定義[0m
                [36m&lt;/ink-text&gt;[39m
              [36m&lt;/ink-box&gt;[39m
            [36m&lt;/ink-box&gt;[39m
            [36m&lt;ink-box[39m
              [33mstyle[39m=[32m&quot;flex-wrap: nowrap; flex-direction: row; flex-grow: 0; flex-shrink: 1; margin-top: 1px; border-color: rgb(108, 112, 134); padding: 1px; overflow-x: visible; overflow-y: visible;&quot;[39m
            [36m&gt;[39m
              [36m&lt;ink-box[39m
                [33mstyle[39m=[32m&quot;flex-wrap: nowrap; flex-direction: column; flex-grow: 0; flex-shrink: 1; overflow-x: visible; overflow-y: visible;&quot;[39m
              [36m&gt;[39m
                [36m&lt;ink-text[39m
                  [33mstyle[39m=[32m&quot;flex-grow: 0; flex-shrink: 1; flex-direction: row; text-wrap: wrap;&quot;[39m
                [36m&gt;[39m
                  [0m詳細:[0m
                [36m&lt;/ink-text&gt;[39m
                [36m&lt;ink-text[39m
                  [33mstyle[39m=[32m&quot;flex-grow: 0; flex-shrink: 1; flex-direction: row; text-wrap: wrap;&quot;[39m
                [36m&gt;[39m
                  [0mID: [0m
                  [0mmem-001[0m
                [36m&lt;/ink-text&gt;[39m
                [36m&lt;ink-text[39m
                  [33mstyle[39m=[32m&quot;flex-grow: 0; flex-shrink: 1; flex-direction: row; text-wrap: wrap;&quot;[39m
                [36m&gt;[39m
                  [0mアクセス数: [0m
                  [0m15[0m
                [36m&lt;/ink-text&gt;[39m
                [36m&lt;ink-text[39m
                  [33mstyle[39m=[32m&quot;flex-grow: 0; flex-shrink: 1; flex-direction: row; text-wrap: wrap;&quot;[39m
                [36m&gt;[39m
                  [0m成功率: [0m
                  [0m92.0[0m
                  [0m%[0m
                [36m&lt;/ink-text&gt;[39m
                [36m&lt;ink-text[39m
                  [33mstyle[39m=[32m&quot;flex-grow: 0; flex-shrink: 1; flex-direction: row; text-wrap: wrap;&quot;[39m
                [36m&gt;[39m
                  [0mタグ: [0m
                  [0mgpt5, prompting, analysis[0m
                [36m&lt;/ink-text&gt;[39m
              [36m&lt;/ink-box&gt;[39m
            [36m&lt;/ink-box&gt;[39m
          [36m&lt;/ink-box&gt;[39m
        [36m&lt;/ink-box&gt;[39m
        [36m&lt;ink-box[39m
          [33mstyle[39m=[32m&quot;flex-wrap: nowrap; flex-direction: row; flex-grow: 0; flex-shrink: 1; margin-top: 1px; border-color: rgb(108, 112, 134); padding: 1px; overflow-x: visible; overflow-y: visible;&quot;[39m
        [36m&gt;[39m
          [36m&lt;ink-text[39m
            [33mstyle[39m=[32m&quot;flex-grow: 0; flex-shrink: 1; flex-direction: row; text-wrap: wrap;&quot;[39m
          [36m&gt;[39m
            [0mTab: タブ切替 | ↑↓: 記憶選択 | q: 終了[0m
          [36m&lt;/ink-text&gt;[39m
        [36m&lt;/ink-box&gt;[39m
      [36m&lt;/ink-box&gt;[39m
    [36m&lt;/div&gt;[39m
  [36m&lt;/body&gt;[39m
[36m&lt;/html&gt;[39m" type="AssertionError">
AssertionError: expected &quot;spy&quot; to be called at least once

Ignored nodes: comments, script, style
&lt;html&gt;
  &lt;head /&gt;
  &lt;body&gt;
    &lt;div&gt;
      &lt;ink-box
        style=&quot;flex-wrap: nowrap; flex-direction: column; flex-grow: 0; flex-shrink: 1; width: 52px; height: 20px; padding: 1px; overflow-x: visible; overflow-y: visible;&quot;
      &gt;
        &lt;ink-box
          style=&quot;flex-wrap: nowrap; flex-direction: row; flex-grow: 0; flex-shrink: 1; margin-bottom: 1px; overflow-x: visible; overflow-y: visible;&quot;
        &gt;
          &lt;ink-text
            style=&quot;flex-grow: 0; flex-shrink: 1; flex-direction: row; text-wrap: wrap;&quot;
          &gt;
            シナプス記憶システム ダッシュボード
          &lt;/ink-text&gt;
        &lt;/ink-box&gt;
        &lt;ink-box
          style=&quot;flex-wrap: nowrap; flex-direction: row; flex-grow: 0; flex-shrink: 1; margin-bottom: 1px; overflow-x: visible; overflow-y: visible;&quot;
        &gt;
          &lt;ink-box
            style=&quot;flex-wrap: nowrap; flex-direction: row; flex-grow: 0; flex-shrink: 1; margin-right: 2px; overflow-x: visible; overflow-y: visible;&quot;
          &gt;
            &lt;ink-text
              style=&quot;flex-grow: 0; flex-shrink: 1; flex-direction: row; text-wrap: wrap;&quot;
            &gt;
              [
              1
              ] 
              記憶一覧
            &lt;/ink-text&gt;
          &lt;/ink-box&gt;
          &lt;ink-box
            style=&quot;flex-wrap: nowrap; flex-direction: row; flex-grow: 0; flex-shrink: 1; margin-right: 2px; overflow-x: visible; overflow-y: visible;&quot;
          &gt;
            &lt;ink-text
              style=&quot;flex-grow: 0; flex-shrink: 1; flex-direction: row; text-wrap: wrap;&quot;
            &gt;
              [
              2
              ] 
              シナプス結合
            &lt;/ink-text&gt;
          &lt;/ink-box&gt;
          &lt;ink-box
            style=&quot;flex-wrap: nowrap; flex-direction: row; flex-grow: 0; flex-shrink: 1; margin-right: 2px; overflow-x: visible; overflow-y: visible;&quot;
          &gt;
            &lt;ink-text
              style=&quot;flex-grow: 0; flex-shrink: 1; flex-direction: row; text-wrap: wrap;&quot;
            &gt;
              [
              3
              ] 
              ネットワーク診断
            &lt;/ink-text&gt;
          &lt;/ink-box&gt;
          &lt;ink-box
            style=&quot;flex-wrap: nowrap; flex-direction: row; flex-grow: 0; flex-shrink: 1; margin-right: 2px; overflow-x: visible; overflow-y: visible;&quot;
          &gt;
            &lt;ink-text
              style=&quot;flex-grow: 0; flex-shrink: 1; flex-direction: row; text-wrap: wrap;&quot;
            &gt;
              [
              4
              ] 
              設定
            &lt;/ink-text&gt;
          &lt;/ink-box&gt;
        &lt;/ink-box&gt;
        &lt;ink-box
          style=&quot;flex-wrap: nowrap; flex-direction: row; flex-grow: 1; flex-shrink: 1; overflow: hidden; overflow-x: hidden; overflow-y: hidden;&quot;
        &gt;
          &lt;ink-box
            style=&quot;flex-wrap: nowrap; flex-direction: column; flex-grow: 1; flex-shrink: 1; overflow-x: visible; overflow-y: visible;&quot;
          &gt;
            &lt;ink-box
              style=&quot;flex-wrap: nowrap; flex-direction: row; flex-grow: 0; flex-shrink: 1; margin-bottom: 1px; overflow-x: visible; overflow-y: visible;&quot;
            &gt;
              &lt;ink-text
                style=&quot;flex-grow: 0; flex-shrink: 1; flex-direction: row; text-wrap: wrap;&quot;
              &gt;
                記憶一覧 (
                3
                件)
              &lt;/ink-text&gt;
            &lt;/ink-box&gt;
            &lt;ink-box
              style=&quot;flex-wrap: nowrap; flex-direction: column; flex-grow: 0; flex-shrink: 0; width: 48px; overflow-x: visible; overflow-y: visible;&quot;
            &gt;
              &lt;ink-box
                style=&quot;flex-wrap: nowrap; flex-direction: row; flex-grow: 0; flex-shrink: 1; overflow-x: visible; overflow-y: visible;&quot;
              &gt;
                &lt;ink-text
                  style=&quot;flex-grow: 0; flex-shrink: 1; flex-direction: row; text-wrap: wrap;&quot;
                &gt;
                  ► 
                &lt;/ink-text&gt;
                &lt;ink-text
                  style=&quot;flex-grow: 0; flex-shrink: 1; flex-direction: row; text-wrap: wrap;&quot;
                &gt;
                  [
                &lt;/ink-text&gt;
                &lt;ink-text
                  style=&quot;flex-grow: 0; flex-shrink: 1; flex-direction: row; text-wrap: wrap;&quot;
                &gt;
                  mem-001
                &lt;/ink-text&gt;
                &lt;ink-text
                  style=&quot;flex-grow: 0; flex-shrink: 1; flex-direction: row; text-wrap: wrap;&quot;
                &gt;
                  ] 
                &lt;/ink-text&gt;
                &lt;ink-text
                  style=&quot;flex-grow: 0; flex-shrink: 1; flex-direction: row; text-wrap: wrap;&quot;
                &gt;
                  GPT-5プロンプトガイドの分析結果
                &lt;/ink-text&gt;
              &lt;/ink-box&gt;
              &lt;ink-box
                style=&quot;flex-wrap: nowrap; flex-direction: row; flex-grow: 0; flex-shrink: 1; overflow-x: visible; overflow-y: visible;&quot;
              &gt;
                &lt;ink-text
                  style=&quot;flex-grow: 0; flex-shrink: 1; flex-direction: row; text-wrap: wrap;&quot;
                &gt;
                    
                &lt;/ink-text&gt;
                &lt;ink-text
                  style=&quot;flex-grow: 0; flex-shrink: 1; flex-direction: row; text-wrap: wrap;&quot;
                &gt;
                  [
                &lt;/ink-text&gt;
                &lt;ink-text
                  style=&quot;flex-grow: 0; flex-shrink: 1; flex-direction: row; text-wrap: wrap;&quot;
                &gt;
                  mem-002
                &lt;/ink-text&gt;
                &lt;ink-text
                  style=&quot;flex-grow: 0; flex-shrink: 1; flex-direction: row; text-wrap: wrap;&quot;
                &gt;
                  ] 
                &lt;/ink-text&gt;
                &lt;ink-text
                  style=&quot;flex-grow: 0; flex-shrink: 1; flex-direction: row; text-wrap: wrap;&quot;
                &gt;
                  シナプス記憶システムのPhase 2実装完了
                &lt;/ink-text&gt;
              &lt;/ink-box&gt;
              &lt;ink-box
                style=&quot;flex-wrap: nowrap; flex-direction: row; flex-grow: 0; flex-shrink: 1; overflow-x: visible; overflow-y: visible;&quot;
              &gt;
                &lt;ink-text
                  style=&quot;flex-grow: 0; flex-shrink: 1; flex-direction: row; text-wrap: wrap;&quot;
                &gt;
                    
                &lt;/ink-text&gt;
                &lt;ink-text
                  style=&quot;flex-grow: 0; flex-shrink: 1; flex-direction: row; text-wrap: wrap;&quot;
                &gt;
                  [
                &lt;/ink-text&gt;
                &lt;ink-text
                  style=&quot;flex-grow: 0; flex-shrink: 1; flex-direction: row; text-wrap: wrap;&quot;
                &gt;
                  mem-003
                &lt;/ink-text&gt;
                &lt;ink-text
                  style=&quot;flex-grow: 0; flex-shrink: 1; flex-direction: row; text-wrap: wrap;&quot;
                &gt;
                  ] 
                &lt;/ink-text&gt;
                &lt;ink-text
                  style=&quot;flex-grow: 0; flex-shrink: 1; flex-direction: row; text-wrap: wrap;&quot;
                &gt;
                  RESTful API設計とエンドポイント定義
                &lt;/ink-text&gt;
              &lt;/ink-box&gt;
            &lt;/ink-box&gt;
            &lt;ink-box
              style=&quot;flex-wrap: nowrap; flex-direction: row; flex-grow: 0; flex-shrink: 1; margin-top: 1px; border-color: rgb(108, 112, 134); padding: 1px; overflow-x: visible; overflow-y: visible;&quot;
            &gt;
              &lt;ink-box
                style=&quot;flex-wrap: nowrap; flex-direction: column; flex-grow: 0; flex-shrink: 1; overflow-x: visible; overflow-y: visible;&quot;
              &gt;
                &lt;ink-text
                  style=&quot;flex-grow: 0; flex-shrink: 1; flex-direction: row; text-wrap: wrap;&quot;
                &gt;
                  詳細:
                &lt;/ink-text&gt;
                &lt;ink-text
                  style=&quot;flex-grow: 0; flex-shrink: 1; flex-direction: row; text-wrap: wrap;&quot;
                &gt;
                  ID: 
                  mem-001
                &lt;/ink-text&gt;
                &lt;ink-text
                  style=&quot;flex-grow: 0; flex-shrink: 1; flex-direction: row; text-wrap: wrap;&quot;
                &gt;
                  アクセス数: 
                  15
                &lt;/ink-text&gt;
                &lt;ink-text
                  style=&quot;flex-grow: 0; flex-shrink: 1; flex-direction: row; text-wrap: wrap;&quot;
                &gt;
                  成功率: 
                  92.0
                  %
                &lt;/ink-text&gt;
                &lt;ink-text
                  style=&quot;flex-grow: 0; flex-shrink: 1; flex-direction: row; text-wrap: wrap;&quot;
                &gt;
                  タグ: 
                  gpt5, prompting, analysis
                &lt;/ink-text&gt;
              &lt;/ink-box&gt;
            &lt;/ink-box&gt;
          &lt;/ink-box&gt;
        &lt;/ink-box&gt;
        &lt;ink-box
          style=&quot;flex-wrap: nowrap; flex-direction: row; flex-grow: 0; flex-shrink: 1; margin-top: 1px; border-color: rgb(108, 112, 134); padding: 1px; overflow-x: visible; overflow-y: visible;&quot;
        &gt;
          &lt;ink-text
            style=&quot;flex-grow: 0; flex-shrink: 1; flex-direction: row; text-wrap: wrap;&quot;
          &gt;
            Tab: タブ切替 | ↑↓: 記憶選択 | q: 終了
          &lt;/ink-text&gt;
        &lt;/ink-box&gt;
      &lt;/ink-box&gt;
    &lt;/div&gt;
  &lt;/body&gt;
&lt;/html&gt;
 ❯ src/ui/components/SynapticMemoryDashboard.test.tsx:182:33
 ❯ runWithExpensiveErrorDiagnosticsDisabled node_modules/@testing-library/dom/dist/config.js:47:12
 ❯ checkCallback node_modules/@testing-library/dom/dist/wait-for.js:124:77
 ❯ Timeout.checkRealTimersCallback node_modules/@testing-library/dom/dist/wait-for.js:118:16
            </failure>
        </testcase>
        <testcase classname="src/ui/components/SynapticMemoryDashboard.test.tsx" name="SynapticMemoryDashboard &gt; ターミナルサイズに応じてレイアウトが調整されること" time="0.00976">
            <failure message="Unable to find an element with the text: Synaptic Memory Dashboard. This could be because the text is broken up by multiple elements. In this case, you can provide a function for your text matcher to make your matcher more flexible.

Ignored nodes: comments, script, style
[36m&lt;body&gt;[39m
  [36m&lt;div&gt;[39m
    [36m&lt;ink-box[39m
      [33mstyle[39m=[32m&quot;flex-wrap: nowrap; flex-direction: column; flex-grow: 0; flex-shrink: 1; width: 52px; height: 20px; padding: 1px; overflow-x: visible; overflow-y: visible;&quot;[39m
    [36m&gt;[39m
      [36m&lt;ink-box[39m
        [33mstyle[39m=[32m&quot;flex-wrap: nowrap; flex-direction: row; flex-grow: 0; flex-shrink: 1; margin-bottom: 1px; overflow-x: visible; overflow-y: visible;&quot;[39m
      [36m&gt;[39m
        [36m&lt;ink-text[39m
          [33mstyle[39m=[32m&quot;flex-grow: 0; flex-shrink: 1; flex-direction: row; text-wrap: wrap;&quot;[39m
        [36m&gt;[39m
          [0mシナプス記憶システム ダッシュボード[0m
        [36m&lt;/ink-text&gt;[39m
      [36m&lt;/ink-box&gt;[39m
      [36m&lt;ink-box[39m
        [33mstyle[39m=[32m&quot;flex-wrap: nowrap; flex-direction: row; flex-grow: 0; flex-shrink: 1; margin-bottom: 1px; overflow-x: visible; overflow-y: visible;&quot;[39m
      [36m&gt;[39m
        [36m&lt;ink-box[39m
          [33mstyle[39m=[32m&quot;flex-wrap: nowrap; flex-direction: row; flex-grow: 0; flex-shrink: 1; margin-right: 2px; overflow-x: visible; overflow-y: visible;&quot;[39m
        [36m&gt;[39m
          [36m&lt;ink-text[39m
            [33mstyle[39m=[32m&quot;flex-grow: 0; flex-shrink: 1; flex-direction: row; text-wrap: wrap;&quot;[39m
          [36m&gt;[39m
            [0m[[0m
            [0m1[0m
            [0m] [0m
            [0m記憶一覧[0m
          [36m&lt;/ink-text&gt;[39m
        [36m&lt;/ink-box&gt;[39m
        [36m&lt;ink-box[39m
          [33mstyle[39m=[32m&quot;flex-wrap: nowrap; flex-direction: row; flex-grow: 0; flex-shrink: 1; margin-right: 2px; overflow-x: visible; overflow-y: visible;&quot;[39m
        [36m&gt;[39m
          [36m&lt;ink-text[39m
            [33mstyle[39m=[32m&quot;flex-grow: 0; flex-shrink: 1; flex-direction: row; text-wrap: wrap;&quot;[39m
          [36m&gt;[39m
            [0m[[0m
            [0m2[0m
            [0m] [0m
            [0mシナプス結合[0m
          [36m&lt;/ink-text&gt;[39m
        [36m&lt;/ink-box&gt;[39m
        [36m&lt;ink-box[39m
          [33mstyle[39m=[32m&quot;flex-wrap: nowrap; flex-direction: row; flex-grow: 0; flex-shrink: 1; margin-right: 2px; overflow-x: visible; overflow-y: visible;&quot;[39m
        [36m&gt;[39m
          [36m&lt;ink-text[39m
            [33mstyle[39m=[32m&quot;flex-grow: 0; flex-shrink: 1; flex-direction: row; text-wrap: wrap;&quot;[39m
          [36m&gt;[39m
            [0m[[0m
            [0m3[0m
            [0m] [0m
            [0mネットワーク診断[0m
          [36m&lt;/ink-text&gt;[39m
        [36m&lt;/ink-box&gt;[39m
        [36m&lt;ink-box[39m
          [33mstyle[39m=[32m&quot;flex-wrap: nowrap; flex-direction: row; flex-grow: 0; flex-shrink: 1; margin-right: 2px; overflow-x: visible; overflow-y: visible;&quot;[39m
        [36m&gt;[39m
          [36m&lt;ink-text[39m
            [33mstyle[39m=[32m&quot;flex-grow: 0; flex-shrink: 1; flex-direction: row; text-wrap: wrap;&quot;[39m
          [36m&gt;[39m
            [0m[[0m
            [0m4[0m
            [0m] [0m
            [0m設定[0m
          [36m&lt;/ink-text&gt;[39m
        [36m&lt;/ink-box&gt;[39m
      [36m&lt;/ink-box&gt;[39m
      [36m&lt;ink-box[39m
        [33mstyle[39m=[32m&quot;flex-wrap: nowrap; flex-direction: row; flex-grow: 1; flex-shrink: 1; overflow: hidden; overflow-x: hidden; overflow-y: hidden;&quot;[39m
      [36m&gt;[39m
        [36m&lt;ink-box[39m
          [33mstyle[39m=[32m&quot;flex-wrap: nowrap; flex-direction: column; flex-grow: 1; flex-shrink: 1; overflow-x: visible; overflow-y: visible;&quot;[39m
        [36m&gt;[39m
          [36m&lt;ink-box[39m
            [33mstyle[39m=[32m&quot;flex-wrap: nowrap; flex-direction: row; flex-grow: 0; flex-shrink: 1; margin-bottom: 1px; overflow-x: visible; overflow-y: visible;&quot;[39m
          [36m&gt;[39m
            [36m&lt;ink-text[39m
              [33mstyle[39m=[32m&quot;flex-grow: 0; flex-shrink: 1; flex-direction: row; text-wrap: wrap;&quot;[39m
            [36m&gt;[39m
              [0m記憶一覧 ([0m
              [0m3[0m
              [0m件)[0m
            [36m&lt;/ink-text&gt;[39m
          [36m&lt;/ink-box&gt;[39m
          [36m&lt;ink-box[39m
            [33mstyle[39m=[32m&quot;flex-wrap: nowrap; flex-direction: column; flex-grow: 0; flex-shrink: 0; width: 48px; overflow-x: visible; overflow-y: visible;&quot;[39m
          [36m&gt;[39m
            [36m&lt;ink-box[39m
              [33mstyle[39m=[32m&quot;flex-wrap: nowrap; flex-direction: row; flex-grow: 0; flex-shrink: 1; overflow-x: visible; overflow-y: visible;&quot;[39m
            [36m&gt;[39m
              [36m&lt;ink-text[39m
                [33mstyle[39m=[32m&quot;flex-grow: 0; flex-shrink: 1; flex-direction: row; text-wrap: wrap;&quot;[39m
              [36m&gt;[39m
                [0m► [0m
              [36m&lt;/ink-text&gt;[39m
              [36m&lt;ink-text[39m
                [33mstyle[39m=[32m&quot;flex-grow: 0; flex-shrink: 1; flex-direction: row; text-wrap: wrap;&quot;[39m
              [36m&gt;[39m
                [0m[[0m
              [36m&lt;/ink-text&gt;[39m
              [36m&lt;ink-text[39m
                [33mstyle[39m=[32m&quot;flex-grow: 0; flex-shrink: 1; flex-direction: row; text-wrap: wrap;&quot;[39m
              [36m&gt;[39m
                [0mmem-001[0m
              [36m&lt;/ink-text&gt;[39m
              [36m&lt;ink-text[39m
                [33mstyle[39m=[32m&quot;flex-grow: 0; flex-shrink: 1; flex-direction: row; text-wrap: wrap;&quot;[39m
              [36m&gt;[39m
                [0m] [0m
              [36m&lt;/ink-text&gt;[39m
              [36m&lt;ink-text[39m
                [33mstyle[39m=[32m&quot;flex-grow: 0; flex-shrink: 1; flex-direction: row; text-wrap: wrap;&quot;[39m
              [36m&gt;[39m
                [0mGPT-5プロンプトガイドの分析結果[0m
              [36m&lt;/ink-text&gt;[39m
            [36m&lt;/ink-box&gt;[39m
            [36m&lt;ink-box[39m
              [33mstyle[39m=[32m&quot;flex-wrap: nowrap; flex-direction: row; flex-grow: 0; flex-shrink: 1; overflow-x: visible; overflow-y: visible;&quot;[39m
            [36m&gt;[39m
              [36m&lt;ink-text[39m
                [33mstyle[39m=[32m&quot;flex-grow: 0; flex-shrink: 1; flex-direction: row; text-wrap: wrap;&quot;[39m
              [36m&gt;[39m
                [0m  [0m
              [36m&lt;/ink-text&gt;[39m
              [36m&lt;ink-text[39m
                [33mstyle[39m=[32m&quot;flex-grow: 0; flex-shrink: 1; flex-direction: row; text-wrap: wrap;&quot;[39m
              [36m&gt;[39m
                [0m[[0m
              [36m&lt;/ink-text&gt;[39m
              [36m&lt;ink-text[39m
                [33mstyle[39m=[32m&quot;flex-grow: 0; flex-shrink: 1; flex-direction: row; text-wrap: wrap;&quot;[39m
              [36m&gt;[39m
                [0mmem-002[0m
              [36m&lt;/ink-text&gt;[39m
              [36m&lt;ink-text[39m
                [33mstyle[39m=[32m&quot;flex-grow: 0; flex-shrink: 1; flex-direction: row; text-wrap: wrap;&quot;[39m
              [36m&gt;[39m
                [0m] [0m
              [36m&lt;/ink-text&gt;[39m
              [36m&lt;ink-text[39m
                [33mstyle[39m=[32m&quot;flex-grow: 0; flex-shrink: 1; flex-direction: row; text-wrap: wrap;&quot;[39m
              [36m&gt;[39m
                [0mシナプス記憶システムのPhase 2実装完了[0m
              [36m&lt;/ink-text&gt;[39m
            [36m&lt;/ink-box&gt;[39m
            [36m&lt;ink-box[39m
              [33mstyle[39m=[32m&quot;flex-wrap: nowrap; flex-direction: row; flex-grow: 0; flex-shrink: 1; overflow-x: visible; overflow-y: visible;&quot;[39m
            [36m&gt;[39m
              [36m&lt;ink-text[39m
                [33mstyle[39m=[32m&quot;flex-grow: 0; flex-shrink: 1; flex-direction: row; text-wrap: wrap;&quot;[39m
              [36m&gt;[39m
                [0m  [0m
              [36m&lt;/ink-text&gt;[39m
              [36m&lt;ink-text[39m
                [33mstyle[39m=[32m&quot;flex-grow: 0; flex-shrink: 1; flex-direction: row; text-wrap: wrap;&quot;[39m
              [36m&gt;[39m
                [0m[[0m
              [36m&lt;/ink-text&gt;[39m
              [36m&lt;ink-text[39m
                [33mstyle[39m=[32m&quot;flex-grow: 0; flex-shrink: 1; flex-direction: row; text-wrap: wrap;&quot;[39m
              [36m&gt;[39m
                [0mmem-003[0m
              [36m&lt;/ink-text&gt;[39m
              [36m&lt;ink-text[39m
                [33mstyle[39m=[32m&quot;flex-grow: 0; flex-shrink: 1; flex-direction: row; text-wrap: wrap;&quot;[39m
              [36m&gt;[39m
                [0m] [0m
              [36m&lt;/ink-text&gt;[39m
              [36m&lt;ink-text[39m
                [33mstyle[39m=[32m&quot;flex-grow: 0; flex-shrink: 1; flex-direction: row; text-wrap: wrap;&quot;[39m
              [36m&gt;[39m
                [0mRESTful API設計とエンドポイント定義[0m
              [36m&lt;/ink-text&gt;[39m
            [36m&lt;/ink-box&gt;[39m
          [36m&lt;/ink-box&gt;[39m
          [36m&lt;ink-box[39m
            [33mstyle[39m=[32m&quot;flex-wrap: nowrap; flex-direction: row; flex-grow: 0; flex-shrink: 1; margin-top: 1px; border-color: rgb(108, 112, 134); padding: 1px; overflow-x: visible; overflow-y: visible;&quot;[39m
          [36m&gt;[39m
            [36m&lt;ink-box[39m
              [33mstyle[39m=[32m&quot;flex-wrap: nowrap; flex-direction: column; flex-grow: 0; flex-shrink: 1; overflow-x: visible; overflow-y: visible;&quot;[39m
            [36m&gt;[39m
              [36m&lt;ink-text[39m
                [33mstyle[39m=[32m&quot;flex-grow: 0; flex-shrink: 1; flex-direction: row; text-wrap: wrap;&quot;[39m
              [36m&gt;[39m
                [0m詳細:[0m
              [36m&lt;/ink-text&gt;[39m
              [36m&lt;ink-text[39m
                [33mstyle[39m=[32m&quot;flex-grow: 0; flex-shrink: 1; flex-direction: row; text-wrap: wrap;&quot;[39m
              [36m&gt;[39m
                [0mID: [0m
                [0mmem-001[0m
              [36m&lt;/ink-text&gt;[39m
              [36m&lt;ink-text[39m
                [33mstyle[39m=[32m&quot;flex-grow: 0; flex-shrink: 1; flex-direction: row; text-wrap: wrap;&quot;[39m
              [36m&gt;[39m
                [0mアクセス数: [0m
                [0m15[0m
              [36m&lt;/ink-text&gt;[39m
              [36m&lt;ink-text[39m
                [33mstyle[39m=[32m&quot;flex-grow: 0; flex-shrink: 1; flex-direction: row; text-wrap: wrap;&quot;[39m
              [36m&gt;[39m
                [0m成功率: [0m
                [0m92.0[0m
                [0m%[0m
              [36m&lt;/ink-text&gt;[39m
              [36m&lt;ink-text[39m
                [33mstyle[39m=[32m&quot;flex-grow: 0; flex-shrink: 1; flex-direction: row; text-wrap: wrap;&quot;[39m
              [36m&gt;[39m
                [0mタグ: [0m
                [0mgpt5, prompting, analysis[0m
              [36m&lt;/ink-text&gt;[39m
            [36m&lt;/ink-box&gt;[39m
          [36m&lt;/ink-box&gt;[39m
        [36m&lt;/ink-box&gt;[39m
      [36m&lt;/ink-box&gt;[39m
      [36m&lt;ink-box[39m
        [33mstyle[39m=[32m&quot;flex-wrap: nowrap; flex-direction: row; flex-grow: 0; flex-shrink: 1; margin-top: 1px; border-color: rgb(108, 112, 134); padding: 1px; overflow-x: visible; overflow-y: visible;&quot;[39m
      [36m&gt;[39m
        [36m&lt;ink-text[39m
          [33mstyle[39m=[32m&quot;flex-grow: 0; flex-shrink: 1; flex-direction: row; text-wrap: wrap;&quot;[39m
        [36m&gt;[39m
          [0mTab: タブ切替 | ↑↓: 記憶選択 | q: 終了[0m
        [36m&lt;/ink-text&gt;[39m
      [36m&lt;/ink-box&gt;[39m
    [36m&lt;/ink-box&gt;[39m
  [36m&lt;/div&gt;[39m
[36m&lt;/body&gt;[39m" type="TestingLibraryElementError">
TestingLibraryElementError: Unable to find an element with the text: Synaptic Memory Dashboard. This could be because the text is broken up by multiple elements. In this case, you can provide a function for your text matcher to make your matcher more flexible.

Ignored nodes: comments, script, style
&lt;body&gt;
  &lt;div&gt;
    &lt;ink-box
      style=&quot;flex-wrap: nowrap; flex-direction: column; flex-grow: 0; flex-shrink: 1; width: 52px; height: 20px; padding: 1px; overflow-x: visible; overflow-y: visible;&quot;
    &gt;
      &lt;ink-box
        style=&quot;flex-wrap: nowrap; flex-direction: row; flex-grow: 0; flex-shrink: 1; margin-bottom: 1px; overflow-x: visible; overflow-y: visible;&quot;
      &gt;
        &lt;ink-text
          style=&quot;flex-grow: 0; flex-shrink: 1; flex-direction: row; text-wrap: wrap;&quot;
        &gt;
          シナプス記憶システム ダッシュボード
        &lt;/ink-text&gt;
      &lt;/ink-box&gt;
      &lt;ink-box
        style=&quot;flex-wrap: nowrap; flex-direction: row; flex-grow: 0; flex-shrink: 1; margin-bottom: 1px; overflow-x: visible; overflow-y: visible;&quot;
      &gt;
        &lt;ink-box
          style=&quot;flex-wrap: nowrap; flex-direction: row; flex-grow: 0; flex-shrink: 1; margin-right: 2px; overflow-x: visible; overflow-y: visible;&quot;
        &gt;
          &lt;ink-text
            style=&quot;flex-grow: 0; flex-shrink: 1; flex-direction: row; text-wrap: wrap;&quot;
          &gt;
            [
            1
            ] 
            記憶一覧
          &lt;/ink-text&gt;
        &lt;/ink-box&gt;
        &lt;ink-box
          style=&quot;flex-wrap: nowrap; flex-direction: row; flex-grow: 0; flex-shrink: 1; margin-right: 2px; overflow-x: visible; overflow-y: visible;&quot;
        &gt;
          &lt;ink-text
            style=&quot;flex-grow: 0; flex-shrink: 1; flex-direction: row; text-wrap: wrap;&quot;
          &gt;
            [
            2
            ] 
            シナプス結合
          &lt;/ink-text&gt;
        &lt;/ink-box&gt;
        &lt;ink-box
          style=&quot;flex-wrap: nowrap; flex-direction: row; flex-grow: 0; flex-shrink: 1; margin-right: 2px; overflow-x: visible; overflow-y: visible;&quot;
        &gt;
          &lt;ink-text
            style=&quot;flex-grow: 0; flex-shrink: 1; flex-direction: row; text-wrap: wrap;&quot;
          &gt;
            [
            3
            ] 
            ネットワーク診断
          &lt;/ink-text&gt;
        &lt;/ink-box&gt;
        &lt;ink-box
          style=&quot;flex-wrap: nowrap; flex-direction: row; flex-grow: 0; flex-shrink: 1; margin-right: 2px; overflow-x: visible; overflow-y: visible;&quot;
        &gt;
          &lt;ink-text
            style=&quot;flex-grow: 0; flex-shrink: 1; flex-direction: row; text-wrap: wrap;&quot;
          &gt;
            [
            4
            ] 
            設定
          &lt;/ink-text&gt;
        &lt;/ink-box&gt;
      &lt;/ink-box&gt;
      &lt;ink-box
        style=&quot;flex-wrap: nowrap; flex-direction: row; flex-grow: 1; flex-shrink: 1; overflow: hidden; overflow-x: hidden; overflow-y: hidden;&quot;
      &gt;
        &lt;ink-box
          style=&quot;flex-wrap: nowrap; flex-direction: column; flex-grow: 1; flex-shrink: 1; overflow-x: visible; overflow-y: visible;&quot;
        &gt;
          &lt;ink-box
            style=&quot;flex-wrap: nowrap; flex-direction: row; flex-grow: 0; flex-shrink: 1; margin-bottom: 1px; overflow-x: visible; overflow-y: visible;&quot;
          &gt;
            &lt;ink-text
              style=&quot;flex-grow: 0; flex-shrink: 1; flex-direction: row; text-wrap: wrap;&quot;
            &gt;
              記憶一覧 (
              3
              件)
            &lt;/ink-text&gt;
          &lt;/ink-box&gt;
          &lt;ink-box
            style=&quot;flex-wrap: nowrap; flex-direction: column; flex-grow: 0; flex-shrink: 0; width: 48px; overflow-x: visible; overflow-y: visible;&quot;
          &gt;
            &lt;ink-box
              style=&quot;flex-wrap: nowrap; flex-direction: row; flex-grow: 0; flex-shrink: 1; overflow-x: visible; overflow-y: visible;&quot;
            &gt;
              &lt;ink-text
                style=&quot;flex-grow: 0; flex-shrink: 1; flex-direction: row; text-wrap: wrap;&quot;
              &gt;
                ► 
              &lt;/ink-text&gt;
              &lt;ink-text
                style=&quot;flex-grow: 0; flex-shrink: 1; flex-direction: row; text-wrap: wrap;&quot;
              &gt;
                [
              &lt;/ink-text&gt;
              &lt;ink-text
                style=&quot;flex-grow: 0; flex-shrink: 1; flex-direction: row; text-wrap: wrap;&quot;
              &gt;
                mem-001
              &lt;/ink-text&gt;
              &lt;ink-text
                style=&quot;flex-grow: 0; flex-shrink: 1; flex-direction: row; text-wrap: wrap;&quot;
              &gt;
                ] 
              &lt;/ink-text&gt;
              &lt;ink-text
                style=&quot;flex-grow: 0; flex-shrink: 1; flex-direction: row; text-wrap: wrap;&quot;
              &gt;
                GPT-5プロンプトガイドの分析結果
              &lt;/ink-text&gt;
            &lt;/ink-box&gt;
            &lt;ink-box
              style=&quot;flex-wrap: nowrap; flex-direction: row; flex-grow: 0; flex-shrink: 1; overflow-x: visible; overflow-y: visible;&quot;
            &gt;
              &lt;ink-text
                style=&quot;flex-grow: 0; flex-shrink: 1; flex-direction: row; text-wrap: wrap;&quot;
              &gt;
                  
              &lt;/ink-text&gt;
              &lt;ink-text
                style=&quot;flex-grow: 0; flex-shrink: 1; flex-direction: row; text-wrap: wrap;&quot;
              &gt;
                [
              &lt;/ink-text&gt;
              &lt;ink-text
                style=&quot;flex-grow: 0; flex-shrink: 1; flex-direction: row; text-wrap: wrap;&quot;
              &gt;
                mem-002
              &lt;/ink-text&gt;
              &lt;ink-text
                style=&quot;flex-grow: 0; flex-shrink: 1; flex-direction: row; text-wrap: wrap;&quot;
              &gt;
                ] 
              &lt;/ink-text&gt;
              &lt;ink-text
                style=&quot;flex-grow: 0; flex-shrink: 1; flex-direction: row; text-wrap: wrap;&quot;
              &gt;
                シナプス記憶システムのPhase 2実装完了
              &lt;/ink-text&gt;
            &lt;/ink-box&gt;
            &lt;ink-box
              style=&quot;flex-wrap: nowrap; flex-direction: row; flex-grow: 0; flex-shrink: 1; overflow-x: visible; overflow-y: visible;&quot;
            &gt;
              &lt;ink-text
                style=&quot;flex-grow: 0; flex-shrink: 1; flex-direction: row; text-wrap: wrap;&quot;
              &gt;
                  
              &lt;/ink-text&gt;
              &lt;ink-text
                style=&quot;flex-grow: 0; flex-shrink: 1; flex-direction: row; text-wrap: wrap;&quot;
              &gt;
                [
              &lt;/ink-text&gt;
              &lt;ink-text
                style=&quot;flex-grow: 0; flex-shrink: 1; flex-direction: row; text-wrap: wrap;&quot;
              &gt;
                mem-003
              &lt;/ink-text&gt;
              &lt;ink-text
                style=&quot;flex-grow: 0; flex-shrink: 1; flex-direction: row; text-wrap: wrap;&quot;
              &gt;
                ] 
              &lt;/ink-text&gt;
              &lt;ink-text
                style=&quot;flex-grow: 0; flex-shrink: 1; flex-direction: row; text-wrap: wrap;&quot;
              &gt;
                RESTful API設計とエンドポイント定義
              &lt;/ink-text&gt;
            &lt;/ink-box&gt;
          &lt;/ink-box&gt;
          &lt;ink-box
            style=&quot;flex-wrap: nowrap; flex-direction: row; flex-grow: 0; flex-shrink: 1; margin-top: 1px; border-color: rgb(108, 112, 134); padding: 1px; overflow-x: visible; overflow-y: visible;&quot;
          &gt;
            &lt;ink-box
              style=&quot;flex-wrap: nowrap; flex-direction: column; flex-grow: 0; flex-shrink: 1; overflow-x: visible; overflow-y: visible;&quot;
            &gt;
              &lt;ink-text
                style=&quot;flex-grow: 0; flex-shrink: 1; flex-direction: row; text-wrap: wrap;&quot;
              &gt;
                詳細:
              &lt;/ink-text&gt;
              &lt;ink-text
                style=&quot;flex-grow: 0; flex-shrink: 1; flex-direction: row; text-wrap: wrap;&quot;
              &gt;
                ID: 
                mem-001
              &lt;/ink-text&gt;
              &lt;ink-text
                style=&quot;flex-grow: 0; flex-shrink: 1; flex-direction: row; text-wrap: wrap;&quot;
              &gt;
                アクセス数: 
                15
              &lt;/ink-text&gt;
              &lt;ink-text
                style=&quot;flex-grow: 0; flex-shrink: 1; flex-direction: row; text-wrap: wrap;&quot;
              &gt;
                成功率: 
                92.0
                %
              &lt;/ink-text&gt;
              &lt;ink-text
                style=&quot;flex-grow: 0; flex-shrink: 1; flex-direction: row; text-wrap: wrap;&quot;
              &gt;
                タグ: 
                gpt5, prompting, analysis
              &lt;/ink-text&gt;
            &lt;/ink-box&gt;
          &lt;/ink-box&gt;
        &lt;/ink-box&gt;
      &lt;/ink-box&gt;
      &lt;ink-box
        style=&quot;flex-wrap: nowrap; flex-direction: row; flex-grow: 0; flex-shrink: 1; margin-top: 1px; border-color: rgb(108, 112, 134); padding: 1px; overflow-x: visible; overflow-y: visible;&quot;
      &gt;
        &lt;ink-text
          style=&quot;flex-grow: 0; flex-shrink: 1; flex-direction: row; text-wrap: wrap;&quot;
        &gt;
          Tab: タブ切替 | ↑↓: 記憶選択 | q: 終了
        &lt;/ink-text&gt;
      &lt;/ink-box&gt;
    &lt;/ink-box&gt;
  &lt;/div&gt;
&lt;/body&gt;
 ❯ Object.getElementError node_modules/@testing-library/dom/dist/config.js:37:19
 ❯ node_modules/@testing-library/dom/dist/query-helpers.js:76:38
 ❯ node_modules/@testing-library/dom/dist/query-helpers.js:52:17
 ❯ node_modules/@testing-library/dom/dist/query-helpers.js:95:19
 ❯ src/ui/components/SynapticMemoryDashboard.test.tsx:196:19
            </failure>
        </testcase>
        <testcase classname="src/ui/components/SynapticMemoryDashboard.test.tsx" name="SynapticMemoryDashboard &gt; エラー状態が正しく表示されること" time="1.0117395">
            <failure message="Unable to find an element with the text: /Error:/. This could be because the text is broken up by multiple elements. In this case, you can provide a function for your text matcher to make your matcher more flexible.

Ignored nodes: comments, script, style
[36m&lt;body&gt;[39m
  [36m&lt;div&gt;[39m
    [36m&lt;ink-box[39m
      [33mstyle[39m=[32m&quot;flex-wrap: nowrap; flex-direction: column; flex-grow: 0; flex-shrink: 1; width: 52px; height: 20px; padding: 1px; overflow-x: visible; overflow-y: visible;&quot;[39m
    [36m&gt;[39m
      [36m&lt;ink-box[39m
        [33mstyle[39m=[32m&quot;flex-wrap: nowrap; flex-direction: row; flex-grow: 0; flex-shrink: 1; margin-bottom: 1px; overflow-x: visible; overflow-y: visible;&quot;[39m
      [36m&gt;[39m
        [36m&lt;ink-text[39m
          [33mstyle[39m=[32m&quot;flex-grow: 0; flex-shrink: 1; flex-direction: row; text-wrap: wrap;&quot;[39m
        [36m&gt;[39m
          [0mシナプス記憶システム ダッシュボード[0m
        [36m&lt;/ink-text&gt;[39m
      [36m&lt;/ink-box&gt;[39m
      [36m&lt;ink-box[39m
        [33mstyle[39m=[32m&quot;flex-wrap: nowrap; flex-direction: row; flex-grow: 0; flex-shrink: 1; margin-bottom: 1px; overflow-x: visible; overflow-y: visible;&quot;[39m
      [36m&gt;[39m
        [36m&lt;ink-box[39m
          [33mstyle[39m=[32m&quot;flex-wrap: nowrap; flex-direction: row; flex-grow: 0; flex-shrink: 1; margin-right: 2px; overflow-x: visible; overflow-y: visible;&quot;[39m
        [36m&gt;[39m
          [36m&lt;ink-text[39m
            [33mstyle[39m=[32m&quot;flex-grow: 0; flex-shrink: 1; flex-direction: row; text-wrap: wrap;&quot;[39m
          [36m&gt;[39m
            [0m[[0m
            [0m1[0m
            [0m] [0m
            [0m記憶一覧[0m
          [36m&lt;/ink-text&gt;[39m
        [36m&lt;/ink-box&gt;[39m
        [36m&lt;ink-box[39m
          [33mstyle[39m=[32m&quot;flex-wrap: nowrap; flex-direction: row; flex-grow: 0; flex-shrink: 1; margin-right: 2px; overflow-x: visible; overflow-y: visible;&quot;[39m
        [36m&gt;[39m
          [36m&lt;ink-text[39m
            [33mstyle[39m=[32m&quot;flex-grow: 0; flex-shrink: 1; flex-direction: row; text-wrap: wrap;&quot;[39m
          [36m&gt;[39m
            [0m[[0m
            [0m2[0m
            [0m] [0m
            [0mシナプス結合[0m
          [36m&lt;/ink-text&gt;[39m
        [36m&lt;/ink-box&gt;[39m
        [36m&lt;ink-box[39m
          [33mstyle[39m=[32m&quot;flex-wrap: nowrap; flex-direction: row; flex-grow: 0; flex-shrink: 1; margin-right: 2px; overflow-x: visible; overflow-y: visible;&quot;[39m
        [36m&gt;[39m
          [36m&lt;ink-text[39m
            [33mstyle[39m=[32m&quot;flex-grow: 0; flex-shrink: 1; flex-direction: row; text-wrap: wrap;&quot;[39m
          [36m&gt;[39m
            [0m[[0m
            [0m3[0m
            [0m] [0m
            [0mネットワーク診断[0m
          [36m&lt;/ink-text&gt;[39m
        [36m&lt;/ink-box&gt;[39m
        [36m&lt;ink-box[39m
          [33mstyle[39m=[32m&quot;flex-wrap: nowrap; flex-direction: row; flex-grow: 0; flex-shrink: 1; margin-right: 2px; overflow-x: visible; overflow-y: visible;&quot;[39m
        [36m&gt;[39m
          [36m&lt;ink-text[39m
            [33mstyle[39m=[32m&quot;flex-grow: 0; flex-shrink: 1; flex-direction: row; text-wrap: wrap;&quot;[39m
          [36m&gt;[39m
            [0m[[0m
            [0m4[0m
            [0m] [0m
            [0m設定[0m
          [36m&lt;/ink-text&gt;[39m
        [36m&lt;/ink-box&gt;[39m
      [36m&lt;/ink-box&gt;[39m
      [36m&lt;ink-box[39m
        [33mstyle[39m=[32m&quot;flex-wrap: nowrap; flex-direction: row; flex-grow: 1; flex-shrink: 1; overflow: hidden; overflow-x: hidden; overflow-y: hidden;&quot;[39m
      [36m&gt;[39m
        [36m&lt;ink-box[39m
          [33mstyle[39m=[32m&quot;flex-wrap: nowrap; flex-direction: column; flex-grow: 1; flex-shrink: 1; overflow-x: visible; overflow-y: visible;&quot;[39m
        [36m&gt;[39m
          [36m&lt;ink-box[39m
            [33mstyle[39m=[32m&quot;flex-wrap: nowrap; flex-direction: row; flex-grow: 0; flex-shrink: 1; margin-bottom: 1px; overflow-x: visible; overflow-y: visible;&quot;[39m
          [36m&gt;[39m
            [36m&lt;ink-text[39m
              [33mstyle[39m=[32m&quot;flex-grow: 0; flex-shrink: 1; flex-direction: row; text-wrap: wrap;&quot;[39m
            [36m&gt;[39m
              [0m記憶一覧 ([0m
              [0m3[0m
              [0m件)[0m
            [36m&lt;/ink-text&gt;[39m
          [36m&lt;/ink-box&gt;[39m
          [36m&lt;ink-box[39m
            [33mstyle[39m=[32m&quot;flex-wrap: nowrap; flex-direction: column; flex-grow: 0; flex-shrink: 0; width: 48px; overflow-x: visible; overflow-y: visible;&quot;[39m
          [36m&gt;[39m
            [36m&lt;ink-box[39m
              [33mstyle[39m=[32m&quot;flex-wrap: nowrap; flex-direction: row; flex-grow: 0; flex-shrink: 1; overflow-x: visible; overflow-y: visible;&quot;[39m
            [36m&gt;[39m
              [36m&lt;ink-text[39m
                [33mstyle[39m=[32m&quot;flex-grow: 0; flex-shrink: 1; flex-direction: row; text-wrap: wrap;&quot;[39m
              [36m&gt;[39m
                [0m► [0m
              [36m&lt;/ink-text&gt;[39m
              [36m&lt;ink-text[39m
                [33mstyle[39m=[32m&quot;flex-grow: 0; flex-shrink: 1; flex-direction: row; text-wrap: wrap;&quot;[39m
              [36m&gt;[39m
                [0m[[0m
              [36m&lt;/ink-text&gt;[39m
              [36m&lt;ink-text[39m
                [33mstyle[39m=[32m&quot;flex-grow: 0; flex-shrink: 1; flex-direction: row; text-wrap: wrap;&quot;[39m
              [36m&gt;[39m
                [0mmem-001[0m
              [36m&lt;/ink-text&gt;[39m
              [36m&lt;ink-text[39m
                [33mstyle[39m=[32m&quot;flex-grow: 0; flex-shrink: 1; flex-direction: row; text-wrap: wrap;&quot;[39m
              [36m&gt;[39m
                [0m] [0m
              [36m&lt;/ink-text&gt;[39m
              [36m&lt;ink-text[39m
                [33mstyle[39m=[32m&quot;flex-grow: 0; flex-shrink: 1; flex-direction: row; text-wrap: wrap;&quot;[39m
              [36m&gt;[39m
                [0mGPT-5プロンプトガイドの分析結果[0m
              [36m&lt;/ink-text&gt;[39m
            [36m&lt;/ink-box&gt;[39m
            [36m&lt;ink-box[39m
              [33mstyle[39m=[32m&quot;flex-wrap: nowrap; flex-direction: row; flex-grow: 0; flex-shrink: 1; overflow-x: visible; overflow-y: visible;&quot;[39m
            [36m&gt;[39m
              [36m&lt;ink-text[39m
                [33mstyle[39m=[32m&quot;flex-grow: 0; flex-shrink: 1; flex-direction: row; text-wrap: wrap;&quot;[39m
              [36m&gt;[39m
                [0m  [0m
              [36m&lt;/ink-text&gt;[39m
              [36m&lt;ink-text[39m
                [33mstyle[39m=[32m&quot;flex-grow: 0; flex-shrink: 1; flex-direction: row; text-wrap: wrap;&quot;[39m
              [36m&gt;[39m
                [0m[[0m
              [36m&lt;/ink-text&gt;[39m
              [36m&lt;ink-text[39m
                [33mstyle[39m=[32m&quot;flex-grow: 0; flex-shrink: 1; flex-direction: row; text-wrap: wrap;&quot;[39m
              [36m&gt;[39m
                [0mmem-002[0m
              [36m&lt;/ink-text&gt;[39m
              [36m&lt;ink-text[39m
                [33mstyle[39m=[32m&quot;flex-grow: 0; flex-shrink: 1; flex-direction: row; text-wrap: wrap;&quot;[39m
              [36m&gt;[39m
                [0m] [0m
              [36m&lt;/ink-text&gt;[39m
              [36m&lt;ink-text[39m
                [33mstyle[39m=[32m&quot;flex-grow: 0; flex-shrink: 1; flex-direction: row; text-wrap: wrap;&quot;[39m
              [36m&gt;[39m
                [0mシナプス記憶システムのPhase 2実装完了[0m
              [36m&lt;/ink-text&gt;[39m
            [36m&lt;/ink-box&gt;[39m
            [36m&lt;ink-box[39m
              [33mstyle[39m=[32m&quot;flex-wrap: nowrap; flex-direction: row; flex-grow: 0; flex-shrink: 1; overflow-x: visible; overflow-y: visible;&quot;[39m
            [36m&gt;[39m
              [36m&lt;ink-text[39m
                [33mstyle[39m=[32m&quot;flex-grow: 0; flex-shrink: 1; flex-direction: row; text-wrap: wrap;&quot;[39m
              [36m&gt;[39m
                [0m  [0m
              [36m&lt;/ink-text&gt;[39m
              [36m&lt;ink-text[39m
                [33mstyle[39m=[32m&quot;flex-grow: 0; flex-shrink: 1; flex-direction: row; text-wrap: wrap;&quot;[39m
              [36m&gt;[39m
                [0m[[0m
              [36m&lt;/ink-text&gt;[39m
              [36m&lt;ink-text[39m
                [33mstyle[39m=[32m&quot;flex-grow: 0; flex-shrink: 1; flex-direction: row; text-wrap: wrap;&quot;[39m
              [36m&gt;[39m
                [0mmem-003[0m
              [36m&lt;/ink-text&gt;[39m
              [36m&lt;ink-text[39m
                [33mstyle[39m=[32m&quot;flex-grow: 0; flex-shrink: 1; flex-direction: row; text-wrap: wrap;&quot;[39m
              [36m&gt;[39m
                [0m] [0m
              [36m&lt;/ink-text&gt;[39m
              [36m&lt;ink-text[39m
                [33mstyle[39m=[32m&quot;flex-grow: 0; flex-shrink: 1; flex-direction: row; text-wrap: wrap;&quot;[39m
              [36m&gt;[39m
                [0mRESTful API設計とエンドポイント定義[0m
              [36m&lt;/ink-text&gt;[39m
            [36m&lt;/ink-box&gt;[39m
          [36m&lt;/ink-box&gt;[39m
          [36m&lt;ink-box[39m
            [33mstyle[39m=[32m&quot;flex-wrap: nowrap; flex-direction: row; flex-grow: 0; flex-shrink: 1; margin-top: 1px; border-color: rgb(108, 112, 134); padding: 1px; overflow-x: visible; overflow-y: visible;&quot;[39m
          [36m&gt;[39m
            [36m&lt;ink-box[39m
              [33mstyle[39m=[32m&quot;flex-wrap: nowrap; flex-direction: column; flex-grow: 0; flex-shrink: 1; overflow-x: visible; overflow-y: visible;&quot;[39m
            [36m&gt;[39m
              [36m&lt;ink-text[39m
                [33mstyle[39m=[32m&quot;flex-grow: 0; flex-shrink: 1; flex-direction: row; text-wrap: wrap;&quot;[39m
              [36m&gt;[39m
                [0m詳細:[0m
              [36m&lt;/ink-text&gt;[39m
              [36m&lt;ink-text[39m
                [33mstyle[39m=[32m&quot;flex-grow: 0; flex-shrink: 1; flex-direction: row; text-wrap: wrap;&quot;[39m
              [36m&gt;[39m
                [0mID: [0m
                [0mmem-001[0m
              [36m&lt;/ink-text&gt;[39m
              [36m&lt;ink-text[39m
                [33mstyle[39m=[32m&quot;flex-grow: 0; flex-shrink: 1; flex-direction: row; text-wrap: wrap;&quot;[39m
              [36m&gt;[39m
                [0mアクセス数: [0m
                [0m15[0m
              [36m&lt;/ink-text&gt;[39m
              [36m&lt;ink-text[39m
                [33mstyle[39m=[32m&quot;flex-grow: 0; flex-shrink: 1; flex-direction: row; text-wrap: wrap;&quot;[39m
              [36m&gt;[39m
                [0m成功率: [0m
                [0m92.0[0m
                [0m%[0m
              [36m&lt;/ink-text&gt;[39m
              [36m&lt;ink-text[39m
                [33mstyle[39m=[32m&quot;flex-grow: 0; flex-shrink: 1; flex-direction: row; text-wrap: wrap;&quot;[39m
              [36m&gt;[39m
                [0mタグ: [0m
                [0mgpt5, prompting, analysis[0m
              [36m&lt;/ink-text&gt;[39m
            [36m&lt;/ink-box&gt;[39m
          [36m&lt;/ink-box&gt;[39m
        [36m&lt;/ink-box&gt;[39m
      [36m&lt;/ink-box&gt;[39m
      [36m&lt;ink-box[39m
        [33mstyle[39m=[32m&quot;flex-wrap: nowrap; flex-direction: row; flex-grow: 0; flex-shrink: 1; margin-top: 1px; border-color: rgb(108, 112, 134); padding: 1px; overflow-x: visible; overflow-y: visible;&quot;[39m
      [36m&gt;[39m
        [36m&lt;ink-text[39m
          [33mstyle[39m=[32m&quot;flex-grow: 0; flex-shrink: 1; flex-direction: row; text-wrap: wrap;&quot;[39m
        [36m&gt;[39m
          [0mTab: タブ切替 | ↑↓: 記憶選択 | q: 終了[0m
        [36m&lt;/ink-text&gt;[39m
      [36m&lt;/ink-box&gt;[39m
    [36m&lt;/ink-box&gt;[39m
  [36m&lt;/div&gt;[39m
[36m&lt;/body&gt;[39m

Ignored nodes: comments, script, style
[36m&lt;html&gt;[39m
  [36m&lt;head /&gt;[39m
  [36m&lt;body&gt;[39m
    [36m&lt;div&gt;[39m
      [36m&lt;ink-box[39m
        [33mstyle[39m=[32m&quot;flex-wrap: nowrap; flex-direction: column; flex-grow: 0; flex-shrink: 1; width: 52px; height: 20px; padding: 1px; overflow-x: visible; overflow-y: visible;&quot;[39m
      [36m&gt;[39m
        [36m&lt;ink-box[39m
          [33mstyle[39m=[32m&quot;flex-wrap: nowrap; flex-direction: row; flex-grow: 0; flex-shrink: 1; margin-bottom: 1px; overflow-x: visible; overflow-y: visible;&quot;[39m
        [36m&gt;[39m
          [36m&lt;ink-text[39m
            [33mstyle[39m=[32m&quot;flex-grow: 0; flex-shrink: 1; flex-direction: row; text-wrap: wrap;&quot;[39m
          [36m&gt;[39m
            [0mシナプス記憶システム ダッシュボード[0m
          [36m&lt;/ink-text&gt;[39m
        [36m&lt;/ink-box&gt;[39m
        [36m&lt;ink-box[39m
          [33mstyle[39m=[32m&quot;flex-wrap: nowrap; flex-direction: row; flex-grow: 0; flex-shrink: 1; margin-bottom: 1px; overflow-x: visible; overflow-y: visible;&quot;[39m
        [36m&gt;[39m
          [36m&lt;ink-box[39m
            [33mstyle[39m=[32m&quot;flex-wrap: nowrap; flex-direction: row; flex-grow: 0; flex-shrink: 1; margin-right: 2px; overflow-x: visible; overflow-y: visible;&quot;[39m
          [36m&gt;[39m
            [36m&lt;ink-text[39m
              [33mstyle[39m=[32m&quot;flex-grow: 0; flex-shrink: 1; flex-direction: row; text-wrap: wrap;&quot;[39m
            [36m&gt;[39m
              [0m[[0m
              [0m1[0m
              [0m] [0m
              [0m記憶一覧[0m
            [36m&lt;/ink-text&gt;[39m
          [36m&lt;/ink-box&gt;[39m
          [36m&lt;ink-box[39m
            [33mstyle[39m=[32m&quot;flex-wrap: nowrap; flex-direction: row; flex-grow: 0; flex-shrink: 1; margin-right: 2px; overflow-x: visible; overflow-y: visible;&quot;[39m
          [36m&gt;[39m
            [36m&lt;ink-text[39m
              [33mstyle[39m=[32m&quot;flex-grow: 0; flex-shrink: 1; flex-direction: row; text-wrap: wrap;&quot;[39m
            [36m&gt;[39m
              [0m[[0m
              [0m2[0m
              [0m] [0m
              [0mシナプス結合[0m
            [36m&lt;/ink-text&gt;[39m
          [36m&lt;/ink-box&gt;[39m
          [36m&lt;ink-box[39m
            [33mstyle[39m=[32m&quot;flex-wrap: nowrap; flex-direction: row; flex-grow: 0; flex-shrink: 1; margin-right: 2px; overflow-x: visible; overflow-y: visible;&quot;[39m
          [36m&gt;[39m
            [36m&lt;ink-text[39m
              [33mstyle[39m=[32m&quot;flex-grow: 0; flex-shrink: 1; flex-direction: row; text-wrap: wrap;&quot;[39m
            [36m&gt;[39m
              [0m[[0m
              [0m3[0m
              [0m] [0m
              [0mネットワーク診断[0m
            [36m&lt;/ink-text&gt;[39m
          [36m&lt;/ink-box&gt;[39m
          [36m&lt;ink-box[39m
            [33mstyle[39m=[32m&quot;flex-wrap: nowrap; flex-direction: row; flex-grow: 0; flex-shrink: 1; margin-right: 2px; overflow-x: visible; overflow-y: visible;&quot;[39m
          [36m&gt;[39m
            [36m&lt;ink-text[39m
              [33mstyle[39m=[32m&quot;flex-grow: 0; flex-shrink: 1; flex-direction: row; text-wrap: wrap;&quot;[39m
            [36m&gt;[39m
              [0m[[0m
              [0m4[0m
              [0m] [0m
              [0m設定[0m
            [36m&lt;/ink-text&gt;[39m
          [36m&lt;/ink-box&gt;[39m
        [36m&lt;/ink-box&gt;[39m
        [36m&lt;ink-box[39m
          [33mstyle[39m=[32m&quot;flex-wrap: nowrap; flex-direction: row; flex-grow: 1; flex-shrink: 1; overflow: hidden; overflow-x: hidden; overflow-y: hidden;&quot;[39m
        [36m&gt;[39m
          [36m&lt;ink-box[39m
            [33mstyle[39m=[32m&quot;flex-wrap: nowrap; flex-direction: column; flex-grow: 1; flex-shrink: 1; overflow-x: visible; overflow-y: visible;&quot;[39m
          [36m&gt;[39m
            [36m&lt;ink-box[39m
              [33mstyle[39m=[32m&quot;flex-wrap: nowrap; flex-direction: row; flex-grow: 0; flex-shrink: 1; margin-bottom: 1px; overflow-x: visible; overflow-y: visible;&quot;[39m
            [36m&gt;[39m
              [36m&lt;ink-text[39m
                [33mstyle[39m=[32m&quot;flex-grow: 0; flex-shrink: 1; flex-direction: row; text-wrap: wrap;&quot;[39m
              [36m&gt;[39m
                [0m記憶一覧 ([0m
                [0m3[0m
                [0m件)[0m
              [36m&lt;/ink-text&gt;[39m
            [36m&lt;/ink-box&gt;[39m
            [36m&lt;ink-box[39m
              [33mstyle[39m=[32m&quot;flex-wrap: nowrap; flex-direction: column; flex-grow: 0; flex-shrink: 0; width: 48px; overflow-x: visible; overflow-y: visible;&quot;[39m
            [36m&gt;[39m
              [36m&lt;ink-box[39m
                [33mstyle[39m=[32m&quot;flex-wrap: nowrap; flex-direction: row; flex-grow: 0; flex-shrink: 1; overflow-x: visible; overflow-y: visible;&quot;[39m
              [36m&gt;[39m
                [36m&lt;ink-text[39m
                  [33mstyle[39m=[32m&quot;flex-grow: 0; flex-shrink: 1; flex-direction: row; text-wrap: wrap;&quot;[39m
                [36m&gt;[39m
                  [0m► [0m
                [36m&lt;/ink-text&gt;[39m
                [36m&lt;ink-text[39m
                  [33mstyle[39m=[32m&quot;flex-grow: 0; flex-shrink: 1; flex-direction: row; text-wrap: wrap;&quot;[39m
                [36m&gt;[39m
                  [0m[[0m
                [36m&lt;/ink-text&gt;[39m
                [36m&lt;ink-text[39m
                  [33mstyle[39m=[32m&quot;flex-grow: 0; flex-shrink: 1; flex-direction: row; text-wrap: wrap;&quot;[39m
                [36m&gt;[39m
                  [0mmem-001[0m
                [36m&lt;/ink-text&gt;[39m
                [36m&lt;ink-text[39m
                  [33mstyle[39m=[32m&quot;flex-grow: 0; flex-shrink: 1; flex-direction: row; text-wrap: wrap;&quot;[39m
                [36m&gt;[39m
                  [0m] [0m
                [36m&lt;/ink-text&gt;[39m
                [36m&lt;ink-text[39m
                  [33mstyle[39m=[32m&quot;flex-grow: 0; flex-shrink: 1; flex-direction: row; text-wrap: wrap;&quot;[39m
                [36m&gt;[39m
                  [0mGPT-5プロンプトガイドの分析結果[0m
                [36m&lt;/ink-text&gt;[39m
              [36m&lt;/ink-box&gt;[39m
              [36m&lt;ink-box[39m
                [33mstyle[39m=[32m&quot;flex-wrap: nowrap; flex-direction: row; flex-grow: 0; flex-shrink: 1; overflow-x: visible; overflow-y: visible;&quot;[39m
              [36m&gt;[39m
                [36m&lt;ink-text[39m
                  [33mstyle[39m=[32m&quot;flex-grow: 0; flex-shrink: 1; flex-direction: row; text-wrap: wrap;&quot;[39m
                [36m&gt;[39m
                  [0m  [0m
                [36m&lt;/ink-text&gt;[39m
                [36m&lt;ink-text[39m
                  [33mstyle[39m=[32m&quot;flex-grow: 0; flex-shrink: 1; flex-direction: row; text-wrap: wrap;&quot;[39m
                [36m&gt;[39m
                  [0m[[0m
                [36m&lt;/ink-text&gt;[39m
                [36m&lt;ink-text[39m
                  [33mstyle[39m=[32m&quot;flex-grow: 0; flex-shrink: 1; flex-direction: row; text-wrap: wrap;&quot;[39m
                [36m&gt;[39m
                  [0mmem-002[0m
                [36m&lt;/ink-text&gt;[39m
                [36m&lt;ink-text[39m
                  [33mstyle[39m=[32m&quot;flex-grow: 0; flex-shrink: 1; flex-direction: row; text-wrap: wrap;&quot;[39m
                [36m&gt;[39m
                  [0m] [0m
                [36m&lt;/ink-text&gt;[39m
                [36m&lt;ink-text[39m
                  [33mstyle[39m=[32m&quot;flex-grow: 0; flex-shrink: 1; flex-direction: row; text-wrap: wrap;&quot;[39m
                [36m&gt;[39m
                  [0mシナプス記憶システムのPhase 2実装完了[0m
                [36m&lt;/ink-text&gt;[39m
              [36m&lt;/ink-box&gt;[39m
              [36m&lt;ink-box[39m
                [33mstyle[39m=[32m&quot;flex-wrap: nowrap; flex-direction: row; flex-grow: 0; flex-shrink: 1; overflow-x: visible; overflow-y: visible;&quot;[39m
              [36m&gt;[39m
                [36m&lt;ink-text[39m
                  [33mstyle[39m=[32m&quot;flex-grow: 0; flex-shrink: 1; flex-direction: row; text-wrap: wrap;&quot;[39m
                [36m&gt;[39m
                  [0m  [0m
                [36m&lt;/ink-text&gt;[39m
                [36m&lt;ink-text[39m
                  [33mstyle[39m=[32m&quot;flex-grow: 0; flex-shrink: 1; flex-direction: row; text-wrap: wrap;&quot;[39m
                [36m&gt;[39m
                  [0m[[0m
                [36m&lt;/ink-text&gt;[39m
                [36m&lt;ink-text[39m
                  [33mstyle[39m=[32m&quot;flex-grow: 0; flex-shrink: 1; flex-direction: row; text-wrap: wrap;&quot;[39m
                [36m&gt;[39m
                  [0mmem-003[0m
                [36m&lt;/ink-text&gt;[39m
                [36m&lt;ink-text[39m
                  [33mstyle[39m=[32m&quot;flex-grow: 0; flex-shrink: 1; flex-direction: row; text-wrap: wrap;&quot;[39m
                [36m&gt;[39m
                  [0m] [0m
                [36m&lt;/ink-text&gt;[39m
                [36m&lt;ink-text[39m
                  [33mstyle[39m=[32m&quot;flex-grow: 0; flex-shrink: 1; flex-direction: row; text-wrap: wrap;&quot;[39m
                [36m&gt;[39m
                  [0mRESTful API設計とエンドポイント定義[0m
                [36m&lt;/ink-text&gt;[39m
              [36m&lt;/ink-box&gt;[39m
            [36m&lt;/ink-box&gt;[39m
            [36m&lt;ink-box[39m
              [33mstyle[39m=[32m&quot;flex-wrap: nowrap; flex-direction: row; flex-grow: 0; flex-shrink: 1; margin-top: 1px; border-color: rgb(108, 112, 134); padding: 1px; overflow-x: visible; overflow-y: visible;&quot;[39m
            [36m&gt;[39m
              [36m&lt;ink-box[39m
                [33mstyle[39m=[32m&quot;flex-wrap: nowrap; flex-direction: column; flex-grow: 0; flex-shrink: 1; overflow-x: visible; overflow-y: visible;&quot;[39m
              [36m&gt;[39m
                [36m&lt;ink-text[39m
                  [33mstyle[39m=[32m&quot;flex-grow: 0; flex-shrink: 1; flex-direction: row; text-wrap: wrap;&quot;[39m
                [36m&gt;[39m
                  [0m詳細:[0m
                [36m&lt;/ink-text&gt;[39m
                [36m&lt;ink-text[39m
                  [33mstyle[39m=[32m&quot;flex-grow: 0; flex-shrink: 1; flex-direction: row; text-wrap: wrap;&quot;[39m
                [36m&gt;[39m
                  [0mID: [0m
                  [0mmem-001[0m
                [36m&lt;/ink-text&gt;[39m
                [36m&lt;ink-text[39m
                  [33mstyle[39m=[32m&quot;flex-grow: 0; flex-shrink: 1; flex-direction: row; text-wrap: wrap;&quot;[39m
                [36m&gt;[39m
                  [0mアクセス数: [0m
                  [0m15[0m
                [36m&lt;/ink-text&gt;[39m
                [36m&lt;ink-text[39m
                  [33mstyle[39m=[32m&quot;flex-grow: 0; flex-shrink: 1; flex-direction: row; text-wrap: wrap;&quot;[39m
                [36m&gt;[39m
                  [0m成功率: [0m
                  [0m92.0[0m
                  [0m%[0m
                [36m&lt;/ink-text&gt;[39m
                [36m&lt;ink-text[39m
                  [33mstyle[39m=[32m&quot;flex-grow: 0; flex-shrink: 1; flex-direction: row; text-wrap: wrap;&quot;[39m
                [36m&gt;[39m
                  [0mタグ: [0m
                  [0mgpt5, prompting, analysis[0m
                [36m&lt;/ink-text&gt;[39m
              [36m&lt;/ink-box&gt;[39m
            [36m&lt;/ink-box&gt;[39m
          [36m&lt;/ink-box&gt;[39m
        [36m&lt;/ink-box&gt;[39m
        [36m&lt;ink-box[39m
          [33mstyle[39m=[32m&quot;flex-wrap: nowrap; flex-direction: row; flex-grow: 0; flex-shrink: 1; margin-top: 1px; border-color: rgb(108, 112, 134); padding: 1px; overflow-x: visible; overflow-y: visible;&quot;[39m
        [36m&gt;[39m
          [36m&lt;ink-text[39m
            [33mstyle[39m=[32m&quot;flex-grow: 0; flex-shrink: 1; flex-direction: row; text-wrap: wrap;&quot;[39m
          [36m&gt;[39m
            [0mTab: タブ切替 | ↑↓: 記憶選択 | q: 終了[0m
          [36m&lt;/ink-text&gt;[39m
        [36m&lt;/ink-box&gt;[39m
      [36m&lt;/ink-box&gt;[39m
    [36m&lt;/div&gt;[39m
  [36m&lt;/body&gt;[39m
[36m&lt;/html&gt;[39m" type="TestingLibraryElementError">
TestingLibraryElementError: Unable to find an element with the text: /Error:/. This could be because the text is broken up by multiple elements. In this case, you can provide a function for your text matcher to make your matcher more flexible.

Ignored nodes: comments, script, style
&lt;body&gt;
  &lt;div&gt;
    &lt;ink-box
      style=&quot;flex-wrap: nowrap; flex-direction: column; flex-grow: 0; flex-shrink: 1; width: 52px; height: 20px; padding: 1px; overflow-x: visible; overflow-y: visible;&quot;
    &gt;
      &lt;ink-box
        style=&quot;flex-wrap: nowrap; flex-direction: row; flex-grow: 0; flex-shrink: 1; margin-bottom: 1px; overflow-x: visible; overflow-y: visible;&quot;
      &gt;
        &lt;ink-text
          style=&quot;flex-grow: 0; flex-shrink: 1; flex-direction: row; text-wrap: wrap;&quot;
        &gt;
          シナプス記憶システム ダッシュボード
        &lt;/ink-text&gt;
      &lt;/ink-box&gt;
      &lt;ink-box
        style=&quot;flex-wrap: nowrap; flex-direction: row; flex-grow: 0; flex-shrink: 1; margin-bottom: 1px; overflow-x: visible; overflow-y: visible;&quot;
      &gt;
        &lt;ink-box
          style=&quot;flex-wrap: nowrap; flex-direction: row; flex-grow: 0; flex-shrink: 1; margin-right: 2px; overflow-x: visible; overflow-y: visible;&quot;
        &gt;
          &lt;ink-text
            style=&quot;flex-grow: 0; flex-shrink: 1; flex-direction: row; text-wrap: wrap;&quot;
          &gt;
            [
            1
            ] 
            記憶一覧
          &lt;/ink-text&gt;
        &lt;/ink-box&gt;
        &lt;ink-box
          style=&quot;flex-wrap: nowrap; flex-direction: row; flex-grow: 0; flex-shrink: 1; margin-right: 2px; overflow-x: visible; overflow-y: visible;&quot;
        &gt;
          &lt;ink-text
            style=&quot;flex-grow: 0; flex-shrink: 1; flex-direction: row; text-wrap: wrap;&quot;
          &gt;
            [
            2
            ] 
            シナプス結合
          &lt;/ink-text&gt;
        &lt;/ink-box&gt;
        &lt;ink-box
          style=&quot;flex-wrap: nowrap; flex-direction: row; flex-grow: 0; flex-shrink: 1; margin-right: 2px; overflow-x: visible; overflow-y: visible;&quot;
        &gt;
          &lt;ink-text
            style=&quot;flex-grow: 0; flex-shrink: 1; flex-direction: row; text-wrap: wrap;&quot;
          &gt;
            [
            3
            ] 
            ネットワーク診断
          &lt;/ink-text&gt;
        &lt;/ink-box&gt;
        &lt;ink-box
          style=&quot;flex-wrap: nowrap; flex-direction: row; flex-grow: 0; flex-shrink: 1; margin-right: 2px; overflow-x: visible; overflow-y: visible;&quot;
        &gt;
          &lt;ink-text
            style=&quot;flex-grow: 0; flex-shrink: 1; flex-direction: row; text-wrap: wrap;&quot;
          &gt;
            [
            4
            ] 
            設定
          &lt;/ink-text&gt;
        &lt;/ink-box&gt;
      &lt;/ink-box&gt;
      &lt;ink-box
        style=&quot;flex-wrap: nowrap; flex-direction: row; flex-grow: 1; flex-shrink: 1; overflow: hidden; overflow-x: hidden; overflow-y: hidden;&quot;
      &gt;
        &lt;ink-box
          style=&quot;flex-wrap: nowrap; flex-direction: column; flex-grow: 1; flex-shrink: 1; overflow-x: visible; overflow-y: visible;&quot;
        &gt;
          &lt;ink-box
            style=&quot;flex-wrap: nowrap; flex-direction: row; flex-grow: 0; flex-shrink: 1; margin-bottom: 1px; overflow-x: visible; overflow-y: visible;&quot;
          &gt;
            &lt;ink-text
              style=&quot;flex-grow: 0; flex-shrink: 1; flex-direction: row; text-wrap: wrap;&quot;
            &gt;
              記憶一覧 (
              3
              件)
            &lt;/ink-text&gt;
          &lt;/ink-box&gt;
          &lt;ink-box
            style=&quot;flex-wrap: nowrap; flex-direction: column; flex-grow: 0; flex-shrink: 0; width: 48px; overflow-x: visible; overflow-y: visible;&quot;
          &gt;
            &lt;ink-box
              style=&quot;flex-wrap: nowrap; flex-direction: row; flex-grow: 0; flex-shrink: 1; overflow-x: visible; overflow-y: visible;&quot;
            &gt;
              &lt;ink-text
                style=&quot;flex-grow: 0; flex-shrink: 1; flex-direction: row; text-wrap: wrap;&quot;
              &gt;
                ► 
              &lt;/ink-text&gt;
              &lt;ink-text
                style=&quot;flex-grow: 0; flex-shrink: 1; flex-direction: row; text-wrap: wrap;&quot;
              &gt;
                [
              &lt;/ink-text&gt;
              &lt;ink-text
                style=&quot;flex-grow: 0; flex-shrink: 1; flex-direction: row; text-wrap: wrap;&quot;
              &gt;
                mem-001
              &lt;/ink-text&gt;
              &lt;ink-text
                style=&quot;flex-grow: 0; flex-shrink: 1; flex-direction: row; text-wrap: wrap;&quot;
              &gt;
                ] 
              &lt;/ink-text&gt;
              &lt;ink-text
                style=&quot;flex-grow: 0; flex-shrink: 1; flex-direction: row; text-wrap: wrap;&quot;
              &gt;
                GPT-5プロンプトガイドの分析結果
              &lt;/ink-text&gt;
            &lt;/ink-box&gt;
            &lt;ink-box
              style=&quot;flex-wrap: nowrap; flex-direction: row; flex-grow: 0; flex-shrink: 1; overflow-x: visible; overflow-y: visible;&quot;
            &gt;
              &lt;ink-text
                style=&quot;flex-grow: 0; flex-shrink: 1; flex-direction: row; text-wrap: wrap;&quot;
              &gt;
                  
              &lt;/ink-text&gt;
              &lt;ink-text
                style=&quot;flex-grow: 0; flex-shrink: 1; flex-direction: row; text-wrap: wrap;&quot;
              &gt;
                [
              &lt;/ink-text&gt;
              &lt;ink-text
                style=&quot;flex-grow: 0; flex-shrink: 1; flex-direction: row; text-wrap: wrap;&quot;
              &gt;
                mem-002
              &lt;/ink-text&gt;
              &lt;ink-text
                style=&quot;flex-grow: 0; flex-shrink: 1; flex-direction: row; text-wrap: wrap;&quot;
              &gt;
                ] 
              &lt;/ink-text&gt;
              &lt;ink-text
                style=&quot;flex-grow: 0; flex-shrink: 1; flex-direction: row; text-wrap: wrap;&quot;
              &gt;
                シナプス記憶システムのPhase 2実装完了
              &lt;/ink-text&gt;
            &lt;/ink-box&gt;
            &lt;ink-box
              style=&quot;flex-wrap: nowrap; flex-direction: row; flex-grow: 0; flex-shrink: 1; overflow-x: visible; overflow-y: visible;&quot;
            &gt;
              &lt;ink-text
                style=&quot;flex-grow: 0; flex-shrink: 1; flex-direction: row; text-wrap: wrap;&quot;
              &gt;
                  
              &lt;/ink-text&gt;
              &lt;ink-text
                style=&quot;flex-grow: 0; flex-shrink: 1; flex-direction: row; text-wrap: wrap;&quot;
              &gt;
                [
              &lt;/ink-text&gt;
              &lt;ink-text
                style=&quot;flex-grow: 0; flex-shrink: 1; flex-direction: row; text-wrap: wrap;&quot;
              &gt;
                mem-003
              &lt;/ink-text&gt;
              &lt;ink-text
                style=&quot;flex-grow: 0; flex-shrink: 1; flex-direction: row; text-wrap: wrap;&quot;
              &gt;
                ] 
              &lt;/ink-text&gt;
              &lt;ink-text
                style=&quot;flex-grow: 0; flex-shrink: 1; flex-direction: row; text-wrap: wrap;&quot;
              &gt;
                RESTful API設計とエンドポイント定義
              &lt;/ink-text&gt;
            &lt;/ink-box&gt;
          &lt;/ink-box&gt;
          &lt;ink-box
            style=&quot;flex-wrap: nowrap; flex-direction: row; flex-grow: 0; flex-shrink: 1; margin-top: 1px; border-color: rgb(108, 112, 134); padding: 1px; overflow-x: visible; overflow-y: visible;&quot;
          &gt;
            &lt;ink-box
              style=&quot;flex-wrap: nowrap; flex-direction: column; flex-grow: 0; flex-shrink: 1; overflow-x: visible; overflow-y: visible;&quot;
            &gt;
              &lt;ink-text
                style=&quot;flex-grow: 0; flex-shrink: 1; flex-direction: row; text-wrap: wrap;&quot;
              &gt;
                詳細:
              &lt;/ink-text&gt;
              &lt;ink-text
                style=&quot;flex-grow: 0; flex-shrink: 1; flex-direction: row; text-wrap: wrap;&quot;
              &gt;
                ID: 
                mem-001
              &lt;/ink-text&gt;
              &lt;ink-text
                style=&quot;flex-grow: 0; flex-shrink: 1; flex-direction: row; text-wrap: wrap;&quot;
              &gt;
                アクセス数: 
                15
              &lt;/ink-text&gt;
              &lt;ink-text
                style=&quot;flex-grow: 0; flex-shrink: 1; flex-direction: row; text-wrap: wrap;&quot;
              &gt;
                成功率: 
                92.0
                %
              &lt;/ink-text&gt;
              &lt;ink-text
                style=&quot;flex-grow: 0; flex-shrink: 1; flex-direction: row; text-wrap: wrap;&quot;
              &gt;
                タグ: 
                gpt5, prompting, analysis
              &lt;/ink-text&gt;
            &lt;/ink-box&gt;
          &lt;/ink-box&gt;
        &lt;/ink-box&gt;
      &lt;/ink-box&gt;
      &lt;ink-box
        style=&quot;flex-wrap: nowrap; flex-direction: row; flex-grow: 0; flex-shrink: 1; margin-top: 1px; border-color: rgb(108, 112, 134); padding: 1px; overflow-x: visible; overflow-y: visible;&quot;
      &gt;
        &lt;ink-text
          style=&quot;flex-grow: 0; flex-shrink: 1; flex-direction: row; text-wrap: wrap;&quot;
        &gt;
          Tab: タブ切替 | ↑↓: 記憶選択 | q: 終了
        &lt;/ink-text&gt;
      &lt;/ink-box&gt;
    &lt;/ink-box&gt;
  &lt;/div&gt;
&lt;/body&gt;

Ignored nodes: comments, script, style
&lt;html&gt;
  &lt;head /&gt;
  &lt;body&gt;
    &lt;div&gt;
      &lt;ink-box
        style=&quot;flex-wrap: nowrap; flex-direction: column; flex-grow: 0; flex-shrink: 1; width: 52px; height: 20px; padding: 1px; overflow-x: visible; overflow-y: visible;&quot;
      &gt;
        &lt;ink-box
          style=&quot;flex-wrap: nowrap; flex-direction: row; flex-grow: 0; flex-shrink: 1; margin-bottom: 1px; overflow-x: visible; overflow-y: visible;&quot;
        &gt;
          &lt;ink-text
            style=&quot;flex-grow: 0; flex-shrink: 1; flex-direction: row; text-wrap: wrap;&quot;
          &gt;
            シナプス記憶システム ダッシュボード
          &lt;/ink-text&gt;
        &lt;/ink-box&gt;
        &lt;ink-box
          style=&quot;flex-wrap: nowrap; flex-direction: row; flex-grow: 0; flex-shrink: 1; margin-bottom: 1px; overflow-x: visible; overflow-y: visible;&quot;
        &gt;
          &lt;ink-box
            style=&quot;flex-wrap: nowrap; flex-direction: row; flex-grow: 0; flex-shrink: 1; margin-right: 2px; overflow-x: visible; overflow-y: visible;&quot;
          &gt;
            &lt;ink-text
              style=&quot;flex-grow: 0; flex-shrink: 1; flex-direction: row; text-wrap: wrap;&quot;
            &gt;
              [
              1
              ] 
              記憶一覧
            &lt;/ink-text&gt;
          &lt;/ink-box&gt;
          &lt;ink-box
            style=&quot;flex-wrap: nowrap; flex-direction: row; flex-grow: 0; flex-shrink: 1; margin-right: 2px; overflow-x: visible; overflow-y: visible;&quot;
          &gt;
            &lt;ink-text
              style=&quot;flex-grow: 0; flex-shrink: 1; flex-direction: row; text-wrap: wrap;&quot;
            &gt;
              [
              2
              ] 
              シナプス結合
            &lt;/ink-text&gt;
          &lt;/ink-box&gt;
          &lt;ink-box
            style=&quot;flex-wrap: nowrap; flex-direction: row; flex-grow: 0; flex-shrink: 1; margin-right: 2px; overflow-x: visible; overflow-y: visible;&quot;
          &gt;
            &lt;ink-text
              style=&quot;flex-grow: 0; flex-shrink: 1; flex-direction: row; text-wrap: wrap;&quot;
            &gt;
              [
              3
              ] 
              ネットワーク診断
            &lt;/ink-text&gt;
          &lt;/ink-box&gt;
          &lt;ink-box
            style=&quot;flex-wrap: nowrap; flex-direction: row; flex-grow: 0; flex-shrink: 1; margin-right: 2px; overflow-x: visible; overflow-y: visible;&quot;
          &gt;
            &lt;ink-text
              style=&quot;flex-grow: 0; flex-shrink: 1; flex-direction: row; text-wrap: wrap;&quot;
            &gt;
              [
              4
              ] 
              設定
            &lt;/ink-text&gt;
          &lt;/ink-box&gt;
        &lt;/ink-box&gt;
        &lt;ink-box
          style=&quot;flex-wrap: nowrap; flex-direction: row; flex-grow: 1; flex-shrink: 1; overflow: hidden; overflow-x: hidden; overflow-y: hidden;&quot;
        &gt;
          &lt;ink-box
            style=&quot;flex-wrap: nowrap; flex-direction: column; flex-grow: 1; flex-shrink: 1; overflow-x: visible; overflow-y: visible;&quot;
          &gt;
            &lt;ink-box
              style=&quot;flex-wrap: nowrap; flex-direction: row; flex-grow: 0; flex-shrink: 1; margin-bottom: 1px; overflow-x: visible; overflow-y: visible;&quot;
            &gt;
              &lt;ink-text
                style=&quot;flex-grow: 0; flex-shrink: 1; flex-direction: row; text-wrap: wrap;&quot;
              &gt;
                記憶一覧 (
                3
                件)
              &lt;/ink-text&gt;
            &lt;/ink-box&gt;
            &lt;ink-box
              style=&quot;flex-wrap: nowrap; flex-direction: column; flex-grow: 0; flex-shrink: 0; width: 48px; overflow-x: visible; overflow-y: visible;&quot;
            &gt;
              &lt;ink-box
                style=&quot;flex-wrap: nowrap; flex-direction: row; flex-grow: 0; flex-shrink: 1; overflow-x: visible; overflow-y: visible;&quot;
              &gt;
                &lt;ink-text
                  style=&quot;flex-grow: 0; flex-shrink: 1; flex-direction: row; text-wrap: wrap;&quot;
                &gt;
                  ► 
                &lt;/ink-text&gt;
                &lt;ink-text
                  style=&quot;flex-grow: 0; flex-shrink: 1; flex-direction: row; text-wrap: wrap;&quot;
                &gt;
                  [
                &lt;/ink-text&gt;
                &lt;ink-text
                  style=&quot;flex-grow: 0; flex-shrink: 1; flex-direction: row; text-wrap: wrap;&quot;
                &gt;
                  mem-001
                &lt;/ink-text&gt;
                &lt;ink-text
                  style=&quot;flex-grow: 0; flex-shrink: 1; flex-direction: row; text-wrap: wrap;&quot;
                &gt;
                  ] 
                &lt;/ink-text&gt;
                &lt;ink-text
                  style=&quot;flex-grow: 0; flex-shrink: 1; flex-direction: row; text-wrap: wrap;&quot;
                &gt;
                  GPT-5プロンプトガイドの分析結果
                &lt;/ink-text&gt;
              &lt;/ink-box&gt;
              &lt;ink-box
                style=&quot;flex-wrap: nowrap; flex-direction: row; flex-grow: 0; flex-shrink: 1; overflow-x: visible; overflow-y: visible;&quot;
              &gt;
                &lt;ink-text
                  style=&quot;flex-grow: 0; flex-shrink: 1; flex-direction: row; text-wrap: wrap;&quot;
                &gt;
                    
                &lt;/ink-text&gt;
                &lt;ink-text
                  style=&quot;flex-grow: 0; flex-shrink: 1; flex-direction: row; text-wrap: wrap;&quot;
                &gt;
                  [
                &lt;/ink-text&gt;
                &lt;ink-text
                  style=&quot;flex-grow: 0; flex-shrink: 1; flex-direction: row; text-wrap: wrap;&quot;
                &gt;
                  mem-002
                &lt;/ink-text&gt;
                &lt;ink-text
                  style=&quot;flex-grow: 0; flex-shrink: 1; flex-direction: row; text-wrap: wrap;&quot;
                &gt;
                  ] 
                &lt;/ink-text&gt;
                &lt;ink-text
                  style=&quot;flex-grow: 0; flex-shrink: 1; flex-direction: row; text-wrap: wrap;&quot;
                &gt;
                  シナプス記憶システムのPhase 2実装完了
                &lt;/ink-text&gt;
              &lt;/ink-box&gt;
              &lt;ink-box
                style=&quot;flex-wrap: nowrap; flex-direction: row; flex-grow: 0; flex-shrink: 1; overflow-x: visible; overflow-y: visible;&quot;
              &gt;
                &lt;ink-text
                  style=&quot;flex-grow: 0; flex-shrink: 1; flex-direction: row; text-wrap: wrap;&quot;
                &gt;
                    
                &lt;/ink-text&gt;
                &lt;ink-text
                  style=&quot;flex-grow: 0; flex-shrink: 1; flex-direction: row; text-wrap: wrap;&quot;
                &gt;
                  [
                &lt;/ink-text&gt;
                &lt;ink-text
                  style=&quot;flex-grow: 0; flex-shrink: 1; flex-direction: row; text-wrap: wrap;&quot;
                &gt;
                  mem-003
                &lt;/ink-text&gt;
                &lt;ink-text
                  style=&quot;flex-grow: 0; flex-shrink: 1; flex-direction: row; text-wrap: wrap;&quot;
                &gt;
                  ] 
                &lt;/ink-text&gt;
                &lt;ink-text
                  style=&quot;flex-grow: 0; flex-shrink: 1; flex-direction: row; text-wrap: wrap;&quot;
                &gt;
                  RESTful API設計とエンドポイント定義
                &lt;/ink-text&gt;
              &lt;/ink-box&gt;
            &lt;/ink-box&gt;
            &lt;ink-box
              style=&quot;flex-wrap: nowrap; flex-direction: row; flex-grow: 0; flex-shrink: 1; margin-top: 1px; border-color: rgb(108, 112, 134); padding: 1px; overflow-x: visible; overflow-y: visible;&quot;
            &gt;
              &lt;ink-box
                style=&quot;flex-wrap: nowrap; flex-direction: column; flex-grow: 0; flex-shrink: 1; overflow-x: visible; overflow-y: visible;&quot;
              &gt;
                &lt;ink-text
                  style=&quot;flex-grow: 0; flex-shrink: 1; flex-direction: row; text-wrap: wrap;&quot;
                &gt;
                  詳細:
                &lt;/ink-text&gt;
                &lt;ink-text
                  style=&quot;flex-grow: 0; flex-shrink: 1; flex-direction: row; text-wrap: wrap;&quot;
                &gt;
                  ID: 
                  mem-001
                &lt;/ink-text&gt;
                &lt;ink-text
                  style=&quot;flex-grow: 0; flex-shrink: 1; flex-direction: row; text-wrap: wrap;&quot;
                &gt;
                  アクセス数: 
                  15
                &lt;/ink-text&gt;
                &lt;ink-text
                  style=&quot;flex-grow: 0; flex-shrink: 1; flex-direction: row; text-wrap: wrap;&quot;
                &gt;
                  成功率: 
                  92.0
                  %
                &lt;/ink-text&gt;
                &lt;ink-text
                  style=&quot;flex-grow: 0; flex-shrink: 1; flex-direction: row; text-wrap: wrap;&quot;
                &gt;
                  タグ: 
                  gpt5, prompting, analysis
                &lt;/ink-text&gt;
              &lt;/ink-box&gt;
            &lt;/ink-box&gt;
          &lt;/ink-box&gt;
        &lt;/ink-box&gt;
        &lt;ink-box
          style=&quot;flex-wrap: nowrap; flex-direction: row; flex-grow: 0; flex-shrink: 1; margin-top: 1px; border-color: rgb(108, 112, 134); padding: 1px; overflow-x: visible; overflow-y: visible;&quot;
        &gt;
          &lt;ink-text
            style=&quot;flex-grow: 0; flex-shrink: 1; flex-direction: row; text-wrap: wrap;&quot;
          &gt;
            Tab: タブ切替 | ↑↓: 記憶選択 | q: 終了
          &lt;/ink-text&gt;
        &lt;/ink-box&gt;
      &lt;/ink-box&gt;
    &lt;/div&gt;
  &lt;/body&gt;
&lt;/html&gt;
 ❯ Proxy.waitForWrapper node_modules/@testing-library/dom/dist/wait-for.js:163:27
 ❯ src/ui/components/SynapticMemoryDashboard.test.tsx:218:11
            </failure>
        </testcase>
        <testcase classname="src/ui/components/SynapticMemoryDashboard.test.tsx" name="SynapticMemoryDashboard &gt; ローディング状態が正しく表示されること" time="1.012386375">
            <failure message="Unable to find an element with the text: Loading.... This could be because the text is broken up by multiple elements. In this case, you can provide a function for your text matcher to make your matcher more flexible.

Ignored nodes: comments, script, style
[36m&lt;body&gt;[39m
  [36m&lt;div&gt;[39m
    [36m&lt;ink-box[39m
      [33mstyle[39m=[32m&quot;flex-wrap: nowrap; flex-direction: column; flex-grow: 0; flex-shrink: 1; width: 52px; height: 20px; padding: 1px; overflow-x: visible; overflow-y: visible;&quot;[39m
    [36m&gt;[39m
      [36m&lt;ink-box[39m
        [33mstyle[39m=[32m&quot;flex-wrap: nowrap; flex-direction: row; flex-grow: 0; flex-shrink: 1; margin-bottom: 1px; overflow-x: visible; overflow-y: visible;&quot;[39m
      [36m&gt;[39m
        [36m&lt;ink-text[39m
          [33mstyle[39m=[32m&quot;flex-grow: 0; flex-shrink: 1; flex-direction: row; text-wrap: wrap;&quot;[39m
        [36m&gt;[39m
          [0mシナプス記憶システム ダッシュボード[0m
        [36m&lt;/ink-text&gt;[39m
      [36m&lt;/ink-box&gt;[39m
      [36m&lt;ink-box[39m
        [33mstyle[39m=[32m&quot;flex-wrap: nowrap; flex-direction: row; flex-grow: 0; flex-shrink: 1; margin-bottom: 1px; overflow-x: visible; overflow-y: visible;&quot;[39m
      [36m&gt;[39m
        [36m&lt;ink-box[39m
          [33mstyle[39m=[32m&quot;flex-wrap: nowrap; flex-direction: row; flex-grow: 0; flex-shrink: 1; margin-right: 2px; overflow-x: visible; overflow-y: visible;&quot;[39m
        [36m&gt;[39m
          [36m&lt;ink-text[39m
            [33mstyle[39m=[32m&quot;flex-grow: 0; flex-shrink: 1; flex-direction: row; text-wrap: wrap;&quot;[39m
          [36m&gt;[39m
            [0m[[0m
            [0m1[0m
            [0m] [0m
            [0m記憶一覧[0m
          [36m&lt;/ink-text&gt;[39m
        [36m&lt;/ink-box&gt;[39m
        [36m&lt;ink-box[39m
          [33mstyle[39m=[32m&quot;flex-wrap: nowrap; flex-direction: row; flex-grow: 0; flex-shrink: 1; margin-right: 2px; overflow-x: visible; overflow-y: visible;&quot;[39m
        [36m&gt;[39m
          [36m&lt;ink-text[39m
            [33mstyle[39m=[32m&quot;flex-grow: 0; flex-shrink: 1; flex-direction: row; text-wrap: wrap;&quot;[39m
          [36m&gt;[39m
            [0m[[0m
            [0m2[0m
            [0m] [0m
            [0mシナプス結合[0m
          [36m&lt;/ink-text&gt;[39m
        [36m&lt;/ink-box&gt;[39m
        [36m&lt;ink-box[39m
          [33mstyle[39m=[32m&quot;flex-wrap: nowrap; flex-direction: row; flex-grow: 0; flex-shrink: 1; margin-right: 2px; overflow-x: visible; overflow-y: visible;&quot;[39m
        [36m&gt;[39m
          [36m&lt;ink-text[39m
            [33mstyle[39m=[32m&quot;flex-grow: 0; flex-shrink: 1; flex-direction: row; text-wrap: wrap;&quot;[39m
          [36m&gt;[39m
            [0m[[0m
            [0m3[0m
            [0m] [0m
            [0mネットワーク診断[0m
          [36m&lt;/ink-text&gt;[39m
        [36m&lt;/ink-box&gt;[39m
        [36m&lt;ink-box[39m
          [33mstyle[39m=[32m&quot;flex-wrap: nowrap; flex-direction: row; flex-grow: 0; flex-shrink: 1; margin-right: 2px; overflow-x: visible; overflow-y: visible;&quot;[39m
        [36m&gt;[39m
          [36m&lt;ink-text[39m
            [33mstyle[39m=[32m&quot;flex-grow: 0; flex-shrink: 1; flex-direction: row; text-wrap: wrap;&quot;[39m
          [36m&gt;[39m
            [0m[[0m
            [0m4[0m
            [0m] [0m
            [0m設定[0m
          [36m&lt;/ink-text&gt;[39m
        [36m&lt;/ink-box&gt;[39m
      [36m&lt;/ink-box&gt;[39m
      [36m&lt;ink-box[39m
        [33mstyle[39m=[32m&quot;flex-wrap: nowrap; flex-direction: row; flex-grow: 1; flex-shrink: 1; overflow: hidden; overflow-x: hidden; overflow-y: hidden;&quot;[39m
      [36m&gt;[39m
        [36m&lt;ink-box[39m
          [33mstyle[39m=[32m&quot;flex-wrap: nowrap; flex-direction: column; flex-grow: 1; flex-shrink: 1; overflow-x: visible; overflow-y: visible;&quot;[39m
        [36m&gt;[39m
          [36m&lt;ink-box[39m
            [33mstyle[39m=[32m&quot;flex-wrap: nowrap; flex-direction: row; flex-grow: 0; flex-shrink: 1; margin-bottom: 1px; overflow-x: visible; overflow-y: visible;&quot;[39m
          [36m&gt;[39m
            [36m&lt;ink-text[39m
              [33mstyle[39m=[32m&quot;flex-grow: 0; flex-shrink: 1; flex-direction: row; text-wrap: wrap;&quot;[39m
            [36m&gt;[39m
              [0m記憶一覧 ([0m
              [0m3[0m
              [0m件)[0m
            [36m&lt;/ink-text&gt;[39m
          [36m&lt;/ink-box&gt;[39m
          [36m&lt;ink-box[39m
            [33mstyle[39m=[32m&quot;flex-wrap: nowrap; flex-direction: column; flex-grow: 0; flex-shrink: 0; width: 48px; overflow-x: visible; overflow-y: visible;&quot;[39m
          [36m&gt;[39m
            [36m&lt;ink-box[39m
              [33mstyle[39m=[32m&quot;flex-wrap: nowrap; flex-direction: row; flex-grow: 0; flex-shrink: 1; overflow-x: visible; overflow-y: visible;&quot;[39m
            [36m&gt;[39m
              [36m&lt;ink-text[39m
                [33mstyle[39m=[32m&quot;flex-grow: 0; flex-shrink: 1; flex-direction: row; text-wrap: wrap;&quot;[39m
              [36m&gt;[39m
                [0m► [0m
              [36m&lt;/ink-text&gt;[39m
              [36m&lt;ink-text[39m
                [33mstyle[39m=[32m&quot;flex-grow: 0; flex-shrink: 1; flex-direction: row; text-wrap: wrap;&quot;[39m
              [36m&gt;[39m
                [0m[[0m
              [36m&lt;/ink-text&gt;[39m
              [36m&lt;ink-text[39m
                [33mstyle[39m=[32m&quot;flex-grow: 0; flex-shrink: 1; flex-direction: row; text-wrap: wrap;&quot;[39m
              [36m&gt;[39m
                [0mmem-001[0m
              [36m&lt;/ink-text&gt;[39m
              [36m&lt;ink-text[39m
                [33mstyle[39m=[32m&quot;flex-grow: 0; flex-shrink: 1; flex-direction: row; text-wrap: wrap;&quot;[39m
              [36m&gt;[39m
                [0m] [0m
              [36m&lt;/ink-text&gt;[39m
              [36m&lt;ink-text[39m
                [33mstyle[39m=[32m&quot;flex-grow: 0; flex-shrink: 1; flex-direction: row; text-wrap: wrap;&quot;[39m
              [36m&gt;[39m
                [0mGPT-5プロンプトガイドの分析結果[0m
              [36m&lt;/ink-text&gt;[39m
            [36m&lt;/ink-box&gt;[39m
            [36m&lt;ink-box[39m
              [33mstyle[39m=[32m&quot;flex-wrap: nowrap; flex-direction: row; flex-grow: 0; flex-shrink: 1; overflow-x: visible; overflow-y: visible;&quot;[39m
            [36m&gt;[39m
              [36m&lt;ink-text[39m
                [33mstyle[39m=[32m&quot;flex-grow: 0; flex-shrink: 1; flex-direction: row; text-wrap: wrap;&quot;[39m
              [36m&gt;[39m
                [0m  [0m
              [36m&lt;/ink-text&gt;[39m
              [36m&lt;ink-text[39m
                [33mstyle[39m=[32m&quot;flex-grow: 0; flex-shrink: 1; flex-direction: row; text-wrap: wrap;&quot;[39m
              [36m&gt;[39m
                [0m[[0m
              [36m&lt;/ink-text&gt;[39m
              [36m&lt;ink-text[39m
                [33mstyle[39m=[32m&quot;flex-grow: 0; flex-shrink: 1; flex-direction: row; text-wrap: wrap;&quot;[39m
              [36m&gt;[39m
                [0mmem-002[0m
              [36m&lt;/ink-text&gt;[39m
              [36m&lt;ink-text[39m
                [33mstyle[39m=[32m&quot;flex-grow: 0; flex-shrink: 1; flex-direction: row; text-wrap: wrap;&quot;[39m
              [36m&gt;[39m
                [0m] [0m
              [36m&lt;/ink-text&gt;[39m
              [36m&lt;ink-text[39m
                [33mstyle[39m=[32m&quot;flex-grow: 0; flex-shrink: 1; flex-direction: row; text-wrap: wrap;&quot;[39m
              [36m&gt;[39m
                [0mシナプス記憶システムのPhase 2実装完了[0m
              [36m&lt;/ink-text&gt;[39m
            [36m&lt;/ink-box&gt;[39m
            [36m&lt;ink-box[39m
              [33mstyle[39m=[32m&quot;flex-wrap: nowrap; flex-direction: row; flex-grow: 0; flex-shrink: 1; overflow-x: visible; overflow-y: visible;&quot;[39m
            [36m&gt;[39m
              [36m&lt;ink-text[39m
                [33mstyle[39m=[32m&quot;flex-grow: 0; flex-shrink: 1; flex-direction: row; text-wrap: wrap;&quot;[39m
              [36m&gt;[39m
                [0m  [0m
              [36m&lt;/ink-text&gt;[39m
              [36m&lt;ink-text[39m
                [33mstyle[39m=[32m&quot;flex-grow: 0; flex-shrink: 1; flex-direction: row; text-wrap: wrap;&quot;[39m
              [36m&gt;[39m
                [0m[[0m
              [36m&lt;/ink-text&gt;[39m
              [36m&lt;ink-text[39m
                [33mstyle[39m=[32m&quot;flex-grow: 0; flex-shrink: 1; flex-direction: row; text-wrap: wrap;&quot;[39m
              [36m&gt;[39m
                [0mmem-003[0m
              [36m&lt;/ink-text&gt;[39m
              [36m&lt;ink-text[39m
                [33mstyle[39m=[32m&quot;flex-grow: 0; flex-shrink: 1; flex-direction: row; text-wrap: wrap;&quot;[39m
              [36m&gt;[39m
                [0m] [0m
              [36m&lt;/ink-text&gt;[39m
              [36m&lt;ink-text[39m
                [33mstyle[39m=[32m&quot;flex-grow: 0; flex-shrink: 1; flex-direction: row; text-wrap: wrap;&quot;[39m
              [36m&gt;[39m
                [0mRESTful API設計とエンドポイント定義[0m
              [36m&lt;/ink-text&gt;[39m
            [36m&lt;/ink-box&gt;[39m
          [36m&lt;/ink-box&gt;[39m
          [36m&lt;ink-box[39m
            [33mstyle[39m=[32m&quot;flex-wrap: nowrap; flex-direction: row; flex-grow: 0; flex-shrink: 1; margin-top: 1px; border-color: rgb(108, 112, 134); padding: 1px; overflow-x: visible; overflow-y: visible;&quot;[39m
          [36m&gt;[39m
            [36m&lt;ink-box[39m
              [33mstyle[39m=[32m&quot;flex-wrap: nowrap; flex-direction: column; flex-grow: 0; flex-shrink: 1; overflow-x: visible; overflow-y: visible;&quot;[39m
            [36m&gt;[39m
              [36m&lt;ink-text[39m
                [33mstyle[39m=[32m&quot;flex-grow: 0; flex-shrink: 1; flex-direction: row; text-wrap: wrap;&quot;[39m
              [36m&gt;[39m
                [0m詳細:[0m
              [36m&lt;/ink-text&gt;[39m
              [36m&lt;ink-text[39m
                [33mstyle[39m=[32m&quot;flex-grow: 0; flex-shrink: 1; flex-direction: row; text-wrap: wrap;&quot;[39m
              [36m&gt;[39m
                [0mID: [0m
                [0mmem-001[0m
              [36m&lt;/ink-text&gt;[39m
              [36m&lt;ink-text[39m
                [33mstyle[39m=[32m&quot;flex-grow: 0; flex-shrink: 1; flex-direction: row; text-wrap: wrap;&quot;[39m
              [36m&gt;[39m
                [0mアクセス数: [0m
                [0m15[0m
              [36m&lt;/ink-text&gt;[39m
              [36m&lt;ink-text[39m
                [33mstyle[39m=[32m&quot;flex-grow: 0; flex-shrink: 1; flex-direction: row; text-wrap: wrap;&quot;[39m
              [36m&gt;[39m
                [0m成功率: [0m
                [0m92.0[0m
                [0m%[0m
              [36m&lt;/ink-text&gt;[39m
              [36m&lt;ink-text[39m
                [33mstyle[39m=[32m&quot;flex-grow: 0; flex-shrink: 1; flex-direction: row; text-wrap: wrap;&quot;[39m
              [36m&gt;[39m
                [0mタグ: [0m
                [0mgpt5, prompting, analysis[0m
              [36m&lt;/ink-text&gt;[39m
            [36m&lt;/ink-box&gt;[39m
          [36m&lt;/ink-box&gt;[39m
        [36m&lt;/ink-box&gt;[39m
      [36m&lt;/ink-box&gt;[39m
      [36m&lt;ink-box[39m
        [33mstyle[39m=[32m&quot;flex-wrap: nowrap; flex-direction: row; flex-grow: 0; flex-shrink: 1; margin-top: 1px; border-color: rgb(108, 112, 134); padding: 1px; overflow-x: visible; overflow-y: visible;&quot;[39m
      [36m&gt;[39m
        [36m&lt;ink-text[39m
          [33mstyle[39m=[32m&quot;flex-grow: 0; flex-shrink: 1; flex-direction: row; text-wrap: wrap;&quot;[39m
        [36m&gt;[39m
          [0mTab: タブ切替 | ↑↓: 記憶選択 | q: 終了[0m
        [36m&lt;/ink-text&gt;[39m
      [36m&lt;/ink-box&gt;[39m
    [36m&lt;/ink-box&gt;[39m
  [36m&lt;/div&gt;[39m
[36m&lt;/body&gt;[39m

Ignored nodes: comments, script, style
[36m&lt;html&gt;[39m
  [36m&lt;head /&gt;[39m
  [36m&lt;body&gt;[39m
    [36m&lt;div&gt;[39m
      [36m&lt;ink-box[39m
        [33mstyle[39m=[32m&quot;flex-wrap: nowrap; flex-direction: column; flex-grow: 0; flex-shrink: 1; width: 52px; height: 20px; padding: 1px; overflow-x: visible; overflow-y: visible;&quot;[39m
      [36m&gt;[39m
        [36m&lt;ink-box[39m
          [33mstyle[39m=[32m&quot;flex-wrap: nowrap; flex-direction: row; flex-grow: 0; flex-shrink: 1; margin-bottom: 1px; overflow-x: visible; overflow-y: visible;&quot;[39m
        [36m&gt;[39m
          [36m&lt;ink-text[39m
            [33mstyle[39m=[32m&quot;flex-grow: 0; flex-shrink: 1; flex-direction: row; text-wrap: wrap;&quot;[39m
          [36m&gt;[39m
            [0mシナプス記憶システム ダッシュボード[0m
          [36m&lt;/ink-text&gt;[39m
        [36m&lt;/ink-box&gt;[39m
        [36m&lt;ink-box[39m
          [33mstyle[39m=[32m&quot;flex-wrap: nowrap; flex-direction: row; flex-grow: 0; flex-shrink: 1; margin-bottom: 1px; overflow-x: visible; overflow-y: visible;&quot;[39m
        [36m&gt;[39m
          [36m&lt;ink-box[39m
            [33mstyle[39m=[32m&quot;flex-wrap: nowrap; flex-direction: row; flex-grow: 0; flex-shrink: 1; margin-right: 2px; overflow-x: visible; overflow-y: visible;&quot;[39m
          [36m&gt;[39m
            [36m&lt;ink-text[39m
              [33mstyle[39m=[32m&quot;flex-grow: 0; flex-shrink: 1; flex-direction: row; text-wrap: wrap;&quot;[39m
            [36m&gt;[39m
              [0m[[0m
              [0m1[0m
              [0m] [0m
              [0m記憶一覧[0m
            [36m&lt;/ink-text&gt;[39m
          [36m&lt;/ink-box&gt;[39m
          [36m&lt;ink-box[39m
            [33mstyle[39m=[32m&quot;flex-wrap: nowrap; flex-direction: row; flex-grow: 0; flex-shrink: 1; margin-right: 2px; overflow-x: visible; overflow-y: visible;&quot;[39m
          [36m&gt;[39m
            [36m&lt;ink-text[39m
              [33mstyle[39m=[32m&quot;flex-grow: 0; flex-shrink: 1; flex-direction: row; text-wrap: wrap;&quot;[39m
            [36m&gt;[39m
              [0m[[0m
              [0m2[0m
              [0m] [0m
              [0mシナプス結合[0m
            [36m&lt;/ink-text&gt;[39m
          [36m&lt;/ink-box&gt;[39m
          [36m&lt;ink-box[39m
            [33mstyle[39m=[32m&quot;flex-wrap: nowrap; flex-direction: row; flex-grow: 0; flex-shrink: 1; margin-right: 2px; overflow-x: visible; overflow-y: visible;&quot;[39m
          [36m&gt;[39m
            [36m&lt;ink-text[39m
              [33mstyle[39m=[32m&quot;flex-grow: 0; flex-shrink: 1; flex-direction: row; text-wrap: wrap;&quot;[39m
            [36m&gt;[39m
              [0m[[0m
              [0m3[0m
              [0m] [0m
              [0mネットワーク診断[0m
            [36m&lt;/ink-text&gt;[39m
          [36m&lt;/ink-box&gt;[39m
          [36m&lt;ink-box[39m
            [33mstyle[39m=[32m&quot;flex-wrap: nowrap; flex-direction: row; flex-grow: 0; flex-shrink: 1; margin-right: 2px; overflow-x: visible; overflow-y: visible;&quot;[39m
          [36m&gt;[39m
            [36m&lt;ink-text[39m
              [33mstyle[39m=[32m&quot;flex-grow: 0; flex-shrink: 1; flex-direction: row; text-wrap: wrap;&quot;[39m
            [36m&gt;[39m
              [0m[[0m
              [0m4[0m
              [0m] [0m
              [0m設定[0m
            [36m&lt;/ink-text&gt;[39m
          [36m&lt;/ink-box&gt;[39m
        [36m&lt;/ink-box&gt;[39m
        [36m&lt;ink-box[39m
          [33mstyle[39m=[32m&quot;flex-wrap: nowrap; flex-direction: row; flex-grow: 1; flex-shrink: 1; overflow: hidden; overflow-x: hidden; overflow-y: hidden;&quot;[39m
        [36m&gt;[39m
          [36m&lt;ink-box[39m
            [33mstyle[39m=[32m&quot;flex-wrap: nowrap; flex-direction: column; flex-grow: 1; flex-shrink: 1; overflow-x: visible; overflow-y: visible;&quot;[39m
          [36m&gt;[39m
            [36m&lt;ink-box[39m
              [33mstyle[39m=[32m&quot;flex-wrap: nowrap; flex-direction: row; flex-grow: 0; flex-shrink: 1; margin-bottom: 1px; overflow-x: visible; overflow-y: visible;&quot;[39m
            [36m&gt;[39m
              [36m&lt;ink-text[39m
                [33mstyle[39m=[32m&quot;flex-grow: 0; flex-shrink: 1; flex-direction: row; text-wrap: wrap;&quot;[39m
              [36m&gt;[39m
                [0m記憶一覧 ([0m
                [0m3[0m
                [0m件)[0m
              [36m&lt;/ink-text&gt;[39m
            [36m&lt;/ink-box&gt;[39m
            [36m&lt;ink-box[39m
              [33mstyle[39m=[32m&quot;flex-wrap: nowrap; flex-direction: column; flex-grow: 0; flex-shrink: 0; width: 48px; overflow-x: visible; overflow-y: visible;&quot;[39m
            [36m&gt;[39m
              [36m&lt;ink-box[39m
                [33mstyle[39m=[32m&quot;flex-wrap: nowrap; flex-direction: row; flex-grow: 0; flex-shrink: 1; overflow-x: visible; overflow-y: visible;&quot;[39m
              [36m&gt;[39m
                [36m&lt;ink-text[39m
                  [33mstyle[39m=[32m&quot;flex-grow: 0; flex-shrink: 1; flex-direction: row; text-wrap: wrap;&quot;[39m
                [36m&gt;[39m
                  [0m► [0m
                [36m&lt;/ink-text&gt;[39m
                [36m&lt;ink-text[39m
                  [33mstyle[39m=[32m&quot;flex-grow: 0; flex-shrink: 1; flex-direction: row; text-wrap: wrap;&quot;[39m
                [36m&gt;[39m
                  [0m[[0m
                [36m&lt;/ink-text&gt;[39m
                [36m&lt;ink-text[39m
                  [33mstyle[39m=[32m&quot;flex-grow: 0; flex-shrink: 1; flex-direction: row; text-wrap: wrap;&quot;[39m
                [36m&gt;[39m
                  [0mmem-001[0m
                [36m&lt;/ink-text&gt;[39m
                [36m&lt;ink-text[39m
                  [33mstyle[39m=[32m&quot;flex-grow: 0; flex-shrink: 1; flex-direction: row; text-wrap: wrap;&quot;[39m
                [36m&gt;[39m
                  [0m] [0m
                [36m&lt;/ink-text&gt;[39m
                [36m&lt;ink-text[39m
                  [33mstyle[39m=[32m&quot;flex-grow: 0; flex-shrink: 1; flex-direction: row; text-wrap: wrap;&quot;[39m
                [36m&gt;[39m
                  [0mGPT-5プロンプトガイドの分析結果[0m
                [36m&lt;/ink-text&gt;[39m
              [36m&lt;/ink-box&gt;[39m
              [36m&lt;ink-box[39m
                [33mstyle[39m=[32m&quot;flex-wrap: nowrap; flex-direction: row; flex-grow: 0; flex-shrink: 1; overflow-x: visible; overflow-y: visible;&quot;[39m
              [36m&gt;[39m
                [36m&lt;ink-text[39m
                  [33mstyle[39m=[32m&quot;flex-grow: 0; flex-shrink: 1; flex-direction: row; text-wrap: wrap;&quot;[39m
                [36m&gt;[39m
                  [0m  [0m
                [36m&lt;/ink-text&gt;[39m
                [36m&lt;ink-text[39m
                  [33mstyle[39m=[32m&quot;flex-grow: 0; flex-shrink: 1; flex-direction: row; text-wrap: wrap;&quot;[39m
                [36m&gt;[39m
                  [0m[[0m
                [36m&lt;/ink-text&gt;[39m
                [36m&lt;ink-text[39m
                  [33mstyle[39m=[32m&quot;flex-grow: 0; flex-shrink: 1; flex-direction: row; text-wrap: wrap;&quot;[39m
                [36m&gt;[39m
                  [0mmem-002[0m
                [36m&lt;/ink-text&gt;[39m
                [36m&lt;ink-text[39m
                  [33mstyle[39m=[32m&quot;flex-grow: 0; flex-shrink: 1; flex-direction: row; text-wrap: wrap;&quot;[39m
                [36m&gt;[39m
                  [0m] [0m
                [36m&lt;/ink-text&gt;[39m
                [36m&lt;ink-text[39m
                  [33mstyle[39m=[32m&quot;flex-grow: 0; flex-shrink: 1; flex-direction: row; text-wrap: wrap;&quot;[39m
                [36m&gt;[39m
                  [0mシナプス記憶システムのPhase 2実装完了[0m
                [36m&lt;/ink-text&gt;[39m
              [36m&lt;/ink-box&gt;[39m
              [36m&lt;ink-box[39m
                [33mstyle[39m=[32m&quot;flex-wrap: nowrap; flex-direction: row; flex-grow: 0; flex-shrink: 1; overflow-x: visible; overflow-y: visible;&quot;[39m
              [36m&gt;[39m
                [36m&lt;ink-text[39m
                  [33mstyle[39m=[32m&quot;flex-grow: 0; flex-shrink: 1; flex-direction: row; text-wrap: wrap;&quot;[39m
                [36m&gt;[39m
                  [0m  [0m
                [36m&lt;/ink-text&gt;[39m
                [36m&lt;ink-text[39m
                  [33mstyle[39m=[32m&quot;flex-grow: 0; flex-shrink: 1; flex-direction: row; text-wrap: wrap;&quot;[39m
                [36m&gt;[39m
                  [0m[[0m
                [36m&lt;/ink-text&gt;[39m
                [36m&lt;ink-text[39m
                  [33mstyle[39m=[32m&quot;flex-grow: 0; flex-shrink: 1; flex-direction: row; text-wrap: wrap;&quot;[39m
                [36m&gt;[39m
                  [0mmem-003[0m
                [36m&lt;/ink-text&gt;[39m
                [36m&lt;ink-text[39m
                  [33mstyle[39m=[32m&quot;flex-grow: 0; flex-shrink: 1; flex-direction: row; text-wrap: wrap;&quot;[39m
                [36m&gt;[39m
                  [0m] [0m
                [36m&lt;/ink-text&gt;[39m
                [36m&lt;ink-text[39m
                  [33mstyle[39m=[32m&quot;flex-grow: 0; flex-shrink: 1; flex-direction: row; text-wrap: wrap;&quot;[39m
                [36m&gt;[39m
                  [0mRESTful API設計とエンドポイント定義[0m
                [36m&lt;/ink-text&gt;[39m
              [36m&lt;/ink-box&gt;[39m
            [36m&lt;/ink-box&gt;[39m
            [36m&lt;ink-box[39m
              [33mstyle[39m=[32m&quot;flex-wrap: nowrap; flex-direction: row; flex-grow: 0; flex-shrink: 1; margin-top: 1px; border-color: rgb(108, 112, 134); padding: 1px; overflow-x: visible; overflow-y: visible;&quot;[39m
            [36m&gt;[39m
              [36m&lt;ink-box[39m
                [33mstyle[39m=[32m&quot;flex-wrap: nowrap; flex-direction: column; flex-grow: 0; flex-shrink: 1; overflow-x: visible; overflow-y: visible;&quot;[39m
              [36m&gt;[39m
                [36m&lt;ink-text[39m
                  [33mstyle[39m=[32m&quot;flex-grow: 0; flex-shrink: 1; flex-direction: row; text-wrap: wrap;&quot;[39m
                [36m&gt;[39m
                  [0m詳細:[0m
                [36m&lt;/ink-text&gt;[39m
                [36m&lt;ink-text[39m
                  [33mstyle[39m=[32m&quot;flex-grow: 0; flex-shrink: 1; flex-direction: row; text-wrap: wrap;&quot;[39m
                [36m&gt;[39m
                  [0mID: [0m
                  [0mmem-001[0m
                [36m&lt;/ink-text&gt;[39m
                [36m&lt;ink-text[39m
                  [33mstyle[39m=[32m&quot;flex-grow: 0; flex-shrink: 1; flex-direction: row; text-wrap: wrap;&quot;[39m
                [36m&gt;[39m
                  [0mアクセス数: [0m
                  [0m15[0m
                [36m&lt;/ink-text&gt;[39m
                [36m&lt;ink-text[39m
                  [33mstyle[39m=[32m&quot;flex-grow: 0; flex-shrink: 1; flex-direction: row; text-wrap: wrap;&quot;[39m
                [36m&gt;[39m
                  [0m成功率: [0m
                  [0m92.0[0m
                  [0m%[0m
                [36m&lt;/ink-text&gt;[39m
                [36m&lt;ink-text[39m
                  [33mstyle[39m=[32m&quot;flex-grow: 0; flex-shrink: 1; flex-direction: row; text-wrap: wrap;&quot;[39m
                [36m&gt;[39m
                  [0mタグ: [0m
                  [0mgpt5, prompting, analysis[0m
                [36m&lt;/ink-text&gt;[39m
              [36m&lt;/ink-box&gt;[39m
            [36m&lt;/ink-box&gt;[39m
          [36m&lt;/ink-box&gt;[39m
        [36m&lt;/ink-box&gt;[39m
        [36m&lt;ink-box[39m
          [33mstyle[39m=[32m&quot;flex-wrap: nowrap; flex-direction: row; flex-grow: 0; flex-shrink: 1; margin-top: 1px; border-color: rgb(108, 112, 134); padding: 1px; overflow-x: visible; overflow-y: visible;&quot;[39m
        [36m&gt;[39m
          [36m&lt;ink-text[39m
            [33mstyle[39m=[32m&quot;flex-grow: 0; flex-shrink: 1; flex-direction: row; text-wrap: wrap;&quot;[39m
          [36m&gt;[39m
            [0mTab: タブ切替 | ↑↓: 記憶選択 | q: 終了[0m
          [36m&lt;/ink-text&gt;[39m
        [36m&lt;/ink-box&gt;[39m
      [36m&lt;/ink-box&gt;[39m
    [36m&lt;/div&gt;[39m
  [36m&lt;/body&gt;[39m
[36m&lt;/html&gt;[39m" type="TestingLibraryElementError">
TestingLibraryElementError: Unable to find an element with the text: Loading.... This could be because the text is broken up by multiple elements. In this case, you can provide a function for your text matcher to make your matcher more flexible.

Ignored nodes: comments, script, style
&lt;body&gt;
  &lt;div&gt;
    &lt;ink-box
      style=&quot;flex-wrap: nowrap; flex-direction: column; flex-grow: 0; flex-shrink: 1; width: 52px; height: 20px; padding: 1px; overflow-x: visible; overflow-y: visible;&quot;
    &gt;
      &lt;ink-box
        style=&quot;flex-wrap: nowrap; flex-direction: row; flex-grow: 0; flex-shrink: 1; margin-bottom: 1px; overflow-x: visible; overflow-y: visible;&quot;
      &gt;
        &lt;ink-text
          style=&quot;flex-grow: 0; flex-shrink: 1; flex-direction: row; text-wrap: wrap;&quot;
        &gt;
          シナプス記憶システム ダッシュボード
        &lt;/ink-text&gt;
      &lt;/ink-box&gt;
      &lt;ink-box
        style=&quot;flex-wrap: nowrap; flex-direction: row; flex-grow: 0; flex-shrink: 1; margin-bottom: 1px; overflow-x: visible; overflow-y: visible;&quot;
      &gt;
        &lt;ink-box
          style=&quot;flex-wrap: nowrap; flex-direction: row; flex-grow: 0; flex-shrink: 1; margin-right: 2px; overflow-x: visible; overflow-y: visible;&quot;
        &gt;
          &lt;ink-text
            style=&quot;flex-grow: 0; flex-shrink: 1; flex-direction: row; text-wrap: wrap;&quot;
          &gt;
            [
            1
            ] 
            記憶一覧
          &lt;/ink-text&gt;
        &lt;/ink-box&gt;
        &lt;ink-box
          style=&quot;flex-wrap: nowrap; flex-direction: row; flex-grow: 0; flex-shrink: 1; margin-right: 2px; overflow-x: visible; overflow-y: visible;&quot;
        &gt;
          &lt;ink-text
            style=&quot;flex-grow: 0; flex-shrink: 1; flex-direction: row; text-wrap: wrap;&quot;
          &gt;
            [
            2
            ] 
            シナプス結合
          &lt;/ink-text&gt;
        &lt;/ink-box&gt;
        &lt;ink-box
          style=&quot;flex-wrap: nowrap; flex-direction: row; flex-grow: 0; flex-shrink: 1; margin-right: 2px; overflow-x: visible; overflow-y: visible;&quot;
        &gt;
          &lt;ink-text
            style=&quot;flex-grow: 0; flex-shrink: 1; flex-direction: row; text-wrap: wrap;&quot;
          &gt;
            [
            3
            ] 
            ネットワーク診断
          &lt;/ink-text&gt;
        &lt;/ink-box&gt;
        &lt;ink-box
          style=&quot;flex-wrap: nowrap; flex-direction: row; flex-grow: 0; flex-shrink: 1; margin-right: 2px; overflow-x: visible; overflow-y: visible;&quot;
        &gt;
          &lt;ink-text
            style=&quot;flex-grow: 0; flex-shrink: 1; flex-direction: row; text-wrap: wrap;&quot;
          &gt;
            [
            4
            ] 
            設定
          &lt;/ink-text&gt;
        &lt;/ink-box&gt;
      &lt;/ink-box&gt;
      &lt;ink-box
        style=&quot;flex-wrap: nowrap; flex-direction: row; flex-grow: 1; flex-shrink: 1; overflow: hidden; overflow-x: hidden; overflow-y: hidden;&quot;
      &gt;
        &lt;ink-box
          style=&quot;flex-wrap: nowrap; flex-direction: column; flex-grow: 1; flex-shrink: 1; overflow-x: visible; overflow-y: visible;&quot;
        &gt;
          &lt;ink-box
            style=&quot;flex-wrap: nowrap; flex-direction: row; flex-grow: 0; flex-shrink: 1; margin-bottom: 1px; overflow-x: visible; overflow-y: visible;&quot;
          &gt;
            &lt;ink-text
              style=&quot;flex-grow: 0; flex-shrink: 1; flex-direction: row; text-wrap: wrap;&quot;
            &gt;
              記憶一覧 (
              3
              件)
            &lt;/ink-text&gt;
          &lt;/ink-box&gt;
          &lt;ink-box
            style=&quot;flex-wrap: nowrap; flex-direction: column; flex-grow: 0; flex-shrink: 0; width: 48px; overflow-x: visible; overflow-y: visible;&quot;
          &gt;
            &lt;ink-box
              style=&quot;flex-wrap: nowrap; flex-direction: row; flex-grow: 0; flex-shrink: 1; overflow-x: visible; overflow-y: visible;&quot;
            &gt;
              &lt;ink-text
                style=&quot;flex-grow: 0; flex-shrink: 1; flex-direction: row; text-wrap: wrap;&quot;
              &gt;
                ► 
              &lt;/ink-text&gt;
              &lt;ink-text
                style=&quot;flex-grow: 0; flex-shrink: 1; flex-direction: row; text-wrap: wrap;&quot;
              &gt;
                [
              &lt;/ink-text&gt;
              &lt;ink-text
                style=&quot;flex-grow: 0; flex-shrink: 1; flex-direction: row; text-wrap: wrap;&quot;
              &gt;
                mem-001
              &lt;/ink-text&gt;
              &lt;ink-text
                style=&quot;flex-grow: 0; flex-shrink: 1; flex-direction: row; text-wrap: wrap;&quot;
              &gt;
                ] 
              &lt;/ink-text&gt;
              &lt;ink-text
                style=&quot;flex-grow: 0; flex-shrink: 1; flex-direction: row; text-wrap: wrap;&quot;
              &gt;
                GPT-5プロンプトガイドの分析結果
              &lt;/ink-text&gt;
            &lt;/ink-box&gt;
            &lt;ink-box
              style=&quot;flex-wrap: nowrap; flex-direction: row; flex-grow: 0; flex-shrink: 1; overflow-x: visible; overflow-y: visible;&quot;
            &gt;
              &lt;ink-text
                style=&quot;flex-grow: 0; flex-shrink: 1; flex-direction: row; text-wrap: wrap;&quot;
              &gt;
                  
              &lt;/ink-text&gt;
              &lt;ink-text
                style=&quot;flex-grow: 0; flex-shrink: 1; flex-direction: row; text-wrap: wrap;&quot;
              &gt;
                [
              &lt;/ink-text&gt;
              &lt;ink-text
                style=&quot;flex-grow: 0; flex-shrink: 1; flex-direction: row; text-wrap: wrap;&quot;
              &gt;
                mem-002
              &lt;/ink-text&gt;
              &lt;ink-text
                style=&quot;flex-grow: 0; flex-shrink: 1; flex-direction: row; text-wrap: wrap;&quot;
              &gt;
                ] 
              &lt;/ink-text&gt;
              &lt;ink-text
                style=&quot;flex-grow: 0; flex-shrink: 1; flex-direction: row; text-wrap: wrap;&quot;
              &gt;
                シナプス記憶システムのPhase 2実装完了
              &lt;/ink-text&gt;
            &lt;/ink-box&gt;
            &lt;ink-box
              style=&quot;flex-wrap: nowrap; flex-direction: row; flex-grow: 0; flex-shrink: 1; overflow-x: visible; overflow-y: visible;&quot;
            &gt;
              &lt;ink-text
                style=&quot;flex-grow: 0; flex-shrink: 1; flex-direction: row; text-wrap: wrap;&quot;
              &gt;
                  
              &lt;/ink-text&gt;
              &lt;ink-text
                style=&quot;flex-grow: 0; flex-shrink: 1; flex-direction: row; text-wrap: wrap;&quot;
              &gt;
                [
              &lt;/ink-text&gt;
              &lt;ink-text
                style=&quot;flex-grow: 0; flex-shrink: 1; flex-direction: row; text-wrap: wrap;&quot;
              &gt;
                mem-003
              &lt;/ink-text&gt;
              &lt;ink-text
                style=&quot;flex-grow: 0; flex-shrink: 1; flex-direction: row; text-wrap: wrap;&quot;
              &gt;
                ] 
              &lt;/ink-text&gt;
              &lt;ink-text
                style=&quot;flex-grow: 0; flex-shrink: 1; flex-direction: row; text-wrap: wrap;&quot;
              &gt;
                RESTful API設計とエンドポイント定義
              &lt;/ink-text&gt;
            &lt;/ink-box&gt;
          &lt;/ink-box&gt;
          &lt;ink-box
            style=&quot;flex-wrap: nowrap; flex-direction: row; flex-grow: 0; flex-shrink: 1; margin-top: 1px; border-color: rgb(108, 112, 134); padding: 1px; overflow-x: visible; overflow-y: visible;&quot;
          &gt;
            &lt;ink-box
              style=&quot;flex-wrap: nowrap; flex-direction: column; flex-grow: 0; flex-shrink: 1; overflow-x: visible; overflow-y: visible;&quot;
            &gt;
              &lt;ink-text
                style=&quot;flex-grow: 0; flex-shrink: 1; flex-direction: row; text-wrap: wrap;&quot;
              &gt;
                詳細:
              &lt;/ink-text&gt;
              &lt;ink-text
                style=&quot;flex-grow: 0; flex-shrink: 1; flex-direction: row; text-wrap: wrap;&quot;
              &gt;
                ID: 
                mem-001
              &lt;/ink-text&gt;
              &lt;ink-text
                style=&quot;flex-grow: 0; flex-shrink: 1; flex-direction: row; text-wrap: wrap;&quot;
              &gt;
                アクセス数: 
                15
              &lt;/ink-text&gt;
              &lt;ink-text
                style=&quot;flex-grow: 0; flex-shrink: 1; flex-direction: row; text-wrap: wrap;&quot;
              &gt;
                成功率: 
                92.0
                %
              &lt;/ink-text&gt;
              &lt;ink-text
                style=&quot;flex-grow: 0; flex-shrink: 1; flex-direction: row; text-wrap: wrap;&quot;
              &gt;
                タグ: 
                gpt5, prompting, analysis
              &lt;/ink-text&gt;
            &lt;/ink-box&gt;
          &lt;/ink-box&gt;
        &lt;/ink-box&gt;
      &lt;/ink-box&gt;
      &lt;ink-box
        style=&quot;flex-wrap: nowrap; flex-direction: row; flex-grow: 0; flex-shrink: 1; margin-top: 1px; border-color: rgb(108, 112, 134); padding: 1px; overflow-x: visible; overflow-y: visible;&quot;
      &gt;
        &lt;ink-text
          style=&quot;flex-grow: 0; flex-shrink: 1; flex-direction: row; text-wrap: wrap;&quot;
        &gt;
          Tab: タブ切替 | ↑↓: 記憶選択 | q: 終了
        &lt;/ink-text&gt;
      &lt;/ink-box&gt;
    &lt;/ink-box&gt;
  &lt;/div&gt;
&lt;/body&gt;

Ignored nodes: comments, script, style
&lt;html&gt;
  &lt;head /&gt;
  &lt;body&gt;
    &lt;div&gt;
      &lt;ink-box
        style=&quot;flex-wrap: nowrap; flex-direction: column; flex-grow: 0; flex-shrink: 1; width: 52px; height: 20px; padding: 1px; overflow-x: visible; overflow-y: visible;&quot;
      &gt;
        &lt;ink-box
          style=&quot;flex-wrap: nowrap; flex-direction: row; flex-grow: 0; flex-shrink: 1; margin-bottom: 1px; overflow-x: visible; overflow-y: visible;&quot;
        &gt;
          &lt;ink-text
            style=&quot;flex-grow: 0; flex-shrink: 1; flex-direction: row; text-wrap: wrap;&quot;
          &gt;
            シナプス記憶システム ダッシュボード
          &lt;/ink-text&gt;
        &lt;/ink-box&gt;
        &lt;ink-box
          style=&quot;flex-wrap: nowrap; flex-direction: row; flex-grow: 0; flex-shrink: 1; margin-bottom: 1px; overflow-x: visible; overflow-y: visible;&quot;
        &gt;
          &lt;ink-box
            style=&quot;flex-wrap: nowrap; flex-direction: row; flex-grow: 0; flex-shrink: 1; margin-right: 2px; overflow-x: visible; overflow-y: visible;&quot;
          &gt;
            &lt;ink-text
              style=&quot;flex-grow: 0; flex-shrink: 1; flex-direction: row; text-wrap: wrap;&quot;
            &gt;
              [
              1
              ] 
              記憶一覧
            &lt;/ink-text&gt;
          &lt;/ink-box&gt;
          &lt;ink-box
            style=&quot;flex-wrap: nowrap; flex-direction: row; flex-grow: 0; flex-shrink: 1; margin-right: 2px; overflow-x: visible; overflow-y: visible;&quot;
          &gt;
            &lt;ink-text
              style=&quot;flex-grow: 0; flex-shrink: 1; flex-direction: row; text-wrap: wrap;&quot;
            &gt;
              [
              2
              ] 
              シナプス結合
            &lt;/ink-text&gt;
          &lt;/ink-box&gt;
          &lt;ink-box
            style=&quot;flex-wrap: nowrap; flex-direction: row; flex-grow: 0; flex-shrink: 1; margin-right: 2px; overflow-x: visible; overflow-y: visible;&quot;
          &gt;
            &lt;ink-text
              style=&quot;flex-grow: 0; flex-shrink: 1; flex-direction: row; text-wrap: wrap;&quot;
            &gt;
              [
              3
              ] 
              ネットワーク診断
            &lt;/ink-text&gt;
          &lt;/ink-box&gt;
          &lt;ink-box
            style=&quot;flex-wrap: nowrap; flex-direction: row; flex-grow: 0; flex-shrink: 1; margin-right: 2px; overflow-x: visible; overflow-y: visible;&quot;
          &gt;
            &lt;ink-text
              style=&quot;flex-grow: 0; flex-shrink: 1; flex-direction: row; text-wrap: wrap;&quot;
            &gt;
              [
              4
              ] 
              設定
            &lt;/ink-text&gt;
          &lt;/ink-box&gt;
        &lt;/ink-box&gt;
        &lt;ink-box
          style=&quot;flex-wrap: nowrap; flex-direction: row; flex-grow: 1; flex-shrink: 1; overflow: hidden; overflow-x: hidden; overflow-y: hidden;&quot;
        &gt;
          &lt;ink-box
            style=&quot;flex-wrap: nowrap; flex-direction: column; flex-grow: 1; flex-shrink: 1; overflow-x: visible; overflow-y: visible;&quot;
          &gt;
            &lt;ink-box
              style=&quot;flex-wrap: nowrap; flex-direction: row; flex-grow: 0; flex-shrink: 1; margin-bottom: 1px; overflow-x: visible; overflow-y: visible;&quot;
            &gt;
              &lt;ink-text
                style=&quot;flex-grow: 0; flex-shrink: 1; flex-direction: row; text-wrap: wrap;&quot;
              &gt;
                記憶一覧 (
                3
                件)
              &lt;/ink-text&gt;
            &lt;/ink-box&gt;
            &lt;ink-box
              style=&quot;flex-wrap: nowrap; flex-direction: column; flex-grow: 0; flex-shrink: 0; width: 48px; overflow-x: visible; overflow-y: visible;&quot;
            &gt;
              &lt;ink-box
                style=&quot;flex-wrap: nowrap; flex-direction: row; flex-grow: 0; flex-shrink: 1; overflow-x: visible; overflow-y: visible;&quot;
              &gt;
                &lt;ink-text
                  style=&quot;flex-grow: 0; flex-shrink: 1; flex-direction: row; text-wrap: wrap;&quot;
                &gt;
                  ► 
                &lt;/ink-text&gt;
                &lt;ink-text
                  style=&quot;flex-grow: 0; flex-shrink: 1; flex-direction: row; text-wrap: wrap;&quot;
                &gt;
                  [
                &lt;/ink-text&gt;
                &lt;ink-text
                  style=&quot;flex-grow: 0; flex-shrink: 1; flex-direction: row; text-wrap: wrap;&quot;
                &gt;
                  mem-001
                &lt;/ink-text&gt;
                &lt;ink-text
                  style=&quot;flex-grow: 0; flex-shrink: 1; flex-direction: row; text-wrap: wrap;&quot;
                &gt;
                  ] 
                &lt;/ink-text&gt;
                &lt;ink-text
                  style=&quot;flex-grow: 0; flex-shrink: 1; flex-direction: row; text-wrap: wrap;&quot;
                &gt;
                  GPT-5プロンプトガイドの分析結果
                &lt;/ink-text&gt;
              &lt;/ink-box&gt;
              &lt;ink-box
                style=&quot;flex-wrap: nowrap; flex-direction: row; flex-grow: 0; flex-shrink: 1; overflow-x: visible; overflow-y: visible;&quot;
              &gt;
                &lt;ink-text
                  style=&quot;flex-grow: 0; flex-shrink: 1; flex-direction: row; text-wrap: wrap;&quot;
                &gt;
                    
                &lt;/ink-text&gt;
                &lt;ink-text
                  style=&quot;flex-grow: 0; flex-shrink: 1; flex-direction: row; text-wrap: wrap;&quot;
                &gt;
                  [
                &lt;/ink-text&gt;
                &lt;ink-text
                  style=&quot;flex-grow: 0; flex-shrink: 1; flex-direction: row; text-wrap: wrap;&quot;
                &gt;
                  mem-002
                &lt;/ink-text&gt;
                &lt;ink-text
                  style=&quot;flex-grow: 0; flex-shrink: 1; flex-direction: row; text-wrap: wrap;&quot;
                &gt;
                  ] 
                &lt;/ink-text&gt;
                &lt;ink-text
                  style=&quot;flex-grow: 0; flex-shrink: 1; flex-direction: row; text-wrap: wrap;&quot;
                &gt;
                  シナプス記憶システムのPhase 2実装完了
                &lt;/ink-text&gt;
              &lt;/ink-box&gt;
              &lt;ink-box
                style=&quot;flex-wrap: nowrap; flex-direction: row; flex-grow: 0; flex-shrink: 1; overflow-x: visible; overflow-y: visible;&quot;
              &gt;
                &lt;ink-text
                  style=&quot;flex-grow: 0; flex-shrink: 1; flex-direction: row; text-wrap: wrap;&quot;
                &gt;
                    
                &lt;/ink-text&gt;
                &lt;ink-text
                  style=&quot;flex-grow: 0; flex-shrink: 1; flex-direction: row; text-wrap: wrap;&quot;
                &gt;
                  [
                &lt;/ink-text&gt;
                &lt;ink-text
                  style=&quot;flex-grow: 0; flex-shrink: 1; flex-direction: row; text-wrap: wrap;&quot;
                &gt;
                  mem-003
                &lt;/ink-text&gt;
                &lt;ink-text
                  style=&quot;flex-grow: 0; flex-shrink: 1; flex-direction: row; text-wrap: wrap;&quot;
                &gt;
                  ] 
                &lt;/ink-text&gt;
                &lt;ink-text
                  style=&quot;flex-grow: 0; flex-shrink: 1; flex-direction: row; text-wrap: wrap;&quot;
                &gt;
                  RESTful API設計とエンドポイント定義
                &lt;/ink-text&gt;
              &lt;/ink-box&gt;
            &lt;/ink-box&gt;
            &lt;ink-box
              style=&quot;flex-wrap: nowrap; flex-direction: row; flex-grow: 0; flex-shrink: 1; margin-top: 1px; border-color: rgb(108, 112, 134); padding: 1px; overflow-x: visible; overflow-y: visible;&quot;
            &gt;
              &lt;ink-box
                style=&quot;flex-wrap: nowrap; flex-direction: column; flex-grow: 0; flex-shrink: 1; overflow-x: visible; overflow-y: visible;&quot;
              &gt;
                &lt;ink-text
                  style=&quot;flex-grow: 0; flex-shrink: 1; flex-direction: row; text-wrap: wrap;&quot;
                &gt;
                  詳細:
                &lt;/ink-text&gt;
                &lt;ink-text
                  style=&quot;flex-grow: 0; flex-shrink: 1; flex-direction: row; text-wrap: wrap;&quot;
                &gt;
                  ID: 
                  mem-001
                &lt;/ink-text&gt;
                &lt;ink-text
                  style=&quot;flex-grow: 0; flex-shrink: 1; flex-direction: row; text-wrap: wrap;&quot;
                &gt;
                  アクセス数: 
                  15
                &lt;/ink-text&gt;
                &lt;ink-text
                  style=&quot;flex-grow: 0; flex-shrink: 1; flex-direction: row; text-wrap: wrap;&quot;
                &gt;
                  成功率: 
                  92.0
                  %
                &lt;/ink-text&gt;
                &lt;ink-text
                  style=&quot;flex-grow: 0; flex-shrink: 1; flex-direction: row; text-wrap: wrap;&quot;
                &gt;
                  タグ: 
                  gpt5, prompting, analysis
                &lt;/ink-text&gt;
              &lt;/ink-box&gt;
            &lt;/ink-box&gt;
          &lt;/ink-box&gt;
        &lt;/ink-box&gt;
        &lt;ink-box
          style=&quot;flex-wrap: nowrap; flex-direction: row; flex-grow: 0; flex-shrink: 1; margin-top: 1px; border-color: rgb(108, 112, 134); padding: 1px; overflow-x: visible; overflow-y: visible;&quot;
        &gt;
          &lt;ink-text
            style=&quot;flex-grow: 0; flex-shrink: 1; flex-direction: row; text-wrap: wrap;&quot;
          &gt;
            Tab: タブ切替 | ↑↓: 記憶選択 | q: 終了
          &lt;/ink-text&gt;
        &lt;/ink-box&gt;
      &lt;/ink-box&gt;
    &lt;/div&gt;
  &lt;/body&gt;
&lt;/html&gt;
 ❯ Proxy.waitForWrapper node_modules/@testing-library/dom/dist/wait-for.js:163:27
 ❯ src/ui/components/SynapticMemoryDashboard.test.tsx:243:11
            </failure>
        </testcase>
        <testcase classname="src/ui/components/SynapticMemoryDashboard.test.tsx" name="SynapticMemoryDashboard &gt; タブ間の切り替えが正しく動作すること" time="0.006684792">
            <failure message="Unable to find an element with the text: テストメモリ1. This could be because the text is broken up by multiple elements. In this case, you can provide a function for your text matcher to make your matcher more flexible.

Ignored nodes: comments, script, style
[36m&lt;body&gt;[39m
  [36m&lt;div&gt;[39m
    [36m&lt;ink-box[39m
      [33mstyle[39m=[32m&quot;flex-wrap: nowrap; flex-direction: column; flex-grow: 0; flex-shrink: 1; width: 52px; height: 20px; padding: 1px; overflow-x: visible; overflow-y: visible;&quot;[39m
    [36m&gt;[39m
      [36m&lt;ink-box[39m
        [33mstyle[39m=[32m&quot;flex-wrap: nowrap; flex-direction: row; flex-grow: 0; flex-shrink: 1; margin-bottom: 1px; overflow-x: visible; overflow-y: visible;&quot;[39m
      [36m&gt;[39m
        [36m&lt;ink-text[39m
          [33mstyle[39m=[32m&quot;flex-grow: 0; flex-shrink: 1; flex-direction: row; text-wrap: wrap;&quot;[39m
        [36m&gt;[39m
          [0mシナプス記憶システム ダッシュボード[0m
        [36m&lt;/ink-text&gt;[39m
      [36m&lt;/ink-box&gt;[39m
      [36m&lt;ink-box[39m
        [33mstyle[39m=[32m&quot;flex-wrap: nowrap; flex-direction: row; flex-grow: 0; flex-shrink: 1; margin-bottom: 1px; overflow-x: visible; overflow-y: visible;&quot;[39m
      [36m&gt;[39m
        [36m&lt;ink-box[39m
          [33mstyle[39m=[32m&quot;flex-wrap: nowrap; flex-direction: row; flex-grow: 0; flex-shrink: 1; margin-right: 2px; overflow-x: visible; overflow-y: visible;&quot;[39m
        [36m&gt;[39m
          [36m&lt;ink-text[39m
            [33mstyle[39m=[32m&quot;flex-grow: 0; flex-shrink: 1; flex-direction: row; text-wrap: wrap;&quot;[39m
          [36m&gt;[39m
            [0m[[0m
            [0m1[0m
            [0m] [0m
            [0m記憶一覧[0m
          [36m&lt;/ink-text&gt;[39m
        [36m&lt;/ink-box&gt;[39m
        [36m&lt;ink-box[39m
          [33mstyle[39m=[32m&quot;flex-wrap: nowrap; flex-direction: row; flex-grow: 0; flex-shrink: 1; margin-right: 2px; overflow-x: visible; overflow-y: visible;&quot;[39m
        [36m&gt;[39m
          [36m&lt;ink-text[39m
            [33mstyle[39m=[32m&quot;flex-grow: 0; flex-shrink: 1; flex-direction: row; text-wrap: wrap;&quot;[39m
          [36m&gt;[39m
            [0m[[0m
            [0m2[0m
            [0m] [0m
            [0mシナプス結合[0m
          [36m&lt;/ink-text&gt;[39m
        [36m&lt;/ink-box&gt;[39m
        [36m&lt;ink-box[39m
          [33mstyle[39m=[32m&quot;flex-wrap: nowrap; flex-direction: row; flex-grow: 0; flex-shrink: 1; margin-right: 2px; overflow-x: visible; overflow-y: visible;&quot;[39m
        [36m&gt;[39m
          [36m&lt;ink-text[39m
            [33mstyle[39m=[32m&quot;flex-grow: 0; flex-shrink: 1; flex-direction: row; text-wrap: wrap;&quot;[39m
          [36m&gt;[39m
            [0m[[0m
            [0m3[0m
            [0m] [0m
            [0mネットワーク診断[0m
          [36m&lt;/ink-text&gt;[39m
        [36m&lt;/ink-box&gt;[39m
        [36m&lt;ink-box[39m
          [33mstyle[39m=[32m&quot;flex-wrap: nowrap; flex-direction: row; flex-grow: 0; flex-shrink: 1; margin-right: 2px; overflow-x: visible; overflow-y: visible;&quot;[39m
        [36m&gt;[39m
          [36m&lt;ink-text[39m
            [33mstyle[39m=[32m&quot;flex-grow: 0; flex-shrink: 1; flex-direction: row; text-wrap: wrap;&quot;[39m
          [36m&gt;[39m
            [0m[[0m
            [0m4[0m
            [0m] [0m
            [0m設定[0m
          [36m&lt;/ink-text&gt;[39m
        [36m&lt;/ink-box&gt;[39m
      [36m&lt;/ink-box&gt;[39m
      [36m&lt;ink-box[39m
        [33mstyle[39m=[32m&quot;flex-wrap: nowrap; flex-direction: row; flex-grow: 1; flex-shrink: 1; overflow: hidden; overflow-x: hidden; overflow-y: hidden;&quot;[39m
      [36m&gt;[39m
        [36m&lt;ink-box[39m
          [33mstyle[39m=[32m&quot;flex-wrap: nowrap; flex-direction: column; flex-grow: 1; flex-shrink: 1; overflow-x: visible; overflow-y: visible;&quot;[39m
        [36m&gt;[39m
          [36m&lt;ink-box[39m
            [33mstyle[39m=[32m&quot;flex-wrap: nowrap; flex-direction: row; flex-grow: 0; flex-shrink: 1; margin-bottom: 1px; overflow-x: visible; overflow-y: visible;&quot;[39m
          [36m&gt;[39m
            [36m&lt;ink-text[39m
              [33mstyle[39m=[32m&quot;flex-grow: 0; flex-shrink: 1; flex-direction: row; text-wrap: wrap;&quot;[39m
            [36m&gt;[39m
              [0m記憶一覧 ([0m
              [0m3[0m
              [0m件)[0m
            [36m&lt;/ink-text&gt;[39m
          [36m&lt;/ink-box&gt;[39m
          [36m&lt;ink-box[39m
            [33mstyle[39m=[32m&quot;flex-wrap: nowrap; flex-direction: column; flex-grow: 0; flex-shrink: 0; width: 48px; overflow-x: visible; overflow-y: visible;&quot;[39m
          [36m&gt;[39m
            [36m&lt;ink-box[39m
              [33mstyle[39m=[32m&quot;flex-wrap: nowrap; flex-direction: row; flex-grow: 0; flex-shrink: 1; overflow-x: visible; overflow-y: visible;&quot;[39m
            [36m&gt;[39m
              [36m&lt;ink-text[39m
                [33mstyle[39m=[32m&quot;flex-grow: 0; flex-shrink: 1; flex-direction: row; text-wrap: wrap;&quot;[39m
              [36m&gt;[39m
                [0m► [0m
              [36m&lt;/ink-text&gt;[39m
              [36m&lt;ink-text[39m
                [33mstyle[39m=[32m&quot;flex-grow: 0; flex-shrink: 1; flex-direction: row; text-wrap: wrap;&quot;[39m
              [36m&gt;[39m
                [0m[[0m
              [36m&lt;/ink-text&gt;[39m
              [36m&lt;ink-text[39m
                [33mstyle[39m=[32m&quot;flex-grow: 0; flex-shrink: 1; flex-direction: row; text-wrap: wrap;&quot;[39m
              [36m&gt;[39m
                [0mmem-001[0m
              [36m&lt;/ink-text&gt;[39m
              [36m&lt;ink-text[39m
                [33mstyle[39m=[32m&quot;flex-grow: 0; flex-shrink: 1; flex-direction: row; text-wrap: wrap;&quot;[39m
              [36m&gt;[39m
                [0m] [0m
              [36m&lt;/ink-text&gt;[39m
              [36m&lt;ink-text[39m
                [33mstyle[39m=[32m&quot;flex-grow: 0; flex-shrink: 1; flex-direction: row; text-wrap: wrap;&quot;[39m
              [36m&gt;[39m
                [0mGPT-5プロンプトガイドの分析結果[0m
              [36m&lt;/ink-text&gt;[39m
            [36m&lt;/ink-box&gt;[39m
            [36m&lt;ink-box[39m
              [33mstyle[39m=[32m&quot;flex-wrap: nowrap; flex-direction: row; flex-grow: 0; flex-shrink: 1; overflow-x: visible; overflow-y: visible;&quot;[39m
            [36m&gt;[39m
              [36m&lt;ink-text[39m
                [33mstyle[39m=[32m&quot;flex-grow: 0; flex-shrink: 1; flex-direction: row; text-wrap: wrap;&quot;[39m
              [36m&gt;[39m
                [0m  [0m
              [36m&lt;/ink-text&gt;[39m
              [36m&lt;ink-text[39m
                [33mstyle[39m=[32m&quot;flex-grow: 0; flex-shrink: 1; flex-direction: row; text-wrap: wrap;&quot;[39m
              [36m&gt;[39m
                [0m[[0m
              [36m&lt;/ink-text&gt;[39m
              [36m&lt;ink-text[39m
                [33mstyle[39m=[32m&quot;flex-grow: 0; flex-shrink: 1; flex-direction: row; text-wrap: wrap;&quot;[39m
              [36m&gt;[39m
                [0mmem-002[0m
              [36m&lt;/ink-text&gt;[39m
              [36m&lt;ink-text[39m
                [33mstyle[39m=[32m&quot;flex-grow: 0; flex-shrink: 1; flex-direction: row; text-wrap: wrap;&quot;[39m
              [36m&gt;[39m
                [0m] [0m
              [36m&lt;/ink-text&gt;[39m
              [36m&lt;ink-text[39m
                [33mstyle[39m=[32m&quot;flex-grow: 0; flex-shrink: 1; flex-direction: row; text-wrap: wrap;&quot;[39m
              [36m&gt;[39m
                [0mシナプス記憶システムのPhase 2実装完了[0m
              [36m&lt;/ink-text&gt;[39m
            [36m&lt;/ink-box&gt;[39m
            [36m&lt;ink-box[39m
              [33mstyle[39m=[32m&quot;flex-wrap: nowrap; flex-direction: row; flex-grow: 0; flex-shrink: 1; overflow-x: visible; overflow-y: visible;&quot;[39m
            [36m&gt;[39m
              [36m&lt;ink-text[39m
                [33mstyle[39m=[32m&quot;flex-grow: 0; flex-shrink: 1; flex-direction: row; text-wrap: wrap;&quot;[39m
              [36m&gt;[39m
                [0m  [0m
              [36m&lt;/ink-text&gt;[39m
              [36m&lt;ink-text[39m
                [33mstyle[39m=[32m&quot;flex-grow: 0; flex-shrink: 1; flex-direction: row; text-wrap: wrap;&quot;[39m
              [36m&gt;[39m
                [0m[[0m
              [36m&lt;/ink-text&gt;[39m
              [36m&lt;ink-text[39m
                [33mstyle[39m=[32m&quot;flex-grow: 0; flex-shrink: 1; flex-direction: row; text-wrap: wrap;&quot;[39m
              [36m&gt;[39m
                [0mmem-003[0m
              [36m&lt;/ink-text&gt;[39m
              [36m&lt;ink-text[39m
                [33mstyle[39m=[32m&quot;flex-grow: 0; flex-shrink: 1; flex-direction: row; text-wrap: wrap;&quot;[39m
              [36m&gt;[39m
                [0m] [0m
              [36m&lt;/ink-text&gt;[39m
              [36m&lt;ink-text[39m
                [33mstyle[39m=[32m&quot;flex-grow: 0; flex-shrink: 1; flex-direction: row; text-wrap: wrap;&quot;[39m
              [36m&gt;[39m
                [0mRESTful API設計とエンドポイント定義[0m
              [36m&lt;/ink-text&gt;[39m
            [36m&lt;/ink-box&gt;[39m
          [36m&lt;/ink-box&gt;[39m
          [36m&lt;ink-box[39m
            [33mstyle[39m=[32m&quot;flex-wrap: nowrap; flex-direction: row; flex-grow: 0; flex-shrink: 1; margin-top: 1px; border-color: rgb(108, 112, 134); padding: 1px; overflow-x: visible; overflow-y: visible;&quot;[39m
          [36m&gt;[39m
            [36m&lt;ink-box[39m
              [33mstyle[39m=[32m&quot;flex-wrap: nowrap; flex-direction: column; flex-grow: 0; flex-shrink: 1; overflow-x: visible; overflow-y: visible;&quot;[39m
            [36m&gt;[39m
              [36m&lt;ink-text[39m
                [33mstyle[39m=[32m&quot;flex-grow: 0; flex-shrink: 1; flex-direction: row; text-wrap: wrap;&quot;[39m
              [36m&gt;[39m
                [0m詳細:[0m
              [36m&lt;/ink-text&gt;[39m
              [36m&lt;ink-text[39m
                [33mstyle[39m=[32m&quot;flex-grow: 0; flex-shrink: 1; flex-direction: row; text-wrap: wrap;&quot;[39m
              [36m&gt;[39m
                [0mID: [0m
                [0mmem-001[0m
              [36m&lt;/ink-text&gt;[39m
              [36m&lt;ink-text[39m
                [33mstyle[39m=[32m&quot;flex-grow: 0; flex-shrink: 1; flex-direction: row; text-wrap: wrap;&quot;[39m
              [36m&gt;[39m
                [0mアクセス数: [0m
                [0m15[0m
              [36m&lt;/ink-text&gt;[39m
              [36m&lt;ink-text[39m
                [33mstyle[39m=[32m&quot;flex-grow: 0; flex-shrink: 1; flex-direction: row; text-wrap: wrap;&quot;[39m
              [36m&gt;[39m
                [0m成功率: [0m
                [0m92.0[0m
                [0m%[0m
              [36m&lt;/ink-text&gt;[39m
              [36m&lt;ink-text[39m
                [33mstyle[39m=[32m&quot;flex-grow: 0; flex-shrink: 1; flex-direction: row; text-wrap: wrap;&quot;[39m
              [36m&gt;[39m
                [0mタグ: [0m
                [0mgpt5, prompting, analysis[0m
              [36m&lt;/ink-text&gt;[39m
            [36m&lt;/ink-box&gt;[39m
          [36m&lt;/ink-box&gt;[39m
        [36m&lt;/ink-box&gt;[39m
      [36m&lt;/ink-box&gt;[39m
      [36m&lt;ink-box[39m
        [33mstyle[39m=[32m&quot;flex-wrap: nowrap; flex-direction: row; flex-grow: 0; flex-shrink: 1; margin-top: 1px; border-color: rgb(108, 112, 134); padding: 1px; overflow-x: visible; overflow-y: visible;&quot;[39m
      [36m&gt;[39m
        [36m&lt;ink-text[39m
          [33mstyle[39m=[32m&quot;flex-grow: 0; flex-shrink: 1; flex-direction: row; text-wrap: wrap;&quot;[39m
        [36m&gt;[39m
          [0mTab: タブ切替 | ↑↓: 記憶選択 | q: 終了[0m
        [36m&lt;/ink-text&gt;[39m
      [36m&lt;/ink-box&gt;[39m
    [36m&lt;/ink-box&gt;[39m
  [36m&lt;/div&gt;[39m
[36m&lt;/body&gt;[39m" type="TestingLibraryElementError">
TestingLibraryElementError: Unable to find an element with the text: テストメモリ1. This could be because the text is broken up by multiple elements. In this case, you can provide a function for your text matcher to make your matcher more flexible.

Ignored nodes: comments, script, style
&lt;body&gt;
  &lt;div&gt;
    &lt;ink-box
      style=&quot;flex-wrap: nowrap; flex-direction: column; flex-grow: 0; flex-shrink: 1; width: 52px; height: 20px; padding: 1px; overflow-x: visible; overflow-y: visible;&quot;
    &gt;
      &lt;ink-box
        style=&quot;flex-wrap: nowrap; flex-direction: row; flex-grow: 0; flex-shrink: 1; margin-bottom: 1px; overflow-x: visible; overflow-y: visible;&quot;
      &gt;
        &lt;ink-text
          style=&quot;flex-grow: 0; flex-shrink: 1; flex-direction: row; text-wrap: wrap;&quot;
        &gt;
          シナプス記憶システム ダッシュボード
        &lt;/ink-text&gt;
      &lt;/ink-box&gt;
      &lt;ink-box
        style=&quot;flex-wrap: nowrap; flex-direction: row; flex-grow: 0; flex-shrink: 1; margin-bottom: 1px; overflow-x: visible; overflow-y: visible;&quot;
      &gt;
        &lt;ink-box
          style=&quot;flex-wrap: nowrap; flex-direction: row; flex-grow: 0; flex-shrink: 1; margin-right: 2px; overflow-x: visible; overflow-y: visible;&quot;
        &gt;
          &lt;ink-text
            style=&quot;flex-grow: 0; flex-shrink: 1; flex-direction: row; text-wrap: wrap;&quot;
          &gt;
            [
            1
            ] 
            記憶一覧
          &lt;/ink-text&gt;
        &lt;/ink-box&gt;
        &lt;ink-box
          style=&quot;flex-wrap: nowrap; flex-direction: row; flex-grow: 0; flex-shrink: 1; margin-right: 2px; overflow-x: visible; overflow-y: visible;&quot;
        &gt;
          &lt;ink-text
            style=&quot;flex-grow: 0; flex-shrink: 1; flex-direction: row; text-wrap: wrap;&quot;
          &gt;
            [
            2
            ] 
            シナプス結合
          &lt;/ink-text&gt;
        &lt;/ink-box&gt;
        &lt;ink-box
          style=&quot;flex-wrap: nowrap; flex-direction: row; flex-grow: 0; flex-shrink: 1; margin-right: 2px; overflow-x: visible; overflow-y: visible;&quot;
        &gt;
          &lt;ink-text
            style=&quot;flex-grow: 0; flex-shrink: 1; flex-direction: row; text-wrap: wrap;&quot;
          &gt;
            [
            3
            ] 
            ネットワーク診断
          &lt;/ink-text&gt;
        &lt;/ink-box&gt;
        &lt;ink-box
          style=&quot;flex-wrap: nowrap; flex-direction: row; flex-grow: 0; flex-shrink: 1; margin-right: 2px; overflow-x: visible; overflow-y: visible;&quot;
        &gt;
          &lt;ink-text
            style=&quot;flex-grow: 0; flex-shrink: 1; flex-direction: row; text-wrap: wrap;&quot;
          &gt;
            [
            4
            ] 
            設定
          &lt;/ink-text&gt;
        &lt;/ink-box&gt;
      &lt;/ink-box&gt;
      &lt;ink-box
        style=&quot;flex-wrap: nowrap; flex-direction: row; flex-grow: 1; flex-shrink: 1; overflow: hidden; overflow-x: hidden; overflow-y: hidden;&quot;
      &gt;
        &lt;ink-box
          style=&quot;flex-wrap: nowrap; flex-direction: column; flex-grow: 1; flex-shrink: 1; overflow-x: visible; overflow-y: visible;&quot;
        &gt;
          &lt;ink-box
            style=&quot;flex-wrap: nowrap; flex-direction: row; flex-grow: 0; flex-shrink: 1; margin-bottom: 1px; overflow-x: visible; overflow-y: visible;&quot;
          &gt;
            &lt;ink-text
              style=&quot;flex-grow: 0; flex-shrink: 1; flex-direction: row; text-wrap: wrap;&quot;
            &gt;
              記憶一覧 (
              3
              件)
            &lt;/ink-text&gt;
          &lt;/ink-box&gt;
          &lt;ink-box
            style=&quot;flex-wrap: nowrap; flex-direction: column; flex-grow: 0; flex-shrink: 0; width: 48px; overflow-x: visible; overflow-y: visible;&quot;
          &gt;
            &lt;ink-box
              style=&quot;flex-wrap: nowrap; flex-direction: row; flex-grow: 0; flex-shrink: 1; overflow-x: visible; overflow-y: visible;&quot;
            &gt;
              &lt;ink-text
                style=&quot;flex-grow: 0; flex-shrink: 1; flex-direction: row; text-wrap: wrap;&quot;
              &gt;
                ► 
              &lt;/ink-text&gt;
              &lt;ink-text
                style=&quot;flex-grow: 0; flex-shrink: 1; flex-direction: row; text-wrap: wrap;&quot;
              &gt;
                [
              &lt;/ink-text&gt;
              &lt;ink-text
                style=&quot;flex-grow: 0; flex-shrink: 1; flex-direction: row; text-wrap: wrap;&quot;
              &gt;
                mem-001
              &lt;/ink-text&gt;
              &lt;ink-text
                style=&quot;flex-grow: 0; flex-shrink: 1; flex-direction: row; text-wrap: wrap;&quot;
              &gt;
                ] 
              &lt;/ink-text&gt;
              &lt;ink-text
                style=&quot;flex-grow: 0; flex-shrink: 1; flex-direction: row; text-wrap: wrap;&quot;
              &gt;
                GPT-5プロンプトガイドの分析結果
              &lt;/ink-text&gt;
            &lt;/ink-box&gt;
            &lt;ink-box
              style=&quot;flex-wrap: nowrap; flex-direction: row; flex-grow: 0; flex-shrink: 1; overflow-x: visible; overflow-y: visible;&quot;
            &gt;
              &lt;ink-text
                style=&quot;flex-grow: 0; flex-shrink: 1; flex-direction: row; text-wrap: wrap;&quot;
              &gt;
                  
              &lt;/ink-text&gt;
              &lt;ink-text
                style=&quot;flex-grow: 0; flex-shrink: 1; flex-direction: row; text-wrap: wrap;&quot;
              &gt;
                [
              &lt;/ink-text&gt;
              &lt;ink-text
                style=&quot;flex-grow: 0; flex-shrink: 1; flex-direction: row; text-wrap: wrap;&quot;
              &gt;
                mem-002
              &lt;/ink-text&gt;
              &lt;ink-text
                style=&quot;flex-grow: 0; flex-shrink: 1; flex-direction: row; text-wrap: wrap;&quot;
              &gt;
                ] 
              &lt;/ink-text&gt;
              &lt;ink-text
                style=&quot;flex-grow: 0; flex-shrink: 1; flex-direction: row; text-wrap: wrap;&quot;
              &gt;
                シナプス記憶システムのPhase 2実装完了
              &lt;/ink-text&gt;
            &lt;/ink-box&gt;
            &lt;ink-box
              style=&quot;flex-wrap: nowrap; flex-direction: row; flex-grow: 0; flex-shrink: 1; overflow-x: visible; overflow-y: visible;&quot;
            &gt;
              &lt;ink-text
                style=&quot;flex-grow: 0; flex-shrink: 1; flex-direction: row; text-wrap: wrap;&quot;
              &gt;
                  
              &lt;/ink-text&gt;
              &lt;ink-text
                style=&quot;flex-grow: 0; flex-shrink: 1; flex-direction: row; text-wrap: wrap;&quot;
              &gt;
                [
              &lt;/ink-text&gt;
              &lt;ink-text
                style=&quot;flex-grow: 0; flex-shrink: 1; flex-direction: row; text-wrap: wrap;&quot;
              &gt;
                mem-003
              &lt;/ink-text&gt;
              &lt;ink-text
                style=&quot;flex-grow: 0; flex-shrink: 1; flex-direction: row; text-wrap: wrap;&quot;
              &gt;
                ] 
              &lt;/ink-text&gt;
              &lt;ink-text
                style=&quot;flex-grow: 0; flex-shrink: 1; flex-direction: row; text-wrap: wrap;&quot;
              &gt;
                RESTful API設計とエンドポイント定義
              &lt;/ink-text&gt;
            &lt;/ink-box&gt;
          &lt;/ink-box&gt;
          &lt;ink-box
            style=&quot;flex-wrap: nowrap; flex-direction: row; flex-grow: 0; flex-shrink: 1; margin-top: 1px; border-color: rgb(108, 112, 134); padding: 1px; overflow-x: visible; overflow-y: visible;&quot;
          &gt;
            &lt;ink-box
              style=&quot;flex-wrap: nowrap; flex-direction: column; flex-grow: 0; flex-shrink: 1; overflow-x: visible; overflow-y: visible;&quot;
            &gt;
              &lt;ink-text
                style=&quot;flex-grow: 0; flex-shrink: 1; flex-direction: row; text-wrap: wrap;&quot;
              &gt;
                詳細:
              &lt;/ink-text&gt;
              &lt;ink-text
                style=&quot;flex-grow: 0; flex-shrink: 1; flex-direction: row; text-wrap: wrap;&quot;
              &gt;
                ID: 
                mem-001
              &lt;/ink-text&gt;
              &lt;ink-text
                style=&quot;flex-grow: 0; flex-shrink: 1; flex-direction: row; text-wrap: wrap;&quot;
              &gt;
                アクセス数: 
                15
              &lt;/ink-text&gt;
              &lt;ink-text
                style=&quot;flex-grow: 0; flex-shrink: 1; flex-direction: row; text-wrap: wrap;&quot;
              &gt;
                成功率: 
                92.0
                %
              &lt;/ink-text&gt;
              &lt;ink-text
                style=&quot;flex-grow: 0; flex-shrink: 1; flex-direction: row; text-wrap: wrap;&quot;
              &gt;
                タグ: 
                gpt5, prompting, analysis
              &lt;/ink-text&gt;
            &lt;/ink-box&gt;
          &lt;/ink-box&gt;
        &lt;/ink-box&gt;
      &lt;/ink-box&gt;
      &lt;ink-box
        style=&quot;flex-wrap: nowrap; flex-direction: row; flex-grow: 0; flex-shrink: 1; margin-top: 1px; border-color: rgb(108, 112, 134); padding: 1px; overflow-x: visible; overflow-y: visible;&quot;
      &gt;
        &lt;ink-text
          style=&quot;flex-grow: 0; flex-shrink: 1; flex-direction: row; text-wrap: wrap;&quot;
        &gt;
          Tab: タブ切替 | ↑↓: 記憶選択 | q: 終了
        &lt;/ink-text&gt;
      &lt;/ink-box&gt;
    &lt;/ink-box&gt;
  &lt;/div&gt;
&lt;/body&gt;
 ❯ Object.getElementError node_modules/@testing-library/dom/dist/config.js:37:19
 ❯ node_modules/@testing-library/dom/dist/query-helpers.js:76:38
 ❯ node_modules/@testing-library/dom/dist/query-helpers.js:52:17
 ❯ node_modules/@testing-library/dom/dist/query-helpers.js:95:19
 ❯ src/ui/components/SynapticMemoryDashboard.test.tsx:252:19
            </failure>
        </testcase>
    </testsuite>
    <testsuite name="src/ui/components/ToolStatsDisplay.test.tsx" timestamp="2025-08-11T04:30:27.495Z" hostname="63accec1df8b" tests="5" failures="0" errors="0" skipped="0" time="0.040766042">
        <testcase classname="src/ui/components/ToolStatsDisplay.test.tsx" name="&lt;ToolStatsDisplay /&gt; &gt; should render &quot;no tool calls&quot; message when there are no active tools" time="0.01396725">
        </testcase>
        <testcase classname="src/ui/components/ToolStatsDisplay.test.tsx" name="&lt;ToolStatsDisplay /&gt; &gt; should display stats for a single tool correctly" time="0.006559209">
        </testcase>
        <testcase classname="src/ui/components/ToolStatsDisplay.test.tsx" name="&lt;ToolStatsDisplay /&gt; &gt; should display stats for multiple tools correctly" time="0.0052875">
        </testcase>
        <testcase classname="src/ui/components/ToolStatsDisplay.test.tsx" name="&lt;ToolStatsDisplay /&gt; &gt; should handle large values without wrapping or overlapping" time="0.006361042">
        </testcase>
        <testcase classname="src/ui/components/ToolStatsDisplay.test.tsx" name="&lt;ToolStatsDisplay /&gt; &gt; should handle zero decisions gracefully" time="0.007856083">
        </testcase>
    </testsuite>
    <testsuite name="src/ui/hooks/atCommandProcessor.test.ts" timestamp="2025-08-11T04:30:27.496Z" hostname="63accec1df8b" tests="17" failures="0" errors="0" skipped="0" time="0.013247416">
        <testcase classname="src/ui/hooks/atCommandProcessor.test.ts" name="handleAtCommand &gt; should pass through query if no @ command is present" time="0.002882">
        </testcase>
        <testcase classname="src/ui/hooks/atCommandProcessor.test.ts" name="handleAtCommand &gt; should pass through original query if only a lone @ symbol is present" time="0.000434292">
        </testcase>
        <testcase classname="src/ui/hooks/atCommandProcessor.test.ts" name="handleAtCommand &gt; should process a valid text file path" time="0.00188175">
        </testcase>
        <testcase classname="src/ui/hooks/atCommandProcessor.test.ts" name="handleAtCommand &gt; should process a valid directory path and convert to glob" time="0.000668166">
        </testcase>
        <testcase classname="src/ui/hooks/atCommandProcessor.test.ts" name="handleAtCommand &gt; should process a valid image file path (as text content for now)" time="0.000297958">
        </testcase>
        <testcase classname="src/ui/hooks/atCommandProcessor.test.ts" name="handleAtCommand &gt; should handle query with text before and after @command" time="0.00032225">
        </testcase>
        <testcase classname="src/ui/hooks/atCommandProcessor.test.ts" name="handleAtCommand &gt; should correctly unescape paths with escaped spaces" time="0.000523416">
        </testcase>
        <testcase classname="src/ui/hooks/atCommandProcessor.test.ts" name="handleAtCommand &gt; should handle multiple @file references" time="0.00054">
        </testcase>
        <testcase classname="src/ui/hooks/atCommandProcessor.test.ts" name="handleAtCommand &gt; should handle multiple @file references with interleaved text" time="0.000496416">
        </testcase>
        <testcase classname="src/ui/hooks/atCommandProcessor.test.ts" name="handleAtCommand &gt; should handle a mix of valid, invalid, and lone @ references" time="0.000875708">
        </testcase>
        <testcase classname="src/ui/hooks/atCommandProcessor.test.ts" name="handleAtCommand &gt; should return original query if all @paths are invalid or lone @" time="0.000324">
        </testcase>
        <testcase classname="src/ui/hooks/atCommandProcessor.test.ts" name="handleAtCommand &gt; should process a file path case-insensitively" time="0.000641125">
        </testcase>
        <testcase classname="src/ui/hooks/atCommandProcessor.test.ts" name="handleAtCommand &gt; git-aware filtering &gt; should skip git-ignored files in @ commands" time="0.000489708">
        </testcase>
        <testcase classname="src/ui/hooks/atCommandProcessor.test.ts" name="handleAtCommand &gt; git-aware filtering &gt; should process non-git-ignored files normally" time="0.000610458">
        </testcase>
        <testcase classname="src/ui/hooks/atCommandProcessor.test.ts" name="handleAtCommand &gt; git-aware filtering &gt; should handle mixed git-ignored and valid files" time="0.000581917">
        </testcase>
        <testcase classname="src/ui/hooks/atCommandProcessor.test.ts" name="handleAtCommand &gt; git-aware filtering &gt; should always ignore .git directory files" time="0.000394209">
        </testcase>
        <testcase classname="src/ui/hooks/atCommandProcessor.test.ts" name="handleAtCommand &gt; when recursive file search is disabled &gt; should not use glob search for a nonexistent file" time="0.000462833">
        </testcase>
    </testsuite>
    <testsuite name="src/ui/hooks/shellCommandProcessor.test.ts" timestamp="2025-08-11T04:30:27.500Z" hostname="63accec1df8b" tests="3" failures="0" errors="0" skipped="0" time="0.024874625">
        <testcase classname="src/ui/hooks/shellCommandProcessor.test.ts" name="useShellCommandProcessor &gt; should execute a command and update history on success" time="0.016087292">
        </testcase>
        <testcase classname="src/ui/hooks/shellCommandProcessor.test.ts" name="useShellCommandProcessor &gt; should handle binary output" time="0.002416833">
        </testcase>
        <testcase classname="src/ui/hooks/shellCommandProcessor.test.ts" name="useShellCommandProcessor &gt; should handle command failure" time="0.005471584">
        </testcase>
    </testsuite>
    <testsuite name="src/ui/hooks/slashCommandProcessor.test.ts" timestamp="2025-08-11T04:30:27.501Z" hostname="63accec1df8b" tests="7" failures="0" errors="0" skipped="0" time="0.380026625">
        <testcase classname="src/ui/hooks/slashCommandProcessor.test.ts" name="useSlashCommandProcessor &gt; New command registry &gt; should execute a command from the new registry" time="0.062420334">
            <system-err>
An update to TestComponent inside a test was not wrapped in act(...).

When testing, code that causes React state updates should be wrapped into act(...):

act(() =&gt; {
  /* fire events that update state */
});
/* assert on the output */

This ensures that you&apos;re testing the behavior the user would see in the browser. Learn more at https://react.dev/link/wrap-tests-with-act

            </system-err>
        </testcase>
        <testcase classname="src/ui/hooks/slashCommandProcessor.test.ts" name="useSlashCommandProcessor &gt; New command registry &gt; should return &quot;schedule_tool&quot; when a new command returns a tool action" time="0.052487584">
            <system-err>
An update to TestComponent inside a test was not wrapped in act(...).

When testing, code that causes React state updates should be wrapped into act(...):

act(() =&gt; {
  /* fire events that update state */
});
/* assert on the output */

This ensures that you&apos;re testing the behavior the user would see in the browser. Learn more at https://react.dev/link/wrap-tests-with-act

            </system-err>
        </testcase>
        <testcase classname="src/ui/hooks/slashCommandProcessor.test.ts" name="useSlashCommandProcessor &gt; New command registry &gt; should return &quot;handled&quot; when a new command returns a message action" time="0.053020542">
            <system-err>
An update to TestComponent inside a test was not wrapped in act(...).

When testing, code that causes React state updates should be wrapped into act(...):

act(() =&gt; {
  /* fire events that update state */
});
/* assert on the output */

This ensures that you&apos;re testing the behavior the user would see in the browser. Learn more at https://react.dev/link/wrap-tests-with-act

            </system-err>
        </testcase>
        <testcase classname="src/ui/hooks/slashCommandProcessor.test.ts" name="useSlashCommandProcessor &gt; New command registry &gt; should return &quot;handled&quot; when a new command returns a dialog action" time="0.05283625">
            <system-err>
An update to TestComponent inside a test was not wrapped in act(...).

When testing, code that causes React state updates should be wrapped into act(...):

act(() =&gt; {
  /* fire events that update state */
});
/* assert on the output */

This ensures that you&apos;re testing the behavior the user would see in the browser. Learn more at https://react.dev/link/wrap-tests-with-act

            </system-err>
        </testcase>
        <testcase classname="src/ui/hooks/slashCommandProcessor.test.ts" name="useSlashCommandProcessor &gt; New command registry &gt; should open the auth dialog when a new command returns an auth dialog action" time="0.052021125">
            <system-err>
An update to TestComponent inside a test was not wrapped in act(...).

When testing, code that causes React state updates should be wrapped into act(...):

act(() =&gt; {
  /* fire events that update state */
});
/* assert on the output */

This ensures that you&apos;re testing the behavior the user would see in the browser. Learn more at https://react.dev/link/wrap-tests-with-act

            </system-err>
        </testcase>
        <testcase classname="src/ui/hooks/slashCommandProcessor.test.ts" name="useSlashCommandProcessor &gt; New command registry &gt; should open the theme dialog when a new command returns a theme dialog action" time="0.052020417">
            <system-err>
An update to TestComponent inside a test was not wrapped in act(...).

When testing, code that causes React state updates should be wrapped into act(...):

act(() =&gt; {
  /* fire events that update state */
});
/* assert on the output */

This ensures that you&apos;re testing the behavior the user would see in the browser. Learn more at https://react.dev/link/wrap-tests-with-act

            </system-err>
        </testcase>
        <testcase classname="src/ui/hooks/slashCommandProcessor.test.ts" name="useSlashCommandProcessor &gt; New command registry &gt; should show help for a parent command with no action" time="0.053166334">
            <system-err>
An update to TestComponent inside a test was not wrapped in act(...).

When testing, code that causes React state updates should be wrapped into act(...):

act(() =&gt; {
  /* fire events that update state */
});
/* assert on the output */

This ensures that you&apos;re testing the behavior the user would see in the browser. Learn more at https://react.dev/link/wrap-tests-with-act

            </system-err>
        </testcase>
    </testsuite>
    <testsuite name="src/ui/hooks/useAutoAcceptIndicator.test.ts" timestamp="2025-08-11T04:30:27.505Z" hostname="63accec1df8b" tests="6" failures="0" errors="0" skipped="0" time="0.017189958">
        <testcase classname="src/ui/hooks/useAutoAcceptIndicator.test.ts" name="useAutoAcceptIndicator &gt; should initialize with ApprovalMode.AUTO_EDIT if config.getApprovalMode returns ApprovalMode.AUTO_EDIT" time="0.008850917">
        </testcase>
        <testcase classname="src/ui/hooks/useAutoAcceptIndicator.test.ts" name="useAutoAcceptIndicator &gt; should initialize with ApprovalMode.DEFAULT if config.getApprovalMode returns ApprovalMode.DEFAULT" time="0.001110416">
        </testcase>
        <testcase classname="src/ui/hooks/useAutoAcceptIndicator.test.ts" name="useAutoAcceptIndicator &gt; should initialize with ApprovalMode.YOLO if config.getApprovalMode returns ApprovalMode.YOLO" time="0.000930708">
        </testcase>
        <testcase classname="src/ui/hooks/useAutoAcceptIndicator.test.ts" name="useAutoAcceptIndicator &gt; should toggle the indicator and update config when Shift+Tab or Ctrl+Y is pressed" time="0.003004333">
        </testcase>
        <testcase classname="src/ui/hooks/useAutoAcceptIndicator.test.ts" name="useAutoAcceptIndicator &gt; should not toggle if only one key or other keys combinations are pressed" time="0.001150833">
        </testcase>
        <testcase classname="src/ui/hooks/useAutoAcceptIndicator.test.ts" name="useAutoAcceptIndicator &gt; should update indicator when config value changes externally (useEffect dependency)" time="0.001165625">
        </testcase>
    </testsuite>
    <testsuite name="src/ui/hooks/useCompletion.integration.test.ts" timestamp="2025-08-11T04:30:27.507Z" hostname="63accec1df8b" tests="23" failures="0" errors="0" skipped="0" time="1.701097792">
        <testcase classname="src/ui/hooks/useCompletion.integration.test.ts" name="useCompletion git-aware filtering integration &gt; should filter git-ignored entries from @ completions" time="0.16250825">
        </testcase>
        <testcase classname="src/ui/hooks/useCompletion.integration.test.ts" name="useCompletion git-aware filtering integration &gt; should filter git-ignored directories from @ completions" time="0.152343417">
        </testcase>
        <testcase classname="src/ui/hooks/useCompletion.integration.test.ts" name="useCompletion git-aware filtering integration &gt; should handle recursive search with git-aware filtering" time="0.152648292">
            <system-err>
Error fetching completion suggestions for t: Cannot read properties of undefined (reading &apos;map&apos;)

            </system-err>
        </testcase>
        <testcase classname="src/ui/hooks/useCompletion.integration.test.ts" name="useCompletion git-aware filtering integration &gt; should not perform recursive search when disabled in config" time="0.15310875">
        </testcase>
        <testcase classname="src/ui/hooks/useCompletion.integration.test.ts" name="useCompletion git-aware filtering integration &gt; should work without config (fallback behavior)" time="0.152403917">
        </testcase>
        <testcase classname="src/ui/hooks/useCompletion.integration.test.ts" name="useCompletion git-aware filtering integration &gt; should handle git discovery service initialization failure gracefully" time="0.151925334">
        </testcase>
        <testcase classname="src/ui/hooks/useCompletion.integration.test.ts" name="useCompletion git-aware filtering integration &gt; should handle directory-specific completions with git filtering" time="0.151824083">
        </testcase>
        <testcase classname="src/ui/hooks/useCompletion.integration.test.ts" name="useCompletion git-aware filtering integration &gt; should use glob for top-level @ completions when available" time="0.153102583">
        </testcase>
        <testcase classname="src/ui/hooks/useCompletion.integration.test.ts" name="useCompletion git-aware filtering integration &gt; should include dotfiles in glob search when input starts with a dot" time="0.153062625">
        </testcase>
        <testcase classname="src/ui/hooks/useCompletion.integration.test.ts" name="useCompletion git-aware filtering integration &gt; should suggest top-level command names based on partial input" time="0.001223">
        </testcase>
        <testcase classname="src/ui/hooks/useCompletion.integration.test.ts" name="useCompletion git-aware filtering integration &gt; should not suggest commands when altName is fully typed" time="0.00101175">
        </testcase>
        <testcase classname="src/ui/hooks/useCompletion.integration.test.ts" name="useCompletion git-aware filtering integration &gt; should not suggest commands when altName is fully typed" time="0.000970417">
        </testcase>
        <testcase classname="src/ui/hooks/useCompletion.integration.test.ts" name="useCompletion git-aware filtering integration &gt; should suggest commands based on partial altName matches" time="0.00088075">
        </testcase>
        <testcase classname="src/ui/hooks/useCompletion.integration.test.ts" name="useCompletion git-aware filtering integration &gt; should suggest sub-command names for a parent command" time="0.00091925">
        </testcase>
        <testcase classname="src/ui/hooks/useCompletion.integration.test.ts" name="useCompletion git-aware filtering integration &gt; should suggest all sub-commands when the query ends with the parent command and a space" time="0.000958083">
        </testcase>
        <testcase classname="src/ui/hooks/useCompletion.integration.test.ts" name="useCompletion git-aware filtering integration &gt; should call the command.completion function for argument suggestions" time="0.152143667">
        </testcase>
        <testcase classname="src/ui/hooks/useCompletion.integration.test.ts" name="useCompletion git-aware filtering integration &gt; should not provide suggestions for a fully typed command that has no sub-commands or argument completion" time="0.001220417">
        </testcase>
        <testcase classname="src/ui/hooks/useCompletion.integration.test.ts" name="useCompletion git-aware filtering integration &gt; should not provide suggestions for an unknown command" time="0.001276791">
        </testcase>
        <testcase classname="src/ui/hooks/useCompletion.integration.test.ts" name="useCompletion git-aware filtering integration &gt; should suggest sub-commands for a fully typed parent command without a trailing space" time="0.000950334">
        </testcase>
        <testcase classname="src/ui/hooks/useCompletion.integration.test.ts" name="useCompletion git-aware filtering integration &gt; should NOT provide suggestions for a perfectly typed command that is a leaf node" time="0.001034667">
        </testcase>
        <testcase classname="src/ui/hooks/useCompletion.integration.test.ts" name="useCompletion git-aware filtering integration &gt; should call command.completion with an empty string when args start with a space" time="0.152365334">
        </testcase>
        <testcase classname="src/ui/hooks/useCompletion.integration.test.ts" name="useCompletion git-aware filtering integration &gt; should suggest all top-level commands for the root slash" time="0.001079834">
        </testcase>
        <testcase classname="src/ui/hooks/useCompletion.integration.test.ts" name="useCompletion git-aware filtering integration &gt; should provide no suggestions for an invalid sub-command" time="0.001009417">
        </testcase>
    </testsuite>
    <testsuite name="src/ui/hooks/useCompletion.test.ts" timestamp="2025-08-11T04:30:27.513Z" hostname="63accec1df8b" tests="36" failures="0" errors="0" skipped="0" time="2.035274917">
        <testcase classname="src/ui/hooks/useCompletion.test.ts" name="useCompletion &gt; Hook initialization and state &gt; should initialize with default state" time="0.010391208">
        </testcase>
        <testcase classname="src/ui/hooks/useCompletion.test.ts" name="useCompletion &gt; Hook initialization and state &gt; should reset state when isActive becomes false" time="0.001507958">
        </testcase>
        <testcase classname="src/ui/hooks/useCompletion.test.ts" name="useCompletion &gt; Hook initialization and state &gt; should provide required functions" time="0.001061708">
        </testcase>
        <testcase classname="src/ui/hooks/useCompletion.test.ts" name="useCompletion &gt; resetCompletionState &gt; should reset all state to default values" time="0.001238458">
        </testcase>
        <testcase classname="src/ui/hooks/useCompletion.test.ts" name="useCompletion &gt; Navigation functions &gt; should handle navigateUp with no suggestions" time="0.001167084">
        </testcase>
        <testcase classname="src/ui/hooks/useCompletion.test.ts" name="useCompletion &gt; Navigation functions &gt; should handle navigateDown with no suggestions" time="0.001358625">
        </testcase>
        <testcase classname="src/ui/hooks/useCompletion.test.ts" name="useCompletion &gt; Navigation functions &gt; should navigate up through suggestions with wrap-around" time="0.001405792">
        </testcase>
        <testcase classname="src/ui/hooks/useCompletion.test.ts" name="useCompletion &gt; Navigation functions &gt; should navigate down through suggestions with wrap-around" time="0.009271208">
        </testcase>
        <testcase classname="src/ui/hooks/useCompletion.test.ts" name="useCompletion &gt; Navigation functions &gt; should handle navigation with multiple suggestions" time="0.002320125">
        </testcase>
        <testcase classname="src/ui/hooks/useCompletion.test.ts" name="useCompletion &gt; Navigation functions &gt; should handle navigation with large suggestion lists and scrolling" time="0.001606125">
        </testcase>
        <testcase classname="src/ui/hooks/useCompletion.test.ts" name="useCompletion &gt; Slash command completion &gt; should show all commands for root slash" time="0.001896625">
        </testcase>
        <testcase classname="src/ui/hooks/useCompletion.test.ts" name="useCompletion &gt; Slash command completion &gt; should filter commands by prefix" time="0.001175083">
        </testcase>
        <testcase classname="src/ui/hooks/useCompletion.test.ts" name="useCompletion &gt; Slash command completion &gt; should not suggest commands when altName is fully typed" time="0.001209792">
        </testcase>
        <testcase classname="src/ui/hooks/useCompletion.test.ts" name="useCompletion &gt; Slash command completion &gt; should not suggest commands when altName is fully typed" time="0.001065875">
        </testcase>
        <testcase classname="src/ui/hooks/useCompletion.test.ts" name="useCompletion &gt; Slash command completion &gt; should suggest commands based on partial altName matches" time="0.0011915">
        </testcase>
        <testcase classname="src/ui/hooks/useCompletion.test.ts" name="useCompletion &gt; Slash command completion &gt; should not show suggestions for exact leaf command match" time="0.000957125">
        </testcase>
        <testcase classname="src/ui/hooks/useCompletion.test.ts" name="useCompletion &gt; Slash command completion &gt; should show sub-commands for parent commands" time="0.000997625">
        </testcase>
        <testcase classname="src/ui/hooks/useCompletion.test.ts" name="useCompletion &gt; Slash command completion &gt; should show all sub-commands after parent command with space" time="0.001096167">
        </testcase>
        <testcase classname="src/ui/hooks/useCompletion.test.ts" name="useCompletion &gt; Slash command completion &gt; should filter sub-commands by prefix" time="0.001581959">
        </testcase>
        <testcase classname="src/ui/hooks/useCompletion.test.ts" name="useCompletion &gt; Slash command completion &gt; should handle unknown command gracefully" time="0.001086541">
        </testcase>
        <testcase classname="src/ui/hooks/useCompletion.test.ts" name="useCompletion &gt; Command argument completion &gt; should call completion function for command arguments" time="0.152833292">
        </testcase>
        <testcase classname="src/ui/hooks/useCompletion.test.ts" name="useCompletion &gt; Command argument completion &gt; should call completion function with partial argument" time="0.152364917">
        </testcase>
        <testcase classname="src/ui/hooks/useCompletion.test.ts" name="useCompletion &gt; Command argument completion &gt; should handle completion function that returns null" time="0.153647">
        </testcase>
        <testcase classname="src/ui/hooks/useCompletion.test.ts" name="useCompletion &gt; File path completion (@-syntax) &gt; should show file completions for @ prefix" time="0.152379375">
        </testcase>
        <testcase classname="src/ui/hooks/useCompletion.test.ts" name="useCompletion &gt; File path completion (@-syntax) &gt; should filter files by prefix" time="0.152963125">
        </testcase>
        <testcase classname="src/ui/hooks/useCompletion.test.ts" name="useCompletion &gt; File path completion (@-syntax) &gt; should include hidden files when prefix starts with dot" time="0.153054875">
        </testcase>
        <testcase classname="src/ui/hooks/useCompletion.test.ts" name="useCompletion &gt; File path completion (@-syntax) &gt; should handle ENOENT error gracefully" time="0.152896333">
            <system-err>
Error fetching completion suggestions for nonexistent: Cannot read properties of undefined (reading &apos;map&apos;)

            </system-err>
        </testcase>
        <testcase classname="src/ui/hooks/useCompletion.test.ts" name="useCompletion &gt; File path completion (@-syntax) &gt; should handle other errors by resetting state" time="0.152991291">
        </testcase>
        <testcase classname="src/ui/hooks/useCompletion.test.ts" name="useCompletion &gt; Debouncing &gt; should debounce file completion requests" time="0.152951333">
        </testcase>
        <testcase classname="src/ui/hooks/useCompletion.test.ts" name="useCompletion &gt; Query handling edge cases &gt; should handle empty query" time="0.001405375">
        </testcase>
        <testcase classname="src/ui/hooks/useCompletion.test.ts" name="useCompletion &gt; Query handling edge cases &gt; should handle query without slash or @" time="0.0010655">
        </testcase>
        <testcase classname="src/ui/hooks/useCompletion.test.ts" name="useCompletion &gt; Query handling edge cases &gt; should handle query with whitespace" time="0.001112708">
        </testcase>
        <testcase classname="src/ui/hooks/useCompletion.test.ts" name="useCompletion &gt; Query handling edge cases &gt; should handle @ at the end of query" time="0.152349583">
            <system-err>
Error fetching completion suggestions for : entries is not iterable

            </system-err>
        </testcase>
        <testcase classname="src/ui/hooks/useCompletion.test.ts" name="useCompletion &gt; File sorting behavior &gt; should prioritize source files over test files with same base name" time="0.152293125">
        </testcase>
        <testcase classname="src/ui/hooks/useCompletion.test.ts" name="useCompletion &gt; Config and FileDiscoveryService integration &gt; should work without config" time="0.153315875">
        </testcase>
        <testcase classname="src/ui/hooks/useCompletion.test.ts" name="useCompletion &gt; Config and FileDiscoveryService integration &gt; should respect file filtering when config is provided" time="0.152702">
        </testcase>
    </testsuite>
    <testsuite name="src/ui/hooks/useConsoleMessages.test.ts" timestamp="2025-08-11T04:30:27.522Z" hostname="63accec1df8b" tests="9" failures="0" errors="0" skipped="0" time="0.017683375">
        <testcase classname="src/ui/hooks/useConsoleMessages.test.ts" name="useConsoleMessages &gt; should initialize with an empty array of console messages" time="0.008815917">
        </testcase>
        <testcase classname="src/ui/hooks/useConsoleMessages.test.ts" name="useConsoleMessages &gt; should add a new message" time="0.001828792">
        </testcase>
        <testcase classname="src/ui/hooks/useConsoleMessages.test.ts" name="useConsoleMessages &gt; should consolidate identical consecutive messages" time="0.000832875">
        </testcase>
        <testcase classname="src/ui/hooks/useConsoleMessages.test.ts" name="useConsoleMessages &gt; should not consolidate different messages" time="0.000713041">
        </testcase>
        <testcase classname="src/ui/hooks/useConsoleMessages.test.ts" name="useConsoleMessages &gt; should not consolidate messages if type is different" time="0.000708291">
        </testcase>
        <testcase classname="src/ui/hooks/useConsoleMessages.test.ts" name="useConsoleMessages &gt; should clear console messages" time="0.001235541">
        </testcase>
        <testcase classname="src/ui/hooks/useConsoleMessages.test.ts" name="useConsoleMessages &gt; should clear pending timeout on clearConsoleMessages" time="0.000821916">
        </testcase>
        <testcase classname="src/ui/hooks/useConsoleMessages.test.ts" name="useConsoleMessages &gt; should clear message queue on clearConsoleMessages" time="0.0008035">
        </testcase>
        <testcase classname="src/ui/hooks/useConsoleMessages.test.ts" name="useConsoleMessages &gt; should cleanup timeout on unmount" time="0.000987959">
        </testcase>
    </testsuite>
    <testsuite name="src/ui/hooks/useEditorSettings.test.ts" timestamp="2025-08-11T04:30:27.524Z" hostname="63accec1df8b" tests="10" failures="0" errors="0" skipped="0" time="0.020194917">
        <testcase classname="src/ui/hooks/useEditorSettings.test.ts" name="useEditorSettings &gt; should initialize with dialog closed" time="0.008480834">
        </testcase>
        <testcase classname="src/ui/hooks/useEditorSettings.test.ts" name="useEditorSettings &gt; should open editor dialog when openEditorDialog is called" time="0.001504708">
        </testcase>
        <testcase classname="src/ui/hooks/useEditorSettings.test.ts" name="useEditorSettings &gt; should close editor dialog when exitEditorDialog is called" time="0.000902">
        </testcase>
        <testcase classname="src/ui/hooks/useEditorSettings.test.ts" name="useEditorSettings &gt; should handle editor selection successfully" time="0.002464125">
        </testcase>
        <testcase classname="src/ui/hooks/useEditorSettings.test.ts" name="useEditorSettings &gt; should handle clearing editor preference (undefined editor)" time="0.001188625">
        </testcase>
        <testcase classname="src/ui/hooks/useEditorSettings.test.ts" name="useEditorSettings &gt; should handle different editor types" time="0.001111583">
        </testcase>
        <testcase classname="src/ui/hooks/useEditorSettings.test.ts" name="useEditorSettings &gt; should handle different setting scopes" time="0.000982625">
        </testcase>
        <testcase classname="src/ui/hooks/useEditorSettings.test.ts" name="useEditorSettings &gt; should not set preference for unavailable editors" time="0.000882542">
        </testcase>
        <testcase classname="src/ui/hooks/useEditorSettings.test.ts" name="useEditorSettings &gt; should not set preference for editors not allowed in sandbox" time="0.000814125">
        </testcase>
        <testcase classname="src/ui/hooks/useEditorSettings.test.ts" name="useEditorSettings &gt; should handle errors during editor selection" time="0.000890958">
        </testcase>
    </testsuite>
    <testsuite name="src/ui/hooks/useGeminiStream.test.tsx" timestamp="2025-08-11T04:30:27.527Z" hostname="63accec1df8b" tests="22" failures="0" errors="0" skipped="0" time="0.126991542">
        <testcase classname="src/ui/hooks/useGeminiStream.test.tsx" name="mergePartListUnions &gt; should merge multiple PartListUnion arrays" time="0.001095875">
        </testcase>
        <testcase classname="src/ui/hooks/useGeminiStream.test.tsx" name="mergePartListUnions &gt; should handle empty arrays in the input list" time="0.000120958">
        </testcase>
        <testcase classname="src/ui/hooks/useGeminiStream.test.tsx" name="mergePartListUnions &gt; should handle a single PartListUnion array" time="0.0000825">
        </testcase>
        <testcase classname="src/ui/hooks/useGeminiStream.test.tsx" name="mergePartListUnions &gt; should return an empty array if all input arrays are empty" time="0.000059792">
        </testcase>
        <testcase classname="src/ui/hooks/useGeminiStream.test.tsx" name="mergePartListUnions &gt; should handle input list being empty" time="0.00006775">
        </testcase>
        <testcase classname="src/ui/hooks/useGeminiStream.test.tsx" name="mergePartListUnions &gt; should correctly merge when PartListUnion items are single Parts not in arrays" time="0.000083959">
        </testcase>
        <testcase classname="src/ui/hooks/useGeminiStream.test.tsx" name="mergePartListUnions &gt; should handle a mix of arrays and single parts, including empty arrays and undefined/null parts if they were possible (though PartListUnion typing restricts this)" time="0.000080042">
        </testcase>
        <testcase classname="src/ui/hooks/useGeminiStream.test.tsx" name="mergePartListUnions &gt; should preserve the order of parts from the input arrays" time="0.000068917">
        </testcase>
        <testcase classname="src/ui/hooks/useGeminiStream.test.tsx" name="mergePartListUnions &gt; should handle cases where some PartListUnion items are single Parts and others are arrays of Parts" time="0.000090209">
        </testcase>
        <testcase classname="src/ui/hooks/useGeminiStream.test.tsx" name="useGeminiStream &gt; should not submit tool responses if not all tool calls are completed" time="0.009665458">
        </testcase>
        <testcase classname="src/ui/hooks/useGeminiStream.test.tsx" name="useGeminiStream &gt; should submit tool responses when all tool calls are completed and ready" time="0.006871041">
        </testcase>
        <testcase classname="src/ui/hooks/useGeminiStream.test.tsx" name="useGeminiStream &gt; should handle all tool calls being cancelled" time="0.002700166">
        </testcase>
        <testcase classname="src/ui/hooks/useGeminiStream.test.tsx" name="useGeminiStream &gt; should group multiple cancelled tool call responses into a single history entry" time="0.002827709">
        </testcase>
        <testcase classname="src/ui/hooks/useGeminiStream.test.tsx" name="useGeminiStream &gt; should not flicker streaming state to Idle between tool completion and submission" time="0.003168458">
        </testcase>
        <testcase classname="src/ui/hooks/useGeminiStream.test.tsx" name="useGeminiStream &gt; User Cancellation &gt; should cancel an in-progress stream when escape is pressed" time="0.022073">
            <system-out>
Memory pattern search failed: Error: MemoryManager not initialized. Please provide config on first call.
    at getMemoryManager [90m(/agents/packages/cli/[39msrc/memory/memoryManager.ts:239:11[90m)[39m
    at Object.submitQuery [90m(/agents/packages/cli/[39msrc/ui/hooks/useGeminiStream.ts:595:33[90m)[39m
    at [90m/agents/packages/cli/[39msrc/ui/hooks/useGeminiStream.test.tsx:891:24
    at [90m/agents/packages/cli/[39mnode_modules/[4m@testing-library[24m/react/dist/act-compat.js:48:24
    at process.env.NODE_ENV.exports.act (/agents/node_modules/[4mreact[24m/cjs/react.development.js:789:22)
    at Proxy.&lt;anonymous&gt; [90m(/agents/packages/cli/[39mnode_modules/[4m@testing-library[24m/react/dist/act-compat.js:47:25[90m)[39m
    at [90m/agents/packages/cli/[39msrc/ui/hooks/useGeminiStream.test.tsx:890:13
    at file:///agents/node_modules/[4m@vitest[24m/runner/dist/chunk-hooks.js:155:11
    at file:///agents/node_modules/[4m@vitest[24m/runner/dist/chunk-hooks.js:752:26
    at file:///agents/node_modules/[4m@vitest[24m/runner/dist/chunk-hooks.js:1897:20
    at new Promise (&lt;anonymous&gt;)
    at runWithTimeout (file:///agents/node_modules/[4m@vitest[24m/runner/dist/chunk-hooks.js:1863:10)
    at runTest (file:///agents/node_modules/[4m@vitest[24m/runner/dist/chunk-hooks.js:1574:12)
    at runSuite (file:///agents/node_modules/[4m@vitest[24m/runner/dist/chunk-hooks.js:1729:8)
    at runSuite (file:///agents/node_modules/[4m@vitest[24m/runner/dist/chunk-hooks.js:1729:8)
    at runSuite (file:///agents/node_modules/[4m@vitest[24m/runner/dist/chunk-hooks.js:1729:8)

            </system-out>
        </testcase>
        <testcase classname="src/ui/hooks/useGeminiStream.test.tsx" name="useGeminiStream &gt; User Cancellation &gt; should not do anything if escape is pressed when not responding" time="0.001520375">
        </testcase>
        <testcase classname="src/ui/hooks/useGeminiStream.test.tsx" name="useGeminiStream &gt; User Cancellation &gt; should prevent further processing after cancellation" time="0.055948375">
            <system-out>
Memory pattern search failed: Error: MemoryManager not initialized. Please provide config on first call.
    at getMemoryManager [90m(/agents/packages/cli/[39msrc/memory/memoryManager.ts:239:11[90m)[39m
    at Object.submitQuery [90m(/agents/packages/cli/[39msrc/ui/hooks/useGeminiStream.ts:595:33[90m)[39m
    at [90m/agents/packages/cli/[39msrc/ui/hooks/useGeminiStream.test.tsx:950:24
    at [90m/agents/packages/cli/[39mnode_modules/[4m@testing-library[24m/react/dist/act-compat.js:48:24
    at process.env.NODE_ENV.exports.act (/agents/node_modules/[4mreact[24m/cjs/react.development.js:789:22)
    at Proxy.&lt;anonymous&gt; [90m(/agents/packages/cli/[39mnode_modules/[4m@testing-library[24m/react/dist/act-compat.js:47:25[90m)[39m
    at [90m/agents/packages/cli/[39msrc/ui/hooks/useGeminiStream.test.tsx:949:13
    at file:///agents/node_modules/[4m@vitest[24m/runner/dist/chunk-hooks.js:155:11
    at file:///agents/node_modules/[4m@vitest[24m/runner/dist/chunk-hooks.js:752:26
    at file:///agents/node_modules/[4m@vitest[24m/runner/dist/chunk-hooks.js:1897:20
    at new Promise (&lt;anonymous&gt;)
    at runWithTimeout (file:///agents/node_modules/[4m@vitest[24m/runner/dist/chunk-hooks.js:1863:10)
    at runTest (file:///agents/node_modules/[4m@vitest[24m/runner/dist/chunk-hooks.js:1574:12)
    at runSuite (file:///agents/node_modules/[4m@vitest[24m/runner/dist/chunk-hooks.js:1729:8)
    at runSuite (file:///agents/node_modules/[4m@vitest[24m/runner/dist/chunk-hooks.js:1729:8)
    at runSuite (file:///agents/node_modules/[4m@vitest[24m/runner/dist/chunk-hooks.js:1729:8)

            </system-out>
            <system-err>
An update to TestComponent inside a test was not wrapped in act(...).

When testing, code that causes React state updates should be wrapped into act(...):

act(() =&gt; {
  /* fire events that update state */
});
/* assert on the output */

This ensures that you&apos;re testing the behavior the user would see in the browser. Learn more at https://react.dev/link/wrap-tests-with-act

            </system-err>
        </testcase>
        <testcase classname="src/ui/hooks/useGeminiStream.test.tsx" name="useGeminiStream &gt; User Cancellation &gt; should not cancel if a tool call is in progress (not just responding)" time="0.001541416">
        </testcase>
        <testcase classname="src/ui/hooks/useGeminiStream.test.tsx" name="useGeminiStream &gt; Slash Command Handling &gt; should schedule a tool call when the command processor returns a schedule_tool action" time="0.007136833">
            <system-out>
Memory pattern search failed: Error: MemoryManager not initialized. Please provide config on first call.
    at getMemoryManager [90m(/agents/packages/cli/[39msrc/memory/memoryManager.ts:239:11[90m)[39m
    at Object.submitQuery [90m(/agents/packages/cli/[39msrc/ui/hooks/useGeminiStream.ts:595:33[90m)[39m
    at [90m/agents/packages/cli/[39msrc/ui/hooks/useGeminiStream.test.tsx:1020:30
    at [90m/agents/packages/cli/[39mnode_modules/[4m@testing-library[24m/react/dist/act-compat.js:48:24
    at process.env.NODE_ENV.exports.act (/agents/node_modules/[4mreact[24m/cjs/react.development.js:789:22)
    at Proxy.&lt;anonymous&gt; [90m(/agents/packages/cli/[39mnode_modules/[4m@testing-library[24m/react/dist/act-compat.js:47:25[90m)[39m
    at [90m/agents/packages/cli/[39msrc/ui/hooks/useGeminiStream.test.tsx:1019:13
    at file:///agents/node_modules/[4m@vitest[24m/runner/dist/chunk-hooks.js:155:11
    at file:///agents/node_modules/[4m@vitest[24m/runner/dist/chunk-hooks.js:752:26
    at file:///agents/node_modules/[4m@vitest[24m/runner/dist/chunk-hooks.js:1897:20
    at new Promise (&lt;anonymous&gt;)
    at runWithTimeout (file:///agents/node_modules/[4m@vitest[24m/runner/dist/chunk-hooks.js:1863:10)
    at runTest (file:///agents/node_modules/[4m@vitest[24m/runner/dist/chunk-hooks.js:1574:12)
    at runSuite (file:///agents/node_modules/[4m@vitest[24m/runner/dist/chunk-hooks.js:1729:8)
    at runSuite (file:///agents/node_modules/[4m@vitest[24m/runner/dist/chunk-hooks.js:1729:8)
    at runSuite (file:///agents/node_modules/[4m@vitest[24m/runner/dist/chunk-hooks.js:1729:8)

            </system-out>
        </testcase>
        <testcase classname="src/ui/hooks/useGeminiStream.test.tsx" name="useGeminiStream &gt; Slash Command Handling &gt; should stop processing and not call Gemini when a command is handled without a tool call" time="0.0037695">
            <system-out>
Memory pattern search failed: Error: MemoryManager not initialized. Please provide config on first call.
    at getMemoryManager [90m(/agents/packages/cli/[39msrc/memory/memoryManager.ts:239:11[90m)[39m
    at Object.submitQuery [90m(/agents/packages/cli/[39msrc/ui/hooks/useGeminiStream.ts:595:33[90m)[39m
    at [90m/agents/packages/cli/[39msrc/ui/hooks/useGeminiStream.test.tsx:1047:30
    at [90m/agents/packages/cli/[39mnode_modules/[4m@testing-library[24m/react/dist/act-compat.js:48:24
    at process.env.NODE_ENV.exports.act (/agents/node_modules/[4mreact[24m/cjs/react.development.js:789:22)
    at Proxy.&lt;anonymous&gt; [90m(/agents/packages/cli/[39mnode_modules/[4m@testing-library[24m/react/dist/act-compat.js:47:25[90m)[39m
    at [90m/agents/packages/cli/[39msrc/ui/hooks/useGeminiStream.test.tsx:1046:13
    at file:///agents/node_modules/[4m@vitest[24m/runner/dist/chunk-hooks.js:155:11
    at file:///agents/node_modules/[4m@vitest[24m/runner/dist/chunk-hooks.js:752:26
    at file:///agents/node_modules/[4m@vitest[24m/runner/dist/chunk-hooks.js:1897:20
    at new Promise (&lt;anonymous&gt;)
    at runWithTimeout (file:///agents/node_modules/[4m@vitest[24m/runner/dist/chunk-hooks.js:1863:10)
    at runTest (file:///agents/node_modules/[4m@vitest[24m/runner/dist/chunk-hooks.js:1574:12)
    at runSuite (file:///agents/node_modules/[4m@vitest[24m/runner/dist/chunk-hooks.js:1729:8)
    at runSuite (file:///agents/node_modules/[4m@vitest[24m/runner/dist/chunk-hooks.js:1729:8)
    at runSuite (file:///agents/node_modules/[4m@vitest[24m/runner/dist/chunk-hooks.js:1729:8)

            </system-out>
        </testcase>
        <testcase classname="src/ui/hooks/useGeminiStream.test.tsx" name="useGeminiStream &gt; Memory Refresh on save_memory &gt; should call performMemoryRefresh when a save_memory tool call completes successfully" time="0.002851375">
        </testcase>
        <testcase classname="src/ui/hooks/useGeminiStream.test.tsx" name="useGeminiStream &gt; Error Handling &gt; should call parseAndFormatApiError with the correct authType on stream initialization failure" time="0.003951834">
            <system-out>
Memory pattern search failed: Error: MemoryManager not initialized. Please provide config on first call.
    at getMemoryManager [90m(/agents/packages/cli/[39msrc/memory/memoryManager.ts:239:11[90m)[39m
    at Object.submitQuery [90m(/agents/packages/cli/[39msrc/ui/hooks/useGeminiStream.ts:595:33[90m)[39m
    at [90m/agents/packages/cli/[39msrc/ui/hooks/useGeminiStream.test.tsx:1166:30
    at [90m/agents/packages/cli/[39mnode_modules/[4m@testing-library[24m/react/dist/act-compat.js:48:24
    at process.env.NODE_ENV.exports.act (/agents/node_modules/[4mreact[24m/cjs/react.development.js:789:22)
    at Proxy.&lt;anonymous&gt; [90m(/agents/packages/cli/[39mnode_modules/[4m@testing-library[24m/react/dist/act-compat.js:47:25[90m)[39m
    at [90m/agents/packages/cli/[39msrc/ui/hooks/useGeminiStream.test.tsx:1165:13
    at file:///agents/node_modules/[4m@vitest[24m/runner/dist/chunk-hooks.js:155:11
    at file:///agents/node_modules/[4m@vitest[24m/runner/dist/chunk-hooks.js:752:26
    at file:///agents/node_modules/[4m@vitest[24m/runner/dist/chunk-hooks.js:1897:20
    at new Promise (&lt;anonymous&gt;)
    at runWithTimeout (file:///agents/node_modules/[4m@vitest[24m/runner/dist/chunk-hooks.js:1863:10)
    at runTest (file:///agents/node_modules/[4m@vitest[24m/runner/dist/chunk-hooks.js:1574:12)
    at runSuite (file:///agents/node_modules/[4m@vitest[24m/runner/dist/chunk-hooks.js:1729:8)
    at runSuite (file:///agents/node_modules/[4m@vitest[24m/runner/dist/chunk-hooks.js:1729:8)
    at runSuite (file:///agents/node_modules/[4m@vitest[24m/runner/dist/chunk-hooks.js:1729:8)

            </system-out>
        </testcase>
    </testsuite>
    <testsuite name="src/ui/hooks/useGitBranchName.test.ts" timestamp="2025-08-11T04:30:27.533Z" hostname="63accec1df8b" tests="7" failures="0" errors="0" skipped="2" time="0.019412">
        <testcase classname="src/ui/hooks/useGitBranchName.test.ts" name="useGitBranchName &gt; should return branch name" time="0.012639125">
        </testcase>
        <testcase classname="src/ui/hooks/useGitBranchName.test.ts" name="useGitBranchName &gt; should return undefined if git command fails" time="0.001474625">
        </testcase>
        <testcase classname="src/ui/hooks/useGitBranchName.test.ts" name="useGitBranchName &gt; should return short commit hash if branch is HEAD (detached state)" time="0.001144125">
        </testcase>
        <testcase classname="src/ui/hooks/useGitBranchName.test.ts" name="useGitBranchName &gt; should return undefined if branch is HEAD and getting commit hash fails" time="0.000998542">
        </testcase>
        <testcase classname="src/ui/hooks/useGitBranchName.test.ts" name="useGitBranchName &gt; should update branch name when .git/HEAD changes" time="0.000397">
            <skipped/>
        </testcase>
        <testcase classname="src/ui/hooks/useGitBranchName.test.ts" name="useGitBranchName &gt; should handle watcher setup error silently" time="0.001623417">
        </testcase>
        <testcase classname="src/ui/hooks/useGitBranchName.test.ts" name="useGitBranchName &gt; should cleanup watcher on unmount" time="0.000210209">
            <skipped/>
        </testcase>
    </testsuite>
    <testsuite name="src/ui/hooks/useHistoryManager.test.ts" timestamp="2025-08-11T04:30:27.535Z" hostname="63accec1df8b" tests="8" failures="0" errors="0" skipped="0" time="0.016803292">
        <testcase classname="src/ui/hooks/useHistoryManager.test.ts" name="useHistoryManager &gt; should initialize with an empty history" time="0.00863">
        </testcase>
        <testcase classname="src/ui/hooks/useHistoryManager.test.ts" name="useHistoryManager &gt; should add an item to history with a unique ID" time="0.002272041">
        </testcase>
        <testcase classname="src/ui/hooks/useHistoryManager.test.ts" name="useHistoryManager &gt; should generate unique IDs for items added with the same base timestamp" time="0.00090125">
        </testcase>
        <testcase classname="src/ui/hooks/useHistoryManager.test.ts" name="useHistoryManager &gt; should update an existing history item" time="0.000903875">
        </testcase>
        <testcase classname="src/ui/hooks/useHistoryManager.test.ts" name="useHistoryManager &gt; should not change history if updateHistoryItem is called with a non-existent ID" time="0.000729125">
        </testcase>
        <testcase classname="src/ui/hooks/useHistoryManager.test.ts" name="useHistoryManager &gt; should clear the history" time="0.000779625">
        </testcase>
        <testcase classname="src/ui/hooks/useHistoryManager.test.ts" name="useHistoryManager &gt; should not add consecutive duplicate user messages" time="0.000828833">
        </testcase>
        <testcase classname="src/ui/hooks/useHistoryManager.test.ts" name="useHistoryManager &gt; should add duplicate user messages if they are not consecutive" time="0.000740166">
        </testcase>
    </testsuite>
    <testsuite name="src/ui/hooks/useInputHistory.test.ts" timestamp="2025-08-11T04:30:27.537Z" hostname="63accec1df8b" tests="11" failures="0" errors="0" skipped="0" time="0.019489167">
        <testcase classname="src/ui/hooks/useInputHistory.test.ts" name="useInputHistory &gt; should initialize with historyIndex -1 and empty originalQueryBeforeNav" time="0.008568291">
        </testcase>
        <testcase classname="src/ui/hooks/useInputHistory.test.ts" name="useInputHistory &gt; handleSubmit &gt; should call onSubmit with trimmed value and reset history" time="0.001690209">
        </testcase>
        <testcase classname="src/ui/hooks/useInputHistory.test.ts" name="useInputHistory &gt; handleSubmit &gt; should not call onSubmit if value is empty after trimming" time="0.000945917">
        </testcase>
        <testcase classname="src/ui/hooks/useInputHistory.test.ts" name="useInputHistory &gt; navigateUp &gt; should not navigate if isActive is false" time="0.000903333">
        </testcase>
        <testcase classname="src/ui/hooks/useInputHistory.test.ts" name="useInputHistory &gt; navigateUp &gt; should not navigate if userMessages is empty" time="0.000915958">
        </testcase>
        <testcase classname="src/ui/hooks/useInputHistory.test.ts" name="useInputHistory &gt; navigateUp &gt; should call onChange with the last message when navigating up from initial state" time="0.001190583">
        </testcase>
        <testcase classname="src/ui/hooks/useInputHistory.test.ts" name="useInputHistory &gt; navigateUp &gt; should store currentQuery as originalQueryBeforeNav on first navigateUp" time="0.000859292">
        </testcase>
        <testcase classname="src/ui/hooks/useInputHistory.test.ts" name="useInputHistory &gt; navigateUp &gt; should navigate through history messages on subsequent navigateUp calls" time="0.000903125">
        </testcase>
        <testcase classname="src/ui/hooks/useInputHistory.test.ts" name="useInputHistory &gt; navigateDown &gt; should not navigate if isActive is false" time="0.00099325">
        </testcase>
        <testcase classname="src/ui/hooks/useInputHistory.test.ts" name="useInputHistory &gt; navigateDown &gt; should not navigate if historyIndex is -1 (not in history navigation)" time="0.000654291">
        </testcase>
        <testcase classname="src/ui/hooks/useInputHistory.test.ts" name="useInputHistory &gt; navigateDown &gt; should restore originalQueryBeforeNav when navigating down to initial state" time="0.000891416">
        </testcase>
    </testsuite>
    <testsuite name="src/ui/hooks/useKeypress.test.ts" timestamp="2025-08-11T04:30:27.540Z" hostname="63accec1df8b" tests="14" failures="0" errors="0" skipped="0" time="0.022947583">
        <testcase classname="src/ui/hooks/useKeypress.test.ts" name="useKeypress &gt; should not listen if isActive is false" time="0.008641125">
        </testcase>
        <testcase classname="src/ui/hooks/useKeypress.test.ts" name="useKeypress &gt; should listen for keypress when active" time="0.002253291">
        </testcase>
        <testcase classname="src/ui/hooks/useKeypress.test.ts" name="useKeypress &gt; should set and release raw mode" time="0.000998583">
        </testcase>
        <testcase classname="src/ui/hooks/useKeypress.test.ts" name="useKeypress &gt; should stop listening after being unmounted" time="0.000707875">
        </testcase>
        <testcase classname="src/ui/hooks/useKeypress.test.ts" name="useKeypress &gt; should correctly identify alt+enter (meta key)" time="0.000741625">
        </testcase>
        <testcase classname="src/ui/hooks/useKeypress.test.ts" name="useKeypress &gt; Paste Handling in &apos;Modern Node (&gt;= v20)&apos; &gt; should process a paste as a single event" time="0.001072792">
        </testcase>
        <testcase classname="src/ui/hooks/useKeypress.test.ts" name="useKeypress &gt; Paste Handling in &apos;Modern Node (&gt;= v20)&apos; &gt; should handle keypress interspersed with pastes" time="0.000943791">
        </testcase>
        <testcase classname="src/ui/hooks/useKeypress.test.ts" name="useKeypress &gt; Paste Handling in &apos;Modern Node (&gt;= v20)&apos; &gt; should emit partial paste content if unmounted mid-paste" time="0.000818875">
        </testcase>
        <testcase classname="src/ui/hooks/useKeypress.test.ts" name="useKeypress &gt; Paste Handling in &apos;Legacy Node (&lt; v20)&apos; &gt; should process a paste as a single event" time="0.00141125">
        </testcase>
        <testcase classname="src/ui/hooks/useKeypress.test.ts" name="useKeypress &gt; Paste Handling in &apos;Legacy Node (&lt; v20)&apos; &gt; should handle keypress interspersed with pastes" time="0.000949291">
        </testcase>
        <testcase classname="src/ui/hooks/useKeypress.test.ts" name="useKeypress &gt; Paste Handling in &apos;Legacy Node (&lt; v20)&apos; &gt; should emit partial paste content if unmounted mid-paste" time="0.000852458">
        </testcase>
        <testcase classname="src/ui/hooks/useKeypress.test.ts" name="useKeypress &gt; Paste Handling in &apos;Workaround Env Var&apos; &gt; should process a paste as a single event" time="0.000740417">
        </testcase>
        <testcase classname="src/ui/hooks/useKeypress.test.ts" name="useKeypress &gt; Paste Handling in &apos;Workaround Env Var&apos; &gt; should handle keypress interspersed with pastes" time="0.000874875">
        </testcase>
        <testcase classname="src/ui/hooks/useKeypress.test.ts" name="useKeypress &gt; Paste Handling in &apos;Workaround Env Var&apos; &gt; should emit partial paste content if unmounted mid-paste" time="0.000821125">
        </testcase>
    </testsuite>
    <testsuite name="src/ui/hooks/useLoadingIndicator.test.ts" timestamp="2025-08-11T04:30:27.543Z" hostname="63accec1df8b" tests="5" failures="0" errors="0" skipped="0" time="0.018096042">
        <testcase classname="src/ui/hooks/useLoadingIndicator.test.ts" name="useLoadingIndicator &gt; should initialize with default values when Idle" time="0.009431292">
        </testcase>
        <testcase classname="src/ui/hooks/useLoadingIndicator.test.ts" name="useLoadingIndicator &gt; should reflect values when Responding" time="0.002960917">
        </testcase>
        <testcase classname="src/ui/hooks/useLoadingIndicator.test.ts" name="useLoadingIndicator &gt; should show waiting phrase and retain elapsedTime when WaitingForConfirmation" time="0.001901708">
        </testcase>
        <testcase classname="src/ui/hooks/useLoadingIndicator.test.ts" name="useLoadingIndicator &gt; should reset elapsedTime and use a witty phrase when transitioning from WaitingForConfirmation to Responding" time="0.001596875">
        </testcase>
        <testcase classname="src/ui/hooks/useLoadingIndicator.test.ts" name="useLoadingIndicator &gt; should reset timer and phrase when streamingState changes from Responding to Idle" time="0.001231083">
        </testcase>
    </testsuite>
    <testsuite name="src/ui/hooks/usePhraseCycler.test.ts" timestamp="2025-08-11T04:30:27.545Z" hostname="63accec1df8b" tests="7" failures="0" errors="0" skipped="0" time="0.019397167">
        <testcase classname="src/ui/hooks/usePhraseCycler.test.ts" name="usePhraseCycler &gt; should initialize with the first witty phrase when not active and not waiting" time="0.010222334">
        </testcase>
        <testcase classname="src/ui/hooks/usePhraseCycler.test.ts" name="usePhraseCycler &gt; should show &quot;Waiting for user confirmation...&quot; when isWaiting is true" time="0.001806708">
        </testcase>
        <testcase classname="src/ui/hooks/usePhraseCycler.test.ts" name="usePhraseCycler &gt; should not cycle phrases if isActive is false and not waiting" time="0.000956792">
        </testcase>
        <testcase classname="src/ui/hooks/usePhraseCycler.test.ts" name="usePhraseCycler &gt; should cycle through witty phrases when isActive is true and not waiting" time="0.001341708">
        </testcase>
        <testcase classname="src/ui/hooks/usePhraseCycler.test.ts" name="usePhraseCycler &gt; should reset to a witty phrase when isActive becomes true after being false (and not waiting)" time="0.00223875">
        </testcase>
        <testcase classname="src/ui/hooks/usePhraseCycler.test.ts" name="usePhraseCycler &gt; should clear phrase interval on unmount when active" time="0.000768292">
        </testcase>
        <testcase classname="src/ui/hooks/usePhraseCycler.test.ts" name="usePhraseCycler &gt; should reset to a witty phrase when transitioning from waiting to active" time="0.001164416">
        </testcase>
    </testsuite>
    <testsuite name="src/ui/hooks/useShellHistory.test.ts" timestamp="2025-08-11T04:30:27.547Z" hostname="63accec1df8b" tests="7" failures="0" errors="0" skipped="0" time="0.549913875">
        <testcase classname="src/ui/hooks/useShellHistory.test.ts" name="useShellHistory &gt; should initialize and read the history file from the correct path" time="0.063240334">
        </testcase>
        <testcase classname="src/ui/hooks/useShellHistory.test.ts" name="useShellHistory &gt; should handle a non-existent history file gracefully" time="0.053636667">
        </testcase>
        <testcase classname="src/ui/hooks/useShellHistory.test.ts" name="useShellHistory &gt; should add a command and write to the history file" time="0.107309666">
        </testcase>
        <testcase classname="src/ui/hooks/useShellHistory.test.ts" name="useShellHistory &gt; should navigate history correctly with previous/next commands" time="0.055714208">
        </testcase>
        <testcase classname="src/ui/hooks/useShellHistory.test.ts" name="useShellHistory &gt; should not add empty or whitespace-only commands to history" time="0.054164375">
        </testcase>
        <testcase classname="src/ui/hooks/useShellHistory.test.ts" name="useShellHistory &gt; should truncate history to MAX_HISTORY_LENGTH (100)" time="0.106999417">
        </testcase>
        <testcase classname="src/ui/hooks/useShellHistory.test.ts" name="useShellHistory &gt; should move an existing command to the top when re-added" time="0.10780825">
        </testcase>
    </testsuite>
    <testsuite name="src/ui/hooks/useSynapticMemory.test.ts" timestamp="2025-08-11T04:30:27.548Z" hostname="63accec1df8b" tests="12" failures="12" errors="0" skipped="0" time="11.060078464">
        <testcase classname="src/ui/hooks/useSynapticMemory.test.ts" name="useSynapticMemory &gt; 初期状態が正しく設定されること" time="0.02039875">
            <failure message="expected undefined to be true // Object.is equality" type="AssertionError">
AssertionError: expected undefined to be true // Object.is equality

- Expected: 
true

+ Received: 
undefined

 ❯ src/ui/hooks/useSynapticMemory.test.ts:108:38
            </failure>
        </testcase>
        <testcase classname="src/ui/hooks/useSynapticMemory.test.ts" name="useSynapticMemory &gt; 初期化後にデータが読み込まれること" time="1.015321043">
            <failure message="expected undefined to be false // Object.is equality

Ignored nodes: comments, script, style
[36m&lt;html&gt;[39m
  [36m&lt;head /&gt;[39m
  [36m&lt;body&gt;[39m
    [36m&lt;div /&gt;[39m
  [36m&lt;/body&gt;[39m
[36m&lt;/html&gt;[39m" type="AssertionError">
AssertionError: expected undefined to be false // Object.is equality

Ignored nodes: comments, script, style
&lt;html&gt;
  &lt;head /&gt;
  &lt;body&gt;
    &lt;div /&gt;
  &lt;/body&gt;
&lt;/html&gt;

- Expected: 
false

+ Received: 
undefined

 ❯ src/ui/hooks/useSynapticMemory.test.ts:117:40
 ❯ runWithExpensiveErrorDiagnosticsDisabled node_modules/@testing-library/dom/dist/config.js:47:12
 ❯ checkCallback node_modules/@testing-library/dom/dist/wait-for.js:124:77
 ❯ Timeout.checkRealTimersCallback node_modules/@testing-library/dom/dist/wait-for.js:118:16
            </failure>
        </testcase>
        <testcase classname="src/ui/hooks/useSynapticMemory.test.ts" name="useSynapticMemory &gt; searchMemoriesが正しく動作すること" time="1.002573959">
            <failure message="expected undefined to be false // Object.is equality

Ignored nodes: comments, script, style
[36m&lt;html&gt;[39m
  [36m&lt;head /&gt;[39m
  [36m&lt;body&gt;[39m
    [36m&lt;div /&gt;[39m
  [36m&lt;/body&gt;[39m
[36m&lt;/html&gt;[39m" type="AssertionError">
AssertionError: expected undefined to be false // Object.is equality

Ignored nodes: comments, script, style
&lt;html&gt;
  &lt;head /&gt;
  &lt;body&gt;
    &lt;div /&gt;
  &lt;/body&gt;
&lt;/html&gt;

- Expected: 
false

+ Received: 
undefined

 ❯ src/ui/hooks/useSynapticMemory.test.ts:131:40
 ❯ runWithExpensiveErrorDiagnosticsDisabled node_modules/@testing-library/dom/dist/config.js:47:12
 ❯ checkCallback node_modules/@testing-library/dom/dist/wait-for.js:124:77
 ❯ Timeout.checkRealTimersCallback node_modules/@testing-library/dom/dist/wait-for.js:118:16
            </failure>
        </testcase>
        <testcase classname="src/ui/hooks/useSynapticMemory.test.ts" name="useSynapticMemory &gt; activateMemoryが正しく動作すること" time="1.002028501">
            <failure message="expected undefined to be false // Object.is equality

Ignored nodes: comments, script, style
[36m&lt;html&gt;[39m
  [36m&lt;head /&gt;[39m
  [36m&lt;body&gt;[39m
    [36m&lt;div /&gt;[39m
  [36m&lt;/body&gt;[39m
[36m&lt;/html&gt;[39m" type="AssertionError">
AssertionError: expected undefined to be false // Object.is equality

Ignored nodes: comments, script, style
&lt;html&gt;
  &lt;head /&gt;
  &lt;body&gt;
    &lt;div /&gt;
  &lt;/body&gt;
&lt;/html&gt;

- Expected: 
false

+ Received: 
undefined

 ❯ src/ui/hooks/useSynapticMemory.test.ts:150:40
 ❯ runWithExpensiveErrorDiagnosticsDisabled node_modules/@testing-library/dom/dist/config.js:47:12
 ❯ checkCallback node_modules/@testing-library/dom/dist/wait-for.js:124:77
 ❯ Timeout.checkRealTimersCallback node_modules/@testing-library/dom/dist/wait-for.js:118:16
            </failure>
        </testcase>
        <testcase classname="src/ui/hooks/useSynapticMemory.test.ts" name="useSynapticMemory &gt; refreshDataが正しく動作すること" time="1.00168375">
            <failure message="expected undefined to be false // Object.is equality

Ignored nodes: comments, script, style
[36m&lt;html&gt;[39m
  [36m&lt;head /&gt;[39m
  [36m&lt;body&gt;[39m
    [36m&lt;div /&gt;[39m
  [36m&lt;/body&gt;[39m
[36m&lt;/html&gt;[39m" type="AssertionError">
AssertionError: expected undefined to be false // Object.is equality

Ignored nodes: comments, script, style
&lt;html&gt;
  &lt;head /&gt;
  &lt;body&gt;
    &lt;div /&gt;
  &lt;/body&gt;
&lt;/html&gt;

- Expected: 
false

+ Received: 
undefined

 ❯ src/ui/hooks/useSynapticMemory.test.ts:173:40
 ❯ runWithExpensiveErrorDiagnosticsDisabled node_modules/@testing-library/dom/dist/config.js:47:12
 ❯ checkCallback node_modules/@testing-library/dom/dist/wait-for.js:124:77
 ❯ Timeout.checkRealTimersCallback node_modules/@testing-library/dom/dist/wait-for.js:118:16
            </failure>
        </testcase>
        <testcase classname="src/ui/hooks/useSynapticMemory.test.ts" name="useSynapticMemory &gt; 初期化エラーが正しくハンドリングされること" time="1.002363584">
            <failure message="expected undefined to be false // Object.is equality

Ignored nodes: comments, script, style
[36m&lt;html&gt;[39m
  [36m&lt;head /&gt;[39m
  [36m&lt;body&gt;[39m
    [36m&lt;div /&gt;[39m
  [36m&lt;/body&gt;[39m
[36m&lt;/html&gt;[39m" type="AssertionError">
AssertionError: expected undefined to be false // Object.is equality

Ignored nodes: comments, script, style
&lt;html&gt;
  &lt;head /&gt;
  &lt;body&gt;
    &lt;div /&gt;
  &lt;/body&gt;
&lt;/html&gt;

- Expected: 
false

+ Received: 
undefined

 ❯ src/ui/hooks/useSynapticMemory.test.ts:201:40
 ❯ runWithExpensiveErrorDiagnosticsDisabled node_modules/@testing-library/dom/dist/config.js:47:12
 ❯ checkCallback node_modules/@testing-library/dom/dist/wait-for.js:124:77
 ❯ Timeout.checkRealTimersCallback node_modules/@testing-library/dom/dist/wait-for.js:118:16
            </failure>
        </testcase>
        <testcase classname="src/ui/hooks/useSynapticMemory.test.ts" name="useSynapticMemory &gt; 検索エラーが正しくハンドリングされること" time="1.001742459">
            <failure message="expected undefined to be false // Object.is equality

Ignored nodes: comments, script, style
[36m&lt;html&gt;[39m
  [36m&lt;head /&gt;[39m
  [36m&lt;body&gt;[39m
    [36m&lt;div /&gt;[39m
  [36m&lt;/body&gt;[39m
[36m&lt;/html&gt;[39m" type="AssertionError">
AssertionError: expected undefined to be false // Object.is equality

Ignored nodes: comments, script, style
&lt;html&gt;
  &lt;head /&gt;
  &lt;body&gt;
    &lt;div /&gt;
  &lt;/body&gt;
&lt;/html&gt;

- Expected: 
false

+ Received: 
undefined

 ❯ src/ui/hooks/useSynapticMemory.test.ts:214:40
 ❯ runWithExpensiveErrorDiagnosticsDisabled node_modules/@testing-library/dom/dist/config.js:47:12
 ❯ checkCallback node_modules/@testing-library/dom/dist/wait-for.js:124:77
 ❯ Timeout.checkRealTimersCallback node_modules/@testing-library/dom/dist/wait-for.js:118:16
            </failure>
        </testcase>
        <testcase classname="src/ui/hooks/useSynapticMemory.test.ts" name="useSynapticMemory &gt; 活性化エラーが正しくハンドリングされること" time="1.002195292">
            <failure message="expected undefined to be false // Object.is equality

Ignored nodes: comments, script, style
[36m&lt;html&gt;[39m
  [36m&lt;head /&gt;[39m
  [36m&lt;body&gt;[39m
    [36m&lt;div /&gt;[39m
  [36m&lt;/body&gt;[39m
[36m&lt;/html&gt;[39m" type="AssertionError">
AssertionError: expected undefined to be false // Object.is equality

Ignored nodes: comments, script, style
&lt;html&gt;
  &lt;head /&gt;
  &lt;body&gt;
    &lt;div /&gt;
  &lt;/body&gt;
&lt;/html&gt;

- Expected: 
false

+ Received: 
undefined

 ❯ src/ui/hooks/useSynapticMemory.test.ts:231:40
 ❯ runWithExpensiveErrorDiagnosticsDisabled node_modules/@testing-library/dom/dist/config.js:47:12
 ❯ checkCallback node_modules/@testing-library/dom/dist/wait-for.js:124:77
 ❯ Timeout.checkRealTimersCallback node_modules/@testing-library/dom/dist/wait-for.js:118:16
            </failure>
        </testcase>
        <testcase classname="src/ui/hooks/useSynapticMemory.test.ts" name="useSynapticMemory &gt; データ更新エラーが正しくハンドリングされること" time="1.003495459">
            <failure message="expected undefined to be false // Object.is equality

Ignored nodes: comments, script, style
[36m&lt;html&gt;[39m
  [36m&lt;head /&gt;[39m
  [36m&lt;body&gt;[39m
    [36m&lt;div /&gt;[39m
  [36m&lt;/body&gt;[39m
[36m&lt;/html&gt;[39m" type="AssertionError">
AssertionError: expected undefined to be false // Object.is equality

Ignored nodes: comments, script, style
&lt;html&gt;
  &lt;head /&gt;
  &lt;body&gt;
    &lt;div /&gt;
  &lt;/body&gt;
&lt;/html&gt;

- Expected: 
false

+ Received: 
undefined

 ❯ src/ui/hooks/useSynapticMemory.test.ts:256:40
 ❯ runWithExpensiveErrorDiagnosticsDisabled node_modules/@testing-library/dom/dist/config.js:47:12
 ❯ checkCallback node_modules/@testing-library/dom/dist/wait-for.js:124:77
 ❯ Timeout.checkRealTimersCallback node_modules/@testing-library/dom/dist/wait-for.js:118:16
            </failure>
        </testcase>
        <testcase classname="src/ui/hooks/useSynapticMemory.test.ts" name="useSynapticMemory &gt; クリーンアップが正しく実行されること" time="1.002724709">
            <failure message="expected undefined to be false // Object.is equality

Ignored nodes: comments, script, style
[36m&lt;html&gt;[39m
  [36m&lt;head /&gt;[39m
  [36m&lt;body&gt;[39m
    [36m&lt;div /&gt;[39m
  [36m&lt;/body&gt;[39m
[36m&lt;/html&gt;[39m" type="AssertionError">
AssertionError: expected undefined to be false // Object.is equality

Ignored nodes: comments, script, style
&lt;html&gt;
  &lt;head /&gt;
  &lt;body&gt;
    &lt;div /&gt;
  &lt;/body&gt;
&lt;/html&gt;

- Expected: 
false

+ Received: 
undefined

 ❯ src/ui/hooks/useSynapticMemory.test.ts:273:40
 ❯ runWithExpensiveErrorDiagnosticsDisabled node_modules/@testing-library/dom/dist/config.js:47:12
 ❯ checkCallback node_modules/@testing-library/dom/dist/wait-for.js:124:77
 ❯ Timeout.checkRealTimersCallback node_modules/@testing-library/dom/dist/wait-for.js:118:16
            </failure>
        </testcase>
        <testcase classname="src/ui/hooks/useSynapticMemory.test.ts" name="useSynapticMemory &gt; 複数回の検索が正しく動作すること" time="1.002384918">
            <failure message="expected undefined to be false // Object.is equality

Ignored nodes: comments, script, style
[36m&lt;html&gt;[39m
  [36m&lt;head /&gt;[39m
  [36m&lt;body&gt;[39m
    [36m&lt;div /&gt;[39m
  [36m&lt;/body&gt;[39m
[36m&lt;/html&gt;[39m" type="AssertionError">
AssertionError: expected undefined to be false // Object.is equality

Ignored nodes: comments, script, style
&lt;html&gt;
  &lt;head /&gt;
  &lt;body&gt;
    &lt;div /&gt;
  &lt;/body&gt;
&lt;/html&gt;

- Expected: 
false

+ Received: 
undefined

 ❯ src/ui/hooks/useSynapticMemory.test.ts:285:40
 ❯ runWithExpensiveErrorDiagnosticsDisabled node_modules/@testing-library/dom/dist/config.js:47:12
 ❯ checkCallback node_modules/@testing-library/dom/dist/wait-for.js:124:77
 ❯ Timeout.checkRealTimersCallback node_modules/@testing-library/dom/dist/wait-for.js:118:16
            </failure>
        </testcase>
        <testcase classname="src/ui/hooks/useSynapticMemory.test.ts" name="useSynapticMemory &gt; 同期的な活性化操作が正しく動作すること" time="1.002036334">
            <failure message="expected undefined to be false // Object.is equality

Ignored nodes: comments, script, style
[36m&lt;html&gt;[39m
  [36m&lt;head /&gt;[39m
  [36m&lt;body&gt;[39m
    [36m&lt;div /&gt;[39m
  [36m&lt;/body&gt;[39m
[36m&lt;/html&gt;[39m" type="AssertionError">
AssertionError: expected undefined to be false // Object.is equality

Ignored nodes: comments, script, style
&lt;html&gt;
  &lt;head /&gt;
  &lt;body&gt;
    &lt;div /&gt;
  &lt;/body&gt;
&lt;/html&gt;

- Expected: 
false

+ Received: 
undefined

 ❯ src/ui/hooks/useSynapticMemory.test.ts:314:40
 ❯ runWithExpensiveErrorDiagnosticsDisabled node_modules/@testing-library/dom/dist/config.js:47:12
 ❯ checkCallback node_modules/@testing-library/dom/dist/wait-for.js:124:77
 ❯ Timeout.checkRealTimersCallback node_modules/@testing-library/dom/dist/wait-for.js:118:16
            </failure>
        </testcase>
    </testsuite>
    <testsuite name="src/ui/hooks/useTimer.test.ts" timestamp="2025-08-11T04:30:27.556Z" hostname="63accec1df8b" tests="8" failures="0" errors="0" skipped="0" time="0.019613584">
        <testcase classname="src/ui/hooks/useTimer.test.ts" name="useTimer &gt; should initialize with 0" time="0.0089745">
        </testcase>
        <testcase classname="src/ui/hooks/useTimer.test.ts" name="useTimer &gt; should not increment time if isActive is false" time="0.00105475">
        </testcase>
        <testcase classname="src/ui/hooks/useTimer.test.ts" name="useTimer &gt; should increment time every second if isActive is true" time="0.0015965">
        </testcase>
        <testcase classname="src/ui/hooks/useTimer.test.ts" name="useTimer &gt; should reset to 0 and start incrementing when isActive becomes true from false" time="0.0009585">
        </testcase>
        <testcase classname="src/ui/hooks/useTimer.test.ts" name="useTimer &gt; should reset to 0 when resetKey changes while active" time="0.000912625">
        </testcase>
        <testcase classname="src/ui/hooks/useTimer.test.ts" name="useTimer &gt; should be 0 if isActive is false, regardless of resetKey changes" time="0.000703083">
        </testcase>
        <testcase classname="src/ui/hooks/useTimer.test.ts" name="useTimer &gt; should clear timer on unmount" time="0.001267209">
        </testcase>
        <testcase classname="src/ui/hooks/useTimer.test.ts" name="useTimer &gt; should preserve elapsedTime when isActive becomes false, and reset to 0 when it becomes active again" time="0.003245">
        </testcase>
    </testsuite>
    <testsuite name="src/ui/hooks/useToolScheduler.test.ts" timestamp="2025-08-11T04:30:27.558Z" hostname="63accec1df8b" tests="21" failures="2" errors="0" skipped="4" time="0.053050916">
        <testcase classname="src/ui/hooks/useToolScheduler.test.ts" name="useReactToolScheduler in YOLO Mode &gt; should skip confirmation and execute tool directly when yoloMode is true" time="0.039123375">
            <system-out>
[DEBUG] Tool execution completed for mockToolRequiresConfirmation (yoloCall): {
  toolResult: [32m&apos;YOLO Confirmed output&apos;[39m,
  returnDisplay: [32m&apos;YOLO Formatted tool output&apos;[39m
}
[DEBUG] Function response created for mockToolRequiresConfirmation (yoloCall): {
  functionResponse: {
    id: [32m&apos;yoloCall&apos;[39m,
    name: [32m&apos;mockToolRequiresConfirmation&apos;[39m,
    response: { output: [32m&apos;YOLO Confirmed output&apos;[39m }
  }
}

            </system-out>
            <failure message="expected &quot;spy&quot; to be called with arguments: [ [ ObjectContaining{…} ] ][90m

Number of calls: [1m0[22m
[39m" type="AssertionError">
AssertionError: expected &quot;spy&quot; to be called with arguments: [ [ ObjectContaining{…} ] ]

Number of calls: 0

 ❯ src/ui/hooks/useToolScheduler.test.ts:169:24
            </failure>
        </testcase>
        <testcase classname="src/ui/hooks/useToolScheduler.test.ts" name="useReactToolScheduler &gt; initial state should be empty" time="0.001337958">
        </testcase>
        <testcase classname="src/ui/hooks/useToolScheduler.test.ts" name="useReactToolScheduler &gt; should schedule and execute a tool call successfully" time="0.002139417">
            <system-out>
[DEBUG] Tool execution completed for mockTool (call1): { toolResult: [32m&apos;Tool output&apos;[39m, returnDisplay: [32m&apos;Formatted tool output&apos;[39m }
[DEBUG] Function response created for mockTool (call1): {
  functionResponse: {
    id: [32m&apos;call1&apos;[39m,
    name: [32m&apos;mockTool&apos;[39m,
    response: { output: [32m&apos;Tool output&apos;[39m }
  }
}

            </system-out>
            <failure message="expected &quot;spy&quot; to be called with arguments: [ [ ObjectContaining{…} ] ][90m

Number of calls: [1m0[22m
[39m" type="AssertionError">
AssertionError: expected &quot;spy&quot; to be called with arguments: [ [ ObjectContaining{…} ] ]

Number of calls: 0

 ❯ src/ui/hooks/useToolScheduler.test.ts:314:24
            </failure>
        </testcase>
        <testcase classname="src/ui/hooks/useToolScheduler.test.ts" name="useReactToolScheduler &gt; should handle tool not found" time="0.002827333">
            <system-out>
Failed to record tool execution in memory: Error: MemoryManager not initialized. Please provide config on first call.
    at getMemoryManager [90m(/agents/packages/cli/[39msrc/memory/memoryManager.ts:239:11[90m)[39m
    at CoreToolScheduler.onAllToolCallsComplete [90m(/agents/packages/cli/[39msrc/ui/hooks/useReactToolScheduler.ts:113:31[90m)[39m
[90m    at processTicksAndRejections (node:internal/process/task_queues:95:5)[39m
Failed to record tool execution in memory: Error: MemoryManager not initialized. Please provide config on first call.
    at getMemoryManager [90m(/agents/packages/cli/[39msrc/memory/memoryManager.ts:239:11[90m)[39m
    at CoreToolScheduler.onAllToolCallsComplete [90m(/agents/packages/cli/[39msrc/ui/hooks/useReactToolScheduler.ts:113:31[90m)[39m
[90m    at processTicksAndRejections (node:internal/process/task_queues:95:5)[39m
Failed to record tool execution in memory: Error: MemoryManager not initialized. Please provide config on first call.
    at getMemoryManager [90m(/agents/packages/cli/[39msrc/memory/memoryManager.ts:239:11[90m)[39m
    at CoreToolScheduler.onAllToolCallsComplete [90m(/agents/packages/cli/[39msrc/ui/hooks/useReactToolScheduler.ts:113:31[90m)[39m
[90m    at processTicksAndRejections (node:internal/process/task_queues:95:5)[39m

            </system-out>
        </testcase>
        <testcase classname="src/ui/hooks/useToolScheduler.test.ts" name="useReactToolScheduler &gt; should handle error during shouldConfirmExecute" time="0.001481584">
            <system-out>
Failed to record tool execution in memory: Error: MemoryManager not initialized. Please provide config on first call.
    at getMemoryManager [90m(/agents/packages/cli/[39msrc/memory/memoryManager.ts:239:11[90m)[39m
    at CoreToolScheduler.onAllToolCallsComplete [90m(/agents/packages/cli/[39msrc/ui/hooks/useReactToolScheduler.ts:113:31[90m)[39m

            </system-out>
        </testcase>
        <testcase classname="src/ui/hooks/useToolScheduler.test.ts" name="useReactToolScheduler &gt; should handle error during execute" time="0.001304583">
            <system-out>
Failed to record tool execution in memory: Error: MemoryManager not initialized. Please provide config on first call.
    at getMemoryManager [90m(/agents/packages/cli/[39msrc/memory/memoryManager.ts:239:11[90m)[39m
    at CoreToolScheduler.onAllToolCallsComplete [90m(/agents/packages/cli/[39msrc/ui/hooks/useReactToolScheduler.ts:113:31[90m)[39m

            </system-out>
        </testcase>
        <testcase classname="src/ui/hooks/useToolScheduler.test.ts" name="useReactToolScheduler &gt; should handle tool requiring confirmation - approved" time="0">
            <skipped/>
        </testcase>
        <testcase classname="src/ui/hooks/useToolScheduler.test.ts" name="useReactToolScheduler &gt; should handle tool requiring confirmation - cancelled by user" time="0">
            <skipped/>
        </testcase>
        <testcase classname="src/ui/hooks/useToolScheduler.test.ts" name="useReactToolScheduler &gt; should handle live output updates" time="0">
            <skipped/>
        </testcase>
        <testcase classname="src/ui/hooks/useToolScheduler.test.ts" name="useReactToolScheduler &gt; should schedule and execute multiple tool calls" time="0.002160834">
            <system-out>
[DEBUG] Tool execution completed for tool1 (multi1): { toolResult: [32m&apos;Output 1&apos;[39m, returnDisplay: [32m&apos;Display 1&apos;[39m }
[DEBUG] Function response created for tool1 (multi1): {
  functionResponse: { id: [32m&apos;multi1&apos;[39m, name: [32m&apos;tool1&apos;[39m, response: { output: [32m&apos;Output 1&apos;[39m } }
}
[DEBUG] Tool execution completed for tool2 (multi2): { toolResult: [32m&apos;Output 2&apos;[39m, returnDisplay: [32m&apos;Display 2&apos;[39m }
[DEBUG] Function response created for tool2 (multi2): {
  functionResponse: { id: [32m&apos;multi2&apos;[39m, name: [32m&apos;tool2&apos;[39m, response: { output: [32m&apos;Output 2&apos;[39m } }
}

Failed to record tool execution in memory: Error: MemoryManager not initialized. Please provide config on first call.
    at getMemoryManager [90m(/agents/packages/cli/[39msrc/memory/memoryManager.ts:239:11[90m)[39m
    at CoreToolScheduler.onAllToolCallsComplete [90m(/agents/packages/cli/[39msrc/ui/hooks/useReactToolScheduler.ts:113:31[90m)[39m

            </system-out>
        </testcase>
        <testcase classname="src/ui/hooks/useToolScheduler.test.ts" name="useReactToolScheduler &gt; should throw error if scheduling while already running" time="0">
            <skipped/>
        </testcase>
        <testcase classname="src/ui/hooks/useToolScheduler.test.ts" name="mapToDisplay &gt; should map ToolCall with status &apos;validating&apos; (validating) correctly" time="0.000377458">
        </testcase>
        <testcase classname="src/ui/hooks/useToolScheduler.test.ts" name="mapToDisplay &gt; should map ToolCall with status &apos;awaiting_approval&apos; (awaiting_approval) correctly" time="0.000154583">
        </testcase>
        <testcase classname="src/ui/hooks/useToolScheduler.test.ts" name="mapToDisplay &gt; should map ToolCall with status &apos;scheduled&apos; (scheduled) correctly" time="0.000135">
        </testcase>
        <testcase classname="src/ui/hooks/useToolScheduler.test.ts" name="mapToDisplay &gt; should map ToolCall with status &apos;executing&apos; (executing no live output) correctly" time="0.000154834">
        </testcase>
        <testcase classname="src/ui/hooks/useToolScheduler.test.ts" name="mapToDisplay &gt; should map ToolCall with status &apos;executing&apos; (executing with live output) correctly" time="0.00014275">
        </testcase>
        <testcase classname="src/ui/hooks/useToolScheduler.test.ts" name="mapToDisplay &gt; should map ToolCall with status &apos;success&apos; (success) correctly" time="0.000126041">
        </testcase>
        <testcase classname="src/ui/hooks/useToolScheduler.test.ts" name="mapToDisplay &gt; should map ToolCall with status &apos;error&apos; (error tool not found) correctly" time="0.00013125">
        </testcase>
        <testcase classname="src/ui/hooks/useToolScheduler.test.ts" name="mapToDisplay &gt; should map ToolCall with status &apos;error&apos; (error tool execution failed) correctly" time="0.000146041">
        </testcase>
        <testcase classname="src/ui/hooks/useToolScheduler.test.ts" name="mapToDisplay &gt; should map ToolCall with status &apos;cancelled&apos; (cancelled) correctly" time="0.0001235">
        </testcase>
        <testcase classname="src/ui/hooks/useToolScheduler.test.ts" name="mapToDisplay &gt; should map an array of ToolCalls correctly" time="0.000194167">
        </testcase>
    </testsuite>
    <testsuite name="src/ui/utils/MarkdownDisplay.test.tsx" timestamp="2025-08-11T04:30:27.565Z" hostname="63accec1df8b" tests="14" failures="0" errors="0" skipped="0" time="0.13884875">
        <testcase classname="src/ui/utils/MarkdownDisplay.test.tsx" name="&lt;MarkdownDisplay /&gt; &gt; renders nothing for empty text" time="0.008790041">
        </testcase>
        <testcase classname="src/ui/utils/MarkdownDisplay.test.tsx" name="&lt;MarkdownDisplay /&gt; &gt; renders a simple paragraph" time="0.004185917">
        </testcase>
        <testcase classname="src/ui/utils/MarkdownDisplay.test.tsx" name="&lt;MarkdownDisplay /&gt; &gt; renders headers with correct levels" time="0.002539417">
        </testcase>
        <testcase classname="src/ui/utils/MarkdownDisplay.test.tsx" name="&lt;MarkdownDisplay /&gt; &gt; renders a fenced code block with a language" time="0.010674125">
        </testcase>
        <testcase classname="src/ui/utils/MarkdownDisplay.test.tsx" name="&lt;MarkdownDisplay /&gt; &gt; renders a fenced code block without a language" time="0.080654959">
        </testcase>
        <testcase classname="src/ui/utils/MarkdownDisplay.test.tsx" name="&lt;MarkdownDisplay /&gt; &gt; handles unclosed (pending) code blocks" time="0.002272291">
        </testcase>
        <testcase classname="src/ui/utils/MarkdownDisplay.test.tsx" name="&lt;MarkdownDisplay /&gt; &gt; renders unordered lists with different markers" time="0.00203125">
        </testcase>
        <testcase classname="src/ui/utils/MarkdownDisplay.test.tsx" name="&lt;MarkdownDisplay /&gt; &gt; renders nested unordered lists" time="0.001730833">
        </testcase>
        <testcase classname="src/ui/utils/MarkdownDisplay.test.tsx" name="&lt;MarkdownDisplay /&gt; &gt; renders ordered lists" time="0.001424625">
        </testcase>
        <testcase classname="src/ui/utils/MarkdownDisplay.test.tsx" name="&lt;MarkdownDisplay /&gt; &gt; renders horizontal rules" time="0.001456166">
        </testcase>
        <testcase classname="src/ui/utils/MarkdownDisplay.test.tsx" name="&lt;MarkdownDisplay /&gt; &gt; renders tables correctly" time="0.005020792">
        </testcase>
        <testcase classname="src/ui/utils/MarkdownDisplay.test.tsx" name="&lt;MarkdownDisplay /&gt; &gt; handles a table at the end of the input" time="0.001549084">
        </testcase>
        <testcase classname="src/ui/utils/MarkdownDisplay.test.tsx" name="&lt;MarkdownDisplay /&gt; &gt; inserts a single space between paragraphs" time="0.00094575">
        </testcase>
        <testcase classname="src/ui/utils/MarkdownDisplay.test.tsx" name="&lt;MarkdownDisplay /&gt; &gt; correctly parses a mix of markdown elements" time="0.01462425">
        </testcase>
    </testsuite>
    <testsuite name="src/ui/utils/clipboardUtils.test.ts" timestamp="2025-08-11T04:30:27.568Z" hostname="63accec1df8b" tests="6" failures="0" errors="0" skipped="0" time="0.002756958">
        <testcase classname="src/ui/utils/clipboardUtils.test.ts" name="clipboardUtils &gt; clipboardHasImage &gt; should return false on non-macOS platforms" time="0.000741875">
        </testcase>
        <testcase classname="src/ui/utils/clipboardUtils.test.ts" name="clipboardUtils &gt; clipboardHasImage &gt; should return boolean on macOS" time="0.000079542">
        </testcase>
        <testcase classname="src/ui/utils/clipboardUtils.test.ts" name="clipboardUtils &gt; saveClipboardImage &gt; should return null on non-macOS platforms" time="0.000116958">
        </testcase>
        <testcase classname="src/ui/utils/clipboardUtils.test.ts" name="clipboardUtils &gt; saveClipboardImage &gt; should handle errors gracefully" time="0.00005425">
        </testcase>
        <testcase classname="src/ui/utils/clipboardUtils.test.ts" name="clipboardUtils &gt; cleanupOldClipboardImages &gt; should not throw errors" time="0.000729584">
        </testcase>
        <testcase classname="src/ui/utils/clipboardUtils.test.ts" name="clipboardUtils &gt; cleanupOldClipboardImages &gt; should complete without errors on valid directory" time="0.000279375">
        </testcase>
    </testsuite>
    <testsuite name="src/ui/utils/computeStats.test.ts" timestamp="2025-08-11T04:30:27.570Z" hostname="63accec1df8b" tests="11" failures="0" errors="0" skipped="0" time="0.002838">
        <testcase classname="src/ui/utils/computeStats.test.ts" name="calculateErrorRate &gt; should return 0 if totalRequests is 0" time="0.000788084">
        </testcase>
        <testcase classname="src/ui/utils/computeStats.test.ts" name="calculateErrorRate &gt; should calculate the error rate correctly" time="0.000082792">
        </testcase>
        <testcase classname="src/ui/utils/computeStats.test.ts" name="calculateAverageLatency &gt; should return 0 if totalRequests is 0" time="0.000079375">
        </testcase>
        <testcase classname="src/ui/utils/computeStats.test.ts" name="calculateAverageLatency &gt; should calculate the average latency correctly" time="0.000055417">
        </testcase>
        <testcase classname="src/ui/utils/computeStats.test.ts" name="calculateCacheHitRate &gt; should return 0 if prompt tokens is 0" time="0.000071083">
        </testcase>
        <testcase classname="src/ui/utils/computeStats.test.ts" name="calculateCacheHitRate &gt; should calculate the cache hit rate correctly" time="0.000067625">
        </testcase>
        <testcase classname="src/ui/utils/computeStats.test.ts" name="computeSessionStats &gt; should return all zeros for initial empty metrics" time="0.000480292">
        </testcase>
        <testcase classname="src/ui/utils/computeStats.test.ts" name="computeSessionStats &gt; should correctly calculate API and tool time percentages" time="0.000168458">
        </testcase>
        <testcase classname="src/ui/utils/computeStats.test.ts" name="computeSessionStats &gt; should correctly calculate cache efficiency" time="0.00009275">
        </testcase>
        <testcase classname="src/ui/utils/computeStats.test.ts" name="computeSessionStats &gt; should correctly calculate success and agreement rates" time="0.000070584">
        </testcase>
        <testcase classname="src/ui/utils/computeStats.test.ts" name="computeSessionStats &gt; should handle division by zero gracefully" time="0.000101792">
        </testcase>
    </testsuite>
    <testsuite name="src/ui/utils/displayUtils.test.ts" timestamp="2025-08-11T04:30:27.573Z" hostname="63accec1df8b" tests="5" failures="0" errors="0" skipped="0" time="0.001885">
        <testcase classname="src/ui/utils/displayUtils.test.ts" name="displayUtils &gt; getStatusColor &gt; should return green for values &gt;= green threshold" time="0.000808041">
        </testcase>
        <testcase classname="src/ui/utils/displayUtils.test.ts" name="displayUtils &gt; getStatusColor &gt; should return yellow for values &lt; green and &gt;= yellow threshold" time="0.000095583">
        </testcase>
        <testcase classname="src/ui/utils/displayUtils.test.ts" name="displayUtils &gt; getStatusColor &gt; should return red for values &lt; yellow threshold" time="0.00006975">
        </testcase>
        <testcase classname="src/ui/utils/displayUtils.test.ts" name="displayUtils &gt; getStatusColor &gt; should return defaultColor for values &lt; yellow threshold when provided" time="0.000059458">
        </testcase>
        <testcase classname="src/ui/utils/displayUtils.test.ts" name="displayUtils &gt; Threshold Constants &gt; should have the correct values" time="0.000145208">
        </testcase>
    </testsuite>
    <testsuite name="src/ui/utils/errorParsing.test.ts" timestamp="2025-08-11T04:30:27.574Z" hostname="63accec1df8b" tests="21" failures="0" errors="0" skipped="0" time="0.00352">
        <testcase classname="src/ui/utils/errorParsing.test.ts" name="parseAndFormatApiError &gt; should format a valid API error JSON" time="0.0008675">
        </testcase>
        <testcase classname="src/ui/utils/errorParsing.test.ts" name="parseAndFormatApiError &gt; should format a 429 API error with the default message" time="0.000221583">
        </testcase>
        <testcase classname="src/ui/utils/errorParsing.test.ts" name="parseAndFormatApiError &gt; should format a 429 API error with the personal message" time="0.000153458">
        </testcase>
        <testcase classname="src/ui/utils/errorParsing.test.ts" name="parseAndFormatApiError &gt; should format a 429 API error with the vertex message" time="0.000088666">
        </testcase>
        <testcase classname="src/ui/utils/errorParsing.test.ts" name="parseAndFormatApiError &gt; should return the original message if it is not a JSON error" time="0.000042666">
        </testcase>
        <testcase classname="src/ui/utils/errorParsing.test.ts" name="parseAndFormatApiError &gt; should return the original message for malformed JSON" time="0.00004825">
        </testcase>
        <testcase classname="src/ui/utils/errorParsing.test.ts" name="parseAndFormatApiError &gt; should handle JSON that does not match the ApiError structure" time="0.000048333">
        </testcase>
        <testcase classname="src/ui/utils/errorParsing.test.ts" name="parseAndFormatApiError &gt; should format a nested API error" time="0.000076125">
        </testcase>
        <testcase classname="src/ui/utils/errorParsing.test.ts" name="parseAndFormatApiError &gt; should format a StructuredError" time="0.000043417">
        </testcase>
        <testcase classname="src/ui/utils/errorParsing.test.ts" name="parseAndFormatApiError &gt; should format a 429 StructuredError with the vertex message" time="0.000054666">
        </testcase>
        <testcase classname="src/ui/utils/errorParsing.test.ts" name="parseAndFormatApiError &gt; should handle an unknown error type" time="0.000036792">
        </testcase>
        <testcase classname="src/ui/utils/errorParsing.test.ts" name="parseAndFormatApiError &gt; should format a 429 API error with Pro quota exceeded message for Google auth (Free tier)" time="0.000101125">
        </testcase>
        <testcase classname="src/ui/utils/errorParsing.test.ts" name="parseAndFormatApiError &gt; should format a regular 429 API error with standard message for Google auth" time="0.000107667">
        </testcase>
        <testcase classname="src/ui/utils/errorParsing.test.ts" name="parseAndFormatApiError &gt; should format a 429 API error with generic quota exceeded message for Google auth" time="0.000086833">
        </testcase>
        <testcase classname="src/ui/utils/errorParsing.test.ts" name="parseAndFormatApiError &gt; should prioritize Pro quota message over generic quota message for Google auth" time="0.00015925">
        </testcase>
        <testcase classname="src/ui/utils/errorParsing.test.ts" name="parseAndFormatApiError &gt; should format a 429 API error with Pro quota exceeded message for Google auth (Standard tier)" time="0.000123791">
        </testcase>
        <testcase classname="src/ui/utils/errorParsing.test.ts" name="parseAndFormatApiError &gt; should format a 429 API error with Pro quota exceeded message for Google auth (Legacy tier)" time="0.000099041">
        </testcase>
        <testcase classname="src/ui/utils/errorParsing.test.ts" name="parseAndFormatApiError &gt; should handle different Gemini 2.5 version strings in Pro quota exceeded errors" time="0.0001105">
        </testcase>
        <testcase classname="src/ui/utils/errorParsing.test.ts" name="parseAndFormatApiError &gt; should not match non-Pro models with similar version strings" time="0.000113083">
        </testcase>
        <testcase classname="src/ui/utils/errorParsing.test.ts" name="parseAndFormatApiError &gt; should format a generic quota exceeded message for Google auth (Standard tier)" time="0.000104959">
        </testcase>
        <testcase classname="src/ui/utils/errorParsing.test.ts" name="parseAndFormatApiError &gt; should format a regular 429 API error with standard message for Google auth (Standard tier)" time="0.000087667">
        </testcase>
    </testsuite>
    <testsuite name="src/ui/utils/formatters.test.ts" timestamp="2025-08-11T04:30:27.579Z" hostname="63accec1df8b" tests="14" failures="0" errors="0" skipped="0" time="0.002234292">
        <testcase classname="src/ui/utils/formatters.test.ts" name="formatters &gt; formatMemoryUsage &gt; should format bytes into KB" time="0.000821625">
        </testcase>
        <testcase classname="src/ui/utils/formatters.test.ts" name="formatters &gt; formatMemoryUsage &gt; should format bytes into MB" time="0.000075875">
        </testcase>
        <testcase classname="src/ui/utils/formatters.test.ts" name="formatters &gt; formatMemoryUsage &gt; should format bytes into GB" time="0.000054125">
        </testcase>
        <testcase classname="src/ui/utils/formatters.test.ts" name="formatters &gt; formatDuration &gt; should format milliseconds less than a second" time="0.000089">
        </testcase>
        <testcase classname="src/ui/utils/formatters.test.ts" name="formatters &gt; formatDuration &gt; should format a duration of 0" time="0.000048">
        </testcase>
        <testcase classname="src/ui/utils/formatters.test.ts" name="formatters &gt; formatDuration &gt; should format an exact number of seconds" time="0.000043875">
        </testcase>
        <testcase classname="src/ui/utils/formatters.test.ts" name="formatters &gt; formatDuration &gt; should format a duration in seconds with one decimal place" time="0.000048709">
        </testcase>
        <testcase classname="src/ui/utils/formatters.test.ts" name="formatters &gt; formatDuration &gt; should format an exact number of minutes" time="0.00004575">
        </testcase>
        <testcase classname="src/ui/utils/formatters.test.ts" name="formatters &gt; formatDuration &gt; should format a duration in minutes and seconds" time="0.000040666">
        </testcase>
        <testcase classname="src/ui/utils/formatters.test.ts" name="formatters &gt; formatDuration &gt; should format an exact number of hours" time="0.000042041">
        </testcase>
        <testcase classname="src/ui/utils/formatters.test.ts" name="formatters &gt; formatDuration &gt; should format a duration in hours and seconds" time="0.000039083">
        </testcase>
        <testcase classname="src/ui/utils/formatters.test.ts" name="formatters &gt; formatDuration &gt; should format a duration in hours, minutes, and seconds" time="0.000040542">
        </testcase>
        <testcase classname="src/ui/utils/formatters.test.ts" name="formatters &gt; formatDuration &gt; should handle large durations" time="0.000041625">
        </testcase>
        <testcase classname="src/ui/utils/formatters.test.ts" name="formatters &gt; formatDuration &gt; should handle negative durations" time="0.000036375">
        </testcase>
    </testsuite>
    <testsuite name="src/ui/utils/markdownUtilities.test.ts" timestamp="2025-08-11T04:30:27.583Z" hostname="63accec1df8b" tests="7" failures="0" errors="0" skipped="0" time="0.001663458">
        <testcase classname="src/ui/utils/markdownUtilities.test.ts" name="markdownUtilities &gt; findLastSafeSplitPoint &gt; should split at the last double newline if not in a code block" time="0.000721875">
        </testcase>
        <testcase classname="src/ui/utils/markdownUtilities.test.ts" name="markdownUtilities &gt; findLastSafeSplitPoint &gt; should return content.length if no safe split point is found" time="0.000068375">
        </testcase>
        <testcase classname="src/ui/utils/markdownUtilities.test.ts" name="markdownUtilities &gt; findLastSafeSplitPoint &gt; should prioritize splitting at 

 over being at the very end of the string if the end is not in a code block" time="0.000046375">
        </testcase>
        <testcase classname="src/ui/utils/markdownUtilities.test.ts" name="markdownUtilities &gt; findLastSafeSplitPoint &gt; should return content.length if the only 

 is inside a code block and the end of content is not" time="0.000043166">
        </testcase>
        <testcase classname="src/ui/utils/markdownUtilities.test.ts" name="markdownUtilities &gt; findLastSafeSplitPoint &gt; should correctly identify the last 

 even if it is followed by text not in a code block" time="0.000040417">
        </testcase>
        <testcase classname="src/ui/utils/markdownUtilities.test.ts" name="markdownUtilities &gt; findLastSafeSplitPoint &gt; should return content.length if content is empty" time="0.000036625">
        </testcase>
        <testcase classname="src/ui/utils/markdownUtilities.test.ts" name="markdownUtilities &gt; findLastSafeSplitPoint &gt; should return content.length if content has no newlines and no code blocks" time="0.000036958">
        </testcase>
    </testsuite>
    <testsuite name="src/ui/utils/textUtils.test.ts" timestamp="2025-08-11T04:30:27.584Z" hostname="63accec1df8b" tests="5" failures="0" errors="0" skipped="0" time="0.001803083">
        <testcase classname="src/ui/utils/textUtils.test.ts" name="textUtils &gt; isBinary &gt; should return true for a buffer containing a null byte" time="0.000717583">
        </testcase>
        <testcase classname="src/ui/utils/textUtils.test.ts" name="textUtils &gt; isBinary &gt; should return false for a buffer containing only text" time="0.000075333">
        </testcase>
        <testcase classname="src/ui/utils/textUtils.test.ts" name="textUtils &gt; isBinary &gt; should return false for an empty buffer" time="0.000049333">
        </testcase>
        <testcase classname="src/ui/utils/textUtils.test.ts" name="textUtils &gt; isBinary &gt; should return false for a null or undefined buffer" time="0.000055084">
        </testcase>
        <testcase classname="src/ui/utils/textUtils.test.ts" name="textUtils &gt; isBinary &gt; should only check the sample size" time="0.000175042">
        </testcase>
    </testsuite>
    <testsuite name="src/ui/utils/updateCheck.test.ts" timestamp="2025-08-11T04:30:27.586Z" hostname="63accec1df8b" tests="6" failures="1" errors="0" skipped="0" time="0.017732083">
        <testcase classname="src/ui/utils/updateCheck.test.ts" name="checkForUpdates &gt; should return null if package.json is missing" time="0.000906167">
        </testcase>
        <testcase classname="src/ui/utils/updateCheck.test.ts" name="checkForUpdates &gt; should return null if there is no update" time="0.000095125">
        </testcase>
        <testcase classname="src/ui/utils/updateCheck.test.ts" name="checkForUpdates &gt; should return a message if a newer version is available" time="0.014846458">
            <failure message="the given combination of arguments (null and string) is invalid for this assertion. You can use an array, a map, an object, a set, a string, or a weakset instead of a string" type="AssertionError">
AssertionError: the given combination of arguments (null and string) is invalid for this assertion. You can use an array, a map, an object, a set, a string, or a weakset instead of a string
 ❯ src/ui/utils/updateCheck.test.ts:50:20
            </failure>
        </testcase>
        <testcase classname="src/ui/utils/updateCheck.test.ts" name="checkForUpdates &gt; should return null if the latest version is the same as the current version" time="0.000950917">
        </testcase>
        <testcase classname="src/ui/utils/updateCheck.test.ts" name="checkForUpdates &gt; should return null if the latest version is older than the current version" time="0.000066625">
        </testcase>
        <testcase classname="src/ui/utils/updateCheck.test.ts" name="checkForUpdates &gt; should handle errors gracefully" time="0.000072375">
        </testcase>
    </testsuite>
    <testsuite name="src/ui/components/messages/DiffRenderer.test.tsx" timestamp="2025-08-11T04:30:27.587Z" hostname="63accec1df8b" tests="13" failures="0" errors="0" skipped="0" time="0.157946458">
        <testcase classname="src/ui/components/messages/DiffRenderer.test.tsx" name="&lt;OverflowProvider&gt;&lt;DiffRenderer /&gt;&lt;/OverflowProvider&gt; &gt; should call colorizeCode with correct language for new file with known extension" time="0.020696792">
        </testcase>
        <testcase classname="src/ui/components/messages/DiffRenderer.test.tsx" name="&lt;OverflowProvider&gt;&lt;DiffRenderer /&gt;&lt;/OverflowProvider&gt; &gt; should call colorizeCode with null language for new file with unknown extension" time="0.0809275">
        </testcase>
        <testcase classname="src/ui/components/messages/DiffRenderer.test.tsx" name="&lt;OverflowProvider&gt;&lt;DiffRenderer /&gt;&lt;/OverflowProvider&gt; &gt; should call colorizeCode with null language for new file if no filename is provided" time="0.01203525">
        </testcase>
        <testcase classname="src/ui/components/messages/DiffRenderer.test.tsx" name="&lt;OverflowProvider&gt;&lt;DiffRenderer /&gt;&lt;/OverflowProvider&gt; &gt; should render diff content for existing file (not calling colorizeCode directly for the whole block)" time="0.002954042">
        </testcase>
        <testcase classname="src/ui/components/messages/DiffRenderer.test.tsx" name="&lt;OverflowProvider&gt;&lt;DiffRenderer /&gt;&lt;/OverflowProvider&gt; &gt; should handle diff with only header and no changes" time="0.001528792">
        </testcase>
        <testcase classname="src/ui/components/messages/DiffRenderer.test.tsx" name="&lt;OverflowProvider&gt;&lt;DiffRenderer /&gt;&lt;/OverflowProvider&gt; &gt; should handle empty diff content" time="0.000565542">
        </testcase>
        <testcase classname="src/ui/components/messages/DiffRenderer.test.tsx" name="&lt;OverflowProvider&gt;&lt;DiffRenderer /&gt;&lt;/OverflowProvider&gt; &gt; should render a gap indicator for skipped lines" time="0.005116584">
        </testcase>
        <testcase classname="src/ui/components/messages/DiffRenderer.test.tsx" name="&lt;OverflowProvider&gt;&lt;DiffRenderer /&gt;&lt;/OverflowProvider&gt; &gt; should not render a gap indicator for small gaps (&lt;= MAX_CONTEXT_LINES_WITHOUT_GAP)" time="0.006393834">
        </testcase>
        <testcase classname="src/ui/components/messages/DiffRenderer.test.tsx" name="&lt;OverflowProvider&gt;&lt;DiffRenderer /&gt;&lt;/OverflowProvider&gt; &gt; should correctly render a diff with multiple hunks and a gap indicator &gt; with terminalWidth 80 and height undefined" time="0.008124875">
        </testcase>
        <testcase classname="src/ui/components/messages/DiffRenderer.test.tsx" name="&lt;OverflowProvider&gt;&lt;DiffRenderer /&gt;&lt;/OverflowProvider&gt; &gt; should correctly render a diff with multiple hunks and a gap indicator &gt; with terminalWidth 80 and height 6" time="0.003596667">
        </testcase>
        <testcase classname="src/ui/components/messages/DiffRenderer.test.tsx" name="&lt;OverflowProvider&gt;&lt;DiffRenderer /&gt;&lt;/OverflowProvider&gt; &gt; should correctly render a diff with multiple hunks and a gap indicator &gt; with terminalWidth 30 and height 6" time="0.006088041">
        </testcase>
        <testcase classname="src/ui/components/messages/DiffRenderer.test.tsx" name="&lt;OverflowProvider&gt;&lt;DiffRenderer /&gt;&lt;/OverflowProvider&gt; &gt; should correctly render a diff with a SVN diff format" time="0.002994375">
        </testcase>
        <testcase classname="src/ui/components/messages/DiffRenderer.test.tsx" name="&lt;OverflowProvider&gt;&lt;DiffRenderer /&gt;&lt;/OverflowProvider&gt; &gt; should correctly render a new file with no file extension correctly" time="0.005946875">
        </testcase>
    </testsuite>
    <testsuite name="src/ui/components/messages/ToolConfirmationMessage.test.tsx" timestamp="2025-08-11T04:30:27.590Z" hostname="63accec1df8b" tests="2" failures="0" errors="0" skipped="0" time="0.023375292">
        <testcase classname="src/ui/components/messages/ToolConfirmationMessage.test.tsx" name="ToolConfirmationMessage &gt; should not display urls if prompt and url are the same" time="0.017812">
        </testcase>
        <testcase classname="src/ui/components/messages/ToolConfirmationMessage.test.tsx" name="ToolConfirmationMessage &gt; should display urls if prompt and url are different" time="0.004829125">
        </testcase>
    </testsuite>
    <testsuite name="src/ui/components/messages/ToolMessage.test.tsx" timestamp="2025-08-11T04:30:27.591Z" hostname="63accec1df8b" tests="11" failures="0" errors="0" skipped="0" time="0.031726167">
        <testcase classname="src/ui/components/messages/ToolMessage.test.tsx" name="&lt;ToolMessage /&gt; &gt; renders basic tool information" time="0.015215542">
        </testcase>
        <testcase classname="src/ui/components/messages/ToolMessage.test.tsx" name="&lt;ToolMessage /&gt; &gt; ToolStatusIndicator rendering &gt; shows ✔ for Success status" time="0.001388541">
        </testcase>
        <testcase classname="src/ui/components/messages/ToolMessage.test.tsx" name="&lt;ToolMessage /&gt; &gt; ToolStatusIndicator rendering &gt; shows o for Pending status" time="0.0012295">
        </testcase>
        <testcase classname="src/ui/components/messages/ToolMessage.test.tsx" name="&lt;ToolMessage /&gt; &gt; ToolStatusIndicator rendering &gt; shows ? for Confirming status" time="0.001331708">
        </testcase>
        <testcase classname="src/ui/components/messages/ToolMessage.test.tsx" name="&lt;ToolMessage /&gt; &gt; ToolStatusIndicator rendering &gt; shows - for Canceled status" time="0.001172083">
        </testcase>
        <testcase classname="src/ui/components/messages/ToolMessage.test.tsx" name="&lt;ToolMessage /&gt; &gt; ToolStatusIndicator rendering &gt; shows x for Error status" time="0.001713916">
        </testcase>
        <testcase classname="src/ui/components/messages/ToolMessage.test.tsx" name="&lt;ToolMessage /&gt; &gt; ToolStatusIndicator rendering &gt; shows paused spinner for Executing status when streamingState is Idle" time="0.001503958">
        </testcase>
        <testcase classname="src/ui/components/messages/ToolMessage.test.tsx" name="&lt;ToolMessage /&gt; &gt; ToolStatusIndicator rendering &gt; shows paused spinner for Executing status when streamingState is WaitingForConfirmation" time="0.00120125">
        </testcase>
        <testcase classname="src/ui/components/messages/ToolMessage.test.tsx" name="&lt;ToolMessage /&gt; &gt; ToolStatusIndicator rendering &gt; shows MockRespondingSpinner for Executing status when streamingState is Responding" time="0.00143">
        </testcase>
        <testcase classname="src/ui/components/messages/ToolMessage.test.tsx" name="&lt;ToolMessage /&gt; &gt; renders DiffRenderer for diff results" time="0.001974833">
        </testcase>
        <testcase classname="src/ui/components/messages/ToolMessage.test.tsx" name="&lt;ToolMessage /&gt; &gt; renders emphasis correctly" time="0.00276875">
        </testcase>
    </testsuite>
    <testsuite name="src/ui/components/shared/MaxSizedBox.test.tsx" timestamp="2025-08-11T04:30:27.594Z" hostname="63accec1df8b" tests="21" failures="0" errors="0" skipped="0" time="0.048392625">
        <testcase classname="src/ui/components/shared/MaxSizedBox.test.tsx" name="&lt;MaxSizedBox /&gt; &gt; renders children without truncation when they fit" time="0.014401334">
        </testcase>
        <testcase classname="src/ui/components/shared/MaxSizedBox.test.tsx" name="&lt;MaxSizedBox /&gt; &gt; hides lines when content exceeds maxHeight" time="0.001644083">
        </testcase>
        <testcase classname="src/ui/components/shared/MaxSizedBox.test.tsx" name="&lt;MaxSizedBox /&gt; &gt; hides lines at the end when content exceeds maxHeight and overflowDirection is bottom" time="0.001282709">
        </testcase>
        <testcase classname="src/ui/components/shared/MaxSizedBox.test.tsx" name="&lt;MaxSizedBox /&gt; &gt; wraps text that exceeds maxWidth" time="0.001802667">
        </testcase>
        <testcase classname="src/ui/components/shared/MaxSizedBox.test.tsx" name="&lt;MaxSizedBox /&gt; &gt; handles mixed wrapping and non-wrapping segments" time="0.00563375">
        </testcase>
        <testcase classname="src/ui/components/shared/MaxSizedBox.test.tsx" name="&lt;MaxSizedBox /&gt; &gt; handles words longer than maxWidth by splitting them" time="0.003311458">
        </testcase>
        <testcase classname="src/ui/components/shared/MaxSizedBox.test.tsx" name="&lt;MaxSizedBox /&gt; &gt; does not truncate when maxHeight is undefined" time="0.000944167">
        </testcase>
        <testcase classname="src/ui/components/shared/MaxSizedBox.test.tsx" name="&lt;MaxSizedBox /&gt; &gt; shows plural &quot;lines&quot; when more than one line is hidden" time="0.001102875">
        </testcase>
        <testcase classname="src/ui/components/shared/MaxSizedBox.test.tsx" name="&lt;MaxSizedBox /&gt; &gt; shows plural &quot;lines&quot; when more than one line is hidden and overflowDirection is bottom" time="0.000903708">
        </testcase>
        <testcase classname="src/ui/components/shared/MaxSizedBox.test.tsx" name="&lt;MaxSizedBox /&gt; &gt; renders an empty box for empty children" time="0.000362834">
        </testcase>
        <testcase classname="src/ui/components/shared/MaxSizedBox.test.tsx" name="&lt;MaxSizedBox /&gt; &gt; wraps text with multi-byte unicode characters correctly" time="0.000891708">
        </testcase>
        <testcase classname="src/ui/components/shared/MaxSizedBox.test.tsx" name="&lt;MaxSizedBox /&gt; &gt; wraps text with multi-byte emoji characters correctly" time="0.001220583">
        </testcase>
        <testcase classname="src/ui/components/shared/MaxSizedBox.test.tsx" name="&lt;MaxSizedBox /&gt; &gt; falls back to an ellipsis when width is extremely small" time="0.001046208">
        </testcase>
        <testcase classname="src/ui/components/shared/MaxSizedBox.test.tsx" name="&lt;MaxSizedBox /&gt; &gt; truncates long non-wrapping text with ellipsis" time="0.00083525">
        </testcase>
        <testcase classname="src/ui/components/shared/MaxSizedBox.test.tsx" name="&lt;MaxSizedBox /&gt; &gt; truncates non-wrapping text containing line breaks" time="0.001148125">
        </testcase>
        <testcase classname="src/ui/components/shared/MaxSizedBox.test.tsx" name="&lt;MaxSizedBox /&gt; &gt; truncates emoji characters correctly with ellipsis" time="0.000738083">
        </testcase>
        <testcase classname="src/ui/components/shared/MaxSizedBox.test.tsx" name="&lt;MaxSizedBox /&gt; &gt; shows ellipsis for multiple rows with long non-wrapping text" time="0.001319875">
        </testcase>
        <testcase classname="src/ui/components/shared/MaxSizedBox.test.tsx" name="&lt;MaxSizedBox /&gt; &gt; accounts for additionalHiddenLinesCount" time="0.000977208">
        </testcase>
        <testcase classname="src/ui/components/shared/MaxSizedBox.test.tsx" name="&lt;MaxSizedBox /&gt; &gt; handles React.Fragment as a child" time="0.001230041">
        </testcase>
        <testcase classname="src/ui/components/shared/MaxSizedBox.test.tsx" name="&lt;MaxSizedBox /&gt; &gt; clips a long single text child from the top" time="0.002595083">
        </testcase>
        <testcase classname="src/ui/components/shared/MaxSizedBox.test.tsx" name="&lt;MaxSizedBox /&gt; &gt; clips a long single text child from the bottom" time="0.004105333">
        </testcase>
    </testsuite>
    <testsuite name="src/ui/components/shared/text-buffer.test.ts" timestamp="2025-08-11T04:30:27.598Z" hostname="63accec1df8b" tests="73" failures="0" errors="0" skipped="0" time="0.093875458">
        <testcase classname="src/ui/components/shared/text-buffer.test.ts" name="textBufferReducer &gt; should return the initial state if state is undefined" time="0.002120916">
            <system-err>
Unknown action encountered: [object Object]

            </system-err>
        </testcase>
        <testcase classname="src/ui/components/shared/text-buffer.test.ts" name="textBufferReducer &gt; set_text action &gt; should set new text and move cursor to the end" time="0.000341333">
        </testcase>
        <testcase classname="src/ui/components/shared/text-buffer.test.ts" name="textBufferReducer &gt; set_text action &gt; should not create an undo snapshot if pushToUndo is false" time="0.000111417">
        </testcase>
        <testcase classname="src/ui/components/shared/text-buffer.test.ts" name="textBufferReducer &gt; insert action &gt; should insert a character" time="0.000262833">
        </testcase>
        <testcase classname="src/ui/components/shared/text-buffer.test.ts" name="textBufferReducer &gt; insert action &gt; should insert a newline" time="0.000109292">
        </testcase>
        <testcase classname="src/ui/components/shared/text-buffer.test.ts" name="textBufferReducer &gt; backspace action &gt; should remove a character" time="0.000088917">
        </testcase>
        <testcase classname="src/ui/components/shared/text-buffer.test.ts" name="textBufferReducer &gt; backspace action &gt; should join lines if at the beginning of a line" time="0.000087708">
        </testcase>
        <testcase classname="src/ui/components/shared/text-buffer.test.ts" name="textBufferReducer &gt; undo/redo actions &gt; should undo and redo a change" time="0.000215875">
        </testcase>
        <testcase classname="src/ui/components/shared/text-buffer.test.ts" name="textBufferReducer &gt; create_undo_snapshot action &gt; should create a snapshot without changing state" time="0.000147167">
        </testcase>
        <testcase classname="src/ui/components/shared/text-buffer.test.ts" name="useTextBuffer &gt; Initialization &gt; should initialize with empty text and cursor at (0,0) by default" time="0.008871417">
        </testcase>
        <testcase classname="src/ui/components/shared/text-buffer.test.ts" name="useTextBuffer &gt; Initialization &gt; should initialize with provided initialText" time="0.001721917">
        </testcase>
        <testcase classname="src/ui/components/shared/text-buffer.test.ts" name="useTextBuffer &gt; Initialization &gt; should initialize with initialText and initialCursorOffset" time="0.000983541">
        </testcase>
        <testcase classname="src/ui/components/shared/text-buffer.test.ts" name="useTextBuffer &gt; Initialization &gt; should wrap visual lines" time="0.001361542">
        </testcase>
        <testcase classname="src/ui/components/shared/text-buffer.test.ts" name="useTextBuffer &gt; Initialization &gt; should wrap visual lines with multiple spaces" time="0.001003833">
        </testcase>
        <testcase classname="src/ui/components/shared/text-buffer.test.ts" name="useTextBuffer &gt; Initialization &gt; should wrap visual lines even without spaces" time="0.000808209">
        </testcase>
        <testcase classname="src/ui/components/shared/text-buffer.test.ts" name="useTextBuffer &gt; Initialization &gt; should initialize with multi-byte unicode characters and correct cursor offset" time="0.001612417">
        </testcase>
        <testcase classname="src/ui/components/shared/text-buffer.test.ts" name="useTextBuffer &gt; Basic Editing &gt; insert: should insert a character and update cursor" time="0.0012655">
        </testcase>
        <testcase classname="src/ui/components/shared/text-buffer.test.ts" name="useTextBuffer &gt; Basic Editing &gt; insert: should insert text in the middle of a line" time="0.001040167">
        </testcase>
        <testcase classname="src/ui/components/shared/text-buffer.test.ts" name="useTextBuffer &gt; Basic Editing &gt; newline: should create a new line and move cursor" time="0.000962167">
        </testcase>
        <testcase classname="src/ui/components/shared/text-buffer.test.ts" name="useTextBuffer &gt; Basic Editing &gt; backspace: should delete char to the left or merge lines" time="0.001300125">
        </testcase>
        <testcase classname="src/ui/components/shared/text-buffer.test.ts" name="useTextBuffer &gt; Basic Editing &gt; del: should delete char to the right or merge lines" time="0.00102475">
        </testcase>
        <testcase classname="src/ui/components/shared/text-buffer.test.ts" name="useTextBuffer &gt; Drag and Drop File Paths &gt; should prepend @ to a valid file path on insert" time="0.004913458">
        </testcase>
        <testcase classname="src/ui/components/shared/text-buffer.test.ts" name="useTextBuffer &gt; Drag and Drop File Paths &gt; should not prepend @ to an invalid file path on insert" time="0.000971333">
        </testcase>
        <testcase classname="src/ui/components/shared/text-buffer.test.ts" name="useTextBuffer &gt; Drag and Drop File Paths &gt; should handle quoted paths" time="0.000832834">
        </testcase>
        <testcase classname="src/ui/components/shared/text-buffer.test.ts" name="useTextBuffer &gt; Drag and Drop File Paths &gt; should not prepend @ to short text that is not a path" time="0.00063675">
        </testcase>
        <testcase classname="src/ui/components/shared/text-buffer.test.ts" name="useTextBuffer &gt; Shell Mode Behavior &gt; should not prepend @ to valid file paths when shellModeActive is true" time="0.000749542">
        </testcase>
        <testcase classname="src/ui/components/shared/text-buffer.test.ts" name="useTextBuffer &gt; Shell Mode Behavior &gt; should not prepend @ to quoted paths when shellModeActive is true" time="0.000741333">
        </testcase>
        <testcase classname="src/ui/components/shared/text-buffer.test.ts" name="useTextBuffer &gt; Shell Mode Behavior &gt; should behave normally with invalid paths when shellModeActive is true" time="0.000737167">
        </testcase>
        <testcase classname="src/ui/components/shared/text-buffer.test.ts" name="useTextBuffer &gt; Shell Mode Behavior &gt; should behave normally with short text when shellModeActive is true" time="0.000622417">
        </testcase>
        <testcase classname="src/ui/components/shared/text-buffer.test.ts" name="useTextBuffer &gt; Cursor Movement &gt; move: left/right should work within and across visual lines (due to wrapping)" time="0.002626084">
        </testcase>
        <testcase classname="src/ui/components/shared/text-buffer.test.ts" name="useTextBuffer &gt; Cursor Movement &gt; move: up/down should preserve preferred visual column" time="0.002829958">
        </testcase>
        <testcase classname="src/ui/components/shared/text-buffer.test.ts" name="useTextBuffer &gt; Cursor Movement &gt; move: home/end should go to visual line start/end" time="0.001834">
        </testcase>
        <testcase classname="src/ui/components/shared/text-buffer.test.ts" name="useTextBuffer &gt; Visual Layout &amp; Viewport &gt; should wrap long lines correctly into visualLines" time="0.0013415">
        </testcase>
        <testcase classname="src/ui/components/shared/text-buffer.test.ts" name="useTextBuffer &gt; Visual Layout &amp; Viewport &gt; should update visualScrollRow when visualCursor moves out of viewport" time="0.002169917">
        </testcase>
        <testcase classname="src/ui/components/shared/text-buffer.test.ts" name="useTextBuffer &gt; Undo/Redo &gt; should undo and redo an insert operation" time="0.000964875">
        </testcase>
        <testcase classname="src/ui/components/shared/text-buffer.test.ts" name="useTextBuffer &gt; Undo/Redo &gt; should undo and redo a newline operation" time="0.001018042">
        </testcase>
        <testcase classname="src/ui/components/shared/text-buffer.test.ts" name="useTextBuffer &gt; Unicode Handling &gt; insert: should correctly handle multi-byte unicode characters" time="0.00071275">
        </testcase>
        <testcase classname="src/ui/components/shared/text-buffer.test.ts" name="useTextBuffer &gt; Unicode Handling &gt; backspace: should correctly delete multi-byte unicode characters" time="0.000806208">
        </testcase>
        <testcase classname="src/ui/components/shared/text-buffer.test.ts" name="useTextBuffer &gt; Unicode Handling &gt; move: left/right should treat multi-byte chars as single units for visual cursor" time="0.000929083">
        </testcase>
        <testcase classname="src/ui/components/shared/text-buffer.test.ts" name="useTextBuffer &gt; handleInput &gt; should insert printable characters" time="0.000767417">
        </testcase>
        <testcase classname="src/ui/components/shared/text-buffer.test.ts" name="useTextBuffer &gt; handleInput &gt; should handle &quot;Enter&quot; key as newline" time="0.000632792">
        </testcase>
        <testcase classname="src/ui/components/shared/text-buffer.test.ts" name="useTextBuffer &gt; handleInput &gt; should handle &quot;Backspace&quot; key" time="0.00075675">
        </testcase>
        <testcase classname="src/ui/components/shared/text-buffer.test.ts" name="useTextBuffer &gt; handleInput &gt; should handle multiple delete characters in one input" time="0.000791417">
        </testcase>
        <testcase classname="src/ui/components/shared/text-buffer.test.ts" name="useTextBuffer &gt; handleInput &gt; should handle inserts that contain delete characters " time="0.000792459">
        </testcase>
        <testcase classname="src/ui/components/shared/text-buffer.test.ts" name="useTextBuffer &gt; handleInput &gt; should handle inserts with a mix of regular and delete characters " time="0.001327959">
        </testcase>
        <testcase classname="src/ui/components/shared/text-buffer.test.ts" name="useTextBuffer &gt; handleInput &gt; should handle arrow keys for movement" time="0.001179292">
        </testcase>
        <testcase classname="src/ui/components/shared/text-buffer.test.ts" name="useTextBuffer &gt; handleInput &gt; should strip ANSI escape codes when pasting text" time="0.004202167">
        </testcase>
        <testcase classname="src/ui/components/shared/text-buffer.test.ts" name="useTextBuffer &gt; handleInput &gt; should handle VSCode terminal Shift+Enter as newline" time="0.00091875">
        </testcase>
        <testcase classname="src/ui/components/shared/text-buffer.test.ts" name="useTextBuffer &gt; handleInput &gt; should correctly handle repeated pasting of long text" time="0.016760625">
        </testcase>
        <testcase classname="src/ui/components/shared/text-buffer.test.ts" name="useTextBuffer &gt; replaceRange &gt; should replace a single-line range with single-line text" time="0.000988167">
        </testcase>
        <testcase classname="src/ui/components/shared/text-buffer.test.ts" name="useTextBuffer &gt; replaceRange &gt; should replace a multi-line range with single-line text" time="0.001066458">
        </testcase>
        <testcase classname="src/ui/components/shared/text-buffer.test.ts" name="useTextBuffer &gt; replaceRange &gt; should delete a range when replacing with an empty string" time="0.001188708">
        </testcase>
        <testcase classname="src/ui/components/shared/text-buffer.test.ts" name="useTextBuffer &gt; replaceRange &gt; should handle replacing at the beginning of the text" time="0.000721375">
        </testcase>
        <testcase classname="src/ui/components/shared/text-buffer.test.ts" name="useTextBuffer &gt; replaceRange &gt; should handle replacing at the end of the text" time="0.000640459">
        </testcase>
        <testcase classname="src/ui/components/shared/text-buffer.test.ts" name="useTextBuffer &gt; replaceRange &gt; should handle replacing the entire buffer content" time="0.000685">
        </testcase>
        <testcase classname="src/ui/components/shared/text-buffer.test.ts" name="useTextBuffer &gt; replaceRange &gt; should correctly replace with unicode characters" time="0.00076375">
        </testcase>
        <testcase classname="src/ui/components/shared/text-buffer.test.ts" name="useTextBuffer &gt; replaceRange &gt; should handle invalid range by returning false and not changing text" time="0.000888667">
        </testcase>
        <testcase classname="src/ui/components/shared/text-buffer.test.ts" name="useTextBuffer &gt; replaceRange &gt; replaceRange: multiple lines with a single character" time="0.000926375">
        </testcase>
        <testcase classname="src/ui/components/shared/text-buffer.test.ts" name="useTextBuffer &gt; Input Sanitization &gt; should strip ANSI escape codes from input" time="0.000750625">
        </testcase>
        <testcase classname="src/ui/components/shared/text-buffer.test.ts" name="useTextBuffer &gt; Input Sanitization &gt; should strip control characters from input" time="0.000775041">
        </testcase>
        <testcase classname="src/ui/components/shared/text-buffer.test.ts" name="useTextBuffer &gt; Input Sanitization &gt; should strip mixed ANSI and control characters from input" time="0.000947">
        </testcase>
        <testcase classname="src/ui/components/shared/text-buffer.test.ts" name="useTextBuffer &gt; Input Sanitization &gt; should not strip standard characters or newlines" time="0.000848833">
        </testcase>
        <testcase classname="src/ui/components/shared/text-buffer.test.ts" name="useTextBuffer &gt; Input Sanitization &gt; should sanitize pasted text via handleInput" time="0.000902833">
        </testcase>
        <testcase classname="src/ui/components/shared/text-buffer.test.ts" name="offsetToLogicalPos &gt; should return [0,0] for offset 0" time="0.000076083">
        </testcase>
        <testcase classname="src/ui/components/shared/text-buffer.test.ts" name="offsetToLogicalPos &gt; should handle single line text" time="0.00011525">
        </testcase>
        <testcase classname="src/ui/components/shared/text-buffer.test.ts" name="offsetToLogicalPos &gt; should handle multi-line text" time="0.00027475">
        </testcase>
        <testcase classname="src/ui/components/shared/text-buffer.test.ts" name="offsetToLogicalPos &gt; should handle empty lines" time="0.000104125">
        </testcase>
        <testcase classname="src/ui/components/shared/text-buffer.test.ts" name="offsetToLogicalPos &gt; should handle text ending with a newline" time="0.00008025">
        </testcase>
        <testcase classname="src/ui/components/shared/text-buffer.test.ts" name="offsetToLogicalPos &gt; should handle text starting with a newline" time="0.000071417">
        </testcase>
        <testcase classname="src/ui/components/shared/text-buffer.test.ts" name="offsetToLogicalPos &gt; should handle empty string input" time="0.0000615">
        </testcase>
        <testcase classname="src/ui/components/shared/text-buffer.test.ts" name="offsetToLogicalPos &gt; should handle multi-byte unicode characters correctly" time="0.00013425">
        </testcase>
        <testcase classname="src/ui/components/shared/text-buffer.test.ts" name="offsetToLogicalPos &gt; should handle offset exactly at newline character" time="0.00005725">
        </testcase>
        <testcase classname="src/ui/components/shared/text-buffer.test.ts" name="offsetToLogicalPos &gt; should handle offset in the middle of a multi-byte character (should place at start of that char)" time="0.000070334">
        </testcase>
    </testsuite>
</testsuites>
