<?xml version="1.0" encoding="UTF-8" ?>
<testsuites name="vitest tests" tests="32" failures="24" errors="0" time="15.304011799">
    <testsuite name="src/ui/components/SynapticMemoryDashboard.test.tsx" timestamp="2025-08-10T07:31:07.554Z" hostname="63accec1df8b" tests="12" failures="12" errors="0" skipped="0" time="4.21064346">
        <testcase classname="src/ui/components/SynapticMemoryDashboard.test.tsx" name="SynapticMemoryDashboard &gt; 正常にレンダリングされること" time="0.044855291">
            <failure message="Unable to find an element with the text: Synaptic Memory Dashboard. This could be because the text is broken up by multiple elements. In this case, you can provide a function for your text matcher to make your matcher more flexible.

Ignored nodes: comments, script, style
[36m&lt;body&gt;[39m
  [36m&lt;div&gt;[39m
    [36m&lt;ink-box[39m
      [33mstyle[39m=[32m&quot;flex-wrap: nowrap; flex-direction: column; flex-grow: 0; flex-shrink: 1; width: 52px; height: 20px; padding: 1px; overflow-x: visible; overflow-y: visible;&quot;[39m
    [36m&gt;[39m
      [36m&lt;ink-box[39m
        [33mstyle[39m=[32m&quot;flex-wrap: nowrap; flex-direction: row; flex-grow: 0; flex-shrink: 1; margin-bottom: 1px; overflow-x: visible; overflow-y: visible;&quot;[39m
      [36m&gt;[39m
        [36m&lt;ink-text[39m
          [33mstyle[39m=[32m&quot;flex-grow: 0; flex-shrink: 1; flex-direction: row; text-wrap: wrap;&quot;[39m
        [36m&gt;[39m
          [0mシナプス記憶システム ダッシュボード[0m
        [36m&lt;/ink-text&gt;[39m
      [36m&lt;/ink-box&gt;[39m
      [36m&lt;ink-box[39m
        [33mstyle[39m=[32m&quot;flex-wrap: nowrap; flex-direction: row; flex-grow: 0; flex-shrink: 1; margin-bottom: 1px; overflow-x: visible; overflow-y: visible;&quot;[39m
      [36m&gt;[39m
        [36m&lt;ink-box[39m
          [33mstyle[39m=[32m&quot;flex-wrap: nowrap; flex-direction: row; flex-grow: 0; flex-shrink: 1; margin-right: 2px; overflow-x: visible; overflow-y: visible;&quot;[39m
        [36m&gt;[39m
          [36m&lt;ink-text[39m
            [33mstyle[39m=[32m&quot;flex-grow: 0; flex-shrink: 1; flex-direction: row; text-wrap: wrap;&quot;[39m
          [36m&gt;[39m
            [0m[[0m
            [0m1[0m
            [0m] [0m
            [0m記憶一覧[0m
          [36m&lt;/ink-text&gt;[39m
        [36m&lt;/ink-box&gt;[39m
        [36m&lt;ink-box[39m
          [33mstyle[39m=[32m&quot;flex-wrap: nowrap; flex-direction: row; flex-grow: 0; flex-shrink: 1; margin-right: 2px; overflow-x: visible; overflow-y: visible;&quot;[39m
        [36m&gt;[39m
          [36m&lt;ink-text[39m
            [33mstyle[39m=[32m&quot;flex-grow: 0; flex-shrink: 1; flex-direction: row; text-wrap: wrap;&quot;[39m
          [36m&gt;[39m
            [0m[[0m
            [0m2[0m
            [0m] [0m
            [0mシナプス結合[0m
          [36m&lt;/ink-text&gt;[39m
        [36m&lt;/ink-box&gt;[39m
        [36m&lt;ink-box[39m
          [33mstyle[39m=[32m&quot;flex-wrap: nowrap; flex-direction: row; flex-grow: 0; flex-shrink: 1; margin-right: 2px; overflow-x: visible; overflow-y: visible;&quot;[39m
        [36m&gt;[39m
          [36m&lt;ink-text[39m
            [33mstyle[39m=[32m&quot;flex-grow: 0; flex-shrink: 1; flex-direction: row; text-wrap: wrap;&quot;[39m
          [36m&gt;[39m
            [0m[[0m
            [0m3[0m
            [0m] [0m
            [0mネットワーク診断[0m
          [36m&lt;/ink-text&gt;[39m
        [36m&lt;/ink-box&gt;[39m
        [36m&lt;ink-box[39m
          [33mstyle[39m=[32m&quot;flex-wrap: nowrap; flex-direction: row; flex-grow: 0; flex-shrink: 1; margin-right: 2px; overflow-x: visible; overflow-y: visible;&quot;[39m
        [36m&gt;[39m
          [36m&lt;ink-text[39m
            [33mstyle[39m=[32m&quot;flex-grow: 0; flex-shrink: 1; flex-direction: row; text-wrap: wrap;&quot;[39m
          [36m&gt;[39m
            [0m[[0m
            [0m4[0m
            [0m] [0m
            [0m設定[0m
          [36m&lt;/ink-text&gt;[39m
        [36m&lt;/ink-box&gt;[39m
      [36m&lt;/ink-box&gt;[39m
      [36m&lt;ink-box[39m
        [33mstyle[39m=[32m&quot;flex-wrap: nowrap; flex-direction: row; flex-grow: 1; flex-shrink: 1; overflow: hidden; overflow-x: hidden; overflow-y: hidden;&quot;[39m
      [36m&gt;[39m
        [36m&lt;ink-box[39m
          [33mstyle[39m=[32m&quot;flex-wrap: nowrap; flex-direction: column; flex-grow: 1; flex-shrink: 1; overflow-x: visible; overflow-y: visible;&quot;[39m
        [36m&gt;[39m
          [36m&lt;ink-box[39m
            [33mstyle[39m=[32m&quot;flex-wrap: nowrap; flex-direction: row; flex-grow: 0; flex-shrink: 1; margin-bottom: 1px; overflow-x: visible; overflow-y: visible;&quot;[39m
          [36m&gt;[39m
            [36m&lt;ink-text[39m
              [33mstyle[39m=[32m&quot;flex-grow: 0; flex-shrink: 1; flex-direction: row; text-wrap: wrap;&quot;[39m
            [36m&gt;[39m
              [0m記憶一覧 ([0m
              [0m3[0m
              [0m件)[0m
            [36m&lt;/ink-text&gt;[39m
          [36m&lt;/ink-box&gt;[39m
          [36m&lt;ink-box[39m
            [33mstyle[39m=[32m&quot;flex-wrap: nowrap; flex-direction: column; flex-grow: 0; flex-shrink: 0; width: 48px; overflow-x: visible; overflow-y: visible;&quot;[39m
          [36m&gt;[39m
            [36m&lt;ink-box[39m
              [33mstyle[39m=[32m&quot;flex-wrap: nowrap; flex-direction: row; flex-grow: 0; flex-shrink: 1; overflow-x: visible; overflow-y: visible;&quot;[39m
            [36m&gt;[39m
              [36m&lt;ink-text[39m
                [33mstyle[39m=[32m&quot;flex-grow: 0; flex-shrink: 1; flex-direction: row; text-wrap: wrap;&quot;[39m
              [36m&gt;[39m
                [0m► [0m
              [36m&lt;/ink-text&gt;[39m
              [36m&lt;ink-text[39m
                [33mstyle[39m=[32m&quot;flex-grow: 0; flex-shrink: 1; flex-direction: row; text-wrap: wrap;&quot;[39m
              [36m&gt;[39m
                [0m[[0m
              [36m&lt;/ink-text&gt;[39m
              [36m&lt;ink-text[39m
                [33mstyle[39m=[32m&quot;flex-grow: 0; flex-shrink: 1; flex-direction: row; text-wrap: wrap;&quot;[39m
              [36m&gt;[39m
                [0mmem-001[0m
              [36m&lt;/ink-text&gt;[39m
              [36m&lt;ink-text[39m
                [33mstyle[39m=[32m&quot;flex-grow: 0; flex-shrink: 1; flex-direction: row; text-wrap: wrap;&quot;[39m
              [36m&gt;[39m
                [0m] [0m
              [36m&lt;/ink-text&gt;[39m
              [36m&lt;ink-text[39m
                [33mstyle[39m=[32m&quot;flex-grow: 0; flex-shrink: 1; flex-direction: row; text-wrap: wrap;&quot;[39m
              [36m&gt;[39m
                [0mGPT-5プロンプトガイドの分析結果[0m
              [36m&lt;/ink-text&gt;[39m
            [36m&lt;/ink-box&gt;[39m
            [36m&lt;ink-box[39m
              [33mstyle[39m=[32m&quot;flex-wrap: nowrap; flex-direction: row; flex-grow: 0; flex-shrink: 1; overflow-x: visible; overflow-y: visible;&quot;[39m
            [36m&gt;[39m
              [36m&lt;ink-text[39m
                [33mstyle[39m=[32m&quot;flex-grow: 0; flex-shrink: 1; flex-direction: row; text-wrap: wrap;&quot;[39m
              [36m&gt;[39m
                [0m  [0m
              [36m&lt;/ink-text&gt;[39m
              [36m&lt;ink-text[39m
                [33mstyle[39m=[32m&quot;flex-grow: 0; flex-shrink: 1; flex-direction: row; text-wrap: wrap;&quot;[39m
              [36m&gt;[39m
                [0m[[0m
              [36m&lt;/ink-text&gt;[39m
              [36m&lt;ink-text[39m
                [33mstyle[39m=[32m&quot;flex-grow: 0; flex-shrink: 1; flex-direction: row; text-wrap: wrap;&quot;[39m
              [36m&gt;[39m
                [0mmem-002[0m
              [36m&lt;/ink-text&gt;[39m
              [36m&lt;ink-text[39m
                [33mstyle[39m=[32m&quot;flex-grow: 0; flex-shrink: 1; flex-direction: row; text-wrap: wrap;&quot;[39m
              [36m&gt;[39m
                [0m] [0m
              [36m&lt;/ink-text&gt;[39m
              [36m&lt;ink-text[39m
                [33mstyle[39m=[32m&quot;flex-grow: 0; flex-shrink: 1; flex-direction: row; text-wrap: wrap;&quot;[39m
              [36m&gt;[39m
                [0mシナプス記憶システムのPhase 2実装完了[0m
              [36m&lt;/ink-text&gt;[39m
            [36m&lt;/ink-box&gt;[39m
            [36m&lt;ink-box[39m
              [33mstyle[39m=[32m&quot;flex-wrap: nowrap; flex-direction: row; flex-grow: 0; flex-shrink: 1; overflow-x: visible; overflow-y: visible;&quot;[39m
            [36m&gt;[39m
              [36m&lt;ink-text[39m
                [33mstyle[39m=[32m&quot;flex-grow: 0; flex-shrink: 1; flex-direction: row; text-wrap: wrap;&quot;[39m
              [36m&gt;[39m
                [0m  [0m
              [36m&lt;/ink-text&gt;[39m
              [36m&lt;ink-text[39m
                [33mstyle[39m=[32m&quot;flex-grow: 0; flex-shrink: 1; flex-direction: row; text-wrap: wrap;&quot;[39m
              [36m&gt;[39m
                [0m[[0m
              [36m&lt;/ink-text&gt;[39m
              [36m&lt;ink-text[39m
                [33mstyle[39m=[32m&quot;flex-grow: 0; flex-shrink: 1; flex-direction: row; text-wrap: wrap;&quot;[39m
              [36m&gt;[39m
                [0mmem-003[0m
              [36m&lt;/ink-text&gt;[39m
              [36m&lt;ink-text[39m
                [33mstyle[39m=[32m&quot;flex-grow: 0; flex-shrink: 1; flex-direction: row; text-wrap: wrap;&quot;[39m
              [36m&gt;[39m
                [0m] [0m
              [36m&lt;/ink-text&gt;[39m
              [36m&lt;ink-text[39m
                [33mstyle[39m=[32m&quot;flex-grow: 0; flex-shrink: 1; flex-direction: row; text-wrap: wrap;&quot;[39m
              [36m&gt;[39m
                [0mRESTful API設計とエンドポイント定義[0m
              [36m&lt;/ink-text&gt;[39m
            [36m&lt;/ink-box&gt;[39m
          [36m&lt;/ink-box&gt;[39m
          [36m&lt;ink-box[39m
            [33mstyle[39m=[32m&quot;flex-wrap: nowrap; flex-direction: row; flex-grow: 0; flex-shrink: 1; margin-top: 1px; border-color: rgb(108, 112, 134); padding: 1px; overflow-x: visible; overflow-y: visible;&quot;[39m
          [36m&gt;[39m
            [36m&lt;ink-box[39m
              [33mstyle[39m=[32m&quot;flex-wrap: nowrap; flex-direction: column; flex-grow: 0; flex-shrink: 1; overflow-x: visible; overflow-y: visible;&quot;[39m
            [36m&gt;[39m
              [36m&lt;ink-text[39m
                [33mstyle[39m=[32m&quot;flex-grow: 0; flex-shrink: 1; flex-direction: row; text-wrap: wrap;&quot;[39m
              [36m&gt;[39m
                [0m詳細:[0m
              [36m&lt;/ink-text&gt;[39m
              [36m&lt;ink-text[39m
                [33mstyle[39m=[32m&quot;flex-grow: 0; flex-shrink: 1; flex-direction: row; text-wrap: wrap;&quot;[39m
              [36m&gt;[39m
                [0mID: [0m
                [0mmem-001[0m
              [36m&lt;/ink-text&gt;[39m
              [36m&lt;ink-text[39m
                [33mstyle[39m=[32m&quot;flex-grow: 0; flex-shrink: 1; flex-direction: row; text-wrap: wrap;&quot;[39m
              [36m&gt;[39m
                [0mアクセス数: [0m
                [0m15[0m
              [36m&lt;/ink-text&gt;[39m
              [36m&lt;ink-text[39m
                [33mstyle[39m=[32m&quot;flex-grow: 0; flex-shrink: 1; flex-direction: row; text-wrap: wrap;&quot;[39m
              [36m&gt;[39m
                [0m成功率: [0m
                [0m92.0[0m
                [0m%[0m
              [36m&lt;/ink-text&gt;[39m
              [36m&lt;ink-text[39m
                [33mstyle[39m=[32m&quot;flex-grow: 0; flex-shrink: 1; flex-direction: row; text-wrap: wrap;&quot;[39m
              [36m&gt;[39m
                [0mタグ: [0m
                [0mgpt5, prompting, analysis[0m
              [36m&lt;/ink-text&gt;[39m
            [36m&lt;/ink-box&gt;[39m
          [36m&lt;/ink-box&gt;[39m
        [36m&lt;/ink-box&gt;[39m
      [36m&lt;/ink-box&gt;[39m
      [36m&lt;ink-box[39m
        [33mstyle[39m=[32m&quot;flex-wrap: nowrap; flex-direction: row; flex-grow: 0; flex-shrink: 1; margin-top: 1px; border-color: rgb(108, 112, 134); padding: 1px; overflow-x: visible; overflow-y: visible;&quot;[39m
      [36m&gt;[39m
        [36m&lt;ink-text[39m
          [33mstyle[39m=[32m&quot;flex-grow: 0; flex-shrink: 1; flex-direction: row; text-wrap: wrap;&quot;[39m
        [36m&gt;[39m
          [0mTab: タブ切替 | ↑↓: 記憶選択 | q: 終了[0m
        [36m&lt;/ink-text&gt;[39m
      [36m&lt;/ink-box&gt;[39m
    [36m&lt;/ink-box&gt;[39m
  [36m&lt;/div&gt;[39m
[36m&lt;/body&gt;[39m" type="TestingLibraryElementError">
TestingLibraryElementError: Unable to find an element with the text: Synaptic Memory Dashboard. This could be because the text is broken up by multiple elements. In this case, you can provide a function for your text matcher to make your matcher more flexible.

Ignored nodes: comments, script, style
&lt;body&gt;
  &lt;div&gt;
    &lt;ink-box
      style=&quot;flex-wrap: nowrap; flex-direction: column; flex-grow: 0; flex-shrink: 1; width: 52px; height: 20px; padding: 1px; overflow-x: visible; overflow-y: visible;&quot;
    &gt;
      &lt;ink-box
        style=&quot;flex-wrap: nowrap; flex-direction: row; flex-grow: 0; flex-shrink: 1; margin-bottom: 1px; overflow-x: visible; overflow-y: visible;&quot;
      &gt;
        &lt;ink-text
          style=&quot;flex-grow: 0; flex-shrink: 1; flex-direction: row; text-wrap: wrap;&quot;
        &gt;
          シナプス記憶システム ダッシュボード
        &lt;/ink-text&gt;
      &lt;/ink-box&gt;
      &lt;ink-box
        style=&quot;flex-wrap: nowrap; flex-direction: row; flex-grow: 0; flex-shrink: 1; margin-bottom: 1px; overflow-x: visible; overflow-y: visible;&quot;
      &gt;
        &lt;ink-box
          style=&quot;flex-wrap: nowrap; flex-direction: row; flex-grow: 0; flex-shrink: 1; margin-right: 2px; overflow-x: visible; overflow-y: visible;&quot;
        &gt;
          &lt;ink-text
            style=&quot;flex-grow: 0; flex-shrink: 1; flex-direction: row; text-wrap: wrap;&quot;
          &gt;
            [
            1
            ] 
            記憶一覧
          &lt;/ink-text&gt;
        &lt;/ink-box&gt;
        &lt;ink-box
          style=&quot;flex-wrap: nowrap; flex-direction: row; flex-grow: 0; flex-shrink: 1; margin-right: 2px; overflow-x: visible; overflow-y: visible;&quot;
        &gt;
          &lt;ink-text
            style=&quot;flex-grow: 0; flex-shrink: 1; flex-direction: row; text-wrap: wrap;&quot;
          &gt;
            [
            2
            ] 
            シナプス結合
          &lt;/ink-text&gt;
        &lt;/ink-box&gt;
        &lt;ink-box
          style=&quot;flex-wrap: nowrap; flex-direction: row; flex-grow: 0; flex-shrink: 1; margin-right: 2px; overflow-x: visible; overflow-y: visible;&quot;
        &gt;
          &lt;ink-text
            style=&quot;flex-grow: 0; flex-shrink: 1; flex-direction: row; text-wrap: wrap;&quot;
          &gt;
            [
            3
            ] 
            ネットワーク診断
          &lt;/ink-text&gt;
        &lt;/ink-box&gt;
        &lt;ink-box
          style=&quot;flex-wrap: nowrap; flex-direction: row; flex-grow: 0; flex-shrink: 1; margin-right: 2px; overflow-x: visible; overflow-y: visible;&quot;
        &gt;
          &lt;ink-text
            style=&quot;flex-grow: 0; flex-shrink: 1; flex-direction: row; text-wrap: wrap;&quot;
          &gt;
            [
            4
            ] 
            設定
          &lt;/ink-text&gt;
        &lt;/ink-box&gt;
      &lt;/ink-box&gt;
      &lt;ink-box
        style=&quot;flex-wrap: nowrap; flex-direction: row; flex-grow: 1; flex-shrink: 1; overflow: hidden; overflow-x: hidden; overflow-y: hidden;&quot;
      &gt;
        &lt;ink-box
          style=&quot;flex-wrap: nowrap; flex-direction: column; flex-grow: 1; flex-shrink: 1; overflow-x: visible; overflow-y: visible;&quot;
        &gt;
          &lt;ink-box
            style=&quot;flex-wrap: nowrap; flex-direction: row; flex-grow: 0; flex-shrink: 1; margin-bottom: 1px; overflow-x: visible; overflow-y: visible;&quot;
          &gt;
            &lt;ink-text
              style=&quot;flex-grow: 0; flex-shrink: 1; flex-direction: row; text-wrap: wrap;&quot;
            &gt;
              記憶一覧 (
              3
              件)
            &lt;/ink-text&gt;
          &lt;/ink-box&gt;
          &lt;ink-box
            style=&quot;flex-wrap: nowrap; flex-direction: column; flex-grow: 0; flex-shrink: 0; width: 48px; overflow-x: visible; overflow-y: visible;&quot;
          &gt;
            &lt;ink-box
              style=&quot;flex-wrap: nowrap; flex-direction: row; flex-grow: 0; flex-shrink: 1; overflow-x: visible; overflow-y: visible;&quot;
            &gt;
              &lt;ink-text
                style=&quot;flex-grow: 0; flex-shrink: 1; flex-direction: row; text-wrap: wrap;&quot;
              &gt;
                ► 
              &lt;/ink-text&gt;
              &lt;ink-text
                style=&quot;flex-grow: 0; flex-shrink: 1; flex-direction: row; text-wrap: wrap;&quot;
              &gt;
                [
              &lt;/ink-text&gt;
              &lt;ink-text
                style=&quot;flex-grow: 0; flex-shrink: 1; flex-direction: row; text-wrap: wrap;&quot;
              &gt;
                mem-001
              &lt;/ink-text&gt;
              &lt;ink-text
                style=&quot;flex-grow: 0; flex-shrink: 1; flex-direction: row; text-wrap: wrap;&quot;
              &gt;
                ] 
              &lt;/ink-text&gt;
              &lt;ink-text
                style=&quot;flex-grow: 0; flex-shrink: 1; flex-direction: row; text-wrap: wrap;&quot;
              &gt;
                GPT-5プロンプトガイドの分析結果
              &lt;/ink-text&gt;
            &lt;/ink-box&gt;
            &lt;ink-box
              style=&quot;flex-wrap: nowrap; flex-direction: row; flex-grow: 0; flex-shrink: 1; overflow-x: visible; overflow-y: visible;&quot;
            &gt;
              &lt;ink-text
                style=&quot;flex-grow: 0; flex-shrink: 1; flex-direction: row; text-wrap: wrap;&quot;
              &gt;
                  
              &lt;/ink-text&gt;
              &lt;ink-text
                style=&quot;flex-grow: 0; flex-shrink: 1; flex-direction: row; text-wrap: wrap;&quot;
              &gt;
                [
              &lt;/ink-text&gt;
              &lt;ink-text
                style=&quot;flex-grow: 0; flex-shrink: 1; flex-direction: row; text-wrap: wrap;&quot;
              &gt;
                mem-002
              &lt;/ink-text&gt;
              &lt;ink-text
                style=&quot;flex-grow: 0; flex-shrink: 1; flex-direction: row; text-wrap: wrap;&quot;
              &gt;
                ] 
              &lt;/ink-text&gt;
              &lt;ink-text
                style=&quot;flex-grow: 0; flex-shrink: 1; flex-direction: row; text-wrap: wrap;&quot;
              &gt;
                シナプス記憶システムのPhase 2実装完了
              &lt;/ink-text&gt;
            &lt;/ink-box&gt;
            &lt;ink-box
              style=&quot;flex-wrap: nowrap; flex-direction: row; flex-grow: 0; flex-shrink: 1; overflow-x: visible; overflow-y: visible;&quot;
            &gt;
              &lt;ink-text
                style=&quot;flex-grow: 0; flex-shrink: 1; flex-direction: row; text-wrap: wrap;&quot;
              &gt;
                  
              &lt;/ink-text&gt;
              &lt;ink-text
                style=&quot;flex-grow: 0; flex-shrink: 1; flex-direction: row; text-wrap: wrap;&quot;
              &gt;
                [
              &lt;/ink-text&gt;
              &lt;ink-text
                style=&quot;flex-grow: 0; flex-shrink: 1; flex-direction: row; text-wrap: wrap;&quot;
              &gt;
                mem-003
              &lt;/ink-text&gt;
              &lt;ink-text
                style=&quot;flex-grow: 0; flex-shrink: 1; flex-direction: row; text-wrap: wrap;&quot;
              &gt;
                ] 
              &lt;/ink-text&gt;
              &lt;ink-text
                style=&quot;flex-grow: 0; flex-shrink: 1; flex-direction: row; text-wrap: wrap;&quot;
              &gt;
                RESTful API設計とエンドポイント定義
              &lt;/ink-text&gt;
            &lt;/ink-box&gt;
          &lt;/ink-box&gt;
          &lt;ink-box
            style=&quot;flex-wrap: nowrap; flex-direction: row; flex-grow: 0; flex-shrink: 1; margin-top: 1px; border-color: rgb(108, 112, 134); padding: 1px; overflow-x: visible; overflow-y: visible;&quot;
          &gt;
            &lt;ink-box
              style=&quot;flex-wrap: nowrap; flex-direction: column; flex-grow: 0; flex-shrink: 1; overflow-x: visible; overflow-y: visible;&quot;
            &gt;
              &lt;ink-text
                style=&quot;flex-grow: 0; flex-shrink: 1; flex-direction: row; text-wrap: wrap;&quot;
              &gt;
                詳細:
              &lt;/ink-text&gt;
              &lt;ink-text
                style=&quot;flex-grow: 0; flex-shrink: 1; flex-direction: row; text-wrap: wrap;&quot;
              &gt;
                ID: 
                mem-001
              &lt;/ink-text&gt;
              &lt;ink-text
                style=&quot;flex-grow: 0; flex-shrink: 1; flex-direction: row; text-wrap: wrap;&quot;
              &gt;
                アクセス数: 
                15
              &lt;/ink-text&gt;
              &lt;ink-text
                style=&quot;flex-grow: 0; flex-shrink: 1; flex-direction: row; text-wrap: wrap;&quot;
              &gt;
                成功率: 
                92.0
                %
              &lt;/ink-text&gt;
              &lt;ink-text
                style=&quot;flex-grow: 0; flex-shrink: 1; flex-direction: row; text-wrap: wrap;&quot;
              &gt;
                タグ: 
                gpt5, prompting, analysis
              &lt;/ink-text&gt;
            &lt;/ink-box&gt;
          &lt;/ink-box&gt;
        &lt;/ink-box&gt;
      &lt;/ink-box&gt;
      &lt;ink-box
        style=&quot;flex-wrap: nowrap; flex-direction: row; flex-grow: 0; flex-shrink: 1; margin-top: 1px; border-color: rgb(108, 112, 134); padding: 1px; overflow-x: visible; overflow-y: visible;&quot;
      &gt;
        &lt;ink-text
          style=&quot;flex-grow: 0; flex-shrink: 1; flex-direction: row; text-wrap: wrap;&quot;
        &gt;
          Tab: タブ切替 | ↑↓: 記憶選択 | q: 終了
        &lt;/ink-text&gt;
      &lt;/ink-box&gt;
    &lt;/ink-box&gt;
  &lt;/div&gt;
&lt;/body&gt;
 ❯ Object.getElementError node_modules/@testing-library/dom/dist/config.js:37:19
 ❯ node_modules/@testing-library/dom/dist/query-helpers.js:76:38
 ❯ node_modules/@testing-library/dom/dist/query-helpers.js:52:17
 ❯ node_modules/@testing-library/dom/dist/query-helpers.js:95:19
 ❯ src/ui/components/SynapticMemoryDashboard.test.tsx:89:19
            </failure>
        </testcase>
        <testcase classname="src/ui/components/SynapticMemoryDashboard.test.tsx" name="SynapticMemoryDashboard &gt; Memoriesタブでメモリ一覧が表示されること" time="0.010521875">
            <failure message="Unable to find an element with the text: Total: 2. This could be because the text is broken up by multiple elements. In this case, you can provide a function for your text matcher to make your matcher more flexible.

Ignored nodes: comments, script, style
[36m&lt;body&gt;[39m
  [36m&lt;div&gt;[39m
    [36m&lt;ink-box[39m
      [33mstyle[39m=[32m&quot;flex-wrap: nowrap; flex-direction: column; flex-grow: 0; flex-shrink: 1; width: 52px; height: 20px; padding: 1px; overflow-x: visible; overflow-y: visible;&quot;[39m
    [36m&gt;[39m
      [36m&lt;ink-box[39m
        [33mstyle[39m=[32m&quot;flex-wrap: nowrap; flex-direction: row; flex-grow: 0; flex-shrink: 1; margin-bottom: 1px; overflow-x: visible; overflow-y: visible;&quot;[39m
      [36m&gt;[39m
        [36m&lt;ink-text[39m
          [33mstyle[39m=[32m&quot;flex-grow: 0; flex-shrink: 1; flex-direction: row; text-wrap: wrap;&quot;[39m
        [36m&gt;[39m
          [0mシナプス記憶システム ダッシュボード[0m
        [36m&lt;/ink-text&gt;[39m
      [36m&lt;/ink-box&gt;[39m
      [36m&lt;ink-box[39m
        [33mstyle[39m=[32m&quot;flex-wrap: nowrap; flex-direction: row; flex-grow: 0; flex-shrink: 1; margin-bottom: 1px; overflow-x: visible; overflow-y: visible;&quot;[39m
      [36m&gt;[39m
        [36m&lt;ink-box[39m
          [33mstyle[39m=[32m&quot;flex-wrap: nowrap; flex-direction: row; flex-grow: 0; flex-shrink: 1; margin-right: 2px; overflow-x: visible; overflow-y: visible;&quot;[39m
        [36m&gt;[39m
          [36m&lt;ink-text[39m
            [33mstyle[39m=[32m&quot;flex-grow: 0; flex-shrink: 1; flex-direction: row; text-wrap: wrap;&quot;[39m
          [36m&gt;[39m
            [0m[[0m
            [0m1[0m
            [0m] [0m
            [0m記憶一覧[0m
          [36m&lt;/ink-text&gt;[39m
        [36m&lt;/ink-box&gt;[39m
        [36m&lt;ink-box[39m
          [33mstyle[39m=[32m&quot;flex-wrap: nowrap; flex-direction: row; flex-grow: 0; flex-shrink: 1; margin-right: 2px; overflow-x: visible; overflow-y: visible;&quot;[39m
        [36m&gt;[39m
          [36m&lt;ink-text[39m
            [33mstyle[39m=[32m&quot;flex-grow: 0; flex-shrink: 1; flex-direction: row; text-wrap: wrap;&quot;[39m
          [36m&gt;[39m
            [0m[[0m
            [0m2[0m
            [0m] [0m
            [0mシナプス結合[0m
          [36m&lt;/ink-text&gt;[39m
        [36m&lt;/ink-box&gt;[39m
        [36m&lt;ink-box[39m
          [33mstyle[39m=[32m&quot;flex-wrap: nowrap; flex-direction: row; flex-grow: 0; flex-shrink: 1; margin-right: 2px; overflow-x: visible; overflow-y: visible;&quot;[39m
        [36m&gt;[39m
          [36m&lt;ink-text[39m
            [33mstyle[39m=[32m&quot;flex-grow: 0; flex-shrink: 1; flex-direction: row; text-wrap: wrap;&quot;[39m
          [36m&gt;[39m
            [0m[[0m
            [0m3[0m
            [0m] [0m
            [0mネットワーク診断[0m
          [36m&lt;/ink-text&gt;[39m
        [36m&lt;/ink-box&gt;[39m
        [36m&lt;ink-box[39m
          [33mstyle[39m=[32m&quot;flex-wrap: nowrap; flex-direction: row; flex-grow: 0; flex-shrink: 1; margin-right: 2px; overflow-x: visible; overflow-y: visible;&quot;[39m
        [36m&gt;[39m
          [36m&lt;ink-text[39m
            [33mstyle[39m=[32m&quot;flex-grow: 0; flex-shrink: 1; flex-direction: row; text-wrap: wrap;&quot;[39m
          [36m&gt;[39m
            [0m[[0m
            [0m4[0m
            [0m] [0m
            [0m設定[0m
          [36m&lt;/ink-text&gt;[39m
        [36m&lt;/ink-box&gt;[39m
      [36m&lt;/ink-box&gt;[39m
      [36m&lt;ink-box[39m
        [33mstyle[39m=[32m&quot;flex-wrap: nowrap; flex-direction: row; flex-grow: 1; flex-shrink: 1; overflow: hidden; overflow-x: hidden; overflow-y: hidden;&quot;[39m
      [36m&gt;[39m
        [36m&lt;ink-box[39m
          [33mstyle[39m=[32m&quot;flex-wrap: nowrap; flex-direction: column; flex-grow: 1; flex-shrink: 1; overflow-x: visible; overflow-y: visible;&quot;[39m
        [36m&gt;[39m
          [36m&lt;ink-box[39m
            [33mstyle[39m=[32m&quot;flex-wrap: nowrap; flex-direction: row; flex-grow: 0; flex-shrink: 1; margin-bottom: 1px; overflow-x: visible; overflow-y: visible;&quot;[39m
          [36m&gt;[39m
            [36m&lt;ink-text[39m
              [33mstyle[39m=[32m&quot;flex-grow: 0; flex-shrink: 1; flex-direction: row; text-wrap: wrap;&quot;[39m
            [36m&gt;[39m
              [0m記憶一覧 ([0m
              [0m3[0m
              [0m件)[0m
            [36m&lt;/ink-text&gt;[39m
          [36m&lt;/ink-box&gt;[39m
          [36m&lt;ink-box[39m
            [33mstyle[39m=[32m&quot;flex-wrap: nowrap; flex-direction: column; flex-grow: 0; flex-shrink: 0; width: 48px; overflow-x: visible; overflow-y: visible;&quot;[39m
          [36m&gt;[39m
            [36m&lt;ink-box[39m
              [33mstyle[39m=[32m&quot;flex-wrap: nowrap; flex-direction: row; flex-grow: 0; flex-shrink: 1; overflow-x: visible; overflow-y: visible;&quot;[39m
            [36m&gt;[39m
              [36m&lt;ink-text[39m
                [33mstyle[39m=[32m&quot;flex-grow: 0; flex-shrink: 1; flex-direction: row; text-wrap: wrap;&quot;[39m
              [36m&gt;[39m
                [0m► [0m
              [36m&lt;/ink-text&gt;[39m
              [36m&lt;ink-text[39m
                [33mstyle[39m=[32m&quot;flex-grow: 0; flex-shrink: 1; flex-direction: row; text-wrap: wrap;&quot;[39m
              [36m&gt;[39m
                [0m[[0m
              [36m&lt;/ink-text&gt;[39m
              [36m&lt;ink-text[39m
                [33mstyle[39m=[32m&quot;flex-grow: 0; flex-shrink: 1; flex-direction: row; text-wrap: wrap;&quot;[39m
              [36m&gt;[39m
                [0mmem-001[0m
              [36m&lt;/ink-text&gt;[39m
              [36m&lt;ink-text[39m
                [33mstyle[39m=[32m&quot;flex-grow: 0; flex-shrink: 1; flex-direction: row; text-wrap: wrap;&quot;[39m
              [36m&gt;[39m
                [0m] [0m
              [36m&lt;/ink-text&gt;[39m
              [36m&lt;ink-text[39m
                [33mstyle[39m=[32m&quot;flex-grow: 0; flex-shrink: 1; flex-direction: row; text-wrap: wrap;&quot;[39m
              [36m&gt;[39m
                [0mGPT-5プロンプトガイドの分析結果[0m
              [36m&lt;/ink-text&gt;[39m
            [36m&lt;/ink-box&gt;[39m
            [36m&lt;ink-box[39m
              [33mstyle[39m=[32m&quot;flex-wrap: nowrap; flex-direction: row; flex-grow: 0; flex-shrink: 1; overflow-x: visible; overflow-y: visible;&quot;[39m
            [36m&gt;[39m
              [36m&lt;ink-text[39m
                [33mstyle[39m=[32m&quot;flex-grow: 0; flex-shrink: 1; flex-direction: row; text-wrap: wrap;&quot;[39m
              [36m&gt;[39m
                [0m  [0m
              [36m&lt;/ink-text&gt;[39m
              [36m&lt;ink-text[39m
                [33mstyle[39m=[32m&quot;flex-grow: 0; flex-shrink: 1; flex-direction: row; text-wrap: wrap;&quot;[39m
              [36m&gt;[39m
                [0m[[0m
              [36m&lt;/ink-text&gt;[39m
              [36m&lt;ink-text[39m
                [33mstyle[39m=[32m&quot;flex-grow: 0; flex-shrink: 1; flex-direction: row; text-wrap: wrap;&quot;[39m
              [36m&gt;[39m
                [0mmem-002[0m
              [36m&lt;/ink-text&gt;[39m
              [36m&lt;ink-text[39m
                [33mstyle[39m=[32m&quot;flex-grow: 0; flex-shrink: 1; flex-direction: row; text-wrap: wrap;&quot;[39m
              [36m&gt;[39m
                [0m] [0m
              [36m&lt;/ink-text&gt;[39m
              [36m&lt;ink-text[39m
                [33mstyle[39m=[32m&quot;flex-grow: 0; flex-shrink: 1; flex-direction: row; text-wrap: wrap;&quot;[39m
              [36m&gt;[39m
                [0mシナプス記憶システムのPhase 2実装完了[0m
              [36m&lt;/ink-text&gt;[39m
            [36m&lt;/ink-box&gt;[39m
            [36m&lt;ink-box[39m
              [33mstyle[39m=[32m&quot;flex-wrap: nowrap; flex-direction: row; flex-grow: 0; flex-shrink: 1; overflow-x: visible; overflow-y: visible;&quot;[39m
            [36m&gt;[39m
              [36m&lt;ink-text[39m
                [33mstyle[39m=[32m&quot;flex-grow: 0; flex-shrink: 1; flex-direction: row; text-wrap: wrap;&quot;[39m
              [36m&gt;[39m
                [0m  [0m
              [36m&lt;/ink-text&gt;[39m
              [36m&lt;ink-text[39m
                [33mstyle[39m=[32m&quot;flex-grow: 0; flex-shrink: 1; flex-direction: row; text-wrap: wrap;&quot;[39m
              [36m&gt;[39m
                [0m[[0m
              [36m&lt;/ink-text&gt;[39m
              [36m&lt;ink-text[39m
                [33mstyle[39m=[32m&quot;flex-grow: 0; flex-shrink: 1; flex-direction: row; text-wrap: wrap;&quot;[39m
              [36m&gt;[39m
                [0mmem-003[0m
              [36m&lt;/ink-text&gt;[39m
              [36m&lt;ink-text[39m
                [33mstyle[39m=[32m&quot;flex-grow: 0; flex-shrink: 1; flex-direction: row; text-wrap: wrap;&quot;[39m
              [36m&gt;[39m
                [0m] [0m
              [36m&lt;/ink-text&gt;[39m
              [36m&lt;ink-text[39m
                [33mstyle[39m=[32m&quot;flex-grow: 0; flex-shrink: 1; flex-direction: row; text-wrap: wrap;&quot;[39m
              [36m&gt;[39m
                [0mRESTful API設計とエンドポイント定義[0m
              [36m&lt;/ink-text&gt;[39m
            [36m&lt;/ink-box&gt;[39m
          [36m&lt;/ink-box&gt;[39m
          [36m&lt;ink-box[39m
            [33mstyle[39m=[32m&quot;flex-wrap: nowrap; flex-direction: row; flex-grow: 0; flex-shrink: 1; margin-top: 1px; border-color: rgb(108, 112, 134); padding: 1px; overflow-x: visible; overflow-y: visible;&quot;[39m
          [36m&gt;[39m
            [36m&lt;ink-box[39m
              [33mstyle[39m=[32m&quot;flex-wrap: nowrap; flex-direction: column; flex-grow: 0; flex-shrink: 1; overflow-x: visible; overflow-y: visible;&quot;[39m
            [36m&gt;[39m
              [36m&lt;ink-text[39m
                [33mstyle[39m=[32m&quot;flex-grow: 0; flex-shrink: 1; flex-direction: row; text-wrap: wrap;&quot;[39m
              [36m&gt;[39m
                [0m詳細:[0m
              [36m&lt;/ink-text&gt;[39m
              [36m&lt;ink-text[39m
                [33mstyle[39m=[32m&quot;flex-grow: 0; flex-shrink: 1; flex-direction: row; text-wrap: wrap;&quot;[39m
              [36m&gt;[39m
                [0mID: [0m
                [0mmem-001[0m
              [36m&lt;/ink-text&gt;[39m
              [36m&lt;ink-text[39m
                [33mstyle[39m=[32m&quot;flex-grow: 0; flex-shrink: 1; flex-direction: row; text-wrap: wrap;&quot;[39m
              [36m&gt;[39m
                [0mアクセス数: [0m
                [0m15[0m
              [36m&lt;/ink-text&gt;[39m
              [36m&lt;ink-text[39m
                [33mstyle[39m=[32m&quot;flex-grow: 0; flex-shrink: 1; flex-direction: row; text-wrap: wrap;&quot;[39m
              [36m&gt;[39m
                [0m成功率: [0m
                [0m92.0[0m
                [0m%[0m
              [36m&lt;/ink-text&gt;[39m
              [36m&lt;ink-text[39m
                [33mstyle[39m=[32m&quot;flex-grow: 0; flex-shrink: 1; flex-direction: row; text-wrap: wrap;&quot;[39m
              [36m&gt;[39m
                [0mタグ: [0m
                [0mgpt5, prompting, analysis[0m
              [36m&lt;/ink-text&gt;[39m
            [36m&lt;/ink-box&gt;[39m
          [36m&lt;/ink-box&gt;[39m
        [36m&lt;/ink-box&gt;[39m
      [36m&lt;/ink-box&gt;[39m
      [36m&lt;ink-box[39m
        [33mstyle[39m=[32m&quot;flex-wrap: nowrap; flex-direction: row; flex-grow: 0; flex-shrink: 1; margin-top: 1px; border-color: rgb(108, 112, 134); padding: 1px; overflow-x: visible; overflow-y: visible;&quot;[39m
      [36m&gt;[39m
        [36m&lt;ink-text[39m
          [33mstyle[39m=[32m&quot;flex-grow: 0; flex-shrink: 1; flex-direction: row; text-wrap: wrap;&quot;[39m
        [36m&gt;[39m
          [0mTab: タブ切替 | ↑↓: 記憶選択 | q: 終了[0m
        [36m&lt;/ink-text&gt;[39m
      [36m&lt;/ink-box&gt;[39m
    [36m&lt;/ink-box&gt;[39m
  [36m&lt;/div&gt;[39m
[36m&lt;/body&gt;[39m" type="TestingLibraryElementError">
TestingLibraryElementError: Unable to find an element with the text: Total: 2. This could be because the text is broken up by multiple elements. In this case, you can provide a function for your text matcher to make your matcher more flexible.

Ignored nodes: comments, script, style
&lt;body&gt;
  &lt;div&gt;
    &lt;ink-box
      style=&quot;flex-wrap: nowrap; flex-direction: column; flex-grow: 0; flex-shrink: 1; width: 52px; height: 20px; padding: 1px; overflow-x: visible; overflow-y: visible;&quot;
    &gt;
      &lt;ink-box
        style=&quot;flex-wrap: nowrap; flex-direction: row; flex-grow: 0; flex-shrink: 1; margin-bottom: 1px; overflow-x: visible; overflow-y: visible;&quot;
      &gt;
        &lt;ink-text
          style=&quot;flex-grow: 0; flex-shrink: 1; flex-direction: row; text-wrap: wrap;&quot;
        &gt;
          シナプス記憶システム ダッシュボード
        &lt;/ink-text&gt;
      &lt;/ink-box&gt;
      &lt;ink-box
        style=&quot;flex-wrap: nowrap; flex-direction: row; flex-grow: 0; flex-shrink: 1; margin-bottom: 1px; overflow-x: visible; overflow-y: visible;&quot;
      &gt;
        &lt;ink-box
          style=&quot;flex-wrap: nowrap; flex-direction: row; flex-grow: 0; flex-shrink: 1; margin-right: 2px; overflow-x: visible; overflow-y: visible;&quot;
        &gt;
          &lt;ink-text
            style=&quot;flex-grow: 0; flex-shrink: 1; flex-direction: row; text-wrap: wrap;&quot;
          &gt;
            [
            1
            ] 
            記憶一覧
          &lt;/ink-text&gt;
        &lt;/ink-box&gt;
        &lt;ink-box
          style=&quot;flex-wrap: nowrap; flex-direction: row; flex-grow: 0; flex-shrink: 1; margin-right: 2px; overflow-x: visible; overflow-y: visible;&quot;
        &gt;
          &lt;ink-text
            style=&quot;flex-grow: 0; flex-shrink: 1; flex-direction: row; text-wrap: wrap;&quot;
          &gt;
            [
            2
            ] 
            シナプス結合
          &lt;/ink-text&gt;
        &lt;/ink-box&gt;
        &lt;ink-box
          style=&quot;flex-wrap: nowrap; flex-direction: row; flex-grow: 0; flex-shrink: 1; margin-right: 2px; overflow-x: visible; overflow-y: visible;&quot;
        &gt;
          &lt;ink-text
            style=&quot;flex-grow: 0; flex-shrink: 1; flex-direction: row; text-wrap: wrap;&quot;
          &gt;
            [
            3
            ] 
            ネットワーク診断
          &lt;/ink-text&gt;
        &lt;/ink-box&gt;
        &lt;ink-box
          style=&quot;flex-wrap: nowrap; flex-direction: row; flex-grow: 0; flex-shrink: 1; margin-right: 2px; overflow-x: visible; overflow-y: visible;&quot;
        &gt;
          &lt;ink-text
            style=&quot;flex-grow: 0; flex-shrink: 1; flex-direction: row; text-wrap: wrap;&quot;
          &gt;
            [
            4
            ] 
            設定
          &lt;/ink-text&gt;
        &lt;/ink-box&gt;
      &lt;/ink-box&gt;
      &lt;ink-box
        style=&quot;flex-wrap: nowrap; flex-direction: row; flex-grow: 1; flex-shrink: 1; overflow: hidden; overflow-x: hidden; overflow-y: hidden;&quot;
      &gt;
        &lt;ink-box
          style=&quot;flex-wrap: nowrap; flex-direction: column; flex-grow: 1; flex-shrink: 1; overflow-x: visible; overflow-y: visible;&quot;
        &gt;
          &lt;ink-box
            style=&quot;flex-wrap: nowrap; flex-direction: row; flex-grow: 0; flex-shrink: 1; margin-bottom: 1px; overflow-x: visible; overflow-y: visible;&quot;
          &gt;
            &lt;ink-text
              style=&quot;flex-grow: 0; flex-shrink: 1; flex-direction: row; text-wrap: wrap;&quot;
            &gt;
              記憶一覧 (
              3
              件)
            &lt;/ink-text&gt;
          &lt;/ink-box&gt;
          &lt;ink-box
            style=&quot;flex-wrap: nowrap; flex-direction: column; flex-grow: 0; flex-shrink: 0; width: 48px; overflow-x: visible; overflow-y: visible;&quot;
          &gt;
            &lt;ink-box
              style=&quot;flex-wrap: nowrap; flex-direction: row; flex-grow: 0; flex-shrink: 1; overflow-x: visible; overflow-y: visible;&quot;
            &gt;
              &lt;ink-text
                style=&quot;flex-grow: 0; flex-shrink: 1; flex-direction: row; text-wrap: wrap;&quot;
              &gt;
                ► 
              &lt;/ink-text&gt;
              &lt;ink-text
                style=&quot;flex-grow: 0; flex-shrink: 1; flex-direction: row; text-wrap: wrap;&quot;
              &gt;
                [
              &lt;/ink-text&gt;
              &lt;ink-text
                style=&quot;flex-grow: 0; flex-shrink: 1; flex-direction: row; text-wrap: wrap;&quot;
              &gt;
                mem-001
              &lt;/ink-text&gt;
              &lt;ink-text
                style=&quot;flex-grow: 0; flex-shrink: 1; flex-direction: row; text-wrap: wrap;&quot;
              &gt;
                ] 
              &lt;/ink-text&gt;
              &lt;ink-text
                style=&quot;flex-grow: 0; flex-shrink: 1; flex-direction: row; text-wrap: wrap;&quot;
              &gt;
                GPT-5プロンプトガイドの分析結果
              &lt;/ink-text&gt;
            &lt;/ink-box&gt;
            &lt;ink-box
              style=&quot;flex-wrap: nowrap; flex-direction: row; flex-grow: 0; flex-shrink: 1; overflow-x: visible; overflow-y: visible;&quot;
            &gt;
              &lt;ink-text
                style=&quot;flex-grow: 0; flex-shrink: 1; flex-direction: row; text-wrap: wrap;&quot;
              &gt;
                  
              &lt;/ink-text&gt;
              &lt;ink-text
                style=&quot;flex-grow: 0; flex-shrink: 1; flex-direction: row; text-wrap: wrap;&quot;
              &gt;
                [
              &lt;/ink-text&gt;
              &lt;ink-text
                style=&quot;flex-grow: 0; flex-shrink: 1; flex-direction: row; text-wrap: wrap;&quot;
              &gt;
                mem-002
              &lt;/ink-text&gt;
              &lt;ink-text
                style=&quot;flex-grow: 0; flex-shrink: 1; flex-direction: row; text-wrap: wrap;&quot;
              &gt;
                ] 
              &lt;/ink-text&gt;
              &lt;ink-text
                style=&quot;flex-grow: 0; flex-shrink: 1; flex-direction: row; text-wrap: wrap;&quot;
              &gt;
                シナプス記憶システムのPhase 2実装完了
              &lt;/ink-text&gt;
            &lt;/ink-box&gt;
            &lt;ink-box
              style=&quot;flex-wrap: nowrap; flex-direction: row; flex-grow: 0; flex-shrink: 1; overflow-x: visible; overflow-y: visible;&quot;
            &gt;
              &lt;ink-text
                style=&quot;flex-grow: 0; flex-shrink: 1; flex-direction: row; text-wrap: wrap;&quot;
              &gt;
                  
              &lt;/ink-text&gt;
              &lt;ink-text
                style=&quot;flex-grow: 0; flex-shrink: 1; flex-direction: row; text-wrap: wrap;&quot;
              &gt;
                [
              &lt;/ink-text&gt;
              &lt;ink-text
                style=&quot;flex-grow: 0; flex-shrink: 1; flex-direction: row; text-wrap: wrap;&quot;
              &gt;
                mem-003
              &lt;/ink-text&gt;
              &lt;ink-text
                style=&quot;flex-grow: 0; flex-shrink: 1; flex-direction: row; text-wrap: wrap;&quot;
              &gt;
                ] 
              &lt;/ink-text&gt;
              &lt;ink-text
                style=&quot;flex-grow: 0; flex-shrink: 1; flex-direction: row; text-wrap: wrap;&quot;
              &gt;
                RESTful API設計とエンドポイント定義
              &lt;/ink-text&gt;
            &lt;/ink-box&gt;
          &lt;/ink-box&gt;
          &lt;ink-box
            style=&quot;flex-wrap: nowrap; flex-direction: row; flex-grow: 0; flex-shrink: 1; margin-top: 1px; border-color: rgb(108, 112, 134); padding: 1px; overflow-x: visible; overflow-y: visible;&quot;
          &gt;
            &lt;ink-box
              style=&quot;flex-wrap: nowrap; flex-direction: column; flex-grow: 0; flex-shrink: 1; overflow-x: visible; overflow-y: visible;&quot;
            &gt;
              &lt;ink-text
                style=&quot;flex-grow: 0; flex-shrink: 1; flex-direction: row; text-wrap: wrap;&quot;
              &gt;
                詳細:
              &lt;/ink-text&gt;
              &lt;ink-text
                style=&quot;flex-grow: 0; flex-shrink: 1; flex-direction: row; text-wrap: wrap;&quot;
              &gt;
                ID: 
                mem-001
              &lt;/ink-text&gt;
              &lt;ink-text
                style=&quot;flex-grow: 0; flex-shrink: 1; flex-direction: row; text-wrap: wrap;&quot;
              &gt;
                アクセス数: 
                15
              &lt;/ink-text&gt;
              &lt;ink-text
                style=&quot;flex-grow: 0; flex-shrink: 1; flex-direction: row; text-wrap: wrap;&quot;
              &gt;
                成功率: 
                92.0
                %
              &lt;/ink-text&gt;
              &lt;ink-text
                style=&quot;flex-grow: 0; flex-shrink: 1; flex-direction: row; text-wrap: wrap;&quot;
              &gt;
                タグ: 
                gpt5, prompting, analysis
              &lt;/ink-text&gt;
            &lt;/ink-box&gt;
          &lt;/ink-box&gt;
        &lt;/ink-box&gt;
      &lt;/ink-box&gt;
      &lt;ink-box
        style=&quot;flex-wrap: nowrap; flex-direction: row; flex-grow: 0; flex-shrink: 1; margin-top: 1px; border-color: rgb(108, 112, 134); padding: 1px; overflow-x: visible; overflow-y: visible;&quot;
      &gt;
        &lt;ink-text
          style=&quot;flex-grow: 0; flex-shrink: 1; flex-direction: row; text-wrap: wrap;&quot;
        &gt;
          Tab: タブ切替 | ↑↓: 記憶選択 | q: 終了
        &lt;/ink-text&gt;
      &lt;/ink-box&gt;
    &lt;/ink-box&gt;
  &lt;/div&gt;
&lt;/body&gt;
 ❯ Object.getElementError node_modules/@testing-library/dom/dist/config.js:37:19
 ❯ node_modules/@testing-library/dom/dist/query-helpers.js:76:38
 ❯ node_modules/@testing-library/dom/dist/query-helpers.js:52:17
 ❯ node_modules/@testing-library/dom/dist/query-helpers.js:95:19
 ❯ src/ui/components/SynapticMemoryDashboard.test.tsx:102:19
            </failure>
        </testcase>
        <testcase classname="src/ui/components/SynapticMemoryDashboard.test.tsx" name="SynapticMemoryDashboard &gt; Synapsesタブでシナプス接続が表示されること" time="0.010136834">
            <failure message="Unable to find an element with the text: Synapses. This could be because the text is broken up by multiple elements. In this case, you can provide a function for your text matcher to make your matcher more flexible.

Ignored nodes: comments, script, style
[36m&lt;body&gt;[39m
  [36m&lt;div&gt;[39m
    [36m&lt;ink-box[39m
      [33mstyle[39m=[32m&quot;flex-wrap: nowrap; flex-direction: column; flex-grow: 0; flex-shrink: 1; width: 52px; height: 20px; padding: 1px; overflow-x: visible; overflow-y: visible;&quot;[39m
    [36m&gt;[39m
      [36m&lt;ink-box[39m
        [33mstyle[39m=[32m&quot;flex-wrap: nowrap; flex-direction: row; flex-grow: 0; flex-shrink: 1; margin-bottom: 1px; overflow-x: visible; overflow-y: visible;&quot;[39m
      [36m&gt;[39m
        [36m&lt;ink-text[39m
          [33mstyle[39m=[32m&quot;flex-grow: 0; flex-shrink: 1; flex-direction: row; text-wrap: wrap;&quot;[39m
        [36m&gt;[39m
          [0mシナプス記憶システム ダッシュボード[0m
        [36m&lt;/ink-text&gt;[39m
      [36m&lt;/ink-box&gt;[39m
      [36m&lt;ink-box[39m
        [33mstyle[39m=[32m&quot;flex-wrap: nowrap; flex-direction: row; flex-grow: 0; flex-shrink: 1; margin-bottom: 1px; overflow-x: visible; overflow-y: visible;&quot;[39m
      [36m&gt;[39m
        [36m&lt;ink-box[39m
          [33mstyle[39m=[32m&quot;flex-wrap: nowrap; flex-direction: row; flex-grow: 0; flex-shrink: 1; margin-right: 2px; overflow-x: visible; overflow-y: visible;&quot;[39m
        [36m&gt;[39m
          [36m&lt;ink-text[39m
            [33mstyle[39m=[32m&quot;flex-grow: 0; flex-shrink: 1; flex-direction: row; text-wrap: wrap;&quot;[39m
          [36m&gt;[39m
            [0m[[0m
            [0m1[0m
            [0m] [0m
            [0m記憶一覧[0m
          [36m&lt;/ink-text&gt;[39m
        [36m&lt;/ink-box&gt;[39m
        [36m&lt;ink-box[39m
          [33mstyle[39m=[32m&quot;flex-wrap: nowrap; flex-direction: row; flex-grow: 0; flex-shrink: 1; margin-right: 2px; overflow-x: visible; overflow-y: visible;&quot;[39m
        [36m&gt;[39m
          [36m&lt;ink-text[39m
            [33mstyle[39m=[32m&quot;flex-grow: 0; flex-shrink: 1; flex-direction: row; text-wrap: wrap;&quot;[39m
          [36m&gt;[39m
            [0m[[0m
            [0m2[0m
            [0m] [0m
            [0mシナプス結合[0m
          [36m&lt;/ink-text&gt;[39m
        [36m&lt;/ink-box&gt;[39m
        [36m&lt;ink-box[39m
          [33mstyle[39m=[32m&quot;flex-wrap: nowrap; flex-direction: row; flex-grow: 0; flex-shrink: 1; margin-right: 2px; overflow-x: visible; overflow-y: visible;&quot;[39m
        [36m&gt;[39m
          [36m&lt;ink-text[39m
            [33mstyle[39m=[32m&quot;flex-grow: 0; flex-shrink: 1; flex-direction: row; text-wrap: wrap;&quot;[39m
          [36m&gt;[39m
            [0m[[0m
            [0m3[0m
            [0m] [0m
            [0mネットワーク診断[0m
          [36m&lt;/ink-text&gt;[39m
        [36m&lt;/ink-box&gt;[39m
        [36m&lt;ink-box[39m
          [33mstyle[39m=[32m&quot;flex-wrap: nowrap; flex-direction: row; flex-grow: 0; flex-shrink: 1; margin-right: 2px; overflow-x: visible; overflow-y: visible;&quot;[39m
        [36m&gt;[39m
          [36m&lt;ink-text[39m
            [33mstyle[39m=[32m&quot;flex-grow: 0; flex-shrink: 1; flex-direction: row; text-wrap: wrap;&quot;[39m
          [36m&gt;[39m
            [0m[[0m
            [0m4[0m
            [0m] [0m
            [0m設定[0m
          [36m&lt;/ink-text&gt;[39m
        [36m&lt;/ink-box&gt;[39m
      [36m&lt;/ink-box&gt;[39m
      [36m&lt;ink-box[39m
        [33mstyle[39m=[32m&quot;flex-wrap: nowrap; flex-direction: row; flex-grow: 1; flex-shrink: 1; overflow: hidden; overflow-x: hidden; overflow-y: hidden;&quot;[39m
      [36m&gt;[39m
        [36m&lt;ink-box[39m
          [33mstyle[39m=[32m&quot;flex-wrap: nowrap; flex-direction: column; flex-grow: 1; flex-shrink: 1; overflow-x: visible; overflow-y: visible;&quot;[39m
        [36m&gt;[39m
          [36m&lt;ink-box[39m
            [33mstyle[39m=[32m&quot;flex-wrap: nowrap; flex-direction: row; flex-grow: 0; flex-shrink: 1; margin-bottom: 1px; overflow-x: visible; overflow-y: visible;&quot;[39m
          [36m&gt;[39m
            [36m&lt;ink-text[39m
              [33mstyle[39m=[32m&quot;flex-grow: 0; flex-shrink: 1; flex-direction: row; text-wrap: wrap;&quot;[39m
            [36m&gt;[39m
              [0m記憶一覧 ([0m
              [0m3[0m
              [0m件)[0m
            [36m&lt;/ink-text&gt;[39m
          [36m&lt;/ink-box&gt;[39m
          [36m&lt;ink-box[39m
            [33mstyle[39m=[32m&quot;flex-wrap: nowrap; flex-direction: column; flex-grow: 0; flex-shrink: 0; width: 48px; overflow-x: visible; overflow-y: visible;&quot;[39m
          [36m&gt;[39m
            [36m&lt;ink-box[39m
              [33mstyle[39m=[32m&quot;flex-wrap: nowrap; flex-direction: row; flex-grow: 0; flex-shrink: 1; overflow-x: visible; overflow-y: visible;&quot;[39m
            [36m&gt;[39m
              [36m&lt;ink-text[39m
                [33mstyle[39m=[32m&quot;flex-grow: 0; flex-shrink: 1; flex-direction: row; text-wrap: wrap;&quot;[39m
              [36m&gt;[39m
                [0m► [0m
              [36m&lt;/ink-text&gt;[39m
              [36m&lt;ink-text[39m
                [33mstyle[39m=[32m&quot;flex-grow: 0; flex-shrink: 1; flex-direction: row; text-wrap: wrap;&quot;[39m
              [36m&gt;[39m
                [0m[[0m
              [36m&lt;/ink-text&gt;[39m
              [36m&lt;ink-text[39m
                [33mstyle[39m=[32m&quot;flex-grow: 0; flex-shrink: 1; flex-direction: row; text-wrap: wrap;&quot;[39m
              [36m&gt;[39m
                [0mmem-001[0m
              [36m&lt;/ink-text&gt;[39m
              [36m&lt;ink-text[39m
                [33mstyle[39m=[32m&quot;flex-grow: 0; flex-shrink: 1; flex-direction: row; text-wrap: wrap;&quot;[39m
              [36m&gt;[39m
                [0m] [0m
              [36m&lt;/ink-text&gt;[39m
              [36m&lt;ink-text[39m
                [33mstyle[39m=[32m&quot;flex-grow: 0; flex-shrink: 1; flex-direction: row; text-wrap: wrap;&quot;[39m
              [36m&gt;[39m
                [0mGPT-5プロンプトガイドの分析結果[0m
              [36m&lt;/ink-text&gt;[39m
            [36m&lt;/ink-box&gt;[39m
            [36m&lt;ink-box[39m
              [33mstyle[39m=[32m&quot;flex-wrap: nowrap; flex-direction: row; flex-grow: 0; flex-shrink: 1; overflow-x: visible; overflow-y: visible;&quot;[39m
            [36m&gt;[39m
              [36m&lt;ink-text[39m
                [33mstyle[39m=[32m&quot;flex-grow: 0; flex-shrink: 1; flex-direction: row; text-wrap: wrap;&quot;[39m
              [36m&gt;[39m
                [0m  [0m
              [36m&lt;/ink-text&gt;[39m
              [36m&lt;ink-text[39m
                [33mstyle[39m=[32m&quot;flex-grow: 0; flex-shrink: 1; flex-direction: row; text-wrap: wrap;&quot;[39m
              [36m&gt;[39m
                [0m[[0m
              [36m&lt;/ink-text&gt;[39m
              [36m&lt;ink-text[39m
                [33mstyle[39m=[32m&quot;flex-grow: 0; flex-shrink: 1; flex-direction: row; text-wrap: wrap;&quot;[39m
              [36m&gt;[39m
                [0mmem-002[0m
              [36m&lt;/ink-text&gt;[39m
              [36m&lt;ink-text[39m
                [33mstyle[39m=[32m&quot;flex-grow: 0; flex-shrink: 1; flex-direction: row; text-wrap: wrap;&quot;[39m
              [36m&gt;[39m
                [0m] [0m
              [36m&lt;/ink-text&gt;[39m
              [36m&lt;ink-text[39m
                [33mstyle[39m=[32m&quot;flex-grow: 0; flex-shrink: 1; flex-direction: row; text-wrap: wrap;&quot;[39m
              [36m&gt;[39m
                [0mシナプス記憶システムのPhase 2実装完了[0m
              [36m&lt;/ink-text&gt;[39m
            [36m&lt;/ink-box&gt;[39m
            [36m&lt;ink-box[39m
              [33mstyle[39m=[32m&quot;flex-wrap: nowrap; flex-direction: row; flex-grow: 0; flex-shrink: 1; overflow-x: visible; overflow-y: visible;&quot;[39m
            [36m&gt;[39m
              [36m&lt;ink-text[39m
                [33mstyle[39m=[32m&quot;flex-grow: 0; flex-shrink: 1; flex-direction: row; text-wrap: wrap;&quot;[39m
              [36m&gt;[39m
                [0m  [0m
              [36m&lt;/ink-text&gt;[39m
              [36m&lt;ink-text[39m
                [33mstyle[39m=[32m&quot;flex-grow: 0; flex-shrink: 1; flex-direction: row; text-wrap: wrap;&quot;[39m
              [36m&gt;[39m
                [0m[[0m
              [36m&lt;/ink-text&gt;[39m
              [36m&lt;ink-text[39m
                [33mstyle[39m=[32m&quot;flex-grow: 0; flex-shrink: 1; flex-direction: row; text-wrap: wrap;&quot;[39m
              [36m&gt;[39m
                [0mmem-003[0m
              [36m&lt;/ink-text&gt;[39m
              [36m&lt;ink-text[39m
                [33mstyle[39m=[32m&quot;flex-grow: 0; flex-shrink: 1; flex-direction: row; text-wrap: wrap;&quot;[39m
              [36m&gt;[39m
                [0m] [0m
              [36m&lt;/ink-text&gt;[39m
              [36m&lt;ink-text[39m
                [33mstyle[39m=[32m&quot;flex-grow: 0; flex-shrink: 1; flex-direction: row; text-wrap: wrap;&quot;[39m
              [36m&gt;[39m
                [0mRESTful API設計とエンドポイント定義[0m
              [36m&lt;/ink-text&gt;[39m
            [36m&lt;/ink-box&gt;[39m
          [36m&lt;/ink-box&gt;[39m
          [36m&lt;ink-box[39m
            [33mstyle[39m=[32m&quot;flex-wrap: nowrap; flex-direction: row; flex-grow: 0; flex-shrink: 1; margin-top: 1px; border-color: rgb(108, 112, 134); padding: 1px; overflow-x: visible; overflow-y: visible;&quot;[39m
          [36m&gt;[39m
            [36m&lt;ink-box[39m
              [33mstyle[39m=[32m&quot;flex-wrap: nowrap; flex-direction: column; flex-grow: 0; flex-shrink: 1; overflow-x: visible; overflow-y: visible;&quot;[39m
            [36m&gt;[39m
              [36m&lt;ink-text[39m
                [33mstyle[39m=[32m&quot;flex-grow: 0; flex-shrink: 1; flex-direction: row; text-wrap: wrap;&quot;[39m
              [36m&gt;[39m
                [0m詳細:[0m
              [36m&lt;/ink-text&gt;[39m
              [36m&lt;ink-text[39m
                [33mstyle[39m=[32m&quot;flex-grow: 0; flex-shrink: 1; flex-direction: row; text-wrap: wrap;&quot;[39m
              [36m&gt;[39m
                [0mID: [0m
                [0mmem-001[0m
              [36m&lt;/ink-text&gt;[39m
              [36m&lt;ink-text[39m
                [33mstyle[39m=[32m&quot;flex-grow: 0; flex-shrink: 1; flex-direction: row; text-wrap: wrap;&quot;[39m
              [36m&gt;[39m
                [0mアクセス数: [0m
                [0m15[0m
              [36m&lt;/ink-text&gt;[39m
              [36m&lt;ink-text[39m
                [33mstyle[39m=[32m&quot;flex-grow: 0; flex-shrink: 1; flex-direction: row; text-wrap: wrap;&quot;[39m
              [36m&gt;[39m
                [0m成功率: [0m
                [0m92.0[0m
                [0m%[0m
              [36m&lt;/ink-text&gt;[39m
              [36m&lt;ink-text[39m
                [33mstyle[39m=[32m&quot;flex-grow: 0; flex-shrink: 1; flex-direction: row; text-wrap: wrap;&quot;[39m
              [36m&gt;[39m
                [0mタグ: [0m
                [0mgpt5, prompting, analysis[0m
              [36m&lt;/ink-text&gt;[39m
            [36m&lt;/ink-box&gt;[39m
          [36m&lt;/ink-box&gt;[39m
        [36m&lt;/ink-box&gt;[39m
      [36m&lt;/ink-box&gt;[39m
      [36m&lt;ink-box[39m
        [33mstyle[39m=[32m&quot;flex-wrap: nowrap; flex-direction: row; flex-grow: 0; flex-shrink: 1; margin-top: 1px; border-color: rgb(108, 112, 134); padding: 1px; overflow-x: visible; overflow-y: visible;&quot;[39m
      [36m&gt;[39m
        [36m&lt;ink-text[39m
          [33mstyle[39m=[32m&quot;flex-grow: 0; flex-shrink: 1; flex-direction: row; text-wrap: wrap;&quot;[39m
        [36m&gt;[39m
          [0mTab: タブ切替 | ↑↓: 記憶選択 | q: 終了[0m
        [36m&lt;/ink-text&gt;[39m
      [36m&lt;/ink-box&gt;[39m
    [36m&lt;/ink-box&gt;[39m
  [36m&lt;/div&gt;[39m
[36m&lt;/body&gt;[39m" type="TestingLibraryElementError">
TestingLibraryElementError: Unable to find an element with the text: Synapses. This could be because the text is broken up by multiple elements. In this case, you can provide a function for your text matcher to make your matcher more flexible.

Ignored nodes: comments, script, style
&lt;body&gt;
  &lt;div&gt;
    &lt;ink-box
      style=&quot;flex-wrap: nowrap; flex-direction: column; flex-grow: 0; flex-shrink: 1; width: 52px; height: 20px; padding: 1px; overflow-x: visible; overflow-y: visible;&quot;
    &gt;
      &lt;ink-box
        style=&quot;flex-wrap: nowrap; flex-direction: row; flex-grow: 0; flex-shrink: 1; margin-bottom: 1px; overflow-x: visible; overflow-y: visible;&quot;
      &gt;
        &lt;ink-text
          style=&quot;flex-grow: 0; flex-shrink: 1; flex-direction: row; text-wrap: wrap;&quot;
        &gt;
          シナプス記憶システム ダッシュボード
        &lt;/ink-text&gt;
      &lt;/ink-box&gt;
      &lt;ink-box
        style=&quot;flex-wrap: nowrap; flex-direction: row; flex-grow: 0; flex-shrink: 1; margin-bottom: 1px; overflow-x: visible; overflow-y: visible;&quot;
      &gt;
        &lt;ink-box
          style=&quot;flex-wrap: nowrap; flex-direction: row; flex-grow: 0; flex-shrink: 1; margin-right: 2px; overflow-x: visible; overflow-y: visible;&quot;
        &gt;
          &lt;ink-text
            style=&quot;flex-grow: 0; flex-shrink: 1; flex-direction: row; text-wrap: wrap;&quot;
          &gt;
            [
            1
            ] 
            記憶一覧
          &lt;/ink-text&gt;
        &lt;/ink-box&gt;
        &lt;ink-box
          style=&quot;flex-wrap: nowrap; flex-direction: row; flex-grow: 0; flex-shrink: 1; margin-right: 2px; overflow-x: visible; overflow-y: visible;&quot;
        &gt;
          &lt;ink-text
            style=&quot;flex-grow: 0; flex-shrink: 1; flex-direction: row; text-wrap: wrap;&quot;
          &gt;
            [
            2
            ] 
            シナプス結合
          &lt;/ink-text&gt;
        &lt;/ink-box&gt;
        &lt;ink-box
          style=&quot;flex-wrap: nowrap; flex-direction: row; flex-grow: 0; flex-shrink: 1; margin-right: 2px; overflow-x: visible; overflow-y: visible;&quot;
        &gt;
          &lt;ink-text
            style=&quot;flex-grow: 0; flex-shrink: 1; flex-direction: row; text-wrap: wrap;&quot;
          &gt;
            [
            3
            ] 
            ネットワーク診断
          &lt;/ink-text&gt;
        &lt;/ink-box&gt;
        &lt;ink-box
          style=&quot;flex-wrap: nowrap; flex-direction: row; flex-grow: 0; flex-shrink: 1; margin-right: 2px; overflow-x: visible; overflow-y: visible;&quot;
        &gt;
          &lt;ink-text
            style=&quot;flex-grow: 0; flex-shrink: 1; flex-direction: row; text-wrap: wrap;&quot;
          &gt;
            [
            4
            ] 
            設定
          &lt;/ink-text&gt;
        &lt;/ink-box&gt;
      &lt;/ink-box&gt;
      &lt;ink-box
        style=&quot;flex-wrap: nowrap; flex-direction: row; flex-grow: 1; flex-shrink: 1; overflow: hidden; overflow-x: hidden; overflow-y: hidden;&quot;
      &gt;
        &lt;ink-box
          style=&quot;flex-wrap: nowrap; flex-direction: column; flex-grow: 1; flex-shrink: 1; overflow-x: visible; overflow-y: visible;&quot;
        &gt;
          &lt;ink-box
            style=&quot;flex-wrap: nowrap; flex-direction: row; flex-grow: 0; flex-shrink: 1; margin-bottom: 1px; overflow-x: visible; overflow-y: visible;&quot;
          &gt;
            &lt;ink-text
              style=&quot;flex-grow: 0; flex-shrink: 1; flex-direction: row; text-wrap: wrap;&quot;
            &gt;
              記憶一覧 (
              3
              件)
            &lt;/ink-text&gt;
          &lt;/ink-box&gt;
          &lt;ink-box
            style=&quot;flex-wrap: nowrap; flex-direction: column; flex-grow: 0; flex-shrink: 0; width: 48px; overflow-x: visible; overflow-y: visible;&quot;
          &gt;
            &lt;ink-box
              style=&quot;flex-wrap: nowrap; flex-direction: row; flex-grow: 0; flex-shrink: 1; overflow-x: visible; overflow-y: visible;&quot;
            &gt;
              &lt;ink-text
                style=&quot;flex-grow: 0; flex-shrink: 1; flex-direction: row; text-wrap: wrap;&quot;
              &gt;
                ► 
              &lt;/ink-text&gt;
              &lt;ink-text
                style=&quot;flex-grow: 0; flex-shrink: 1; flex-direction: row; text-wrap: wrap;&quot;
              &gt;
                [
              &lt;/ink-text&gt;
              &lt;ink-text
                style=&quot;flex-grow: 0; flex-shrink: 1; flex-direction: row; text-wrap: wrap;&quot;
              &gt;
                mem-001
              &lt;/ink-text&gt;
              &lt;ink-text
                style=&quot;flex-grow: 0; flex-shrink: 1; flex-direction: row; text-wrap: wrap;&quot;
              &gt;
                ] 
              &lt;/ink-text&gt;
              &lt;ink-text
                style=&quot;flex-grow: 0; flex-shrink: 1; flex-direction: row; text-wrap: wrap;&quot;
              &gt;
                GPT-5プロンプトガイドの分析結果
              &lt;/ink-text&gt;
            &lt;/ink-box&gt;
            &lt;ink-box
              style=&quot;flex-wrap: nowrap; flex-direction: row; flex-grow: 0; flex-shrink: 1; overflow-x: visible; overflow-y: visible;&quot;
            &gt;
              &lt;ink-text
                style=&quot;flex-grow: 0; flex-shrink: 1; flex-direction: row; text-wrap: wrap;&quot;
              &gt;
                  
              &lt;/ink-text&gt;
              &lt;ink-text
                style=&quot;flex-grow: 0; flex-shrink: 1; flex-direction: row; text-wrap: wrap;&quot;
              &gt;
                [
              &lt;/ink-text&gt;
              &lt;ink-text
                style=&quot;flex-grow: 0; flex-shrink: 1; flex-direction: row; text-wrap: wrap;&quot;
              &gt;
                mem-002
              &lt;/ink-text&gt;
              &lt;ink-text
                style=&quot;flex-grow: 0; flex-shrink: 1; flex-direction: row; text-wrap: wrap;&quot;
              &gt;
                ] 
              &lt;/ink-text&gt;
              &lt;ink-text
                style=&quot;flex-grow: 0; flex-shrink: 1; flex-direction: row; text-wrap: wrap;&quot;
              &gt;
                シナプス記憶システムのPhase 2実装完了
              &lt;/ink-text&gt;
            &lt;/ink-box&gt;
            &lt;ink-box
              style=&quot;flex-wrap: nowrap; flex-direction: row; flex-grow: 0; flex-shrink: 1; overflow-x: visible; overflow-y: visible;&quot;
            &gt;
              &lt;ink-text
                style=&quot;flex-grow: 0; flex-shrink: 1; flex-direction: row; text-wrap: wrap;&quot;
              &gt;
                  
              &lt;/ink-text&gt;
              &lt;ink-text
                style=&quot;flex-grow: 0; flex-shrink: 1; flex-direction: row; text-wrap: wrap;&quot;
              &gt;
                [
              &lt;/ink-text&gt;
              &lt;ink-text
                style=&quot;flex-grow: 0; flex-shrink: 1; flex-direction: row; text-wrap: wrap;&quot;
              &gt;
                mem-003
              &lt;/ink-text&gt;
              &lt;ink-text
                style=&quot;flex-grow: 0; flex-shrink: 1; flex-direction: row; text-wrap: wrap;&quot;
              &gt;
                ] 
              &lt;/ink-text&gt;
              &lt;ink-text
                style=&quot;flex-grow: 0; flex-shrink: 1; flex-direction: row; text-wrap: wrap;&quot;
              &gt;
                RESTful API設計とエンドポイント定義
              &lt;/ink-text&gt;
            &lt;/ink-box&gt;
          &lt;/ink-box&gt;
          &lt;ink-box
            style=&quot;flex-wrap: nowrap; flex-direction: row; flex-grow: 0; flex-shrink: 1; margin-top: 1px; border-color: rgb(108, 112, 134); padding: 1px; overflow-x: visible; overflow-y: visible;&quot;
          &gt;
            &lt;ink-box
              style=&quot;flex-wrap: nowrap; flex-direction: column; flex-grow: 0; flex-shrink: 1; overflow-x: visible; overflow-y: visible;&quot;
            &gt;
              &lt;ink-text
                style=&quot;flex-grow: 0; flex-shrink: 1; flex-direction: row; text-wrap: wrap;&quot;
              &gt;
                詳細:
              &lt;/ink-text&gt;
              &lt;ink-text
                style=&quot;flex-grow: 0; flex-shrink: 1; flex-direction: row; text-wrap: wrap;&quot;
              &gt;
                ID: 
                mem-001
              &lt;/ink-text&gt;
              &lt;ink-text
                style=&quot;flex-grow: 0; flex-shrink: 1; flex-direction: row; text-wrap: wrap;&quot;
              &gt;
                アクセス数: 
                15
              &lt;/ink-text&gt;
              &lt;ink-text
                style=&quot;flex-grow: 0; flex-shrink: 1; flex-direction: row; text-wrap: wrap;&quot;
              &gt;
                成功率: 
                92.0
                %
              &lt;/ink-text&gt;
              &lt;ink-text
                style=&quot;flex-grow: 0; flex-shrink: 1; flex-direction: row; text-wrap: wrap;&quot;
              &gt;
                タグ: 
                gpt5, prompting, analysis
              &lt;/ink-text&gt;
            &lt;/ink-box&gt;
          &lt;/ink-box&gt;
        &lt;/ink-box&gt;
      &lt;/ink-box&gt;
      &lt;ink-box
        style=&quot;flex-wrap: nowrap; flex-direction: row; flex-grow: 0; flex-shrink: 1; margin-top: 1px; border-color: rgb(108, 112, 134); padding: 1px; overflow-x: visible; overflow-y: visible;&quot;
      &gt;
        &lt;ink-text
          style=&quot;flex-grow: 0; flex-shrink: 1; flex-direction: row; text-wrap: wrap;&quot;
        &gt;
          Tab: タブ切替 | ↑↓: 記憶選択 | q: 終了
        &lt;/ink-text&gt;
      &lt;/ink-box&gt;
    &lt;/ink-box&gt;
  &lt;/div&gt;
&lt;/body&gt;
 ❯ Object.getElementError node_modules/@testing-library/dom/dist/config.js:37:19
 ❯ node_modules/@testing-library/dom/dist/query-helpers.js:76:38
 ❯ node_modules/@testing-library/dom/dist/query-helpers.js:52:17
 ❯ node_modules/@testing-library/dom/dist/query-helpers.js:95:19
 ❯ src/ui/components/SynapticMemoryDashboard.test.tsx:113:28
            </failure>
        </testcase>
        <testcase classname="src/ui/components/SynapticMemoryDashboard.test.tsx" name="SynapticMemoryDashboard &gt; Healthタブでネットワーク健康状態が表示されること" time="0.008885416">
            <failure message="Unable to find an element with the text: Health. This could be because the text is broken up by multiple elements. In this case, you can provide a function for your text matcher to make your matcher more flexible.

Ignored nodes: comments, script, style
[36m&lt;body&gt;[39m
  [36m&lt;div&gt;[39m
    [36m&lt;ink-box[39m
      [33mstyle[39m=[32m&quot;flex-wrap: nowrap; flex-direction: column; flex-grow: 0; flex-shrink: 1; width: 52px; height: 20px; padding: 1px; overflow-x: visible; overflow-y: visible;&quot;[39m
    [36m&gt;[39m
      [36m&lt;ink-box[39m
        [33mstyle[39m=[32m&quot;flex-wrap: nowrap; flex-direction: row; flex-grow: 0; flex-shrink: 1; margin-bottom: 1px; overflow-x: visible; overflow-y: visible;&quot;[39m
      [36m&gt;[39m
        [36m&lt;ink-text[39m
          [33mstyle[39m=[32m&quot;flex-grow: 0; flex-shrink: 1; flex-direction: row; text-wrap: wrap;&quot;[39m
        [36m&gt;[39m
          [0mシナプス記憶システム ダッシュボード[0m
        [36m&lt;/ink-text&gt;[39m
      [36m&lt;/ink-box&gt;[39m
      [36m&lt;ink-box[39m
        [33mstyle[39m=[32m&quot;flex-wrap: nowrap; flex-direction: row; flex-grow: 0; flex-shrink: 1; margin-bottom: 1px; overflow-x: visible; overflow-y: visible;&quot;[39m
      [36m&gt;[39m
        [36m&lt;ink-box[39m
          [33mstyle[39m=[32m&quot;flex-wrap: nowrap; flex-direction: row; flex-grow: 0; flex-shrink: 1; margin-right: 2px; overflow-x: visible; overflow-y: visible;&quot;[39m
        [36m&gt;[39m
          [36m&lt;ink-text[39m
            [33mstyle[39m=[32m&quot;flex-grow: 0; flex-shrink: 1; flex-direction: row; text-wrap: wrap;&quot;[39m
          [36m&gt;[39m
            [0m[[0m
            [0m1[0m
            [0m] [0m
            [0m記憶一覧[0m
          [36m&lt;/ink-text&gt;[39m
        [36m&lt;/ink-box&gt;[39m
        [36m&lt;ink-box[39m
          [33mstyle[39m=[32m&quot;flex-wrap: nowrap; flex-direction: row; flex-grow: 0; flex-shrink: 1; margin-right: 2px; overflow-x: visible; overflow-y: visible;&quot;[39m
        [36m&gt;[39m
          [36m&lt;ink-text[39m
            [33mstyle[39m=[32m&quot;flex-grow: 0; flex-shrink: 1; flex-direction: row; text-wrap: wrap;&quot;[39m
          [36m&gt;[39m
            [0m[[0m
            [0m2[0m
            [0m] [0m
            [0mシナプス結合[0m
          [36m&lt;/ink-text&gt;[39m
        [36m&lt;/ink-box&gt;[39m
        [36m&lt;ink-box[39m
          [33mstyle[39m=[32m&quot;flex-wrap: nowrap; flex-direction: row; flex-grow: 0; flex-shrink: 1; margin-right: 2px; overflow-x: visible; overflow-y: visible;&quot;[39m
        [36m&gt;[39m
          [36m&lt;ink-text[39m
            [33mstyle[39m=[32m&quot;flex-grow: 0; flex-shrink: 1; flex-direction: row; text-wrap: wrap;&quot;[39m
          [36m&gt;[39m
            [0m[[0m
            [0m3[0m
            [0m] [0m
            [0mネットワーク診断[0m
          [36m&lt;/ink-text&gt;[39m
        [36m&lt;/ink-box&gt;[39m
        [36m&lt;ink-box[39m
          [33mstyle[39m=[32m&quot;flex-wrap: nowrap; flex-direction: row; flex-grow: 0; flex-shrink: 1; margin-right: 2px; overflow-x: visible; overflow-y: visible;&quot;[39m
        [36m&gt;[39m
          [36m&lt;ink-text[39m
            [33mstyle[39m=[32m&quot;flex-grow: 0; flex-shrink: 1; flex-direction: row; text-wrap: wrap;&quot;[39m
          [36m&gt;[39m
            [0m[[0m
            [0m4[0m
            [0m] [0m
            [0m設定[0m
          [36m&lt;/ink-text&gt;[39m
        [36m&lt;/ink-box&gt;[39m
      [36m&lt;/ink-box&gt;[39m
      [36m&lt;ink-box[39m
        [33mstyle[39m=[32m&quot;flex-wrap: nowrap; flex-direction: row; flex-grow: 1; flex-shrink: 1; overflow: hidden; overflow-x: hidden; overflow-y: hidden;&quot;[39m
      [36m&gt;[39m
        [36m&lt;ink-box[39m
          [33mstyle[39m=[32m&quot;flex-wrap: nowrap; flex-direction: column; flex-grow: 1; flex-shrink: 1; overflow-x: visible; overflow-y: visible;&quot;[39m
        [36m&gt;[39m
          [36m&lt;ink-box[39m
            [33mstyle[39m=[32m&quot;flex-wrap: nowrap; flex-direction: row; flex-grow: 0; flex-shrink: 1; margin-bottom: 1px; overflow-x: visible; overflow-y: visible;&quot;[39m
          [36m&gt;[39m
            [36m&lt;ink-text[39m
              [33mstyle[39m=[32m&quot;flex-grow: 0; flex-shrink: 1; flex-direction: row; text-wrap: wrap;&quot;[39m
            [36m&gt;[39m
              [0m記憶一覧 ([0m
              [0m3[0m
              [0m件)[0m
            [36m&lt;/ink-text&gt;[39m
          [36m&lt;/ink-box&gt;[39m
          [36m&lt;ink-box[39m
            [33mstyle[39m=[32m&quot;flex-wrap: nowrap; flex-direction: column; flex-grow: 0; flex-shrink: 0; width: 48px; overflow-x: visible; overflow-y: visible;&quot;[39m
          [36m&gt;[39m
            [36m&lt;ink-box[39m
              [33mstyle[39m=[32m&quot;flex-wrap: nowrap; flex-direction: row; flex-grow: 0; flex-shrink: 1; overflow-x: visible; overflow-y: visible;&quot;[39m
            [36m&gt;[39m
              [36m&lt;ink-text[39m
                [33mstyle[39m=[32m&quot;flex-grow: 0; flex-shrink: 1; flex-direction: row; text-wrap: wrap;&quot;[39m
              [36m&gt;[39m
                [0m► [0m
              [36m&lt;/ink-text&gt;[39m
              [36m&lt;ink-text[39m
                [33mstyle[39m=[32m&quot;flex-grow: 0; flex-shrink: 1; flex-direction: row; text-wrap: wrap;&quot;[39m
              [36m&gt;[39m
                [0m[[0m
              [36m&lt;/ink-text&gt;[39m
              [36m&lt;ink-text[39m
                [33mstyle[39m=[32m&quot;flex-grow: 0; flex-shrink: 1; flex-direction: row; text-wrap: wrap;&quot;[39m
              [36m&gt;[39m
                [0mmem-001[0m
              [36m&lt;/ink-text&gt;[39m
              [36m&lt;ink-text[39m
                [33mstyle[39m=[32m&quot;flex-grow: 0; flex-shrink: 1; flex-direction: row; text-wrap: wrap;&quot;[39m
              [36m&gt;[39m
                [0m] [0m
              [36m&lt;/ink-text&gt;[39m
              [36m&lt;ink-text[39m
                [33mstyle[39m=[32m&quot;flex-grow: 0; flex-shrink: 1; flex-direction: row; text-wrap: wrap;&quot;[39m
              [36m&gt;[39m
                [0mGPT-5プロンプトガイドの分析結果[0m
              [36m&lt;/ink-text&gt;[39m
            [36m&lt;/ink-box&gt;[39m
            [36m&lt;ink-box[39m
              [33mstyle[39m=[32m&quot;flex-wrap: nowrap; flex-direction: row; flex-grow: 0; flex-shrink: 1; overflow-x: visible; overflow-y: visible;&quot;[39m
            [36m&gt;[39m
              [36m&lt;ink-text[39m
                [33mstyle[39m=[32m&quot;flex-grow: 0; flex-shrink: 1; flex-direction: row; text-wrap: wrap;&quot;[39m
              [36m&gt;[39m
                [0m  [0m
              [36m&lt;/ink-text&gt;[39m
              [36m&lt;ink-text[39m
                [33mstyle[39m=[32m&quot;flex-grow: 0; flex-shrink: 1; flex-direction: row; text-wrap: wrap;&quot;[39m
              [36m&gt;[39m
                [0m[[0m
              [36m&lt;/ink-text&gt;[39m
              [36m&lt;ink-text[39m
                [33mstyle[39m=[32m&quot;flex-grow: 0; flex-shrink: 1; flex-direction: row; text-wrap: wrap;&quot;[39m
              [36m&gt;[39m
                [0mmem-002[0m
              [36m&lt;/ink-text&gt;[39m
              [36m&lt;ink-text[39m
                [33mstyle[39m=[32m&quot;flex-grow: 0; flex-shrink: 1; flex-direction: row; text-wrap: wrap;&quot;[39m
              [36m&gt;[39m
                [0m] [0m
              [36m&lt;/ink-text&gt;[39m
              [36m&lt;ink-text[39m
                [33mstyle[39m=[32m&quot;flex-grow: 0; flex-shrink: 1; flex-direction: row; text-wrap: wrap;&quot;[39m
              [36m&gt;[39m
                [0mシナプス記憶システムのPhase 2実装完了[0m
              [36m&lt;/ink-text&gt;[39m
            [36m&lt;/ink-box&gt;[39m
            [36m&lt;ink-box[39m
              [33mstyle[39m=[32m&quot;flex-wrap: nowrap; flex-direction: row; flex-grow: 0; flex-shrink: 1; overflow-x: visible; overflow-y: visible;&quot;[39m
            [36m&gt;[39m
              [36m&lt;ink-text[39m
                [33mstyle[39m=[32m&quot;flex-grow: 0; flex-shrink: 1; flex-direction: row; text-wrap: wrap;&quot;[39m
              [36m&gt;[39m
                [0m  [0m
              [36m&lt;/ink-text&gt;[39m
              [36m&lt;ink-text[39m
                [33mstyle[39m=[32m&quot;flex-grow: 0; flex-shrink: 1; flex-direction: row; text-wrap: wrap;&quot;[39m
              [36m&gt;[39m
                [0m[[0m
              [36m&lt;/ink-text&gt;[39m
              [36m&lt;ink-text[39m
                [33mstyle[39m=[32m&quot;flex-grow: 0; flex-shrink: 1; flex-direction: row; text-wrap: wrap;&quot;[39m
              [36m&gt;[39m
                [0mmem-003[0m
              [36m&lt;/ink-text&gt;[39m
              [36m&lt;ink-text[39m
                [33mstyle[39m=[32m&quot;flex-grow: 0; flex-shrink: 1; flex-direction: row; text-wrap: wrap;&quot;[39m
              [36m&gt;[39m
                [0m] [0m
              [36m&lt;/ink-text&gt;[39m
              [36m&lt;ink-text[39m
                [33mstyle[39m=[32m&quot;flex-grow: 0; flex-shrink: 1; flex-direction: row; text-wrap: wrap;&quot;[39m
              [36m&gt;[39m
                [0mRESTful API設計とエンドポイント定義[0m
              [36m&lt;/ink-text&gt;[39m
            [36m&lt;/ink-box&gt;[39m
          [36m&lt;/ink-box&gt;[39m
          [36m&lt;ink-box[39m
            [33mstyle[39m=[32m&quot;flex-wrap: nowrap; flex-direction: row; flex-grow: 0; flex-shrink: 1; margin-top: 1px; border-color: rgb(108, 112, 134); padding: 1px; overflow-x: visible; overflow-y: visible;&quot;[39m
          [36m&gt;[39m
            [36m&lt;ink-box[39m
              [33mstyle[39m=[32m&quot;flex-wrap: nowrap; flex-direction: column; flex-grow: 0; flex-shrink: 1; overflow-x: visible; overflow-y: visible;&quot;[39m
            [36m&gt;[39m
              [36m&lt;ink-text[39m
                [33mstyle[39m=[32m&quot;flex-grow: 0; flex-shrink: 1; flex-direction: row; text-wrap: wrap;&quot;[39m
              [36m&gt;[39m
                [0m詳細:[0m
              [36m&lt;/ink-text&gt;[39m
              [36m&lt;ink-text[39m
                [33mstyle[39m=[32m&quot;flex-grow: 0; flex-shrink: 1; flex-direction: row; text-wrap: wrap;&quot;[39m
              [36m&gt;[39m
                [0mID: [0m
                [0mmem-001[0m
              [36m&lt;/ink-text&gt;[39m
              [36m&lt;ink-text[39m
                [33mstyle[39m=[32m&quot;flex-grow: 0; flex-shrink: 1; flex-direction: row; text-wrap: wrap;&quot;[39m
              [36m&gt;[39m
                [0mアクセス数: [0m
                [0m15[0m
              [36m&lt;/ink-text&gt;[39m
              [36m&lt;ink-text[39m
                [33mstyle[39m=[32m&quot;flex-grow: 0; flex-shrink: 1; flex-direction: row; text-wrap: wrap;&quot;[39m
              [36m&gt;[39m
                [0m成功率: [0m
                [0m92.0[0m
                [0m%[0m
              [36m&lt;/ink-text&gt;[39m
              [36m&lt;ink-text[39m
                [33mstyle[39m=[32m&quot;flex-grow: 0; flex-shrink: 1; flex-direction: row; text-wrap: wrap;&quot;[39m
              [36m&gt;[39m
                [0mタグ: [0m
                [0mgpt5, prompting, analysis[0m
              [36m&lt;/ink-text&gt;[39m
            [36m&lt;/ink-box&gt;[39m
          [36m&lt;/ink-box&gt;[39m
        [36m&lt;/ink-box&gt;[39m
      [36m&lt;/ink-box&gt;[39m
      [36m&lt;ink-box[39m
        [33mstyle[39m=[32m&quot;flex-wrap: nowrap; flex-direction: row; flex-grow: 0; flex-shrink: 1; margin-top: 1px; border-color: rgb(108, 112, 134); padding: 1px; overflow-x: visible; overflow-y: visible;&quot;[39m
      [36m&gt;[39m
        [36m&lt;ink-text[39m
          [33mstyle[39m=[32m&quot;flex-grow: 0; flex-shrink: 1; flex-direction: row; text-wrap: wrap;&quot;[39m
        [36m&gt;[39m
          [0mTab: タブ切替 | ↑↓: 記憶選択 | q: 終了[0m
        [36m&lt;/ink-text&gt;[39m
      [36m&lt;/ink-box&gt;[39m
    [36m&lt;/ink-box&gt;[39m
  [36m&lt;/div&gt;[39m
[36m&lt;/body&gt;[39m" type="TestingLibraryElementError">
TestingLibraryElementError: Unable to find an element with the text: Health. This could be because the text is broken up by multiple elements. In this case, you can provide a function for your text matcher to make your matcher more flexible.

Ignored nodes: comments, script, style
&lt;body&gt;
  &lt;div&gt;
    &lt;ink-box
      style=&quot;flex-wrap: nowrap; flex-direction: column; flex-grow: 0; flex-shrink: 1; width: 52px; height: 20px; padding: 1px; overflow-x: visible; overflow-y: visible;&quot;
    &gt;
      &lt;ink-box
        style=&quot;flex-wrap: nowrap; flex-direction: row; flex-grow: 0; flex-shrink: 1; margin-bottom: 1px; overflow-x: visible; overflow-y: visible;&quot;
      &gt;
        &lt;ink-text
          style=&quot;flex-grow: 0; flex-shrink: 1; flex-direction: row; text-wrap: wrap;&quot;
        &gt;
          シナプス記憶システム ダッシュボード
        &lt;/ink-text&gt;
      &lt;/ink-box&gt;
      &lt;ink-box
        style=&quot;flex-wrap: nowrap; flex-direction: row; flex-grow: 0; flex-shrink: 1; margin-bottom: 1px; overflow-x: visible; overflow-y: visible;&quot;
      &gt;
        &lt;ink-box
          style=&quot;flex-wrap: nowrap; flex-direction: row; flex-grow: 0; flex-shrink: 1; margin-right: 2px; overflow-x: visible; overflow-y: visible;&quot;
        &gt;
          &lt;ink-text
            style=&quot;flex-grow: 0; flex-shrink: 1; flex-direction: row; text-wrap: wrap;&quot;
          &gt;
            [
            1
            ] 
            記憶一覧
          &lt;/ink-text&gt;
        &lt;/ink-box&gt;
        &lt;ink-box
          style=&quot;flex-wrap: nowrap; flex-direction: row; flex-grow: 0; flex-shrink: 1; margin-right: 2px; overflow-x: visible; overflow-y: visible;&quot;
        &gt;
          &lt;ink-text
            style=&quot;flex-grow: 0; flex-shrink: 1; flex-direction: row; text-wrap: wrap;&quot;
          &gt;
            [
            2
            ] 
            シナプス結合
          &lt;/ink-text&gt;
        &lt;/ink-box&gt;
        &lt;ink-box
          style=&quot;flex-wrap: nowrap; flex-direction: row; flex-grow: 0; flex-shrink: 1; margin-right: 2px; overflow-x: visible; overflow-y: visible;&quot;
        &gt;
          &lt;ink-text
            style=&quot;flex-grow: 0; flex-shrink: 1; flex-direction: row; text-wrap: wrap;&quot;
          &gt;
            [
            3
            ] 
            ネットワーク診断
          &lt;/ink-text&gt;
        &lt;/ink-box&gt;
        &lt;ink-box
          style=&quot;flex-wrap: nowrap; flex-direction: row; flex-grow: 0; flex-shrink: 1; margin-right: 2px; overflow-x: visible; overflow-y: visible;&quot;
        &gt;
          &lt;ink-text
            style=&quot;flex-grow: 0; flex-shrink: 1; flex-direction: row; text-wrap: wrap;&quot;
          &gt;
            [
            4
            ] 
            設定
          &lt;/ink-text&gt;
        &lt;/ink-box&gt;
      &lt;/ink-box&gt;
      &lt;ink-box
        style=&quot;flex-wrap: nowrap; flex-direction: row; flex-grow: 1; flex-shrink: 1; overflow: hidden; overflow-x: hidden; overflow-y: hidden;&quot;
      &gt;
        &lt;ink-box
          style=&quot;flex-wrap: nowrap; flex-direction: column; flex-grow: 1; flex-shrink: 1; overflow-x: visible; overflow-y: visible;&quot;
        &gt;
          &lt;ink-box
            style=&quot;flex-wrap: nowrap; flex-direction: row; flex-grow: 0; flex-shrink: 1; margin-bottom: 1px; overflow-x: visible; overflow-y: visible;&quot;
          &gt;
            &lt;ink-text
              style=&quot;flex-grow: 0; flex-shrink: 1; flex-direction: row; text-wrap: wrap;&quot;
            &gt;
              記憶一覧 (
              3
              件)
            &lt;/ink-text&gt;
          &lt;/ink-box&gt;
          &lt;ink-box
            style=&quot;flex-wrap: nowrap; flex-direction: column; flex-grow: 0; flex-shrink: 0; width: 48px; overflow-x: visible; overflow-y: visible;&quot;
          &gt;
            &lt;ink-box
              style=&quot;flex-wrap: nowrap; flex-direction: row; flex-grow: 0; flex-shrink: 1; overflow-x: visible; overflow-y: visible;&quot;
            &gt;
              &lt;ink-text
                style=&quot;flex-grow: 0; flex-shrink: 1; flex-direction: row; text-wrap: wrap;&quot;
              &gt;
                ► 
              &lt;/ink-text&gt;
              &lt;ink-text
                style=&quot;flex-grow: 0; flex-shrink: 1; flex-direction: row; text-wrap: wrap;&quot;
              &gt;
                [
              &lt;/ink-text&gt;
              &lt;ink-text
                style=&quot;flex-grow: 0; flex-shrink: 1; flex-direction: row; text-wrap: wrap;&quot;
              &gt;
                mem-001
              &lt;/ink-text&gt;
              &lt;ink-text
                style=&quot;flex-grow: 0; flex-shrink: 1; flex-direction: row; text-wrap: wrap;&quot;
              &gt;
                ] 
              &lt;/ink-text&gt;
              &lt;ink-text
                style=&quot;flex-grow: 0; flex-shrink: 1; flex-direction: row; text-wrap: wrap;&quot;
              &gt;
                GPT-5プロンプトガイドの分析結果
              &lt;/ink-text&gt;
            &lt;/ink-box&gt;
            &lt;ink-box
              style=&quot;flex-wrap: nowrap; flex-direction: row; flex-grow: 0; flex-shrink: 1; overflow-x: visible; overflow-y: visible;&quot;
            &gt;
              &lt;ink-text
                style=&quot;flex-grow: 0; flex-shrink: 1; flex-direction: row; text-wrap: wrap;&quot;
              &gt;
                  
              &lt;/ink-text&gt;
              &lt;ink-text
                style=&quot;flex-grow: 0; flex-shrink: 1; flex-direction: row; text-wrap: wrap;&quot;
              &gt;
                [
              &lt;/ink-text&gt;
              &lt;ink-text
                style=&quot;flex-grow: 0; flex-shrink: 1; flex-direction: row; text-wrap: wrap;&quot;
              &gt;
                mem-002
              &lt;/ink-text&gt;
              &lt;ink-text
                style=&quot;flex-grow: 0; flex-shrink: 1; flex-direction: row; text-wrap: wrap;&quot;
              &gt;
                ] 
              &lt;/ink-text&gt;
              &lt;ink-text
                style=&quot;flex-grow: 0; flex-shrink: 1; flex-direction: row; text-wrap: wrap;&quot;
              &gt;
                シナプス記憶システムのPhase 2実装完了
              &lt;/ink-text&gt;
            &lt;/ink-box&gt;
            &lt;ink-box
              style=&quot;flex-wrap: nowrap; flex-direction: row; flex-grow: 0; flex-shrink: 1; overflow-x: visible; overflow-y: visible;&quot;
            &gt;
              &lt;ink-text
                style=&quot;flex-grow: 0; flex-shrink: 1; flex-direction: row; text-wrap: wrap;&quot;
              &gt;
                  
              &lt;/ink-text&gt;
              &lt;ink-text
                style=&quot;flex-grow: 0; flex-shrink: 1; flex-direction: row; text-wrap: wrap;&quot;
              &gt;
                [
              &lt;/ink-text&gt;
              &lt;ink-text
                style=&quot;flex-grow: 0; flex-shrink: 1; flex-direction: row; text-wrap: wrap;&quot;
              &gt;
                mem-003
              &lt;/ink-text&gt;
              &lt;ink-text
                style=&quot;flex-grow: 0; flex-shrink: 1; flex-direction: row; text-wrap: wrap;&quot;
              &gt;
                ] 
              &lt;/ink-text&gt;
              &lt;ink-text
                style=&quot;flex-grow: 0; flex-shrink: 1; flex-direction: row; text-wrap: wrap;&quot;
              &gt;
                RESTful API設計とエンドポイント定義
              &lt;/ink-text&gt;
            &lt;/ink-box&gt;
          &lt;/ink-box&gt;
          &lt;ink-box
            style=&quot;flex-wrap: nowrap; flex-direction: row; flex-grow: 0; flex-shrink: 1; margin-top: 1px; border-color: rgb(108, 112, 134); padding: 1px; overflow-x: visible; overflow-y: visible;&quot;
          &gt;
            &lt;ink-box
              style=&quot;flex-wrap: nowrap; flex-direction: column; flex-grow: 0; flex-shrink: 1; overflow-x: visible; overflow-y: visible;&quot;
            &gt;
              &lt;ink-text
                style=&quot;flex-grow: 0; flex-shrink: 1; flex-direction: row; text-wrap: wrap;&quot;
              &gt;
                詳細:
              &lt;/ink-text&gt;
              &lt;ink-text
                style=&quot;flex-grow: 0; flex-shrink: 1; flex-direction: row; text-wrap: wrap;&quot;
              &gt;
                ID: 
                mem-001
              &lt;/ink-text&gt;
              &lt;ink-text
                style=&quot;flex-grow: 0; flex-shrink: 1; flex-direction: row; text-wrap: wrap;&quot;
              &gt;
                アクセス数: 
                15
              &lt;/ink-text&gt;
              &lt;ink-text
                style=&quot;flex-grow: 0; flex-shrink: 1; flex-direction: row; text-wrap: wrap;&quot;
              &gt;
                成功率: 
                92.0
                %
              &lt;/ink-text&gt;
              &lt;ink-text
                style=&quot;flex-grow: 0; flex-shrink: 1; flex-direction: row; text-wrap: wrap;&quot;
              &gt;
                タグ: 
                gpt5, prompting, analysis
              &lt;/ink-text&gt;
            &lt;/ink-box&gt;
          &lt;/ink-box&gt;
        &lt;/ink-box&gt;
      &lt;/ink-box&gt;
      &lt;ink-box
        style=&quot;flex-wrap: nowrap; flex-direction: row; flex-grow: 0; flex-shrink: 1; margin-top: 1px; border-color: rgb(108, 112, 134); padding: 1px; overflow-x: visible; overflow-y: visible;&quot;
      &gt;
        &lt;ink-text
          style=&quot;flex-grow: 0; flex-shrink: 1; flex-direction: row; text-wrap: wrap;&quot;
        &gt;
          Tab: タブ切替 | ↑↓: 記憶選択 | q: 終了
        &lt;/ink-text&gt;
      &lt;/ink-box&gt;
    &lt;/ink-box&gt;
  &lt;/div&gt;
&lt;/body&gt;
 ❯ Object.getElementError node_modules/@testing-library/dom/dist/config.js:37:19
 ❯ node_modules/@testing-library/dom/dist/query-helpers.js:76:38
 ❯ node_modules/@testing-library/dom/dist/query-helpers.js:52:17
 ❯ node_modules/@testing-library/dom/dist/query-helpers.js:95:19
 ❯ src/ui/components/SynapticMemoryDashboard.test.tsx:126:28
            </failure>
        </testcase>
        <testcase classname="src/ui/components/SynapticMemoryDashboard.test.tsx" name="SynapticMemoryDashboard &gt; Healthタブで問題と提案が表示されること" time="0.010144917">
            <failure message="Unable to find an element with the text: Health. This could be because the text is broken up by multiple elements. In this case, you can provide a function for your text matcher to make your matcher more flexible.

Ignored nodes: comments, script, style
[36m&lt;body&gt;[39m
  [36m&lt;div&gt;[39m
    [36m&lt;ink-box[39m
      [33mstyle[39m=[32m&quot;flex-wrap: nowrap; flex-direction: column; flex-grow: 0; flex-shrink: 1; width: 52px; height: 20px; padding: 1px; overflow-x: visible; overflow-y: visible;&quot;[39m
    [36m&gt;[39m
      [36m&lt;ink-box[39m
        [33mstyle[39m=[32m&quot;flex-wrap: nowrap; flex-direction: row; flex-grow: 0; flex-shrink: 1; margin-bottom: 1px; overflow-x: visible; overflow-y: visible;&quot;[39m
      [36m&gt;[39m
        [36m&lt;ink-text[39m
          [33mstyle[39m=[32m&quot;flex-grow: 0; flex-shrink: 1; flex-direction: row; text-wrap: wrap;&quot;[39m
        [36m&gt;[39m
          [0mシナプス記憶システム ダッシュボード[0m
        [36m&lt;/ink-text&gt;[39m
      [36m&lt;/ink-box&gt;[39m
      [36m&lt;ink-box[39m
        [33mstyle[39m=[32m&quot;flex-wrap: nowrap; flex-direction: row; flex-grow: 0; flex-shrink: 1; margin-bottom: 1px; overflow-x: visible; overflow-y: visible;&quot;[39m
      [36m&gt;[39m
        [36m&lt;ink-box[39m
          [33mstyle[39m=[32m&quot;flex-wrap: nowrap; flex-direction: row; flex-grow: 0; flex-shrink: 1; margin-right: 2px; overflow-x: visible; overflow-y: visible;&quot;[39m
        [36m&gt;[39m
          [36m&lt;ink-text[39m
            [33mstyle[39m=[32m&quot;flex-grow: 0; flex-shrink: 1; flex-direction: row; text-wrap: wrap;&quot;[39m
          [36m&gt;[39m
            [0m[[0m
            [0m1[0m
            [0m] [0m
            [0m記憶一覧[0m
          [36m&lt;/ink-text&gt;[39m
        [36m&lt;/ink-box&gt;[39m
        [36m&lt;ink-box[39m
          [33mstyle[39m=[32m&quot;flex-wrap: nowrap; flex-direction: row; flex-grow: 0; flex-shrink: 1; margin-right: 2px; overflow-x: visible; overflow-y: visible;&quot;[39m
        [36m&gt;[39m
          [36m&lt;ink-text[39m
            [33mstyle[39m=[32m&quot;flex-grow: 0; flex-shrink: 1; flex-direction: row; text-wrap: wrap;&quot;[39m
          [36m&gt;[39m
            [0m[[0m
            [0m2[0m
            [0m] [0m
            [0mシナプス結合[0m
          [36m&lt;/ink-text&gt;[39m
        [36m&lt;/ink-box&gt;[39m
        [36m&lt;ink-box[39m
          [33mstyle[39m=[32m&quot;flex-wrap: nowrap; flex-direction: row; flex-grow: 0; flex-shrink: 1; margin-right: 2px; overflow-x: visible; overflow-y: visible;&quot;[39m
        [36m&gt;[39m
          [36m&lt;ink-text[39m
            [33mstyle[39m=[32m&quot;flex-grow: 0; flex-shrink: 1; flex-direction: row; text-wrap: wrap;&quot;[39m
          [36m&gt;[39m
            [0m[[0m
            [0m3[0m
            [0m] [0m
            [0mネットワーク診断[0m
          [36m&lt;/ink-text&gt;[39m
        [36m&lt;/ink-box&gt;[39m
        [36m&lt;ink-box[39m
          [33mstyle[39m=[32m&quot;flex-wrap: nowrap; flex-direction: row; flex-grow: 0; flex-shrink: 1; margin-right: 2px; overflow-x: visible; overflow-y: visible;&quot;[39m
        [36m&gt;[39m
          [36m&lt;ink-text[39m
            [33mstyle[39m=[32m&quot;flex-grow: 0; flex-shrink: 1; flex-direction: row; text-wrap: wrap;&quot;[39m
          [36m&gt;[39m
            [0m[[0m
            [0m4[0m
            [0m] [0m
            [0m設定[0m
          [36m&lt;/ink-text&gt;[39m
        [36m&lt;/ink-box&gt;[39m
      [36m&lt;/ink-box&gt;[39m
      [36m&lt;ink-box[39m
        [33mstyle[39m=[32m&quot;flex-wrap: nowrap; flex-direction: row; flex-grow: 1; flex-shrink: 1; overflow: hidden; overflow-x: hidden; overflow-y: hidden;&quot;[39m
      [36m&gt;[39m
        [36m&lt;ink-box[39m
          [33mstyle[39m=[32m&quot;flex-wrap: nowrap; flex-direction: column; flex-grow: 1; flex-shrink: 1; overflow-x: visible; overflow-y: visible;&quot;[39m
        [36m&gt;[39m
          [36m&lt;ink-box[39m
            [33mstyle[39m=[32m&quot;flex-wrap: nowrap; flex-direction: row; flex-grow: 0; flex-shrink: 1; margin-bottom: 1px; overflow-x: visible; overflow-y: visible;&quot;[39m
          [36m&gt;[39m
            [36m&lt;ink-text[39m
              [33mstyle[39m=[32m&quot;flex-grow: 0; flex-shrink: 1; flex-direction: row; text-wrap: wrap;&quot;[39m
            [36m&gt;[39m
              [0m記憶一覧 ([0m
              [0m3[0m
              [0m件)[0m
            [36m&lt;/ink-text&gt;[39m
          [36m&lt;/ink-box&gt;[39m
          [36m&lt;ink-box[39m
            [33mstyle[39m=[32m&quot;flex-wrap: nowrap; flex-direction: column; flex-grow: 0; flex-shrink: 0; width: 48px; overflow-x: visible; overflow-y: visible;&quot;[39m
          [36m&gt;[39m
            [36m&lt;ink-box[39m
              [33mstyle[39m=[32m&quot;flex-wrap: nowrap; flex-direction: row; flex-grow: 0; flex-shrink: 1; overflow-x: visible; overflow-y: visible;&quot;[39m
            [36m&gt;[39m
              [36m&lt;ink-text[39m
                [33mstyle[39m=[32m&quot;flex-grow: 0; flex-shrink: 1; flex-direction: row; text-wrap: wrap;&quot;[39m
              [36m&gt;[39m
                [0m► [0m
              [36m&lt;/ink-text&gt;[39m
              [36m&lt;ink-text[39m
                [33mstyle[39m=[32m&quot;flex-grow: 0; flex-shrink: 1; flex-direction: row; text-wrap: wrap;&quot;[39m
              [36m&gt;[39m
                [0m[[0m
              [36m&lt;/ink-text&gt;[39m
              [36m&lt;ink-text[39m
                [33mstyle[39m=[32m&quot;flex-grow: 0; flex-shrink: 1; flex-direction: row; text-wrap: wrap;&quot;[39m
              [36m&gt;[39m
                [0mmem-001[0m
              [36m&lt;/ink-text&gt;[39m
              [36m&lt;ink-text[39m
                [33mstyle[39m=[32m&quot;flex-grow: 0; flex-shrink: 1; flex-direction: row; text-wrap: wrap;&quot;[39m
              [36m&gt;[39m
                [0m] [0m
              [36m&lt;/ink-text&gt;[39m
              [36m&lt;ink-text[39m
                [33mstyle[39m=[32m&quot;flex-grow: 0; flex-shrink: 1; flex-direction: row; text-wrap: wrap;&quot;[39m
              [36m&gt;[39m
                [0mGPT-5プロンプトガイドの分析結果[0m
              [36m&lt;/ink-text&gt;[39m
            [36m&lt;/ink-box&gt;[39m
            [36m&lt;ink-box[39m
              [33mstyle[39m=[32m&quot;flex-wrap: nowrap; flex-direction: row; flex-grow: 0; flex-shrink: 1; overflow-x: visible; overflow-y: visible;&quot;[39m
            [36m&gt;[39m
              [36m&lt;ink-text[39m
                [33mstyle[39m=[32m&quot;flex-grow: 0; flex-shrink: 1; flex-direction: row; text-wrap: wrap;&quot;[39m
              [36m&gt;[39m
                [0m  [0m
              [36m&lt;/ink-text&gt;[39m
              [36m&lt;ink-text[39m
                [33mstyle[39m=[32m&quot;flex-grow: 0; flex-shrink: 1; flex-direction: row; text-wrap: wrap;&quot;[39m
              [36m&gt;[39m
                [0m[[0m
              [36m&lt;/ink-text&gt;[39m
              [36m&lt;ink-text[39m
                [33mstyle[39m=[32m&quot;flex-grow: 0; flex-shrink: 1; flex-direction: row; text-wrap: wrap;&quot;[39m
              [36m&gt;[39m
                [0mmem-002[0m
              [36m&lt;/ink-text&gt;[39m
              [36m&lt;ink-text[39m
                [33mstyle[39m=[32m&quot;flex-grow: 0; flex-shrink: 1; flex-direction: row; text-wrap: wrap;&quot;[39m
              [36m&gt;[39m
                [0m] [0m
              [36m&lt;/ink-text&gt;[39m
              [36m&lt;ink-text[39m
                [33mstyle[39m=[32m&quot;flex-grow: 0; flex-shrink: 1; flex-direction: row; text-wrap: wrap;&quot;[39m
              [36m&gt;[39m
                [0mシナプス記憶システムのPhase 2実装完了[0m
              [36m&lt;/ink-text&gt;[39m
            [36m&lt;/ink-box&gt;[39m
            [36m&lt;ink-box[39m
              [33mstyle[39m=[32m&quot;flex-wrap: nowrap; flex-direction: row; flex-grow: 0; flex-shrink: 1; overflow-x: visible; overflow-y: visible;&quot;[39m
            [36m&gt;[39m
              [36m&lt;ink-text[39m
                [33mstyle[39m=[32m&quot;flex-grow: 0; flex-shrink: 1; flex-direction: row; text-wrap: wrap;&quot;[39m
              [36m&gt;[39m
                [0m  [0m
              [36m&lt;/ink-text&gt;[39m
              [36m&lt;ink-text[39m
                [33mstyle[39m=[32m&quot;flex-grow: 0; flex-shrink: 1; flex-direction: row; text-wrap: wrap;&quot;[39m
              [36m&gt;[39m
                [0m[[0m
              [36m&lt;/ink-text&gt;[39m
              [36m&lt;ink-text[39m
                [33mstyle[39m=[32m&quot;flex-grow: 0; flex-shrink: 1; flex-direction: row; text-wrap: wrap;&quot;[39m
              [36m&gt;[39m
                [0mmem-003[0m
              [36m&lt;/ink-text&gt;[39m
              [36m&lt;ink-text[39m
                [33mstyle[39m=[32m&quot;flex-grow: 0; flex-shrink: 1; flex-direction: row; text-wrap: wrap;&quot;[39m
              [36m&gt;[39m
                [0m] [0m
              [36m&lt;/ink-text&gt;[39m
              [36m&lt;ink-text[39m
                [33mstyle[39m=[32m&quot;flex-grow: 0; flex-shrink: 1; flex-direction: row; text-wrap: wrap;&quot;[39m
              [36m&gt;[39m
                [0mRESTful API設計とエンドポイント定義[0m
              [36m&lt;/ink-text&gt;[39m
            [36m&lt;/ink-box&gt;[39m
          [36m&lt;/ink-box&gt;[39m
          [36m&lt;ink-box[39m
            [33mstyle[39m=[32m&quot;flex-wrap: nowrap; flex-direction: row; flex-grow: 0; flex-shrink: 1; margin-top: 1px; border-color: rgb(108, 112, 134); padding: 1px; overflow-x: visible; overflow-y: visible;&quot;[39m
          [36m&gt;[39m
            [36m&lt;ink-box[39m
              [33mstyle[39m=[32m&quot;flex-wrap: nowrap; flex-direction: column; flex-grow: 0; flex-shrink: 1; overflow-x: visible; overflow-y: visible;&quot;[39m
            [36m&gt;[39m
              [36m&lt;ink-text[39m
                [33mstyle[39m=[32m&quot;flex-grow: 0; flex-shrink: 1; flex-direction: row; text-wrap: wrap;&quot;[39m
              [36m&gt;[39m
                [0m詳細:[0m
              [36m&lt;/ink-text&gt;[39m
              [36m&lt;ink-text[39m
                [33mstyle[39m=[32m&quot;flex-grow: 0; flex-shrink: 1; flex-direction: row; text-wrap: wrap;&quot;[39m
              [36m&gt;[39m
                [0mID: [0m
                [0mmem-001[0m
              [36m&lt;/ink-text&gt;[39m
              [36m&lt;ink-text[39m
                [33mstyle[39m=[32m&quot;flex-grow: 0; flex-shrink: 1; flex-direction: row; text-wrap: wrap;&quot;[39m
              [36m&gt;[39m
                [0mアクセス数: [0m
                [0m15[0m
              [36m&lt;/ink-text&gt;[39m
              [36m&lt;ink-text[39m
                [33mstyle[39m=[32m&quot;flex-grow: 0; flex-shrink: 1; flex-direction: row; text-wrap: wrap;&quot;[39m
              [36m&gt;[39m
                [0m成功率: [0m
                [0m92.0[0m
                [0m%[0m
              [36m&lt;/ink-text&gt;[39m
              [36m&lt;ink-text[39m
                [33mstyle[39m=[32m&quot;flex-grow: 0; flex-shrink: 1; flex-direction: row; text-wrap: wrap;&quot;[39m
              [36m&gt;[39m
                [0mタグ: [0m
                [0mgpt5, prompting, analysis[0m
              [36m&lt;/ink-text&gt;[39m
            [36m&lt;/ink-box&gt;[39m
          [36m&lt;/ink-box&gt;[39m
        [36m&lt;/ink-box&gt;[39m
      [36m&lt;/ink-box&gt;[39m
      [36m&lt;ink-box[39m
        [33mstyle[39m=[32m&quot;flex-wrap: nowrap; flex-direction: row; flex-grow: 0; flex-shrink: 1; margin-top: 1px; border-color: rgb(108, 112, 134); padding: 1px; overflow-x: visible; overflow-y: visible;&quot;[39m
      [36m&gt;[39m
        [36m&lt;ink-text[39m
          [33mstyle[39m=[32m&quot;flex-grow: 0; flex-shrink: 1; flex-direction: row; text-wrap: wrap;&quot;[39m
        [36m&gt;[39m
          [0mTab: タブ切替 | ↑↓: 記憶選択 | q: 終了[0m
        [36m&lt;/ink-text&gt;[39m
      [36m&lt;/ink-box&gt;[39m
    [36m&lt;/ink-box&gt;[39m
  [36m&lt;/div&gt;[39m
[36m&lt;/body&gt;[39m" type="TestingLibraryElementError">
TestingLibraryElementError: Unable to find an element with the text: Health. This could be because the text is broken up by multiple elements. In this case, you can provide a function for your text matcher to make your matcher more flexible.

Ignored nodes: comments, script, style
&lt;body&gt;
  &lt;div&gt;
    &lt;ink-box
      style=&quot;flex-wrap: nowrap; flex-direction: column; flex-grow: 0; flex-shrink: 1; width: 52px; height: 20px; padding: 1px; overflow-x: visible; overflow-y: visible;&quot;
    &gt;
      &lt;ink-box
        style=&quot;flex-wrap: nowrap; flex-direction: row; flex-grow: 0; flex-shrink: 1; margin-bottom: 1px; overflow-x: visible; overflow-y: visible;&quot;
      &gt;
        &lt;ink-text
          style=&quot;flex-grow: 0; flex-shrink: 1; flex-direction: row; text-wrap: wrap;&quot;
        &gt;
          シナプス記憶システム ダッシュボード
        &lt;/ink-text&gt;
      &lt;/ink-box&gt;
      &lt;ink-box
        style=&quot;flex-wrap: nowrap; flex-direction: row; flex-grow: 0; flex-shrink: 1; margin-bottom: 1px; overflow-x: visible; overflow-y: visible;&quot;
      &gt;
        &lt;ink-box
          style=&quot;flex-wrap: nowrap; flex-direction: row; flex-grow: 0; flex-shrink: 1; margin-right: 2px; overflow-x: visible; overflow-y: visible;&quot;
        &gt;
          &lt;ink-text
            style=&quot;flex-grow: 0; flex-shrink: 1; flex-direction: row; text-wrap: wrap;&quot;
          &gt;
            [
            1
            ] 
            記憶一覧
          &lt;/ink-text&gt;
        &lt;/ink-box&gt;
        &lt;ink-box
          style=&quot;flex-wrap: nowrap; flex-direction: row; flex-grow: 0; flex-shrink: 1; margin-right: 2px; overflow-x: visible; overflow-y: visible;&quot;
        &gt;
          &lt;ink-text
            style=&quot;flex-grow: 0; flex-shrink: 1; flex-direction: row; text-wrap: wrap;&quot;
          &gt;
            [
            2
            ] 
            シナプス結合
          &lt;/ink-text&gt;
        &lt;/ink-box&gt;
        &lt;ink-box
          style=&quot;flex-wrap: nowrap; flex-direction: row; flex-grow: 0; flex-shrink: 1; margin-right: 2px; overflow-x: visible; overflow-y: visible;&quot;
        &gt;
          &lt;ink-text
            style=&quot;flex-grow: 0; flex-shrink: 1; flex-direction: row; text-wrap: wrap;&quot;
          &gt;
            [
            3
            ] 
            ネットワーク診断
          &lt;/ink-text&gt;
        &lt;/ink-box&gt;
        &lt;ink-box
          style=&quot;flex-wrap: nowrap; flex-direction: row; flex-grow: 0; flex-shrink: 1; margin-right: 2px; overflow-x: visible; overflow-y: visible;&quot;
        &gt;
          &lt;ink-text
            style=&quot;flex-grow: 0; flex-shrink: 1; flex-direction: row; text-wrap: wrap;&quot;
          &gt;
            [
            4
            ] 
            設定
          &lt;/ink-text&gt;
        &lt;/ink-box&gt;
      &lt;/ink-box&gt;
      &lt;ink-box
        style=&quot;flex-wrap: nowrap; flex-direction: row; flex-grow: 1; flex-shrink: 1; overflow: hidden; overflow-x: hidden; overflow-y: hidden;&quot;
      &gt;
        &lt;ink-box
          style=&quot;flex-wrap: nowrap; flex-direction: column; flex-grow: 1; flex-shrink: 1; overflow-x: visible; overflow-y: visible;&quot;
        &gt;
          &lt;ink-box
            style=&quot;flex-wrap: nowrap; flex-direction: row; flex-grow: 0; flex-shrink: 1; margin-bottom: 1px; overflow-x: visible; overflow-y: visible;&quot;
          &gt;
            &lt;ink-text
              style=&quot;flex-grow: 0; flex-shrink: 1; flex-direction: row; text-wrap: wrap;&quot;
            &gt;
              記憶一覧 (
              3
              件)
            &lt;/ink-text&gt;
          &lt;/ink-box&gt;
          &lt;ink-box
            style=&quot;flex-wrap: nowrap; flex-direction: column; flex-grow: 0; flex-shrink: 0; width: 48px; overflow-x: visible; overflow-y: visible;&quot;
          &gt;
            &lt;ink-box
              style=&quot;flex-wrap: nowrap; flex-direction: row; flex-grow: 0; flex-shrink: 1; overflow-x: visible; overflow-y: visible;&quot;
            &gt;
              &lt;ink-text
                style=&quot;flex-grow: 0; flex-shrink: 1; flex-direction: row; text-wrap: wrap;&quot;
              &gt;
                ► 
              &lt;/ink-text&gt;
              &lt;ink-text
                style=&quot;flex-grow: 0; flex-shrink: 1; flex-direction: row; text-wrap: wrap;&quot;
              &gt;
                [
              &lt;/ink-text&gt;
              &lt;ink-text
                style=&quot;flex-grow: 0; flex-shrink: 1; flex-direction: row; text-wrap: wrap;&quot;
              &gt;
                mem-001
              &lt;/ink-text&gt;
              &lt;ink-text
                style=&quot;flex-grow: 0; flex-shrink: 1; flex-direction: row; text-wrap: wrap;&quot;
              &gt;
                ] 
              &lt;/ink-text&gt;
              &lt;ink-text
                style=&quot;flex-grow: 0; flex-shrink: 1; flex-direction: row; text-wrap: wrap;&quot;
              &gt;
                GPT-5プロンプトガイドの分析結果
              &lt;/ink-text&gt;
            &lt;/ink-box&gt;
            &lt;ink-box
              style=&quot;flex-wrap: nowrap; flex-direction: row; flex-grow: 0; flex-shrink: 1; overflow-x: visible; overflow-y: visible;&quot;
            &gt;
              &lt;ink-text
                style=&quot;flex-grow: 0; flex-shrink: 1; flex-direction: row; text-wrap: wrap;&quot;
              &gt;
                  
              &lt;/ink-text&gt;
              &lt;ink-text
                style=&quot;flex-grow: 0; flex-shrink: 1; flex-direction: row; text-wrap: wrap;&quot;
              &gt;
                [
              &lt;/ink-text&gt;
              &lt;ink-text
                style=&quot;flex-grow: 0; flex-shrink: 1; flex-direction: row; text-wrap: wrap;&quot;
              &gt;
                mem-002
              &lt;/ink-text&gt;
              &lt;ink-text
                style=&quot;flex-grow: 0; flex-shrink: 1; flex-direction: row; text-wrap: wrap;&quot;
              &gt;
                ] 
              &lt;/ink-text&gt;
              &lt;ink-text
                style=&quot;flex-grow: 0; flex-shrink: 1; flex-direction: row; text-wrap: wrap;&quot;
              &gt;
                シナプス記憶システムのPhase 2実装完了
              &lt;/ink-text&gt;
            &lt;/ink-box&gt;
            &lt;ink-box
              style=&quot;flex-wrap: nowrap; flex-direction: row; flex-grow: 0; flex-shrink: 1; overflow-x: visible; overflow-y: visible;&quot;
            &gt;
              &lt;ink-text
                style=&quot;flex-grow: 0; flex-shrink: 1; flex-direction: row; text-wrap: wrap;&quot;
              &gt;
                  
              &lt;/ink-text&gt;
              &lt;ink-text
                style=&quot;flex-grow: 0; flex-shrink: 1; flex-direction: row; text-wrap: wrap;&quot;
              &gt;
                [
              &lt;/ink-text&gt;
              &lt;ink-text
                style=&quot;flex-grow: 0; flex-shrink: 1; flex-direction: row; text-wrap: wrap;&quot;
              &gt;
                mem-003
              &lt;/ink-text&gt;
              &lt;ink-text
                style=&quot;flex-grow: 0; flex-shrink: 1; flex-direction: row; text-wrap: wrap;&quot;
              &gt;
                ] 
              &lt;/ink-text&gt;
              &lt;ink-text
                style=&quot;flex-grow: 0; flex-shrink: 1; flex-direction: row; text-wrap: wrap;&quot;
              &gt;
                RESTful API設計とエンドポイント定義
              &lt;/ink-text&gt;
            &lt;/ink-box&gt;
          &lt;/ink-box&gt;
          &lt;ink-box
            style=&quot;flex-wrap: nowrap; flex-direction: row; flex-grow: 0; flex-shrink: 1; margin-top: 1px; border-color: rgb(108, 112, 134); padding: 1px; overflow-x: visible; overflow-y: visible;&quot;
          &gt;
            &lt;ink-box
              style=&quot;flex-wrap: nowrap; flex-direction: column; flex-grow: 0; flex-shrink: 1; overflow-x: visible; overflow-y: visible;&quot;
            &gt;
              &lt;ink-text
                style=&quot;flex-grow: 0; flex-shrink: 1; flex-direction: row; text-wrap: wrap;&quot;
              &gt;
                詳細:
              &lt;/ink-text&gt;
              &lt;ink-text
                style=&quot;flex-grow: 0; flex-shrink: 1; flex-direction: row; text-wrap: wrap;&quot;
              &gt;
                ID: 
                mem-001
              &lt;/ink-text&gt;
              &lt;ink-text
                style=&quot;flex-grow: 0; flex-shrink: 1; flex-direction: row; text-wrap: wrap;&quot;
              &gt;
                アクセス数: 
                15
              &lt;/ink-text&gt;
              &lt;ink-text
                style=&quot;flex-grow: 0; flex-shrink: 1; flex-direction: row; text-wrap: wrap;&quot;
              &gt;
                成功率: 
                92.0
                %
              &lt;/ink-text&gt;
              &lt;ink-text
                style=&quot;flex-grow: 0; flex-shrink: 1; flex-direction: row; text-wrap: wrap;&quot;
              &gt;
                タグ: 
                gpt5, prompting, analysis
              &lt;/ink-text&gt;
            &lt;/ink-box&gt;
          &lt;/ink-box&gt;
        &lt;/ink-box&gt;
      &lt;/ink-box&gt;
      &lt;ink-box
        style=&quot;flex-wrap: nowrap; flex-direction: row; flex-grow: 0; flex-shrink: 1; margin-top: 1px; border-color: rgb(108, 112, 134); padding: 1px; overflow-x: visible; overflow-y: visible;&quot;
      &gt;
        &lt;ink-text
          style=&quot;flex-grow: 0; flex-shrink: 1; flex-direction: row; text-wrap: wrap;&quot;
        &gt;
          Tab: タブ切替 | ↑↓: 記憶選択 | q: 終了
        &lt;/ink-text&gt;
      &lt;/ink-box&gt;
    &lt;/ink-box&gt;
  &lt;/div&gt;
&lt;/body&gt;
 ❯ Object.getElementError node_modules/@testing-library/dom/dist/config.js:37:19
 ❯ node_modules/@testing-library/dom/dist/query-helpers.js:76:38
 ❯ node_modules/@testing-library/dom/dist/query-helpers.js:52:17
 ❯ node_modules/@testing-library/dom/dist/query-helpers.js:95:19
 ❯ src/ui/components/SynapticMemoryDashboard.test.tsx:140:28
            </failure>
        </testcase>
        <testcase classname="src/ui/components/SynapticMemoryDashboard.test.tsx" name="SynapticMemoryDashboard &gt; Configタブで設定が表示されること" time="0.008605208">
            <failure message="Unable to find an element with the text: Config. This could be because the text is broken up by multiple elements. In this case, you can provide a function for your text matcher to make your matcher more flexible.

Ignored nodes: comments, script, style
[36m&lt;body&gt;[39m
  [36m&lt;div&gt;[39m
    [36m&lt;ink-box[39m
      [33mstyle[39m=[32m&quot;flex-wrap: nowrap; flex-direction: column; flex-grow: 0; flex-shrink: 1; width: 52px; height: 20px; padding: 1px; overflow-x: visible; overflow-y: visible;&quot;[39m
    [36m&gt;[39m
      [36m&lt;ink-box[39m
        [33mstyle[39m=[32m&quot;flex-wrap: nowrap; flex-direction: row; flex-grow: 0; flex-shrink: 1; margin-bottom: 1px; overflow-x: visible; overflow-y: visible;&quot;[39m
      [36m&gt;[39m
        [36m&lt;ink-text[39m
          [33mstyle[39m=[32m&quot;flex-grow: 0; flex-shrink: 1; flex-direction: row; text-wrap: wrap;&quot;[39m
        [36m&gt;[39m
          [0mシナプス記憶システム ダッシュボード[0m
        [36m&lt;/ink-text&gt;[39m
      [36m&lt;/ink-box&gt;[39m
      [36m&lt;ink-box[39m
        [33mstyle[39m=[32m&quot;flex-wrap: nowrap; flex-direction: row; flex-grow: 0; flex-shrink: 1; margin-bottom: 1px; overflow-x: visible; overflow-y: visible;&quot;[39m
      [36m&gt;[39m
        [36m&lt;ink-box[39m
          [33mstyle[39m=[32m&quot;flex-wrap: nowrap; flex-direction: row; flex-grow: 0; flex-shrink: 1; margin-right: 2px; overflow-x: visible; overflow-y: visible;&quot;[39m
        [36m&gt;[39m
          [36m&lt;ink-text[39m
            [33mstyle[39m=[32m&quot;flex-grow: 0; flex-shrink: 1; flex-direction: row; text-wrap: wrap;&quot;[39m
          [36m&gt;[39m
            [0m[[0m
            [0m1[0m
            [0m] [0m
            [0m記憶一覧[0m
          [36m&lt;/ink-text&gt;[39m
        [36m&lt;/ink-box&gt;[39m
        [36m&lt;ink-box[39m
          [33mstyle[39m=[32m&quot;flex-wrap: nowrap; flex-direction: row; flex-grow: 0; flex-shrink: 1; margin-right: 2px; overflow-x: visible; overflow-y: visible;&quot;[39m
        [36m&gt;[39m
          [36m&lt;ink-text[39m
            [33mstyle[39m=[32m&quot;flex-grow: 0; flex-shrink: 1; flex-direction: row; text-wrap: wrap;&quot;[39m
          [36m&gt;[39m
            [0m[[0m
            [0m2[0m
            [0m] [0m
            [0mシナプス結合[0m
          [36m&lt;/ink-text&gt;[39m
        [36m&lt;/ink-box&gt;[39m
        [36m&lt;ink-box[39m
          [33mstyle[39m=[32m&quot;flex-wrap: nowrap; flex-direction: row; flex-grow: 0; flex-shrink: 1; margin-right: 2px; overflow-x: visible; overflow-y: visible;&quot;[39m
        [36m&gt;[39m
          [36m&lt;ink-text[39m
            [33mstyle[39m=[32m&quot;flex-grow: 0; flex-shrink: 1; flex-direction: row; text-wrap: wrap;&quot;[39m
          [36m&gt;[39m
            [0m[[0m
            [0m3[0m
            [0m] [0m
            [0mネットワーク診断[0m
          [36m&lt;/ink-text&gt;[39m
        [36m&lt;/ink-box&gt;[39m
        [36m&lt;ink-box[39m
          [33mstyle[39m=[32m&quot;flex-wrap: nowrap; flex-direction: row; flex-grow: 0; flex-shrink: 1; margin-right: 2px; overflow-x: visible; overflow-y: visible;&quot;[39m
        [36m&gt;[39m
          [36m&lt;ink-text[39m
            [33mstyle[39m=[32m&quot;flex-grow: 0; flex-shrink: 1; flex-direction: row; text-wrap: wrap;&quot;[39m
          [36m&gt;[39m
            [0m[[0m
            [0m4[0m
            [0m] [0m
            [0m設定[0m
          [36m&lt;/ink-text&gt;[39m
        [36m&lt;/ink-box&gt;[39m
      [36m&lt;/ink-box&gt;[39m
      [36m&lt;ink-box[39m
        [33mstyle[39m=[32m&quot;flex-wrap: nowrap; flex-direction: row; flex-grow: 1; flex-shrink: 1; overflow: hidden; overflow-x: hidden; overflow-y: hidden;&quot;[39m
      [36m&gt;[39m
        [36m&lt;ink-box[39m
          [33mstyle[39m=[32m&quot;flex-wrap: nowrap; flex-direction: column; flex-grow: 1; flex-shrink: 1; overflow-x: visible; overflow-y: visible;&quot;[39m
        [36m&gt;[39m
          [36m&lt;ink-box[39m
            [33mstyle[39m=[32m&quot;flex-wrap: nowrap; flex-direction: row; flex-grow: 0; flex-shrink: 1; margin-bottom: 1px; overflow-x: visible; overflow-y: visible;&quot;[39m
          [36m&gt;[39m
            [36m&lt;ink-text[39m
              [33mstyle[39m=[32m&quot;flex-grow: 0; flex-shrink: 1; flex-direction: row; text-wrap: wrap;&quot;[39m
            [36m&gt;[39m
              [0m記憶一覧 ([0m
              [0m3[0m
              [0m件)[0m
            [36m&lt;/ink-text&gt;[39m
          [36m&lt;/ink-box&gt;[39m
          [36m&lt;ink-box[39m
            [33mstyle[39m=[32m&quot;flex-wrap: nowrap; flex-direction: column; flex-grow: 0; flex-shrink: 0; width: 48px; overflow-x: visible; overflow-y: visible;&quot;[39m
          [36m&gt;[39m
            [36m&lt;ink-box[39m
              [33mstyle[39m=[32m&quot;flex-wrap: nowrap; flex-direction: row; flex-grow: 0; flex-shrink: 1; overflow-x: visible; overflow-y: visible;&quot;[39m
            [36m&gt;[39m
              [36m&lt;ink-text[39m
                [33mstyle[39m=[32m&quot;flex-grow: 0; flex-shrink: 1; flex-direction: row; text-wrap: wrap;&quot;[39m
              [36m&gt;[39m
                [0m► [0m
              [36m&lt;/ink-text&gt;[39m
              [36m&lt;ink-text[39m
                [33mstyle[39m=[32m&quot;flex-grow: 0; flex-shrink: 1; flex-direction: row; text-wrap: wrap;&quot;[39m
              [36m&gt;[39m
                [0m[[0m
              [36m&lt;/ink-text&gt;[39m
              [36m&lt;ink-text[39m
                [33mstyle[39m=[32m&quot;flex-grow: 0; flex-shrink: 1; flex-direction: row; text-wrap: wrap;&quot;[39m
              [36m&gt;[39m
                [0mmem-001[0m
              [36m&lt;/ink-text&gt;[39m
              [36m&lt;ink-text[39m
                [33mstyle[39m=[32m&quot;flex-grow: 0; flex-shrink: 1; flex-direction: row; text-wrap: wrap;&quot;[39m
              [36m&gt;[39m
                [0m] [0m
              [36m&lt;/ink-text&gt;[39m
              [36m&lt;ink-text[39m
                [33mstyle[39m=[32m&quot;flex-grow: 0; flex-shrink: 1; flex-direction: row; text-wrap: wrap;&quot;[39m
              [36m&gt;[39m
                [0mGPT-5プロンプトガイドの分析結果[0m
              [36m&lt;/ink-text&gt;[39m
            [36m&lt;/ink-box&gt;[39m
            [36m&lt;ink-box[39m
              [33mstyle[39m=[32m&quot;flex-wrap: nowrap; flex-direction: row; flex-grow: 0; flex-shrink: 1; overflow-x: visible; overflow-y: visible;&quot;[39m
            [36m&gt;[39m
              [36m&lt;ink-text[39m
                [33mstyle[39m=[32m&quot;flex-grow: 0; flex-shrink: 1; flex-direction: row; text-wrap: wrap;&quot;[39m
              [36m&gt;[39m
                [0m  [0m
              [36m&lt;/ink-text&gt;[39m
              [36m&lt;ink-text[39m
                [33mstyle[39m=[32m&quot;flex-grow: 0; flex-shrink: 1; flex-direction: row; text-wrap: wrap;&quot;[39m
              [36m&gt;[39m
                [0m[[0m
              [36m&lt;/ink-text&gt;[39m
              [36m&lt;ink-text[39m
                [33mstyle[39m=[32m&quot;flex-grow: 0; flex-shrink: 1; flex-direction: row; text-wrap: wrap;&quot;[39m
              [36m&gt;[39m
                [0mmem-002[0m
              [36m&lt;/ink-text&gt;[39m
              [36m&lt;ink-text[39m
                [33mstyle[39m=[32m&quot;flex-grow: 0; flex-shrink: 1; flex-direction: row; text-wrap: wrap;&quot;[39m
              [36m&gt;[39m
                [0m] [0m
              [36m&lt;/ink-text&gt;[39m
              [36m&lt;ink-text[39m
                [33mstyle[39m=[32m&quot;flex-grow: 0; flex-shrink: 1; flex-direction: row; text-wrap: wrap;&quot;[39m
              [36m&gt;[39m
                [0mシナプス記憶システムのPhase 2実装完了[0m
              [36m&lt;/ink-text&gt;[39m
            [36m&lt;/ink-box&gt;[39m
            [36m&lt;ink-box[39m
              [33mstyle[39m=[32m&quot;flex-wrap: nowrap; flex-direction: row; flex-grow: 0; flex-shrink: 1; overflow-x: visible; overflow-y: visible;&quot;[39m
            [36m&gt;[39m
              [36m&lt;ink-text[39m
                [33mstyle[39m=[32m&quot;flex-grow: 0; flex-shrink: 1; flex-direction: row; text-wrap: wrap;&quot;[39m
              [36m&gt;[39m
                [0m  [0m
              [36m&lt;/ink-text&gt;[39m
              [36m&lt;ink-text[39m
                [33mstyle[39m=[32m&quot;flex-grow: 0; flex-shrink: 1; flex-direction: row; text-wrap: wrap;&quot;[39m
              [36m&gt;[39m
                [0m[[0m
              [36m&lt;/ink-text&gt;[39m
              [36m&lt;ink-text[39m
                [33mstyle[39m=[32m&quot;flex-grow: 0; flex-shrink: 1; flex-direction: row; text-wrap: wrap;&quot;[39m
              [36m&gt;[39m
                [0mmem-003[0m
              [36m&lt;/ink-text&gt;[39m
              [36m&lt;ink-text[39m
                [33mstyle[39m=[32m&quot;flex-grow: 0; flex-shrink: 1; flex-direction: row; text-wrap: wrap;&quot;[39m
              [36m&gt;[39m
                [0m] [0m
              [36m&lt;/ink-text&gt;[39m
              [36m&lt;ink-text[39m
                [33mstyle[39m=[32m&quot;flex-grow: 0; flex-shrink: 1; flex-direction: row; text-wrap: wrap;&quot;[39m
              [36m&gt;[39m
                [0mRESTful API設計とエンドポイント定義[0m
              [36m&lt;/ink-text&gt;[39m
            [36m&lt;/ink-box&gt;[39m
          [36m&lt;/ink-box&gt;[39m
          [36m&lt;ink-box[39m
            [33mstyle[39m=[32m&quot;flex-wrap: nowrap; flex-direction: row; flex-grow: 0; flex-shrink: 1; margin-top: 1px; border-color: rgb(108, 112, 134); padding: 1px; overflow-x: visible; overflow-y: visible;&quot;[39m
          [36m&gt;[39m
            [36m&lt;ink-box[39m
              [33mstyle[39m=[32m&quot;flex-wrap: nowrap; flex-direction: column; flex-grow: 0; flex-shrink: 1; overflow-x: visible; overflow-y: visible;&quot;[39m
            [36m&gt;[39m
              [36m&lt;ink-text[39m
                [33mstyle[39m=[32m&quot;flex-grow: 0; flex-shrink: 1; flex-direction: row; text-wrap: wrap;&quot;[39m
              [36m&gt;[39m
                [0m詳細:[0m
              [36m&lt;/ink-text&gt;[39m
              [36m&lt;ink-text[39m
                [33mstyle[39m=[32m&quot;flex-grow: 0; flex-shrink: 1; flex-direction: row; text-wrap: wrap;&quot;[39m
              [36m&gt;[39m
                [0mID: [0m
                [0mmem-001[0m
              [36m&lt;/ink-text&gt;[39m
              [36m&lt;ink-text[39m
                [33mstyle[39m=[32m&quot;flex-grow: 0; flex-shrink: 1; flex-direction: row; text-wrap: wrap;&quot;[39m
              [36m&gt;[39m
                [0mアクセス数: [0m
                [0m15[0m
              [36m&lt;/ink-text&gt;[39m
              [36m&lt;ink-text[39m
                [33mstyle[39m=[32m&quot;flex-grow: 0; flex-shrink: 1; flex-direction: row; text-wrap: wrap;&quot;[39m
              [36m&gt;[39m
                [0m成功率: [0m
                [0m92.0[0m
                [0m%[0m
              [36m&lt;/ink-text&gt;[39m
              [36m&lt;ink-text[39m
                [33mstyle[39m=[32m&quot;flex-grow: 0; flex-shrink: 1; flex-direction: row; text-wrap: wrap;&quot;[39m
              [36m&gt;[39m
                [0mタグ: [0m
                [0mgpt5, prompting, analysis[0m
              [36m&lt;/ink-text&gt;[39m
            [36m&lt;/ink-box&gt;[39m
          [36m&lt;/ink-box&gt;[39m
        [36m&lt;/ink-box&gt;[39m
      [36m&lt;/ink-box&gt;[39m
      [36m&lt;ink-box[39m
        [33mstyle[39m=[32m&quot;flex-wrap: nowrap; flex-direction: row; flex-grow: 0; flex-shrink: 1; margin-top: 1px; border-color: rgb(108, 112, 134); padding: 1px; overflow-x: visible; overflow-y: visible;&quot;[39m
      [36m&gt;[39m
        [36m&lt;ink-text[39m
          [33mstyle[39m=[32m&quot;flex-grow: 0; flex-shrink: 1; flex-direction: row; text-wrap: wrap;&quot;[39m
        [36m&gt;[39m
          [0mTab: タブ切替 | ↑↓: 記憶選択 | q: 終了[0m
        [36m&lt;/ink-text&gt;[39m
      [36m&lt;/ink-box&gt;[39m
    [36m&lt;/ink-box&gt;[39m
  [36m&lt;/div&gt;[39m
[36m&lt;/body&gt;[39m" type="TestingLibraryElementError">
TestingLibraryElementError: Unable to find an element with the text: Config. This could be because the text is broken up by multiple elements. In this case, you can provide a function for your text matcher to make your matcher more flexible.

Ignored nodes: comments, script, style
&lt;body&gt;
  &lt;div&gt;
    &lt;ink-box
      style=&quot;flex-wrap: nowrap; flex-direction: column; flex-grow: 0; flex-shrink: 1; width: 52px; height: 20px; padding: 1px; overflow-x: visible; overflow-y: visible;&quot;
    &gt;
      &lt;ink-box
        style=&quot;flex-wrap: nowrap; flex-direction: row; flex-grow: 0; flex-shrink: 1; margin-bottom: 1px; overflow-x: visible; overflow-y: visible;&quot;
      &gt;
        &lt;ink-text
          style=&quot;flex-grow: 0; flex-shrink: 1; flex-direction: row; text-wrap: wrap;&quot;
        &gt;
          シナプス記憶システム ダッシュボード
        &lt;/ink-text&gt;
      &lt;/ink-box&gt;
      &lt;ink-box
        style=&quot;flex-wrap: nowrap; flex-direction: row; flex-grow: 0; flex-shrink: 1; margin-bottom: 1px; overflow-x: visible; overflow-y: visible;&quot;
      &gt;
        &lt;ink-box
          style=&quot;flex-wrap: nowrap; flex-direction: row; flex-grow: 0; flex-shrink: 1; margin-right: 2px; overflow-x: visible; overflow-y: visible;&quot;
        &gt;
          &lt;ink-text
            style=&quot;flex-grow: 0; flex-shrink: 1; flex-direction: row; text-wrap: wrap;&quot;
          &gt;
            [
            1
            ] 
            記憶一覧
          &lt;/ink-text&gt;
        &lt;/ink-box&gt;
        &lt;ink-box
          style=&quot;flex-wrap: nowrap; flex-direction: row; flex-grow: 0; flex-shrink: 1; margin-right: 2px; overflow-x: visible; overflow-y: visible;&quot;
        &gt;
          &lt;ink-text
            style=&quot;flex-grow: 0; flex-shrink: 1; flex-direction: row; text-wrap: wrap;&quot;
          &gt;
            [
            2
            ] 
            シナプス結合
          &lt;/ink-text&gt;
        &lt;/ink-box&gt;
        &lt;ink-box
          style=&quot;flex-wrap: nowrap; flex-direction: row; flex-grow: 0; flex-shrink: 1; margin-right: 2px; overflow-x: visible; overflow-y: visible;&quot;
        &gt;
          &lt;ink-text
            style=&quot;flex-grow: 0; flex-shrink: 1; flex-direction: row; text-wrap: wrap;&quot;
          &gt;
            [
            3
            ] 
            ネットワーク診断
          &lt;/ink-text&gt;
        &lt;/ink-box&gt;
        &lt;ink-box
          style=&quot;flex-wrap: nowrap; flex-direction: row; flex-grow: 0; flex-shrink: 1; margin-right: 2px; overflow-x: visible; overflow-y: visible;&quot;
        &gt;
          &lt;ink-text
            style=&quot;flex-grow: 0; flex-shrink: 1; flex-direction: row; text-wrap: wrap;&quot;
          &gt;
            [
            4
            ] 
            設定
          &lt;/ink-text&gt;
        &lt;/ink-box&gt;
      &lt;/ink-box&gt;
      &lt;ink-box
        style=&quot;flex-wrap: nowrap; flex-direction: row; flex-grow: 1; flex-shrink: 1; overflow: hidden; overflow-x: hidden; overflow-y: hidden;&quot;
      &gt;
        &lt;ink-box
          style=&quot;flex-wrap: nowrap; flex-direction: column; flex-grow: 1; flex-shrink: 1; overflow-x: visible; overflow-y: visible;&quot;
        &gt;
          &lt;ink-box
            style=&quot;flex-wrap: nowrap; flex-direction: row; flex-grow: 0; flex-shrink: 1; margin-bottom: 1px; overflow-x: visible; overflow-y: visible;&quot;
          &gt;
            &lt;ink-text
              style=&quot;flex-grow: 0; flex-shrink: 1; flex-direction: row; text-wrap: wrap;&quot;
            &gt;
              記憶一覧 (
              3
              件)
            &lt;/ink-text&gt;
          &lt;/ink-box&gt;
          &lt;ink-box
            style=&quot;flex-wrap: nowrap; flex-direction: column; flex-grow: 0; flex-shrink: 0; width: 48px; overflow-x: visible; overflow-y: visible;&quot;
          &gt;
            &lt;ink-box
              style=&quot;flex-wrap: nowrap; flex-direction: row; flex-grow: 0; flex-shrink: 1; overflow-x: visible; overflow-y: visible;&quot;
            &gt;
              &lt;ink-text
                style=&quot;flex-grow: 0; flex-shrink: 1; flex-direction: row; text-wrap: wrap;&quot;
              &gt;
                ► 
              &lt;/ink-text&gt;
              &lt;ink-text
                style=&quot;flex-grow: 0; flex-shrink: 1; flex-direction: row; text-wrap: wrap;&quot;
              &gt;
                [
              &lt;/ink-text&gt;
              &lt;ink-text
                style=&quot;flex-grow: 0; flex-shrink: 1; flex-direction: row; text-wrap: wrap;&quot;
              &gt;
                mem-001
              &lt;/ink-text&gt;
              &lt;ink-text
                style=&quot;flex-grow: 0; flex-shrink: 1; flex-direction: row; text-wrap: wrap;&quot;
              &gt;
                ] 
              &lt;/ink-text&gt;
              &lt;ink-text
                style=&quot;flex-grow: 0; flex-shrink: 1; flex-direction: row; text-wrap: wrap;&quot;
              &gt;
                GPT-5プロンプトガイドの分析結果
              &lt;/ink-text&gt;
            &lt;/ink-box&gt;
            &lt;ink-box
              style=&quot;flex-wrap: nowrap; flex-direction: row; flex-grow: 0; flex-shrink: 1; overflow-x: visible; overflow-y: visible;&quot;
            &gt;
              &lt;ink-text
                style=&quot;flex-grow: 0; flex-shrink: 1; flex-direction: row; text-wrap: wrap;&quot;
              &gt;
                  
              &lt;/ink-text&gt;
              &lt;ink-text
                style=&quot;flex-grow: 0; flex-shrink: 1; flex-direction: row; text-wrap: wrap;&quot;
              &gt;
                [
              &lt;/ink-text&gt;
              &lt;ink-text
                style=&quot;flex-grow: 0; flex-shrink: 1; flex-direction: row; text-wrap: wrap;&quot;
              &gt;
                mem-002
              &lt;/ink-text&gt;
              &lt;ink-text
                style=&quot;flex-grow: 0; flex-shrink: 1; flex-direction: row; text-wrap: wrap;&quot;
              &gt;
                ] 
              &lt;/ink-text&gt;
              &lt;ink-text
                style=&quot;flex-grow: 0; flex-shrink: 1; flex-direction: row; text-wrap: wrap;&quot;
              &gt;
                シナプス記憶システムのPhase 2実装完了
              &lt;/ink-text&gt;
            &lt;/ink-box&gt;
            &lt;ink-box
              style=&quot;flex-wrap: nowrap; flex-direction: row; flex-grow: 0; flex-shrink: 1; overflow-x: visible; overflow-y: visible;&quot;
            &gt;
              &lt;ink-text
                style=&quot;flex-grow: 0; flex-shrink: 1; flex-direction: row; text-wrap: wrap;&quot;
              &gt;
                  
              &lt;/ink-text&gt;
              &lt;ink-text
                style=&quot;flex-grow: 0; flex-shrink: 1; flex-direction: row; text-wrap: wrap;&quot;
              &gt;
                [
              &lt;/ink-text&gt;
              &lt;ink-text
                style=&quot;flex-grow: 0; flex-shrink: 1; flex-direction: row; text-wrap: wrap;&quot;
              &gt;
                mem-003
              &lt;/ink-text&gt;
              &lt;ink-text
                style=&quot;flex-grow: 0; flex-shrink: 1; flex-direction: row; text-wrap: wrap;&quot;
              &gt;
                ] 
              &lt;/ink-text&gt;
              &lt;ink-text
                style=&quot;flex-grow: 0; flex-shrink: 1; flex-direction: row; text-wrap: wrap;&quot;
              &gt;
                RESTful API設計とエンドポイント定義
              &lt;/ink-text&gt;
            &lt;/ink-box&gt;
          &lt;/ink-box&gt;
          &lt;ink-box
            style=&quot;flex-wrap: nowrap; flex-direction: row; flex-grow: 0; flex-shrink: 1; margin-top: 1px; border-color: rgb(108, 112, 134); padding: 1px; overflow-x: visible; overflow-y: visible;&quot;
          &gt;
            &lt;ink-box
              style=&quot;flex-wrap: nowrap; flex-direction: column; flex-grow: 0; flex-shrink: 1; overflow-x: visible; overflow-y: visible;&quot;
            &gt;
              &lt;ink-text
                style=&quot;flex-grow: 0; flex-shrink: 1; flex-direction: row; text-wrap: wrap;&quot;
              &gt;
                詳細:
              &lt;/ink-text&gt;
              &lt;ink-text
                style=&quot;flex-grow: 0; flex-shrink: 1; flex-direction: row; text-wrap: wrap;&quot;
              &gt;
                ID: 
                mem-001
              &lt;/ink-text&gt;
              &lt;ink-text
                style=&quot;flex-grow: 0; flex-shrink: 1; flex-direction: row; text-wrap: wrap;&quot;
              &gt;
                アクセス数: 
                15
              &lt;/ink-text&gt;
              &lt;ink-text
                style=&quot;flex-grow: 0; flex-shrink: 1; flex-direction: row; text-wrap: wrap;&quot;
              &gt;
                成功率: 
                92.0
                %
              &lt;/ink-text&gt;
              &lt;ink-text
                style=&quot;flex-grow: 0; flex-shrink: 1; flex-direction: row; text-wrap: wrap;&quot;
              &gt;
                タグ: 
                gpt5, prompting, analysis
              &lt;/ink-text&gt;
            &lt;/ink-box&gt;
          &lt;/ink-box&gt;
        &lt;/ink-box&gt;
      &lt;/ink-box&gt;
      &lt;ink-box
        style=&quot;flex-wrap: nowrap; flex-direction: row; flex-grow: 0; flex-shrink: 1; margin-top: 1px; border-color: rgb(108, 112, 134); padding: 1px; overflow-x: visible; overflow-y: visible;&quot;
      &gt;
        &lt;ink-text
          style=&quot;flex-grow: 0; flex-shrink: 1; flex-direction: row; text-wrap: wrap;&quot;
        &gt;
          Tab: タブ切替 | ↑↓: 記憶選択 | q: 終了
        &lt;/ink-text&gt;
      &lt;/ink-box&gt;
    &lt;/ink-box&gt;
  &lt;/div&gt;
&lt;/body&gt;
 ❯ Object.getElementError node_modules/@testing-library/dom/dist/config.js:37:19
 ❯ node_modules/@testing-library/dom/dist/query-helpers.js:76:38
 ❯ node_modules/@testing-library/dom/dist/query-helpers.js:52:17
 ❯ node_modules/@testing-library/dom/dist/query-helpers.js:95:19
 ❯ src/ui/components/SynapticMemoryDashboard.test.tsx:154:28
            </failure>
        </testcase>
        <testcase classname="src/ui/components/SynapticMemoryDashboard.test.tsx" name="SynapticMemoryDashboard &gt; Escキーでダッシュボードが閉じられること" time="1.012883459">
            <failure message="expected &quot;spy&quot; to be called at least once

Ignored nodes: comments, script, style
[36m&lt;html&gt;[39m
  [36m&lt;head /&gt;[39m
  [36m&lt;body&gt;[39m
    [36m&lt;div&gt;[39m
      [36m&lt;ink-box[39m
        [33mstyle[39m=[32m&quot;flex-wrap: nowrap; flex-direction: column; flex-grow: 0; flex-shrink: 1; width: 52px; height: 20px; padding: 1px; overflow-x: visible; overflow-y: visible;&quot;[39m
      [36m&gt;[39m
        [36m&lt;ink-box[39m
          [33mstyle[39m=[32m&quot;flex-wrap: nowrap; flex-direction: row; flex-grow: 0; flex-shrink: 1; margin-bottom: 1px; overflow-x: visible; overflow-y: visible;&quot;[39m
        [36m&gt;[39m
          [36m&lt;ink-text[39m
            [33mstyle[39m=[32m&quot;flex-grow: 0; flex-shrink: 1; flex-direction: row; text-wrap: wrap;&quot;[39m
          [36m&gt;[39m
            [0mシナプス記憶システム ダッシュボード[0m
          [36m&lt;/ink-text&gt;[39m
        [36m&lt;/ink-box&gt;[39m
        [36m&lt;ink-box[39m
          [33mstyle[39m=[32m&quot;flex-wrap: nowrap; flex-direction: row; flex-grow: 0; flex-shrink: 1; margin-bottom: 1px; overflow-x: visible; overflow-y: visible;&quot;[39m
        [36m&gt;[39m
          [36m&lt;ink-box[39m
            [33mstyle[39m=[32m&quot;flex-wrap: nowrap; flex-direction: row; flex-grow: 0; flex-shrink: 1; margin-right: 2px; overflow-x: visible; overflow-y: visible;&quot;[39m
          [36m&gt;[39m
            [36m&lt;ink-text[39m
              [33mstyle[39m=[32m&quot;flex-grow: 0; flex-shrink: 1; flex-direction: row; text-wrap: wrap;&quot;[39m
            [36m&gt;[39m
              [0m[[0m
              [0m1[0m
              [0m] [0m
              [0m記憶一覧[0m
            [36m&lt;/ink-text&gt;[39m
          [36m&lt;/ink-box&gt;[39m
          [36m&lt;ink-box[39m
            [33mstyle[39m=[32m&quot;flex-wrap: nowrap; flex-direction: row; flex-grow: 0; flex-shrink: 1; margin-right: 2px; overflow-x: visible; overflow-y: visible;&quot;[39m
          [36m&gt;[39m
            [36m&lt;ink-text[39m
              [33mstyle[39m=[32m&quot;flex-grow: 0; flex-shrink: 1; flex-direction: row; text-wrap: wrap;&quot;[39m
            [36m&gt;[39m
              [0m[[0m
              [0m2[0m
              [0m] [0m
              [0mシナプス結合[0m
            [36m&lt;/ink-text&gt;[39m
          [36m&lt;/ink-box&gt;[39m
          [36m&lt;ink-box[39m
            [33mstyle[39m=[32m&quot;flex-wrap: nowrap; flex-direction: row; flex-grow: 0; flex-shrink: 1; margin-right: 2px; overflow-x: visible; overflow-y: visible;&quot;[39m
          [36m&gt;[39m
            [36m&lt;ink-text[39m
              [33mstyle[39m=[32m&quot;flex-grow: 0; flex-shrink: 1; flex-direction: row; text-wrap: wrap;&quot;[39m
            [36m&gt;[39m
              [0m[[0m
              [0m3[0m
              [0m] [0m
              [0mネットワーク診断[0m
            [36m&lt;/ink-text&gt;[39m
          [36m&lt;/ink-box&gt;[39m
          [36m&lt;ink-box[39m
            [33mstyle[39m=[32m&quot;flex-wrap: nowrap; flex-direction: row; flex-grow: 0; flex-shrink: 1; margin-right: 2px; overflow-x: visible; overflow-y: visible;&quot;[39m
          [36m&gt;[39m
            [36m&lt;ink-text[39m
              [33mstyle[39m=[32m&quot;flex-grow: 0; flex-shrink: 1; flex-direction: row; text-wrap: wrap;&quot;[39m
            [36m&gt;[39m
              [0m[[0m
              [0m4[0m
              [0m] [0m
              [0m設定[0m
            [36m&lt;/ink-text&gt;[39m
          [36m&lt;/ink-box&gt;[39m
        [36m&lt;/ink-box&gt;[39m
        [36m&lt;ink-box[39m
          [33mstyle[39m=[32m&quot;flex-wrap: nowrap; flex-direction: row; flex-grow: 1; flex-shrink: 1; overflow: hidden; overflow-x: hidden; overflow-y: hidden;&quot;[39m
        [36m&gt;[39m
          [36m&lt;ink-box[39m
            [33mstyle[39m=[32m&quot;flex-wrap: nowrap; flex-direction: column; flex-grow: 1; flex-shrink: 1; overflow-x: visible; overflow-y: visible;&quot;[39m
          [36m&gt;[39m
            [36m&lt;ink-box[39m
              [33mstyle[39m=[32m&quot;flex-wrap: nowrap; flex-direction: row; flex-grow: 0; flex-shrink: 1; margin-bottom: 1px; overflow-x: visible; overflow-y: visible;&quot;[39m
            [36m&gt;[39m
              [36m&lt;ink-text[39m
                [33mstyle[39m=[32m&quot;flex-grow: 0; flex-shrink: 1; flex-direction: row; text-wrap: wrap;&quot;[39m
              [36m&gt;[39m
                [0m記憶一覧 ([0m
                [0m3[0m
                [0m件)[0m
              [36m&lt;/ink-text&gt;[39m
            [36m&lt;/ink-box&gt;[39m
            [36m&lt;ink-box[39m
              [33mstyle[39m=[32m&quot;flex-wrap: nowrap; flex-direction: column; flex-grow: 0; flex-shrink: 0; width: 48px; overflow-x: visible; overflow-y: visible;&quot;[39m
            [36m&gt;[39m
              [36m&lt;ink-box[39m
                [33mstyle[39m=[32m&quot;flex-wrap: nowrap; flex-direction: row; flex-grow: 0; flex-shrink: 1; overflow-x: visible; overflow-y: visible;&quot;[39m
              [36m&gt;[39m
                [36m&lt;ink-text[39m
                  [33mstyle[39m=[32m&quot;flex-grow: 0; flex-shrink: 1; flex-direction: row; text-wrap: wrap;&quot;[39m
                [36m&gt;[39m
                  [0m► [0m
                [36m&lt;/ink-text&gt;[39m
                [36m&lt;ink-text[39m
                  [33mstyle[39m=[32m&quot;flex-grow: 0; flex-shrink: 1; flex-direction: row; text-wrap: wrap;&quot;[39m
                [36m&gt;[39m
                  [0m[[0m
                [36m&lt;/ink-text&gt;[39m
                [36m&lt;ink-text[39m
                  [33mstyle[39m=[32m&quot;flex-grow: 0; flex-shrink: 1; flex-direction: row; text-wrap: wrap;&quot;[39m
                [36m&gt;[39m
                  [0mmem-001[0m
                [36m&lt;/ink-text&gt;[39m
                [36m&lt;ink-text[39m
                  [33mstyle[39m=[32m&quot;flex-grow: 0; flex-shrink: 1; flex-direction: row; text-wrap: wrap;&quot;[39m
                [36m&gt;[39m
                  [0m] [0m
                [36m&lt;/ink-text&gt;[39m
                [36m&lt;ink-text[39m
                  [33mstyle[39m=[32m&quot;flex-grow: 0; flex-shrink: 1; flex-direction: row; text-wrap: wrap;&quot;[39m
                [36m&gt;[39m
                  [0mGPT-5プロンプトガイドの分析結果[0m
                [36m&lt;/ink-text&gt;[39m
              [36m&lt;/ink-box&gt;[39m
              [36m&lt;ink-box[39m
                [33mstyle[39m=[32m&quot;flex-wrap: nowrap; flex-direction: row; flex-grow: 0; flex-shrink: 1; overflow-x: visible; overflow-y: visible;&quot;[39m
              [36m&gt;[39m
                [36m&lt;ink-text[39m
                  [33mstyle[39m=[32m&quot;flex-grow: 0; flex-shrink: 1; flex-direction: row; text-wrap: wrap;&quot;[39m
                [36m&gt;[39m
                  [0m  [0m
                [36m&lt;/ink-text&gt;[39m
                [36m&lt;ink-text[39m
                  [33mstyle[39m=[32m&quot;flex-grow: 0; flex-shrink: 1; flex-direction: row; text-wrap: wrap;&quot;[39m
                [36m&gt;[39m
                  [0m[[0m
                [36m&lt;/ink-text&gt;[39m
                [36m&lt;ink-text[39m
                  [33mstyle[39m=[32m&quot;flex-grow: 0; flex-shrink: 1; flex-direction: row; text-wrap: wrap;&quot;[39m
                [36m&gt;[39m
                  [0mmem-002[0m
                [36m&lt;/ink-text&gt;[39m
                [36m&lt;ink-text[39m
                  [33mstyle[39m=[32m&quot;flex-grow: 0; flex-shrink: 1; flex-direction: row; text-wrap: wrap;&quot;[39m
                [36m&gt;[39m
                  [0m] [0m
                [36m&lt;/ink-text&gt;[39m
                [36m&lt;ink-text[39m
                  [33mstyle[39m=[32m&quot;flex-grow: 0; flex-shrink: 1; flex-direction: row; text-wrap: wrap;&quot;[39m
                [36m&gt;[39m
                  [0mシナプス記憶システムのPhase 2実装完了[0m
                [36m&lt;/ink-text&gt;[39m
              [36m&lt;/ink-box&gt;[39m
              [36m&lt;ink-box[39m
                [33mstyle[39m=[32m&quot;flex-wrap: nowrap; flex-direction: row; flex-grow: 0; flex-shrink: 1; overflow-x: visible; overflow-y: visible;&quot;[39m
              [36m&gt;[39m
                [36m&lt;ink-text[39m
                  [33mstyle[39m=[32m&quot;flex-grow: 0; flex-shrink: 1; flex-direction: row; text-wrap: wrap;&quot;[39m
                [36m&gt;[39m
                  [0m  [0m
                [36m&lt;/ink-text&gt;[39m
                [36m&lt;ink-text[39m
                  [33mstyle[39m=[32m&quot;flex-grow: 0; flex-shrink: 1; flex-direction: row; text-wrap: wrap;&quot;[39m
                [36m&gt;[39m
                  [0m[[0m
                [36m&lt;/ink-text&gt;[39m
                [36m&lt;ink-text[39m
                  [33mstyle[39m=[32m&quot;flex-grow: 0; flex-shrink: 1; flex-direction: row; text-wrap: wrap;&quot;[39m
                [36m&gt;[39m
                  [0mmem-003[0m
                [36m&lt;/ink-text&gt;[39m
                [36m&lt;ink-text[39m
                  [33mstyle[39m=[32m&quot;flex-grow: 0; flex-shrink: 1; flex-direction: row; text-wrap: wrap;&quot;[39m
                [36m&gt;[39m
                  [0m] [0m
                [36m&lt;/ink-text&gt;[39m
                [36m&lt;ink-text[39m
                  [33mstyle[39m=[32m&quot;flex-grow: 0; flex-shrink: 1; flex-direction: row; text-wrap: wrap;&quot;[39m
                [36m&gt;[39m
                  [0mRESTful API設計とエンドポイント定義[0m
                [36m&lt;/ink-text&gt;[39m
              [36m&lt;/ink-box&gt;[39m
            [36m&lt;/ink-box&gt;[39m
            [36m&lt;ink-box[39m
              [33mstyle[39m=[32m&quot;flex-wrap: nowrap; flex-direction: row; flex-grow: 0; flex-shrink: 1; margin-top: 1px; border-color: rgb(108, 112, 134); padding: 1px; overflow-x: visible; overflow-y: visible;&quot;[39m
            [36m&gt;[39m
              [36m&lt;ink-box[39m
                [33mstyle[39m=[32m&quot;flex-wrap: nowrap; flex-direction: column; flex-grow: 0; flex-shrink: 1; overflow-x: visible; overflow-y: visible;&quot;[39m
              [36m&gt;[39m
                [36m&lt;ink-text[39m
                  [33mstyle[39m=[32m&quot;flex-grow: 0; flex-shrink: 1; flex-direction: row; text-wrap: wrap;&quot;[39m
                [36m&gt;[39m
                  [0m詳細:[0m
                [36m&lt;/ink-text&gt;[39m
                [36m&lt;ink-text[39m
                  [33mstyle[39m=[32m&quot;flex-grow: 0; flex-shrink: 1; flex-direction: row; text-wrap: wrap;&quot;[39m
                [36m&gt;[39m
                  [0mID: [0m
                  [0mmem-001[0m
                [36m&lt;/ink-text&gt;[39m
                [36m&lt;ink-text[39m
                  [33mstyle[39m=[32m&quot;flex-grow: 0; flex-shrink: 1; flex-direction: row; text-wrap: wrap;&quot;[39m
                [36m&gt;[39m
                  [0mアクセス数: [0m
                  [0m15[0m
                [36m&lt;/ink-text&gt;[39m
                [36m&lt;ink-text[39m
                  [33mstyle[39m=[32m&quot;flex-grow: 0; flex-shrink: 1; flex-direction: row; text-wrap: wrap;&quot;[39m
                [36m&gt;[39m
                  [0m成功率: [0m
                  [0m92.0[0m
                  [0m%[0m
                [36m&lt;/ink-text&gt;[39m
                [36m&lt;ink-text[39m
                  [33mstyle[39m=[32m&quot;flex-grow: 0; flex-shrink: 1; flex-direction: row; text-wrap: wrap;&quot;[39m
                [36m&gt;[39m
                  [0mタグ: [0m
                  [0mgpt5, prompting, analysis[0m
                [36m&lt;/ink-text&gt;[39m
              [36m&lt;/ink-box&gt;[39m
            [36m&lt;/ink-box&gt;[39m
          [36m&lt;/ink-box&gt;[39m
        [36m&lt;/ink-box&gt;[39m
        [36m&lt;ink-box[39m
          [33mstyle[39m=[32m&quot;flex-wrap: nowrap; flex-direction: row; flex-grow: 0; flex-shrink: 1; margin-top: 1px; border-color: rgb(108, 112, 134); padding: 1px; overflow-x: visible; overflow-y: visible;&quot;[39m
        [36m&gt;[39m
          [36m&lt;ink-text[39m
            [33mstyle[39m=[32m&quot;flex-grow: 0; flex-shrink: 1; flex-direction: row; text-wrap: wrap;&quot;[39m
          [36m&gt;[39m
            [0mTab: タブ切替 | ↑↓: 記憶選択 | q: 終了[0m
          [36m&lt;/ink-text&gt;[39m
        [36m&lt;/ink-box&gt;[39m
      [36m&lt;/ink-box&gt;[39m
    [36m&lt;/div&gt;[39m
  [36m&lt;/body&gt;[39m
[36m&lt;/html&gt;[39m" type="AssertionError">
AssertionError: expected &quot;spy&quot; to be called at least once

Ignored nodes: comments, script, style
&lt;html&gt;
  &lt;head /&gt;
  &lt;body&gt;
    &lt;div&gt;
      &lt;ink-box
        style=&quot;flex-wrap: nowrap; flex-direction: column; flex-grow: 0; flex-shrink: 1; width: 52px; height: 20px; padding: 1px; overflow-x: visible; overflow-y: visible;&quot;
      &gt;
        &lt;ink-box
          style=&quot;flex-wrap: nowrap; flex-direction: row; flex-grow: 0; flex-shrink: 1; margin-bottom: 1px; overflow-x: visible; overflow-y: visible;&quot;
        &gt;
          &lt;ink-text
            style=&quot;flex-grow: 0; flex-shrink: 1; flex-direction: row; text-wrap: wrap;&quot;
          &gt;
            シナプス記憶システム ダッシュボード
          &lt;/ink-text&gt;
        &lt;/ink-box&gt;
        &lt;ink-box
          style=&quot;flex-wrap: nowrap; flex-direction: row; flex-grow: 0; flex-shrink: 1; margin-bottom: 1px; overflow-x: visible; overflow-y: visible;&quot;
        &gt;
          &lt;ink-box
            style=&quot;flex-wrap: nowrap; flex-direction: row; flex-grow: 0; flex-shrink: 1; margin-right: 2px; overflow-x: visible; overflow-y: visible;&quot;
          &gt;
            &lt;ink-text
              style=&quot;flex-grow: 0; flex-shrink: 1; flex-direction: row; text-wrap: wrap;&quot;
            &gt;
              [
              1
              ] 
              記憶一覧
            &lt;/ink-text&gt;
          &lt;/ink-box&gt;
          &lt;ink-box
            style=&quot;flex-wrap: nowrap; flex-direction: row; flex-grow: 0; flex-shrink: 1; margin-right: 2px; overflow-x: visible; overflow-y: visible;&quot;
          &gt;
            &lt;ink-text
              style=&quot;flex-grow: 0; flex-shrink: 1; flex-direction: row; text-wrap: wrap;&quot;
            &gt;
              [
              2
              ] 
              シナプス結合
            &lt;/ink-text&gt;
          &lt;/ink-box&gt;
          &lt;ink-box
            style=&quot;flex-wrap: nowrap; flex-direction: row; flex-grow: 0; flex-shrink: 1; margin-right: 2px; overflow-x: visible; overflow-y: visible;&quot;
          &gt;
            &lt;ink-text
              style=&quot;flex-grow: 0; flex-shrink: 1; flex-direction: row; text-wrap: wrap;&quot;
            &gt;
              [
              3
              ] 
              ネットワーク診断
            &lt;/ink-text&gt;
          &lt;/ink-box&gt;
          &lt;ink-box
            style=&quot;flex-wrap: nowrap; flex-direction: row; flex-grow: 0; flex-shrink: 1; margin-right: 2px; overflow-x: visible; overflow-y: visible;&quot;
          &gt;
            &lt;ink-text
              style=&quot;flex-grow: 0; flex-shrink: 1; flex-direction: row; text-wrap: wrap;&quot;
            &gt;
              [
              4
              ] 
              設定
            &lt;/ink-text&gt;
          &lt;/ink-box&gt;
        &lt;/ink-box&gt;
        &lt;ink-box
          style=&quot;flex-wrap: nowrap; flex-direction: row; flex-grow: 1; flex-shrink: 1; overflow: hidden; overflow-x: hidden; overflow-y: hidden;&quot;
        &gt;
          &lt;ink-box
            style=&quot;flex-wrap: nowrap; flex-direction: column; flex-grow: 1; flex-shrink: 1; overflow-x: visible; overflow-y: visible;&quot;
          &gt;
            &lt;ink-box
              style=&quot;flex-wrap: nowrap; flex-direction: row; flex-grow: 0; flex-shrink: 1; margin-bottom: 1px; overflow-x: visible; overflow-y: visible;&quot;
            &gt;
              &lt;ink-text
                style=&quot;flex-grow: 0; flex-shrink: 1; flex-direction: row; text-wrap: wrap;&quot;
              &gt;
                記憶一覧 (
                3
                件)
              &lt;/ink-text&gt;
            &lt;/ink-box&gt;
            &lt;ink-box
              style=&quot;flex-wrap: nowrap; flex-direction: column; flex-grow: 0; flex-shrink: 0; width: 48px; overflow-x: visible; overflow-y: visible;&quot;
            &gt;
              &lt;ink-box
                style=&quot;flex-wrap: nowrap; flex-direction: row; flex-grow: 0; flex-shrink: 1; overflow-x: visible; overflow-y: visible;&quot;
              &gt;
                &lt;ink-text
                  style=&quot;flex-grow: 0; flex-shrink: 1; flex-direction: row; text-wrap: wrap;&quot;
                &gt;
                  ► 
                &lt;/ink-text&gt;
                &lt;ink-text
                  style=&quot;flex-grow: 0; flex-shrink: 1; flex-direction: row; text-wrap: wrap;&quot;
                &gt;
                  [
                &lt;/ink-text&gt;
                &lt;ink-text
                  style=&quot;flex-grow: 0; flex-shrink: 1; flex-direction: row; text-wrap: wrap;&quot;
                &gt;
                  mem-001
                &lt;/ink-text&gt;
                &lt;ink-text
                  style=&quot;flex-grow: 0; flex-shrink: 1; flex-direction: row; text-wrap: wrap;&quot;
                &gt;
                  ] 
                &lt;/ink-text&gt;
                &lt;ink-text
                  style=&quot;flex-grow: 0; flex-shrink: 1; flex-direction: row; text-wrap: wrap;&quot;
                &gt;
                  GPT-5プロンプトガイドの分析結果
                &lt;/ink-text&gt;
              &lt;/ink-box&gt;
              &lt;ink-box
                style=&quot;flex-wrap: nowrap; flex-direction: row; flex-grow: 0; flex-shrink: 1; overflow-x: visible; overflow-y: visible;&quot;
              &gt;
                &lt;ink-text
                  style=&quot;flex-grow: 0; flex-shrink: 1; flex-direction: row; text-wrap: wrap;&quot;
                &gt;
                    
                &lt;/ink-text&gt;
                &lt;ink-text
                  style=&quot;flex-grow: 0; flex-shrink: 1; flex-direction: row; text-wrap: wrap;&quot;
                &gt;
                  [
                &lt;/ink-text&gt;
                &lt;ink-text
                  style=&quot;flex-grow: 0; flex-shrink: 1; flex-direction: row; text-wrap: wrap;&quot;
                &gt;
                  mem-002
                &lt;/ink-text&gt;
                &lt;ink-text
                  style=&quot;flex-grow: 0; flex-shrink: 1; flex-direction: row; text-wrap: wrap;&quot;
                &gt;
                  ] 
                &lt;/ink-text&gt;
                &lt;ink-text
                  style=&quot;flex-grow: 0; flex-shrink: 1; flex-direction: row; text-wrap: wrap;&quot;
                &gt;
                  シナプス記憶システムのPhase 2実装完了
                &lt;/ink-text&gt;
              &lt;/ink-box&gt;
              &lt;ink-box
                style=&quot;flex-wrap: nowrap; flex-direction: row; flex-grow: 0; flex-shrink: 1; overflow-x: visible; overflow-y: visible;&quot;
              &gt;
                &lt;ink-text
                  style=&quot;flex-grow: 0; flex-shrink: 1; flex-direction: row; text-wrap: wrap;&quot;
                &gt;
                    
                &lt;/ink-text&gt;
                &lt;ink-text
                  style=&quot;flex-grow: 0; flex-shrink: 1; flex-direction: row; text-wrap: wrap;&quot;
                &gt;
                  [
                &lt;/ink-text&gt;
                &lt;ink-text
                  style=&quot;flex-grow: 0; flex-shrink: 1; flex-direction: row; text-wrap: wrap;&quot;
                &gt;
                  mem-003
                &lt;/ink-text&gt;
                &lt;ink-text
                  style=&quot;flex-grow: 0; flex-shrink: 1; flex-direction: row; text-wrap: wrap;&quot;
                &gt;
                  ] 
                &lt;/ink-text&gt;
                &lt;ink-text
                  style=&quot;flex-grow: 0; flex-shrink: 1; flex-direction: row; text-wrap: wrap;&quot;
                &gt;
                  RESTful API設計とエンドポイント定義
                &lt;/ink-text&gt;
              &lt;/ink-box&gt;
            &lt;/ink-box&gt;
            &lt;ink-box
              style=&quot;flex-wrap: nowrap; flex-direction: row; flex-grow: 0; flex-shrink: 1; margin-top: 1px; border-color: rgb(108, 112, 134); padding: 1px; overflow-x: visible; overflow-y: visible;&quot;
            &gt;
              &lt;ink-box
                style=&quot;flex-wrap: nowrap; flex-direction: column; flex-grow: 0; flex-shrink: 1; overflow-x: visible; overflow-y: visible;&quot;
              &gt;
                &lt;ink-text
                  style=&quot;flex-grow: 0; flex-shrink: 1; flex-direction: row; text-wrap: wrap;&quot;
                &gt;
                  詳細:
                &lt;/ink-text&gt;
                &lt;ink-text
                  style=&quot;flex-grow: 0; flex-shrink: 1; flex-direction: row; text-wrap: wrap;&quot;
                &gt;
                  ID: 
                  mem-001
                &lt;/ink-text&gt;
                &lt;ink-text
                  style=&quot;flex-grow: 0; flex-shrink: 1; flex-direction: row; text-wrap: wrap;&quot;
                &gt;
                  アクセス数: 
                  15
                &lt;/ink-text&gt;
                &lt;ink-text
                  style=&quot;flex-grow: 0; flex-shrink: 1; flex-direction: row; text-wrap: wrap;&quot;
                &gt;
                  成功率: 
                  92.0
                  %
                &lt;/ink-text&gt;
                &lt;ink-text
                  style=&quot;flex-grow: 0; flex-shrink: 1; flex-direction: row; text-wrap: wrap;&quot;
                &gt;
                  タグ: 
                  gpt5, prompting, analysis
                &lt;/ink-text&gt;
              &lt;/ink-box&gt;
            &lt;/ink-box&gt;
          &lt;/ink-box&gt;
        &lt;/ink-box&gt;
        &lt;ink-box
          style=&quot;flex-wrap: nowrap; flex-direction: row; flex-grow: 0; flex-shrink: 1; margin-top: 1px; border-color: rgb(108, 112, 134); padding: 1px; overflow-x: visible; overflow-y: visible;&quot;
        &gt;
          &lt;ink-text
            style=&quot;flex-grow: 0; flex-shrink: 1; flex-direction: row; text-wrap: wrap;&quot;
          &gt;
            Tab: タブ切替 | ↑↓: 記憶選択 | q: 終了
          &lt;/ink-text&gt;
        &lt;/ink-box&gt;
      &lt;/ink-box&gt;
    &lt;/div&gt;
  &lt;/body&gt;
&lt;/html&gt;
 ❯ src/ui/components/SynapticMemoryDashboard.test.tsx:171:33
 ❯ runWithExpensiveErrorDiagnosticsDisabled node_modules/@testing-library/dom/dist/config.js:47:12
 ❯ checkCallback node_modules/@testing-library/dom/dist/wait-for.js:124:77
 ❯ Timeout.checkRealTimersCallback node_modules/@testing-library/dom/dist/wait-for.js:118:16
            </failure>
        </testcase>
        <testcase classname="src/ui/components/SynapticMemoryDashboard.test.tsx" name="SynapticMemoryDashboard &gt; qキーでダッシュボードが閉じられること" time="1.025684751">
            <failure message="expected &quot;spy&quot; to be called at least once

Ignored nodes: comments, script, style
[36m&lt;html&gt;[39m
  [36m&lt;head /&gt;[39m
  [36m&lt;body&gt;[39m
    [36m&lt;div&gt;[39m
      [36m&lt;ink-box[39m
        [33mstyle[39m=[32m&quot;flex-wrap: nowrap; flex-direction: column; flex-grow: 0; flex-shrink: 1; width: 52px; height: 20px; padding: 1px; overflow-x: visible; overflow-y: visible;&quot;[39m
      [36m&gt;[39m
        [36m&lt;ink-box[39m
          [33mstyle[39m=[32m&quot;flex-wrap: nowrap; flex-direction: row; flex-grow: 0; flex-shrink: 1; margin-bottom: 1px; overflow-x: visible; overflow-y: visible;&quot;[39m
        [36m&gt;[39m
          [36m&lt;ink-text[39m
            [33mstyle[39m=[32m&quot;flex-grow: 0; flex-shrink: 1; flex-direction: row; text-wrap: wrap;&quot;[39m
          [36m&gt;[39m
            [0mシナプス記憶システム ダッシュボード[0m
          [36m&lt;/ink-text&gt;[39m
        [36m&lt;/ink-box&gt;[39m
        [36m&lt;ink-box[39m
          [33mstyle[39m=[32m&quot;flex-wrap: nowrap; flex-direction: row; flex-grow: 0; flex-shrink: 1; margin-bottom: 1px; overflow-x: visible; overflow-y: visible;&quot;[39m
        [36m&gt;[39m
          [36m&lt;ink-box[39m
            [33mstyle[39m=[32m&quot;flex-wrap: nowrap; flex-direction: row; flex-grow: 0; flex-shrink: 1; margin-right: 2px; overflow-x: visible; overflow-y: visible;&quot;[39m
          [36m&gt;[39m
            [36m&lt;ink-text[39m
              [33mstyle[39m=[32m&quot;flex-grow: 0; flex-shrink: 1; flex-direction: row; text-wrap: wrap;&quot;[39m
            [36m&gt;[39m
              [0m[[0m
              [0m1[0m
              [0m] [0m
              [0m記憶一覧[0m
            [36m&lt;/ink-text&gt;[39m
          [36m&lt;/ink-box&gt;[39m
          [36m&lt;ink-box[39m
            [33mstyle[39m=[32m&quot;flex-wrap: nowrap; flex-direction: row; flex-grow: 0; flex-shrink: 1; margin-right: 2px; overflow-x: visible; overflow-y: visible;&quot;[39m
          [36m&gt;[39m
            [36m&lt;ink-text[39m
              [33mstyle[39m=[32m&quot;flex-grow: 0; flex-shrink: 1; flex-direction: row; text-wrap: wrap;&quot;[39m
            [36m&gt;[39m
              [0m[[0m
              [0m2[0m
              [0m] [0m
              [0mシナプス結合[0m
            [36m&lt;/ink-text&gt;[39m
          [36m&lt;/ink-box&gt;[39m
          [36m&lt;ink-box[39m
            [33mstyle[39m=[32m&quot;flex-wrap: nowrap; flex-direction: row; flex-grow: 0; flex-shrink: 1; margin-right: 2px; overflow-x: visible; overflow-y: visible;&quot;[39m
          [36m&gt;[39m
            [36m&lt;ink-text[39m
              [33mstyle[39m=[32m&quot;flex-grow: 0; flex-shrink: 1; flex-direction: row; text-wrap: wrap;&quot;[39m
            [36m&gt;[39m
              [0m[[0m
              [0m3[0m
              [0m] [0m
              [0mネットワーク診断[0m
            [36m&lt;/ink-text&gt;[39m
          [36m&lt;/ink-box&gt;[39m
          [36m&lt;ink-box[39m
            [33mstyle[39m=[32m&quot;flex-wrap: nowrap; flex-direction: row; flex-grow: 0; flex-shrink: 1; margin-right: 2px; overflow-x: visible; overflow-y: visible;&quot;[39m
          [36m&gt;[39m
            [36m&lt;ink-text[39m
              [33mstyle[39m=[32m&quot;flex-grow: 0; flex-shrink: 1; flex-direction: row; text-wrap: wrap;&quot;[39m
            [36m&gt;[39m
              [0m[[0m
              [0m4[0m
              [0m] [0m
              [0m設定[0m
            [36m&lt;/ink-text&gt;[39m
          [36m&lt;/ink-box&gt;[39m
        [36m&lt;/ink-box&gt;[39m
        [36m&lt;ink-box[39m
          [33mstyle[39m=[32m&quot;flex-wrap: nowrap; flex-direction: row; flex-grow: 1; flex-shrink: 1; overflow: hidden; overflow-x: hidden; overflow-y: hidden;&quot;[39m
        [36m&gt;[39m
          [36m&lt;ink-box[39m
            [33mstyle[39m=[32m&quot;flex-wrap: nowrap; flex-direction: column; flex-grow: 1; flex-shrink: 1; overflow-x: visible; overflow-y: visible;&quot;[39m
          [36m&gt;[39m
            [36m&lt;ink-box[39m
              [33mstyle[39m=[32m&quot;flex-wrap: nowrap; flex-direction: row; flex-grow: 0; flex-shrink: 1; margin-bottom: 1px; overflow-x: visible; overflow-y: visible;&quot;[39m
            [36m&gt;[39m
              [36m&lt;ink-text[39m
                [33mstyle[39m=[32m&quot;flex-grow: 0; flex-shrink: 1; flex-direction: row; text-wrap: wrap;&quot;[39m
              [36m&gt;[39m
                [0m記憶一覧 ([0m
                [0m3[0m
                [0m件)[0m
              [36m&lt;/ink-text&gt;[39m
            [36m&lt;/ink-box&gt;[39m
            [36m&lt;ink-box[39m
              [33mstyle[39m=[32m&quot;flex-wrap: nowrap; flex-direction: column; flex-grow: 0; flex-shrink: 0; width: 48px; overflow-x: visible; overflow-y: visible;&quot;[39m
            [36m&gt;[39m
              [36m&lt;ink-box[39m
                [33mstyle[39m=[32m&quot;flex-wrap: nowrap; flex-direction: row; flex-grow: 0; flex-shrink: 1; overflow-x: visible; overflow-y: visible;&quot;[39m
              [36m&gt;[39m
                [36m&lt;ink-text[39m
                  [33mstyle[39m=[32m&quot;flex-grow: 0; flex-shrink: 1; flex-direction: row; text-wrap: wrap;&quot;[39m
                [36m&gt;[39m
                  [0m► [0m
                [36m&lt;/ink-text&gt;[39m
                [36m&lt;ink-text[39m
                  [33mstyle[39m=[32m&quot;flex-grow: 0; flex-shrink: 1; flex-direction: row; text-wrap: wrap;&quot;[39m
                [36m&gt;[39m
                  [0m[[0m
                [36m&lt;/ink-text&gt;[39m
                [36m&lt;ink-text[39m
                  [33mstyle[39m=[32m&quot;flex-grow: 0; flex-shrink: 1; flex-direction: row; text-wrap: wrap;&quot;[39m
                [36m&gt;[39m
                  [0mmem-001[0m
                [36m&lt;/ink-text&gt;[39m
                [36m&lt;ink-text[39m
                  [33mstyle[39m=[32m&quot;flex-grow: 0; flex-shrink: 1; flex-direction: row; text-wrap: wrap;&quot;[39m
                [36m&gt;[39m
                  [0m] [0m
                [36m&lt;/ink-text&gt;[39m
                [36m&lt;ink-text[39m
                  [33mstyle[39m=[32m&quot;flex-grow: 0; flex-shrink: 1; flex-direction: row; text-wrap: wrap;&quot;[39m
                [36m&gt;[39m
                  [0mGPT-5プロンプトガイドの分析結果[0m
                [36m&lt;/ink-text&gt;[39m
              [36m&lt;/ink-box&gt;[39m
              [36m&lt;ink-box[39m
                [33mstyle[39m=[32m&quot;flex-wrap: nowrap; flex-direction: row; flex-grow: 0; flex-shrink: 1; overflow-x: visible; overflow-y: visible;&quot;[39m
              [36m&gt;[39m
                [36m&lt;ink-text[39m
                  [33mstyle[39m=[32m&quot;flex-grow: 0; flex-shrink: 1; flex-direction: row; text-wrap: wrap;&quot;[39m
                [36m&gt;[39m
                  [0m  [0m
                [36m&lt;/ink-text&gt;[39m
                [36m&lt;ink-text[39m
                  [33mstyle[39m=[32m&quot;flex-grow: 0; flex-shrink: 1; flex-direction: row; text-wrap: wrap;&quot;[39m
                [36m&gt;[39m
                  [0m[[0m
                [36m&lt;/ink-text&gt;[39m
                [36m&lt;ink-text[39m
                  [33mstyle[39m=[32m&quot;flex-grow: 0; flex-shrink: 1; flex-direction: row; text-wrap: wrap;&quot;[39m
                [36m&gt;[39m
                  [0mmem-002[0m
                [36m&lt;/ink-text&gt;[39m
                [36m&lt;ink-text[39m
                  [33mstyle[39m=[32m&quot;flex-grow: 0; flex-shrink: 1; flex-direction: row; text-wrap: wrap;&quot;[39m
                [36m&gt;[39m
                  [0m] [0m
                [36m&lt;/ink-text&gt;[39m
                [36m&lt;ink-text[39m
                  [33mstyle[39m=[32m&quot;flex-grow: 0; flex-shrink: 1; flex-direction: row; text-wrap: wrap;&quot;[39m
                [36m&gt;[39m
                  [0mシナプス記憶システムのPhase 2実装完了[0m
                [36m&lt;/ink-text&gt;[39m
              [36m&lt;/ink-box&gt;[39m
              [36m&lt;ink-box[39m
                [33mstyle[39m=[32m&quot;flex-wrap: nowrap; flex-direction: row; flex-grow: 0; flex-shrink: 1; overflow-x: visible; overflow-y: visible;&quot;[39m
              [36m&gt;[39m
                [36m&lt;ink-text[39m
                  [33mstyle[39m=[32m&quot;flex-grow: 0; flex-shrink: 1; flex-direction: row; text-wrap: wrap;&quot;[39m
                [36m&gt;[39m
                  [0m  [0m
                [36m&lt;/ink-text&gt;[39m
                [36m&lt;ink-text[39m
                  [33mstyle[39m=[32m&quot;flex-grow: 0; flex-shrink: 1; flex-direction: row; text-wrap: wrap;&quot;[39m
                [36m&gt;[39m
                  [0m[[0m
                [36m&lt;/ink-text&gt;[39m
                [36m&lt;ink-text[39m
                  [33mstyle[39m=[32m&quot;flex-grow: 0; flex-shrink: 1; flex-direction: row; text-wrap: wrap;&quot;[39m
                [36m&gt;[39m
                  [0mmem-003[0m
                [36m&lt;/ink-text&gt;[39m
                [36m&lt;ink-text[39m
                  [33mstyle[39m=[32m&quot;flex-grow: 0; flex-shrink: 1; flex-direction: row; text-wrap: wrap;&quot;[39m
                [36m&gt;[39m
                  [0m] [0m
                [36m&lt;/ink-text&gt;[39m
                [36m&lt;ink-text[39m
                  [33mstyle[39m=[32m&quot;flex-grow: 0; flex-shrink: 1; flex-direction: row; text-wrap: wrap;&quot;[39m
                [36m&gt;[39m
                  [0mRESTful API設計とエンドポイント定義[0m
                [36m&lt;/ink-text&gt;[39m
              [36m&lt;/ink-box&gt;[39m
            [36m&lt;/ink-box&gt;[39m
            [36m&lt;ink-box[39m
              [33mstyle[39m=[32m&quot;flex-wrap: nowrap; flex-direction: row; flex-grow: 0; flex-shrink: 1; margin-top: 1px; border-color: rgb(108, 112, 134); padding: 1px; overflow-x: visible; overflow-y: visible;&quot;[39m
            [36m&gt;[39m
              [36m&lt;ink-box[39m
                [33mstyle[39m=[32m&quot;flex-wrap: nowrap; flex-direction: column; flex-grow: 0; flex-shrink: 1; overflow-x: visible; overflow-y: visible;&quot;[39m
              [36m&gt;[39m
                [36m&lt;ink-text[39m
                  [33mstyle[39m=[32m&quot;flex-grow: 0; flex-shrink: 1; flex-direction: row; text-wrap: wrap;&quot;[39m
                [36m&gt;[39m
                  [0m詳細:[0m
                [36m&lt;/ink-text&gt;[39m
                [36m&lt;ink-text[39m
                  [33mstyle[39m=[32m&quot;flex-grow: 0; flex-shrink: 1; flex-direction: row; text-wrap: wrap;&quot;[39m
                [36m&gt;[39m
                  [0mID: [0m
                  [0mmem-001[0m
                [36m&lt;/ink-text&gt;[39m
                [36m&lt;ink-text[39m
                  [33mstyle[39m=[32m&quot;flex-grow: 0; flex-shrink: 1; flex-direction: row; text-wrap: wrap;&quot;[39m
                [36m&gt;[39m
                  [0mアクセス数: [0m
                  [0m15[0m
                [36m&lt;/ink-text&gt;[39m
                [36m&lt;ink-text[39m
                  [33mstyle[39m=[32m&quot;flex-grow: 0; flex-shrink: 1; flex-direction: row; text-wrap: wrap;&quot;[39m
                [36m&gt;[39m
                  [0m成功率: [0m
                  [0m92.0[0m
                  [0m%[0m
                [36m&lt;/ink-text&gt;[39m
                [36m&lt;ink-text[39m
                  [33mstyle[39m=[32m&quot;flex-grow: 0; flex-shrink: 1; flex-direction: row; text-wrap: wrap;&quot;[39m
                [36m&gt;[39m
                  [0mタグ: [0m
                  [0mgpt5, prompting, analysis[0m
                [36m&lt;/ink-text&gt;[39m
              [36m&lt;/ink-box&gt;[39m
            [36m&lt;/ink-box&gt;[39m
          [36m&lt;/ink-box&gt;[39m
        [36m&lt;/ink-box&gt;[39m
        [36m&lt;ink-box[39m
          [33mstyle[39m=[32m&quot;flex-wrap: nowrap; flex-direction: row; flex-grow: 0; flex-shrink: 1; margin-top: 1px; border-color: rgb(108, 112, 134); padding: 1px; overflow-x: visible; overflow-y: visible;&quot;[39m
        [36m&gt;[39m
          [36m&lt;ink-text[39m
            [33mstyle[39m=[32m&quot;flex-grow: 0; flex-shrink: 1; flex-direction: row; text-wrap: wrap;&quot;[39m
          [36m&gt;[39m
            [0mTab: タブ切替 | ↑↓: 記憶選択 | q: 終了[0m
          [36m&lt;/ink-text&gt;[39m
        [36m&lt;/ink-box&gt;[39m
      [36m&lt;/ink-box&gt;[39m
    [36m&lt;/div&gt;[39m
  [36m&lt;/body&gt;[39m
[36m&lt;/html&gt;[39m" type="AssertionError">
AssertionError: expected &quot;spy&quot; to be called at least once

Ignored nodes: comments, script, style
&lt;html&gt;
  &lt;head /&gt;
  &lt;body&gt;
    &lt;div&gt;
      &lt;ink-box
        style=&quot;flex-wrap: nowrap; flex-direction: column; flex-grow: 0; flex-shrink: 1; width: 52px; height: 20px; padding: 1px; overflow-x: visible; overflow-y: visible;&quot;
      &gt;
        &lt;ink-box
          style=&quot;flex-wrap: nowrap; flex-direction: row; flex-grow: 0; flex-shrink: 1; margin-bottom: 1px; overflow-x: visible; overflow-y: visible;&quot;
        &gt;
          &lt;ink-text
            style=&quot;flex-grow: 0; flex-shrink: 1; flex-direction: row; text-wrap: wrap;&quot;
          &gt;
            シナプス記憶システム ダッシュボード
          &lt;/ink-text&gt;
        &lt;/ink-box&gt;
        &lt;ink-box
          style=&quot;flex-wrap: nowrap; flex-direction: row; flex-grow: 0; flex-shrink: 1; margin-bottom: 1px; overflow-x: visible; overflow-y: visible;&quot;
        &gt;
          &lt;ink-box
            style=&quot;flex-wrap: nowrap; flex-direction: row; flex-grow: 0; flex-shrink: 1; margin-right: 2px; overflow-x: visible; overflow-y: visible;&quot;
          &gt;
            &lt;ink-text
              style=&quot;flex-grow: 0; flex-shrink: 1; flex-direction: row; text-wrap: wrap;&quot;
            &gt;
              [
              1
              ] 
              記憶一覧
            &lt;/ink-text&gt;
          &lt;/ink-box&gt;
          &lt;ink-box
            style=&quot;flex-wrap: nowrap; flex-direction: row; flex-grow: 0; flex-shrink: 1; margin-right: 2px; overflow-x: visible; overflow-y: visible;&quot;
          &gt;
            &lt;ink-text
              style=&quot;flex-grow: 0; flex-shrink: 1; flex-direction: row; text-wrap: wrap;&quot;
            &gt;
              [
              2
              ] 
              シナプス結合
            &lt;/ink-text&gt;
          &lt;/ink-box&gt;
          &lt;ink-box
            style=&quot;flex-wrap: nowrap; flex-direction: row; flex-grow: 0; flex-shrink: 1; margin-right: 2px; overflow-x: visible; overflow-y: visible;&quot;
          &gt;
            &lt;ink-text
              style=&quot;flex-grow: 0; flex-shrink: 1; flex-direction: row; text-wrap: wrap;&quot;
            &gt;
              [
              3
              ] 
              ネットワーク診断
            &lt;/ink-text&gt;
          &lt;/ink-box&gt;
          &lt;ink-box
            style=&quot;flex-wrap: nowrap; flex-direction: row; flex-grow: 0; flex-shrink: 1; margin-right: 2px; overflow-x: visible; overflow-y: visible;&quot;
          &gt;
            &lt;ink-text
              style=&quot;flex-grow: 0; flex-shrink: 1; flex-direction: row; text-wrap: wrap;&quot;
            &gt;
              [
              4
              ] 
              設定
            &lt;/ink-text&gt;
          &lt;/ink-box&gt;
        &lt;/ink-box&gt;
        &lt;ink-box
          style=&quot;flex-wrap: nowrap; flex-direction: row; flex-grow: 1; flex-shrink: 1; overflow: hidden; overflow-x: hidden; overflow-y: hidden;&quot;
        &gt;
          &lt;ink-box
            style=&quot;flex-wrap: nowrap; flex-direction: column; flex-grow: 1; flex-shrink: 1; overflow-x: visible; overflow-y: visible;&quot;
          &gt;
            &lt;ink-box
              style=&quot;flex-wrap: nowrap; flex-direction: row; flex-grow: 0; flex-shrink: 1; margin-bottom: 1px; overflow-x: visible; overflow-y: visible;&quot;
            &gt;
              &lt;ink-text
                style=&quot;flex-grow: 0; flex-shrink: 1; flex-direction: row; text-wrap: wrap;&quot;
              &gt;
                記憶一覧 (
                3
                件)
              &lt;/ink-text&gt;
            &lt;/ink-box&gt;
            &lt;ink-box
              style=&quot;flex-wrap: nowrap; flex-direction: column; flex-grow: 0; flex-shrink: 0; width: 48px; overflow-x: visible; overflow-y: visible;&quot;
            &gt;
              &lt;ink-box
                style=&quot;flex-wrap: nowrap; flex-direction: row; flex-grow: 0; flex-shrink: 1; overflow-x: visible; overflow-y: visible;&quot;
              &gt;
                &lt;ink-text
                  style=&quot;flex-grow: 0; flex-shrink: 1; flex-direction: row; text-wrap: wrap;&quot;
                &gt;
                  ► 
                &lt;/ink-text&gt;
                &lt;ink-text
                  style=&quot;flex-grow: 0; flex-shrink: 1; flex-direction: row; text-wrap: wrap;&quot;
                &gt;
                  [
                &lt;/ink-text&gt;
                &lt;ink-text
                  style=&quot;flex-grow: 0; flex-shrink: 1; flex-direction: row; text-wrap: wrap;&quot;
                &gt;
                  mem-001
                &lt;/ink-text&gt;
                &lt;ink-text
                  style=&quot;flex-grow: 0; flex-shrink: 1; flex-direction: row; text-wrap: wrap;&quot;
                &gt;
                  ] 
                &lt;/ink-text&gt;
                &lt;ink-text
                  style=&quot;flex-grow: 0; flex-shrink: 1; flex-direction: row; text-wrap: wrap;&quot;
                &gt;
                  GPT-5プロンプトガイドの分析結果
                &lt;/ink-text&gt;
              &lt;/ink-box&gt;
              &lt;ink-box
                style=&quot;flex-wrap: nowrap; flex-direction: row; flex-grow: 0; flex-shrink: 1; overflow-x: visible; overflow-y: visible;&quot;
              &gt;
                &lt;ink-text
                  style=&quot;flex-grow: 0; flex-shrink: 1; flex-direction: row; text-wrap: wrap;&quot;
                &gt;
                    
                &lt;/ink-text&gt;
                &lt;ink-text
                  style=&quot;flex-grow: 0; flex-shrink: 1; flex-direction: row; text-wrap: wrap;&quot;
                &gt;
                  [
                &lt;/ink-text&gt;
                &lt;ink-text
                  style=&quot;flex-grow: 0; flex-shrink: 1; flex-direction: row; text-wrap: wrap;&quot;
                &gt;
                  mem-002
                &lt;/ink-text&gt;
                &lt;ink-text
                  style=&quot;flex-grow: 0; flex-shrink: 1; flex-direction: row; text-wrap: wrap;&quot;
                &gt;
                  ] 
                &lt;/ink-text&gt;
                &lt;ink-text
                  style=&quot;flex-grow: 0; flex-shrink: 1; flex-direction: row; text-wrap: wrap;&quot;
                &gt;
                  シナプス記憶システムのPhase 2実装完了
                &lt;/ink-text&gt;
              &lt;/ink-box&gt;
              &lt;ink-box
                style=&quot;flex-wrap: nowrap; flex-direction: row; flex-grow: 0; flex-shrink: 1; overflow-x: visible; overflow-y: visible;&quot;
              &gt;
                &lt;ink-text
                  style=&quot;flex-grow: 0; flex-shrink: 1; flex-direction: row; text-wrap: wrap;&quot;
                &gt;
                    
                &lt;/ink-text&gt;
                &lt;ink-text
                  style=&quot;flex-grow: 0; flex-shrink: 1; flex-direction: row; text-wrap: wrap;&quot;
                &gt;
                  [
                &lt;/ink-text&gt;
                &lt;ink-text
                  style=&quot;flex-grow: 0; flex-shrink: 1; flex-direction: row; text-wrap: wrap;&quot;
                &gt;
                  mem-003
                &lt;/ink-text&gt;
                &lt;ink-text
                  style=&quot;flex-grow: 0; flex-shrink: 1; flex-direction: row; text-wrap: wrap;&quot;
                &gt;
                  ] 
                &lt;/ink-text&gt;
                &lt;ink-text
                  style=&quot;flex-grow: 0; flex-shrink: 1; flex-direction: row; text-wrap: wrap;&quot;
                &gt;
                  RESTful API設計とエンドポイント定義
                &lt;/ink-text&gt;
              &lt;/ink-box&gt;
            &lt;/ink-box&gt;
            &lt;ink-box
              style=&quot;flex-wrap: nowrap; flex-direction: row; flex-grow: 0; flex-shrink: 1; margin-top: 1px; border-color: rgb(108, 112, 134); padding: 1px; overflow-x: visible; overflow-y: visible;&quot;
            &gt;
              &lt;ink-box
                style=&quot;flex-wrap: nowrap; flex-direction: column; flex-grow: 0; flex-shrink: 1; overflow-x: visible; overflow-y: visible;&quot;
              &gt;
                &lt;ink-text
                  style=&quot;flex-grow: 0; flex-shrink: 1; flex-direction: row; text-wrap: wrap;&quot;
                &gt;
                  詳細:
                &lt;/ink-text&gt;
                &lt;ink-text
                  style=&quot;flex-grow: 0; flex-shrink: 1; flex-direction: row; text-wrap: wrap;&quot;
                &gt;
                  ID: 
                  mem-001
                &lt;/ink-text&gt;
                &lt;ink-text
                  style=&quot;flex-grow: 0; flex-shrink: 1; flex-direction: row; text-wrap: wrap;&quot;
                &gt;
                  アクセス数: 
                  15
                &lt;/ink-text&gt;
                &lt;ink-text
                  style=&quot;flex-grow: 0; flex-shrink: 1; flex-direction: row; text-wrap: wrap;&quot;
                &gt;
                  成功率: 
                  92.0
                  %
                &lt;/ink-text&gt;
                &lt;ink-text
                  style=&quot;flex-grow: 0; flex-shrink: 1; flex-direction: row; text-wrap: wrap;&quot;
                &gt;
                  タグ: 
                  gpt5, prompting, analysis
                &lt;/ink-text&gt;
              &lt;/ink-box&gt;
            &lt;/ink-box&gt;
          &lt;/ink-box&gt;
        &lt;/ink-box&gt;
        &lt;ink-box
          style=&quot;flex-wrap: nowrap; flex-direction: row; flex-grow: 0; flex-shrink: 1; margin-top: 1px; border-color: rgb(108, 112, 134); padding: 1px; overflow-x: visible; overflow-y: visible;&quot;
        &gt;
          &lt;ink-text
            style=&quot;flex-grow: 0; flex-shrink: 1; flex-direction: row; text-wrap: wrap;&quot;
          &gt;
            Tab: タブ切替 | ↑↓: 記憶選択 | q: 終了
          &lt;/ink-text&gt;
        &lt;/ink-box&gt;
      &lt;/ink-box&gt;
    &lt;/div&gt;
  &lt;/body&gt;
&lt;/html&gt;
 ❯ src/ui/components/SynapticMemoryDashboard.test.tsx:182:33
 ❯ runWithExpensiveErrorDiagnosticsDisabled node_modules/@testing-library/dom/dist/config.js:47:12
 ❯ checkCallback node_modules/@testing-library/dom/dist/wait-for.js:124:77
 ❯ Timeout.checkRealTimersCallback node_modules/@testing-library/dom/dist/wait-for.js:118:16
            </failure>
        </testcase>
        <testcase classname="src/ui/components/SynapticMemoryDashboard.test.tsx" name="SynapticMemoryDashboard &gt; ターミナルサイズに応じてレイアウトが調整されること" time="0.017847333">
            <failure message="Unable to find an element with the text: Synaptic Memory Dashboard. This could be because the text is broken up by multiple elements. In this case, you can provide a function for your text matcher to make your matcher more flexible.

Ignored nodes: comments, script, style
[36m&lt;body&gt;[39m
  [36m&lt;div&gt;[39m
    [36m&lt;ink-box[39m
      [33mstyle[39m=[32m&quot;flex-wrap: nowrap; flex-direction: column; flex-grow: 0; flex-shrink: 1; width: 52px; height: 20px; padding: 1px; overflow-x: visible; overflow-y: visible;&quot;[39m
    [36m&gt;[39m
      [36m&lt;ink-box[39m
        [33mstyle[39m=[32m&quot;flex-wrap: nowrap; flex-direction: row; flex-grow: 0; flex-shrink: 1; margin-bottom: 1px; overflow-x: visible; overflow-y: visible;&quot;[39m
      [36m&gt;[39m
        [36m&lt;ink-text[39m
          [33mstyle[39m=[32m&quot;flex-grow: 0; flex-shrink: 1; flex-direction: row; text-wrap: wrap;&quot;[39m
        [36m&gt;[39m
          [0mシナプス記憶システム ダッシュボード[0m
        [36m&lt;/ink-text&gt;[39m
      [36m&lt;/ink-box&gt;[39m
      [36m&lt;ink-box[39m
        [33mstyle[39m=[32m&quot;flex-wrap: nowrap; flex-direction: row; flex-grow: 0; flex-shrink: 1; margin-bottom: 1px; overflow-x: visible; overflow-y: visible;&quot;[39m
      [36m&gt;[39m
        [36m&lt;ink-box[39m
          [33mstyle[39m=[32m&quot;flex-wrap: nowrap; flex-direction: row; flex-grow: 0; flex-shrink: 1; margin-right: 2px; overflow-x: visible; overflow-y: visible;&quot;[39m
        [36m&gt;[39m
          [36m&lt;ink-text[39m
            [33mstyle[39m=[32m&quot;flex-grow: 0; flex-shrink: 1; flex-direction: row; text-wrap: wrap;&quot;[39m
          [36m&gt;[39m
            [0m[[0m
            [0m1[0m
            [0m] [0m
            [0m記憶一覧[0m
          [36m&lt;/ink-text&gt;[39m
        [36m&lt;/ink-box&gt;[39m
        [36m&lt;ink-box[39m
          [33mstyle[39m=[32m&quot;flex-wrap: nowrap; flex-direction: row; flex-grow: 0; flex-shrink: 1; margin-right: 2px; overflow-x: visible; overflow-y: visible;&quot;[39m
        [36m&gt;[39m
          [36m&lt;ink-text[39m
            [33mstyle[39m=[32m&quot;flex-grow: 0; flex-shrink: 1; flex-direction: row; text-wrap: wrap;&quot;[39m
          [36m&gt;[39m
            [0m[[0m
            [0m2[0m
            [0m] [0m
            [0mシナプス結合[0m
          [36m&lt;/ink-text&gt;[39m
        [36m&lt;/ink-box&gt;[39m
        [36m&lt;ink-box[39m
          [33mstyle[39m=[32m&quot;flex-wrap: nowrap; flex-direction: row; flex-grow: 0; flex-shrink: 1; margin-right: 2px; overflow-x: visible; overflow-y: visible;&quot;[39m
        [36m&gt;[39m
          [36m&lt;ink-text[39m
            [33mstyle[39m=[32m&quot;flex-grow: 0; flex-shrink: 1; flex-direction: row; text-wrap: wrap;&quot;[39m
          [36m&gt;[39m
            [0m[[0m
            [0m3[0m
            [0m] [0m
            [0mネットワーク診断[0m
          [36m&lt;/ink-text&gt;[39m
        [36m&lt;/ink-box&gt;[39m
        [36m&lt;ink-box[39m
          [33mstyle[39m=[32m&quot;flex-wrap: nowrap; flex-direction: row; flex-grow: 0; flex-shrink: 1; margin-right: 2px; overflow-x: visible; overflow-y: visible;&quot;[39m
        [36m&gt;[39m
          [36m&lt;ink-text[39m
            [33mstyle[39m=[32m&quot;flex-grow: 0; flex-shrink: 1; flex-direction: row; text-wrap: wrap;&quot;[39m
          [36m&gt;[39m
            [0m[[0m
            [0m4[0m
            [0m] [0m
            [0m設定[0m
          [36m&lt;/ink-text&gt;[39m
        [36m&lt;/ink-box&gt;[39m
      [36m&lt;/ink-box&gt;[39m
      [36m&lt;ink-box[39m
        [33mstyle[39m=[32m&quot;flex-wrap: nowrap; flex-direction: row; flex-grow: 1; flex-shrink: 1; overflow: hidden; overflow-x: hidden; overflow-y: hidden;&quot;[39m
      [36m&gt;[39m
        [36m&lt;ink-box[39m
          [33mstyle[39m=[32m&quot;flex-wrap: nowrap; flex-direction: column; flex-grow: 1; flex-shrink: 1; overflow-x: visible; overflow-y: visible;&quot;[39m
        [36m&gt;[39m
          [36m&lt;ink-box[39m
            [33mstyle[39m=[32m&quot;flex-wrap: nowrap; flex-direction: row; flex-grow: 0; flex-shrink: 1; margin-bottom: 1px; overflow-x: visible; overflow-y: visible;&quot;[39m
          [36m&gt;[39m
            [36m&lt;ink-text[39m
              [33mstyle[39m=[32m&quot;flex-grow: 0; flex-shrink: 1; flex-direction: row; text-wrap: wrap;&quot;[39m
            [36m&gt;[39m
              [0m記憶一覧 ([0m
              [0m3[0m
              [0m件)[0m
            [36m&lt;/ink-text&gt;[39m
          [36m&lt;/ink-box&gt;[39m
          [36m&lt;ink-box[39m
            [33mstyle[39m=[32m&quot;flex-wrap: nowrap; flex-direction: column; flex-grow: 0; flex-shrink: 0; width: 48px; overflow-x: visible; overflow-y: visible;&quot;[39m
          [36m&gt;[39m
            [36m&lt;ink-box[39m
              [33mstyle[39m=[32m&quot;flex-wrap: nowrap; flex-direction: row; flex-grow: 0; flex-shrink: 1; overflow-x: visible; overflow-y: visible;&quot;[39m
            [36m&gt;[39m
              [36m&lt;ink-text[39m
                [33mstyle[39m=[32m&quot;flex-grow: 0; flex-shrink: 1; flex-direction: row; text-wrap: wrap;&quot;[39m
              [36m&gt;[39m
                [0m► [0m
              [36m&lt;/ink-text&gt;[39m
              [36m&lt;ink-text[39m
                [33mstyle[39m=[32m&quot;flex-grow: 0; flex-shrink: 1; flex-direction: row; text-wrap: wrap;&quot;[39m
              [36m&gt;[39m
                [0m[[0m
              [36m&lt;/ink-text&gt;[39m
              [36m&lt;ink-text[39m
                [33mstyle[39m=[32m&quot;flex-grow: 0; flex-shrink: 1; flex-direction: row; text-wrap: wrap;&quot;[39m
              [36m&gt;[39m
                [0mmem-001[0m
              [36m&lt;/ink-text&gt;[39m
              [36m&lt;ink-text[39m
                [33mstyle[39m=[32m&quot;flex-grow: 0; flex-shrink: 1; flex-direction: row; text-wrap: wrap;&quot;[39m
              [36m&gt;[39m
                [0m] [0m
              [36m&lt;/ink-text&gt;[39m
              [36m&lt;ink-text[39m
                [33mstyle[39m=[32m&quot;flex-grow: 0; flex-shrink: 1; flex-direction: row; text-wrap: wrap;&quot;[39m
              [36m&gt;[39m
                [0mGPT-5プロンプトガイドの分析結果[0m
              [36m&lt;/ink-text&gt;[39m
            [36m&lt;/ink-box&gt;[39m
            [36m&lt;ink-box[39m
              [33mstyle[39m=[32m&quot;flex-wrap: nowrap; flex-direction: row; flex-grow: 0; flex-shrink: 1; overflow-x: visible; overflow-y: visible;&quot;[39m
            [36m&gt;[39m
              [36m&lt;ink-text[39m
                [33mstyle[39m=[32m&quot;flex-grow: 0; flex-shrink: 1; flex-direction: row; text-wrap: wrap;&quot;[39m
              [36m&gt;[39m
                [0m  [0m
              [36m&lt;/ink-text&gt;[39m
              [36m&lt;ink-text[39m
                [33mstyle[39m=[32m&quot;flex-grow: 0; flex-shrink: 1; flex-direction: row; text-wrap: wrap;&quot;[39m
              [36m&gt;[39m
                [0m[[0m
              [36m&lt;/ink-text&gt;[39m
              [36m&lt;ink-text[39m
                [33mstyle[39m=[32m&quot;flex-grow: 0; flex-shrink: 1; flex-direction: row; text-wrap: wrap;&quot;[39m
              [36m&gt;[39m
                [0mmem-002[0m
              [36m&lt;/ink-text&gt;[39m
              [36m&lt;ink-text[39m
                [33mstyle[39m=[32m&quot;flex-grow: 0; flex-shrink: 1; flex-direction: row; text-wrap: wrap;&quot;[39m
              [36m&gt;[39m
                [0m] [0m
              [36m&lt;/ink-text&gt;[39m
              [36m&lt;ink-text[39m
                [33mstyle[39m=[32m&quot;flex-grow: 0; flex-shrink: 1; flex-direction: row; text-wrap: wrap;&quot;[39m
              [36m&gt;[39m
                [0mシナプス記憶システムのPhase 2実装完了[0m
              [36m&lt;/ink-text&gt;[39m
            [36m&lt;/ink-box&gt;[39m
            [36m&lt;ink-box[39m
              [33mstyle[39m=[32m&quot;flex-wrap: nowrap; flex-direction: row; flex-grow: 0; flex-shrink: 1; overflow-x: visible; overflow-y: visible;&quot;[39m
            [36m&gt;[39m
              [36m&lt;ink-text[39m
                [33mstyle[39m=[32m&quot;flex-grow: 0; flex-shrink: 1; flex-direction: row; text-wrap: wrap;&quot;[39m
              [36m&gt;[39m
                [0m  [0m
              [36m&lt;/ink-text&gt;[39m
              [36m&lt;ink-text[39m
                [33mstyle[39m=[32m&quot;flex-grow: 0; flex-shrink: 1; flex-direction: row; text-wrap: wrap;&quot;[39m
              [36m&gt;[39m
                [0m[[0m
              [36m&lt;/ink-text&gt;[39m
              [36m&lt;ink-text[39m
                [33mstyle[39m=[32m&quot;flex-grow: 0; flex-shrink: 1; flex-direction: row; text-wrap: wrap;&quot;[39m
              [36m&gt;[39m
                [0mmem-003[0m
              [36m&lt;/ink-text&gt;[39m
              [36m&lt;ink-text[39m
                [33mstyle[39m=[32m&quot;flex-grow: 0; flex-shrink: 1; flex-direction: row; text-wrap: wrap;&quot;[39m
              [36m&gt;[39m
                [0m] [0m
              [36m&lt;/ink-text&gt;[39m
              [36m&lt;ink-text[39m
                [33mstyle[39m=[32m&quot;flex-grow: 0; flex-shrink: 1; flex-direction: row; text-wrap: wrap;&quot;[39m
              [36m&gt;[39m
                [0mRESTful API設計とエンドポイント定義[0m
              [36m&lt;/ink-text&gt;[39m
            [36m&lt;/ink-box&gt;[39m
          [36m&lt;/ink-box&gt;[39m
          [36m&lt;ink-box[39m
            [33mstyle[39m=[32m&quot;flex-wrap: nowrap; flex-direction: row; flex-grow: 0; flex-shrink: 1; margin-top: 1px; border-color: rgb(108, 112, 134); padding: 1px; overflow-x: visible; overflow-y: visible;&quot;[39m
          [36m&gt;[39m
            [36m&lt;ink-box[39m
              [33mstyle[39m=[32m&quot;flex-wrap: nowrap; flex-direction: column; flex-grow: 0; flex-shrink: 1; overflow-x: visible; overflow-y: visible;&quot;[39m
            [36m&gt;[39m
              [36m&lt;ink-text[39m
                [33mstyle[39m=[32m&quot;flex-grow: 0; flex-shrink: 1; flex-direction: row; text-wrap: wrap;&quot;[39m
              [36m&gt;[39m
                [0m詳細:[0m
              [36m&lt;/ink-text&gt;[39m
              [36m&lt;ink-text[39m
                [33mstyle[39m=[32m&quot;flex-grow: 0; flex-shrink: 1; flex-direction: row; text-wrap: wrap;&quot;[39m
              [36m&gt;[39m
                [0mID: [0m
                [0mmem-001[0m
              [36m&lt;/ink-text&gt;[39m
              [36m&lt;ink-text[39m
                [33mstyle[39m=[32m&quot;flex-grow: 0; flex-shrink: 1; flex-direction: row; text-wrap: wrap;&quot;[39m
              [36m&gt;[39m
                [0mアクセス数: [0m
                [0m15[0m
              [36m&lt;/ink-text&gt;[39m
              [36m&lt;ink-text[39m
                [33mstyle[39m=[32m&quot;flex-grow: 0; flex-shrink: 1; flex-direction: row; text-wrap: wrap;&quot;[39m
              [36m&gt;[39m
                [0m成功率: [0m
                [0m92.0[0m
                [0m%[0m
              [36m&lt;/ink-text&gt;[39m
              [36m&lt;ink-text[39m
                [33mstyle[39m=[32m&quot;flex-grow: 0; flex-shrink: 1; flex-direction: row; text-wrap: wrap;&quot;[39m
              [36m&gt;[39m
                [0mタグ: [0m
                [0mgpt5, prompting, analysis[0m
              [36m&lt;/ink-text&gt;[39m
            [36m&lt;/ink-box&gt;[39m
          [36m&lt;/ink-box&gt;[39m
        [36m&lt;/ink-box&gt;[39m
      [36m&lt;/ink-box&gt;[39m
      [36m&lt;ink-box[39m
        [33mstyle[39m=[32m&quot;flex-wrap: nowrap; flex-direction: row; flex-grow: 0; flex-shrink: 1; margin-top: 1px; border-color: rgb(108, 112, 134); padding: 1px; overflow-x: visible; overflow-y: visible;&quot;[39m
      [36m&gt;[39m
        [36m&lt;ink-text[39m
          [33mstyle[39m=[32m&quot;flex-grow: 0; flex-shrink: 1; flex-direction: row; text-wrap: wrap;&quot;[39m
        [36m&gt;[39m
          [0mTab: タブ切替 | ↑↓: 記憶選択 | q: 終了[0m
        [36m&lt;/ink-text&gt;[39m
      [36m&lt;/ink-box&gt;[39m
    [36m&lt;/ink-box&gt;[39m
  [36m&lt;/div&gt;[39m
[36m&lt;/body&gt;[39m" type="TestingLibraryElementError">
TestingLibraryElementError: Unable to find an element with the text: Synaptic Memory Dashboard. This could be because the text is broken up by multiple elements. In this case, you can provide a function for your text matcher to make your matcher more flexible.

Ignored nodes: comments, script, style
&lt;body&gt;
  &lt;div&gt;
    &lt;ink-box
      style=&quot;flex-wrap: nowrap; flex-direction: column; flex-grow: 0; flex-shrink: 1; width: 52px; height: 20px; padding: 1px; overflow-x: visible; overflow-y: visible;&quot;
    &gt;
      &lt;ink-box
        style=&quot;flex-wrap: nowrap; flex-direction: row; flex-grow: 0; flex-shrink: 1; margin-bottom: 1px; overflow-x: visible; overflow-y: visible;&quot;
      &gt;
        &lt;ink-text
          style=&quot;flex-grow: 0; flex-shrink: 1; flex-direction: row; text-wrap: wrap;&quot;
        &gt;
          シナプス記憶システム ダッシュボード
        &lt;/ink-text&gt;
      &lt;/ink-box&gt;
      &lt;ink-box
        style=&quot;flex-wrap: nowrap; flex-direction: row; flex-grow: 0; flex-shrink: 1; margin-bottom: 1px; overflow-x: visible; overflow-y: visible;&quot;
      &gt;
        &lt;ink-box
          style=&quot;flex-wrap: nowrap; flex-direction: row; flex-grow: 0; flex-shrink: 1; margin-right: 2px; overflow-x: visible; overflow-y: visible;&quot;
        &gt;
          &lt;ink-text
            style=&quot;flex-grow: 0; flex-shrink: 1; flex-direction: row; text-wrap: wrap;&quot;
          &gt;
            [
            1
            ] 
            記憶一覧
          &lt;/ink-text&gt;
        &lt;/ink-box&gt;
        &lt;ink-box
          style=&quot;flex-wrap: nowrap; flex-direction: row; flex-grow: 0; flex-shrink: 1; margin-right: 2px; overflow-x: visible; overflow-y: visible;&quot;
        &gt;
          &lt;ink-text
            style=&quot;flex-grow: 0; flex-shrink: 1; flex-direction: row; text-wrap: wrap;&quot;
          &gt;
            [
            2
            ] 
            シナプス結合
          &lt;/ink-text&gt;
        &lt;/ink-box&gt;
        &lt;ink-box
          style=&quot;flex-wrap: nowrap; flex-direction: row; flex-grow: 0; flex-shrink: 1; margin-right: 2px; overflow-x: visible; overflow-y: visible;&quot;
        &gt;
          &lt;ink-text
            style=&quot;flex-grow: 0; flex-shrink: 1; flex-direction: row; text-wrap: wrap;&quot;
          &gt;
            [
            3
            ] 
            ネットワーク診断
          &lt;/ink-text&gt;
        &lt;/ink-box&gt;
        &lt;ink-box
          style=&quot;flex-wrap: nowrap; flex-direction: row; flex-grow: 0; flex-shrink: 1; margin-right: 2px; overflow-x: visible; overflow-y: visible;&quot;
        &gt;
          &lt;ink-text
            style=&quot;flex-grow: 0; flex-shrink: 1; flex-direction: row; text-wrap: wrap;&quot;
          &gt;
            [
            4
            ] 
            設定
          &lt;/ink-text&gt;
        &lt;/ink-box&gt;
      &lt;/ink-box&gt;
      &lt;ink-box
        style=&quot;flex-wrap: nowrap; flex-direction: row; flex-grow: 1; flex-shrink: 1; overflow: hidden; overflow-x: hidden; overflow-y: hidden;&quot;
      &gt;
        &lt;ink-box
          style=&quot;flex-wrap: nowrap; flex-direction: column; flex-grow: 1; flex-shrink: 1; overflow-x: visible; overflow-y: visible;&quot;
        &gt;
          &lt;ink-box
            style=&quot;flex-wrap: nowrap; flex-direction: row; flex-grow: 0; flex-shrink: 1; margin-bottom: 1px; overflow-x: visible; overflow-y: visible;&quot;
          &gt;
            &lt;ink-text
              style=&quot;flex-grow: 0; flex-shrink: 1; flex-direction: row; text-wrap: wrap;&quot;
            &gt;
              記憶一覧 (
              3
              件)
            &lt;/ink-text&gt;
          &lt;/ink-box&gt;
          &lt;ink-box
            style=&quot;flex-wrap: nowrap; flex-direction: column; flex-grow: 0; flex-shrink: 0; width: 48px; overflow-x: visible; overflow-y: visible;&quot;
          &gt;
            &lt;ink-box
              style=&quot;flex-wrap: nowrap; flex-direction: row; flex-grow: 0; flex-shrink: 1; overflow-x: visible; overflow-y: visible;&quot;
            &gt;
              &lt;ink-text
                style=&quot;flex-grow: 0; flex-shrink: 1; flex-direction: row; text-wrap: wrap;&quot;
              &gt;
                ► 
              &lt;/ink-text&gt;
              &lt;ink-text
                style=&quot;flex-grow: 0; flex-shrink: 1; flex-direction: row; text-wrap: wrap;&quot;
              &gt;
                [
              &lt;/ink-text&gt;
              &lt;ink-text
                style=&quot;flex-grow: 0; flex-shrink: 1; flex-direction: row; text-wrap: wrap;&quot;
              &gt;
                mem-001
              &lt;/ink-text&gt;
              &lt;ink-text
                style=&quot;flex-grow: 0; flex-shrink: 1; flex-direction: row; text-wrap: wrap;&quot;
              &gt;
                ] 
              &lt;/ink-text&gt;
              &lt;ink-text
                style=&quot;flex-grow: 0; flex-shrink: 1; flex-direction: row; text-wrap: wrap;&quot;
              &gt;
                GPT-5プロンプトガイドの分析結果
              &lt;/ink-text&gt;
            &lt;/ink-box&gt;
            &lt;ink-box
              style=&quot;flex-wrap: nowrap; flex-direction: row; flex-grow: 0; flex-shrink: 1; overflow-x: visible; overflow-y: visible;&quot;
            &gt;
              &lt;ink-text
                style=&quot;flex-grow: 0; flex-shrink: 1; flex-direction: row; text-wrap: wrap;&quot;
              &gt;
                  
              &lt;/ink-text&gt;
              &lt;ink-text
                style=&quot;flex-grow: 0; flex-shrink: 1; flex-direction: row; text-wrap: wrap;&quot;
              &gt;
                [
              &lt;/ink-text&gt;
              &lt;ink-text
                style=&quot;flex-grow: 0; flex-shrink: 1; flex-direction: row; text-wrap: wrap;&quot;
              &gt;
                mem-002
              &lt;/ink-text&gt;
              &lt;ink-text
                style=&quot;flex-grow: 0; flex-shrink: 1; flex-direction: row; text-wrap: wrap;&quot;
              &gt;
                ] 
              &lt;/ink-text&gt;
              &lt;ink-text
                style=&quot;flex-grow: 0; flex-shrink: 1; flex-direction: row; text-wrap: wrap;&quot;
              &gt;
                シナプス記憶システムのPhase 2実装完了
              &lt;/ink-text&gt;
            &lt;/ink-box&gt;
            &lt;ink-box
              style=&quot;flex-wrap: nowrap; flex-direction: row; flex-grow: 0; flex-shrink: 1; overflow-x: visible; overflow-y: visible;&quot;
            &gt;
              &lt;ink-text
                style=&quot;flex-grow: 0; flex-shrink: 1; flex-direction: row; text-wrap: wrap;&quot;
              &gt;
                  
              &lt;/ink-text&gt;
              &lt;ink-text
                style=&quot;flex-grow: 0; flex-shrink: 1; flex-direction: row; text-wrap: wrap;&quot;
              &gt;
                [
              &lt;/ink-text&gt;
              &lt;ink-text
                style=&quot;flex-grow: 0; flex-shrink: 1; flex-direction: row; text-wrap: wrap;&quot;
              &gt;
                mem-003
              &lt;/ink-text&gt;
              &lt;ink-text
                style=&quot;flex-grow: 0; flex-shrink: 1; flex-direction: row; text-wrap: wrap;&quot;
              &gt;
                ] 
              &lt;/ink-text&gt;
              &lt;ink-text
                style=&quot;flex-grow: 0; flex-shrink: 1; flex-direction: row; text-wrap: wrap;&quot;
              &gt;
                RESTful API設計とエンドポイント定義
              &lt;/ink-text&gt;
            &lt;/ink-box&gt;
          &lt;/ink-box&gt;
          &lt;ink-box
            style=&quot;flex-wrap: nowrap; flex-direction: row; flex-grow: 0; flex-shrink: 1; margin-top: 1px; border-color: rgb(108, 112, 134); padding: 1px; overflow-x: visible; overflow-y: visible;&quot;
          &gt;
            &lt;ink-box
              style=&quot;flex-wrap: nowrap; flex-direction: column; flex-grow: 0; flex-shrink: 1; overflow-x: visible; overflow-y: visible;&quot;
            &gt;
              &lt;ink-text
                style=&quot;flex-grow: 0; flex-shrink: 1; flex-direction: row; text-wrap: wrap;&quot;
              &gt;
                詳細:
              &lt;/ink-text&gt;
              &lt;ink-text
                style=&quot;flex-grow: 0; flex-shrink: 1; flex-direction: row; text-wrap: wrap;&quot;
              &gt;
                ID: 
                mem-001
              &lt;/ink-text&gt;
              &lt;ink-text
                style=&quot;flex-grow: 0; flex-shrink: 1; flex-direction: row; text-wrap: wrap;&quot;
              &gt;
                アクセス数: 
                15
              &lt;/ink-text&gt;
              &lt;ink-text
                style=&quot;flex-grow: 0; flex-shrink: 1; flex-direction: row; text-wrap: wrap;&quot;
              &gt;
                成功率: 
                92.0
                %
              &lt;/ink-text&gt;
              &lt;ink-text
                style=&quot;flex-grow: 0; flex-shrink: 1; flex-direction: row; text-wrap: wrap;&quot;
              &gt;
                タグ: 
                gpt5, prompting, analysis
              &lt;/ink-text&gt;
            &lt;/ink-box&gt;
          &lt;/ink-box&gt;
        &lt;/ink-box&gt;
      &lt;/ink-box&gt;
      &lt;ink-box
        style=&quot;flex-wrap: nowrap; flex-direction: row; flex-grow: 0; flex-shrink: 1; margin-top: 1px; border-color: rgb(108, 112, 134); padding: 1px; overflow-x: visible; overflow-y: visible;&quot;
      &gt;
        &lt;ink-text
          style=&quot;flex-grow: 0; flex-shrink: 1; flex-direction: row; text-wrap: wrap;&quot;
        &gt;
          Tab: タブ切替 | ↑↓: 記憶選択 | q: 終了
        &lt;/ink-text&gt;
      &lt;/ink-box&gt;
    &lt;/ink-box&gt;
  &lt;/div&gt;
&lt;/body&gt;
 ❯ Object.getElementError node_modules/@testing-library/dom/dist/config.js:37:19
 ❯ node_modules/@testing-library/dom/dist/query-helpers.js:76:38
 ❯ node_modules/@testing-library/dom/dist/query-helpers.js:52:17
 ❯ node_modules/@testing-library/dom/dist/query-helpers.js:95:19
 ❯ src/ui/components/SynapticMemoryDashboard.test.tsx:196:19
            </failure>
        </testcase>
        <testcase classname="src/ui/components/SynapticMemoryDashboard.test.tsx" name="SynapticMemoryDashboard &gt; エラー状態が正しく表示されること" time="1.023340376">
            <failure message="Unable to find an element with the text: /Error:/. This could be because the text is broken up by multiple elements. In this case, you can provide a function for your text matcher to make your matcher more flexible.

Ignored nodes: comments, script, style
[36m&lt;body&gt;[39m
  [36m&lt;div&gt;[39m
    [36m&lt;ink-box[39m
      [33mstyle[39m=[32m&quot;flex-wrap: nowrap; flex-direction: column; flex-grow: 0; flex-shrink: 1; width: 52px; height: 20px; padding: 1px; overflow-x: visible; overflow-y: visible;&quot;[39m
    [36m&gt;[39m
      [36m&lt;ink-box[39m
        [33mstyle[39m=[32m&quot;flex-wrap: nowrap; flex-direction: row; flex-grow: 0; flex-shrink: 1; margin-bottom: 1px; overflow-x: visible; overflow-y: visible;&quot;[39m
      [36m&gt;[39m
        [36m&lt;ink-text[39m
          [33mstyle[39m=[32m&quot;flex-grow: 0; flex-shrink: 1; flex-direction: row; text-wrap: wrap;&quot;[39m
        [36m&gt;[39m
          [0mシナプス記憶システム ダッシュボード[0m
        [36m&lt;/ink-text&gt;[39m
      [36m&lt;/ink-box&gt;[39m
      [36m&lt;ink-box[39m
        [33mstyle[39m=[32m&quot;flex-wrap: nowrap; flex-direction: row; flex-grow: 0; flex-shrink: 1; margin-bottom: 1px; overflow-x: visible; overflow-y: visible;&quot;[39m
      [36m&gt;[39m
        [36m&lt;ink-box[39m
          [33mstyle[39m=[32m&quot;flex-wrap: nowrap; flex-direction: row; flex-grow: 0; flex-shrink: 1; margin-right: 2px; overflow-x: visible; overflow-y: visible;&quot;[39m
        [36m&gt;[39m
          [36m&lt;ink-text[39m
            [33mstyle[39m=[32m&quot;flex-grow: 0; flex-shrink: 1; flex-direction: row; text-wrap: wrap;&quot;[39m
          [36m&gt;[39m
            [0m[[0m
            [0m1[0m
            [0m] [0m
            [0m記憶一覧[0m
          [36m&lt;/ink-text&gt;[39m
        [36m&lt;/ink-box&gt;[39m
        [36m&lt;ink-box[39m
          [33mstyle[39m=[32m&quot;flex-wrap: nowrap; flex-direction: row; flex-grow: 0; flex-shrink: 1; margin-right: 2px; overflow-x: visible; overflow-y: visible;&quot;[39m
        [36m&gt;[39m
          [36m&lt;ink-text[39m
            [33mstyle[39m=[32m&quot;flex-grow: 0; flex-shrink: 1; flex-direction: row; text-wrap: wrap;&quot;[39m
          [36m&gt;[39m
            [0m[[0m
            [0m2[0m
            [0m] [0m
            [0mシナプス結合[0m
          [36m&lt;/ink-text&gt;[39m
        [36m&lt;/ink-box&gt;[39m
        [36m&lt;ink-box[39m
          [33mstyle[39m=[32m&quot;flex-wrap: nowrap; flex-direction: row; flex-grow: 0; flex-shrink: 1; margin-right: 2px; overflow-x: visible; overflow-y: visible;&quot;[39m
        [36m&gt;[39m
          [36m&lt;ink-text[39m
            [33mstyle[39m=[32m&quot;flex-grow: 0; flex-shrink: 1; flex-direction: row; text-wrap: wrap;&quot;[39m
          [36m&gt;[39m
            [0m[[0m
            [0m3[0m
            [0m] [0m
            [0mネットワーク診断[0m
          [36m&lt;/ink-text&gt;[39m
        [36m&lt;/ink-box&gt;[39m
        [36m&lt;ink-box[39m
          [33mstyle[39m=[32m&quot;flex-wrap: nowrap; flex-direction: row; flex-grow: 0; flex-shrink: 1; margin-right: 2px; overflow-x: visible; overflow-y: visible;&quot;[39m
        [36m&gt;[39m
          [36m&lt;ink-text[39m
            [33mstyle[39m=[32m&quot;flex-grow: 0; flex-shrink: 1; flex-direction: row; text-wrap: wrap;&quot;[39m
          [36m&gt;[39m
            [0m[[0m
            [0m4[0m
            [0m] [0m
            [0m設定[0m
          [36m&lt;/ink-text&gt;[39m
        [36m&lt;/ink-box&gt;[39m
      [36m&lt;/ink-box&gt;[39m
      [36m&lt;ink-box[39m
        [33mstyle[39m=[32m&quot;flex-wrap: nowrap; flex-direction: row; flex-grow: 1; flex-shrink: 1; overflow: hidden; overflow-x: hidden; overflow-y: hidden;&quot;[39m
      [36m&gt;[39m
        [36m&lt;ink-box[39m
          [33mstyle[39m=[32m&quot;flex-wrap: nowrap; flex-direction: column; flex-grow: 1; flex-shrink: 1; overflow-x: visible; overflow-y: visible;&quot;[39m
        [36m&gt;[39m
          [36m&lt;ink-box[39m
            [33mstyle[39m=[32m&quot;flex-wrap: nowrap; flex-direction: row; flex-grow: 0; flex-shrink: 1; margin-bottom: 1px; overflow-x: visible; overflow-y: visible;&quot;[39m
          [36m&gt;[39m
            [36m&lt;ink-text[39m
              [33mstyle[39m=[32m&quot;flex-grow: 0; flex-shrink: 1; flex-direction: row; text-wrap: wrap;&quot;[39m
            [36m&gt;[39m
              [0m記憶一覧 ([0m
              [0m3[0m
              [0m件)[0m
            [36m&lt;/ink-text&gt;[39m
          [36m&lt;/ink-box&gt;[39m
          [36m&lt;ink-box[39m
            [33mstyle[39m=[32m&quot;flex-wrap: nowrap; flex-direction: column; flex-grow: 0; flex-shrink: 0; width: 48px; overflow-x: visible; overflow-y: visible;&quot;[39m
          [36m&gt;[39m
            [36m&lt;ink-box[39m
              [33mstyle[39m=[32m&quot;flex-wrap: nowrap; flex-direction: row; flex-grow: 0; flex-shrink: 1; overflow-x: visible; overflow-y: visible;&quot;[39m
            [36m&gt;[39m
              [36m&lt;ink-text[39m
                [33mstyle[39m=[32m&quot;flex-grow: 0; flex-shrink: 1; flex-direction: row; text-wrap: wrap;&quot;[39m
              [36m&gt;[39m
                [0m► [0m
              [36m&lt;/ink-text&gt;[39m
              [36m&lt;ink-text[39m
                [33mstyle[39m=[32m&quot;flex-grow: 0; flex-shrink: 1; flex-direction: row; text-wrap: wrap;&quot;[39m
              [36m&gt;[39m
                [0m[[0m
              [36m&lt;/ink-text&gt;[39m
              [36m&lt;ink-text[39m
                [33mstyle[39m=[32m&quot;flex-grow: 0; flex-shrink: 1; flex-direction: row; text-wrap: wrap;&quot;[39m
              [36m&gt;[39m
                [0mmem-001[0m
              [36m&lt;/ink-text&gt;[39m
              [36m&lt;ink-text[39m
                [33mstyle[39m=[32m&quot;flex-grow: 0; flex-shrink: 1; flex-direction: row; text-wrap: wrap;&quot;[39m
              [36m&gt;[39m
                [0m] [0m
              [36m&lt;/ink-text&gt;[39m
              [36m&lt;ink-text[39m
                [33mstyle[39m=[32m&quot;flex-grow: 0; flex-shrink: 1; flex-direction: row; text-wrap: wrap;&quot;[39m
              [36m&gt;[39m
                [0mGPT-5プロンプトガイドの分析結果[0m
              [36m&lt;/ink-text&gt;[39m
            [36m&lt;/ink-box&gt;[39m
            [36m&lt;ink-box[39m
              [33mstyle[39m=[32m&quot;flex-wrap: nowrap; flex-direction: row; flex-grow: 0; flex-shrink: 1; overflow-x: visible; overflow-y: visible;&quot;[39m
            [36m&gt;[39m
              [36m&lt;ink-text[39m
                [33mstyle[39m=[32m&quot;flex-grow: 0; flex-shrink: 1; flex-direction: row; text-wrap: wrap;&quot;[39m
              [36m&gt;[39m
                [0m  [0m
              [36m&lt;/ink-text&gt;[39m
              [36m&lt;ink-text[39m
                [33mstyle[39m=[32m&quot;flex-grow: 0; flex-shrink: 1; flex-direction: row; text-wrap: wrap;&quot;[39m
              [36m&gt;[39m
                [0m[[0m
              [36m&lt;/ink-text&gt;[39m
              [36m&lt;ink-text[39m
                [33mstyle[39m=[32m&quot;flex-grow: 0; flex-shrink: 1; flex-direction: row; text-wrap: wrap;&quot;[39m
              [36m&gt;[39m
                [0mmem-002[0m
              [36m&lt;/ink-text&gt;[39m
              [36m&lt;ink-text[39m
                [33mstyle[39m=[32m&quot;flex-grow: 0; flex-shrink: 1; flex-direction: row; text-wrap: wrap;&quot;[39m
              [36m&gt;[39m
                [0m] [0m
              [36m&lt;/ink-text&gt;[39m
              [36m&lt;ink-text[39m
                [33mstyle[39m=[32m&quot;flex-grow: 0; flex-shrink: 1; flex-direction: row; text-wrap: wrap;&quot;[39m
              [36m&gt;[39m
                [0mシナプス記憶システムのPhase 2実装完了[0m
              [36m&lt;/ink-text&gt;[39m
            [36m&lt;/ink-box&gt;[39m
            [36m&lt;ink-box[39m
              [33mstyle[39m=[32m&quot;flex-wrap: nowrap; flex-direction: row; flex-grow: 0; flex-shrink: 1; overflow-x: visible; overflow-y: visible;&quot;[39m
            [36m&gt;[39m
              [36m&lt;ink-text[39m
                [33mstyle[39m=[32m&quot;flex-grow: 0; flex-shrink: 1; flex-direction: row; text-wrap: wrap;&quot;[39m
              [36m&gt;[39m
                [0m  [0m
              [36m&lt;/ink-text&gt;[39m
              [36m&lt;ink-text[39m
                [33mstyle[39m=[32m&quot;flex-grow: 0; flex-shrink: 1; flex-direction: row; text-wrap: wrap;&quot;[39m
              [36m&gt;[39m
                [0m[[0m
              [36m&lt;/ink-text&gt;[39m
              [36m&lt;ink-text[39m
                [33mstyle[39m=[32m&quot;flex-grow: 0; flex-shrink: 1; flex-direction: row; text-wrap: wrap;&quot;[39m
              [36m&gt;[39m
                [0mmem-003[0m
              [36m&lt;/ink-text&gt;[39m
              [36m&lt;ink-text[39m
                [33mstyle[39m=[32m&quot;flex-grow: 0; flex-shrink: 1; flex-direction: row; text-wrap: wrap;&quot;[39m
              [36m&gt;[39m
                [0m] [0m
              [36m&lt;/ink-text&gt;[39m
              [36m&lt;ink-text[39m
                [33mstyle[39m=[32m&quot;flex-grow: 0; flex-shrink: 1; flex-direction: row; text-wrap: wrap;&quot;[39m
              [36m&gt;[39m
                [0mRESTful API設計とエンドポイント定義[0m
              [36m&lt;/ink-text&gt;[39m
            [36m&lt;/ink-box&gt;[39m
          [36m&lt;/ink-box&gt;[39m
          [36m&lt;ink-box[39m
            [33mstyle[39m=[32m&quot;flex-wrap: nowrap; flex-direction: row; flex-grow: 0; flex-shrink: 1; margin-top: 1px; border-color: rgb(108, 112, 134); padding: 1px; overflow-x: visible; overflow-y: visible;&quot;[39m
          [36m&gt;[39m
            [36m&lt;ink-box[39m
              [33mstyle[39m=[32m&quot;flex-wrap: nowrap; flex-direction: column; flex-grow: 0; flex-shrink: 1; overflow-x: visible; overflow-y: visible;&quot;[39m
            [36m&gt;[39m
              [36m&lt;ink-text[39m
                [33mstyle[39m=[32m&quot;flex-grow: 0; flex-shrink: 1; flex-direction: row; text-wrap: wrap;&quot;[39m
              [36m&gt;[39m
                [0m詳細:[0m
              [36m&lt;/ink-text&gt;[39m
              [36m&lt;ink-text[39m
                [33mstyle[39m=[32m&quot;flex-grow: 0; flex-shrink: 1; flex-direction: row; text-wrap: wrap;&quot;[39m
              [36m&gt;[39m
                [0mID: [0m
                [0mmem-001[0m
              [36m&lt;/ink-text&gt;[39m
              [36m&lt;ink-text[39m
                [33mstyle[39m=[32m&quot;flex-grow: 0; flex-shrink: 1; flex-direction: row; text-wrap: wrap;&quot;[39m
              [36m&gt;[39m
                [0mアクセス数: [0m
                [0m15[0m
              [36m&lt;/ink-text&gt;[39m
              [36m&lt;ink-text[39m
                [33mstyle[39m=[32m&quot;flex-grow: 0; flex-shrink: 1; flex-direction: row; text-wrap: wrap;&quot;[39m
              [36m&gt;[39m
                [0m成功率: [0m
                [0m92.0[0m
                [0m%[0m
              [36m&lt;/ink-text&gt;[39m
              [36m&lt;ink-text[39m
                [33mstyle[39m=[32m&quot;flex-grow: 0; flex-shrink: 1; flex-direction: row; text-wrap: wrap;&quot;[39m
              [36m&gt;[39m
                [0mタグ: [0m
                [0mgpt5, prompting, analysis[0m
              [36m&lt;/ink-text&gt;[39m
            [36m&lt;/ink-box&gt;[39m
          [36m&lt;/ink-box&gt;[39m
        [36m&lt;/ink-box&gt;[39m
      [36m&lt;/ink-box&gt;[39m
      [36m&lt;ink-box[39m
        [33mstyle[39m=[32m&quot;flex-wrap: nowrap; flex-direction: row; flex-grow: 0; flex-shrink: 1; margin-top: 1px; border-color: rgb(108, 112, 134); padding: 1px; overflow-x: visible; overflow-y: visible;&quot;[39m
      [36m&gt;[39m
        [36m&lt;ink-text[39m
          [33mstyle[39m=[32m&quot;flex-grow: 0; flex-shrink: 1; flex-direction: row; text-wrap: wrap;&quot;[39m
        [36m&gt;[39m
          [0mTab: タブ切替 | ↑↓: 記憶選択 | q: 終了[0m
        [36m&lt;/ink-text&gt;[39m
      [36m&lt;/ink-box&gt;[39m
    [36m&lt;/ink-box&gt;[39m
  [36m&lt;/div&gt;[39m
[36m&lt;/body&gt;[39m

Ignored nodes: comments, script, style
[36m&lt;html&gt;[39m
  [36m&lt;head /&gt;[39m
  [36m&lt;body&gt;[39m
    [36m&lt;div&gt;[39m
      [36m&lt;ink-box[39m
        [33mstyle[39m=[32m&quot;flex-wrap: nowrap; flex-direction: column; flex-grow: 0; flex-shrink: 1; width: 52px; height: 20px; padding: 1px; overflow-x: visible; overflow-y: visible;&quot;[39m
      [36m&gt;[39m
        [36m&lt;ink-box[39m
          [33mstyle[39m=[32m&quot;flex-wrap: nowrap; flex-direction: row; flex-grow: 0; flex-shrink: 1; margin-bottom: 1px; overflow-x: visible; overflow-y: visible;&quot;[39m
        [36m&gt;[39m
          [36m&lt;ink-text[39m
            [33mstyle[39m=[32m&quot;flex-grow: 0; flex-shrink: 1; flex-direction: row; text-wrap: wrap;&quot;[39m
          [36m&gt;[39m
            [0mシナプス記憶システム ダッシュボード[0m
          [36m&lt;/ink-text&gt;[39m
        [36m&lt;/ink-box&gt;[39m
        [36m&lt;ink-box[39m
          [33mstyle[39m=[32m&quot;flex-wrap: nowrap; flex-direction: row; flex-grow: 0; flex-shrink: 1; margin-bottom: 1px; overflow-x: visible; overflow-y: visible;&quot;[39m
        [36m&gt;[39m
          [36m&lt;ink-box[39m
            [33mstyle[39m=[32m&quot;flex-wrap: nowrap; flex-direction: row; flex-grow: 0; flex-shrink: 1; margin-right: 2px; overflow-x: visible; overflow-y: visible;&quot;[39m
          [36m&gt;[39m
            [36m&lt;ink-text[39m
              [33mstyle[39m=[32m&quot;flex-grow: 0; flex-shrink: 1; flex-direction: row; text-wrap: wrap;&quot;[39m
            [36m&gt;[39m
              [0m[[0m
              [0m1[0m
              [0m] [0m
              [0m記憶一覧[0m
            [36m&lt;/ink-text&gt;[39m
          [36m&lt;/ink-box&gt;[39m
          [36m&lt;ink-box[39m
            [33mstyle[39m=[32m&quot;flex-wrap: nowrap; flex-direction: row; flex-grow: 0; flex-shrink: 1; margin-right: 2px; overflow-x: visible; overflow-y: visible;&quot;[39m
          [36m&gt;[39m
            [36m&lt;ink-text[39m
              [33mstyle[39m=[32m&quot;flex-grow: 0; flex-shrink: 1; flex-direction: row; text-wrap: wrap;&quot;[39m
            [36m&gt;[39m
              [0m[[0m
              [0m2[0m
              [0m] [0m
              [0mシナプス結合[0m
            [36m&lt;/ink-text&gt;[39m
          [36m&lt;/ink-box&gt;[39m
          [36m&lt;ink-box[39m
            [33mstyle[39m=[32m&quot;flex-wrap: nowrap; flex-direction: row; flex-grow: 0; flex-shrink: 1; margin-right: 2px; overflow-x: visible; overflow-y: visible;&quot;[39m
          [36m&gt;[39m
            [36m&lt;ink-text[39m
              [33mstyle[39m=[32m&quot;flex-grow: 0; flex-shrink: 1; flex-direction: row; text-wrap: wrap;&quot;[39m
            [36m&gt;[39m
              [0m[[0m
              [0m3[0m
              [0m] [0m
              [0mネットワーク診断[0m
            [36m&lt;/ink-text&gt;[39m
          [36m&lt;/ink-box&gt;[39m
          [36m&lt;ink-box[39m
            [33mstyle[39m=[32m&quot;flex-wrap: nowrap; flex-direction: row; flex-grow: 0; flex-shrink: 1; margin-right: 2px; overflow-x: visible; overflow-y: visible;&quot;[39m
          [36m&gt;[39m
            [36m&lt;ink-text[39m
              [33mstyle[39m=[32m&quot;flex-grow: 0; flex-shrink: 1; flex-direction: row; text-wrap: wrap;&quot;[39m
            [36m&gt;[39m
              [0m[[0m
              [0m4[0m
              [0m] [0m
              [0m設定[0m
            [36m&lt;/ink-text&gt;[39m
          [36m&lt;/ink-box&gt;[39m
        [36m&lt;/ink-box&gt;[39m
        [36m&lt;ink-box[39m
          [33mstyle[39m=[32m&quot;flex-wrap: nowrap; flex-direction: row; flex-grow: 1; flex-shrink: 1; overflow: hidden; overflow-x: hidden; overflow-y: hidden;&quot;[39m
        [36m&gt;[39m
          [36m&lt;ink-box[39m
            [33mstyle[39m=[32m&quot;flex-wrap: nowrap; flex-direction: column; flex-grow: 1; flex-shrink: 1; overflow-x: visible; overflow-y: visible;&quot;[39m
          [36m&gt;[39m
            [36m&lt;ink-box[39m
              [33mstyle[39m=[32m&quot;flex-wrap: nowrap; flex-direction: row; flex-grow: 0; flex-shrink: 1; margin-bottom: 1px; overflow-x: visible; overflow-y: visible;&quot;[39m
            [36m&gt;[39m
              [36m&lt;ink-text[39m
                [33mstyle[39m=[32m&quot;flex-grow: 0; flex-shrink: 1; flex-direction: row; text-wrap: wrap;&quot;[39m
              [36m&gt;[39m
                [0m記憶一覧 ([0m
                [0m3[0m
                [0m件)[0m
              [36m&lt;/ink-text&gt;[39m
            [36m&lt;/ink-box&gt;[39m
            [36m&lt;ink-box[39m
              [33mstyle[39m=[32m&quot;flex-wrap: nowrap; flex-direction: column; flex-grow: 0; flex-shrink: 0; width: 48px; overflow-x: visible; overflow-y: visible;&quot;[39m
            [36m&gt;[39m
              [36m&lt;ink-box[39m
                [33mstyle[39m=[32m&quot;flex-wrap: nowrap; flex-direction: row; flex-grow: 0; flex-shrink: 1; overflow-x: visible; overflow-y: visible;&quot;[39m
              [36m&gt;[39m
                [36m&lt;ink-text[39m
                  [33mstyle[39m=[32m&quot;flex-grow: 0; flex-shrink: 1; flex-direction: row; text-wrap: wrap;&quot;[39m
                [36m&gt;[39m
                  [0m► [0m
                [36m&lt;/ink-text&gt;[39m
                [36m&lt;ink-text[39m
                  [33mstyle[39m=[32m&quot;flex-grow: 0; flex-shrink: 1; flex-direction: row; text-wrap: wrap;&quot;[39m
                [36m&gt;[39m
                  [0m[[0m
                [36m&lt;/ink-text&gt;[39m
                [36m&lt;ink-text[39m
                  [33mstyle[39m=[32m&quot;flex-grow: 0; flex-shrink: 1; flex-direction: row; text-wrap: wrap;&quot;[39m
                [36m&gt;[39m
                  [0mmem-001[0m
                [36m&lt;/ink-text&gt;[39m
                [36m&lt;ink-text[39m
                  [33mstyle[39m=[32m&quot;flex-grow: 0; flex-shrink: 1; flex-direction: row; text-wrap: wrap;&quot;[39m
                [36m&gt;[39m
                  [0m] [0m
                [36m&lt;/ink-text&gt;[39m
                [36m&lt;ink-text[39m
                  [33mstyle[39m=[32m&quot;flex-grow: 0; flex-shrink: 1; flex-direction: row; text-wrap: wrap;&quot;[39m
                [36m&gt;[39m
                  [0mGPT-5プロンプトガイドの分析結果[0m
                [36m&lt;/ink-text&gt;[39m
              [36m&lt;/ink-box&gt;[39m
              [36m&lt;ink-box[39m
                [33mstyle[39m=[32m&quot;flex-wrap: nowrap; flex-direction: row; flex-grow: 0; flex-shrink: 1; overflow-x: visible; overflow-y: visible;&quot;[39m
              [36m&gt;[39m
                [36m&lt;ink-text[39m
                  [33mstyle[39m=[32m&quot;flex-grow: 0; flex-shrink: 1; flex-direction: row; text-wrap: wrap;&quot;[39m
                [36m&gt;[39m
                  [0m  [0m
                [36m&lt;/ink-text&gt;[39m
                [36m&lt;ink-text[39m
                  [33mstyle[39m=[32m&quot;flex-grow: 0; flex-shrink: 1; flex-direction: row; text-wrap: wrap;&quot;[39m
                [36m&gt;[39m
                  [0m[[0m
                [36m&lt;/ink-text&gt;[39m
                [36m&lt;ink-text[39m
                  [33mstyle[39m=[32m&quot;flex-grow: 0; flex-shrink: 1; flex-direction: row; text-wrap: wrap;&quot;[39m
                [36m&gt;[39m
                  [0mmem-002[0m
                [36m&lt;/ink-text&gt;[39m
                [36m&lt;ink-text[39m
                  [33mstyle[39m=[32m&quot;flex-grow: 0; flex-shrink: 1; flex-direction: row; text-wrap: wrap;&quot;[39m
                [36m&gt;[39m
                  [0m] [0m
                [36m&lt;/ink-text&gt;[39m
                [36m&lt;ink-text[39m
                  [33mstyle[39m=[32m&quot;flex-grow: 0; flex-shrink: 1; flex-direction: row; text-wrap: wrap;&quot;[39m
                [36m&gt;[39m
                  [0mシナプス記憶システムのPhase 2実装完了[0m
                [36m&lt;/ink-text&gt;[39m
              [36m&lt;/ink-box&gt;[39m
              [36m&lt;ink-box[39m
                [33mstyle[39m=[32m&quot;flex-wrap: nowrap; flex-direction: row; flex-grow: 0; flex-shrink: 1; overflow-x: visible; overflow-y: visible;&quot;[39m
              [36m&gt;[39m
                [36m&lt;ink-text[39m
                  [33mstyle[39m=[32m&quot;flex-grow: 0; flex-shrink: 1; flex-direction: row; text-wrap: wrap;&quot;[39m
                [36m&gt;[39m
                  [0m  [0m
                [36m&lt;/ink-text&gt;[39m
                [36m&lt;ink-text[39m
                  [33mstyle[39m=[32m&quot;flex-grow: 0; flex-shrink: 1; flex-direction: row; text-wrap: wrap;&quot;[39m
                [36m&gt;[39m
                  [0m[[0m
                [36m&lt;/ink-text&gt;[39m
                [36m&lt;ink-text[39m
                  [33mstyle[39m=[32m&quot;flex-grow: 0; flex-shrink: 1; flex-direction: row; text-wrap: wrap;&quot;[39m
                [36m&gt;[39m
                  [0mmem-003[0m
                [36m&lt;/ink-text&gt;[39m
                [36m&lt;ink-text[39m
                  [33mstyle[39m=[32m&quot;flex-grow: 0; flex-shrink: 1; flex-direction: row; text-wrap: wrap;&quot;[39m
                [36m&gt;[39m
                  [0m] [0m
                [36m&lt;/ink-text&gt;[39m
                [36m&lt;ink-text[39m
                  [33mstyle[39m=[32m&quot;flex-grow: 0; flex-shrink: 1; flex-direction: row; text-wrap: wrap;&quot;[39m
                [36m&gt;[39m
                  [0mRESTful API設計とエンドポイント定義[0m
                [36m&lt;/ink-text&gt;[39m
              [36m&lt;/ink-box&gt;[39m
            [36m&lt;/ink-box&gt;[39m
            [36m&lt;ink-box[39m
              [33mstyle[39m=[32m&quot;flex-wrap: nowrap; flex-direction: row; flex-grow: 0; flex-shrink: 1; margin-top: 1px; border-color: rgb(108, 112, 134); padding: 1px; overflow-x: visible; overflow-y: visible;&quot;[39m
            [36m&gt;[39m
              [36m&lt;ink-box[39m
                [33mstyle[39m=[32m&quot;flex-wrap: nowrap; flex-direction: column; flex-grow: 0; flex-shrink: 1; overflow-x: visible; overflow-y: visible;&quot;[39m
              [36m&gt;[39m
                [36m&lt;ink-text[39m
                  [33mstyle[39m=[32m&quot;flex-grow: 0; flex-shrink: 1; flex-direction: row; text-wrap: wrap;&quot;[39m
                [36m&gt;[39m
                  [0m詳細:[0m
                [36m&lt;/ink-text&gt;[39m
                [36m&lt;ink-text[39m
                  [33mstyle[39m=[32m&quot;flex-grow: 0; flex-shrink: 1; flex-direction: row; text-wrap: wrap;&quot;[39m
                [36m&gt;[39m
                  [0mID: [0m
                  [0mmem-001[0m
                [36m&lt;/ink-text&gt;[39m
                [36m&lt;ink-text[39m
                  [33mstyle[39m=[32m&quot;flex-grow: 0; flex-shrink: 1; flex-direction: row; text-wrap: wrap;&quot;[39m
                [36m&gt;[39m
                  [0mアクセス数: [0m
                  [0m15[0m
                [36m&lt;/ink-text&gt;[39m
                [36m&lt;ink-text[39m
                  [33mstyle[39m=[32m&quot;flex-grow: 0; flex-shrink: 1; flex-direction: row; text-wrap: wrap;&quot;[39m
                [36m&gt;[39m
                  [0m成功率: [0m
                  [0m92.0[0m
                  [0m%[0m
                [36m&lt;/ink-text&gt;[39m
                [36m&lt;ink-text[39m
                  [33mstyle[39m=[32m&quot;flex-grow: 0; flex-shrink: 1; flex-direction: row; text-wrap: wrap;&quot;[39m
                [36m&gt;[39m
                  [0mタグ: [0m
                  [0mgpt5, prompting, analysis[0m
                [36m&lt;/ink-text&gt;[39m
              [36m&lt;/ink-box&gt;[39m
            [36m&lt;/ink-box&gt;[39m
          [36m&lt;/ink-box&gt;[39m
        [36m&lt;/ink-box&gt;[39m
        [36m&lt;ink-box[39m
          [33mstyle[39m=[32m&quot;flex-wrap: nowrap; flex-direction: row; flex-grow: 0; flex-shrink: 1; margin-top: 1px; border-color: rgb(108, 112, 134); padding: 1px; overflow-x: visible; overflow-y: visible;&quot;[39m
        [36m&gt;[39m
          [36m&lt;ink-text[39m
            [33mstyle[39m=[32m&quot;flex-grow: 0; flex-shrink: 1; flex-direction: row; text-wrap: wrap;&quot;[39m
          [36m&gt;[39m
            [0mTab: タブ切替 | ↑↓: 記憶選択 | q: 終了[0m
          [36m&lt;/ink-text&gt;[39m
        [36m&lt;/ink-box&gt;[39m
      [36m&lt;/ink-box&gt;[39m
    [36m&lt;/div&gt;[39m
  [36m&lt;/body&gt;[39m
[36m&lt;/html&gt;[39m" type="TestingLibraryElementError">
TestingLibraryElementError: Unable to find an element with the text: /Error:/. This could be because the text is broken up by multiple elements. In this case, you can provide a function for your text matcher to make your matcher more flexible.

Ignored nodes: comments, script, style
&lt;body&gt;
  &lt;div&gt;
    &lt;ink-box
      style=&quot;flex-wrap: nowrap; flex-direction: column; flex-grow: 0; flex-shrink: 1; width: 52px; height: 20px; padding: 1px; overflow-x: visible; overflow-y: visible;&quot;
    &gt;
      &lt;ink-box
        style=&quot;flex-wrap: nowrap; flex-direction: row; flex-grow: 0; flex-shrink: 1; margin-bottom: 1px; overflow-x: visible; overflow-y: visible;&quot;
      &gt;
        &lt;ink-text
          style=&quot;flex-grow: 0; flex-shrink: 1; flex-direction: row; text-wrap: wrap;&quot;
        &gt;
          シナプス記憶システム ダッシュボード
        &lt;/ink-text&gt;
      &lt;/ink-box&gt;
      &lt;ink-box
        style=&quot;flex-wrap: nowrap; flex-direction: row; flex-grow: 0; flex-shrink: 1; margin-bottom: 1px; overflow-x: visible; overflow-y: visible;&quot;
      &gt;
        &lt;ink-box
          style=&quot;flex-wrap: nowrap; flex-direction: row; flex-grow: 0; flex-shrink: 1; margin-right: 2px; overflow-x: visible; overflow-y: visible;&quot;
        &gt;
          &lt;ink-text
            style=&quot;flex-grow: 0; flex-shrink: 1; flex-direction: row; text-wrap: wrap;&quot;
          &gt;
            [
            1
            ] 
            記憶一覧
          &lt;/ink-text&gt;
        &lt;/ink-box&gt;
        &lt;ink-box
          style=&quot;flex-wrap: nowrap; flex-direction: row; flex-grow: 0; flex-shrink: 1; margin-right: 2px; overflow-x: visible; overflow-y: visible;&quot;
        &gt;
          &lt;ink-text
            style=&quot;flex-grow: 0; flex-shrink: 1; flex-direction: row; text-wrap: wrap;&quot;
          &gt;
            [
            2
            ] 
            シナプス結合
          &lt;/ink-text&gt;
        &lt;/ink-box&gt;
        &lt;ink-box
          style=&quot;flex-wrap: nowrap; flex-direction: row; flex-grow: 0; flex-shrink: 1; margin-right: 2px; overflow-x: visible; overflow-y: visible;&quot;
        &gt;
          &lt;ink-text
            style=&quot;flex-grow: 0; flex-shrink: 1; flex-direction: row; text-wrap: wrap;&quot;
          &gt;
            [
            3
            ] 
            ネットワーク診断
          &lt;/ink-text&gt;
        &lt;/ink-box&gt;
        &lt;ink-box
          style=&quot;flex-wrap: nowrap; flex-direction: row; flex-grow: 0; flex-shrink: 1; margin-right: 2px; overflow-x: visible; overflow-y: visible;&quot;
        &gt;
          &lt;ink-text
            style=&quot;flex-grow: 0; flex-shrink: 1; flex-direction: row; text-wrap: wrap;&quot;
          &gt;
            [
            4
            ] 
            設定
          &lt;/ink-text&gt;
        &lt;/ink-box&gt;
      &lt;/ink-box&gt;
      &lt;ink-box
        style=&quot;flex-wrap: nowrap; flex-direction: row; flex-grow: 1; flex-shrink: 1; overflow: hidden; overflow-x: hidden; overflow-y: hidden;&quot;
      &gt;
        &lt;ink-box
          style=&quot;flex-wrap: nowrap; flex-direction: column; flex-grow: 1; flex-shrink: 1; overflow-x: visible; overflow-y: visible;&quot;
        &gt;
          &lt;ink-box
            style=&quot;flex-wrap: nowrap; flex-direction: row; flex-grow: 0; flex-shrink: 1; margin-bottom: 1px; overflow-x: visible; overflow-y: visible;&quot;
          &gt;
            &lt;ink-text
              style=&quot;flex-grow: 0; flex-shrink: 1; flex-direction: row; text-wrap: wrap;&quot;
            &gt;
              記憶一覧 (
              3
              件)
            &lt;/ink-text&gt;
          &lt;/ink-box&gt;
          &lt;ink-box
            style=&quot;flex-wrap: nowrap; flex-direction: column; flex-grow: 0; flex-shrink: 0; width: 48px; overflow-x: visible; overflow-y: visible;&quot;
          &gt;
            &lt;ink-box
              style=&quot;flex-wrap: nowrap; flex-direction: row; flex-grow: 0; flex-shrink: 1; overflow-x: visible; overflow-y: visible;&quot;
            &gt;
              &lt;ink-text
                style=&quot;flex-grow: 0; flex-shrink: 1; flex-direction: row; text-wrap: wrap;&quot;
              &gt;
                ► 
              &lt;/ink-text&gt;
              &lt;ink-text
                style=&quot;flex-grow: 0; flex-shrink: 1; flex-direction: row; text-wrap: wrap;&quot;
              &gt;
                [
              &lt;/ink-text&gt;
              &lt;ink-text
                style=&quot;flex-grow: 0; flex-shrink: 1; flex-direction: row; text-wrap: wrap;&quot;
              &gt;
                mem-001
              &lt;/ink-text&gt;
              &lt;ink-text
                style=&quot;flex-grow: 0; flex-shrink: 1; flex-direction: row; text-wrap: wrap;&quot;
              &gt;
                ] 
              &lt;/ink-text&gt;
              &lt;ink-text
                style=&quot;flex-grow: 0; flex-shrink: 1; flex-direction: row; text-wrap: wrap;&quot;
              &gt;
                GPT-5プロンプトガイドの分析結果
              &lt;/ink-text&gt;
            &lt;/ink-box&gt;
            &lt;ink-box
              style=&quot;flex-wrap: nowrap; flex-direction: row; flex-grow: 0; flex-shrink: 1; overflow-x: visible; overflow-y: visible;&quot;
            &gt;
              &lt;ink-text
                style=&quot;flex-grow: 0; flex-shrink: 1; flex-direction: row; text-wrap: wrap;&quot;
              &gt;
                  
              &lt;/ink-text&gt;
              &lt;ink-text
                style=&quot;flex-grow: 0; flex-shrink: 1; flex-direction: row; text-wrap: wrap;&quot;
              &gt;
                [
              &lt;/ink-text&gt;
              &lt;ink-text
                style=&quot;flex-grow: 0; flex-shrink: 1; flex-direction: row; text-wrap: wrap;&quot;
              &gt;
                mem-002
              &lt;/ink-text&gt;
              &lt;ink-text
                style=&quot;flex-grow: 0; flex-shrink: 1; flex-direction: row; text-wrap: wrap;&quot;
              &gt;
                ] 
              &lt;/ink-text&gt;
              &lt;ink-text
                style=&quot;flex-grow: 0; flex-shrink: 1; flex-direction: row; text-wrap: wrap;&quot;
              &gt;
                シナプス記憶システムのPhase 2実装完了
              &lt;/ink-text&gt;
            &lt;/ink-box&gt;
            &lt;ink-box
              style=&quot;flex-wrap: nowrap; flex-direction: row; flex-grow: 0; flex-shrink: 1; overflow-x: visible; overflow-y: visible;&quot;
            &gt;
              &lt;ink-text
                style=&quot;flex-grow: 0; flex-shrink: 1; flex-direction: row; text-wrap: wrap;&quot;
              &gt;
                  
              &lt;/ink-text&gt;
              &lt;ink-text
                style=&quot;flex-grow: 0; flex-shrink: 1; flex-direction: row; text-wrap: wrap;&quot;
              &gt;
                [
              &lt;/ink-text&gt;
              &lt;ink-text
                style=&quot;flex-grow: 0; flex-shrink: 1; flex-direction: row; text-wrap: wrap;&quot;
              &gt;
                mem-003
              &lt;/ink-text&gt;
              &lt;ink-text
                style=&quot;flex-grow: 0; flex-shrink: 1; flex-direction: row; text-wrap: wrap;&quot;
              &gt;
                ] 
              &lt;/ink-text&gt;
              &lt;ink-text
                style=&quot;flex-grow: 0; flex-shrink: 1; flex-direction: row; text-wrap: wrap;&quot;
              &gt;
                RESTful API設計とエンドポイント定義
              &lt;/ink-text&gt;
            &lt;/ink-box&gt;
          &lt;/ink-box&gt;
          &lt;ink-box
            style=&quot;flex-wrap: nowrap; flex-direction: row; flex-grow: 0; flex-shrink: 1; margin-top: 1px; border-color: rgb(108, 112, 134); padding: 1px; overflow-x: visible; overflow-y: visible;&quot;
          &gt;
            &lt;ink-box
              style=&quot;flex-wrap: nowrap; flex-direction: column; flex-grow: 0; flex-shrink: 1; overflow-x: visible; overflow-y: visible;&quot;
            &gt;
              &lt;ink-text
                style=&quot;flex-grow: 0; flex-shrink: 1; flex-direction: row; text-wrap: wrap;&quot;
              &gt;
                詳細:
              &lt;/ink-text&gt;
              &lt;ink-text
                style=&quot;flex-grow: 0; flex-shrink: 1; flex-direction: row; text-wrap: wrap;&quot;
              &gt;
                ID: 
                mem-001
              &lt;/ink-text&gt;
              &lt;ink-text
                style=&quot;flex-grow: 0; flex-shrink: 1; flex-direction: row; text-wrap: wrap;&quot;
              &gt;
                アクセス数: 
                15
              &lt;/ink-text&gt;
              &lt;ink-text
                style=&quot;flex-grow: 0; flex-shrink: 1; flex-direction: row; text-wrap: wrap;&quot;
              &gt;
                成功率: 
                92.0
                %
              &lt;/ink-text&gt;
              &lt;ink-text
                style=&quot;flex-grow: 0; flex-shrink: 1; flex-direction: row; text-wrap: wrap;&quot;
              &gt;
                タグ: 
                gpt5, prompting, analysis
              &lt;/ink-text&gt;
            &lt;/ink-box&gt;
          &lt;/ink-box&gt;
        &lt;/ink-box&gt;
      &lt;/ink-box&gt;
      &lt;ink-box
        style=&quot;flex-wrap: nowrap; flex-direction: row; flex-grow: 0; flex-shrink: 1; margin-top: 1px; border-color: rgb(108, 112, 134); padding: 1px; overflow-x: visible; overflow-y: visible;&quot;
      &gt;
        &lt;ink-text
          style=&quot;flex-grow: 0; flex-shrink: 1; flex-direction: row; text-wrap: wrap;&quot;
        &gt;
          Tab: タブ切替 | ↑↓: 記憶選択 | q: 終了
        &lt;/ink-text&gt;
      &lt;/ink-box&gt;
    &lt;/ink-box&gt;
  &lt;/div&gt;
&lt;/body&gt;

Ignored nodes: comments, script, style
&lt;html&gt;
  &lt;head /&gt;
  &lt;body&gt;
    &lt;div&gt;
      &lt;ink-box
        style=&quot;flex-wrap: nowrap; flex-direction: column; flex-grow: 0; flex-shrink: 1; width: 52px; height: 20px; padding: 1px; overflow-x: visible; overflow-y: visible;&quot;
      &gt;
        &lt;ink-box
          style=&quot;flex-wrap: nowrap; flex-direction: row; flex-grow: 0; flex-shrink: 1; margin-bottom: 1px; overflow-x: visible; overflow-y: visible;&quot;
        &gt;
          &lt;ink-text
            style=&quot;flex-grow: 0; flex-shrink: 1; flex-direction: row; text-wrap: wrap;&quot;
          &gt;
            シナプス記憶システム ダッシュボード
          &lt;/ink-text&gt;
        &lt;/ink-box&gt;
        &lt;ink-box
          style=&quot;flex-wrap: nowrap; flex-direction: row; flex-grow: 0; flex-shrink: 1; margin-bottom: 1px; overflow-x: visible; overflow-y: visible;&quot;
        &gt;
          &lt;ink-box
            style=&quot;flex-wrap: nowrap; flex-direction: row; flex-grow: 0; flex-shrink: 1; margin-right: 2px; overflow-x: visible; overflow-y: visible;&quot;
          &gt;
            &lt;ink-text
              style=&quot;flex-grow: 0; flex-shrink: 1; flex-direction: row; text-wrap: wrap;&quot;
            &gt;
              [
              1
              ] 
              記憶一覧
            &lt;/ink-text&gt;
          &lt;/ink-box&gt;
          &lt;ink-box
            style=&quot;flex-wrap: nowrap; flex-direction: row; flex-grow: 0; flex-shrink: 1; margin-right: 2px; overflow-x: visible; overflow-y: visible;&quot;
          &gt;
            &lt;ink-text
              style=&quot;flex-grow: 0; flex-shrink: 1; flex-direction: row; text-wrap: wrap;&quot;
            &gt;
              [
              2
              ] 
              シナプス結合
            &lt;/ink-text&gt;
          &lt;/ink-box&gt;
          &lt;ink-box
            style=&quot;flex-wrap: nowrap; flex-direction: row; flex-grow: 0; flex-shrink: 1; margin-right: 2px; overflow-x: visible; overflow-y: visible;&quot;
          &gt;
            &lt;ink-text
              style=&quot;flex-grow: 0; flex-shrink: 1; flex-direction: row; text-wrap: wrap;&quot;
            &gt;
              [
              3
              ] 
              ネットワーク診断
            &lt;/ink-text&gt;
          &lt;/ink-box&gt;
          &lt;ink-box
            style=&quot;flex-wrap: nowrap; flex-direction: row; flex-grow: 0; flex-shrink: 1; margin-right: 2px; overflow-x: visible; overflow-y: visible;&quot;
          &gt;
            &lt;ink-text
              style=&quot;flex-grow: 0; flex-shrink: 1; flex-direction: row; text-wrap: wrap;&quot;
            &gt;
              [
              4
              ] 
              設定
            &lt;/ink-text&gt;
          &lt;/ink-box&gt;
        &lt;/ink-box&gt;
        &lt;ink-box
          style=&quot;flex-wrap: nowrap; flex-direction: row; flex-grow: 1; flex-shrink: 1; overflow: hidden; overflow-x: hidden; overflow-y: hidden;&quot;
        &gt;
          &lt;ink-box
            style=&quot;flex-wrap: nowrap; flex-direction: column; flex-grow: 1; flex-shrink: 1; overflow-x: visible; overflow-y: visible;&quot;
          &gt;
            &lt;ink-box
              style=&quot;flex-wrap: nowrap; flex-direction: row; flex-grow: 0; flex-shrink: 1; margin-bottom: 1px; overflow-x: visible; overflow-y: visible;&quot;
            &gt;
              &lt;ink-text
                style=&quot;flex-grow: 0; flex-shrink: 1; flex-direction: row; text-wrap: wrap;&quot;
              &gt;
                記憶一覧 (
                3
                件)
              &lt;/ink-text&gt;
            &lt;/ink-box&gt;
            &lt;ink-box
              style=&quot;flex-wrap: nowrap; flex-direction: column; flex-grow: 0; flex-shrink: 0; width: 48px; overflow-x: visible; overflow-y: visible;&quot;
            &gt;
              &lt;ink-box
                style=&quot;flex-wrap: nowrap; flex-direction: row; flex-grow: 0; flex-shrink: 1; overflow-x: visible; overflow-y: visible;&quot;
              &gt;
                &lt;ink-text
                  style=&quot;flex-grow: 0; flex-shrink: 1; flex-direction: row; text-wrap: wrap;&quot;
                &gt;
                  ► 
                &lt;/ink-text&gt;
                &lt;ink-text
                  style=&quot;flex-grow: 0; flex-shrink: 1; flex-direction: row; text-wrap: wrap;&quot;
                &gt;
                  [
                &lt;/ink-text&gt;
                &lt;ink-text
                  style=&quot;flex-grow: 0; flex-shrink: 1; flex-direction: row; text-wrap: wrap;&quot;
                &gt;
                  mem-001
                &lt;/ink-text&gt;
                &lt;ink-text
                  style=&quot;flex-grow: 0; flex-shrink: 1; flex-direction: row; text-wrap: wrap;&quot;
                &gt;
                  ] 
                &lt;/ink-text&gt;
                &lt;ink-text
                  style=&quot;flex-grow: 0; flex-shrink: 1; flex-direction: row; text-wrap: wrap;&quot;
                &gt;
                  GPT-5プロンプトガイドの分析結果
                &lt;/ink-text&gt;
              &lt;/ink-box&gt;
              &lt;ink-box
                style=&quot;flex-wrap: nowrap; flex-direction: row; flex-grow: 0; flex-shrink: 1; overflow-x: visible; overflow-y: visible;&quot;
              &gt;
                &lt;ink-text
                  style=&quot;flex-grow: 0; flex-shrink: 1; flex-direction: row; text-wrap: wrap;&quot;
                &gt;
                    
                &lt;/ink-text&gt;
                &lt;ink-text
                  style=&quot;flex-grow: 0; flex-shrink: 1; flex-direction: row; text-wrap: wrap;&quot;
                &gt;
                  [
                &lt;/ink-text&gt;
                &lt;ink-text
                  style=&quot;flex-grow: 0; flex-shrink: 1; flex-direction: row; text-wrap: wrap;&quot;
                &gt;
                  mem-002
                &lt;/ink-text&gt;
                &lt;ink-text
                  style=&quot;flex-grow: 0; flex-shrink: 1; flex-direction: row; text-wrap: wrap;&quot;
                &gt;
                  ] 
                &lt;/ink-text&gt;
                &lt;ink-text
                  style=&quot;flex-grow: 0; flex-shrink: 1; flex-direction: row; text-wrap: wrap;&quot;
                &gt;
                  シナプス記憶システムのPhase 2実装完了
                &lt;/ink-text&gt;
              &lt;/ink-box&gt;
              &lt;ink-box
                style=&quot;flex-wrap: nowrap; flex-direction: row; flex-grow: 0; flex-shrink: 1; overflow-x: visible; overflow-y: visible;&quot;
              &gt;
                &lt;ink-text
                  style=&quot;flex-grow: 0; flex-shrink: 1; flex-direction: row; text-wrap: wrap;&quot;
                &gt;
                    
                &lt;/ink-text&gt;
                &lt;ink-text
                  style=&quot;flex-grow: 0; flex-shrink: 1; flex-direction: row; text-wrap: wrap;&quot;
                &gt;
                  [
                &lt;/ink-text&gt;
                &lt;ink-text
                  style=&quot;flex-grow: 0; flex-shrink: 1; flex-direction: row; text-wrap: wrap;&quot;
                &gt;
                  mem-003
                &lt;/ink-text&gt;
                &lt;ink-text
                  style=&quot;flex-grow: 0; flex-shrink: 1; flex-direction: row; text-wrap: wrap;&quot;
                &gt;
                  ] 
                &lt;/ink-text&gt;
                &lt;ink-text
                  style=&quot;flex-grow: 0; flex-shrink: 1; flex-direction: row; text-wrap: wrap;&quot;
                &gt;
                  RESTful API設計とエンドポイント定義
                &lt;/ink-text&gt;
              &lt;/ink-box&gt;
            &lt;/ink-box&gt;
            &lt;ink-box
              style=&quot;flex-wrap: nowrap; flex-direction: row; flex-grow: 0; flex-shrink: 1; margin-top: 1px; border-color: rgb(108, 112, 134); padding: 1px; overflow-x: visible; overflow-y: visible;&quot;
            &gt;
              &lt;ink-box
                style=&quot;flex-wrap: nowrap; flex-direction: column; flex-grow: 0; flex-shrink: 1; overflow-x: visible; overflow-y: visible;&quot;
              &gt;
                &lt;ink-text
                  style=&quot;flex-grow: 0; flex-shrink: 1; flex-direction: row; text-wrap: wrap;&quot;
                &gt;
                  詳細:
                &lt;/ink-text&gt;
                &lt;ink-text
                  style=&quot;flex-grow: 0; flex-shrink: 1; flex-direction: row; text-wrap: wrap;&quot;
                &gt;
                  ID: 
                  mem-001
                &lt;/ink-text&gt;
                &lt;ink-text
                  style=&quot;flex-grow: 0; flex-shrink: 1; flex-direction: row; text-wrap: wrap;&quot;
                &gt;
                  アクセス数: 
                  15
                &lt;/ink-text&gt;
                &lt;ink-text
                  style=&quot;flex-grow: 0; flex-shrink: 1; flex-direction: row; text-wrap: wrap;&quot;
                &gt;
                  成功率: 
                  92.0
                  %
                &lt;/ink-text&gt;
                &lt;ink-text
                  style=&quot;flex-grow: 0; flex-shrink: 1; flex-direction: row; text-wrap: wrap;&quot;
                &gt;
                  タグ: 
                  gpt5, prompting, analysis
                &lt;/ink-text&gt;
              &lt;/ink-box&gt;
            &lt;/ink-box&gt;
          &lt;/ink-box&gt;
        &lt;/ink-box&gt;
        &lt;ink-box
          style=&quot;flex-wrap: nowrap; flex-direction: row; flex-grow: 0; flex-shrink: 1; margin-top: 1px; border-color: rgb(108, 112, 134); padding: 1px; overflow-x: visible; overflow-y: visible;&quot;
        &gt;
          &lt;ink-text
            style=&quot;flex-grow: 0; flex-shrink: 1; flex-direction: row; text-wrap: wrap;&quot;
          &gt;
            Tab: タブ切替 | ↑↓: 記憶選択 | q: 終了
          &lt;/ink-text&gt;
        &lt;/ink-box&gt;
      &lt;/ink-box&gt;
    &lt;/div&gt;
  &lt;/body&gt;
&lt;/html&gt;
 ❯ Proxy.waitForWrapper node_modules/@testing-library/dom/dist/wait-for.js:163:27
 ❯ src/ui/components/SynapticMemoryDashboard.test.tsx:218:11
            </failure>
        </testcase>
        <testcase classname="src/ui/components/SynapticMemoryDashboard.test.tsx" name="SynapticMemoryDashboard &gt; ローディング状態が正しく表示されること" time="1.027435376">
            <failure message="Unable to find an element with the text: Loading.... This could be because the text is broken up by multiple elements. In this case, you can provide a function for your text matcher to make your matcher more flexible.

Ignored nodes: comments, script, style
[36m&lt;body&gt;[39m
  [36m&lt;div&gt;[39m
    [36m&lt;ink-box[39m
      [33mstyle[39m=[32m&quot;flex-wrap: nowrap; flex-direction: column; flex-grow: 0; flex-shrink: 1; width: 52px; height: 20px; padding: 1px; overflow-x: visible; overflow-y: visible;&quot;[39m
    [36m&gt;[39m
      [36m&lt;ink-box[39m
        [33mstyle[39m=[32m&quot;flex-wrap: nowrap; flex-direction: row; flex-grow: 0; flex-shrink: 1; margin-bottom: 1px; overflow-x: visible; overflow-y: visible;&quot;[39m
      [36m&gt;[39m
        [36m&lt;ink-text[39m
          [33mstyle[39m=[32m&quot;flex-grow: 0; flex-shrink: 1; flex-direction: row; text-wrap: wrap;&quot;[39m
        [36m&gt;[39m
          [0mシナプス記憶システム ダッシュボード[0m
        [36m&lt;/ink-text&gt;[39m
      [36m&lt;/ink-box&gt;[39m
      [36m&lt;ink-box[39m
        [33mstyle[39m=[32m&quot;flex-wrap: nowrap; flex-direction: row; flex-grow: 0; flex-shrink: 1; margin-bottom: 1px; overflow-x: visible; overflow-y: visible;&quot;[39m
      [36m&gt;[39m
        [36m&lt;ink-box[39m
          [33mstyle[39m=[32m&quot;flex-wrap: nowrap; flex-direction: row; flex-grow: 0; flex-shrink: 1; margin-right: 2px; overflow-x: visible; overflow-y: visible;&quot;[39m
        [36m&gt;[39m
          [36m&lt;ink-text[39m
            [33mstyle[39m=[32m&quot;flex-grow: 0; flex-shrink: 1; flex-direction: row; text-wrap: wrap;&quot;[39m
          [36m&gt;[39m
            [0m[[0m
            [0m1[0m
            [0m] [0m
            [0m記憶一覧[0m
          [36m&lt;/ink-text&gt;[39m
        [36m&lt;/ink-box&gt;[39m
        [36m&lt;ink-box[39m
          [33mstyle[39m=[32m&quot;flex-wrap: nowrap; flex-direction: row; flex-grow: 0; flex-shrink: 1; margin-right: 2px; overflow-x: visible; overflow-y: visible;&quot;[39m
        [36m&gt;[39m
          [36m&lt;ink-text[39m
            [33mstyle[39m=[32m&quot;flex-grow: 0; flex-shrink: 1; flex-direction: row; text-wrap: wrap;&quot;[39m
          [36m&gt;[39m
            [0m[[0m
            [0m2[0m
            [0m] [0m
            [0mシナプス結合[0m
          [36m&lt;/ink-text&gt;[39m
        [36m&lt;/ink-box&gt;[39m
        [36m&lt;ink-box[39m
          [33mstyle[39m=[32m&quot;flex-wrap: nowrap; flex-direction: row; flex-grow: 0; flex-shrink: 1; margin-right: 2px; overflow-x: visible; overflow-y: visible;&quot;[39m
        [36m&gt;[39m
          [36m&lt;ink-text[39m
            [33mstyle[39m=[32m&quot;flex-grow: 0; flex-shrink: 1; flex-direction: row; text-wrap: wrap;&quot;[39m
          [36m&gt;[39m
            [0m[[0m
            [0m3[0m
            [0m] [0m
            [0mネットワーク診断[0m
          [36m&lt;/ink-text&gt;[39m
        [36m&lt;/ink-box&gt;[39m
        [36m&lt;ink-box[39m
          [33mstyle[39m=[32m&quot;flex-wrap: nowrap; flex-direction: row; flex-grow: 0; flex-shrink: 1; margin-right: 2px; overflow-x: visible; overflow-y: visible;&quot;[39m
        [36m&gt;[39m
          [36m&lt;ink-text[39m
            [33mstyle[39m=[32m&quot;flex-grow: 0; flex-shrink: 1; flex-direction: row; text-wrap: wrap;&quot;[39m
          [36m&gt;[39m
            [0m[[0m
            [0m4[0m
            [0m] [0m
            [0m設定[0m
          [36m&lt;/ink-text&gt;[39m
        [36m&lt;/ink-box&gt;[39m
      [36m&lt;/ink-box&gt;[39m
      [36m&lt;ink-box[39m
        [33mstyle[39m=[32m&quot;flex-wrap: nowrap; flex-direction: row; flex-grow: 1; flex-shrink: 1; overflow: hidden; overflow-x: hidden; overflow-y: hidden;&quot;[39m
      [36m&gt;[39m
        [36m&lt;ink-box[39m
          [33mstyle[39m=[32m&quot;flex-wrap: nowrap; flex-direction: column; flex-grow: 1; flex-shrink: 1; overflow-x: visible; overflow-y: visible;&quot;[39m
        [36m&gt;[39m
          [36m&lt;ink-box[39m
            [33mstyle[39m=[32m&quot;flex-wrap: nowrap; flex-direction: row; flex-grow: 0; flex-shrink: 1; margin-bottom: 1px; overflow-x: visible; overflow-y: visible;&quot;[39m
          [36m&gt;[39m
            [36m&lt;ink-text[39m
              [33mstyle[39m=[32m&quot;flex-grow: 0; flex-shrink: 1; flex-direction: row; text-wrap: wrap;&quot;[39m
            [36m&gt;[39m
              [0m記憶一覧 ([0m
              [0m3[0m
              [0m件)[0m
            [36m&lt;/ink-text&gt;[39m
          [36m&lt;/ink-box&gt;[39m
          [36m&lt;ink-box[39m
            [33mstyle[39m=[32m&quot;flex-wrap: nowrap; flex-direction: column; flex-grow: 0; flex-shrink: 0; width: 48px; overflow-x: visible; overflow-y: visible;&quot;[39m
          [36m&gt;[39m
            [36m&lt;ink-box[39m
              [33mstyle[39m=[32m&quot;flex-wrap: nowrap; flex-direction: row; flex-grow: 0; flex-shrink: 1; overflow-x: visible; overflow-y: visible;&quot;[39m
            [36m&gt;[39m
              [36m&lt;ink-text[39m
                [33mstyle[39m=[32m&quot;flex-grow: 0; flex-shrink: 1; flex-direction: row; text-wrap: wrap;&quot;[39m
              [36m&gt;[39m
                [0m► [0m
              [36m&lt;/ink-text&gt;[39m
              [36m&lt;ink-text[39m
                [33mstyle[39m=[32m&quot;flex-grow: 0; flex-shrink: 1; flex-direction: row; text-wrap: wrap;&quot;[39m
              [36m&gt;[39m
                [0m[[0m
              [36m&lt;/ink-text&gt;[39m
              [36m&lt;ink-text[39m
                [33mstyle[39m=[32m&quot;flex-grow: 0; flex-shrink: 1; flex-direction: row; text-wrap: wrap;&quot;[39m
              [36m&gt;[39m
                [0mmem-001[0m
              [36m&lt;/ink-text&gt;[39m
              [36m&lt;ink-text[39m
                [33mstyle[39m=[32m&quot;flex-grow: 0; flex-shrink: 1; flex-direction: row; text-wrap: wrap;&quot;[39m
              [36m&gt;[39m
                [0m] [0m
              [36m&lt;/ink-text&gt;[39m
              [36m&lt;ink-text[39m
                [33mstyle[39m=[32m&quot;flex-grow: 0; flex-shrink: 1; flex-direction: row; text-wrap: wrap;&quot;[39m
              [36m&gt;[39m
                [0mGPT-5プロンプトガイドの分析結果[0m
              [36m&lt;/ink-text&gt;[39m
            [36m&lt;/ink-box&gt;[39m
            [36m&lt;ink-box[39m
              [33mstyle[39m=[32m&quot;flex-wrap: nowrap; flex-direction: row; flex-grow: 0; flex-shrink: 1; overflow-x: visible; overflow-y: visible;&quot;[39m
            [36m&gt;[39m
              [36m&lt;ink-text[39m
                [33mstyle[39m=[32m&quot;flex-grow: 0; flex-shrink: 1; flex-direction: row; text-wrap: wrap;&quot;[39m
              [36m&gt;[39m
                [0m  [0m
              [36m&lt;/ink-text&gt;[39m
              [36m&lt;ink-text[39m
                [33mstyle[39m=[32m&quot;flex-grow: 0; flex-shrink: 1; flex-direction: row; text-wrap: wrap;&quot;[39m
              [36m&gt;[39m
                [0m[[0m
              [36m&lt;/ink-text&gt;[39m
              [36m&lt;ink-text[39m
                [33mstyle[39m=[32m&quot;flex-grow: 0; flex-shrink: 1; flex-direction: row; text-wrap: wrap;&quot;[39m
              [36m&gt;[39m
                [0mmem-002[0m
              [36m&lt;/ink-text&gt;[39m
              [36m&lt;ink-text[39m
                [33mstyle[39m=[32m&quot;flex-grow: 0; flex-shrink: 1; flex-direction: row; text-wrap: wrap;&quot;[39m
              [36m&gt;[39m
                [0m] [0m
              [36m&lt;/ink-text&gt;[39m
              [36m&lt;ink-text[39m
                [33mstyle[39m=[32m&quot;flex-grow: 0; flex-shrink: 1; flex-direction: row; text-wrap: wrap;&quot;[39m
              [36m&gt;[39m
                [0mシナプス記憶システムのPhase 2実装完了[0m
              [36m&lt;/ink-text&gt;[39m
            [36m&lt;/ink-box&gt;[39m
            [36m&lt;ink-box[39m
              [33mstyle[39m=[32m&quot;flex-wrap: nowrap; flex-direction: row; flex-grow: 0; flex-shrink: 1; overflow-x: visible; overflow-y: visible;&quot;[39m
            [36m&gt;[39m
              [36m&lt;ink-text[39m
                [33mstyle[39m=[32m&quot;flex-grow: 0; flex-shrink: 1; flex-direction: row; text-wrap: wrap;&quot;[39m
              [36m&gt;[39m
                [0m  [0m
              [36m&lt;/ink-text&gt;[39m
              [36m&lt;ink-text[39m
                [33mstyle[39m=[32m&quot;flex-grow: 0; flex-shrink: 1; flex-direction: row; text-wrap: wrap;&quot;[39m
              [36m&gt;[39m
                [0m[[0m
              [36m&lt;/ink-text&gt;[39m
              [36m&lt;ink-text[39m
                [33mstyle[39m=[32m&quot;flex-grow: 0; flex-shrink: 1; flex-direction: row; text-wrap: wrap;&quot;[39m
              [36m&gt;[39m
                [0mmem-003[0m
              [36m&lt;/ink-text&gt;[39m
              [36m&lt;ink-text[39m
                [33mstyle[39m=[32m&quot;flex-grow: 0; flex-shrink: 1; flex-direction: row; text-wrap: wrap;&quot;[39m
              [36m&gt;[39m
                [0m] [0m
              [36m&lt;/ink-text&gt;[39m
              [36m&lt;ink-text[39m
                [33mstyle[39m=[32m&quot;flex-grow: 0; flex-shrink: 1; flex-direction: row; text-wrap: wrap;&quot;[39m
              [36m&gt;[39m
                [0mRESTful API設計とエンドポイント定義[0m
              [36m&lt;/ink-text&gt;[39m
            [36m&lt;/ink-box&gt;[39m
          [36m&lt;/ink-box&gt;[39m
          [36m&lt;ink-box[39m
            [33mstyle[39m=[32m&quot;flex-wrap: nowrap; flex-direction: row; flex-grow: 0; flex-shrink: 1; margin-top: 1px; border-color: rgb(108, 112, 134); padding: 1px; overflow-x: visible; overflow-y: visible;&quot;[39m
          [36m&gt;[39m
            [36m&lt;ink-box[39m
              [33mstyle[39m=[32m&quot;flex-wrap: nowrap; flex-direction: column; flex-grow: 0; flex-shrink: 1; overflow-x: visible; overflow-y: visible;&quot;[39m
            [36m&gt;[39m
              [36m&lt;ink-text[39m
                [33mstyle[39m=[32m&quot;flex-grow: 0; flex-shrink: 1; flex-direction: row; text-wrap: wrap;&quot;[39m
              [36m&gt;[39m
                [0m詳細:[0m
              [36m&lt;/ink-text&gt;[39m
              [36m&lt;ink-text[39m
                [33mstyle[39m=[32m&quot;flex-grow: 0; flex-shrink: 1; flex-direction: row; text-wrap: wrap;&quot;[39m
              [36m&gt;[39m
                [0mID: [0m
                [0mmem-001[0m
              [36m&lt;/ink-text&gt;[39m
              [36m&lt;ink-text[39m
                [33mstyle[39m=[32m&quot;flex-grow: 0; flex-shrink: 1; flex-direction: row; text-wrap: wrap;&quot;[39m
              [36m&gt;[39m
                [0mアクセス数: [0m
                [0m15[0m
              [36m&lt;/ink-text&gt;[39m
              [36m&lt;ink-text[39m
                [33mstyle[39m=[32m&quot;flex-grow: 0; flex-shrink: 1; flex-direction: row; text-wrap: wrap;&quot;[39m
              [36m&gt;[39m
                [0m成功率: [0m
                [0m92.0[0m
                [0m%[0m
              [36m&lt;/ink-text&gt;[39m
              [36m&lt;ink-text[39m
                [33mstyle[39m=[32m&quot;flex-grow: 0; flex-shrink: 1; flex-direction: row; text-wrap: wrap;&quot;[39m
              [36m&gt;[39m
                [0mタグ: [0m
                [0mgpt5, prompting, analysis[0m
              [36m&lt;/ink-text&gt;[39m
            [36m&lt;/ink-box&gt;[39m
          [36m&lt;/ink-box&gt;[39m
        [36m&lt;/ink-box&gt;[39m
      [36m&lt;/ink-box&gt;[39m
      [36m&lt;ink-box[39m
        [33mstyle[39m=[32m&quot;flex-wrap: nowrap; flex-direction: row; flex-grow: 0; flex-shrink: 1; margin-top: 1px; border-color: rgb(108, 112, 134); padding: 1px; overflow-x: visible; overflow-y: visible;&quot;[39m
      [36m&gt;[39m
        [36m&lt;ink-text[39m
          [33mstyle[39m=[32m&quot;flex-grow: 0; flex-shrink: 1; flex-direction: row; text-wrap: wrap;&quot;[39m
        [36m&gt;[39m
          [0mTab: タブ切替 | ↑↓: 記憶選択 | q: 終了[0m
        [36m&lt;/ink-text&gt;[39m
      [36m&lt;/ink-box&gt;[39m
    [36m&lt;/ink-box&gt;[39m
  [36m&lt;/div&gt;[39m
[36m&lt;/body&gt;[39m

Ignored nodes: comments, script, style
[36m&lt;html&gt;[39m
  [36m&lt;head /&gt;[39m
  [36m&lt;body&gt;[39m
    [36m&lt;div&gt;[39m
      [36m&lt;ink-box[39m
        [33mstyle[39m=[32m&quot;flex-wrap: nowrap; flex-direction: column; flex-grow: 0; flex-shrink: 1; width: 52px; height: 20px; padding: 1px; overflow-x: visible; overflow-y: visible;&quot;[39m
      [36m&gt;[39m
        [36m&lt;ink-box[39m
          [33mstyle[39m=[32m&quot;flex-wrap: nowrap; flex-direction: row; flex-grow: 0; flex-shrink: 1; margin-bottom: 1px; overflow-x: visible; overflow-y: visible;&quot;[39m
        [36m&gt;[39m
          [36m&lt;ink-text[39m
            [33mstyle[39m=[32m&quot;flex-grow: 0; flex-shrink: 1; flex-direction: row; text-wrap: wrap;&quot;[39m
          [36m&gt;[39m
            [0mシナプス記憶システム ダッシュボード[0m
          [36m&lt;/ink-text&gt;[39m
        [36m&lt;/ink-box&gt;[39m
        [36m&lt;ink-box[39m
          [33mstyle[39m=[32m&quot;flex-wrap: nowrap; flex-direction: row; flex-grow: 0; flex-shrink: 1; margin-bottom: 1px; overflow-x: visible; overflow-y: visible;&quot;[39m
        [36m&gt;[39m
          [36m&lt;ink-box[39m
            [33mstyle[39m=[32m&quot;flex-wrap: nowrap; flex-direction: row; flex-grow: 0; flex-shrink: 1; margin-right: 2px; overflow-x: visible; overflow-y: visible;&quot;[39m
          [36m&gt;[39m
            [36m&lt;ink-text[39m
              [33mstyle[39m=[32m&quot;flex-grow: 0; flex-shrink: 1; flex-direction: row; text-wrap: wrap;&quot;[39m
            [36m&gt;[39m
              [0m[[0m
              [0m1[0m
              [0m] [0m
              [0m記憶一覧[0m
            [36m&lt;/ink-text&gt;[39m
          [36m&lt;/ink-box&gt;[39m
          [36m&lt;ink-box[39m
            [33mstyle[39m=[32m&quot;flex-wrap: nowrap; flex-direction: row; flex-grow: 0; flex-shrink: 1; margin-right: 2px; overflow-x: visible; overflow-y: visible;&quot;[39m
          [36m&gt;[39m
            [36m&lt;ink-text[39m
              [33mstyle[39m=[32m&quot;flex-grow: 0; flex-shrink: 1; flex-direction: row; text-wrap: wrap;&quot;[39m
            [36m&gt;[39m
              [0m[[0m
              [0m2[0m
              [0m] [0m
              [0mシナプス結合[0m
            [36m&lt;/ink-text&gt;[39m
          [36m&lt;/ink-box&gt;[39m
          [36m&lt;ink-box[39m
            [33mstyle[39m=[32m&quot;flex-wrap: nowrap; flex-direction: row; flex-grow: 0; flex-shrink: 1; margin-right: 2px; overflow-x: visible; overflow-y: visible;&quot;[39m
          [36m&gt;[39m
            [36m&lt;ink-text[39m
              [33mstyle[39m=[32m&quot;flex-grow: 0; flex-shrink: 1; flex-direction: row; text-wrap: wrap;&quot;[39m
            [36m&gt;[39m
              [0m[[0m
              [0m3[0m
              [0m] [0m
              [0mネットワーク診断[0m
            [36m&lt;/ink-text&gt;[39m
          [36m&lt;/ink-box&gt;[39m
          [36m&lt;ink-box[39m
            [33mstyle[39m=[32m&quot;flex-wrap: nowrap; flex-direction: row; flex-grow: 0; flex-shrink: 1; margin-right: 2px; overflow-x: visible; overflow-y: visible;&quot;[39m
          [36m&gt;[39m
            [36m&lt;ink-text[39m
              [33mstyle[39m=[32m&quot;flex-grow: 0; flex-shrink: 1; flex-direction: row; text-wrap: wrap;&quot;[39m
            [36m&gt;[39m
              [0m[[0m
              [0m4[0m
              [0m] [0m
              [0m設定[0m
            [36m&lt;/ink-text&gt;[39m
          [36m&lt;/ink-box&gt;[39m
        [36m&lt;/ink-box&gt;[39m
        [36m&lt;ink-box[39m
          [33mstyle[39m=[32m&quot;flex-wrap: nowrap; flex-direction: row; flex-grow: 1; flex-shrink: 1; overflow: hidden; overflow-x: hidden; overflow-y: hidden;&quot;[39m
        [36m&gt;[39m
          [36m&lt;ink-box[39m
            [33mstyle[39m=[32m&quot;flex-wrap: nowrap; flex-direction: column; flex-grow: 1; flex-shrink: 1; overflow-x: visible; overflow-y: visible;&quot;[39m
          [36m&gt;[39m
            [36m&lt;ink-box[39m
              [33mstyle[39m=[32m&quot;flex-wrap: nowrap; flex-direction: row; flex-grow: 0; flex-shrink: 1; margin-bottom: 1px; overflow-x: visible; overflow-y: visible;&quot;[39m
            [36m&gt;[39m
              [36m&lt;ink-text[39m
                [33mstyle[39m=[32m&quot;flex-grow: 0; flex-shrink: 1; flex-direction: row; text-wrap: wrap;&quot;[39m
              [36m&gt;[39m
                [0m記憶一覧 ([0m
                [0m3[0m
                [0m件)[0m
              [36m&lt;/ink-text&gt;[39m
            [36m&lt;/ink-box&gt;[39m
            [36m&lt;ink-box[39m
              [33mstyle[39m=[32m&quot;flex-wrap: nowrap; flex-direction: column; flex-grow: 0; flex-shrink: 0; width: 48px; overflow-x: visible; overflow-y: visible;&quot;[39m
            [36m&gt;[39m
              [36m&lt;ink-box[39m
                [33mstyle[39m=[32m&quot;flex-wrap: nowrap; flex-direction: row; flex-grow: 0; flex-shrink: 1; overflow-x: visible; overflow-y: visible;&quot;[39m
              [36m&gt;[39m
                [36m&lt;ink-text[39m
                  [33mstyle[39m=[32m&quot;flex-grow: 0; flex-shrink: 1; flex-direction: row; text-wrap: wrap;&quot;[39m
                [36m&gt;[39m
                  [0m► [0m
                [36m&lt;/ink-text&gt;[39m
                [36m&lt;ink-text[39m
                  [33mstyle[39m=[32m&quot;flex-grow: 0; flex-shrink: 1; flex-direction: row; text-wrap: wrap;&quot;[39m
                [36m&gt;[39m
                  [0m[[0m
                [36m&lt;/ink-text&gt;[39m
                [36m&lt;ink-text[39m
                  [33mstyle[39m=[32m&quot;flex-grow: 0; flex-shrink: 1; flex-direction: row; text-wrap: wrap;&quot;[39m
                [36m&gt;[39m
                  [0mmem-001[0m
                [36m&lt;/ink-text&gt;[39m
                [36m&lt;ink-text[39m
                  [33mstyle[39m=[32m&quot;flex-grow: 0; flex-shrink: 1; flex-direction: row; text-wrap: wrap;&quot;[39m
                [36m&gt;[39m
                  [0m] [0m
                [36m&lt;/ink-text&gt;[39m
                [36m&lt;ink-text[39m
                  [33mstyle[39m=[32m&quot;flex-grow: 0; flex-shrink: 1; flex-direction: row; text-wrap: wrap;&quot;[39m
                [36m&gt;[39m
                  [0mGPT-5プロンプトガイドの分析結果[0m
                [36m&lt;/ink-text&gt;[39m
              [36m&lt;/ink-box&gt;[39m
              [36m&lt;ink-box[39m
                [33mstyle[39m=[32m&quot;flex-wrap: nowrap; flex-direction: row; flex-grow: 0; flex-shrink: 1; overflow-x: visible; overflow-y: visible;&quot;[39m
              [36m&gt;[39m
                [36m&lt;ink-text[39m
                  [33mstyle[39m=[32m&quot;flex-grow: 0; flex-shrink: 1; flex-direction: row; text-wrap: wrap;&quot;[39m
                [36m&gt;[39m
                  [0m  [0m
                [36m&lt;/ink-text&gt;[39m
                [36m&lt;ink-text[39m
                  [33mstyle[39m=[32m&quot;flex-grow: 0; flex-shrink: 1; flex-direction: row; text-wrap: wrap;&quot;[39m
                [36m&gt;[39m
                  [0m[[0m
                [36m&lt;/ink-text&gt;[39m
                [36m&lt;ink-text[39m
                  [33mstyle[39m=[32m&quot;flex-grow: 0; flex-shrink: 1; flex-direction: row; text-wrap: wrap;&quot;[39m
                [36m&gt;[39m
                  [0mmem-002[0m
                [36m&lt;/ink-text&gt;[39m
                [36m&lt;ink-text[39m
                  [33mstyle[39m=[32m&quot;flex-grow: 0; flex-shrink: 1; flex-direction: row; text-wrap: wrap;&quot;[39m
                [36m&gt;[39m
                  [0m] [0m
                [36m&lt;/ink-text&gt;[39m
                [36m&lt;ink-text[39m
                  [33mstyle[39m=[32m&quot;flex-grow: 0; flex-shrink: 1; flex-direction: row; text-wrap: wrap;&quot;[39m
                [36m&gt;[39m
                  [0mシナプス記憶システムのPhase 2実装完了[0m
                [36m&lt;/ink-text&gt;[39m
              [36m&lt;/ink-box&gt;[39m
              [36m&lt;ink-box[39m
                [33mstyle[39m=[32m&quot;flex-wrap: nowrap; flex-direction: row; flex-grow: 0; flex-shrink: 1; overflow-x: visible; overflow-y: visible;&quot;[39m
              [36m&gt;[39m
                [36m&lt;ink-text[39m
                  [33mstyle[39m=[32m&quot;flex-grow: 0; flex-shrink: 1; flex-direction: row; text-wrap: wrap;&quot;[39m
                [36m&gt;[39m
                  [0m  [0m
                [36m&lt;/ink-text&gt;[39m
                [36m&lt;ink-text[39m
                  [33mstyle[39m=[32m&quot;flex-grow: 0; flex-shrink: 1; flex-direction: row; text-wrap: wrap;&quot;[39m
                [36m&gt;[39m
                  [0m[[0m
                [36m&lt;/ink-text&gt;[39m
                [36m&lt;ink-text[39m
                  [33mstyle[39m=[32m&quot;flex-grow: 0; flex-shrink: 1; flex-direction: row; text-wrap: wrap;&quot;[39m
                [36m&gt;[39m
                  [0mmem-003[0m
                [36m&lt;/ink-text&gt;[39m
                [36m&lt;ink-text[39m
                  [33mstyle[39m=[32m&quot;flex-grow: 0; flex-shrink: 1; flex-direction: row; text-wrap: wrap;&quot;[39m
                [36m&gt;[39m
                  [0m] [0m
                [36m&lt;/ink-text&gt;[39m
                [36m&lt;ink-text[39m
                  [33mstyle[39m=[32m&quot;flex-grow: 0; flex-shrink: 1; flex-direction: row; text-wrap: wrap;&quot;[39m
                [36m&gt;[39m
                  [0mRESTful API設計とエンドポイント定義[0m
                [36m&lt;/ink-text&gt;[39m
              [36m&lt;/ink-box&gt;[39m
            [36m&lt;/ink-box&gt;[39m
            [36m&lt;ink-box[39m
              [33mstyle[39m=[32m&quot;flex-wrap: nowrap; flex-direction: row; flex-grow: 0; flex-shrink: 1; margin-top: 1px; border-color: rgb(108, 112, 134); padding: 1px; overflow-x: visible; overflow-y: visible;&quot;[39m
            [36m&gt;[39m
              [36m&lt;ink-box[39m
                [33mstyle[39m=[32m&quot;flex-wrap: nowrap; flex-direction: column; flex-grow: 0; flex-shrink: 1; overflow-x: visible; overflow-y: visible;&quot;[39m
              [36m&gt;[39m
                [36m&lt;ink-text[39m
                  [33mstyle[39m=[32m&quot;flex-grow: 0; flex-shrink: 1; flex-direction: row; text-wrap: wrap;&quot;[39m
                [36m&gt;[39m
                  [0m詳細:[0m
                [36m&lt;/ink-text&gt;[39m
                [36m&lt;ink-text[39m
                  [33mstyle[39m=[32m&quot;flex-grow: 0; flex-shrink: 1; flex-direction: row; text-wrap: wrap;&quot;[39m
                [36m&gt;[39m
                  [0mID: [0m
                  [0mmem-001[0m
                [36m&lt;/ink-text&gt;[39m
                [36m&lt;ink-text[39m
                  [33mstyle[39m=[32m&quot;flex-grow: 0; flex-shrink: 1; flex-direction: row; text-wrap: wrap;&quot;[39m
                [36m&gt;[39m
                  [0mアクセス数: [0m
                  [0m15[0m
                [36m&lt;/ink-text&gt;[39m
                [36m&lt;ink-text[39m
                  [33mstyle[39m=[32m&quot;flex-grow: 0; flex-shrink: 1; flex-direction: row; text-wrap: wrap;&quot;[39m
                [36m&gt;[39m
                  [0m成功率: [0m
                  [0m92.0[0m
                  [0m%[0m
                [36m&lt;/ink-text&gt;[39m
                [36m&lt;ink-text[39m
                  [33mstyle[39m=[32m&quot;flex-grow: 0; flex-shrink: 1; flex-direction: row; text-wrap: wrap;&quot;[39m
                [36m&gt;[39m
                  [0mタグ: [0m
                  [0mgpt5, prompting, analysis[0m
                [36m&lt;/ink-text&gt;[39m
              [36m&lt;/ink-box&gt;[39m
            [36m&lt;/ink-box&gt;[39m
          [36m&lt;/ink-box&gt;[39m
        [36m&lt;/ink-box&gt;[39m
        [36m&lt;ink-box[39m
          [33mstyle[39m=[32m&quot;flex-wrap: nowrap; flex-direction: row; flex-grow: 0; flex-shrink: 1; margin-top: 1px; border-color: rgb(108, 112, 134); padding: 1px; overflow-x: visible; overflow-y: visible;&quot;[39m
        [36m&gt;[39m
          [36m&lt;ink-text[39m
            [33mstyle[39m=[32m&quot;flex-grow: 0; flex-shrink: 1; flex-direction: row; text-wrap: wrap;&quot;[39m
          [36m&gt;[39m
            [0mTab: タブ切替 | ↑↓: 記憶選択 | q: 終了[0m
          [36m&lt;/ink-text&gt;[39m
        [36m&lt;/ink-box&gt;[39m
      [36m&lt;/ink-box&gt;[39m
    [36m&lt;/div&gt;[39m
  [36m&lt;/body&gt;[39m
[36m&lt;/html&gt;[39m" type="TestingLibraryElementError">
TestingLibraryElementError: Unable to find an element with the text: Loading.... This could be because the text is broken up by multiple elements. In this case, you can provide a function for your text matcher to make your matcher more flexible.

Ignored nodes: comments, script, style
&lt;body&gt;
  &lt;div&gt;
    &lt;ink-box
      style=&quot;flex-wrap: nowrap; flex-direction: column; flex-grow: 0; flex-shrink: 1; width: 52px; height: 20px; padding: 1px; overflow-x: visible; overflow-y: visible;&quot;
    &gt;
      &lt;ink-box
        style=&quot;flex-wrap: nowrap; flex-direction: row; flex-grow: 0; flex-shrink: 1; margin-bottom: 1px; overflow-x: visible; overflow-y: visible;&quot;
      &gt;
        &lt;ink-text
          style=&quot;flex-grow: 0; flex-shrink: 1; flex-direction: row; text-wrap: wrap;&quot;
        &gt;
          シナプス記憶システム ダッシュボード
        &lt;/ink-text&gt;
      &lt;/ink-box&gt;
      &lt;ink-box
        style=&quot;flex-wrap: nowrap; flex-direction: row; flex-grow: 0; flex-shrink: 1; margin-bottom: 1px; overflow-x: visible; overflow-y: visible;&quot;
      &gt;
        &lt;ink-box
          style=&quot;flex-wrap: nowrap; flex-direction: row; flex-grow: 0; flex-shrink: 1; margin-right: 2px; overflow-x: visible; overflow-y: visible;&quot;
        &gt;
          &lt;ink-text
            style=&quot;flex-grow: 0; flex-shrink: 1; flex-direction: row; text-wrap: wrap;&quot;
          &gt;
            [
            1
            ] 
            記憶一覧
          &lt;/ink-text&gt;
        &lt;/ink-box&gt;
        &lt;ink-box
          style=&quot;flex-wrap: nowrap; flex-direction: row; flex-grow: 0; flex-shrink: 1; margin-right: 2px; overflow-x: visible; overflow-y: visible;&quot;
        &gt;
          &lt;ink-text
            style=&quot;flex-grow: 0; flex-shrink: 1; flex-direction: row; text-wrap: wrap;&quot;
          &gt;
            [
            2
            ] 
            シナプス結合
          &lt;/ink-text&gt;
        &lt;/ink-box&gt;
        &lt;ink-box
          style=&quot;flex-wrap: nowrap; flex-direction: row; flex-grow: 0; flex-shrink: 1; margin-right: 2px; overflow-x: visible; overflow-y: visible;&quot;
        &gt;
          &lt;ink-text
            style=&quot;flex-grow: 0; flex-shrink: 1; flex-direction: row; text-wrap: wrap;&quot;
          &gt;
            [
            3
            ] 
            ネットワーク診断
          &lt;/ink-text&gt;
        &lt;/ink-box&gt;
        &lt;ink-box
          style=&quot;flex-wrap: nowrap; flex-direction: row; flex-grow: 0; flex-shrink: 1; margin-right: 2px; overflow-x: visible; overflow-y: visible;&quot;
        &gt;
          &lt;ink-text
            style=&quot;flex-grow: 0; flex-shrink: 1; flex-direction: row; text-wrap: wrap;&quot;
          &gt;
            [
            4
            ] 
            設定
          &lt;/ink-text&gt;
        &lt;/ink-box&gt;
      &lt;/ink-box&gt;
      &lt;ink-box
        style=&quot;flex-wrap: nowrap; flex-direction: row; flex-grow: 1; flex-shrink: 1; overflow: hidden; overflow-x: hidden; overflow-y: hidden;&quot;
      &gt;
        &lt;ink-box
          style=&quot;flex-wrap: nowrap; flex-direction: column; flex-grow: 1; flex-shrink: 1; overflow-x: visible; overflow-y: visible;&quot;
        &gt;
          &lt;ink-box
            style=&quot;flex-wrap: nowrap; flex-direction: row; flex-grow: 0; flex-shrink: 1; margin-bottom: 1px; overflow-x: visible; overflow-y: visible;&quot;
          &gt;
            &lt;ink-text
              style=&quot;flex-grow: 0; flex-shrink: 1; flex-direction: row; text-wrap: wrap;&quot;
            &gt;
              記憶一覧 (
              3
              件)
            &lt;/ink-text&gt;
          &lt;/ink-box&gt;
          &lt;ink-box
            style=&quot;flex-wrap: nowrap; flex-direction: column; flex-grow: 0; flex-shrink: 0; width: 48px; overflow-x: visible; overflow-y: visible;&quot;
          &gt;
            &lt;ink-box
              style=&quot;flex-wrap: nowrap; flex-direction: row; flex-grow: 0; flex-shrink: 1; overflow-x: visible; overflow-y: visible;&quot;
            &gt;
              &lt;ink-text
                style=&quot;flex-grow: 0; flex-shrink: 1; flex-direction: row; text-wrap: wrap;&quot;
              &gt;
                ► 
              &lt;/ink-text&gt;
              &lt;ink-text
                style=&quot;flex-grow: 0; flex-shrink: 1; flex-direction: row; text-wrap: wrap;&quot;
              &gt;
                [
              &lt;/ink-text&gt;
              &lt;ink-text
                style=&quot;flex-grow: 0; flex-shrink: 1; flex-direction: row; text-wrap: wrap;&quot;
              &gt;
                mem-001
              &lt;/ink-text&gt;
              &lt;ink-text
                style=&quot;flex-grow: 0; flex-shrink: 1; flex-direction: row; text-wrap: wrap;&quot;
              &gt;
                ] 
              &lt;/ink-text&gt;
              &lt;ink-text
                style=&quot;flex-grow: 0; flex-shrink: 1; flex-direction: row; text-wrap: wrap;&quot;
              &gt;
                GPT-5プロンプトガイドの分析結果
              &lt;/ink-text&gt;
            &lt;/ink-box&gt;
            &lt;ink-box
              style=&quot;flex-wrap: nowrap; flex-direction: row; flex-grow: 0; flex-shrink: 1; overflow-x: visible; overflow-y: visible;&quot;
            &gt;
              &lt;ink-text
                style=&quot;flex-grow: 0; flex-shrink: 1; flex-direction: row; text-wrap: wrap;&quot;
              &gt;
                  
              &lt;/ink-text&gt;
              &lt;ink-text
                style=&quot;flex-grow: 0; flex-shrink: 1; flex-direction: row; text-wrap: wrap;&quot;
              &gt;
                [
              &lt;/ink-text&gt;
              &lt;ink-text
                style=&quot;flex-grow: 0; flex-shrink: 1; flex-direction: row; text-wrap: wrap;&quot;
              &gt;
                mem-002
              &lt;/ink-text&gt;
              &lt;ink-text
                style=&quot;flex-grow: 0; flex-shrink: 1; flex-direction: row; text-wrap: wrap;&quot;
              &gt;
                ] 
              &lt;/ink-text&gt;
              &lt;ink-text
                style=&quot;flex-grow: 0; flex-shrink: 1; flex-direction: row; text-wrap: wrap;&quot;
              &gt;
                シナプス記憶システムのPhase 2実装完了
              &lt;/ink-text&gt;
            &lt;/ink-box&gt;
            &lt;ink-box
              style=&quot;flex-wrap: nowrap; flex-direction: row; flex-grow: 0; flex-shrink: 1; overflow-x: visible; overflow-y: visible;&quot;
            &gt;
              &lt;ink-text
                style=&quot;flex-grow: 0; flex-shrink: 1; flex-direction: row; text-wrap: wrap;&quot;
              &gt;
                  
              &lt;/ink-text&gt;
              &lt;ink-text
                style=&quot;flex-grow: 0; flex-shrink: 1; flex-direction: row; text-wrap: wrap;&quot;
              &gt;
                [
              &lt;/ink-text&gt;
              &lt;ink-text
                style=&quot;flex-grow: 0; flex-shrink: 1; flex-direction: row; text-wrap: wrap;&quot;
              &gt;
                mem-003
              &lt;/ink-text&gt;
              &lt;ink-text
                style=&quot;flex-grow: 0; flex-shrink: 1; flex-direction: row; text-wrap: wrap;&quot;
              &gt;
                ] 
              &lt;/ink-text&gt;
              &lt;ink-text
                style=&quot;flex-grow: 0; flex-shrink: 1; flex-direction: row; text-wrap: wrap;&quot;
              &gt;
                RESTful API設計とエンドポイント定義
              &lt;/ink-text&gt;
            &lt;/ink-box&gt;
          &lt;/ink-box&gt;
          &lt;ink-box
            style=&quot;flex-wrap: nowrap; flex-direction: row; flex-grow: 0; flex-shrink: 1; margin-top: 1px; border-color: rgb(108, 112, 134); padding: 1px; overflow-x: visible; overflow-y: visible;&quot;
          &gt;
            &lt;ink-box
              style=&quot;flex-wrap: nowrap; flex-direction: column; flex-grow: 0; flex-shrink: 1; overflow-x: visible; overflow-y: visible;&quot;
            &gt;
              &lt;ink-text
                style=&quot;flex-grow: 0; flex-shrink: 1; flex-direction: row; text-wrap: wrap;&quot;
              &gt;
                詳細:
              &lt;/ink-text&gt;
              &lt;ink-text
                style=&quot;flex-grow: 0; flex-shrink: 1; flex-direction: row; text-wrap: wrap;&quot;
              &gt;
                ID: 
                mem-001
              &lt;/ink-text&gt;
              &lt;ink-text
                style=&quot;flex-grow: 0; flex-shrink: 1; flex-direction: row; text-wrap: wrap;&quot;
              &gt;
                アクセス数: 
                15
              &lt;/ink-text&gt;
              &lt;ink-text
                style=&quot;flex-grow: 0; flex-shrink: 1; flex-direction: row; text-wrap: wrap;&quot;
              &gt;
                成功率: 
                92.0
                %
              &lt;/ink-text&gt;
              &lt;ink-text
                style=&quot;flex-grow: 0; flex-shrink: 1; flex-direction: row; text-wrap: wrap;&quot;
              &gt;
                タグ: 
                gpt5, prompting, analysis
              &lt;/ink-text&gt;
            &lt;/ink-box&gt;
          &lt;/ink-box&gt;
        &lt;/ink-box&gt;
      &lt;/ink-box&gt;
      &lt;ink-box
        style=&quot;flex-wrap: nowrap; flex-direction: row; flex-grow: 0; flex-shrink: 1; margin-top: 1px; border-color: rgb(108, 112, 134); padding: 1px; overflow-x: visible; overflow-y: visible;&quot;
      &gt;
        &lt;ink-text
          style=&quot;flex-grow: 0; flex-shrink: 1; flex-direction: row; text-wrap: wrap;&quot;
        &gt;
          Tab: タブ切替 | ↑↓: 記憶選択 | q: 終了
        &lt;/ink-text&gt;
      &lt;/ink-box&gt;
    &lt;/ink-box&gt;
  &lt;/div&gt;
&lt;/body&gt;

Ignored nodes: comments, script, style
&lt;html&gt;
  &lt;head /&gt;
  &lt;body&gt;
    &lt;div&gt;
      &lt;ink-box
        style=&quot;flex-wrap: nowrap; flex-direction: column; flex-grow: 0; flex-shrink: 1; width: 52px; height: 20px; padding: 1px; overflow-x: visible; overflow-y: visible;&quot;
      &gt;
        &lt;ink-box
          style=&quot;flex-wrap: nowrap; flex-direction: row; flex-grow: 0; flex-shrink: 1; margin-bottom: 1px; overflow-x: visible; overflow-y: visible;&quot;
        &gt;
          &lt;ink-text
            style=&quot;flex-grow: 0; flex-shrink: 1; flex-direction: row; text-wrap: wrap;&quot;
          &gt;
            シナプス記憶システム ダッシュボード
          &lt;/ink-text&gt;
        &lt;/ink-box&gt;
        &lt;ink-box
          style=&quot;flex-wrap: nowrap; flex-direction: row; flex-grow: 0; flex-shrink: 1; margin-bottom: 1px; overflow-x: visible; overflow-y: visible;&quot;
        &gt;
          &lt;ink-box
            style=&quot;flex-wrap: nowrap; flex-direction: row; flex-grow: 0; flex-shrink: 1; margin-right: 2px; overflow-x: visible; overflow-y: visible;&quot;
          &gt;
            &lt;ink-text
              style=&quot;flex-grow: 0; flex-shrink: 1; flex-direction: row; text-wrap: wrap;&quot;
            &gt;
              [
              1
              ] 
              記憶一覧
            &lt;/ink-text&gt;
          &lt;/ink-box&gt;
          &lt;ink-box
            style=&quot;flex-wrap: nowrap; flex-direction: row; flex-grow: 0; flex-shrink: 1; margin-right: 2px; overflow-x: visible; overflow-y: visible;&quot;
          &gt;
            &lt;ink-text
              style=&quot;flex-grow: 0; flex-shrink: 1; flex-direction: row; text-wrap: wrap;&quot;
            &gt;
              [
              2
              ] 
              シナプス結合
            &lt;/ink-text&gt;
          &lt;/ink-box&gt;
          &lt;ink-box
            style=&quot;flex-wrap: nowrap; flex-direction: row; flex-grow: 0; flex-shrink: 1; margin-right: 2px; overflow-x: visible; overflow-y: visible;&quot;
          &gt;
            &lt;ink-text
              style=&quot;flex-grow: 0; flex-shrink: 1; flex-direction: row; text-wrap: wrap;&quot;
            &gt;
              [
              3
              ] 
              ネットワーク診断
            &lt;/ink-text&gt;
          &lt;/ink-box&gt;
          &lt;ink-box
            style=&quot;flex-wrap: nowrap; flex-direction: row; flex-grow: 0; flex-shrink: 1; margin-right: 2px; overflow-x: visible; overflow-y: visible;&quot;
          &gt;
            &lt;ink-text
              style=&quot;flex-grow: 0; flex-shrink: 1; flex-direction: row; text-wrap: wrap;&quot;
            &gt;
              [
              4
              ] 
              設定
            &lt;/ink-text&gt;
          &lt;/ink-box&gt;
        &lt;/ink-box&gt;
        &lt;ink-box
          style=&quot;flex-wrap: nowrap; flex-direction: row; flex-grow: 1; flex-shrink: 1; overflow: hidden; overflow-x: hidden; overflow-y: hidden;&quot;
        &gt;
          &lt;ink-box
            style=&quot;flex-wrap: nowrap; flex-direction: column; flex-grow: 1; flex-shrink: 1; overflow-x: visible; overflow-y: visible;&quot;
          &gt;
            &lt;ink-box
              style=&quot;flex-wrap: nowrap; flex-direction: row; flex-grow: 0; flex-shrink: 1; margin-bottom: 1px; overflow-x: visible; overflow-y: visible;&quot;
            &gt;
              &lt;ink-text
                style=&quot;flex-grow: 0; flex-shrink: 1; flex-direction: row; text-wrap: wrap;&quot;
              &gt;
                記憶一覧 (
                3
                件)
              &lt;/ink-text&gt;
            &lt;/ink-box&gt;
            &lt;ink-box
              style=&quot;flex-wrap: nowrap; flex-direction: column; flex-grow: 0; flex-shrink: 0; width: 48px; overflow-x: visible; overflow-y: visible;&quot;
            &gt;
              &lt;ink-box
                style=&quot;flex-wrap: nowrap; flex-direction: row; flex-grow: 0; flex-shrink: 1; overflow-x: visible; overflow-y: visible;&quot;
              &gt;
                &lt;ink-text
                  style=&quot;flex-grow: 0; flex-shrink: 1; flex-direction: row; text-wrap: wrap;&quot;
                &gt;
                  ► 
                &lt;/ink-text&gt;
                &lt;ink-text
                  style=&quot;flex-grow: 0; flex-shrink: 1; flex-direction: row; text-wrap: wrap;&quot;
                &gt;
                  [
                &lt;/ink-text&gt;
                &lt;ink-text
                  style=&quot;flex-grow: 0; flex-shrink: 1; flex-direction: row; text-wrap: wrap;&quot;
                &gt;
                  mem-001
                &lt;/ink-text&gt;
                &lt;ink-text
                  style=&quot;flex-grow: 0; flex-shrink: 1; flex-direction: row; text-wrap: wrap;&quot;
                &gt;
                  ] 
                &lt;/ink-text&gt;
                &lt;ink-text
                  style=&quot;flex-grow: 0; flex-shrink: 1; flex-direction: row; text-wrap: wrap;&quot;
                &gt;
                  GPT-5プロンプトガイドの分析結果
                &lt;/ink-text&gt;
              &lt;/ink-box&gt;
              &lt;ink-box
                style=&quot;flex-wrap: nowrap; flex-direction: row; flex-grow: 0; flex-shrink: 1; overflow-x: visible; overflow-y: visible;&quot;
              &gt;
                &lt;ink-text
                  style=&quot;flex-grow: 0; flex-shrink: 1; flex-direction: row; text-wrap: wrap;&quot;
                &gt;
                    
                &lt;/ink-text&gt;
                &lt;ink-text
                  style=&quot;flex-grow: 0; flex-shrink: 1; flex-direction: row; text-wrap: wrap;&quot;
                &gt;
                  [
                &lt;/ink-text&gt;
                &lt;ink-text
                  style=&quot;flex-grow: 0; flex-shrink: 1; flex-direction: row; text-wrap: wrap;&quot;
                &gt;
                  mem-002
                &lt;/ink-text&gt;
                &lt;ink-text
                  style=&quot;flex-grow: 0; flex-shrink: 1; flex-direction: row; text-wrap: wrap;&quot;
                &gt;
                  ] 
                &lt;/ink-text&gt;
                &lt;ink-text
                  style=&quot;flex-grow: 0; flex-shrink: 1; flex-direction: row; text-wrap: wrap;&quot;
                &gt;
                  シナプス記憶システムのPhase 2実装完了
                &lt;/ink-text&gt;
              &lt;/ink-box&gt;
              &lt;ink-box
                style=&quot;flex-wrap: nowrap; flex-direction: row; flex-grow: 0; flex-shrink: 1; overflow-x: visible; overflow-y: visible;&quot;
              &gt;
                &lt;ink-text
                  style=&quot;flex-grow: 0; flex-shrink: 1; flex-direction: row; text-wrap: wrap;&quot;
                &gt;
                    
                &lt;/ink-text&gt;
                &lt;ink-text
                  style=&quot;flex-grow: 0; flex-shrink: 1; flex-direction: row; text-wrap: wrap;&quot;
                &gt;
                  [
                &lt;/ink-text&gt;
                &lt;ink-text
                  style=&quot;flex-grow: 0; flex-shrink: 1; flex-direction: row; text-wrap: wrap;&quot;
                &gt;
                  mem-003
                &lt;/ink-text&gt;
                &lt;ink-text
                  style=&quot;flex-grow: 0; flex-shrink: 1; flex-direction: row; text-wrap: wrap;&quot;
                &gt;
                  ] 
                &lt;/ink-text&gt;
                &lt;ink-text
                  style=&quot;flex-grow: 0; flex-shrink: 1; flex-direction: row; text-wrap: wrap;&quot;
                &gt;
                  RESTful API設計とエンドポイント定義
                &lt;/ink-text&gt;
              &lt;/ink-box&gt;
            &lt;/ink-box&gt;
            &lt;ink-box
              style=&quot;flex-wrap: nowrap; flex-direction: row; flex-grow: 0; flex-shrink: 1; margin-top: 1px; border-color: rgb(108, 112, 134); padding: 1px; overflow-x: visible; overflow-y: visible;&quot;
            &gt;
              &lt;ink-box
                style=&quot;flex-wrap: nowrap; flex-direction: column; flex-grow: 0; flex-shrink: 1; overflow-x: visible; overflow-y: visible;&quot;
              &gt;
                &lt;ink-text
                  style=&quot;flex-grow: 0; flex-shrink: 1; flex-direction: row; text-wrap: wrap;&quot;
                &gt;
                  詳細:
                &lt;/ink-text&gt;
                &lt;ink-text
                  style=&quot;flex-grow: 0; flex-shrink: 1; flex-direction: row; text-wrap: wrap;&quot;
                &gt;
                  ID: 
                  mem-001
                &lt;/ink-text&gt;
                &lt;ink-text
                  style=&quot;flex-grow: 0; flex-shrink: 1; flex-direction: row; text-wrap: wrap;&quot;
                &gt;
                  アクセス数: 
                  15
                &lt;/ink-text&gt;
                &lt;ink-text
                  style=&quot;flex-grow: 0; flex-shrink: 1; flex-direction: row; text-wrap: wrap;&quot;
                &gt;
                  成功率: 
                  92.0
                  %
                &lt;/ink-text&gt;
                &lt;ink-text
                  style=&quot;flex-grow: 0; flex-shrink: 1; flex-direction: row; text-wrap: wrap;&quot;
                &gt;
                  タグ: 
                  gpt5, prompting, analysis
                &lt;/ink-text&gt;
              &lt;/ink-box&gt;
            &lt;/ink-box&gt;
          &lt;/ink-box&gt;
        &lt;/ink-box&gt;
        &lt;ink-box
          style=&quot;flex-wrap: nowrap; flex-direction: row; flex-grow: 0; flex-shrink: 1; margin-top: 1px; border-color: rgb(108, 112, 134); padding: 1px; overflow-x: visible; overflow-y: visible;&quot;
        &gt;
          &lt;ink-text
            style=&quot;flex-grow: 0; flex-shrink: 1; flex-direction: row; text-wrap: wrap;&quot;
          &gt;
            Tab: タブ切替 | ↑↓: 記憶選択 | q: 終了
          &lt;/ink-text&gt;
        &lt;/ink-box&gt;
      &lt;/ink-box&gt;
    &lt;/div&gt;
  &lt;/body&gt;
&lt;/html&gt;
 ❯ Proxy.waitForWrapper node_modules/@testing-library/dom/dist/wait-for.js:163:27
 ❯ src/ui/components/SynapticMemoryDashboard.test.tsx:243:11
            </failure>
        </testcase>
        <testcase classname="src/ui/components/SynapticMemoryDashboard.test.tsx" name="SynapticMemoryDashboard &gt; タブ間の切り替えが正しく動作すること" time="0.009202">
            <failure message="Unable to find an element with the text: テストメモリ1. This could be because the text is broken up by multiple elements. In this case, you can provide a function for your text matcher to make your matcher more flexible.

Ignored nodes: comments, script, style
[36m&lt;body&gt;[39m
  [36m&lt;div&gt;[39m
    [36m&lt;ink-box[39m
      [33mstyle[39m=[32m&quot;flex-wrap: nowrap; flex-direction: column; flex-grow: 0; flex-shrink: 1; width: 52px; height: 20px; padding: 1px; overflow-x: visible; overflow-y: visible;&quot;[39m
    [36m&gt;[39m
      [36m&lt;ink-box[39m
        [33mstyle[39m=[32m&quot;flex-wrap: nowrap; flex-direction: row; flex-grow: 0; flex-shrink: 1; margin-bottom: 1px; overflow-x: visible; overflow-y: visible;&quot;[39m
      [36m&gt;[39m
        [36m&lt;ink-text[39m
          [33mstyle[39m=[32m&quot;flex-grow: 0; flex-shrink: 1; flex-direction: row; text-wrap: wrap;&quot;[39m
        [36m&gt;[39m
          [0mシナプス記憶システム ダッシュボード[0m
        [36m&lt;/ink-text&gt;[39m
      [36m&lt;/ink-box&gt;[39m
      [36m&lt;ink-box[39m
        [33mstyle[39m=[32m&quot;flex-wrap: nowrap; flex-direction: row; flex-grow: 0; flex-shrink: 1; margin-bottom: 1px; overflow-x: visible; overflow-y: visible;&quot;[39m
      [36m&gt;[39m
        [36m&lt;ink-box[39m
          [33mstyle[39m=[32m&quot;flex-wrap: nowrap; flex-direction: row; flex-grow: 0; flex-shrink: 1; margin-right: 2px; overflow-x: visible; overflow-y: visible;&quot;[39m
        [36m&gt;[39m
          [36m&lt;ink-text[39m
            [33mstyle[39m=[32m&quot;flex-grow: 0; flex-shrink: 1; flex-direction: row; text-wrap: wrap;&quot;[39m
          [36m&gt;[39m
            [0m[[0m
            [0m1[0m
            [0m] [0m
            [0m記憶一覧[0m
          [36m&lt;/ink-text&gt;[39m
        [36m&lt;/ink-box&gt;[39m
        [36m&lt;ink-box[39m
          [33mstyle[39m=[32m&quot;flex-wrap: nowrap; flex-direction: row; flex-grow: 0; flex-shrink: 1; margin-right: 2px; overflow-x: visible; overflow-y: visible;&quot;[39m
        [36m&gt;[39m
          [36m&lt;ink-text[39m
            [33mstyle[39m=[32m&quot;flex-grow: 0; flex-shrink: 1; flex-direction: row; text-wrap: wrap;&quot;[39m
          [36m&gt;[39m
            [0m[[0m
            [0m2[0m
            [0m] [0m
            [0mシナプス結合[0m
          [36m&lt;/ink-text&gt;[39m
        [36m&lt;/ink-box&gt;[39m
        [36m&lt;ink-box[39m
          [33mstyle[39m=[32m&quot;flex-wrap: nowrap; flex-direction: row; flex-grow: 0; flex-shrink: 1; margin-right: 2px; overflow-x: visible; overflow-y: visible;&quot;[39m
        [36m&gt;[39m
          [36m&lt;ink-text[39m
            [33mstyle[39m=[32m&quot;flex-grow: 0; flex-shrink: 1; flex-direction: row; text-wrap: wrap;&quot;[39m
          [36m&gt;[39m
            [0m[[0m
            [0m3[0m
            [0m] [0m
            [0mネットワーク診断[0m
          [36m&lt;/ink-text&gt;[39m
        [36m&lt;/ink-box&gt;[39m
        [36m&lt;ink-box[39m
          [33mstyle[39m=[32m&quot;flex-wrap: nowrap; flex-direction: row; flex-grow: 0; flex-shrink: 1; margin-right: 2px; overflow-x: visible; overflow-y: visible;&quot;[39m
        [36m&gt;[39m
          [36m&lt;ink-text[39m
            [33mstyle[39m=[32m&quot;flex-grow: 0; flex-shrink: 1; flex-direction: row; text-wrap: wrap;&quot;[39m
          [36m&gt;[39m
            [0m[[0m
            [0m4[0m
            [0m] [0m
            [0m設定[0m
          [36m&lt;/ink-text&gt;[39m
        [36m&lt;/ink-box&gt;[39m
      [36m&lt;/ink-box&gt;[39m
      [36m&lt;ink-box[39m
        [33mstyle[39m=[32m&quot;flex-wrap: nowrap; flex-direction: row; flex-grow: 1; flex-shrink: 1; overflow: hidden; overflow-x: hidden; overflow-y: hidden;&quot;[39m
      [36m&gt;[39m
        [36m&lt;ink-box[39m
          [33mstyle[39m=[32m&quot;flex-wrap: nowrap; flex-direction: column; flex-grow: 1; flex-shrink: 1; overflow-x: visible; overflow-y: visible;&quot;[39m
        [36m&gt;[39m
          [36m&lt;ink-box[39m
            [33mstyle[39m=[32m&quot;flex-wrap: nowrap; flex-direction: row; flex-grow: 0; flex-shrink: 1; margin-bottom: 1px; overflow-x: visible; overflow-y: visible;&quot;[39m
          [36m&gt;[39m
            [36m&lt;ink-text[39m
              [33mstyle[39m=[32m&quot;flex-grow: 0; flex-shrink: 1; flex-direction: row; text-wrap: wrap;&quot;[39m
            [36m&gt;[39m
              [0m記憶一覧 ([0m
              [0m3[0m
              [0m件)[0m
            [36m&lt;/ink-text&gt;[39m
          [36m&lt;/ink-box&gt;[39m
          [36m&lt;ink-box[39m
            [33mstyle[39m=[32m&quot;flex-wrap: nowrap; flex-direction: column; flex-grow: 0; flex-shrink: 0; width: 48px; overflow-x: visible; overflow-y: visible;&quot;[39m
          [36m&gt;[39m
            [36m&lt;ink-box[39m
              [33mstyle[39m=[32m&quot;flex-wrap: nowrap; flex-direction: row; flex-grow: 0; flex-shrink: 1; overflow-x: visible; overflow-y: visible;&quot;[39m
            [36m&gt;[39m
              [36m&lt;ink-text[39m
                [33mstyle[39m=[32m&quot;flex-grow: 0; flex-shrink: 1; flex-direction: row; text-wrap: wrap;&quot;[39m
              [36m&gt;[39m
                [0m► [0m
              [36m&lt;/ink-text&gt;[39m
              [36m&lt;ink-text[39m
                [33mstyle[39m=[32m&quot;flex-grow: 0; flex-shrink: 1; flex-direction: row; text-wrap: wrap;&quot;[39m
              [36m&gt;[39m
                [0m[[0m
              [36m&lt;/ink-text&gt;[39m
              [36m&lt;ink-text[39m
                [33mstyle[39m=[32m&quot;flex-grow: 0; flex-shrink: 1; flex-direction: row; text-wrap: wrap;&quot;[39m
              [36m&gt;[39m
                [0mmem-001[0m
              [36m&lt;/ink-text&gt;[39m
              [36m&lt;ink-text[39m
                [33mstyle[39m=[32m&quot;flex-grow: 0; flex-shrink: 1; flex-direction: row; text-wrap: wrap;&quot;[39m
              [36m&gt;[39m
                [0m] [0m
              [36m&lt;/ink-text&gt;[39m
              [36m&lt;ink-text[39m
                [33mstyle[39m=[32m&quot;flex-grow: 0; flex-shrink: 1; flex-direction: row; text-wrap: wrap;&quot;[39m
              [36m&gt;[39m
                [0mGPT-5プロンプトガイドの分析結果[0m
              [36m&lt;/ink-text&gt;[39m
            [36m&lt;/ink-box&gt;[39m
            [36m&lt;ink-box[39m
              [33mstyle[39m=[32m&quot;flex-wrap: nowrap; flex-direction: row; flex-grow: 0; flex-shrink: 1; overflow-x: visible; overflow-y: visible;&quot;[39m
            [36m&gt;[39m
              [36m&lt;ink-text[39m
                [33mstyle[39m=[32m&quot;flex-grow: 0; flex-shrink: 1; flex-direction: row; text-wrap: wrap;&quot;[39m
              [36m&gt;[39m
                [0m  [0m
              [36m&lt;/ink-text&gt;[39m
              [36m&lt;ink-text[39m
                [33mstyle[39m=[32m&quot;flex-grow: 0; flex-shrink: 1; flex-direction: row; text-wrap: wrap;&quot;[39m
              [36m&gt;[39m
                [0m[[0m
              [36m&lt;/ink-text&gt;[39m
              [36m&lt;ink-text[39m
                [33mstyle[39m=[32m&quot;flex-grow: 0; flex-shrink: 1; flex-direction: row; text-wrap: wrap;&quot;[39m
              [36m&gt;[39m
                [0mmem-002[0m
              [36m&lt;/ink-text&gt;[39m
              [36m&lt;ink-text[39m
                [33mstyle[39m=[32m&quot;flex-grow: 0; flex-shrink: 1; flex-direction: row; text-wrap: wrap;&quot;[39m
              [36m&gt;[39m
                [0m] [0m
              [36m&lt;/ink-text&gt;[39m
              [36m&lt;ink-text[39m
                [33mstyle[39m=[32m&quot;flex-grow: 0; flex-shrink: 1; flex-direction: row; text-wrap: wrap;&quot;[39m
              [36m&gt;[39m
                [0mシナプス記憶システムのPhase 2実装完了[0m
              [36m&lt;/ink-text&gt;[39m
            [36m&lt;/ink-box&gt;[39m
            [36m&lt;ink-box[39m
              [33mstyle[39m=[32m&quot;flex-wrap: nowrap; flex-direction: row; flex-grow: 0; flex-shrink: 1; overflow-x: visible; overflow-y: visible;&quot;[39m
            [36m&gt;[39m
              [36m&lt;ink-text[39m
                [33mstyle[39m=[32m&quot;flex-grow: 0; flex-shrink: 1; flex-direction: row; text-wrap: wrap;&quot;[39m
              [36m&gt;[39m
                [0m  [0m
              [36m&lt;/ink-text&gt;[39m
              [36m&lt;ink-text[39m
                [33mstyle[39m=[32m&quot;flex-grow: 0; flex-shrink: 1; flex-direction: row; text-wrap: wrap;&quot;[39m
              [36m&gt;[39m
                [0m[[0m
              [36m&lt;/ink-text&gt;[39m
              [36m&lt;ink-text[39m
                [33mstyle[39m=[32m&quot;flex-grow: 0; flex-shrink: 1; flex-direction: row; text-wrap: wrap;&quot;[39m
              [36m&gt;[39m
                [0mmem-003[0m
              [36m&lt;/ink-text&gt;[39m
              [36m&lt;ink-text[39m
                [33mstyle[39m=[32m&quot;flex-grow: 0; flex-shrink: 1; flex-direction: row; text-wrap: wrap;&quot;[39m
              [36m&gt;[39m
                [0m] [0m
              [36m&lt;/ink-text&gt;[39m
              [36m&lt;ink-text[39m
                [33mstyle[39m=[32m&quot;flex-grow: 0; flex-shrink: 1; flex-direction: row; text-wrap: wrap;&quot;[39m
              [36m&gt;[39m
                [0mRESTful API設計とエンドポイント定義[0m
              [36m&lt;/ink-text&gt;[39m
            [36m&lt;/ink-box&gt;[39m
          [36m&lt;/ink-box&gt;[39m
          [36m&lt;ink-box[39m
            [33mstyle[39m=[32m&quot;flex-wrap: nowrap; flex-direction: row; flex-grow: 0; flex-shrink: 1; margin-top: 1px; border-color: rgb(108, 112, 134); padding: 1px; overflow-x: visible; overflow-y: visible;&quot;[39m
          [36m&gt;[39m
            [36m&lt;ink-box[39m
              [33mstyle[39m=[32m&quot;flex-wrap: nowrap; flex-direction: column; flex-grow: 0; flex-shrink: 1; overflow-x: visible; overflow-y: visible;&quot;[39m
            [36m&gt;[39m
              [36m&lt;ink-text[39m
                [33mstyle[39m=[32m&quot;flex-grow: 0; flex-shrink: 1; flex-direction: row; text-wrap: wrap;&quot;[39m
              [36m&gt;[39m
                [0m詳細:[0m
              [36m&lt;/ink-text&gt;[39m
              [36m&lt;ink-text[39m
                [33mstyle[39m=[32m&quot;flex-grow: 0; flex-shrink: 1; flex-direction: row; text-wrap: wrap;&quot;[39m
              [36m&gt;[39m
                [0mID: [0m
                [0mmem-001[0m
              [36m&lt;/ink-text&gt;[39m
              [36m&lt;ink-text[39m
                [33mstyle[39m=[32m&quot;flex-grow: 0; flex-shrink: 1; flex-direction: row; text-wrap: wrap;&quot;[39m
              [36m&gt;[39m
                [0mアクセス数: [0m
                [0m15[0m
              [36m&lt;/ink-text&gt;[39m
              [36m&lt;ink-text[39m
                [33mstyle[39m=[32m&quot;flex-grow: 0; flex-shrink: 1; flex-direction: row; text-wrap: wrap;&quot;[39m
              [36m&gt;[39m
                [0m成功率: [0m
                [0m92.0[0m
                [0m%[0m
              [36m&lt;/ink-text&gt;[39m
              [36m&lt;ink-text[39m
                [33mstyle[39m=[32m&quot;flex-grow: 0; flex-shrink: 1; flex-direction: row; text-wrap: wrap;&quot;[39m
              [36m&gt;[39m
                [0mタグ: [0m
                [0mgpt5, prompting, analysis[0m
              [36m&lt;/ink-text&gt;[39m
            [36m&lt;/ink-box&gt;[39m
          [36m&lt;/ink-box&gt;[39m
        [36m&lt;/ink-box&gt;[39m
      [36m&lt;/ink-box&gt;[39m
      [36m&lt;ink-box[39m
        [33mstyle[39m=[32m&quot;flex-wrap: nowrap; flex-direction: row; flex-grow: 0; flex-shrink: 1; margin-top: 1px; border-color: rgb(108, 112, 134); padding: 1px; overflow-x: visible; overflow-y: visible;&quot;[39m
      [36m&gt;[39m
        [36m&lt;ink-text[39m
          [33mstyle[39m=[32m&quot;flex-grow: 0; flex-shrink: 1; flex-direction: row; text-wrap: wrap;&quot;[39m
        [36m&gt;[39m
          [0mTab: タブ切替 | ↑↓: 記憶選択 | q: 終了[0m
        [36m&lt;/ink-text&gt;[39m
      [36m&lt;/ink-box&gt;[39m
    [36m&lt;/ink-box&gt;[39m
  [36m&lt;/div&gt;[39m
[36m&lt;/body&gt;[39m" type="TestingLibraryElementError">
TestingLibraryElementError: Unable to find an element with the text: テストメモリ1. This could be because the text is broken up by multiple elements. In this case, you can provide a function for your text matcher to make your matcher more flexible.

Ignored nodes: comments, script, style
&lt;body&gt;
  &lt;div&gt;
    &lt;ink-box
      style=&quot;flex-wrap: nowrap; flex-direction: column; flex-grow: 0; flex-shrink: 1; width: 52px; height: 20px; padding: 1px; overflow-x: visible; overflow-y: visible;&quot;
    &gt;
      &lt;ink-box
        style=&quot;flex-wrap: nowrap; flex-direction: row; flex-grow: 0; flex-shrink: 1; margin-bottom: 1px; overflow-x: visible; overflow-y: visible;&quot;
      &gt;
        &lt;ink-text
          style=&quot;flex-grow: 0; flex-shrink: 1; flex-direction: row; text-wrap: wrap;&quot;
        &gt;
          シナプス記憶システム ダッシュボード
        &lt;/ink-text&gt;
      &lt;/ink-box&gt;
      &lt;ink-box
        style=&quot;flex-wrap: nowrap; flex-direction: row; flex-grow: 0; flex-shrink: 1; margin-bottom: 1px; overflow-x: visible; overflow-y: visible;&quot;
      &gt;
        &lt;ink-box
          style=&quot;flex-wrap: nowrap; flex-direction: row; flex-grow: 0; flex-shrink: 1; margin-right: 2px; overflow-x: visible; overflow-y: visible;&quot;
        &gt;
          &lt;ink-text
            style=&quot;flex-grow: 0; flex-shrink: 1; flex-direction: row; text-wrap: wrap;&quot;
          &gt;
            [
            1
            ] 
            記憶一覧
          &lt;/ink-text&gt;
        &lt;/ink-box&gt;
        &lt;ink-box
          style=&quot;flex-wrap: nowrap; flex-direction: row; flex-grow: 0; flex-shrink: 1; margin-right: 2px; overflow-x: visible; overflow-y: visible;&quot;
        &gt;
          &lt;ink-text
            style=&quot;flex-grow: 0; flex-shrink: 1; flex-direction: row; text-wrap: wrap;&quot;
          &gt;
            [
            2
            ] 
            シナプス結合
          &lt;/ink-text&gt;
        &lt;/ink-box&gt;
        &lt;ink-box
          style=&quot;flex-wrap: nowrap; flex-direction: row; flex-grow: 0; flex-shrink: 1; margin-right: 2px; overflow-x: visible; overflow-y: visible;&quot;
        &gt;
          &lt;ink-text
            style=&quot;flex-grow: 0; flex-shrink: 1; flex-direction: row; text-wrap: wrap;&quot;
          &gt;
            [
            3
            ] 
            ネットワーク診断
          &lt;/ink-text&gt;
        &lt;/ink-box&gt;
        &lt;ink-box
          style=&quot;flex-wrap: nowrap; flex-direction: row; flex-grow: 0; flex-shrink: 1; margin-right: 2px; overflow-x: visible; overflow-y: visible;&quot;
        &gt;
          &lt;ink-text
            style=&quot;flex-grow: 0; flex-shrink: 1; flex-direction: row; text-wrap: wrap;&quot;
          &gt;
            [
            4
            ] 
            設定
          &lt;/ink-text&gt;
        &lt;/ink-box&gt;
      &lt;/ink-box&gt;
      &lt;ink-box
        style=&quot;flex-wrap: nowrap; flex-direction: row; flex-grow: 1; flex-shrink: 1; overflow: hidden; overflow-x: hidden; overflow-y: hidden;&quot;
      &gt;
        &lt;ink-box
          style=&quot;flex-wrap: nowrap; flex-direction: column; flex-grow: 1; flex-shrink: 1; overflow-x: visible; overflow-y: visible;&quot;
        &gt;
          &lt;ink-box
            style=&quot;flex-wrap: nowrap; flex-direction: row; flex-grow: 0; flex-shrink: 1; margin-bottom: 1px; overflow-x: visible; overflow-y: visible;&quot;
          &gt;
            &lt;ink-text
              style=&quot;flex-grow: 0; flex-shrink: 1; flex-direction: row; text-wrap: wrap;&quot;
            &gt;
              記憶一覧 (
              3
              件)
            &lt;/ink-text&gt;
          &lt;/ink-box&gt;
          &lt;ink-box
            style=&quot;flex-wrap: nowrap; flex-direction: column; flex-grow: 0; flex-shrink: 0; width: 48px; overflow-x: visible; overflow-y: visible;&quot;
          &gt;
            &lt;ink-box
              style=&quot;flex-wrap: nowrap; flex-direction: row; flex-grow: 0; flex-shrink: 1; overflow-x: visible; overflow-y: visible;&quot;
            &gt;
              &lt;ink-text
                style=&quot;flex-grow: 0; flex-shrink: 1; flex-direction: row; text-wrap: wrap;&quot;
              &gt;
                ► 
              &lt;/ink-text&gt;
              &lt;ink-text
                style=&quot;flex-grow: 0; flex-shrink: 1; flex-direction: row; text-wrap: wrap;&quot;
              &gt;
                [
              &lt;/ink-text&gt;
              &lt;ink-text
                style=&quot;flex-grow: 0; flex-shrink: 1; flex-direction: row; text-wrap: wrap;&quot;
              &gt;
                mem-001
              &lt;/ink-text&gt;
              &lt;ink-text
                style=&quot;flex-grow: 0; flex-shrink: 1; flex-direction: row; text-wrap: wrap;&quot;
              &gt;
                ] 
              &lt;/ink-text&gt;
              &lt;ink-text
                style=&quot;flex-grow: 0; flex-shrink: 1; flex-direction: row; text-wrap: wrap;&quot;
              &gt;
                GPT-5プロンプトガイドの分析結果
              &lt;/ink-text&gt;
            &lt;/ink-box&gt;
            &lt;ink-box
              style=&quot;flex-wrap: nowrap; flex-direction: row; flex-grow: 0; flex-shrink: 1; overflow-x: visible; overflow-y: visible;&quot;
            &gt;
              &lt;ink-text
                style=&quot;flex-grow: 0; flex-shrink: 1; flex-direction: row; text-wrap: wrap;&quot;
              &gt;
                  
              &lt;/ink-text&gt;
              &lt;ink-text
                style=&quot;flex-grow: 0; flex-shrink: 1; flex-direction: row; text-wrap: wrap;&quot;
              &gt;
                [
              &lt;/ink-text&gt;
              &lt;ink-text
                style=&quot;flex-grow: 0; flex-shrink: 1; flex-direction: row; text-wrap: wrap;&quot;
              &gt;
                mem-002
              &lt;/ink-text&gt;
              &lt;ink-text
                style=&quot;flex-grow: 0; flex-shrink: 1; flex-direction: row; text-wrap: wrap;&quot;
              &gt;
                ] 
              &lt;/ink-text&gt;
              &lt;ink-text
                style=&quot;flex-grow: 0; flex-shrink: 1; flex-direction: row; text-wrap: wrap;&quot;
              &gt;
                シナプス記憶システムのPhase 2実装完了
              &lt;/ink-text&gt;
            &lt;/ink-box&gt;
            &lt;ink-box
              style=&quot;flex-wrap: nowrap; flex-direction: row; flex-grow: 0; flex-shrink: 1; overflow-x: visible; overflow-y: visible;&quot;
            &gt;
              &lt;ink-text
                style=&quot;flex-grow: 0; flex-shrink: 1; flex-direction: row; text-wrap: wrap;&quot;
              &gt;
                  
              &lt;/ink-text&gt;
              &lt;ink-text
                style=&quot;flex-grow: 0; flex-shrink: 1; flex-direction: row; text-wrap: wrap;&quot;
              &gt;
                [
              &lt;/ink-text&gt;
              &lt;ink-text
                style=&quot;flex-grow: 0; flex-shrink: 1; flex-direction: row; text-wrap: wrap;&quot;
              &gt;
                mem-003
              &lt;/ink-text&gt;
              &lt;ink-text
                style=&quot;flex-grow: 0; flex-shrink: 1; flex-direction: row; text-wrap: wrap;&quot;
              &gt;
                ] 
              &lt;/ink-text&gt;
              &lt;ink-text
                style=&quot;flex-grow: 0; flex-shrink: 1; flex-direction: row; text-wrap: wrap;&quot;
              &gt;
                RESTful API設計とエンドポイント定義
              &lt;/ink-text&gt;
            &lt;/ink-box&gt;
          &lt;/ink-box&gt;
          &lt;ink-box
            style=&quot;flex-wrap: nowrap; flex-direction: row; flex-grow: 0; flex-shrink: 1; margin-top: 1px; border-color: rgb(108, 112, 134); padding: 1px; overflow-x: visible; overflow-y: visible;&quot;
          &gt;
            &lt;ink-box
              style=&quot;flex-wrap: nowrap; flex-direction: column; flex-grow: 0; flex-shrink: 1; overflow-x: visible; overflow-y: visible;&quot;
            &gt;
              &lt;ink-text
                style=&quot;flex-grow: 0; flex-shrink: 1; flex-direction: row; text-wrap: wrap;&quot;
              &gt;
                詳細:
              &lt;/ink-text&gt;
              &lt;ink-text
                style=&quot;flex-grow: 0; flex-shrink: 1; flex-direction: row; text-wrap: wrap;&quot;
              &gt;
                ID: 
                mem-001
              &lt;/ink-text&gt;
              &lt;ink-text
                style=&quot;flex-grow: 0; flex-shrink: 1; flex-direction: row; text-wrap: wrap;&quot;
              &gt;
                アクセス数: 
                15
              &lt;/ink-text&gt;
              &lt;ink-text
                style=&quot;flex-grow: 0; flex-shrink: 1; flex-direction: row; text-wrap: wrap;&quot;
              &gt;
                成功率: 
                92.0
                %
              &lt;/ink-text&gt;
              &lt;ink-text
                style=&quot;flex-grow: 0; flex-shrink: 1; flex-direction: row; text-wrap: wrap;&quot;
              &gt;
                タグ: 
                gpt5, prompting, analysis
              &lt;/ink-text&gt;
            &lt;/ink-box&gt;
          &lt;/ink-box&gt;
        &lt;/ink-box&gt;
      &lt;/ink-box&gt;
      &lt;ink-box
        style=&quot;flex-wrap: nowrap; flex-direction: row; flex-grow: 0; flex-shrink: 1; margin-top: 1px; border-color: rgb(108, 112, 134); padding: 1px; overflow-x: visible; overflow-y: visible;&quot;
      &gt;
        &lt;ink-text
          style=&quot;flex-grow: 0; flex-shrink: 1; flex-direction: row; text-wrap: wrap;&quot;
        &gt;
          Tab: タブ切替 | ↑↓: 記憶選択 | q: 終了
        &lt;/ink-text&gt;
      &lt;/ink-box&gt;
    &lt;/ink-box&gt;
  &lt;/div&gt;
&lt;/body&gt;
 ❯ Object.getElementError node_modules/@testing-library/dom/dist/config.js:37:19
 ❯ node_modules/@testing-library/dom/dist/query-helpers.js:76:38
 ❯ node_modules/@testing-library/dom/dist/query-helpers.js:52:17
 ❯ node_modules/@testing-library/dom/dist/query-helpers.js:95:19
 ❯ src/ui/components/SynapticMemoryDashboard.test.tsx:252:19
            </failure>
        </testcase>
    </testsuite>
    <testsuite name="src/ui/commands/memoryCommand.test.ts" timestamp="2025-08-10T07:31:07.569Z" hostname="63accec1df8b" tests="8" failures="0" errors="0" skipped="0" time="0.005339917">
        <testcase classname="src/ui/commands/memoryCommand.test.ts" name="memoryCommand &gt; /memory show &gt; should display a message if memory is empty" time="0.0024375">
        </testcase>
        <testcase classname="src/ui/commands/memoryCommand.test.ts" name="memoryCommand &gt; /memory show &gt; should display the memory content and file count if it exists" time="0.000306583">
        </testcase>
        <testcase classname="src/ui/commands/memoryCommand.test.ts" name="memoryCommand &gt; /memory add &gt; should return an error message if no arguments are provided" time="0.000289708">
        </testcase>
        <testcase classname="src/ui/commands/memoryCommand.test.ts" name="memoryCommand &gt; /memory add &gt; should return a tool action and add an info message when arguments are provided" time="0.000224792">
        </testcase>
        <testcase classname="src/ui/commands/memoryCommand.test.ts" name="memoryCommand &gt; /memory refresh &gt; should display success message when memory is refreshed with content" time="0.000338417">
        </testcase>
        <testcase classname="src/ui/commands/memoryCommand.test.ts" name="memoryCommand &gt; /memory refresh &gt; should display success message when memory is refreshed with no content" time="0.000197042">
        </testcase>
        <testcase classname="src/ui/commands/memoryCommand.test.ts" name="memoryCommand &gt; /memory refresh &gt; should display an error message if refreshing fails" time="0.0003735">
        </testcase>
        <testcase classname="src/ui/commands/memoryCommand.test.ts" name="memoryCommand &gt; /memory refresh &gt; should not throw if config service is unavailable" time="0.000514">
        </testcase>
    </testsuite>
    <testsuite name="src/ui/hooks/useSynapticMemory.test.ts" timestamp="2025-08-10T07:31:07.572Z" hostname="63accec1df8b" tests="12" failures="12" errors="0" skipped="0" time="11.088028422">
        <testcase classname="src/ui/hooks/useSynapticMemory.test.ts" name="useSynapticMemory &gt; 初期状態が正しく設定されること" time="0.01493425">
            <failure message="expected undefined to be true // Object.is equality" type="AssertionError">
AssertionError: expected undefined to be true // Object.is equality

- Expected: 
true

+ Received: 
undefined

 ❯ src/ui/hooks/useSynapticMemory.test.ts:108:38
            </failure>
        </testcase>
        <testcase classname="src/ui/hooks/useSynapticMemory.test.ts" name="useSynapticMemory &gt; 初期化後にデータが読み込まれること" time="1.010874418">
            <failure message="expected undefined to be false // Object.is equality

Ignored nodes: comments, script, style
[36m&lt;html&gt;[39m
  [36m&lt;head /&gt;[39m
  [36m&lt;body&gt;[39m
    [36m&lt;div /&gt;[39m
  [36m&lt;/body&gt;[39m
[36m&lt;/html&gt;[39m" type="AssertionError">
AssertionError: expected undefined to be false // Object.is equality

Ignored nodes: comments, script, style
&lt;html&gt;
  &lt;head /&gt;
  &lt;body&gt;
    &lt;div /&gt;
  &lt;/body&gt;
&lt;/html&gt;

- Expected: 
false

+ Received: 
undefined

 ❯ src/ui/hooks/useSynapticMemory.test.ts:117:40
 ❯ runWithExpensiveErrorDiagnosticsDisabled node_modules/@testing-library/dom/dist/config.js:47:12
 ❯ checkCallback node_modules/@testing-library/dom/dist/wait-for.js:124:77
 ❯ Timeout.checkRealTimersCallback node_modules/@testing-library/dom/dist/wait-for.js:118:16
            </failure>
        </testcase>
        <testcase classname="src/ui/hooks/useSynapticMemory.test.ts" name="useSynapticMemory &gt; searchMemoriesが正しく動作すること" time="1.002344334">
            <failure message="expected undefined to be false // Object.is equality

Ignored nodes: comments, script, style
[36m&lt;html&gt;[39m
  [36m&lt;head /&gt;[39m
  [36m&lt;body&gt;[39m
    [36m&lt;div /&gt;[39m
  [36m&lt;/body&gt;[39m
[36m&lt;/html&gt;[39m" type="AssertionError">
AssertionError: expected undefined to be false // Object.is equality

Ignored nodes: comments, script, style
&lt;html&gt;
  &lt;head /&gt;
  &lt;body&gt;
    &lt;div /&gt;
  &lt;/body&gt;
&lt;/html&gt;

- Expected: 
false

+ Received: 
undefined

 ❯ src/ui/hooks/useSynapticMemory.test.ts:131:40
 ❯ runWithExpensiveErrorDiagnosticsDisabled node_modules/@testing-library/dom/dist/config.js:47:12
 ❯ checkCallback node_modules/@testing-library/dom/dist/wait-for.js:124:77
 ❯ Timeout.checkRealTimersCallback node_modules/@testing-library/dom/dist/wait-for.js:118:16
            </failure>
        </testcase>
        <testcase classname="src/ui/hooks/useSynapticMemory.test.ts" name="useSynapticMemory &gt; activateMemoryが正しく動作すること" time="1.003631875">
            <failure message="expected undefined to be false // Object.is equality

Ignored nodes: comments, script, style
[36m&lt;html&gt;[39m
  [36m&lt;head /&gt;[39m
  [36m&lt;body&gt;[39m
    [36m&lt;div /&gt;[39m
  [36m&lt;/body&gt;[39m
[36m&lt;/html&gt;[39m" type="AssertionError">
AssertionError: expected undefined to be false // Object.is equality

Ignored nodes: comments, script, style
&lt;html&gt;
  &lt;head /&gt;
  &lt;body&gt;
    &lt;div /&gt;
  &lt;/body&gt;
&lt;/html&gt;

- Expected: 
false

+ Received: 
undefined

 ❯ src/ui/hooks/useSynapticMemory.test.ts:150:40
 ❯ runWithExpensiveErrorDiagnosticsDisabled node_modules/@testing-library/dom/dist/config.js:47:12
 ❯ checkCallback node_modules/@testing-library/dom/dist/wait-for.js:124:77
 ❯ Timeout.checkRealTimersCallback node_modules/@testing-library/dom/dist/wait-for.js:118:16
            </failure>
        </testcase>
        <testcase classname="src/ui/hooks/useSynapticMemory.test.ts" name="useSynapticMemory &gt; refreshDataが正しく動作すること" time="1.003163167">
            <failure message="expected undefined to be false // Object.is equality

Ignored nodes: comments, script, style
[36m&lt;html&gt;[39m
  [36m&lt;head /&gt;[39m
  [36m&lt;body&gt;[39m
    [36m&lt;div /&gt;[39m
  [36m&lt;/body&gt;[39m
[36m&lt;/html&gt;[39m" type="AssertionError">
AssertionError: expected undefined to be false // Object.is equality

Ignored nodes: comments, script, style
&lt;html&gt;
  &lt;head /&gt;
  &lt;body&gt;
    &lt;div /&gt;
  &lt;/body&gt;
&lt;/html&gt;

- Expected: 
false

+ Received: 
undefined

 ❯ src/ui/hooks/useSynapticMemory.test.ts:173:40
 ❯ runWithExpensiveErrorDiagnosticsDisabled node_modules/@testing-library/dom/dist/config.js:47:12
 ❯ checkCallback node_modules/@testing-library/dom/dist/wait-for.js:124:77
 ❯ Timeout.checkRealTimersCallback node_modules/@testing-library/dom/dist/wait-for.js:118:16
            </failure>
        </testcase>
        <testcase classname="src/ui/hooks/useSynapticMemory.test.ts" name="useSynapticMemory &gt; 初期化エラーが正しくハンドリングされること" time="1.00351325">
            <failure message="expected undefined to be false // Object.is equality

Ignored nodes: comments, script, style
[36m&lt;html&gt;[39m
  [36m&lt;head /&gt;[39m
  [36m&lt;body&gt;[39m
    [36m&lt;div /&gt;[39m
  [36m&lt;/body&gt;[39m
[36m&lt;/html&gt;[39m" type="AssertionError">
AssertionError: expected undefined to be false // Object.is equality

Ignored nodes: comments, script, style
&lt;html&gt;
  &lt;head /&gt;
  &lt;body&gt;
    &lt;div /&gt;
  &lt;/body&gt;
&lt;/html&gt;

- Expected: 
false

+ Received: 
undefined

 ❯ src/ui/hooks/useSynapticMemory.test.ts:201:40
 ❯ runWithExpensiveErrorDiagnosticsDisabled node_modules/@testing-library/dom/dist/config.js:47:12
 ❯ checkCallback node_modules/@testing-library/dom/dist/wait-for.js:124:77
 ❯ Timeout.checkRealTimersCallback node_modules/@testing-library/dom/dist/wait-for.js:118:16
            </failure>
        </testcase>
        <testcase classname="src/ui/hooks/useSynapticMemory.test.ts" name="useSynapticMemory &gt; 検索エラーが正しくハンドリングされること" time="1.004834668">
            <failure message="expected undefined to be false // Object.is equality

Ignored nodes: comments, script, style
[36m&lt;html&gt;[39m
  [36m&lt;head /&gt;[39m
  [36m&lt;body&gt;[39m
    [36m&lt;div /&gt;[39m
  [36m&lt;/body&gt;[39m
[36m&lt;/html&gt;[39m" type="AssertionError">
AssertionError: expected undefined to be false // Object.is equality

Ignored nodes: comments, script, style
&lt;html&gt;
  &lt;head /&gt;
  &lt;body&gt;
    &lt;div /&gt;
  &lt;/body&gt;
&lt;/html&gt;

- Expected: 
false

+ Received: 
undefined

 ❯ src/ui/hooks/useSynapticMemory.test.ts:214:40
 ❯ runWithExpensiveErrorDiagnosticsDisabled node_modules/@testing-library/dom/dist/config.js:47:12
 ❯ checkCallback node_modules/@testing-library/dom/dist/wait-for.js:124:77
 ❯ Timeout.checkRealTimersCallback node_modules/@testing-library/dom/dist/wait-for.js:118:16
            </failure>
        </testcase>
        <testcase classname="src/ui/hooks/useSynapticMemory.test.ts" name="useSynapticMemory &gt; 活性化エラーが正しくハンドリングされること" time="1.003903542">
            <failure message="expected undefined to be false // Object.is equality

Ignored nodes: comments, script, style
[36m&lt;html&gt;[39m
  [36m&lt;head /&gt;[39m
  [36m&lt;body&gt;[39m
    [36m&lt;div /&gt;[39m
  [36m&lt;/body&gt;[39m
[36m&lt;/html&gt;[39m" type="AssertionError">
AssertionError: expected undefined to be false // Object.is equality

Ignored nodes: comments, script, style
&lt;html&gt;
  &lt;head /&gt;
  &lt;body&gt;
    &lt;div /&gt;
  &lt;/body&gt;
&lt;/html&gt;

- Expected: 
false

+ Received: 
undefined

 ❯ src/ui/hooks/useSynapticMemory.test.ts:231:40
 ❯ runWithExpensiveErrorDiagnosticsDisabled node_modules/@testing-library/dom/dist/config.js:47:12
 ❯ checkCallback node_modules/@testing-library/dom/dist/wait-for.js:124:77
 ❯ Timeout.checkRealTimersCallback node_modules/@testing-library/dom/dist/wait-for.js:118:16
            </failure>
        </testcase>
        <testcase classname="src/ui/hooks/useSynapticMemory.test.ts" name="useSynapticMemory &gt; データ更新エラーが正しくハンドリングされること" time="1.013295376">
            <failure message="expected undefined to be false // Object.is equality

Ignored nodes: comments, script, style
[36m&lt;html&gt;[39m
  [36m&lt;head /&gt;[39m
  [36m&lt;body&gt;[39m
    [36m&lt;div /&gt;[39m
  [36m&lt;/body&gt;[39m
[36m&lt;/html&gt;[39m" type="AssertionError">
AssertionError: expected undefined to be false // Object.is equality

Ignored nodes: comments, script, style
&lt;html&gt;
  &lt;head /&gt;
  &lt;body&gt;
    &lt;div /&gt;
  &lt;/body&gt;
&lt;/html&gt;

- Expected: 
false

+ Received: 
undefined

 ❯ src/ui/hooks/useSynapticMemory.test.ts:256:40
 ❯ runWithExpensiveErrorDiagnosticsDisabled node_modules/@testing-library/dom/dist/config.js:47:12
 ❯ checkCallback node_modules/@testing-library/dom/dist/wait-for.js:124:77
 ❯ Timeout.checkRealTimersCallback node_modules/@testing-library/dom/dist/wait-for.js:118:16
            </failure>
        </testcase>
        <testcase classname="src/ui/hooks/useSynapticMemory.test.ts" name="useSynapticMemory &gt; クリーンアップが正しく実行されること" time="1.008401709">
            <failure message="expected undefined to be false // Object.is equality

Ignored nodes: comments, script, style
[36m&lt;html&gt;[39m
  [36m&lt;head /&gt;[39m
  [36m&lt;body&gt;[39m
    [36m&lt;div /&gt;[39m
  [36m&lt;/body&gt;[39m
[36m&lt;/html&gt;[39m" type="AssertionError">
AssertionError: expected undefined to be false // Object.is equality

Ignored nodes: comments, script, style
&lt;html&gt;
  &lt;head /&gt;
  &lt;body&gt;
    &lt;div /&gt;
  &lt;/body&gt;
&lt;/html&gt;

- Expected: 
false

+ Received: 
undefined

 ❯ src/ui/hooks/useSynapticMemory.test.ts:273:40
 ❯ runWithExpensiveErrorDiagnosticsDisabled node_modules/@testing-library/dom/dist/config.js:47:12
 ❯ checkCallback node_modules/@testing-library/dom/dist/wait-for.js:124:77
 ❯ Timeout.checkRealTimersCallback node_modules/@testing-library/dom/dist/wait-for.js:118:16
            </failure>
        </testcase>
        <testcase classname="src/ui/hooks/useSynapticMemory.test.ts" name="useSynapticMemory &gt; 複数回の検索が正しく動作すること" time="1.009564876">
            <failure message="expected undefined to be false // Object.is equality

Ignored nodes: comments, script, style
[36m&lt;html&gt;[39m
  [36m&lt;head /&gt;[39m
  [36m&lt;body&gt;[39m
    [36m&lt;div /&gt;[39m
  [36m&lt;/body&gt;[39m
[36m&lt;/html&gt;[39m" type="AssertionError">
AssertionError: expected undefined to be false // Object.is equality

Ignored nodes: comments, script, style
&lt;html&gt;
  &lt;head /&gt;
  &lt;body&gt;
    &lt;div /&gt;
  &lt;/body&gt;
&lt;/html&gt;

- Expected: 
false

+ Received: 
undefined

 ❯ src/ui/hooks/useSynapticMemory.test.ts:285:40
 ❯ runWithExpensiveErrorDiagnosticsDisabled node_modules/@testing-library/dom/dist/config.js:47:12
 ❯ checkCallback node_modules/@testing-library/dom/dist/wait-for.js:124:77
 ❯ Timeout.checkRealTimersCallback node_modules/@testing-library/dom/dist/wait-for.js:118:16
            </failure>
        </testcase>
        <testcase classname="src/ui/hooks/useSynapticMemory.test.ts" name="useSynapticMemory &gt; 同期的な活性化操作が正しく動作すること" time="1.007701917">
            <failure message="expected undefined to be false // Object.is equality

Ignored nodes: comments, script, style
[36m&lt;html&gt;[39m
  [36m&lt;head /&gt;[39m
  [36m&lt;body&gt;[39m
    [36m&lt;div /&gt;[39m
  [36m&lt;/body&gt;[39m
[36m&lt;/html&gt;[39m" type="AssertionError">
AssertionError: expected undefined to be false // Object.is equality

Ignored nodes: comments, script, style
&lt;html&gt;
  &lt;head /&gt;
  &lt;body&gt;
    &lt;div /&gt;
  &lt;/body&gt;
&lt;/html&gt;

- Expected: 
false

+ Received: 
undefined

 ❯ src/ui/hooks/useSynapticMemory.test.ts:314:40
 ❯ runWithExpensiveErrorDiagnosticsDisabled node_modules/@testing-library/dom/dist/config.js:47:12
 ❯ checkCallback node_modules/@testing-library/dom/dist/wait-for.js:124:77
 ❯ Timeout.checkRealTimersCallback node_modules/@testing-library/dom/dist/wait-for.js:118:16
            </failure>
        </testcase>
    </testsuite>
</testsuites>
