<?xml version="1.0" encoding="UTF-8" ?>
<testsuites name="vitest tests" tests="7" failures="0" errors="0" time="0.017590167">
    <testsuite name="src/ui/hooks/usePhraseCycler.test.ts" timestamp="2025-08-12T07:41:59.703Z" hostname="63accec1df8b" tests="7" failures="0" errors="0" skipped="0" time="0.017590167">
        <testcase classname="src/ui/hooks/usePhraseCycler.test.ts" name="usePhraseCycler &gt; should initialize with the first witty phrase when not active and not waiting" time="0.008945792">
        </testcase>
        <testcase classname="src/ui/hooks/usePhraseCycler.test.ts" name="usePhraseCycler &gt; should show &quot;Waiting for user confirmation...&quot; when isWaiting is true" time="0.001542167">
        </testcase>
        <testcase classname="src/ui/hooks/usePhraseCycler.test.ts" name="usePhraseCycler &gt; should not cycle phrases if isActive is false and not waiting" time="0.000846917">
        </testcase>
        <testcase classname="src/ui/hooks/usePhraseCycler.test.ts" name="usePhraseCycler &gt; should cycle through witty phrases when isActive is true and not waiting" time="0.001307667">
        </testcase>
        <testcase classname="src/ui/hooks/usePhraseCycler.test.ts" name="usePhraseCycler &gt; should reset to a witty phrase when isActive becomes true after being false (and not waiting)" time="0.002155333">
        </testcase>
        <testcase classname="src/ui/hooks/usePhraseCycler.test.ts" name="usePhraseCycler &gt; should clear phrase interval on unmount when active" time="0.000729625">
        </testcase>
        <testcase classname="src/ui/hooks/usePhraseCycler.test.ts" name="usePhraseCycler &gt; should reset to a witty phrase when transitioning from waiting to active" time="0.001074792">
        </testcase>
    </testsuite>
</testsuites>
